Log file open, 11/22/18 10:49:06
LogWindows: Failed to load 'aqProf.dll' (GetLastError=126)
LogWindows: File 'aqProf.dll' does not exist
LogWindows: Failed to load 'VSPerf140.dll' (GetLastError=126)
LogWindows: File 'VSPerf140.dll' does not exist
LogWindows: Failed to load 'VtuneApi.dll' (GetLastError=126)
LogWindows: File 'VtuneApi.dll' does not exist
LogWindows: Failed to load 'VtuneApi32e.dll' (GetLastError=126)
LogWindows: File 'VtuneApi32e.dll' does not exist
LogInit: Display: Running engine for game: FightingGame
LogPlatformFile: Not using cached read wrapper
LogTaskGraph: Started task graph with 5 named threads and 23 total threads with 3 sets of task threads.
LogStats: Stats thread started at 0.394659
LogD3D11RHI: Loaded GFSDK_Aftermath_Lib.x64.dll
LogICUInternationalization: Display: ICU TimeZone Detection - Raw Offset: +0:00, Platform Override: ''
LogPluginManager: Mounting plugin Paper2D
LogPluginManager: Mounting plugin AISupport
LogPluginManager: Mounting plugin LightPropagationVolume
LogPluginManager: Mounting plugin CLionSourceCodeAccess
LogPluginManager: Mounting plugin CodeLiteSourceCodeAccess
LogPluginManager: Mounting plugin GitSourceControl
LogPluginManager: Mounting plugin KDevelopSourceCodeAccess
LogPluginManager: Mounting plugin NullSourceCodeAccess
LogPluginManager: Mounting plugin PerforceSourceControl
LogPluginManager: Mounting plugin SubversionSourceControl
LogPluginManager: Mounting plugin UObjectPlugin
LogPluginManager: Mounting plugin VisualStudioCodeSourceCodeAccess
LogPluginManager: Mounting plugin VisualStudioSourceCodeAccess
LogPluginManager: Mounting plugin XCodeSourceCodeAccess
LogPluginManager: Mounting plugin AssetManagerEditor
LogPluginManager: Mounting plugin CryptoKeys
LogPluginManager: Mounting plugin DataValidation
LogPluginManager: Mounting plugin FacialAnimation
LogPluginManager: Mounting plugin GameplayTagsEditor
LogPluginManager: Mounting plugin MacGraphicsSwitching
LogPluginManager: Mounting plugin MeshEditor
LogPluginManager: Mounting plugin MobileLauncherProfileWizard
LogPluginManager: Mounting plugin PluginBrowser
LogPluginManager: Mounting plugin SpeedTreeImporter
LogPluginManager: Mounting plugin DatasmithContent
LogPluginManager: Mounting plugin AlembicImporter
LogPluginManager: Mounting plugin AppleImageUtils
LogPluginManager: Mounting plugin AppleVision
LogPluginManager: Mounting plugin BackChannel
LogPluginManager: Mounting plugin CharacterAI
LogPluginManager: Mounting plugin GeometryCache
LogPluginManager: Mounting plugin HTML5Networking
LogPluginManager: Mounting plugin ProxyLODPlugin
LogPluginManager: Mounting plugin MagicLeap
LogPluginManager: Mounting plugin MagicLeapEmulator
LogPluginManager: Mounting plugin MagicLeapMedia
LogPluginManager: Mounting plugin AndroidMedia
LogPluginManager: Mounting plugin AvfMedia
LogPluginManager: Mounting plugin ImgMedia
LogPluginManager: Mounting plugin LinearTimecode
LogPluginManager: Mounting plugin MediaCompositing
LogPluginManager: Mounting plugin MediaPlayerEditor
LogPluginManager: Mounting plugin WmfMedia
LogPluginManager: Mounting plugin TcpMessaging
LogPluginManager: Mounting plugin UdpMessaging
LogPluginManager: Mounting plugin ActorSequence
LogPluginManager: Mounting plugin LevelSequenceEditor
LogPluginManager: Mounting plugin MatineeToLevelSequence
LogPluginManager: Mounting plugin NetcodeUnitTest
LogPluginManager: Mounting plugin NUTUnrealEngine4
LogPluginManager: Mounting plugin OnlineSubsystemGooglePlay
LogPluginManager: Mounting plugin OnlineSubsystemIOS
LogPluginManager: Mounting plugin OnlineSubsystem
LogPluginManager: Mounting plugin OnlineSubsystemNull
LogPluginManager: Mounting plugin OnlineSubsystemUtils
LogPluginManager: Mounting plugin LauncherChunkInstaller
LogPluginManager: Mounting plugin AndroidDeviceProfileSelector
LogPluginManager: Mounting plugin AndroidMoviePlayer
LogPluginManager: Mounting plugin AndroidPermission
LogPluginManager: Mounting plugin AppleMoviePlayer
LogPluginManager: Mounting plugin ArchVisCharacter
LogPluginManager: Mounting plugin AudioCapture
LogPluginManager: Mounting plugin CableComponent
LogPluginManager: Mounting plugin CustomMeshComponent
LogPluginManager: Mounting plugin EditableMesh
LogPluginManager: Mounting plugin ExampleDeviceProfileSelector
LogPluginManager: Mounting plugin GoogleCloudMessaging
LogPluginManager: Mounting plugin ImmediatePhysics
LogPluginManager: Mounting plugin IOSDeviceProfileSelector
LogPluginManager: Mounting plugin LinuxDeviceProfileSelector
LogPluginManager: Mounting plugin LocationServicesBPLibrary
LogPluginManager: Mounting plugin MobilePatchingUtils
LogPluginManager: Mounting plugin OculusVR
LogPluginManager: Plugin shader directory ../../../Engine/Plugins/Runtime/Oculus/OculusVR/Shaders found
LogPluginManager: Mapping shader source directory ../../../Engine/Plugins/Runtime/Oculus/OculusVR/Shaders to virtual directory /Plugin/OculusVR
LogPluginManager: Mounting plugin PhysXVehicles
LogPluginManager: Mounting plugin ProceduralMeshComponent
LogPluginManager: Mounting plugin RuntimePhysXCooking
LogPluginManager: Mounting plugin SteamVR
LogPluginManager: Mounting plugin WindowsMoviePlayer
LogStreaming: Display: Took  0.193s to configure plugins.
LogInit: Using libcurl 7.55.1-DEV
LogInit:  - built for x86_64-pc-win32
LogInit:  - supports SSL with OpenSSL/1.0.2h
LogInit:  - supports HTTP deflate (compression) using libz 1.2.8
LogInit:  - other features:
LogInit:      CURL_VERSION_SSL
LogInit:      CURL_VERSION_LIBZ
LogInit:      CURL_VERSION_IPV6
LogInit:      CURL_VERSION_ASYNCHDNS
LogInit:      CURL_VERSION_LARGEFILE
LogInit:      CURL_VERSION_IDN
LogInit:  CurlRequestOptions (configurable via config and command line):
LogInit:  - bVerifyPeer = false  - Libcurl will NOT verify peer certificate
LogInit:  - bUseHttpProxy = false  - Libcurl will NOT use HTTP proxy
LogInit:  - bDontReuseConnections = false  - Libcurl will reuse connections
LogInit:  - CertBundlePath = nullptr  - Libcurl will use whatever was configured at build time.
LogInit:  - MaxHostConnections = 16  - Libcurl will limit the number of connections to a host
LogInit:  - LocalHostAddr = Default
LogInit:  - BufferSize = 65536
LogInit: WinSock: version 1.1 (2.2), MaxSocks=32767, MaxUdp=65467
LogInit: Build: ++UE4+Release-4.20-CL-4369336
LogInit: Engine Version: 4.20.3-4369336+++UE4+Release-4.20
LogInit: Compatible Engine Version: 4.20.0-4212847+++UE4+Release-4.20
LogInit: Net CL: 4212847
LogInit: OS: Windows 10 (), CPU: Intel(R) Xeon(R) W-2123 CPU @ 3.60GHz, GPU: NVIDIA GeForce GTX 1070
LogInit: Compiled (64-bit): Sep 17 2018 12:26:19
LogInit: Compiled with Visual C++: 19.13.26129.00
LogInit: Build Configuration: Development
LogInit: Branch Name: ++UE4+Release-4.20
LogInit: Command Line:  -skipcompile
LogInit: Base Directory: C:/Epic/UE4/UE_4.20/Engine/Binaries/Win64/
LogInit: Installed Engine Build: 1
LogDevObjectVersion: Number of dev versions registered: 20
LogDevObjectVersion:   Dev-Blueprints (B0D832E4-1F89-4F0D-ACCF-7EB736FD4AA2): 10
LogDevObjectVersion:   Dev-Build (E1C64328-A22C-4D53-A36C-8E866417BD8C): 0
LogDevObjectVersion:   Dev-Core (375EC13C-06E4-48FB-B500-84F0262A717E): 2
LogDevObjectVersion:   Dev-Editor (E4B068ED-F494-42E9-A231-DA0B2E46BB41): 24
LogDevObjectVersion:   Dev-Framework (CFFC743F-43B0-4480-9391-14DF171D2073): 34
LogDevObjectVersion:   Dev-Mobile (B02B49B5-BB20-44E9-A304-32B752E40360): 2
LogDevObjectVersion:   Dev-Networking (A4E4105C-59A1-49B5-A7C5-40C4547EDFEE): 0
LogDevObjectVersion:   Dev-Online (39C831C9-5AE6-47DC-9A44-9C173E1C8E7C): 0
LogDevObjectVersion:   Dev-Physics (78F01B33-EBEA-4F98-B9B4-84EACCB95AA2): 0
LogDevObjectVersion:   Dev-Platform (6631380F-2D4D-43E0-8009-CF276956A95A): 0
LogDevObjectVersion:   Dev-Rendering (12F88B9F-8875-4AFC-A67C-D90C383ABD29): 26
LogDevObjectVersion:   Dev-Sequencer (7B5AE74C-D270-4C10-A958-57980B212A5A): 9
LogDevObjectVersion:   Dev-VR (D7296918-1DD6-4BDD-9DE2-64A83CC13884): 2
LogDevObjectVersion:   Dev-LoadTimes (C2A15278-BFE7-4AFE-6C17-90FF531DF755): 1
LogDevObjectVersion:   Private-Geometry (6EACA3D4-40EC-4CC1-B786-8BED09428FC5): 3
LogDevObjectVersion:   Dev-AnimPhys (29E575DD-E0A3-4627-9D10-D276232CDCEA): 17
LogDevObjectVersion:   Dev-ReflectionCapture (6B266CEC-1EC7-4B8F-A30B-E4D90942FC07): 1
LogDevObjectVersion:   Dev-Automation (0DF73D61-A23F-47EA-B727-89E90C41499A): 1
LogDevObjectVersion:   FortniteMain (601D1886-AC64-4F84-AA16-D3DE0DEAC7D6): 12
LogDevObjectVersion:   Dev-Enterprise (9DFFBCD6-494F-0158-E221-12823C92A888): 1
LogStreaming: Display: Took  0.007s to delete old logs.
LogInit: Presizing for max 8388607 objects, including 0 objects not considered by GC, pre-allocating 0 bytes for permanent pool.
LogInit: Object subsystem initialized
[2018.11.22-10.49.07:112][  0]LogInit: Selected Device Profile: [Windows]
[2018.11.22-10.49.07:112][  0]LogInit: Applying CVar settings loaded from the selected device profile: [Windows]
[2018.11.22-10.49.07:138][  0]LogHAL: Display: Platform has ~ 32 GB [34065870848 / 34359738368 / 32], which maps to Largest [LargestMinGB=32, LargerMinGB=12, DefaultMinGB=8, SmallerMinGB=6, SmallestMinGB=0)
[2018.11.22-10.49.07:138][  0]LogInit: Setting Device Profile CVar: [[r.Vulkan.UseRealUBs:1]]
[2018.11.22-10.49.07:138][  0]LogInit: Going up to parent DeviceProfile []
[2018.11.22-10.49.07:138][  0]LogInit: Computer: C117B-06
[2018.11.22-10.49.07:139][  0]LogInit: User: c016193g
[2018.11.22-10.49.07:139][  0]LogInit: CPU Page size=4096, Cores=4
[2018.11.22-10.49.07:139][  0]LogInit: High frequency timer resolution =3.515631 MHz
[2018.11.22-10.49.07:139][  0]LogMemory: Memory total: Physical=31.7GB (32GB approx)
[2018.11.22-10.49.07:139][  0]LogMemory: Platform Memory Stats for Windows
[2018.11.22-10.49.07:139][  0]LogMemory: Process Physical Memory: 100.91 MB used, 100.91 MB peak
[2018.11.22-10.49.07:139][  0]LogMemory: Process Virtual Memory: 91.11 MB used, 91.11 MB peak
[2018.11.22-10.49.07:139][  0]LogMemory: Physical Memory: 8114.36 MB used,  24373.39 MB free, 32487.75 MB total
[2018.11.22-10.49.07:139][  0]LogMemory: Virtual Memory: 4640.09 MB used,  24373.39 MB free, 134217728.00 MB total
[2018.11.22-10.49.07:245][  0]LogInit: Using OS detected language (en-US).
[2018.11.22-10.49.07:245][  0]LogInit: Using OS detected locale (en-GB).
[2018.11.22-10.49.07:246][  0]LogTextLocalizationManager: No specific localization for 'en-US' exists, so the 'en' localization will be used.
[2018.11.22-10.49.07:662][  0]LogStreaming: Display: Took  0.418s to InitEngineTextLocalization.
[2018.11.22-10.49.07:663][  0]LogInit: Setting process to per monitor DPI aware
[2018.11.22-10.49.07:719][  0]LogSlate: New Slate User Created.  User Index 0, Is Virtual User: 0
[2018.11.22-10.49.07:719][  0]LogSlate: Slate User Registered.  User Index 0, Is Virtual User: 0
[2018.11.22-10.49.07:966][  0]LogHMD: Failed to initialize OpenVR with code 110
[2018.11.22-10.49.07:966][  0]LogD3D11RHI: D3D11 adapters:
[2018.11.22-10.49.08:048][  0]LogD3D11RHI:    0. 'NVIDIA GeForce GTX 1070' (Feature Level 11_0)
[2018.11.22-10.49.08:048][  0]LogD3D11RHI:       8088/0/16243 MB DedicatedVideo/DedicatedSystem/SharedSystem, Outputs:2, VendorId:0x10de
[2018.11.22-10.49.08:054][  0]LogD3D11RHI:    1. 'Microsoft Basic Render Driver' (Feature Level 11_0)
[2018.11.22-10.49.08:054][  0]LogD3D11RHI:       0/0/16243 MB DedicatedVideo/DedicatedSystem/SharedSystem, Outputs:0, VendorId:0x1414
[2018.11.22-10.49.08:054][  0]LogD3D11RHI: Chosen D3D11 Adapter: 0
[2018.11.22-10.49.08:061][  0]LogD3D11RHI: Creating new Direct3DDevice
[2018.11.22-10.49.08:061][  0]LogD3D11RHI:     GPU DeviceId: 0x1b81 (for the marketing name, search the web for "GPU Device Id")
[2018.11.22-10.49.08:061][  0]LogWindows: EnumDisplayDevices:
[2018.11.22-10.49.08:061][  0]LogWindows:    0. 'NVIDIA GeForce GTX 1070' (P:0 D:1)
[2018.11.22-10.49.08:061][  0]LogWindows:    1. 'NVIDIA GeForce GTX 1070' (P:1 D:1)
[2018.11.22-10.49.08:062][  0]LogWindows:    2. 'NVIDIA GeForce GTX 1070' (P:0 D:0)
[2018.11.22-10.49.08:062][  0]LogWindows:    3. 'NVIDIA GeForce GTX 1070' (P:0 D:0)
[2018.11.22-10.49.08:062][  0]LogWindows: DebugString: FoundDriverCount:4 
[2018.11.22-10.49.08:062][  0]LogD3D11RHI:     Adapter Name: NVIDIA GeForce GTX 1070
[2018.11.22-10.49.08:062][  0]LogD3D11RHI:   Driver Version: 399.24 (internal:24.21.13.9924, unified:399.24)
[2018.11.22-10.49.08:062][  0]LogD3D11RHI:      Driver Date: 9-5-2018
[2018.11.22-10.49.08:062][  0]LogRHI: Texture pool is 5661 MB (70% of 8088 MB)
[2018.11.22-10.49.08:101][  0]LogD3D11RHI: Async texture creation enabled
[2018.11.22-10.49.08:117][  0]LogD3D11RHI: GPU Timing Frequency: 1000.000000 (Debug: 2 2)
[2018.11.22-10.49.08:119][  0]LogShaderCompilers: Guid format shader working directory is -26 characters bigger than the processId version (../../../../../../Users/c016193g/Documents/Github/FightingGame/FightingGame/Intermediate/Shaders/WorkingDirectory/7924/).
[2018.11.22-10.49.08:119][  0]LogShaderCompilers: Cleaned the shader compiler working directory 'C:/Users/c016193g/AppData/Local/Temp/UnrealShaderWorkingDir/B655CDDC43A967DB0D6E6EBAF420D21C/'.
[2018.11.22-10.49.08:401][  0]LogTemp: Display: Loaded TP AllDesktopTargetPlatform
[2018.11.22-10.49.08:416][  0]LogTemp: Display: Loaded TP MacClientTargetPlatform
[2018.11.22-10.49.08:432][  0]LogTemp: Display: Loaded TP MacNoEditorTargetPlatform
[2018.11.22-10.49.08:447][  0]LogTemp: Display: Loaded TP MacServerTargetPlatform
[2018.11.22-10.49.08:462][  0]LogTemp: Display: Loaded TP MacTargetPlatform
[2018.11.22-10.49.08:478][  0]LogTemp: Display: Loaded TP WindowsClientTargetPlatform
[2018.11.22-10.49.08:493][  0]LogTemp: Display: Loaded TP WindowsNoEditorTargetPlatform
[2018.11.22-10.49.08:508][  0]LogTemp: Display: Loaded TP WindowsServerTargetPlatform
[2018.11.22-10.49.08:517][  0]LogTemp: Display: Loaded TP WindowsTargetPlatform
[2018.11.22-10.49.08:595][  0]LogTemp: Display: Loaded TP AndroidTargetPlatform
[2018.11.22-10.49.08:595][  0]LogTemp: Display: Loaded TP AndroidTargetPlatform
[2018.11.22-10.49.08:595][  0]LogTemp: Display: Loaded TP AndroidTargetPlatform
[2018.11.22-10.49.08:596][  0]LogTemp: Display: Loaded TP AndroidTargetPlatform
[2018.11.22-10.49.08:596][  0]LogTemp: Display: Loaded TP AndroidTargetPlatform
[2018.11.22-10.49.08:596][  0]LogTemp: Display: Loaded TP AndroidTargetPlatform
[2018.11.22-10.49.08:596][  0]LogTemp: Display: Loaded TP AndroidTargetPlatform
[2018.11.22-10.49.08:596][  0]LogTemp: Display: Loaded TP AndroidTargetPlatform
[2018.11.22-10.49.08:596][  0]LogTemp: Display: Loaded TP AndroidTargetPlatform
[2018.11.22-10.49.08:596][  0]LogTemp: Display: Loaded TP AndroidTargetPlatform
[2018.11.22-10.49.08:596][  0]LogTemp: Display: Loaded TP AndroidTargetPlatform
[2018.11.22-10.49.08:597][  0]LogTemp: Display: Loaded TP AndroidTargetPlatform
[2018.11.22-10.49.08:597][  0]LogTemp: Display: Loaded TP AndroidTargetPlatform
[2018.11.22-10.49.08:597][  0]LogTemp: Display: Loaded TP AndroidTargetPlatform
[2018.11.22-10.49.08:597][  0]LogTemp: Display: Loaded TP AndroidTargetPlatform
[2018.11.22-10.49.08:597][  0]LogTemp: Display: Loaded TP AndroidTargetPlatform
[2018.11.22-10.49.08:597][  0]LogTemp: Display: Loaded TP AndroidTargetPlatform
[2018.11.22-10.49.08:597][  0]LogTemp: Display: Loaded TP AndroidTargetPlatform
[2018.11.22-10.49.08:603][  0]LogTemp: Display: Loaded TP HTML5TargetPlatform
[2018.11.22-10.49.08:698][  0]LogTemp: Display: Loaded TP IOSTargetPlatform
[2018.11.22-10.49.08:698][  0]LogTemp: Display: Loaded TP IOSTargetPlatform
[2018.11.22-10.49.08:744][  0]LogTemp: Display: Loaded TP TVOSTargetPlatform
[2018.11.22-10.49.08:744][  0]LogTemp: Display: Loaded TP TVOSTargetPlatform
[2018.11.22-10.49.08:779][  0]LogTemp: Display: Loaded TP LinuxClientTargetPlatform
[2018.11.22-10.49.08:810][  0]LogTemp: Display: Loaded TP LinuxNoEditorTargetPlatform
[2018.11.22-10.49.08:832][  0]LogTemp: Display: Loaded TP LinuxServerTargetPlatform
[2018.11.22-10.49.08:863][  0]LogTemp: Display: Loaded TP LinuxTargetPlatform
[2018.11.22-10.49.08:887][  0]LogTemp: Display: Loaded TP LuminTargetPlatform
[2018.11.22-10.49.08:887][  0]LogTargetPlatformManager: Display: Building Assets For Windows
[2018.11.22-10.49.09:027][  0]LogXGEController: Cleaning working directory: C:/Users/c016193g/AppData/Local/Temp/UnrealXGEWorkingDir/
[2018.11.22-10.49.09:027][  0]LogXGEController: Cannot use XGE Controller as Incredibuild is not installed on this machine.
[2018.11.22-10.49.09:028][  0]LogShaderCompilers: Cannot use XGE Shader Compiler as Incredibuild is not installed on this machine.
[2018.11.22-10.49.09:028][  0]LogShaderCompilers: Display: Using Local Shader Compiler.
[2018.11.22-10.49.09:825][  0]LogDerivedDataCache: Display: Max Cache Size: 512 MB
[2018.11.22-10.49.09:878][  0]LogDerivedDataCache: Loaded boot cache 0.05s 71MB C:/Users/c016193g/AppData/Local/UnrealEngine/4.20/DerivedDataCache/Boot.ddc.
[2018.11.22-10.49.09:879][  0]LogDerivedDataCache: Display: Loaded Boot cache: C:/Users/c016193g/AppData/Local/UnrealEngine/4.20/DerivedDataCache/Boot.ddc
[2018.11.22-10.49.09:880][  0]LogDerivedDataCache: FDerivedDataBackendGraph:  Pak pak cache file ../../../../../../Users/c016193g/Documents/Github/FightingGame/FightingGame/DerivedDataCache/DDC.ddp not found, will not use a pak cache.
[2018.11.22-10.49.09:880][  0]LogDerivedDataCache: Unable to find inner node Pak for hierarchical cache Hierarchy.
[2018.11.22-10.49.09:880][  0]LogDerivedDataCache: FDerivedDataBackendGraph:  CompressedPak pak cache file ../../../../../../Users/c016193g/Documents/Github/FightingGame/FightingGame/DerivedDataCache/Compressed.ddp not found, will not use a pak cache.
[2018.11.22-10.49.09:880][  0]LogDerivedDataCache: Unable to find inner node CompressedPak for hierarchical cache Hierarchy.
[2018.11.22-10.49.09:897][  0]LogDerivedDataCache: Display: Pak cache opened for reading ../../../Engine/DerivedDataCache/Compressed.ddp.
[2018.11.22-10.49.09:912][  0]LogDerivedDataCache: Using Local data cache path C:/Users/c016193g/AppData/Local/UnrealEngine/Common/DerivedDataCache: Writable
[2018.11.22-10.49.09:912][  0]LogDerivedDataCache: Shared data cache path not found in *engine.ini, will not use an Shared cache.
[2018.11.22-10.49.09:912][  0]LogDerivedDataCache: Unable to find inner node Shared for hierarchical cache Hierarchy.
[2018.11.22-10.49.09:947][  0]LogMaterial: Verifying Global Shaders for PCD3D_SM5
[2018.11.22-10.49.09:948][  0]LogSlate: Using FreeType 2.6.0
[2018.11.22-10.49.09:950][  0]LogSlate: SlateFontServices - WITH_FREETYPE: 1, WITH_HARFBUZZ: 1
[2018.11.22-10.49.10:059][  0]LogAssetRegistry: FAssetRegistry took 0.0373 seconds to start up
[2018.11.22-10.49.10:413][  0]LogInit: Selected Device Profile: [Windows]
[2018.11.22-10.49.10:503][  0]LogSimplygon: Simplygon DLL not present - disabling.
[2018.11.22-10.49.10:512][  0]LogMeshReduction: Using SimplygonSwarm for distributed automatic mesh merging
[2018.11.22-10.49.10:512][  0]LogMeshReduction: Using ProxyLODMeshReduction for automatic mesh merging
[2018.11.22-10.49.10:512][  0]LogMeshReduction: Using QuadricMeshReduction for automatic static mesh reduction
[2018.11.22-10.49.10:512][  0]LogMeshReduction: No automatic skeletal mesh reduction module available
[2018.11.22-10.49.10:613][  0]LogNetVersion: FightingGame 1.0.0, NetCL: 4212847, EngineNetVer: 5, GameNetVer: 0 (Checksum: 156865789)
[2018.11.22-10.49.11:236][  0]LogPackageLocalizationCache: Processed 11 localized package path(s) for 2 prioritized culture(s) in 0.141385 seconds
[2018.11.22-10.49.11:243][  0]LogUObjectArray: 38425 objects as part of root set at end of initial load.
[2018.11.22-10.49.11:244][  0]LogUObjectAllocator: 6690872 out of 0 bytes used by permanent object pool.
[2018.11.22-10.49.11:244][  0]LogUObjectArray: CloseDisregardForGC: 0/0 objects in disregard for GC pool
[2018.11.22-10.49.12:244][  0]LogTcpMessaging: Initializing TcpMessaging bridge
[2018.11.22-10.49.12:262][  0]LogUdpMessaging: Initializing bridge on interface 0.0.0.0:0 to multicast group 230.0.0.1:6666.
[2018.11.22-10.49.12:482][  0]SourceControl: Source control is disabled
[2018.11.22-10.49.12:482][  0]SourceControl: Source control is disabled
[2018.11.22-10.49.12:487][  0]SourceControl: Source control is disabled
[2018.11.22-10.49.12:491][  0]SourceControl: Source control is disabled
[2018.11.22-10.49.12:806][  0]LogAndroidPermission: UAndroidPermissionCallbackProxy::GetInstance
[2018.11.22-10.49.12:884][  0]LogOcInput: OculusInput pre-init called
[2018.11.22-10.49.12:964][  0]LogEngine: Initializing Engine...
[2018.11.22-10.49.12:965][  0]LogHMD: Failed to initialize OpenVR with code 110
[2018.11.22-10.49.12:966][  0]LogStats: UGameplayTagsManager::ConstructGameplayTagTree: ImportINI prefixes -  0.000 s
[2018.11.22-10.49.12:966][  0]LogStats: UGameplayTagsManager::ConstructGameplayTagTree: Construct from data asset -  0.000 s
[2018.11.22-10.49.12:967][  0]LogStats: UGameplayTagsManager::ConstructGameplayTagTree: ImportINI -  0.001 s
[2018.11.22-10.49.12:967][  0]LogStats: UGameplayTagsManager::ConstructGameplayTagTree: GameplayTagTreeChangedEvent.Broadcast -  0.000 s
[2018.11.22-10.49.13:218][  0]LogInit: Initializing FReadOnlyCVARCache
[2018.11.22-10.49.13:236][  0]LogAIModule: Creating AISystem for world Untitled
[2018.11.22-10.49.13:257][  0]LogInit: XAudio2 using 'Speakers (High Definition Audio Device)' : 2 channels at 48 kHz using 16 bits per sample (channel mask 0x3)
[2018.11.22-10.49.13:294][  0]LogInit: FAudioDevice initialized.
[2018.11.22-10.49.13:294][  0]LogNetVersion: Set ProjectVersion to 1.0.0.0. Version Checksum will be recalculated on next use.
[2018.11.22-10.49.13:348][  0]LogDerivedDataCache: Saved boot cache 0.05s 71MB C:/Users/c016193g/AppData/Local/UnrealEngine/4.20/DerivedDataCache/Boot.ddc.
[2018.11.22-10.49.13:366][  0]LogInit: Texture streaming: Enabled
[2018.11.22-10.49.13:397][  0]LogEngineSessionManager: EngineSessionManager initialized
[2018.11.22-10.49.13:397][  0]LogEngineSessionManager: EngineSessionManager sent abnormal shutdown report. Type=Debugger, SessionId={5559DBB7-4E9E-A54D-F2BB-CE98B3388BF6}
[2018.11.22-10.49.13:410][  0]LogInit: Transaction tracking system initialized
[2018.11.22-10.49.13:450][  0]BlueprintLog: New page: Editor Load
[2018.11.22-10.49.13:597][  0]LocalizationService: Localization service is disabled
[2018.11.22-10.49.13:898][  0]LogCook: Display: Max memory allowance for cook 16384mb min free memory 0mb
[2018.11.22-10.49.13:898][  0]LogCook: Display: Mobile HDR setting 1
[2018.11.22-10.49.13:898][  0]LogGameplayTags: Display: UGameplayTagsManager::DoneAddingNativeTags. DelegateIsBound: 0
[2018.11.22-10.49.13:898][  0]LogStats: UGameplayTagsManager::ConstructGameplayTagTree: ImportINI prefixes -  0.000 s
[2018.11.22-10.49.13:898][  0]LogStats: UGameplayTagsManager::ConstructGameplayTagTree: Construct from data asset -  0.000 s
[2018.11.22-10.49.13:899][  0]LogStats: UGameplayTagsManager::ConstructGameplayTagTree: ImportINI -  0.000 s
[2018.11.22-10.49.13:899][  0]LogStats: UGameplayTagsManager::ConstructGameplayTagTree: GameplayTagTreeChangedEvent.Broadcast -  0.000 s
[2018.11.22-10.49.13:912][  0]LogFileCache: Scanning file cache for directory 'C:/Users/c016193g/Documents/Github/FightingGame/FightingGame/Content/' took 0.02s
[2018.11.22-10.49.14:115][  0]SourceControl: Source control is disabled
[2018.11.22-10.49.14:116][  0]Cmd: MAP LOAD FILE="../../../../../../Users/c016193g/Documents/Github/FightingGame/FightingGame/Content/StarterContent/Maps/Minimal_Default.umap" TEMPLATE=0 SHOWPROGRESS=1 FEATURELEVEL=3
[2018.11.22-10.49.14:116][  0]LightingResults: New page: Lighting Build
[2018.11.22-10.49.14:120][  0]MapCheck: New page: Map Check
[2018.11.22-10.49.14:120][  0]LightingResults: New page: Lighting Build
[2018.11.22-10.49.14:427][  0]LogAIModule: Creating AISystem for world Minimal_Default
[2018.11.22-10.49.14:437][  0]LogEditorServer: Finished looking for orphan Actors (0.000 secs)
[2018.11.22-10.49.14:471][  0]Cmd: MAP CHECKDEP NOCLEARLOG
[2018.11.22-10.49.14:582][  0]MapCheck: Map check complete: 0 Error(s), 0 Warning(s), took 111.871ms to complete.
[2018.11.22-10.49.14:583][  0]LogFileHelpers: Loading map 'Minimal_Default' took 0.468
[2018.11.22-10.49.14:742][  0]LogSlate: Updating window title bar state: overlay mode, drag disabled, window buttons hidden, title bar hidden
[2018.11.22-10.49.14:750][  0]LogSlate: Updating window title bar state: overlay mode, drag disabled, window buttons hidden, title bar hidden
[2018.11.22-10.49.14:758][  0]LogSlate: Updating window title bar state: overlay mode, drag disabled, window buttons hidden, title bar hidden
[2018.11.22-10.49.14:765][  0]LogSlate: Updating window title bar state: overlay mode, drag disabled, window buttons hidden, title bar hidden
[2018.11.22-10.49.14:775][  0]LogCollectionManager: Loaded 0 collections in 0.002405 seconds
[2018.11.22-10.49.14:828][  0]LogFileCache: Scanning file cache for directory 'C:/Users/c016193g/Documents/Github/FightingGame/FightingGame/Saved/Collections/' took 0.01s
[2018.11.22-10.49.14:828][  0]LogFileCache: Scanning file cache for directory 'C:/Users/c016193g/Documents/Github/FightingGame/FightingGame/Content/Developers/c016193g/Collections/' took 0.01s
[2018.11.22-10.49.14:828][  0]LogFileCache: Scanning file cache for directory 'C:/Users/c016193g/Documents/Github/FightingGame/FightingGame/Content/Collections/' took 0.01s
[2018.11.22-10.49.14:829][  0]LogCollectionManager: Rebuilt the GUID cache for 0 collections in 0.000001 seconds
[2018.11.22-10.49.14:850][  0]LogContentBrowser: Native class hierarchy populated in 0.0213 seconds. Added 2575 classes and 605 folders.
[2018.11.22-10.49.14:865][  0]LogContentBrowser: Native class hierarchy updated for 'WidgetCarousel' in 0.0006 seconds. Added 0 classes and 0 folders.
[2018.11.22-10.49.14:935][  0]LogContentBrowser: Native class hierarchy updated for 'AddContentDialog' in 0.0004 seconds. Added 0 classes and 0 folders.
[2018.11.22-10.49.14:948][  0]LogContentBrowser: Native class hierarchy updated for 'SceneOutliner' in 0.0010 seconds. Added 1 classes and 2 folders.
[2018.11.22-10.49.14:971][  0]LogSlate: Took 0.000249 seconds to synchronously load lazily loaded font '../../../Engine/Content/Slate/Fonts/Roboto-Regular.ttf' (155K)
[2018.11.22-10.49.14:974][  0]LogSlate: Took 0.000221 seconds to synchronously load lazily loaded font '../../../Engine/Content/Slate/Fonts/Roboto-Bold.ttf' (160K)
[2018.11.22-10.49.14:981][  0]LogSlate: Took 0.000295 seconds to synchronously load lazily loaded font '../../../Engine/Content/Editor/Slate/Fonts/FontAwesome.ttf' (139K)
[2018.11.22-10.49.15:054][  0]LogRenderer: Reallocating scene render targets to support 1208x576 Format 10 NumSamples 1 (Frame:1).
[2018.11.22-10.49.15:200][  0]LogContentBrowser: Native class hierarchy updated for 'HierarchicalLODOutliner' in 0.0005 seconds. Added 0 classes and 0 folders.
[2018.11.22-10.49.15:200][  0]LogLoad: (Engine Initialization) Total time: 10.45 seconds
[2018.11.22-10.49.15:200][  0]LogLoad: (Engine Initialization) Total Blueprint compile time: 0.00 seconds
[2018.11.22-10.49.15:214][  0]LogWindowsTextInputMethodSystem: Display: IME system now deactivated.
[2018.11.22-10.49.15:234][  0]LogAssetRegistry: Asset discovery search completed in 5.2016 seconds
[2018.11.22-10.49.15:236][  0]LogCollectionManager: Rebuilt the object cache for 0 collections in 0.000000 seconds (found 0 objects)
[2018.11.22-10.49.15:236][  0]LogCollectionManager: Fixed up redirectors for 0 collections in 0.000137 seconds (updated 0 objects)
[2018.11.22-10.49.15:238][  0]LogContentStreaming: Texture pool size now 1000 MB
[2018.11.22-10.49.15:348][  0]LogSlate: Took 0.000230 seconds to synchronously load lazily loaded font '../../../Engine/Content/Slate/Fonts/Roboto-Light.ttf' (167K)
[2018.11.22-10.49.17:081][188]LogSlate: FSceneViewport::OnFocusLost() reason 0
[2018.11.22-10.49.17:156][197]LogTemp: Repeating last play command: Selected Viewport
[2018.11.22-10.49.17:172][197]LogBlueprintUserMessages: Early PlayInEditor Detection: Level '/Game/StarterContent/Maps/Minimal_Default.Minimal_Default:PersistentLevel' has LevelScriptBlueprint '/Game/StarterContent/Maps/Minimal_Default.Minimal_Default:PersistentLevel.Minimal_Default' with GeneratedClass '/Game/StarterContent/Maps/Minimal_Default.Minimal_Default_C' with ClassGeneratedBy '/Game/StarterContent/Maps/Minimal_Default.Minimal_Default:PersistentLevel.Minimal_Default'
[2018.11.22-10.49.17:172][197]LogPlayLevel: PlayLevel: No blueprints needed recompiling
[2018.11.22-10.49.17:190][197]PIE: New page: PIE session: Minimal_Default (22 Nov 2018 10:49:17)
[2018.11.22-10.49.17:190][197]LogPlayLevel: Creating play world package: /Game/StarterContent/Maps/UEDPIE_1_Minimal_Default
[2018.11.22-10.49.17:194][197]LogPlayLevel: PIE: StaticDuplicateObject took: (0.003757s)
[2018.11.22-10.49.17:195][197]LogAIModule: Creating AISystem for world Minimal_Default
[2018.11.22-10.49.17:195][197]LogPlayLevel: PIE: World Init took: (0.001045s)
[2018.11.22-10.49.17:195][197]LogPlayLevel: PIE: Created PIE world by copying editor world from /Game/StarterContent/Maps/Minimal_Default.Minimal_Default to /Game/StarterContent/Maps/UEDPIE_1_Minimal_Default.Minimal_Default (0.005201s)
[2018.11.22-10.49.17:226][197]LogInit: XAudio2 using 'Speakers (High Definition Audio Device)' : 2 channels at 48 kHz using 16 bits per sample (channel mask 0x3)
[2018.11.22-10.49.17:235][197]LogInit: FAudioDevice initialized.
[2018.11.22-10.49.17:332][197]LogLoad: Game class is 'FightingGameMode_C'
[2018.11.22-10.49.17:335][197]LogWorld: Bringing World /Game/StarterContent/Maps/UEDPIE_1_Minimal_Default.Minimal_Default up for play (max tick rate 0) at 2018.11.22-10.49.17
[2018.11.22-10.49.17:336][197]LogWorld: Bringing up level for play took: 0.001491
[2018.11.22-10.49.17:366][197]LogContentBrowser: Native class hierarchy updated for 'MovieSceneCapture' in 0.0010 seconds. Added 10 classes and 0 folders.
[2018.11.22-10.49.17:368][197]LogTemp: Display: ParseSettings for GameNetDriver
[2018.11.22-10.49.17:368][197]LogTemp: Display: ParseSettings for IpNetDriver_0
[2018.11.22-10.49.17:369][197]LogTemp: Display: ParseSettings for GameNetDriver
[2018.11.22-10.49.17:369][197]LogNet: ReplicationDriverClass is null! Not using ReplicationDriver.
[2018.11.22-10.49.17:369][197]LogInit: WinSock: Socket queue 131072 / 131072
[2018.11.22-10.49.17:379][197]LogInit: WinSock: I am c117b-06 (10.6.118.48:0)
[2018.11.22-10.49.17:380][197]PacketHandlerLog: Loaded PacketHandler component: Engine.EngineHandlerComponentFactory (StatelessConnectHandlerComponent)
[2018.11.22-10.49.17:380][197]LogNet: GameNetDriver IpNetDriver_0 IpNetDriver listening on port 17777
[2018.11.22-10.49.17:382][197]PIE: Play in editor start time for /Game/StarterContent/Maps/UEDPIE_1_Minimal_Default 0.342
[2018.11.22-10.49.17:392][197]PIE: New page: PIE session: Minimal_Default (22 Nov 2018 10:49:17)
[2018.11.22-10.49.17:406][197]LogSlate: FSceneViewport::OnFocusLost() reason 2
[2018.11.22-10.49.17:412][197]LogSlate: Updating window title bar state: overlay mode, drag disabled, window buttons hidden, title bar hidden
[2018.11.22-10.49.17:461][197]LogNet: Browse: 127.0.0.1:17777//Game/StarterContent/Maps/Minimal_Default
[2018.11.22-10.49.17:461][197]LogTemp: Display: ParseSettings for GameNetDriver
[2018.11.22-10.49.17:462][197]LogTemp: Display: ParseSettings for IpNetDriver_1
[2018.11.22-10.49.17:462][197]LogTemp: Display: ParseSettings for PendingNetDriver
[2018.11.22-10.49.17:462][197]LogInit: WinSock: Socket queue 32768 / 32768
[2018.11.22-10.49.17:463][197]PacketHandlerLog: Loaded PacketHandler component: Engine.EngineHandlerComponentFactory (StatelessConnectHandlerComponent)
[2018.11.22-10.49.17:463][197]LogNet: Game client on port 17777, rate 10000
[2018.11.22-10.49.17:467][197]PIE: Play in editor start time for /Game/StarterContent/Maps/Minimal_Default 0.428
[2018.11.22-10.49.17:475][197]LogBlueprintUserMessages: Late PlayInEditor Detection: Level '/Game/StarterContent/Maps/Minimal_Default.Minimal_Default:PersistentLevel' has LevelScriptBlueprint '/Game/StarterContent/Maps/Minimal_Default.Minimal_Default:PersistentLevel.Minimal_Default' with GeneratedClass '/Game/StarterContent/Maps/Minimal_Default.Minimal_Default_C' with ClassGeneratedBy '/Game/StarterContent/Maps/Minimal_Default.Minimal_Default:PersistentLevel.Minimal_Default'
[2018.11.22-10.49.17:475][197]LogNet: NotifyAcceptingConnection accepted from: 127.0.0.1:62242
[2018.11.22-10.49.17:475][197]LogHandshake: SendConnectChallenge. Timestamp: 0.008334, Cookie: 103039076188084219037151233107075088252215199222037133109057
[2018.11.22-10.49.17:480][197]LogHandshake: SendChallengeResponse. Timestamp: 0.008334, Cookie: 103039076188084219037151233107075088252215199222037133109057
[2018.11.22-10.49.17:544][198]LogNet: NotifyAcceptingConnection accepted from: 127.0.0.1:62242
[2018.11.22-10.49.17:544][198]LogHandshake: SendChallengeAck. InCookie: 103039076188084219037151233107075088252215199222037133109057
[2018.11.22-10.49.17:544][198]LogNet: Server accepting post-challenge connection from: 127.0.0.1:62242
[2018.11.22-10.49.17:545][198]PacketHandlerLog: Loaded PacketHandler component: Engine.EngineHandlerComponentFactory (StatelessConnectHandlerComponent)
[2018.11.22-10.49.17:545][198]LogNet: NotifyAcceptedConnection: Name: Minimal_Default, TimeStamp: 11/22/18 10:49:17, [UNetConnection] RemoteAddr: 127.0.0.1:62242, Name: IpConnection_1, Driver: GameNetDriver IpNetDriver_0, IsServer: YES, PC: NULL, Owner: NULL, UniqueId: INVALID
[2018.11.22-10.49.17:546][198]LogNet: AddClientConnection: Added client connection: [UNetConnection] RemoteAddr: 127.0.0.1:62242, Name: IpConnection_1, Driver: GameNetDriver IpNetDriver_0, IsServer: YES, PC: NULL, Owner: NULL, UniqueId: INVALID
[2018.11.22-10.49.17:546][198]LogCharacterMovement: Warning: GetSimulationTimeStep() - Max iterations 8 hit while remaining time 0.057968 > MaxSimulationTimeStep (0.050) for 'TestPlayer_C_0', movement 'Walking'
[2018.11.22-10.49.17:547][198]LogNetVersion: FightingGame 1.0.0.0, NetCL: 4212847, EngineNetVer: 5, GameNetVer: 0 (Checksum: 4124689447)
[2018.11.22-10.49.17:547][198]LogNet: UPendingNetGame::SendInitialJoin: Sending hello. [UNetConnection] RemoteAddr: 127.0.0.1:17777, Name: IpConnection_0, Driver: PendingNetDriver IpNetDriver_1, IsServer: NO, PC: NULL, Owner: NULL, UniqueId: INVALID
[2018.11.22-10.49.17:563][199]LogNet: NotifyAcceptingChannel Control 0 server World /Game/StarterContent/Maps/UEDPIE_1_Minimal_Default.Minimal_Default: Accepted
[2018.11.22-10.49.17:563][199]LogNet: Remote platform little endian=1
[2018.11.22-10.49.17:563][199]LogNet: This platform little endian=1
[2018.11.22-10.49.17:589][200]LogNet: Login request: /Game/StarterContent/Maps/Minimal_Default?Name=c117b-06-6ECA115F4C294BE780A7C782C5505D6B userId: c117b-06-6ECA115F4C294BE780A7C782C5505D6B
[2018.11.22-10.49.17:590][200]LogNet: Welcomed by server (Level: /Game/StarterContent/Maps/UEDPIE_1_Minimal_Default, Game: /Game/FightingGameMode.FightingGameMode_C)
[2018.11.22-10.49.17:591][200]LogLoad: LoadMap: 127.0.0.1:17777//Game/StarterContent/Maps/UEDPIE_1_Minimal_Default?game=/Game/FightingGameMode.FightingGameMode_C
[2018.11.22-10.49.17:632][200]LogAIModule: Creating AISystem for world Minimal_Default
[2018.11.22-10.49.17:632][200]LogTemp: Display: ParseSettings for GameNetDriver
[2018.11.22-10.49.17:634][200]LogWorld: Bringing World /Game/StarterContent/Maps/UEDPIE_2_Minimal_Default.Minimal_Default up for play (max tick rate 0) at 2018.11.22-10.49.17
[2018.11.22-10.49.17:634][200]LogWorld: Bringing up level for play took: 0.000866
[2018.11.22-10.49.17:634][200]LogLoad: Took 0.043441 seconds to LoadMap(/Game/StarterContent/Maps/UEDPIE_1_Minimal_Default)
[2018.11.22-10.49.17:647][201]LogNet: Client netspeed is 10000
[2018.11.22-10.49.17:647][201]LogNet: Join request: /Game/StarterContent/Maps/Minimal_Default?Name=c117b-06-6ECA115F4C294BE780A7C782C5505D6B?SplitscreenCount=1
[2018.11.22-10.49.17:647][201]LogOnline: Warning: OSS: No game present to join for session (GameSession)
[2018.11.22-10.49.17:649][201]LogNet: Join succeeded: c117b-06-6ECA115F4C2
[2018.11.22-10.49.17:657][202]LogRenderer: Reallocating scene render targets to support 1280x720 Format 10 NumSamples 1 (Frame:1).
[2018.11.22-10.49.17:683][204]LogOnline: Warning: OSS: No game present to join for session (GameSession)
[2018.11.22-10.49.17:700][206]LogOnline: Warning: OSS: No game present to join for session (GameSession)
[2018.11.22-10.49.26:527][246]LogBlueprintUserMessages: Early EndPlayMap Detection: Level '/Game/StarterContent/Maps/Minimal_Default.Minimal_Default:PersistentLevel' has LevelScriptBlueprint '/Game/StarterContent/Maps/Minimal_Default.Minimal_Default:PersistentLevel.Minimal_Default' with GeneratedClass '/Game/StarterContent/Maps/Minimal_Default.Minimal_Default_C' with ClassGeneratedBy '/Game/StarterContent/Maps/Minimal_Default.Minimal_Default:PersistentLevel.Minimal_Default'
[2018.11.22-10.49.26:527][246]LogSlate: Updating window title bar state: overlay mode, drag disabled, window buttons hidden, title bar hidden
[2018.11.22-10.49.26:546][246]LogSlate: Window 'FightingGame Game Preview Client 1 (64-bit/PCD3D_SM5)' being destroyed
[2018.11.22-10.49.26:585][246]LogOnline: Warning: OSS: No game present to leave for session (GameSession)
[2018.11.22-10.49.26:586][246]LogSlate: Updating window title bar state: overlay mode, drag disabled, window buttons hidden, title bar hidden
[2018.11.22-10.49.26:627][246]LogPlayLevel: Display: Shutting down PIE online subsystems
[2018.11.22-10.49.26:628][246]LogBlueprintUserMessages: Late EndPlayMap Detection: Level '/Game/StarterContent/Maps/Minimal_Default.Minimal_Default:PersistentLevel' has LevelScriptBlueprint '/Game/StarterContent/Maps/Minimal_Default.Minimal_Default:PersistentLevel.Minimal_Default' with GeneratedClass '/Game/StarterContent/Maps/Minimal_Default.Minimal_Default_C' with ClassGeneratedBy '/Game/StarterContent/Maps/Minimal_Default.Minimal_Default:PersistentLevel.Minimal_Default'
[2018.11.22-10.49.26:657][246]LogNet: UChannel::CleanUp: ChIndex == 0. Closing connection. [UChannel] ChIndex: 0, Closing: 0 [UNetConnection] RemoteAddr: 127.0.0.1:62242, Name: IpConnection_1, Driver: GameNetDriver IpNetDriver_0, IsServer: YES, PC: PlayerController_1, Owner: PlayerController_1, UniqueId: NULL:c117b-06-6ECA115F4C294BE780A7C782C5505D6B
[2018.11.22-10.49.26:658][246]LogNet: UNetConnection::Close: [UNetConnection] RemoteAddr: 127.0.0.1:62242, Name: IpConnection_1, Driver: GameNetDriver IpNetDriver_0, IsServer: YES, PC: PlayerController_1, Owner: PlayerController_1, UniqueId: NULL:c117b-06-6ECA115F4C294BE780A7C782C5505D6B, Channels: 2, Time: 2018.11.22-10.49.26
[2018.11.22-10.49.26:658][246]LogNet: UChannel::Close: Sending CloseBunch. ChIndex == 0. Name: [UChannel] ChIndex: 0, Closing: 0 [UNetConnection] RemoteAddr: 127.0.0.1:62242, Name: IpConnection_1, Driver: GameNetDriver IpNetDriver_0, IsServer: YES, PC: PlayerController_1, Owner: PlayerController_1, UniqueId: NULL:c117b-06-6ECA115F4C294BE780A7C782C5505D6B
[2018.11.22-10.49.26:658][246]LogNet: UChannel::CleanUp: ChIndex == 0. Closing connection. [UChannel] ChIndex: 0, Closing: 0 [UNetConnection] RemoteAddr: 127.0.0.1:17777, Name: IpConnection_0, Driver: GameNetDriver IpNetDriver_1, IsServer: NO, PC: None, Owner: None, UniqueId: NULL:c117b-06-6ECA115F4C294BE780A7C782C5505D6B
[2018.11.22-10.49.26:658][246]LogNet: UNetConnection::Close: [UNetConnection] RemoteAddr: 127.0.0.1:17777, Name: IpConnection_0, Driver: GameNetDriver IpNetDriver_1, IsServer: NO, PC: None, Owner: None, UniqueId: NULL:c117b-06-6ECA115F4C294BE780A7C782C5505D6B, Channels: 2, Time: 2018.11.22-10.49.26
[2018.11.22-10.49.26:658][246]LogNet: UChannel::Close: Sending CloseBunch. ChIndex == 0. Name: [UChannel] ChIndex: 0, Closing: 0 [UNetConnection] RemoteAddr: 127.0.0.1:17777, Name: IpConnection_0, Driver: GameNetDriver IpNetDriver_1, IsServer: NO, PC: None, Owner: None, UniqueId: NULL:c117b-06-6ECA115F4C294BE780A7C782C5505D6B
[2018.11.22-10.49.26:661][246]LogSlate: Updating window title bar state: overlay mode, drag disabled, window buttons hidden, title bar hidden
[2018.11.22-10.49.26:661][246]LogExit: GameNetDriver None shut down
[2018.11.22-10.49.26:662][246]LogExit: GameNetDriver None shut down
[2018.11.22-10.49.26:679][247]LogPlayLevel: Display: Destroying online subsystem :Context_2
[2018.11.22-10.49.26:680][247]LogPlayLevel: Display: Destroying online subsystem :Context_1
