Log file open, 11/19/18 11:30:21
LogWindows: Failed to load 'aqProf.dll' (GetLastError=126)
LogWindows: File 'aqProf.dll' does not exist
LogWindows: Failed to load 'VSPerf140.dll' (GetLastError=126)
LogWindows: File 'VSPerf140.dll' does not exist
LogWindows: Failed to load 'VtuneApi.dll' (GetLastError=126)
LogWindows: File 'VtuneApi.dll' does not exist
LogWindows: Failed to load 'VtuneApi32e.dll' (GetLastError=126)
LogWindows: File 'VtuneApi32e.dll' does not exist
LogInit: Display: Running engine for game: FightingGame
LogPlatformFile: Not using cached read wrapper
LogTaskGraph: Started task graph with 5 named threads and 23 total threads with 3 sets of task threads.
LogStats: Stats thread started at 0.386550
LogD3D11RHI: Loaded GFSDK_Aftermath_Lib.x64.dll
LogICUInternationalization: Display: ICU TimeZone Detection - Raw Offset: +0:00, Platform Override: ''
LogPluginManager: Mounting plugin Paper2D
LogPluginManager: Mounting plugin AISupport
LogPluginManager: Mounting plugin LightPropagationVolume
LogPluginManager: Mounting plugin CLionSourceCodeAccess
LogPluginManager: Mounting plugin CodeLiteSourceCodeAccess
LogPluginManager: Mounting plugin GitSourceControl
LogPluginManager: Mounting plugin KDevelopSourceCodeAccess
LogPluginManager: Mounting plugin NullSourceCodeAccess
LogPluginManager: Mounting plugin PerforceSourceControl
LogPluginManager: Mounting plugin SubversionSourceControl
LogPluginManager: Mounting plugin UObjectPlugin
LogPluginManager: Mounting plugin VisualStudioCodeSourceCodeAccess
LogPluginManager: Mounting plugin VisualStudioSourceCodeAccess
LogPluginManager: Mounting plugin XCodeSourceCodeAccess
LogPluginManager: Mounting plugin AssetManagerEditor
LogPluginManager: Mounting plugin CryptoKeys
LogPluginManager: Mounting plugin DataValidation
LogPluginManager: Mounting plugin FacialAnimation
LogPluginManager: Mounting plugin GameplayTagsEditor
LogPluginManager: Mounting plugin MacGraphicsSwitching
LogPluginManager: Mounting plugin MeshEditor
LogPluginManager: Mounting plugin MobileLauncherProfileWizard
LogPluginManager: Mounting plugin PluginBrowser
LogPluginManager: Mounting plugin SpeedTreeImporter
LogPluginManager: Mounting plugin DatasmithContent
LogPluginManager: Mounting plugin AlembicImporter
LogPluginManager: Mounting plugin AppleImageUtils
LogPluginManager: Mounting plugin AppleVision
LogPluginManager: Mounting plugin BackChannel
LogPluginManager: Mounting plugin CharacterAI
LogPluginManager: Mounting plugin GeometryCache
LogPluginManager: Mounting plugin HTML5Networking
LogPluginManager: Mounting plugin ProxyLODPlugin
LogPluginManager: Mounting plugin MagicLeap
LogPluginManager: Mounting plugin MagicLeapEmulator
LogPluginManager: Mounting plugin MagicLeapMedia
LogPluginManager: Mounting plugin AndroidMedia
LogPluginManager: Mounting plugin AvfMedia
LogPluginManager: Mounting plugin ImgMedia
LogPluginManager: Mounting plugin LinearTimecode
LogPluginManager: Mounting plugin MediaCompositing
LogPluginManager: Mounting plugin MediaPlayerEditor
LogPluginManager: Mounting plugin WmfMedia
LogPluginManager: Mounting plugin TcpMessaging
LogPluginManager: Mounting plugin UdpMessaging
LogPluginManager: Mounting plugin ActorSequence
LogPluginManager: Mounting plugin LevelSequenceEditor
LogPluginManager: Mounting plugin MatineeToLevelSequence
LogPluginManager: Mounting plugin NetcodeUnitTest
LogPluginManager: Mounting plugin NUTUnrealEngine4
LogPluginManager: Mounting plugin OnlineSubsystemGooglePlay
LogPluginManager: Mounting plugin OnlineSubsystemIOS
LogPluginManager: Mounting plugin OnlineSubsystem
LogPluginManager: Mounting plugin OnlineSubsystemNull
LogPluginManager: Mounting plugin OnlineSubsystemUtils
LogPluginManager: Mounting plugin LauncherChunkInstaller
LogPluginManager: Mounting plugin AndroidDeviceProfileSelector
LogPluginManager: Mounting plugin AndroidMoviePlayer
LogPluginManager: Mounting plugin AndroidPermission
LogPluginManager: Mounting plugin AppleMoviePlayer
LogPluginManager: Mounting plugin ArchVisCharacter
LogPluginManager: Mounting plugin AudioCapture
LogPluginManager: Mounting plugin CableComponent
LogPluginManager: Mounting plugin CustomMeshComponent
LogPluginManager: Mounting plugin EditableMesh
LogPluginManager: Mounting plugin ExampleDeviceProfileSelector
LogPluginManager: Mounting plugin GoogleCloudMessaging
LogPluginManager: Mounting plugin ImmediatePhysics
LogPluginManager: Mounting plugin IOSDeviceProfileSelector
LogPluginManager: Mounting plugin LinuxDeviceProfileSelector
LogPluginManager: Mounting plugin LocationServicesBPLibrary
LogPluginManager: Mounting plugin MobilePatchingUtils
LogPluginManager: Mounting plugin OculusVR
LogPluginManager: Plugin shader directory ../../../Engine/Plugins/Runtime/Oculus/OculusVR/Shaders found
LogPluginManager: Mapping shader source directory ../../../Engine/Plugins/Runtime/Oculus/OculusVR/Shaders to virtual directory /Plugin/OculusVR
LogPluginManager: Mounting plugin PhysXVehicles
LogPluginManager: Mounting plugin ProceduralMeshComponent
LogPluginManager: Mounting plugin RuntimePhysXCooking
LogPluginManager: Mounting plugin SteamVR
LogPluginManager: Mounting plugin WindowsMoviePlayer
LogStreaming: Display: Took  0.194s to configure plugins.
LogInit: Using libcurl 7.55.1-DEV
LogInit:  - built for x86_64-pc-win32
LogInit:  - supports SSL with OpenSSL/1.0.2h
LogInit:  - supports HTTP deflate (compression) using libz 1.2.8
LogInit:  - other features:
LogInit:      CURL_VERSION_SSL
LogInit:      CURL_VERSION_LIBZ
LogInit:      CURL_VERSION_IPV6
LogInit:      CURL_VERSION_ASYNCHDNS
LogInit:      CURL_VERSION_LARGEFILE
LogInit:      CURL_VERSION_IDN
LogInit:  CurlRequestOptions (configurable via config and command line):
LogInit:  - bVerifyPeer = false  - Libcurl will NOT verify peer certificate
LogInit:  - bUseHttpProxy = false  - Libcurl will NOT use HTTP proxy
LogInit:  - bDontReuseConnections = false  - Libcurl will reuse connections
LogInit:  - CertBundlePath = nullptr  - Libcurl will use whatever was configured at build time.
LogInit:  - MaxHostConnections = 16  - Libcurl will limit the number of connections to a host
LogInit:  - LocalHostAddr = Default
LogInit:  - BufferSize = 65536
LogInit: WinSock: version 1.1 (2.2), MaxSocks=32767, MaxUdp=65467
LogInit: Build: ++UE4+Release-4.20-CL-4369336
LogInit: Engine Version: 4.20.3-4369336+++UE4+Release-4.20
LogInit: Compatible Engine Version: 4.20.0-4212847+++UE4+Release-4.20
LogInit: Net CL: 4212847
LogInit: OS: Windows 10 (), CPU: Intel(R) Core(TM) i7-6700K CPU @ 4.00GHz, GPU: NVIDIA GeForce GTX 1060 6GB
LogInit: Compiled (64-bit): Sep 17 2018 12:26:19
LogInit: Compiled with Visual C++: 19.13.26129.00
LogInit: Build Configuration: Development
LogInit: Branch Name: ++UE4+Release-4.20
LogInit: Command Line:  -skipcompile
LogInit: Base Directory: D:/Program Files/Epic Games/UE_4.20/Engine/Binaries/Win64/
LogInit: Installed Engine Build: 1
LogDevObjectVersion: Number of dev versions registered: 20
LogDevObjectVersion:   Dev-Blueprints (B0D832E4-1F89-4F0D-ACCF-7EB736FD4AA2): 10
LogDevObjectVersion:   Dev-Build (E1C64328-A22C-4D53-A36C-8E866417BD8C): 0
LogDevObjectVersion:   Dev-Core (375EC13C-06E4-48FB-B500-84F0262A717E): 2
LogDevObjectVersion:   Dev-Editor (E4B068ED-F494-42E9-A231-DA0B2E46BB41): 24
LogDevObjectVersion:   Dev-Framework (CFFC743F-43B0-4480-9391-14DF171D2073): 34
LogDevObjectVersion:   Dev-Mobile (B02B49B5-BB20-44E9-A304-32B752E40360): 2
LogDevObjectVersion:   Dev-Networking (A4E4105C-59A1-49B5-A7C5-40C4547EDFEE): 0
LogDevObjectVersion:   Dev-Online (39C831C9-5AE6-47DC-9A44-9C173E1C8E7C): 0
LogDevObjectVersion:   Dev-Physics (78F01B33-EBEA-4F98-B9B4-84EACCB95AA2): 0
LogDevObjectVersion:   Dev-Platform (6631380F-2D4D-43E0-8009-CF276956A95A): 0
LogDevObjectVersion:   Dev-Rendering (12F88B9F-8875-4AFC-A67C-D90C383ABD29): 26
LogDevObjectVersion:   Dev-Sequencer (7B5AE74C-D270-4C10-A958-57980B212A5A): 9
LogDevObjectVersion:   Dev-VR (D7296918-1DD6-4BDD-9DE2-64A83CC13884): 2
LogDevObjectVersion:   Dev-LoadTimes (C2A15278-BFE7-4AFE-6C17-90FF531DF755): 1
LogDevObjectVersion:   Private-Geometry (6EACA3D4-40EC-4CC1-B786-8BED09428FC5): 3
LogDevObjectVersion:   Dev-AnimPhys (29E575DD-E0A3-4627-9D10-D276232CDCEA): 17
LogDevObjectVersion:   Dev-ReflectionCapture (6B266CEC-1EC7-4B8F-A30B-E4D90942FC07): 1
LogDevObjectVersion:   Dev-Automation (0DF73D61-A23F-47EA-B727-89E90C41499A): 1
LogDevObjectVersion:   FortniteMain (601D1886-AC64-4F84-AA16-D3DE0DEAC7D6): 12
LogDevObjectVersion:   Dev-Enterprise (9DFFBCD6-494F-0158-E221-12823C92A888): 1
LogStreaming: Display: Took  0.002s to delete old logs.
LogInit: Presizing for max 8388607 objects, including 0 objects not considered by GC, pre-allocating 0 bytes for permanent pool.
LogInit: Object subsystem initialized
[2018.11.19-11.30.21:964][  0]LogInit: Selected Device Profile: [Windows]
[2018.11.19-11.30.21:964][  0]LogInit: Applying CVar settings loaded from the selected device profile: [Windows]
[2018.11.19-11.30.21:974][  0]LogHAL: Display: Platform has ~ 16 GB [17126547456 / 17179869184 / 16], which maps to Larger [LargestMinGB=32, LargerMinGB=12, DefaultMinGB=8, SmallerMinGB=6, SmallestMinGB=0)
[2018.11.19-11.30.21:974][  0]LogInit: Setting Device Profile CVar: [[r.Vulkan.UseRealUBs:1]]
[2018.11.19-11.30.21:974][  0]LogInit: Going up to parent DeviceProfile []
[2018.11.19-11.30.21:974][  0]LogInit: Computer: EDWARD
[2018.11.19-11.30.21:974][  0]LogInit: User: John
[2018.11.19-11.30.21:975][  0]LogInit: CPU Page size=4096, Cores=4
[2018.11.19-11.30.21:975][  0]LogInit: High frequency timer resolution =3.914066 MHz
[2018.11.19-11.30.21:975][  0]LogMemory: Memory total: Physical=16.0GB (16GB approx)
[2018.11.19-11.30.21:975][  0]LogMemory: Platform Memory Stats for Windows
[2018.11.19-11.30.21:975][  0]LogMemory: Process Physical Memory: 100.70 MB used, 100.70 MB peak
[2018.11.19-11.30.21:975][  0]LogMemory: Process Virtual Memory: 91.63 MB used, 91.63 MB peak
[2018.11.19-11.30.21:975][  0]LogMemory: Physical Memory: 6817.37 MB used,  9515.78 MB free, 16333.15 MB total
[2018.11.19-11.30.21:975][  0]LogMemory: Virtual Memory: 4640.08 MB used,  9515.78 MB free, 134217728.00 MB total
[2018.11.19-11.30.22:096][  0]LogInit: Using OS detected language (en-US).
[2018.11.19-11.30.22:096][  0]LogInit: Using OS detected locale (en-US).
[2018.11.19-11.30.22:097][  0]LogTextLocalizationManager: No specific localization for 'en-US' exists, so the 'en' localization will be used.
[2018.11.19-11.30.22:400][  0]LogStreaming: Display: Took  0.304s to InitEngineTextLocalization.
[2018.11.19-11.30.22:400][  0]LogInit: Setting process to per monitor DPI aware
[2018.11.19-11.30.22:453][  0]LogSlate: New Slate User Created.  User Index 0, Is Virtual User: 0
[2018.11.19-11.30.22:453][  0]LogSlate: Slate User Registered.  User Index 0, Is Virtual User: 0
[2018.11.19-11.30.22:698][  0]LogHMD: Failed to initialize OpenVR with code 102
[2018.11.19-11.30.22:698][  0]LogD3D11RHI: D3D11 adapters:
[2018.11.19-11.30.22:770][  0]LogD3D11RHI:    0. 'NVIDIA GeForce GTX 1060 6GB' (Feature Level 11_0)
[2018.11.19-11.30.22:771][  0]LogD3D11RHI:       6061/0/8166 MB DedicatedVideo/DedicatedSystem/SharedSystem, Outputs:1, VendorId:0x10de
[2018.11.19-11.30.22:776][  0]LogD3D11RHI:    1. 'Microsoft Basic Render Driver' (Feature Level 11_0)
[2018.11.19-11.30.22:776][  0]LogD3D11RHI:       0/0/8166 MB DedicatedVideo/DedicatedSystem/SharedSystem, Outputs:0, VendorId:0x1414
[2018.11.19-11.30.22:776][  0]LogD3D11RHI: Chosen D3D11 Adapter: 0
[2018.11.19-11.30.22:782][  0]LogD3D11RHI: Creating new Direct3DDevice
[2018.11.19-11.30.22:782][  0]LogD3D11RHI:     GPU DeviceId: 0x1c03 (for the marketing name, search the web for "GPU Device Id")
[2018.11.19-11.30.22:782][  0]LogWindows: EnumDisplayDevices:
[2018.11.19-11.30.22:782][  0]LogWindows:    0. 'NVIDIA GeForce GTX 1060 6GB' (P:1 D:1)
[2018.11.19-11.30.22:783][  0]LogWindows:    1. 'NVIDIA GeForce GTX 1060 6GB' (P:0 D:0)
[2018.11.19-11.30.22:783][  0]LogWindows:    2. 'NVIDIA GeForce GTX 1060 6GB' (P:0 D:0)
[2018.11.19-11.30.22:784][  0]LogWindows:    3. 'NVIDIA GeForce GTX 1060 6GB' (P:0 D:0)
[2018.11.19-11.30.22:784][  0]LogWindows: DebugString: FoundDriverCount:4 
[2018.11.19-11.30.22:784][  0]LogD3D11RHI:     Adapter Name: NVIDIA GeForce GTX 1060 6GB
[2018.11.19-11.30.22:784][  0]LogD3D11RHI:   Driver Version: 388.13 (internal:23.21.13.8813, unified:388.13)
[2018.11.19-11.30.22:784][  0]LogD3D11RHI:      Driver Date: 10-27-2017
[2018.11.19-11.30.22:784][  0]LogRHI: Texture pool is 4242 MB (70% of 6061 MB)
[2018.11.19-11.30.22:814][  0]LogD3D11RHI: Async texture creation enabled
[2018.11.19-11.30.22:829][  0]LogD3D11RHI: GPU Timing Frequency: 1000.000000 (Debug: 2 1)
[2018.11.19-11.30.22:878][  0]LogShaderCompilers: Guid format shader working directory is -3 characters bigger than the processId version (../../../../../../Git/FightingGame/FightingGame/Intermediate/Shaders/WorkingDirectory/17448/).
[2018.11.19-11.30.22:878][  0]LogShaderCompilers: Cleaned the shader compiler working directory 'C:/Users/John/AppData/Local/Temp/UnrealShaderWorkingDir/1C2AB64A45C815D2CA0242B4115A6A62/'.
[2018.11.19-11.30.23:155][  0]LogTemp: Display: Loaded TP AllDesktopTargetPlatform
[2018.11.19-11.30.23:175][  0]LogTemp: Display: Loaded TP MacClientTargetPlatform
[2018.11.19-11.30.23:193][  0]LogTemp: Display: Loaded TP MacNoEditorTargetPlatform
[2018.11.19-11.30.23:213][  0]LogTemp: Display: Loaded TP MacServerTargetPlatform
[2018.11.19-11.30.23:231][  0]LogTemp: Display: Loaded TP MacTargetPlatform
[2018.11.19-11.30.23:250][  0]LogTemp: Display: Loaded TP WindowsClientTargetPlatform
[2018.11.19-11.30.23:269][  0]LogTemp: Display: Loaded TP WindowsNoEditorTargetPlatform
[2018.11.19-11.30.23:288][  0]LogTemp: Display: Loaded TP WindowsServerTargetPlatform
[2018.11.19-11.30.23:302][  0]LogTemp: Display: Loaded TP WindowsTargetPlatform
[2018.11.19-11.30.23:380][  0]LogTemp: Display: Loaded TP AndroidTargetPlatform
[2018.11.19-11.30.23:380][  0]LogTemp: Display: Loaded TP AndroidTargetPlatform
[2018.11.19-11.30.23:380][  0]LogTemp: Display: Loaded TP AndroidTargetPlatform
[2018.11.19-11.30.23:380][  0]LogTemp: Display: Loaded TP AndroidTargetPlatform
[2018.11.19-11.30.23:380][  0]LogTemp: Display: Loaded TP AndroidTargetPlatform
[2018.11.19-11.30.23:380][  0]LogTemp: Display: Loaded TP AndroidTargetPlatform
[2018.11.19-11.30.23:380][  0]LogTemp: Display: Loaded TP AndroidTargetPlatform
[2018.11.19-11.30.23:380][  0]LogTemp: Display: Loaded TP AndroidTargetPlatform
[2018.11.19-11.30.23:380][  0]LogTemp: Display: Loaded TP AndroidTargetPlatform
[2018.11.19-11.30.23:380][  0]LogTemp: Display: Loaded TP AndroidTargetPlatform
[2018.11.19-11.30.23:380][  0]LogTemp: Display: Loaded TP AndroidTargetPlatform
[2018.11.19-11.30.23:380][  0]LogTemp: Display: Loaded TP AndroidTargetPlatform
[2018.11.19-11.30.23:381][  0]LogTemp: Display: Loaded TP AndroidTargetPlatform
[2018.11.19-11.30.23:381][  0]LogTemp: Display: Loaded TP AndroidTargetPlatform
[2018.11.19-11.30.23:381][  0]LogTemp: Display: Loaded TP AndroidTargetPlatform
[2018.11.19-11.30.23:381][  0]LogTemp: Display: Loaded TP AndroidTargetPlatform
[2018.11.19-11.30.23:381][  0]LogTemp: Display: Loaded TP AndroidTargetPlatform
[2018.11.19-11.30.23:381][  0]LogTemp: Display: Loaded TP AndroidTargetPlatform
[2018.11.19-11.30.23:386][  0]LogTemp: Display: Loaded TP HTML5TargetPlatform
[2018.11.19-11.30.23:461][  0]LogTemp: Display: Loaded TP IOSTargetPlatform
[2018.11.19-11.30.23:461][  0]LogTemp: Display: Loaded TP IOSTargetPlatform
[2018.11.19-11.30.23:487][  0]LogTemp: Display: Loaded TP TVOSTargetPlatform
[2018.11.19-11.30.23:487][  0]LogTemp: Display: Loaded TP TVOSTargetPlatform
[2018.11.19-11.30.23:501][  0]LogTemp: Display: Loaded TP LinuxClientTargetPlatform
[2018.11.19-11.30.23:516][  0]LogTemp: Display: Loaded TP LinuxNoEditorTargetPlatform
[2018.11.19-11.30.23:531][  0]LogTemp: Display: Loaded TP LinuxServerTargetPlatform
[2018.11.19-11.30.23:547][  0]LogTemp: Display: Loaded TP LinuxTargetPlatform
[2018.11.19-11.30.23:560][  0]LogTemp: Display: Loaded TP LuminTargetPlatform
[2018.11.19-11.30.23:560][  0]LogTargetPlatformManager: Display: Building Assets For Windows
[2018.11.19-11.30.23:762][  0]LogXGEController: Cleaning working directory: C:/Users/John/AppData/Local/Temp/UnrealXGEWorkingDir/
[2018.11.19-11.30.23:762][  0]LogXGEController: Cannot use XGE Controller as Incredibuild is not installed on this machine.
[2018.11.19-11.30.23:763][  0]LogShaderCompilers: Cannot use XGE Shader Compiler as Incredibuild is not installed on this machine.
[2018.11.19-11.30.23:763][  0]LogShaderCompilers: Display: Using Local Shader Compiler.
[2018.11.19-11.30.24:472][  0]LogDerivedDataCache: Display: Max Cache Size: 512 MB
[2018.11.19-11.30.24:517][  0]LogDerivedDataCache: Loaded boot cache 0.05s 71MB C:/Users/John/AppData/Local/UnrealEngine/4.20/DerivedDataCache/Boot.ddc.
[2018.11.19-11.30.24:517][  0]LogDerivedDataCache: Display: Loaded Boot cache: C:/Users/John/AppData/Local/UnrealEngine/4.20/DerivedDataCache/Boot.ddc
[2018.11.19-11.30.24:518][  0]LogDerivedDataCache: FDerivedDataBackendGraph:  Pak pak cache file ../../../../../../Git/FightingGame/FightingGame/DerivedDataCache/DDC.ddp not found, will not use a pak cache.
[2018.11.19-11.30.24:518][  0]LogDerivedDataCache: Unable to find inner node Pak for hierarchical cache Hierarchy.
[2018.11.19-11.30.24:518][  0]LogDerivedDataCache: FDerivedDataBackendGraph:  CompressedPak pak cache file ../../../../../../Git/FightingGame/FightingGame/DerivedDataCache/Compressed.ddp not found, will not use a pak cache.
[2018.11.19-11.30.24:518][  0]LogDerivedDataCache: Unable to find inner node CompressedPak for hierarchical cache Hierarchy.
[2018.11.19-11.30.24:529][  0]LogDerivedDataCache: Display: Pak cache opened for reading ../../../Engine/DerivedDataCache/Compressed.ddp.
[2018.11.19-11.30.24:544][  0]LogDerivedDataCache: Using Local data cache path C:/Users/John/AppData/Local/UnrealEngine/Common/DerivedDataCache: Writable
[2018.11.19-11.30.24:544][  0]LogDerivedDataCache: Shared data cache path not found in *engine.ini, will not use an Shared cache.
[2018.11.19-11.30.24:544][  0]LogDerivedDataCache: Unable to find inner node Shared for hierarchical cache Hierarchy.
[2018.11.19-11.30.24:559][  0]LogMaterial: Verifying Global Shaders for PCD3D_SM5
[2018.11.19-11.30.24:560][  0]LogSlate: Using FreeType 2.6.0
[2018.11.19-11.30.24:561][  0]LogSlate: SlateFontServices - WITH_FREETYPE: 1, WITH_HARFBUZZ: 1
[2018.11.19-11.30.24:635][  0]LogAssetRegistry: FAssetRegistry took 0.0278 seconds to start up
[2018.11.19-11.30.24:930][  0]LogInit: Selected Device Profile: [Windows]
[2018.11.19-11.30.25:098][  0]LogSimplygon: Simplygon DLL not present - disabling.
[2018.11.19-11.30.25:119][  0]LogMeshReduction: Using SimplygonSwarm for distributed automatic mesh merging
[2018.11.19-11.30.25:119][  0]LogMeshReduction: Using ProxyLODMeshReduction for automatic mesh merging
[2018.11.19-11.30.25:119][  0]LogMeshReduction: Using QuadricMeshReduction for automatic static mesh reduction
[2018.11.19-11.30.25:119][  0]LogMeshReduction: No automatic skeletal mesh reduction module available
[2018.11.19-11.30.25:137][  0]LogNetVersion: FightingGame 1.0.0, NetCL: 4212847, EngineNetVer: 5, GameNetVer: 0 (Checksum: 156865789)
[2018.11.19-11.30.25:627][  0]LogPackageLocalizationCache: Processed 11 localized package path(s) for 2 prioritized culture(s) in 0.115175 seconds
[2018.11.19-11.30.25:632][  0]LogUObjectArray: 38425 objects as part of root set at end of initial load.
[2018.11.19-11.30.25:632][  0]LogUObjectAllocator: 6690864 out of 0 bytes used by permanent object pool.
[2018.11.19-11.30.25:633][  0]LogUObjectArray: CloseDisregardForGC: 0/0 objects in disregard for GC pool
[2018.11.19-11.30.26:734][  0]LogTcpMessaging: Initializing TcpMessaging bridge
[2018.11.19-11.30.26:753][  0]LogUdpMessaging: Initializing bridge on interface 0.0.0.0:0 to multicast group 230.0.0.1:6666.
[2018.11.19-11.30.27:014][  0]SourceControl: Source control is disabled
[2018.11.19-11.30.27:014][  0]SourceControl: Source control is disabled
[2018.11.19-11.30.27:035][  0]SourceControl: Source control is disabled
[2018.11.19-11.30.27:042][  0]SourceControl: Source control is disabled
[2018.11.19-11.30.27:452][  0]LogAndroidPermission: UAndroidPermissionCallbackProxy::GetInstance
[2018.11.19-11.30.27:617][  0]LogOcInput: OculusInput pre-init called
[2018.11.19-11.30.27:704][  0]LogEngine: Initializing Engine...
[2018.11.19-11.30.27:705][  0]LogHMD: Failed to initialize OpenVR with code 102
[2018.11.19-11.30.27:706][  0]LogStats: UGameplayTagsManager::ConstructGameplayTagTree: ImportINI prefixes -  0.000 s
[2018.11.19-11.30.27:707][  0]LogStats: UGameplayTagsManager::ConstructGameplayTagTree: Construct from data asset -  0.000 s
[2018.11.19-11.30.27:707][  0]LogStats: UGameplayTagsManager::ConstructGameplayTagTree: ImportINI -  0.000 s
[2018.11.19-11.30.27:707][  0]LogStats: UGameplayTagsManager::ConstructGameplayTagTree: GameplayTagTreeChangedEvent.Broadcast -  0.000 s
[2018.11.19-11.30.27:888][  0]LogInit: Initializing FReadOnlyCVARCache
[2018.11.19-11.30.27:910][  0]LogAIModule: Creating AISystem for world Untitled
[2018.11.19-11.30.27:944][  0]LogInit: XAudio2 using 'Headset Earphone (Razer ManO'War)' : 2 channels at 48 kHz using 16 bits per sample (channel mask 0x3)
[2018.11.19-11.30.28:028][  0]LogInit: FAudioDevice initialized.
[2018.11.19-11.30.28:029][  0]LogNetVersion: Set ProjectVersion to 1.0.0.0. Version Checksum will be recalculated on next use.
[2018.11.19-11.30.28:150][  0]LogDerivedDataCache: Saved boot cache 0.12s 71MB C:/Users/John/AppData/Local/UnrealEngine/4.20/DerivedDataCache/Boot.ddc.
[2018.11.19-11.30.28:150][  0]LogInit: Texture streaming: Enabled
[2018.11.19-11.30.28:192][  0]LogEngineSessionManager: EngineSessionManager initialized
[2018.11.19-11.30.28:210][  0]LogInit: Transaction tracking system initialized
[2018.11.19-11.30.28:270][  0]BlueprintLog: New page: Editor Load
[2018.11.19-11.30.28:488][  0]LocalizationService: Localization service is disabled
[2018.11.19-11.30.28:876][  0]LogCook: Display: Max memory allowance for cook 16384mb min free memory 0mb
[2018.11.19-11.30.28:876][  0]LogCook: Display: Mobile HDR setting 1
[2018.11.19-11.30.28:877][  0]LogGameplayTags: Display: UGameplayTagsManager::DoneAddingNativeTags. DelegateIsBound: 0
[2018.11.19-11.30.28:877][  0]LogStats: UGameplayTagsManager::ConstructGameplayTagTree: ImportINI prefixes -  0.000 s
[2018.11.19-11.30.28:877][  0]LogStats: UGameplayTagsManager::ConstructGameplayTagTree: Construct from data asset -  0.000 s
[2018.11.19-11.30.28:877][  0]LogStats: UGameplayTagsManager::ConstructGameplayTagTree: ImportINI -  0.000 s
[2018.11.19-11.30.28:877][  0]LogStats: UGameplayTagsManager::ConstructGameplayTagTree: GameplayTagTreeChangedEvent.Broadcast -  0.000 s
[2018.11.19-11.30.29:036][  0]LogFileCache: Scanning file cache for directory 'D:/Git/FightingGame/FightingGame/Content/' took 0.02s
[2018.11.19-11.30.29:037][  0]LogLinker: Warning: Can't find file '/Engine/BasicShapes/Cylinder'
[2018.11.19-11.30.29:037][  0]LogLinker: Warning: Can't find file '/Engine/BasicShapes/Cylinder'
[2018.11.19-11.30.29:037][  0]LogUObjectGlobals: Warning: Failed to find object 'StaticMesh /Engine/BasicShapes/Cylinder.Cylinder'
[2018.11.19-11.30.29:188][  0]SourceControl: Source control is disabled
[2018.11.19-11.30.29:188][  0]Cmd: MAP LOAD FILE="../../../../../../Git/FightingGame/FightingGame/Content/StarterContent/Maps/Minimal_Default.umap" TEMPLATE=0 SHOWPROGRESS=1 FEATURELEVEL=3
[2018.11.19-11.30.29:189][  0]LightingResults: New page: Lighting Build
[2018.11.19-11.30.29:193][  0]MapCheck: New page: Map Check
[2018.11.19-11.30.29:193][  0]LightingResults: New page: Lighting Build
[2018.11.19-11.30.29:467][  0]LogAIModule: Creating AISystem for world Minimal_Default
[2018.11.19-11.30.29:476][  0]LogEditorServer: Finished looking for orphan Actors (0.000 secs)
[2018.11.19-11.30.29:496][  0]Cmd: MAP CHECKDEP NOCLEARLOG
[2018.11.19-11.30.29:624][  0]MapCheck: Map check complete: 0 Error(s), 0 Warning(s), took 128.562ms to complete.
[2018.11.19-11.30.29:624][  0]LogFileHelpers: Loading map 'Minimal_Default' took 0.436
[2018.11.19-11.30.29:733][  0]LogSlate: Updating window title bar state: overlay mode, drag disabled, window buttons hidden, title bar hidden
[2018.11.19-11.30.29:739][  0]LogSlate: Updating window title bar state: overlay mode, drag disabled, window buttons hidden, title bar hidden
[2018.11.19-11.30.29:745][  0]LogSlate: Updating window title bar state: overlay mode, drag disabled, window buttons hidden, title bar hidden
[2018.11.19-11.30.29:752][  0]LogSlate: Updating window title bar state: overlay mode, drag disabled, window buttons hidden, title bar hidden
[2018.11.19-11.30.29:764][  0]LogCollectionManager: Loaded 0 collections in 0.002205 seconds
[2018.11.19-11.30.29:812][  0]LogFileCache: Scanning file cache for directory 'D:/Git/FightingGame/FightingGame/Saved/Collections/' took 0.01s
[2018.11.19-11.30.29:812][  0]LogFileCache: Scanning file cache for directory 'D:/Git/FightingGame/FightingGame/Content/Developers/John/Collections/' took 0.01s
[2018.11.19-11.30.29:813][  0]LogFileCache: Scanning file cache for directory 'D:/Git/FightingGame/FightingGame/Content/Collections/' took 0.01s
[2018.11.19-11.30.29:813][  0]LogCollectionManager: Rebuilt the GUID cache for 0 collections in 0.000000 seconds
[2018.11.19-11.30.29:821][  0]LogContentBrowser: Native class hierarchy populated in 0.0079 seconds. Added 2575 classes and 605 folders.
[2018.11.19-11.30.29:828][  0]LogContentBrowser: Native class hierarchy updated for 'WidgetCarousel' in 0.0003 seconds. Added 0 classes and 0 folders.
[2018.11.19-11.30.29:882][  0]LogContentBrowser: Native class hierarchy updated for 'AddContentDialog' in 0.0003 seconds. Added 0 classes and 0 folders.
[2018.11.19-11.30.29:894][  0]LogContentBrowser: Native class hierarchy updated for 'SceneOutliner' in 0.0004 seconds. Added 1 classes and 2 folders.
[2018.11.19-11.30.29:908][  0]LogSlate: Took 0.000221 seconds to synchronously load lazily loaded font '../../../Engine/Content/Slate/Fonts/Roboto-Regular.ttf' (155K)
[2018.11.19-11.30.29:911][  0]LogSlate: Took 0.000233 seconds to synchronously load lazily loaded font '../../../Engine/Content/Slate/Fonts/Roboto-Bold.ttf' (160K)
[2018.11.19-11.30.29:916][  0]LogSlate: Took 0.000207 seconds to synchronously load lazily loaded font '../../../Engine/Content/Editor/Slate/Fonts/FontAwesome.ttf' (139K)
[2018.11.19-11.30.29:981][  0]LogRenderer: Reallocating scene render targets to support 1168x720 Format 10 NumSamples 1 (Frame:1).
[2018.11.19-11.30.30:081][  0]LogContentBrowser: Native class hierarchy updated for 'HierarchicalLODOutliner' in 0.0005 seconds. Added 0 classes and 0 folders.
[2018.11.19-11.30.30:081][  0]LogLoad: (Engine Initialization) Total time: 10.35 seconds
[2018.11.19-11.30.30:081][  0]LogLoad: (Engine Initialization) Total Blueprint compile time: 0.00 seconds
[2018.11.19-11.30.30:092][  0]LogWindowsTextInputMethodSystem: Display: IME system now deactivated.
[2018.11.19-11.30.30:112][  0]LogContentStreaming: Texture pool size now 1000 MB
[2018.11.19-11.30.30:132][  0]LogSlate: Took 0.000153 seconds to synchronously load lazily loaded font '../../../Engine/Content/Slate/Fonts/Roboto-Light.ttf' (167K)
[2018.11.19-11.30.30:143][  1]LogAssetRegistry: Asset discovery search completed in 5.5322 seconds
[2018.11.19-11.30.30:145][  1]LogCollectionManager: Rebuilt the object cache for 0 collections in 0.000000 seconds (found 0 objects)
[2018.11.19-11.30.30:145][  1]LogCollectionManager: Fixed up redirectors for 0 collections in 0.000103 seconds (updated 0 objects)
[2018.11.19-11.30.32:423][266]LogSlate: FSceneViewport::OnFocusLost() reason 0
[2018.11.19-11.30.32:498][275]LogTemp: Repeating last play command: Selected Viewport
[2018.11.19-11.30.32:508][275]LogBlueprintUserMessages: Early PlayInEditor Detection: Level '/Game/StarterContent/Maps/Minimal_Default.Minimal_Default:PersistentLevel' has LevelScriptBlueprint '/Game/StarterContent/Maps/Minimal_Default.Minimal_Default:PersistentLevel.Minimal_Default' with GeneratedClass '/Game/StarterContent/Maps/Minimal_Default.Minimal_Default_C' with ClassGeneratedBy '/Game/StarterContent/Maps/Minimal_Default.Minimal_Default:PersistentLevel.Minimal_Default'
[2018.11.19-11.30.32:508][275]LogPlayLevel: PlayLevel: No blueprints needed recompiling
[2018.11.19-11.30.32:522][275]PIE: New page: PIE session: Minimal_Default (Nov 19, 2018, 11:30:32 AM)
[2018.11.19-11.30.32:523][275]LogPlayLevel: Creating play world package: /Game/StarterContent/Maps/UEDPIE_0_Minimal_Default
[2018.11.19-11.30.32:526][275]LogPlayLevel: PIE: StaticDuplicateObject took: (0.003733s)
[2018.11.19-11.30.32:527][275]LogAIModule: Creating AISystem for world Minimal_Default
[2018.11.19-11.30.32:528][275]LogPlayLevel: PIE: World Init took: (0.001011s)
[2018.11.19-11.30.32:528][275]LogPlayLevel: PIE: Created PIE world by copying editor world from /Game/StarterContent/Maps/Minimal_Default.Minimal_Default to /Game/StarterContent/Maps/UEDPIE_0_Minimal_Default.Minimal_Default (0.005146s)
[2018.11.19-11.30.32:577][275]LogInit: XAudio2 using 'Headset Earphone (Razer ManO'War)' : 2 channels at 48 kHz using 16 bits per sample (channel mask 0x3)
[2018.11.19-11.30.32:637][275]LogInit: FAudioDevice initialized.
[2018.11.19-11.30.32:702][275]LogLoad: Game class is 'FightingGameMode_C'
[2018.11.19-11.30.32:703][275]LogWorld: Bringing World /Game/StarterContent/Maps/UEDPIE_0_Minimal_Default.Minimal_Default up for play (max tick rate 0) at 2018.11.19-11.30.32
[2018.11.19-11.30.32:704][275]LogWorld: Bringing up level for play took: 0.000826
[2018.11.19-11.30.32:723][275]LogContentBrowser: Native class hierarchy updated for 'MovieSceneCapture' in 0.0004 seconds. Added 10 classes and 0 folders.
[2018.11.19-11.30.32:725][275]PIE: Play in editor start time for /Game/StarterContent/Maps/UEDPIE_0_Minimal_Default 0.75
[2018.11.19-11.30.32:725][275]LogBlueprintUserMessages: Late PlayInEditor Detection: Level '/Game/StarterContent/Maps/Minimal_Default.Minimal_Default:PersistentLevel' has LevelScriptBlueprint '/Game/StarterContent/Maps/Minimal_Default.Minimal_Default:PersistentLevel.Minimal_Default' with GeneratedClass '/Game/StarterContent/Maps/Minimal_Default.Minimal_Default_C' with ClassGeneratedBy '/Game/StarterContent/Maps/Minimal_Default.Minimal_Default:PersistentLevel.Minimal_Default'
[2018.11.19-11.30.40:154][162]LogBlueprintUserMessages: Early EndPlayMap Detection: Level '/Game/StarterContent/Maps/Minimal_Default.Minimal_Default:PersistentLevel' has LevelScriptBlueprint '/Game/StarterContent/Maps/Minimal_Default.Minimal_Default:PersistentLevel.Minimal_Default' with GeneratedClass '/Game/StarterContent/Maps/Minimal_Default.Minimal_Default_C' with ClassGeneratedBy '/Game/StarterContent/Maps/Minimal_Default.Minimal_Default:PersistentLevel.Minimal_Default'
[2018.11.19-11.30.40:154][162]LogSlate: Updating window title bar state: overlay mode, drag disabled, window buttons hidden, title bar hidden
[2018.11.19-11.30.40:194][162]LogPlayLevel: Display: Shutting down PIE online subsystems
[2018.11.19-11.30.40:194][162]LogBlueprintUserMessages: Late EndPlayMap Detection: Level '/Game/StarterContent/Maps/Minimal_Default.Minimal_Default:PersistentLevel' has LevelScriptBlueprint '/Game/StarterContent/Maps/Minimal_Default.Minimal_Default:PersistentLevel.Minimal_Default' with GeneratedClass '/Game/StarterContent/Maps/Minimal_Default.Minimal_Default_C' with ClassGeneratedBy '/Game/StarterContent/Maps/Minimal_Default.Minimal_Default:PersistentLevel.Minimal_Default'
[2018.11.19-11.30.40:214][162]LogSlate: Updating window title bar state: overlay mode, drag disabled, window buttons hidden, title bar hidden
[2018.11.19-11.30.40:254][166]LogPlayLevel: Display: Destroying online subsystem :Context_1
[2018.11.19-11.30.43:278][523]LogSlate: FSceneViewport::OnFocusLost() reason 0
[2018.11.19-11.30.44:647][685]LogSlate: Took 0.000200 seconds to synchronously load lazily loaded font '../../../Engine/Content/Slate/Fonts/Roboto-Light.ttf' (167K)
[2018.11.19-11.30.44:653][685]LogAssetEditorManager: Opening Asset editor for Blueprint /Game/TestPlayer.TestPlayer
[2018.11.19-11.30.45:024][685]LogContentBrowser: Native class hierarchy updated for 'BlueprintGraph' in 0.0006 seconds. Added 116 classes and 0 folders.
[2018.11.19-11.30.45:634][685]LogSlate: Took 0.000232 seconds to synchronously load lazily loaded font '../../../Engine/Content/Slate/Fonts/Roboto-BoldCondensed.ttf' (158K)
[2018.11.19-11.30.46:309][753]LogSlate: Took 0.000223 seconds to synchronously load lazily loaded font '../../../Engine/Content/Slate/Fonts/Roboto-Italic.ttf' (157K)
[2018.11.19-11.31.03:761][763]BlueprintLog: New page: Compile TestPlayer
[2018.11.19-11.31.05:225][917]Cmd: OBJ SAVEPACKAGE PACKAGE="/Game/TestPlayer" FILE="../../../../../../Git/FightingGame/FightingGame/Content/TestPlayer.uasset" SILENT=true
[2018.11.19-11.31.05:245][917]LogSavePackage: Moving '../../../../../../Git/FightingGame/FightingGame/Saved/TestPlayer86CE8778462835D6A50F679870D1D0E0.tmp' to '../../../../../../Git/FightingGame/FightingGame/Content/TestPlayer.uasset'
[2018.11.19-11.31.05:635][953]LogRenderer: Reallocating scene render targets to support 1168x744 Format 10 NumSamples 1 (Frame:2153).
[2018.11.19-11.31.05:732][962]LogSlate: Window 'TestPlayer' being destroyed
[2018.11.19-11.31.06:702][ 78]LogTemp: Repeating last play command: Selected Viewport
[2018.11.19-11.31.06:715][ 78]LogBlueprintUserMessages: Early PlayInEditor Detection: Level '/Game/StarterContent/Maps/Minimal_Default.Minimal_Default:PersistentLevel' has LevelScriptBlueprint '/Game/StarterContent/Maps/Minimal_Default.Minimal_Default:PersistentLevel.Minimal_Default' with GeneratedClass '/Game/StarterContent/Maps/Minimal_Default.Minimal_Default_C' with ClassGeneratedBy '/Game/StarterContent/Maps/Minimal_Default.Minimal_Default:PersistentLevel.Minimal_Default'
[2018.11.19-11.31.06:715][ 78]LogPlayLevel: PlayLevel: No blueprints needed recompiling
[2018.11.19-11.31.06:715][ 78]PIE: New page: PIE session: Minimal_Default (Nov 19, 2018, 11:31:06 AM)
[2018.11.19-11.31.06:715][ 78]LogPlayLevel: Creating play world package: /Game/StarterContent/Maps/UEDPIE_0_Minimal_Default
[2018.11.19-11.31.06:718][ 78]LogPlayLevel: PIE: StaticDuplicateObject took: (0.002647s)
[2018.11.19-11.31.06:719][ 78]LogAIModule: Creating AISystem for world Minimal_Default
[2018.11.19-11.31.06:719][ 78]LogPlayLevel: PIE: World Init took: (0.000933s)
[2018.11.19-11.31.06:719][ 78]LogPlayLevel: PIE: Created PIE world by copying editor world from /Game/StarterContent/Maps/Minimal_Default.Minimal_Default to /Game/StarterContent/Maps/UEDPIE_0_Minimal_Default.Minimal_Default (0.003932s)
[2018.11.19-11.31.06:769][ 78]LogInit: XAudio2 using 'Headset Earphone (Razer ManO'War)' : 2 channels at 48 kHz using 16 bits per sample (channel mask 0x3)
[2018.11.19-11.31.06:826][ 78]LogInit: FAudioDevice initialized.
[2018.11.19-11.31.06:859][ 78]LogLoad: Game class is 'FightingGameMode_C'
[2018.11.19-11.31.06:861][ 78]LogWorld: Bringing World /Game/StarterContent/Maps/UEDPIE_0_Minimal_Default.Minimal_Default up for play (max tick rate 0) at 2018.11.19-11.31.06
[2018.11.19-11.31.06:861][ 78]LogWorld: Bringing up level for play took: 0.000797
[2018.11.19-11.31.06:882][ 78]PIE: Play in editor start time for /Game/StarterContent/Maps/UEDPIE_0_Minimal_Default 0.907
[2018.11.19-11.31.06:883][ 78]LogBlueprintUserMessages: Late PlayInEditor Detection: Level '/Game/StarterContent/Maps/Minimal_Default.Minimal_Default:PersistentLevel' has LevelScriptBlueprint '/Game/StarterContent/Maps/Minimal_Default.Minimal_Default:PersistentLevel.Minimal_Default' with GeneratedClass '/Game/StarterContent/Maps/Minimal_Default.Minimal_Default_C' with ClassGeneratedBy '/Game/StarterContent/Maps/Minimal_Default.Minimal_Default:PersistentLevel.Minimal_Default'
[2018.11.19-11.31.13:157][825]LogBlueprintUserMessages: Early EndPlayMap Detection: Level '/Game/StarterContent/Maps/Minimal_Default.Minimal_Default:PersistentLevel' has LevelScriptBlueprint '/Game/StarterContent/Maps/Minimal_Default.Minimal_Default:PersistentLevel.Minimal_Default' with GeneratedClass '/Game/StarterContent/Maps/Minimal_Default.Minimal_Default_C' with ClassGeneratedBy '/Game/StarterContent/Maps/Minimal_Default.Minimal_Default:PersistentLevel.Minimal_Default'
[2018.11.19-11.31.13:158][825]LogSlate: Updating window title bar state: overlay mode, drag disabled, window buttons hidden, title bar hidden
[2018.11.19-11.31.13:193][825]LogPlayLevel: Display: Shutting down PIE online subsystems
[2018.11.19-11.31.13:194][825]LogBlueprintUserMessages: Late EndPlayMap Detection: Level '/Game/StarterContent/Maps/Minimal_Default.Minimal_Default:PersistentLevel' has LevelScriptBlueprint '/Game/StarterContent/Maps/Minimal_Default.Minimal_Default:PersistentLevel.Minimal_Default' with GeneratedClass '/Game/StarterContent/Maps/Minimal_Default.Minimal_Default_C' with ClassGeneratedBy '/Game/StarterContent/Maps/Minimal_Default.Minimal_Default:PersistentLevel.Minimal_Default'
[2018.11.19-11.31.13:219][825]LogSlate: Updating window title bar state: overlay mode, drag disabled, window buttons hidden, title bar hidden
[2018.11.19-11.31.13:262][829]LogPlayLevel: Display: Destroying online subsystem :Context_4
