Log file open, 11/23/18 19:32:08
LogWindows: Failed to load 'aqProf.dll' (GetLastError=126)
LogWindows: File 'aqProf.dll' does not exist
LogWindows: Failed to load 'VSPerf140.dll' (GetLastError=126)
LogWindows: File 'VSPerf140.dll' does not exist
LogWindows: Failed to load 'VtuneApi.dll' (GetLastError=126)
LogWindows: File 'VtuneApi.dll' does not exist
LogWindows: Failed to load 'VtuneApi32e.dll' (GetLastError=126)
LogWindows: File 'VtuneApi32e.dll' does not exist
LogInit: Display: Running engine for game: FightingGame
LogPlatformFile: Not using cached read wrapper
LogTaskGraph: Started task graph with 5 named threads and 23 total threads with 3 sets of task threads.
LogStats: Stats thread started at 0.466157
LogD3D11RHI: Loaded GFSDK_Aftermath_Lib.x64.dll
LogICUInternationalization: Display: ICU TimeZone Detection - Raw Offset: +0:00, Platform Override: ''
LogPluginManager: Mounting plugin Paper2D
LogPluginManager: Mounting plugin AISupport
LogPluginManager: Mounting plugin LightPropagationVolume
LogPluginManager: Mounting plugin CLionSourceCodeAccess
LogPluginManager: Mounting plugin CodeLiteSourceCodeAccess
LogPluginManager: Mounting plugin GitSourceControl
LogPluginManager: Mounting plugin KDevelopSourceCodeAccess
LogPluginManager: Mounting plugin NullSourceCodeAccess
LogPluginManager: Mounting plugin PerforceSourceControl
LogPluginManager: Mounting plugin SubversionSourceControl
LogPluginManager: Mounting plugin UObjectPlugin
LogPluginManager: Mounting plugin VisualStudioCodeSourceCodeAccess
LogPluginManager: Mounting plugin VisualStudioSourceCodeAccess
LogPluginManager: Mounting plugin XCodeSourceCodeAccess
LogPluginManager: Mounting plugin AssetManagerEditor
LogPluginManager: Mounting plugin CryptoKeys
LogPluginManager: Mounting plugin DataValidation
LogPluginManager: Mounting plugin FacialAnimation
LogPluginManager: Mounting plugin GameplayTagsEditor
LogPluginManager: Mounting plugin MacGraphicsSwitching
LogPluginManager: Mounting plugin MeshEditor
LogPluginManager: Mounting plugin MobileLauncherProfileWizard
LogPluginManager: Mounting plugin PluginBrowser
LogPluginManager: Mounting plugin SpeedTreeImporter
LogPluginManager: Mounting plugin DatasmithContent
LogPluginManager: Mounting plugin AlembicImporter
LogPluginManager: Mounting plugin AppleImageUtils
LogPluginManager: Mounting plugin AppleVision
LogPluginManager: Mounting plugin BackChannel
LogPluginManager: Mounting plugin CharacterAI
LogPluginManager: Mounting plugin GeometryCache
LogPluginManager: Mounting plugin HTML5Networking
LogPluginManager: Mounting plugin ProxyLODPlugin
LogPluginManager: Mounting plugin MagicLeap
LogPluginManager: Mounting plugin MagicLeapEmulator
LogPluginManager: Mounting plugin MagicLeapMedia
LogPluginManager: Mounting plugin AndroidMedia
LogPluginManager: Mounting plugin AvfMedia
LogPluginManager: Mounting plugin ImgMedia
LogPluginManager: Mounting plugin LinearTimecode
LogPluginManager: Mounting plugin MediaCompositing
LogPluginManager: Mounting plugin MediaPlayerEditor
LogPluginManager: Mounting plugin WmfMedia
LogPluginManager: Mounting plugin TcpMessaging
LogPluginManager: Mounting plugin UdpMessaging
LogPluginManager: Mounting plugin ActorSequence
LogPluginManager: Mounting plugin LevelSequenceEditor
LogPluginManager: Mounting plugin MatineeToLevelSequence
LogPluginManager: Mounting plugin NetcodeUnitTest
LogPluginManager: Mounting plugin NUTUnrealEngine4
LogPluginManager: Mounting plugin OnlineSubsystemGooglePlay
LogPluginManager: Mounting plugin OnlineSubsystemIOS
LogPluginManager: Mounting plugin OnlineSubsystem
LogPluginManager: Mounting plugin OnlineSubsystemNull
LogPluginManager: Mounting plugin OnlineSubsystemUtils
LogPluginManager: Mounting plugin LauncherChunkInstaller
LogPluginManager: Mounting plugin AndroidDeviceProfileSelector
LogPluginManager: Mounting plugin AndroidMoviePlayer
LogPluginManager: Mounting plugin AndroidPermission
LogPluginManager: Mounting plugin AppleMoviePlayer
LogPluginManager: Mounting plugin ArchVisCharacter
LogPluginManager: Mounting plugin AudioCapture
LogPluginManager: Mounting plugin CableComponent
LogPluginManager: Mounting plugin CustomMeshComponent
LogPluginManager: Mounting plugin EditableMesh
LogPluginManager: Mounting plugin ExampleDeviceProfileSelector
LogPluginManager: Mounting plugin GoogleCloudMessaging
LogPluginManager: Mounting plugin ImmediatePhysics
LogPluginManager: Mounting plugin IOSDeviceProfileSelector
LogPluginManager: Mounting plugin LinuxDeviceProfileSelector
LogPluginManager: Mounting plugin LocationServicesBPLibrary
LogPluginManager: Mounting plugin MobilePatchingUtils
LogPluginManager: Mounting plugin OculusVR
LogPluginManager: Plugin shader directory ../../../Engine/Plugins/Runtime/Oculus/OculusVR/Shaders found
LogPluginManager: Mapping shader source directory ../../../Engine/Plugins/Runtime/Oculus/OculusVR/Shaders to virtual directory /Plugin/OculusVR
LogPluginManager: Mounting plugin PhysXVehicles
LogPluginManager: Mounting plugin ProceduralMeshComponent
LogPluginManager: Mounting plugin RuntimePhysXCooking
LogPluginManager: Mounting plugin SteamVR
LogPluginManager: Mounting plugin WindowsMoviePlayer
LogStreaming: Display: Took  0.320s to configure plugins.
LogInit: Using libcurl 7.55.1-DEV
LogInit:  - built for x86_64-pc-win32
LogInit:  - supports SSL with OpenSSL/1.0.2h
LogInit:  - supports HTTP deflate (compression) using libz 1.2.8
LogInit:  - other features:
LogInit:      CURL_VERSION_SSL
LogInit:      CURL_VERSION_LIBZ
LogInit:      CURL_VERSION_IPV6
LogInit:      CURL_VERSION_ASYNCHDNS
LogInit:      CURL_VERSION_LARGEFILE
LogInit:      CURL_VERSION_IDN
LogInit:  CurlRequestOptions (configurable via config and command line):
LogInit:  - bVerifyPeer = false  - Libcurl will NOT verify peer certificate
LogInit:  - bUseHttpProxy = false  - Libcurl will NOT use HTTP proxy
LogInit:  - bDontReuseConnections = false  - Libcurl will reuse connections
LogInit:  - CertBundlePath = nullptr  - Libcurl will use whatever was configured at build time.
LogInit:  - MaxHostConnections = 16  - Libcurl will limit the number of connections to a host
LogInit:  - LocalHostAddr = Default
LogInit:  - BufferSize = 65536
LogInit: WinSock: version 1.1 (2.2), MaxSocks=32767, MaxUdp=65467
LogInit: Build: ++UE4+Release-4.20-CL-4369336
LogInit: Engine Version: 4.20.3-4369336+++UE4+Release-4.20
LogInit: Compatible Engine Version: 4.20.0-4212847+++UE4+Release-4.20
LogInit: Net CL: 4212847
LogInit: OS: Windows 10 (), CPU: Intel(R) Xeon(R) CPU E5-1620 v3 @ 3.50GHz, GPU: NVIDIA GeForce GTX 970
LogInit: Compiled (64-bit): Sep 17 2018 12:26:19
LogInit: Compiled with Visual C++: 19.13.26129.00
LogInit: Build Configuration: Development
LogInit: Branch Name: ++UE4+Release-4.20
LogInit: Command Line:  -skipcompile
LogInit: Base Directory: C:/Epic/UE4/UE_4.20/Engine/Binaries/Win64/
LogInit: Installed Engine Build: 1
LogDevObjectVersion: Number of dev versions registered: 20
LogDevObjectVersion:   Dev-Blueprints (B0D832E4-1F89-4F0D-ACCF-7EB736FD4AA2): 10
LogDevObjectVersion:   Dev-Build (E1C64328-A22C-4D53-A36C-8E866417BD8C): 0
LogDevObjectVersion:   Dev-Core (375EC13C-06E4-48FB-B500-84F0262A717E): 2
LogDevObjectVersion:   Dev-Editor (E4B068ED-F494-42E9-A231-DA0B2E46BB41): 24
LogDevObjectVersion:   Dev-Framework (CFFC743F-43B0-4480-9391-14DF171D2073): 34
LogDevObjectVersion:   Dev-Mobile (B02B49B5-BB20-44E9-A304-32B752E40360): 2
LogDevObjectVersion:   Dev-Networking (A4E4105C-59A1-49B5-A7C5-40C4547EDFEE): 0
LogDevObjectVersion:   Dev-Online (39C831C9-5AE6-47DC-9A44-9C173E1C8E7C): 0
LogDevObjectVersion:   Dev-Physics (78F01B33-EBEA-4F98-B9B4-84EACCB95AA2): 0
LogDevObjectVersion:   Dev-Platform (6631380F-2D4D-43E0-8009-CF276956A95A): 0
LogDevObjectVersion:   Dev-Rendering (12F88B9F-8875-4AFC-A67C-D90C383ABD29): 26
LogDevObjectVersion:   Dev-Sequencer (7B5AE74C-D270-4C10-A958-57980B212A5A): 9
LogDevObjectVersion:   Dev-VR (D7296918-1DD6-4BDD-9DE2-64A83CC13884): 2
LogDevObjectVersion:   Dev-LoadTimes (C2A15278-BFE7-4AFE-6C17-90FF531DF755): 1
LogDevObjectVersion:   Private-Geometry (6EACA3D4-40EC-4CC1-B786-8BED09428FC5): 3
LogDevObjectVersion:   Dev-AnimPhys (29E575DD-E0A3-4627-9D10-D276232CDCEA): 17
LogDevObjectVersion:   Dev-ReflectionCapture (6B266CEC-1EC7-4B8F-A30B-E4D90942FC07): 1
LogDevObjectVersion:   Dev-Automation (0DF73D61-A23F-47EA-B727-89E90C41499A): 1
LogDevObjectVersion:   FortniteMain (601D1886-AC64-4F84-AA16-D3DE0DEAC7D6): 12
LogDevObjectVersion:   Dev-Enterprise (9DFFBCD6-494F-0158-E221-12823C92A888): 1
LogStreaming: Display: Took  0.038s to delete old logs.
LogInit: Presizing for max 8388607 objects, including 0 objects not considered by GC, pre-allocating 0 bytes for permanent pool.
LogInit: Object subsystem initialized
[2018.11.23-19.32.09:362][  0]LogInit: Selected Device Profile: [Windows]
[2018.11.23-19.32.09:362][  0]LogInit: Applying CVar settings loaded from the selected device profile: [Windows]
[2018.11.23-19.32.09:397][  0]LogHAL: Display: Platform has ~ 16 GB [17082683392 / 17179869184 / 16], which maps to Larger [LargestMinGB=32, LargerMinGB=12, DefaultMinGB=8, SmallerMinGB=6, SmallestMinGB=0)
[2018.11.23-19.32.09:397][  0]LogInit: Setting Device Profile CVar: [[r.Vulkan.UseRealUBs:1]]
[2018.11.23-19.32.09:397][  0]LogInit: Going up to parent DeviceProfile []
[2018.11.23-19.32.09:398][  0]LogInit: Computer: D120-08
[2018.11.23-19.32.09:398][  0]LogInit: User: c016193g
[2018.11.23-19.32.09:398][  0]LogInit: CPU Page size=4096, Cores=4
[2018.11.23-19.32.09:398][  0]LogInit: High frequency timer resolution =3.410073 MHz
[2018.11.23-19.32.09:399][  0]LogMemory: Memory total: Physical=15.9GB (16GB approx)
[2018.11.23-19.32.09:399][  0]LogMemory: Platform Memory Stats for Windows
[2018.11.23-19.32.09:399][  0]LogMemory: Process Physical Memory: 100.76 MB used, 100.76 MB peak
[2018.11.23-19.32.09:399][  0]LogMemory: Process Virtual Memory: 90.94 MB used, 90.94 MB peak
[2018.11.23-19.32.09:399][  0]LogMemory: Physical Memory: 6766.63 MB used,  9524.69 MB free, 16291.32 MB total
[2018.11.23-19.32.09:399][  0]LogMemory: Virtual Memory: 4640.09 MB used,  9524.69 MB free, 134217728.00 MB total
[2018.11.23-19.32.09:662][  0]LogInit: Using OS detected language (en-US).
[2018.11.23-19.32.09:662][  0]LogInit: Using OS detected locale (en-GB).
[2018.11.23-19.32.09:663][  0]LogTextLocalizationManager: No specific localization for 'en-US' exists, so the 'en' localization will be used.
[2018.11.23-19.32.10:284][  0]LogStreaming: Display: Took  0.623s to InitEngineTextLocalization.
[2018.11.23-19.32.10:285][  0]LogInit: Setting process to per monitor DPI aware
[2018.11.23-19.32.10:488][  0]LogSlate: New Slate User Created.  User Index 0, Is Virtual User: 0
[2018.11.23-19.32.10:489][  0]LogSlate: Slate User Registered.  User Index 0, Is Virtual User: 0
[2018.11.23-19.32.17:070][  0]LogHMD: Failed to initialize OpenVR with code 110
[2018.11.23-19.32.17:070][  0]LogD3D11RHI: D3D11 adapters:
[2018.11.23-19.32.17:235][  0]LogD3D11RHI:    0. 'NVIDIA GeForce GTX 970' (Feature Level 11_0)
[2018.11.23-19.32.17:235][  0]LogD3D11RHI:       4043/0/8145 MB DedicatedVideo/DedicatedSystem/SharedSystem, Outputs:2, VendorId:0x10de
[2018.11.23-19.32.17:247][  0]LogD3D11RHI:    1. 'Microsoft Basic Render Driver' (Feature Level 11_0)
[2018.11.23-19.32.17:247][  0]LogD3D11RHI:       0/0/8145 MB DedicatedVideo/DedicatedSystem/SharedSystem, Outputs:0, VendorId:0x1414
[2018.11.23-19.32.17:247][  0]LogD3D11RHI: Chosen D3D11 Adapter: 0
[2018.11.23-19.32.17:267][  0]LogD3D11RHI: Creating new Direct3DDevice
[2018.11.23-19.32.17:267][  0]LogD3D11RHI:     GPU DeviceId: 0x13c2 (for the marketing name, search the web for "GPU Device Id")
[2018.11.23-19.32.17:267][  0]LogWindows: EnumDisplayDevices:
[2018.11.23-19.32.17:267][  0]LogWindows:    0. 'NVIDIA GeForce GTX 970' (P:1 D:1)
[2018.11.23-19.32.17:268][  0]LogWindows:    1. 'NVIDIA GeForce GTX 970' (P:0 D:1)
[2018.11.23-19.32.17:268][  0]LogWindows:    2. 'NVIDIA GeForce GTX 970' (P:0 D:0)
[2018.11.23-19.32.17:269][  0]LogWindows:    3. 'NVIDIA GeForce GTX 970' (P:0 D:0)
[2018.11.23-19.32.17:270][  0]LogWindows: DebugString: FoundDriverCount:4 
[2018.11.23-19.32.17:270][  0]LogD3D11RHI:     Adapter Name: NVIDIA GeForce GTX 970
[2018.11.23-19.32.17:270][  0]LogD3D11RHI:   Driver Version: 398.82 (internal:24.21.13.9882, unified:398.82)
[2018.11.23-19.32.17:270][  0]LogD3D11RHI:      Driver Date: 7-30-2018
[2018.11.23-19.32.17:270][  0]LogRHI: Texture pool is 2830 MB (70% of 4043 MB)
[2018.11.23-19.32.17:372][  0]LogD3D11RHI: Async texture creation enabled
[2018.11.23-19.32.17:391][  0]LogD3D11RHI: GPU Timing Frequency: 1000.000000 (Debug: 2 2)
[2018.11.23-19.32.17:396][  0]LogShaderCompilers: Guid format shader working directory is -26 characters bigger than the processId version (../../../../../../Users/c016193g/Documents/GitHub/FightingGame/FightingGame/Intermediate/Shaders/WorkingDirectory/9616/).
[2018.11.23-19.32.17:396][  0]LogShaderCompilers: Cleaned the shader compiler working directory 'C:/Users/c016193g/AppData/Local/Temp/UnrealShaderWorkingDir/3B6D2B1644F4480F65B2EEBAB0865843/'.
[2018.11.23-19.32.17:804][  0]LogTemp: Display: Loaded TP AllDesktopTargetPlatform
[2018.11.23-19.32.17:823][  0]LogTemp: Display: Loaded TP MacClientTargetPlatform
[2018.11.23-19.32.17:844][  0]LogTemp: Display: Loaded TP MacNoEditorTargetPlatform
[2018.11.23-19.32.17:864][  0]LogTemp: Display: Loaded TP MacServerTargetPlatform
[2018.11.23-19.32.17:906][  0]LogTemp: Display: Loaded TP MacTargetPlatform
[2018.11.23-19.32.17:943][  0]LogTemp: Display: Loaded TP WindowsClientTargetPlatform
[2018.11.23-19.32.17:965][  0]LogTemp: Display: Loaded TP WindowsNoEditorTargetPlatform
[2018.11.23-19.32.17:992][  0]LogTemp: Display: Loaded TP WindowsServerTargetPlatform
[2018.11.23-19.32.18:005][  0]LogTemp: Display: Loaded TP WindowsTargetPlatform
[2018.11.23-19.32.18:122][  0]LogTemp: Display: Loaded TP AndroidTargetPlatform
[2018.11.23-19.32.18:122][  0]LogTemp: Display: Loaded TP AndroidTargetPlatform
[2018.11.23-19.32.18:123][  0]LogTemp: Display: Loaded TP AndroidTargetPlatform
[2018.11.23-19.32.18:123][  0]LogTemp: Display: Loaded TP AndroidTargetPlatform
[2018.11.23-19.32.18:123][  0]LogTemp: Display: Loaded TP AndroidTargetPlatform
[2018.11.23-19.32.18:123][  0]LogTemp: Display: Loaded TP AndroidTargetPlatform
[2018.11.23-19.32.18:123][  0]LogTemp: Display: Loaded TP AndroidTargetPlatform
[2018.11.23-19.32.18:123][  0]LogTemp: Display: Loaded TP AndroidTargetPlatform
[2018.11.23-19.32.18:123][  0]LogTemp: Display: Loaded TP AndroidTargetPlatform
[2018.11.23-19.32.18:123][  0]LogTemp: Display: Loaded TP AndroidTargetPlatform
[2018.11.23-19.32.18:123][  0]LogTemp: Display: Loaded TP AndroidTargetPlatform
[2018.11.23-19.32.18:123][  0]LogTemp: Display: Loaded TP AndroidTargetPlatform
[2018.11.23-19.32.18:124][  0]LogTemp: Display: Loaded TP AndroidTargetPlatform
[2018.11.23-19.32.18:124][  0]LogTemp: Display: Loaded TP AndroidTargetPlatform
[2018.11.23-19.32.18:124][  0]LogTemp: Display: Loaded TP AndroidTargetPlatform
[2018.11.23-19.32.18:124][  0]LogTemp: Display: Loaded TP AndroidTargetPlatform
[2018.11.23-19.32.18:124][  0]LogTemp: Display: Loaded TP AndroidTargetPlatform
[2018.11.23-19.32.18:124][  0]LogTemp: Display: Loaded TP AndroidTargetPlatform
[2018.11.23-19.32.18:134][  0]LogTemp: Display: Loaded TP HTML5TargetPlatform
[2018.11.23-19.32.18:256][  0]LogTemp: Display: Loaded TP IOSTargetPlatform
[2018.11.23-19.32.18:256][  0]LogTemp: Display: Loaded TP IOSTargetPlatform
[2018.11.23-19.32.18:313][  0]LogTemp: Display: Loaded TP TVOSTargetPlatform
[2018.11.23-19.32.18:314][  0]LogTemp: Display: Loaded TP TVOSTargetPlatform
[2018.11.23-19.32.18:342][  0]LogTemp: Display: Loaded TP LinuxClientTargetPlatform
[2018.11.23-19.32.18:372][  0]LogTemp: Display: Loaded TP LinuxNoEditorTargetPlatform
[2018.11.23-19.32.18:396][  0]LogTemp: Display: Loaded TP LinuxServerTargetPlatform
[2018.11.23-19.32.18:426][  0]LogTemp: Display: Loaded TP LinuxTargetPlatform
[2018.11.23-19.32.18:443][  0]LogTemp: Display: Loaded TP LuminTargetPlatform
[2018.11.23-19.32.18:443][  0]LogTargetPlatformManager: Display: Building Assets For Windows
[2018.11.23-19.32.18:736][  0]LogXGEController: Cleaning working directory: C:/Users/c016193g/AppData/Local/Temp/UnrealXGEWorkingDir/
[2018.11.23-19.32.18:738][  0]LogXGEController: Cannot use XGE Controller as Incredibuild is not installed on this machine.
[2018.11.23-19.32.18:738][  0]LogShaderCompilers: Cannot use XGE Shader Compiler as Incredibuild is not installed on this machine.
[2018.11.23-19.32.18:739][  0]LogShaderCompilers: Display: Using Local Shader Compiler.
[2018.11.23-19.32.22:058][  0]LogDerivedDataCache: Display: Max Cache Size: 512 MB
[2018.11.23-19.32.22:401][  0]LogDerivedDataCache: Loaded boot cache 0.34s 71MB C:/Users/c016193g/AppData/Local/UnrealEngine/4.20/DerivedDataCache/Boot.ddc.
[2018.11.23-19.32.22:402][  0]LogDerivedDataCache: Display: Loaded Boot cache: C:/Users/c016193g/AppData/Local/UnrealEngine/4.20/DerivedDataCache/Boot.ddc
[2018.11.23-19.32.22:402][  0]LogDerivedDataCache: FDerivedDataBackendGraph:  Pak pak cache file ../../../../../../Users/c016193g/Documents/GitHub/FightingGame/FightingGame/DerivedDataCache/DDC.ddp not found, will not use a pak cache.
[2018.11.23-19.32.22:402][  0]LogDerivedDataCache: Unable to find inner node Pak for hierarchical cache Hierarchy.
[2018.11.23-19.32.22:403][  0]LogDerivedDataCache: FDerivedDataBackendGraph:  CompressedPak pak cache file ../../../../../../Users/c016193g/Documents/GitHub/FightingGame/FightingGame/DerivedDataCache/Compressed.ddp not found, will not use a pak cache.
[2018.11.23-19.32.22:403][  0]LogDerivedDataCache: Unable to find inner node CompressedPak for hierarchical cache Hierarchy.
[2018.11.23-19.32.22:416][  0]LogDerivedDataCache: Display: Pak cache opened for reading ../../../Engine/DerivedDataCache/Compressed.ddp.
[2018.11.23-19.32.22:430][  0]LogDerivedDataCache: Using Local data cache path C:/Users/c016193g/AppData/Local/UnrealEngine/Common/DerivedDataCache: Writable
[2018.11.23-19.32.22:430][  0]LogDerivedDataCache: Shared data cache path not found in *engine.ini, will not use an Shared cache.
[2018.11.23-19.32.22:430][  0]LogDerivedDataCache: Unable to find inner node Shared for hierarchical cache Hierarchy.
[2018.11.23-19.32.22:452][  0]LogMaterial: Verifying Global Shaders for PCD3D_SM5
[2018.11.23-19.32.22:454][  0]LogSlate: Using FreeType 2.6.0
[2018.11.23-19.32.22:483][  0]LogSlate: SlateFontServices - WITH_FREETYPE: 1, WITH_HARFBUZZ: 1
[2018.11.23-19.32.23:840][  0]LogAssetRegistry: FAssetRegistry took 0.0423 seconds to start up
[2018.11.23-19.32.24:343][  0]LogInit: Selected Device Profile: [Windows]
[2018.11.23-19.32.24:651][  0]LogSimplygon: Simplygon DLL not present - disabling.
[2018.11.23-19.32.24:663][  0]LogMeshReduction: Using SimplygonSwarm for distributed automatic mesh merging
[2018.11.23-19.32.24:663][  0]LogMeshReduction: Using ProxyLODMeshReduction for automatic mesh merging
[2018.11.23-19.32.24:664][  0]LogMeshReduction: Using QuadricMeshReduction for automatic static mesh reduction
[2018.11.23-19.32.24:664][  0]LogMeshReduction: No automatic skeletal mesh reduction module available
[2018.11.23-19.32.24:686][  0]LogNetVersion: FightingGame 1.0.0, NetCL: 4212847, EngineNetVer: 5, GameNetVer: 0 (Checksum: 156865789)
[2018.11.23-19.32.25:469][  0]LogPackageLocalizationCache: Processed 11 localized package path(s) for 2 prioritized culture(s) in 0.181911 seconds
[2018.11.23-19.32.25:477][  0]LogUObjectArray: 38425 objects as part of root set at end of initial load.
[2018.11.23-19.32.25:477][  0]LogUObjectAllocator: 6690872 out of 0 bytes used by permanent object pool.
[2018.11.23-19.32.25:477][  0]LogUObjectArray: CloseDisregardForGC: 0/0 objects in disregard for GC pool
[2018.11.23-19.32.45:757][  0]LogTcpMessaging: Initializing TcpMessaging bridge
[2018.11.23-19.32.45:774][  0]LogUdpMessaging: Initializing bridge on interface 0.0.0.0:0 to multicast group 230.0.0.1:6666.
[2018.11.23-19.32.46:416][  0]SourceControl: Source control is disabled
[2018.11.23-19.32.46:416][  0]SourceControl: Source control is disabled
[2018.11.23-19.32.46:426][  0]SourceControl: Source control is disabled
[2018.11.23-19.32.46:434][  0]SourceControl: Source control is disabled
[2018.11.23-19.32.47:029][  0]LogAndroidPermission: UAndroidPermissionCallbackProxy::GetInstance
[2018.11.23-19.32.47:147][  0]LogOcInput: OculusInput pre-init called
[2018.11.23-19.32.47:273][  0]LogEngine: Initializing Engine...
[2018.11.23-19.32.47:275][  0]LogHMD: Failed to initialize OpenVR with code 110
[2018.11.23-19.32.47:276][  0]LogStats: UGameplayTagsManager::ConstructGameplayTagTree: ImportINI prefixes -  0.000 s
[2018.11.23-19.32.47:276][  0]LogStats: UGameplayTagsManager::ConstructGameplayTagTree: Construct from data asset -  0.000 s
[2018.11.23-19.32.47:276][  0]LogStats: UGameplayTagsManager::ConstructGameplayTagTree: ImportINI -  0.000 s
[2018.11.23-19.32.47:277][  0]LogStats: UGameplayTagsManager::ConstructGameplayTagTree: GameplayTagTreeChangedEvent.Broadcast -  0.000 s
[2018.11.23-19.32.47:587][  0]LogInit: Initializing FReadOnlyCVARCache
[2018.11.23-19.32.47:621][  0]LogAIModule: Creating AISystem for world Untitled
[2018.11.23-19.32.47:644][  0]LogInit: XAudio2 using 'Speakers (Realtek High Definition Audio)' : 2 channels at 48 kHz using 32 bits per sample (channel mask 0x3)
[2018.11.23-19.32.47:690][  0]LogInit: FAudioDevice initialized.
[2018.11.23-19.32.47:690][  0]LogNetVersion: Set ProjectVersion to 1.0.0.0. Version Checksum will be recalculated on next use.
[2018.11.23-19.32.47:864][  0]LogDerivedDataCache: Saved boot cache 0.17s 71MB C:/Users/c016193g/AppData/Local/UnrealEngine/4.20/DerivedDataCache/Boot.ddc.
[2018.11.23-19.32.47:873][  0]LogInit: Texture streaming: Enabled
[2018.11.23-19.32.47:937][  0]LogEngineSessionManager: EngineSessionManager initialized
[2018.11.23-19.32.47:965][  0]LogInit: Transaction tracking system initialized
[2018.11.23-19.32.48:044][  0]BlueprintLog: New page: Editor Load
[2018.11.23-19.32.48:318][  0]LocalizationService: Localization service is disabled
[2018.11.23-19.32.48:857][  0]LogCook: Display: Max memory allowance for cook 16384mb min free memory 0mb
[2018.11.23-19.32.48:857][  0]LogCook: Display: Mobile HDR setting 1
[2018.11.23-19.32.48:858][  0]LogGameplayTags: Display: UGameplayTagsManager::DoneAddingNativeTags. DelegateIsBound: 0
[2018.11.23-19.32.48:858][  0]LogStats: UGameplayTagsManager::ConstructGameplayTagTree: ImportINI prefixes -  0.000 s
[2018.11.23-19.32.48:858][  0]LogStats: UGameplayTagsManager::ConstructGameplayTagTree: Construct from data asset -  0.000 s
[2018.11.23-19.32.48:858][  0]LogStats: UGameplayTagsManager::ConstructGameplayTagTree: ImportINI -  0.000 s
[2018.11.23-19.32.48:858][  0]LogStats: UGameplayTagsManager::ConstructGameplayTagTree: GameplayTagTreeChangedEvent.Broadcast -  0.000 s
[2018.11.23-19.32.49:118][  0]LogFileCache: Scanning file cache for directory 'C:/Users/c016193g/Documents/GitHub/FightingGame/FightingGame/Content/' took 0.03s
[2018.11.23-19.32.49:450][  0]SourceControl: Source control is disabled
[2018.11.23-19.32.49:450][  0]Cmd: MAP LOAD FILE="../../../../../../Users/c016193g/Documents/GitHub/FightingGame/FightingGame/Content/StarterContent/Maps/Minimal_Default.umap" TEMPLATE=0 SHOWPROGRESS=1 FEATURELEVEL=3
[2018.11.23-19.32.49:451][  0]LightingResults: New page: Lighting Build
[2018.11.23-19.32.49:457][  0]MapCheck: New page: Map Check
[2018.11.23-19.32.49:457][  0]LightingResults: New page: Lighting Build
[2018.11.23-19.32.49:950][  0]LogAIModule: Creating AISystem for world Minimal_Default
[2018.11.23-19.32.49:967][  0]LogEditorServer: Finished looking for orphan Actors (0.000 secs)
[2018.11.23-19.32.50:000][  0]Cmd: MAP CHECKDEP NOCLEARLOG
[2018.11.23-19.32.50:212][  0]MapCheck: Map check complete: 0 Error(s), 0 Warning(s), took 211.399ms to complete.
[2018.11.23-19.32.50:212][  0]LogFileHelpers: Loading map 'Minimal_Default' took 0.762
[2018.11.23-19.32.50:431][  0]LogSlate: Updating window title bar state: overlay mode, drag disabled, window buttons hidden, title bar hidden
[2018.11.23-19.32.50:441][  0]LogSlate: Updating window title bar state: overlay mode, drag disabled, window buttons hidden, title bar hidden
[2018.11.23-19.32.50:449][  0]LogSlate: Updating window title bar state: overlay mode, drag disabled, window buttons hidden, title bar hidden
[2018.11.23-19.32.50:458][  0]LogSlate: Updating window title bar state: overlay mode, drag disabled, window buttons hidden, title bar hidden
[2018.11.23-19.32.50:478][  0]LogCollectionManager: Loaded 0 collections in 0.004945 seconds
[2018.11.23-19.32.50:532][  0]LogFileCache: Scanning file cache for directory 'C:/Users/c016193g/Documents/GitHub/FightingGame/FightingGame/Saved/Collections/' took 0.01s
[2018.11.23-19.32.50:532][  0]LogFileCache: Scanning file cache for directory 'C:/Users/c016193g/Documents/GitHub/FightingGame/FightingGame/Content/Developers/c016193g/Collections/' took 0.01s
[2018.11.23-19.32.50:532][  0]LogFileCache: Scanning file cache for directory 'C:/Users/c016193g/Documents/GitHub/FightingGame/FightingGame/Content/Collections/' took 0.01s
[2018.11.23-19.32.50:533][  0]LogCollectionManager: Rebuilt the GUID cache for 0 collections in 0.000000 seconds
[2018.11.23-19.32.50:543][  0]LogContentBrowser: Native class hierarchy populated in 0.0105 seconds. Added 2575 classes and 605 folders.
[2018.11.23-19.32.50:555][  0]LogContentBrowser: Native class hierarchy updated for 'WidgetCarousel' in 0.0005 seconds. Added 0 classes and 0 folders.
[2018.11.23-19.32.51:427][  0]LogContentBrowser: Native class hierarchy updated for 'AddContentDialog' in 0.0013 seconds. Added 0 classes and 0 folders.
[2018.11.23-19.32.51:452][  0]LogContentBrowser: Native class hierarchy updated for 'SceneOutliner' in 0.0009 seconds. Added 1 classes and 2 folders.
[2018.11.23-19.32.51:563][  0]LogSlate: Took 0.069343 seconds to synchronously load lazily loaded font '../../../Engine/Content/Slate/Fonts/Roboto-Regular.ttf' (155K)
[2018.11.23-19.32.51:596][  0]LogSlate: Took 0.031186 seconds to synchronously load lazily loaded font '../../../Engine/Content/Slate/Fonts/Roboto-Bold.ttf' (160K)
[2018.11.23-19.32.51:620][  0]LogSlate: Took 0.017593 seconds to synchronously load lazily loaded font '../../../Engine/Content/Editor/Slate/Fonts/FontAwesome.ttf' (139K)
[2018.11.23-19.32.51:760][  0]LogRenderer: Reallocating scene render targets to support 1208x576 Format 10 NumSamples 1 (Frame:1).
[2018.11.23-19.32.51:878][  0]LogSlate: FSceneViewport::OnFocusLost() reason 2
[2018.11.23-19.32.51:908][  0]LogSlate: Window 'Tutorials' being destroyed
[2018.11.23-19.32.51:953][  0]LogContentBrowser: Native class hierarchy updated for 'HierarchicalLODOutliner' in 0.0007 seconds. Added 0 classes and 0 folders.
[2018.11.23-19.32.51:953][  0]LogLoad: (Engine Initialization) Total time: 47.55 seconds
[2018.11.23-19.32.51:953][  0]LogLoad: (Engine Initialization) Total Blueprint compile time: 0.00 seconds
[2018.11.23-19.32.51:985][  0]LogContentStreaming: Texture pool size now 1000 MB
[2018.11.23-19.32.52:045][  0]LogSlate: Took 0.015220 seconds to synchronously load lazily loaded font '../../../Engine/Content/Slate/Fonts/Roboto-Light.ttf' (167K)
[2018.11.23-19.32.52:066][  1]LogAssetRegistry: Asset discovery search completed in 28.2534 seconds
[2018.11.23-19.32.52:068][  1]LogCollectionManager: Rebuilt the object cache for 0 collections in 0.000001 seconds (found 0 objects)
[2018.11.23-19.32.52:068][  1]LogCollectionManager: Fixed up redirectors for 0 collections in 0.000170 seconds (updated 0 objects)
[2018.11.23-19.33.04:827][339]LogSlate: FSceneViewport::OnFocusLost() reason 0
[2018.11.23-19.33.05:677][407]LogTemp: Repeating last play command: Selected Viewport
[2018.11.23-19.33.05:694][407]LogBlueprintUserMessages: Early PlayInEditor Detection: Level '/Game/StarterContent/Maps/Minimal_Default.Minimal_Default:PersistentLevel' has LevelScriptBlueprint '/Game/StarterContent/Maps/Minimal_Default.Minimal_Default:PersistentLevel.Minimal_Default' with GeneratedClass '/Game/StarterContent/Maps/Minimal_Default.Minimal_Default_C' with ClassGeneratedBy '/Game/StarterContent/Maps/Minimal_Default.Minimal_Default:PersistentLevel.Minimal_Default'
[2018.11.23-19.33.05:694][407]LogPlayLevel: PlayLevel: No blueprints needed recompiling
[2018.11.23-19.33.05:715][407]PIE: New page: PIE session: Minimal_Default (23 Nov 2018 19:33:05)
[2018.11.23-19.33.05:715][407]LogPlayLevel: Creating play world package: /Game/StarterContent/Maps/UEDPIE_1_Minimal_Default
[2018.11.23-19.33.05:720][407]LogPlayLevel: PIE: StaticDuplicateObject took: (0.004701s)
[2018.11.23-19.33.05:721][407]LogAIModule: Creating AISystem for world Minimal_Default
[2018.11.23-19.33.05:721][407]LogPlayLevel: PIE: World Init took: (0.001119s)
[2018.11.23-19.33.05:721][407]LogPlayLevel: PIE: Created PIE world by copying editor world from /Game/StarterContent/Maps/Minimal_Default.Minimal_Default to /Game/StarterContent/Maps/UEDPIE_1_Minimal_Default.Minimal_Default (0.006203s)
[2018.11.23-19.33.05:750][407]LogInit: XAudio2 using 'Speakers (Realtek High Definition Audio)' : 2 channels at 48 kHz using 32 bits per sample (channel mask 0x3)
[2018.11.23-19.33.05:768][407]LogInit: FAudioDevice initialized.
[2018.11.23-19.33.05:858][407]LogLoad: Game class is 'FightingGameMode_C'
[2018.11.23-19.33.05:860][407]LogWorld: Bringing World /Game/StarterContent/Maps/UEDPIE_1_Minimal_Default.Minimal_Default up for play (max tick rate 0) at 2018.11.23-19.33.05
[2018.11.23-19.33.05:861][407]LogWorld: Bringing up level for play took: 0.001295
[2018.11.23-19.33.05:885][407]LogContentBrowser: Native class hierarchy updated for 'MovieSceneCapture' in 0.0006 seconds. Added 10 classes and 0 folders.
[2018.11.23-19.33.05:888][407]LogTemp: Display: ParseSettings for GameNetDriver
[2018.11.23-19.33.05:889][407]LogTemp: Display: ParseSettings for IpNetDriver_0
[2018.11.23-19.33.05:889][407]LogTemp: Display: ParseSettings for GameNetDriver
[2018.11.23-19.33.05:889][407]LogNet: ReplicationDriverClass is null! Not using ReplicationDriver.
[2018.11.23-19.33.05:890][407]LogInit: WinSock: Socket queue 131072 / 131072
[2018.11.23-19.33.05:898][407]LogInit: WinSock: I am d120-08 (10.6.113.53:0)
[2018.11.23-19.33.05:898][407]PacketHandlerLog: Loaded PacketHandler component: Engine.EngineHandlerComponentFactory (StatelessConnectHandlerComponent)
[2018.11.23-19.33.05:899][407]LogNet: GameNetDriver IpNetDriver_0 IpNetDriver listening on port 17777
[2018.11.23-19.33.05:900][407]PIE: Play in editor start time for /Game/StarterContent/Maps/UEDPIE_1_Minimal_Default 0.442
[2018.11.23-19.33.05:909][407]PIE: New page: PIE session: Minimal_Default (23 Nov 2018 19:33:05)
[2018.11.23-19.33.05:921][407]LogSlate: FSceneViewport::OnFocusLost() reason 2
[2018.11.23-19.33.05:926][407]LogSlate: Updating window title bar state: overlay mode, drag disabled, window buttons hidden, title bar hidden
[2018.11.23-19.33.05:988][407]LogNet: Browse: 127.0.0.1:17777//Game/StarterContent/Maps/Minimal_Default
[2018.11.23-19.33.05:988][407]LogTemp: Display: ParseSettings for GameNetDriver
[2018.11.23-19.33.05:988][407]LogTemp: Display: ParseSettings for IpNetDriver_1
[2018.11.23-19.33.05:989][407]LogTemp: Display: ParseSettings for PendingNetDriver
[2018.11.23-19.33.05:989][407]LogInit: WinSock: Socket queue 32768 / 32768
[2018.11.23-19.33.05:991][407]PacketHandlerLog: Loaded PacketHandler component: Engine.EngineHandlerComponentFactory (StatelessConnectHandlerComponent)
[2018.11.23-19.33.05:991][407]LogNet: Game client on port 17777, rate 10000
[2018.11.23-19.33.05:995][407]PIE: Play in editor start time for /Game/StarterContent/Maps/Minimal_Default 0.537
[2018.11.23-19.33.06:007][407]LogBlueprintUserMessages: Late PlayInEditor Detection: Level '/Game/StarterContent/Maps/Minimal_Default.Minimal_Default:PersistentLevel' has LevelScriptBlueprint '/Game/StarterContent/Maps/Minimal_Default.Minimal_Default:PersistentLevel.Minimal_Default' with GeneratedClass '/Game/StarterContent/Maps/Minimal_Default.Minimal_Default_C' with ClassGeneratedBy '/Game/StarterContent/Maps/Minimal_Default.Minimal_Default:PersistentLevel.Minimal_Default'
[2018.11.23-19.33.06:007][407]LogNet: NotifyAcceptingConnection accepted from: 127.0.0.1:53022
[2018.11.23-19.33.06:008][407]LogHandshake: SendConnectChallenge. Timestamp: 0.008334, Cookie: 103179020076109238168240210138217231118029190052132120199047
[2018.11.23-19.33.06:017][407]LogHandshake: SendChallengeResponse. Timestamp: 0.008334, Cookie: 103179020076109238168240210138217231118029190052132120199047
[2018.11.23-19.33.06:095][408]LogNet: NotifyAcceptingConnection accepted from: 127.0.0.1:53022
[2018.11.23-19.33.06:095][408]LogHandshake: SendChallengeAck. InCookie: 103179020076109238168240210138217231118029190052132120199047
[2018.11.23-19.33.06:095][408]LogNet: Server accepting post-challenge connection from: 127.0.0.1:53022
[2018.11.23-19.33.06:095][408]PacketHandlerLog: Loaded PacketHandler component: Engine.EngineHandlerComponentFactory (StatelessConnectHandlerComponent)
[2018.11.23-19.33.06:096][408]LogNet: NotifyAcceptedConnection: Name: Minimal_Default, TimeStamp: 11/23/18 19:33:06, [UNetConnection] RemoteAddr: 127.0.0.1:53022, Name: IpConnection_1, Driver: GameNetDriver IpNetDriver_0, IsServer: YES, PC: NULL, Owner: NULL, UniqueId: INVALID
[2018.11.23-19.33.06:096][408]LogNet: AddClientConnection: Added client connection: [UNetConnection] RemoteAddr: 127.0.0.1:53022, Name: IpConnection_1, Driver: GameNetDriver IpNetDriver_0, IsServer: YES, PC: NULL, Owner: NULL, UniqueId: INVALID
[2018.11.23-19.33.06:097][408]LogNetVersion: FightingGame 1.0.0.0, NetCL: 4212847, EngineNetVer: 5, GameNetVer: 0 (Checksum: 4124689447)
[2018.11.23-19.33.06:097][408]LogNet: UPendingNetGame::SendInitialJoin: Sending hello. [UNetConnection] RemoteAddr: 127.0.0.1:17777, Name: IpConnection_0, Driver: PendingNetDriver IpNetDriver_1, IsServer: NO, PC: NULL, Owner: NULL, UniqueId: INVALID
[2018.11.23-19.33.06:121][409]LogNet: NotifyAcceptingChannel Control 0 server World /Game/StarterContent/Maps/UEDPIE_1_Minimal_Default.Minimal_Default: Accepted
[2018.11.23-19.33.06:122][409]LogNet: Remote platform little endian=1
[2018.11.23-19.33.06:122][409]LogNet: This platform little endian=1
[2018.11.23-19.33.06:145][410]LogNet: Login request: /Game/StarterContent/Maps/Minimal_Default?Name=d120-08-BDAD93654BF32714AA890387C4A500FC userId: d120-08-BDAD93654BF32714AA890387C4A500FC
[2018.11.23-19.33.06:146][410]LogNet: Welcomed by server (Level: /Game/StarterContent/Maps/UEDPIE_1_Minimal_Default, Game: /Game/FightingGameMode.FightingGameMode_C)
[2018.11.23-19.33.06:147][410]LogLoad: LoadMap: 127.0.0.1:17777//Game/StarterContent/Maps/UEDPIE_1_Minimal_Default?game=/Game/FightingGameMode.FightingGameMode_C
[2018.11.23-19.33.06:181][410]LogAIModule: Creating AISystem for world Minimal_Default
[2018.11.23-19.33.06:181][410]LogTemp: Display: ParseSettings for GameNetDriver
[2018.11.23-19.33.06:183][410]LogWorld: Bringing World /Game/StarterContent/Maps/UEDPIE_2_Minimal_Default.Minimal_Default up for play (max tick rate 0) at 2018.11.23-19.33.06
[2018.11.23-19.33.06:183][410]LogWorld: Bringing up level for play took: 0.001260
[2018.11.23-19.33.06:184][410]LogLoad: Took 0.037341 seconds to LoadMap(/Game/StarterContent/Maps/UEDPIE_1_Minimal_Default)
[2018.11.23-19.33.06:202][411]LogNet: Client netspeed is 10000
[2018.11.23-19.33.06:203][411]LogNet: Join request: /Game/StarterContent/Maps/Minimal_Default?Name=d120-08-BDAD93654BF32714AA890387C4A500FC?SplitscreenCount=1
[2018.11.23-19.33.06:203][411]LogOnline: Warning: OSS: No game present to join for session (GameSession)
[2018.11.23-19.33.06:206][411]LogNet: Join succeeded: d120-08-BDAD93654BF3
[2018.11.23-19.33.06:220][412]LogRenderer: Reallocating scene render targets to support 1280x720 Format 10 NumSamples 1 (Frame:1).
[2018.11.23-19.33.06:258][413]LogOnline: Warning: OSS: No game present to join for session (GameSession)
[2018.11.23-19.33.06:272][414]LogOnline: Warning: OSS: No game present to join for session (GameSession)
[2018.11.23-19.33.24:503][589]LogBlueprintUserMessages: Early EndPlayMap Detection: Level '/Game/StarterContent/Maps/Minimal_Default.Minimal_Default:PersistentLevel' has LevelScriptBlueprint '/Game/StarterContent/Maps/Minimal_Default.Minimal_Default:PersistentLevel.Minimal_Default' with GeneratedClass '/Game/StarterContent/Maps/Minimal_Default.Minimal_Default_C' with ClassGeneratedBy '/Game/StarterContent/Maps/Minimal_Default.Minimal_Default:PersistentLevel.Minimal_Default'
[2018.11.23-19.33.24:503][589]LogSlate: Updating window title bar state: overlay mode, drag disabled, window buttons hidden, title bar hidden
[2018.11.23-19.33.24:522][589]LogSlate: Window 'FightingGame Game Preview Client 1 (64-bit/PCD3D_SM5)' being destroyed
[2018.11.23-19.33.24:562][589]LogOnline: Warning: OSS: No game present to leave for session (GameSession)
[2018.11.23-19.33.24:562][589]LogSlate: Updating window title bar state: overlay mode, drag disabled, window buttons hidden, title bar hidden
[2018.11.23-19.33.24:597][589]LogPlayLevel: Display: Shutting down PIE online subsystems
[2018.11.23-19.33.24:598][589]LogBlueprintUserMessages: Late EndPlayMap Detection: Level '/Game/StarterContent/Maps/Minimal_Default.Minimal_Default:PersistentLevel' has LevelScriptBlueprint '/Game/StarterContent/Maps/Minimal_Default.Minimal_Default:PersistentLevel.Minimal_Default' with GeneratedClass '/Game/StarterContent/Maps/Minimal_Default.Minimal_Default_C' with ClassGeneratedBy '/Game/StarterContent/Maps/Minimal_Default.Minimal_Default:PersistentLevel.Minimal_Default'
[2018.11.23-19.33.24:620][589]LogNet: UChannel::CleanUp: ChIndex == 0. Closing connection. [UChannel] ChIndex: 0, Closing: 0 [UNetConnection] RemoteAddr: 127.0.0.1:53022, Name: IpConnection_1, Driver: GameNetDriver IpNetDriver_0, IsServer: YES, PC: PlayerController_1, Owner: PlayerController_1, UniqueId: NULL:d120-08-BDAD93654BF32714AA890387C4A500FC
[2018.11.23-19.33.24:620][589]LogNet: UNetConnection::Close: [UNetConnection] RemoteAddr: 127.0.0.1:53022, Name: IpConnection_1, Driver: GameNetDriver IpNetDriver_0, IsServer: YES, PC: PlayerController_1, Owner: PlayerController_1, UniqueId: NULL:d120-08-BDAD93654BF32714AA890387C4A500FC, Channels: 2, Time: 2018.11.23-19.33.24
[2018.11.23-19.33.24:620][589]LogNet: UChannel::Close: Sending CloseBunch. ChIndex == 0. Name: [UChannel] ChIndex: 0, Closing: 0 [UNetConnection] RemoteAddr: 127.0.0.1:53022, Name: IpConnection_1, Driver: GameNetDriver IpNetDriver_0, IsServer: YES, PC: PlayerController_1, Owner: PlayerController_1, UniqueId: NULL:d120-08-BDAD93654BF32714AA890387C4A500FC
[2018.11.23-19.33.24:620][589]LogNet: UChannel::CleanUp: ChIndex == 0. Closing connection. [UChannel] ChIndex: 0, Closing: 0 [UNetConnection] RemoteAddr: 127.0.0.1:17777, Name: IpConnection_0, Driver: GameNetDriver IpNetDriver_1, IsServer: NO, PC: None, Owner: None, UniqueId: NULL:d120-08-BDAD93654BF32714AA890387C4A500FC
[2018.11.23-19.33.24:620][589]LogNet: UNetConnection::Close: [UNetConnection] RemoteAddr: 127.0.0.1:17777, Name: IpConnection_0, Driver: GameNetDriver IpNetDriver_1, IsServer: NO, PC: None, Owner: None, UniqueId: NULL:d120-08-BDAD93654BF32714AA890387C4A500FC, Channels: 2, Time: 2018.11.23-19.33.24
[2018.11.23-19.33.24:620][589]LogNet: UChannel::Close: Sending CloseBunch. ChIndex == 0. Name: [UChannel] ChIndex: 0, Closing: 0 [UNetConnection] RemoteAddr: 127.0.0.1:17777, Name: IpConnection_0, Driver: GameNetDriver IpNetDriver_1, IsServer: NO, PC: None, Owner: None, UniqueId: NULL:d120-08-BDAD93654BF32714AA890387C4A500FC
[2018.11.23-19.33.24:624][589]LogSlate: Updating window title bar state: overlay mode, drag disabled, window buttons hidden, title bar hidden
[2018.11.23-19.33.24:625][589]LogExit: GameNetDriver None shut down
[2018.11.23-19.33.24:625][589]LogExit: GameNetDriver None shut down
[2018.11.23-19.33.24:651][590]LogPlayLevel: Display: Destroying online subsystem :Context_2
[2018.11.23-19.33.24:651][590]LogPlayLevel: Display: Destroying online subsystem :Context_1
[2018.11.23-19.33.27:221][874]LogEditorViewport: Clicking on Actor (LMB): StaticMeshActor (Floor)
[2018.11.23-19.33.28:255][879]LogEditorViewport: Clicking on Actor (LMB): StaticMeshActor (Floor)
[2018.11.23-19.33.29:565][  7]LogSlate: FSceneViewport::OnFocusLost() reason 0
[2018.11.23-19.33.32:359][313]LogTemp: Repeating last play command: Selected Viewport
[2018.11.23-19.33.32:376][313]LogBlueprintUserMessages: Early PlayInEditor Detection: Level '/Game/StarterContent/Maps/Minimal_Default.Minimal_Default:PersistentLevel' has LevelScriptBlueprint '/Game/StarterContent/Maps/Minimal_Default.Minimal_Default:PersistentLevel.Minimal_Default' with GeneratedClass '/Game/StarterContent/Maps/Minimal_Default.Minimal_Default_C' with ClassGeneratedBy '/Game/StarterContent/Maps/Minimal_Default.Minimal_Default:PersistentLevel.Minimal_Default'
[2018.11.23-19.33.32:377][313]LogPlayLevel: PlayLevel: No blueprints needed recompiling
[2018.11.23-19.33.32:382][313]PIE: New page: PIE session: Minimal_Default (23 Nov 2018 19:33:32)
[2018.11.23-19.33.32:382][313]LogPlayLevel: Creating play world package: /Game/StarterContent/Maps/UEDPIE_1_Minimal_Default
[2018.11.23-19.33.32:386][313]LogPlayLevel: PIE: StaticDuplicateObject took: (0.003822s)
[2018.11.23-19.33.32:387][313]LogAIModule: Creating AISystem for world Minimal_Default
[2018.11.23-19.33.32:387][313]LogPlayLevel: PIE: World Init took: (0.001362s)
[2018.11.23-19.33.32:388][313]LogPlayLevel: PIE: Created PIE world by copying editor world from /Game/StarterContent/Maps/Minimal_Default.Minimal_Default to /Game/StarterContent/Maps/UEDPIE_1_Minimal_Default.Minimal_Default (0.005662s)
[2018.11.23-19.33.32:416][313]LogInit: XAudio2 using 'Speakers (Realtek High Definition Audio)' : 2 channels at 48 kHz using 32 bits per sample (channel mask 0x3)
[2018.11.23-19.33.32:431][313]LogInit: FAudioDevice initialized.
[2018.11.23-19.33.32:465][313]LogLoad: Game class is 'FightingGameMode_C'
[2018.11.23-19.33.32:467][313]LogWorld: Bringing World /Game/StarterContent/Maps/UEDPIE_1_Minimal_Default.Minimal_Default up for play (max tick rate 0) at 2018.11.23-19.33.32
[2018.11.23-19.33.32:467][313]LogWorld: Bringing up level for play took: 0.000910
[2018.11.23-19.33.32:482][313]LogTemp: Display: ParseSettings for GameNetDriver
[2018.11.23-19.33.32:482][313]LogTemp: Display: ParseSettings for IpNetDriver_2
[2018.11.23-19.33.32:482][313]LogTemp: Display: ParseSettings for GameNetDriver
[2018.11.23-19.33.32:482][313]LogNet: ReplicationDriverClass is null! Not using ReplicationDriver.
[2018.11.23-19.33.32:482][313]LogInit: WinSock: Socket queue 131072 / 131072
[2018.11.23-19.33.32:483][313]PacketHandlerLog: Loaded PacketHandler component: Engine.EngineHandlerComponentFactory (StatelessConnectHandlerComponent)
[2018.11.23-19.33.32:483][313]LogNet: GameNetDriver IpNetDriver_2 IpNetDriver listening on port 17777
[2018.11.23-19.33.32:483][313]PIE: Play in editor start time for /Game/StarterContent/Maps/UEDPIE_1_Minimal_Default 1.026
[2018.11.23-19.33.32:488][313]PIE: New page: PIE session: Minimal_Default (23 Nov 2018 19:33:32)
[2018.11.23-19.33.32:496][313]LogSlate: FSceneViewport::OnFocusLost() reason 2
[2018.11.23-19.33.32:500][313]LogSlate: Updating window title bar state: overlay mode, drag disabled, window buttons hidden, title bar hidden
[2018.11.23-19.33.32:547][313]LogNet: Browse: 127.0.0.1:17777//Game/StarterContent/Maps/Minimal_Default
[2018.11.23-19.33.32:547][313]LogTemp: Display: ParseSettings for GameNetDriver
[2018.11.23-19.33.32:547][313]LogTemp: Display: ParseSettings for IpNetDriver_3
[2018.11.23-19.33.32:548][313]LogTemp: Display: ParseSettings for PendingNetDriver
[2018.11.23-19.33.32:548][313]LogInit: WinSock: Socket queue 32768 / 32768
[2018.11.23-19.33.32:549][313]PacketHandlerLog: Loaded PacketHandler component: Engine.EngineHandlerComponentFactory (StatelessConnectHandlerComponent)
[2018.11.23-19.33.32:549][313]LogNet: Game client on port 17777, rate 10000
[2018.11.23-19.33.32:552][313]PIE: Play in editor start time for /Game/StarterContent/Maps/Minimal_Default 1.094
[2018.11.23-19.33.32:566][313]LogBlueprintUserMessages: Late PlayInEditor Detection: Level '/Game/StarterContent/Maps/Minimal_Default.Minimal_Default:PersistentLevel' has LevelScriptBlueprint '/Game/StarterContent/Maps/Minimal_Default.Minimal_Default:PersistentLevel.Minimal_Default' with GeneratedClass '/Game/StarterContent/Maps/Minimal_Default.Minimal_Default_C' with ClassGeneratedBy '/Game/StarterContent/Maps/Minimal_Default.Minimal_Default:PersistentLevel.Minimal_Default'
[2018.11.23-19.33.32:566][313]LogNet: NotifyAcceptingConnection accepted from: 127.0.0.1:51156
[2018.11.23-19.33.32:566][313]LogHandshake: SendConnectChallenge. Timestamp: 0.010091, Cookie: 102103079014019253187252138075045231012181199125255172086031
[2018.11.23-19.33.32:568][313]LogHandshake: SendChallengeResponse. Timestamp: 0.010091, Cookie: 102103079014019253187252138075045231012181199125255172086031
[2018.11.23-19.33.32:632][314]LogNet: NotifyAcceptingConnection accepted from: 127.0.0.1:51156
[2018.11.23-19.33.32:632][314]LogHandshake: SendChallengeAck. InCookie: 102103079014019253187252138075045231012181199125255172086031
[2018.11.23-19.33.32:633][314]LogNet: Server accepting post-challenge connection from: 127.0.0.1:51156
[2018.11.23-19.33.32:633][314]PacketHandlerLog: Loaded PacketHandler component: Engine.EngineHandlerComponentFactory (StatelessConnectHandlerComponent)
[2018.11.23-19.33.32:633][314]LogNet: NotifyAcceptedConnection: Name: Minimal_Default, TimeStamp: 11/23/18 19:33:32, [UNetConnection] RemoteAddr: 127.0.0.1:51156, Name: IpConnection_3, Driver: GameNetDriver IpNetDriver_2, IsServer: YES, PC: NULL, Owner: NULL, UniqueId: INVALID
[2018.11.23-19.33.32:633][314]LogNet: AddClientConnection: Added client connection: [UNetConnection] RemoteAddr: 127.0.0.1:51156, Name: IpConnection_3, Driver: GameNetDriver IpNetDriver_2, IsServer: YES, PC: NULL, Owner: NULL, UniqueId: INVALID
[2018.11.23-19.33.32:634][314]LogNet: UPendingNetGame::SendInitialJoin: Sending hello. [UNetConnection] RemoteAddr: 127.0.0.1:17777, Name: IpConnection_2, Driver: PendingNetDriver IpNetDriver_3, IsServer: NO, PC: NULL, Owner: NULL, UniqueId: INVALID
[2018.11.23-19.33.32:644][315]LogNet: NotifyAcceptingChannel Control 0 server World /Game/StarterContent/Maps/UEDPIE_1_Minimal_Default.Minimal_Default: Accepted
[2018.11.23-19.33.32:644][315]LogNet: Remote platform little endian=1
[2018.11.23-19.33.32:645][315]LogNet: This platform little endian=1
[2018.11.23-19.33.32:667][316]LogNet: Login request: /Game/StarterContent/Maps/Minimal_Default?Name=d120-08-7A208C7045F65B46E976508BBD3855D3 userId: d120-08-7A208C7045F65B46E976508BBD3855D3
[2018.11.23-19.33.32:668][316]LogNet: Welcomed by server (Level: /Game/StarterContent/Maps/UEDPIE_1_Minimal_Default, Game: /Game/FightingGameMode.FightingGameMode_C)
[2018.11.23-19.33.32:669][316]LogLoad: LoadMap: 127.0.0.1:17777//Game/StarterContent/Maps/UEDPIE_1_Minimal_Default?game=/Game/FightingGameMode.FightingGameMode_C
[2018.11.23-19.33.32:698][316]LogAIModule: Creating AISystem for world Minimal_Default
[2018.11.23-19.33.32:698][316]LogTemp: Display: ParseSettings for GameNetDriver
[2018.11.23-19.33.32:700][316]LogWorld: Bringing World /Game/StarterContent/Maps/UEDPIE_2_Minimal_Default.Minimal_Default up for play (max tick rate 0) at 2018.11.23-19.33.32
[2018.11.23-19.33.32:700][316]LogWorld: Bringing up level for play took: 0.000936
[2018.11.23-19.33.32:700][316]LogLoad: Took 0.031757 seconds to LoadMap(/Game/StarterContent/Maps/UEDPIE_1_Minimal_Default)
[2018.11.23-19.33.32:716][317]LogNet: Client netspeed is 10000
[2018.11.23-19.33.32:717][317]LogNet: Join request: /Game/StarterContent/Maps/Minimal_Default?Name=d120-08-7A208C7045F65B46E976508BBD3855D3?SplitscreenCount=1
[2018.11.23-19.33.32:717][317]LogOnline: Warning: OSS: No game present to join for session (GameSession)
[2018.11.23-19.33.32:719][317]LogNet: Join succeeded: d120-08-7A208C7045F6
[2018.11.23-19.33.32:762][321]LogOnline: Warning: OSS: No game present to join for session (GameSession)
[2018.11.23-19.33.32:787][324]LogOnline: Warning: OSS: No game present to join for session (GameSession)
[2018.11.23-19.33.40:111][199]LogBlueprintUserMessages: Early EndPlayMap Detection: Level '/Game/StarterContent/Maps/Minimal_Default.Minimal_Default:PersistentLevel' has LevelScriptBlueprint '/Game/StarterContent/Maps/Minimal_Default.Minimal_Default:PersistentLevel.Minimal_Default' with GeneratedClass '/Game/StarterContent/Maps/Minimal_Default.Minimal_Default_C' with ClassGeneratedBy '/Game/StarterContent/Maps/Minimal_Default.Minimal_Default:PersistentLevel.Minimal_Default'
[2018.11.23-19.33.40:111][199]LogSlate: Updating window title bar state: overlay mode, drag disabled, window buttons hidden, title bar hidden
[2018.11.23-19.33.40:130][199]LogSlate: Window 'FightingGame Game Preview Client 1 (64-bit/PCD3D_SM5)' being destroyed
[2018.11.23-19.33.40:161][199]LogOnline: Warning: OSS: No game present to leave for session (GameSession)
[2018.11.23-19.33.40:161][199]LogSlate: Updating window title bar state: overlay mode, drag disabled, window buttons hidden, title bar hidden
[2018.11.23-19.33.40:200][199]LogPlayLevel: Display: Shutting down PIE online subsystems
[2018.11.23-19.33.40:200][199]LogBlueprintUserMessages: Late EndPlayMap Detection: Level '/Game/StarterContent/Maps/Minimal_Default.Minimal_Default:PersistentLevel' has LevelScriptBlueprint '/Game/StarterContent/Maps/Minimal_Default.Minimal_Default:PersistentLevel.Minimal_Default' with GeneratedClass '/Game/StarterContent/Maps/Minimal_Default.Minimal_Default_C' with ClassGeneratedBy '/Game/StarterContent/Maps/Minimal_Default.Minimal_Default:PersistentLevel.Minimal_Default'
[2018.11.23-19.33.40:235][199]LogNet: UChannel::CleanUp: ChIndex == 0. Closing connection. [UChannel] ChIndex: 0, Closing: 0 [UNetConnection] RemoteAddr: 127.0.0.1:51156, Name: IpConnection_3, Driver: GameNetDriver IpNetDriver_2, IsServer: YES, PC: None, Owner: None, UniqueId: NULL:d120-08-7A208C7045F65B46E976508BBD3855D3
[2018.11.23-19.33.40:236][199]LogNet: UNetConnection::Close: [UNetConnection] RemoteAddr: 127.0.0.1:51156, Name: IpConnection_3, Driver: GameNetDriver IpNetDriver_2, IsServer: YES, PC: None, Owner: None, UniqueId: NULL:d120-08-7A208C7045F65B46E976508BBD3855D3, Channels: 2, Time: 2018.11.23-19.33.40
[2018.11.23-19.33.40:236][199]LogNet: UChannel::Close: Sending CloseBunch. ChIndex == 0. Name: [UChannel] ChIndex: 0, Closing: 0 [UNetConnection] RemoteAddr: 127.0.0.1:51156, Name: IpConnection_3, Driver: GameNetDriver IpNetDriver_2, IsServer: YES, PC: None, Owner: None, UniqueId: NULL:d120-08-7A208C7045F65B46E976508BBD3855D3
[2018.11.23-19.33.40:236][199]LogNet: UChannel::CleanUp: ChIndex == 0. Closing connection. [UChannel] ChIndex: 0, Closing: 0 [UNetConnection] RemoteAddr: 127.0.0.1:17777, Name: IpConnection_2, Driver: GameNetDriver IpNetDriver_3, IsServer: NO, PC: None, Owner: None, UniqueId: NULL:d120-08-7A208C7045F65B46E976508BBD3855D3
[2018.11.23-19.33.40:236][199]LogNet: UNetConnection::Close: [UNetConnection] RemoteAddr: 127.0.0.1:17777, Name: IpConnection_2, Driver: GameNetDriver IpNetDriver_3, IsServer: NO, PC: None, Owner: None, UniqueId: NULL:d120-08-7A208C7045F65B46E976508BBD3855D3, Channels: 2, Time: 2018.11.23-19.33.40
[2018.11.23-19.33.40:236][199]LogNet: UChannel::Close: Sending CloseBunch. ChIndex == 0. Name: [UChannel] ChIndex: 0, Closing: 0 [UNetConnection] RemoteAddr: 127.0.0.1:17777, Name: IpConnection_2, Driver: GameNetDriver IpNetDriver_3, IsServer: NO, PC: None, Owner: None, UniqueId: NULL:d120-08-7A208C7045F65B46E976508BBD3855D3
[2018.11.23-19.33.40:240][199]LogSlate: Updating window title bar state: overlay mode, drag disabled, window buttons hidden, title bar hidden
[2018.11.23-19.33.40:241][199]LogExit: GameNetDriver None shut down
[2018.11.23-19.33.40:242][199]LogExit: GameNetDriver None shut down
[2018.11.23-19.33.40:266][200]LogPlayLevel: Display: Destroying online subsystem :Context_7
[2018.11.23-19.33.40:266][200]LogPlayLevel: Display: Destroying online subsystem :Context_6
[2018.11.23-19.35.26:451][ 60]LogSlate: FSceneViewport::OnFocusLost() reason 0
[2018.11.23-19.35.26:526][ 69]LogTemp: Repeating last play command: Selected Viewport
[2018.11.23-19.35.26:547][ 69]LogBlueprintUserMessages: Early PlayInEditor Detection: Level '/Game/StarterContent/Maps/Minimal_Default.Minimal_Default:PersistentLevel' has LevelScriptBlueprint '/Game/StarterContent/Maps/Minimal_Default.Minimal_Default:PersistentLevel.Minimal_Default' with GeneratedClass '/Game/StarterContent/Maps/Minimal_Default.Minimal_Default_C' with ClassGeneratedBy '/Game/StarterContent/Maps/Minimal_Default.Minimal_Default:PersistentLevel.Minimal_Default'
[2018.11.23-19.35.26:547][ 69]LogPlayLevel: PlayLevel: No blueprints needed recompiling
[2018.11.23-19.35.26:553][ 69]PIE: New page: PIE session: Minimal_Default (23 Nov 2018 19:35:26)
[2018.11.23-19.35.26:553][ 69]LogPlayLevel: Creating play world package: /Game/StarterContent/Maps/UEDPIE_1_Minimal_Default
[2018.11.23-19.35.26:557][ 69]LogPlayLevel: PIE: StaticDuplicateObject took: (0.003912s)
[2018.11.23-19.35.26:559][ 69]LogAIModule: Creating AISystem for world Minimal_Default
[2018.11.23-19.35.26:559][ 69]LogPlayLevel: PIE: World Init took: (0.001883s)
[2018.11.23-19.35.26:559][ 69]LogPlayLevel: PIE: Created PIE world by copying editor world from /Game/StarterContent/Maps/Minimal_Default.Minimal_Default to /Game/StarterContent/Maps/UEDPIE_1_Minimal_Default.Minimal_Default (0.006208s)
[2018.11.23-19.35.26:589][ 69]LogInit: XAudio2 using 'Speakers (Realtek High Definition Audio)' : 2 channels at 48 kHz using 32 bits per sample (channel mask 0x3)
[2018.11.23-19.35.26:615][ 69]LogInit: FAudioDevice initialized.
[2018.11.23-19.35.26:650][ 69]LogLoad: Game class is 'FightingGameMode_C'
[2018.11.23-19.35.26:652][ 69]LogWorld: Bringing World /Game/StarterContent/Maps/UEDPIE_1_Minimal_Default.Minimal_Default up for play (max tick rate 0) at 2018.11.23-19.35.26
[2018.11.23-19.35.26:653][ 69]LogWorld: Bringing up level for play took: 0.001882
[2018.11.23-19.35.26:669][ 69]LogTemp: Display: ParseSettings for GameNetDriver
[2018.11.23-19.35.26:669][ 69]LogTemp: Display: ParseSettings for IpNetDriver_4
[2018.11.23-19.35.26:669][ 69]LogTemp: Display: ParseSettings for GameNetDriver
[2018.11.23-19.35.26:670][ 69]LogNet: ReplicationDriverClass is null! Not using ReplicationDriver.
[2018.11.23-19.35.26:670][ 69]LogInit: WinSock: Socket queue 131072 / 131072
[2018.11.23-19.35.26:670][ 69]PacketHandlerLog: Loaded PacketHandler component: Engine.EngineHandlerComponentFactory (StatelessConnectHandlerComponent)
[2018.11.23-19.35.26:670][ 69]LogNet: GameNetDriver IpNetDriver_4 IpNetDriver listening on port 17777
[2018.11.23-19.35.26:671][ 69]PIE: Play in editor start time for /Game/StarterContent/Maps/UEDPIE_1_Minimal_Default -0.787
[2018.11.23-19.35.26:676][ 69]PIE: New page: PIE session: Minimal_Default (23 Nov 2018 19:35:26)
[2018.11.23-19.35.26:685][ 69]LogSlate: FSceneViewport::OnFocusLost() reason 2
[2018.11.23-19.35.26:689][ 69]LogSlate: Updating window title bar state: overlay mode, drag disabled, window buttons hidden, title bar hidden
[2018.11.23-19.35.26:745][ 69]LogNet: Browse: 127.0.0.1:17777//Game/StarterContent/Maps/Minimal_Default
[2018.11.23-19.35.26:745][ 69]LogTemp: Display: ParseSettings for GameNetDriver
[2018.11.23-19.35.26:745][ 69]LogTemp: Display: ParseSettings for IpNetDriver_5
[2018.11.23-19.35.26:746][ 69]LogTemp: Display: ParseSettings for PendingNetDriver
[2018.11.23-19.35.26:746][ 69]LogInit: WinSock: Socket queue 32768 / 32768
[2018.11.23-19.35.26:749][ 69]PacketHandlerLog: Loaded PacketHandler component: Engine.EngineHandlerComponentFactory (StatelessConnectHandlerComponent)
[2018.11.23-19.35.26:749][ 69]LogNet: Game client on port 17777, rate 10000
[2018.11.23-19.35.26:754][ 69]PIE: Play in editor start time for /Game/StarterContent/Maps/Minimal_Default -0.705
[2018.11.23-19.35.26:768][ 69]LogBlueprintUserMessages: Late PlayInEditor Detection: Level '/Game/StarterContent/Maps/Minimal_Default.Minimal_Default:PersistentLevel' has LevelScriptBlueprint '/Game/StarterContent/Maps/Minimal_Default.Minimal_Default:PersistentLevel.Minimal_Default' with GeneratedClass '/Game/StarterContent/Maps/Minimal_Default.Minimal_Default_C' with ClassGeneratedBy '/Game/StarterContent/Maps/Minimal_Default.Minimal_Default:PersistentLevel.Minimal_Default'
[2018.11.23-19.35.26:769][ 69]LogNet: NotifyAcceptingConnection accepted from: 127.0.0.1:55880
[2018.11.23-19.35.26:769][ 69]LogHandshake: SendConnectChallenge. Timestamp: 0.008334, Cookie: 004119171029223093071049115053101243088175052179210195090173
