Log file open, 11/22/18 09:32:14
LogWindows: Failed to load 'aqProf.dll' (GetLastError=126)
LogWindows: File 'aqProf.dll' does not exist
LogWindows: Failed to load 'VSPerf140.dll' (GetLastError=126)
LogWindows: File 'VSPerf140.dll' does not exist
LogWindows: Failed to load 'VtuneApi.dll' (GetLastError=126)
LogWindows: File 'VtuneApi.dll' does not exist
LogWindows: Failed to load 'VtuneApi32e.dll' (GetLastError=126)
LogWindows: File 'VtuneApi32e.dll' does not exist
LogInit: Display: Running engine for game: FightingGame
LogPlatformFile: Not using cached read wrapper
LogTaskGraph: Started task graph with 5 named threads and 23 total threads with 3 sets of task threads.
LogStats: Stats thread started at 0.393020
LogD3D11RHI: Loaded GFSDK_Aftermath_Lib.x64.dll
LogICUInternationalization: Display: ICU TimeZone Detection - Raw Offset: +0:00, Platform Override: ''
LogPluginManager: Mounting plugin Paper2D
LogPluginManager: Mounting plugin AISupport
LogPluginManager: Mounting plugin LightPropagationVolume
LogPluginManager: Mounting plugin CLionSourceCodeAccess
LogPluginManager: Mounting plugin CodeLiteSourceCodeAccess
LogPluginManager: Mounting plugin GitSourceControl
LogPluginManager: Mounting plugin KDevelopSourceCodeAccess
LogPluginManager: Mounting plugin NullSourceCodeAccess
LogPluginManager: Mounting plugin PerforceSourceControl
LogPluginManager: Mounting plugin SubversionSourceControl
LogPluginManager: Mounting plugin UObjectPlugin
LogPluginManager: Mounting plugin VisualStudioCodeSourceCodeAccess
LogPluginManager: Mounting plugin VisualStudioSourceCodeAccess
LogPluginManager: Mounting plugin XCodeSourceCodeAccess
LogPluginManager: Mounting plugin AssetManagerEditor
LogPluginManager: Mounting plugin CryptoKeys
LogPluginManager: Mounting plugin DataValidation
LogPluginManager: Mounting plugin FacialAnimation
LogPluginManager: Mounting plugin GameplayTagsEditor
LogPluginManager: Mounting plugin MacGraphicsSwitching
LogPluginManager: Mounting plugin MeshEditor
LogPluginManager: Mounting plugin MobileLauncherProfileWizard
LogPluginManager: Mounting plugin PluginBrowser
LogPluginManager: Mounting plugin SpeedTreeImporter
LogPluginManager: Mounting plugin DatasmithContent
LogPluginManager: Mounting plugin AlembicImporter
LogPluginManager: Mounting plugin AppleImageUtils
LogPluginManager: Mounting plugin AppleVision
LogPluginManager: Mounting plugin BackChannel
LogPluginManager: Mounting plugin CharacterAI
LogPluginManager: Mounting plugin GeometryCache
LogPluginManager: Mounting plugin HTML5Networking
LogPluginManager: Mounting plugin ProxyLODPlugin
LogPluginManager: Mounting plugin MagicLeap
LogPluginManager: Mounting plugin MagicLeapEmulator
LogPluginManager: Mounting plugin MagicLeapMedia
LogPluginManager: Mounting plugin AndroidMedia
LogPluginManager: Mounting plugin AvfMedia
LogPluginManager: Mounting plugin ImgMedia
LogPluginManager: Mounting plugin LinearTimecode
LogPluginManager: Mounting plugin MediaCompositing
LogPluginManager: Mounting plugin MediaPlayerEditor
LogPluginManager: Mounting plugin WmfMedia
LogPluginManager: Mounting plugin TcpMessaging
LogPluginManager: Mounting plugin UdpMessaging
LogPluginManager: Mounting plugin ActorSequence
LogPluginManager: Mounting plugin LevelSequenceEditor
LogPluginManager: Mounting plugin MatineeToLevelSequence
LogPluginManager: Mounting plugin NetcodeUnitTest
LogPluginManager: Mounting plugin NUTUnrealEngine4
LogPluginManager: Mounting plugin OnlineSubsystemGooglePlay
LogPluginManager: Mounting plugin OnlineSubsystemIOS
LogPluginManager: Mounting plugin OnlineSubsystem
LogPluginManager: Mounting plugin OnlineSubsystemNull
LogPluginManager: Mounting plugin OnlineSubsystemUtils
LogPluginManager: Mounting plugin LauncherChunkInstaller
LogPluginManager: Mounting plugin AndroidDeviceProfileSelector
LogPluginManager: Mounting plugin AndroidMoviePlayer
LogPluginManager: Mounting plugin AndroidPermission
LogPluginManager: Mounting plugin AppleMoviePlayer
LogPluginManager: Mounting plugin ArchVisCharacter
LogPluginManager: Mounting plugin AudioCapture
LogPluginManager: Mounting plugin CableComponent
LogPluginManager: Mounting plugin CustomMeshComponent
LogPluginManager: Mounting plugin EditableMesh
LogPluginManager: Mounting plugin ExampleDeviceProfileSelector
LogPluginManager: Mounting plugin GoogleCloudMessaging
LogPluginManager: Mounting plugin ImmediatePhysics
LogPluginManager: Mounting plugin IOSDeviceProfileSelector
LogPluginManager: Mounting plugin LinuxDeviceProfileSelector
LogPluginManager: Mounting plugin LocationServicesBPLibrary
LogPluginManager: Mounting plugin MobilePatchingUtils
LogPluginManager: Mounting plugin OculusVR
LogPluginManager: Plugin shader directory ../../../Engine/Plugins/Runtime/Oculus/OculusVR/Shaders found
LogPluginManager: Mapping shader source directory ../../../Engine/Plugins/Runtime/Oculus/OculusVR/Shaders to virtual directory /Plugin/OculusVR
LogPluginManager: Mounting plugin PhysXVehicles
LogPluginManager: Mounting plugin ProceduralMeshComponent
LogPluginManager: Mounting plugin RuntimePhysXCooking
LogPluginManager: Mounting plugin SteamVR
LogPluginManager: Mounting plugin WindowsMoviePlayer
LogStreaming: Display: Took  0.225s to configure plugins.
LogInit: Using libcurl 7.55.1-DEV
LogInit:  - built for x86_64-pc-win32
LogInit:  - supports SSL with OpenSSL/1.0.2h
LogInit:  - supports HTTP deflate (compression) using libz 1.2.8
LogInit:  - other features:
LogInit:      CURL_VERSION_SSL
LogInit:      CURL_VERSION_LIBZ
LogInit:      CURL_VERSION_IPV6
LogInit:      CURL_VERSION_ASYNCHDNS
LogInit:      CURL_VERSION_LARGEFILE
LogInit:      CURL_VERSION_IDN
LogInit:  CurlRequestOptions (configurable via config and command line):
LogInit:  - bVerifyPeer = false  - Libcurl will NOT verify peer certificate
LogInit:  - bUseHttpProxy = false  - Libcurl will NOT use HTTP proxy
LogInit:  - bDontReuseConnections = false  - Libcurl will reuse connections
LogInit:  - CertBundlePath = nullptr  - Libcurl will use whatever was configured at build time.
LogInit:  - MaxHostConnections = 16  - Libcurl will limit the number of connections to a host
LogInit:  - LocalHostAddr = Default
LogInit:  - BufferSize = 65536
LogInit: WinSock: version 1.1 (2.2), MaxSocks=32767, MaxUdp=65467
LogInit: Build: ++UE4+Release-4.20-CL-4369336
LogInit: Engine Version: 4.20.3-4369336+++UE4+Release-4.20
LogInit: Compatible Engine Version: 4.20.0-4212847+++UE4+Release-4.20
LogInit: Net CL: 4212847
LogInit: OS: Windows 10 (), CPU: Intel(R) Xeon(R) W-2123 CPU @ 3.60GHz, GPU: NVIDIA GeForce GTX 1070
LogInit: Compiled (64-bit): Sep 17 2018 12:26:19
LogInit: Compiled with Visual C++: 19.13.26129.00
LogInit: Build Configuration: Development
LogInit: Branch Name: ++UE4+Release-4.20
LogInit: Command Line:  -skipcompile
LogInit: Base Directory: C:/Epic/UE4/UE_4.20/Engine/Binaries/Win64/
LogInit: Installed Engine Build: 1
LogDevObjectVersion: Number of dev versions registered: 20
LogDevObjectVersion:   Dev-Blueprints (B0D832E4-1F89-4F0D-ACCF-7EB736FD4AA2): 10
LogDevObjectVersion:   Dev-Build (E1C64328-A22C-4D53-A36C-8E866417BD8C): 0
LogDevObjectVersion:   Dev-Core (375EC13C-06E4-48FB-B500-84F0262A717E): 2
LogDevObjectVersion:   Dev-Editor (E4B068ED-F494-42E9-A231-DA0B2E46BB41): 24
LogDevObjectVersion:   Dev-Framework (CFFC743F-43B0-4480-9391-14DF171D2073): 34
LogDevObjectVersion:   Dev-Mobile (B02B49B5-BB20-44E9-A304-32B752E40360): 2
LogDevObjectVersion:   Dev-Networking (A4E4105C-59A1-49B5-A7C5-40C4547EDFEE): 0
LogDevObjectVersion:   Dev-Online (39C831C9-5AE6-47DC-9A44-9C173E1C8E7C): 0
LogDevObjectVersion:   Dev-Physics (78F01B33-EBEA-4F98-B9B4-84EACCB95AA2): 0
LogDevObjectVersion:   Dev-Platform (6631380F-2D4D-43E0-8009-CF276956A95A): 0
LogDevObjectVersion:   Dev-Rendering (12F88B9F-8875-4AFC-A67C-D90C383ABD29): 26
LogDevObjectVersion:   Dev-Sequencer (7B5AE74C-D270-4C10-A958-57980B212A5A): 9
LogDevObjectVersion:   Dev-VR (D7296918-1DD6-4BDD-9DE2-64A83CC13884): 2
LogDevObjectVersion:   Dev-LoadTimes (C2A15278-BFE7-4AFE-6C17-90FF531DF755): 1
LogDevObjectVersion:   Private-Geometry (6EACA3D4-40EC-4CC1-B786-8BED09428FC5): 3
LogDevObjectVersion:   Dev-AnimPhys (29E575DD-E0A3-4627-9D10-D276232CDCEA): 17
LogDevObjectVersion:   Dev-ReflectionCapture (6B266CEC-1EC7-4B8F-A30B-E4D90942FC07): 1
LogDevObjectVersion:   Dev-Automation (0DF73D61-A23F-47EA-B727-89E90C41499A): 1
LogDevObjectVersion:   FortniteMain (601D1886-AC64-4F84-AA16-D3DE0DEAC7D6): 12
LogDevObjectVersion:   Dev-Enterprise (9DFFBCD6-494F-0158-E221-12823C92A888): 1
LogStreaming: Display: Took  0.005s to delete old logs.
LogInit: Presizing for max 8388607 objects, including 0 objects not considered by GC, pre-allocating 0 bytes for permanent pool.
LogInit: Object subsystem initialized
[2018.11.22-09.32.14:626][  0]LogInit: Selected Device Profile: [Windows]
[2018.11.22-09.32.14:626][  0]LogInit: Applying CVar settings loaded from the selected device profile: [Windows]
[2018.11.22-09.32.14:643][  0]LogHAL: Display: Platform has ~ 32 GB [34065870848 / 34359738368 / 32], which maps to Largest [LargestMinGB=32, LargerMinGB=12, DefaultMinGB=8, SmallerMinGB=6, SmallestMinGB=0)
[2018.11.22-09.32.14:643][  0]LogInit: Setting Device Profile CVar: [[r.Vulkan.UseRealUBs:1]]
[2018.11.22-09.32.14:643][  0]LogInit: Going up to parent DeviceProfile []
[2018.11.22-09.32.14:643][  0]LogInit: Computer: C117B-06
[2018.11.22-09.32.14:644][  0]LogInit: User: c016193g
[2018.11.22-09.32.14:644][  0]LogInit: CPU Page size=4096, Cores=4
[2018.11.22-09.32.14:644][  0]LogInit: High frequency timer resolution =3.515631 MHz
[2018.11.22-09.32.14:644][  0]LogMemory: Memory total: Physical=31.7GB (32GB approx)
[2018.11.22-09.32.14:644][  0]LogMemory: Platform Memory Stats for Windows
[2018.11.22-09.32.14:644][  0]LogMemory: Process Physical Memory: 100.64 MB used, 100.64 MB peak
[2018.11.22-09.32.14:644][  0]LogMemory: Process Virtual Memory: 90.72 MB used, 90.72 MB peak
[2018.11.22-09.32.14:644][  0]LogMemory: Physical Memory: 8674.97 MB used,  23812.77 MB free, 32487.75 MB total
[2018.11.22-09.32.14:644][  0]LogMemory: Virtual Memory: 4640.09 MB used,  23812.77 MB free, 134217728.00 MB total
[2018.11.22-09.32.14:757][  0]LogInit: Using OS detected language (en-US).
[2018.11.22-09.32.14:758][  0]LogInit: Using OS detected locale (en-GB).
[2018.11.22-09.32.14:759][  0]LogTextLocalizationManager: No specific localization for 'en-US' exists, so the 'en' localization will be used.
[2018.11.22-09.32.15:128][  0]LogStreaming: Display: Took  0.370s to InitEngineTextLocalization.
[2018.11.22-09.32.15:128][  0]LogInit: Setting process to per monitor DPI aware
[2018.11.22-09.32.15:182][  0]LogSlate: New Slate User Created.  User Index 0, Is Virtual User: 0
[2018.11.22-09.32.15:182][  0]LogSlate: Slate User Registered.  User Index 0, Is Virtual User: 0
[2018.11.22-09.32.15:429][  0]LogHMD: Failed to initialize OpenVR with code 110
[2018.11.22-09.32.15:430][  0]LogD3D11RHI: D3D11 adapters:
[2018.11.22-09.32.15:531][  0]LogD3D11RHI:    0. 'NVIDIA GeForce GTX 1070' (Feature Level 11_0)
[2018.11.22-09.32.15:531][  0]LogD3D11RHI:       8088/0/16243 MB DedicatedVideo/DedicatedSystem/SharedSystem, Outputs:2, VendorId:0x10de
[2018.11.22-09.32.15:535][  0]LogD3D11RHI:    1. 'Microsoft Basic Render Driver' (Feature Level 11_0)
[2018.11.22-09.32.15:535][  0]LogD3D11RHI:       0/0/16243 MB DedicatedVideo/DedicatedSystem/SharedSystem, Outputs:0, VendorId:0x1414
[2018.11.22-09.32.15:535][  0]LogD3D11RHI: Chosen D3D11 Adapter: 0
[2018.11.22-09.32.15:542][  0]LogD3D11RHI: Creating new Direct3DDevice
[2018.11.22-09.32.15:542][  0]LogD3D11RHI:     GPU DeviceId: 0x1b81 (for the marketing name, search the web for "GPU Device Id")
[2018.11.22-09.32.15:542][  0]LogWindows: EnumDisplayDevices:
[2018.11.22-09.32.15:542][  0]LogWindows:    0. 'NVIDIA GeForce GTX 1070' (P:0 D:1)
[2018.11.22-09.32.15:543][  0]LogWindows:    1. 'NVIDIA GeForce GTX 1070' (P:1 D:1)
[2018.11.22-09.32.15:543][  0]LogWindows:    2. 'NVIDIA GeForce GTX 1070' (P:0 D:0)
[2018.11.22-09.32.15:543][  0]LogWindows:    3. 'NVIDIA GeForce GTX 1070' (P:0 D:0)
[2018.11.22-09.32.15:543][  0]LogWindows: DebugString: FoundDriverCount:4 
[2018.11.22-09.32.15:543][  0]LogD3D11RHI:     Adapter Name: NVIDIA GeForce GTX 1070
[2018.11.22-09.32.15:543][  0]LogD3D11RHI:   Driver Version: 399.24 (internal:24.21.13.9924, unified:399.24)
[2018.11.22-09.32.15:543][  0]LogD3D11RHI:      Driver Date: 9-5-2018
[2018.11.22-09.32.15:544][  0]LogRHI: Texture pool is 5661 MB (70% of 8088 MB)
[2018.11.22-09.32.15:584][  0]LogD3D11RHI: Async texture creation enabled
[2018.11.22-09.32.15:604][  0]LogD3D11RHI: GPU Timing Frequency: 1000.000000 (Debug: 2 2)
[2018.11.22-09.32.15:607][  0]LogShaderCompilers: Guid format shader working directory is -26 characters bigger than the processId version (../../../../../../Users/c016193g/Documents/Github/FightingGame/FightingGame/Intermediate/Shaders/WorkingDirectory/5204/).
[2018.11.22-09.32.15:607][  0]LogShaderCompilers: Cleaned the shader compiler working directory 'C:/Users/c016193g/AppData/Local/Temp/UnrealShaderWorkingDir/D847DB1947944E7DD3D1FCAF137D1245/'.
[2018.11.22-09.32.15:931][  0]LogTemp: Display: Loaded TP AllDesktopTargetPlatform
[2018.11.22-09.32.15:946][  0]LogTemp: Display: Loaded TP MacClientTargetPlatform
[2018.11.22-09.32.15:965][  0]LogTemp: Display: Loaded TP MacNoEditorTargetPlatform
[2018.11.22-09.32.15:982][  0]LogTemp: Display: Loaded TP MacServerTargetPlatform
[2018.11.22-09.32.15:998][  0]LogTemp: Display: Loaded TP MacTargetPlatform
[2018.11.22-09.32.16:017][  0]LogTemp: Display: Loaded TP WindowsClientTargetPlatform
[2018.11.22-09.32.16:034][  0]LogTemp: Display: Loaded TP WindowsNoEditorTargetPlatform
[2018.11.22-09.32.16:051][  0]LogTemp: Display: Loaded TP WindowsServerTargetPlatform
[2018.11.22-09.32.16:063][  0]LogTemp: Display: Loaded TP WindowsTargetPlatform
[2018.11.22-09.32.16:149][  0]LogTemp: Display: Loaded TP AndroidTargetPlatform
[2018.11.22-09.32.16:149][  0]LogTemp: Display: Loaded TP AndroidTargetPlatform
[2018.11.22-09.32.16:149][  0]LogTemp: Display: Loaded TP AndroidTargetPlatform
[2018.11.22-09.32.16:150][  0]LogTemp: Display: Loaded TP AndroidTargetPlatform
[2018.11.22-09.32.16:150][  0]LogTemp: Display: Loaded TP AndroidTargetPlatform
[2018.11.22-09.32.16:150][  0]LogTemp: Display: Loaded TP AndroidTargetPlatform
[2018.11.22-09.32.16:150][  0]LogTemp: Display: Loaded TP AndroidTargetPlatform
[2018.11.22-09.32.16:150][  0]LogTemp: Display: Loaded TP AndroidTargetPlatform
[2018.11.22-09.32.16:150][  0]LogTemp: Display: Loaded TP AndroidTargetPlatform
[2018.11.22-09.32.16:150][  0]LogTemp: Display: Loaded TP AndroidTargetPlatform
[2018.11.22-09.32.16:150][  0]LogTemp: Display: Loaded TP AndroidTargetPlatform
[2018.11.22-09.32.16:150][  0]LogTemp: Display: Loaded TP AndroidTargetPlatform
[2018.11.22-09.32.16:150][  0]LogTemp: Display: Loaded TP AndroidTargetPlatform
[2018.11.22-09.32.16:151][  0]LogTemp: Display: Loaded TP AndroidTargetPlatform
[2018.11.22-09.32.16:151][  0]LogTemp: Display: Loaded TP AndroidTargetPlatform
[2018.11.22-09.32.16:151][  0]LogTemp: Display: Loaded TP AndroidTargetPlatform
[2018.11.22-09.32.16:151][  0]LogTemp: Display: Loaded TP AndroidTargetPlatform
[2018.11.22-09.32.16:151][  0]LogTemp: Display: Loaded TP AndroidTargetPlatform
[2018.11.22-09.32.16:155][  0]LogTemp: Display: Loaded TP HTML5TargetPlatform
[2018.11.22-09.32.16:225][  0]LogTemp: Display: Loaded TP IOSTargetPlatform
[2018.11.22-09.32.16:225][  0]LogTemp: Display: Loaded TP IOSTargetPlatform
[2018.11.22-09.32.16:272][  0]LogTemp: Display: Loaded TP TVOSTargetPlatform
[2018.11.22-09.32.16:272][  0]LogTemp: Display: Loaded TP TVOSTargetPlatform
[2018.11.22-09.32.16:286][  0]LogTemp: Display: Loaded TP LinuxClientTargetPlatform
[2018.11.22-09.32.16:302][  0]LogTemp: Display: Loaded TP LinuxNoEditorTargetPlatform
[2018.11.22-09.32.16:319][  0]LogTemp: Display: Loaded TP LinuxServerTargetPlatform
[2018.11.22-09.32.16:336][  0]LogTemp: Display: Loaded TP LinuxTargetPlatform
[2018.11.22-09.32.16:348][  0]LogTemp: Display: Loaded TP LuminTargetPlatform
[2018.11.22-09.32.16:348][  0]LogTargetPlatformManager: Display: Building Assets For Windows
[2018.11.22-09.32.16:467][  0]LogXGEController: Cannot use XGE Controller as Incredibuild is not installed on this machine.
[2018.11.22-09.32.16:467][  0]LogShaderCompilers: Cannot use XGE Shader Compiler as Incredibuild is not installed on this machine.
[2018.11.22-09.32.16:467][  0]LogShaderCompilers: Display: Using Local Shader Compiler.
[2018.11.22-09.32.17:332][  0]LogDerivedDataCache: Display: Max Cache Size: 512 MB
[2018.11.22-09.32.17:406][  0]LogDerivedDataCache: Loaded boot cache 0.07s 71MB C:/Users/c016193g/AppData/Local/UnrealEngine/4.20/DerivedDataCache/Boot.ddc.
[2018.11.22-09.32.17:408][  0]LogDerivedDataCache: Display: Loaded Boot cache: C:/Users/c016193g/AppData/Local/UnrealEngine/4.20/DerivedDataCache/Boot.ddc
[2018.11.22-09.32.17:408][  0]LogDerivedDataCache: FDerivedDataBackendGraph:  Pak pak cache file ../../../../../../Users/c016193g/Documents/Github/FightingGame/FightingGame/DerivedDataCache/DDC.ddp not found, will not use a pak cache.
[2018.11.22-09.32.17:408][  0]LogDerivedDataCache: Unable to find inner node Pak for hierarchical cache Hierarchy.
[2018.11.22-09.32.17:408][  0]LogDerivedDataCache: FDerivedDataBackendGraph:  CompressedPak pak cache file ../../../../../../Users/c016193g/Documents/Github/FightingGame/FightingGame/DerivedDataCache/Compressed.ddp not found, will not use a pak cache.
[2018.11.22-09.32.17:408][  0]LogDerivedDataCache: Unable to find inner node CompressedPak for hierarchical cache Hierarchy.
[2018.11.22-09.32.17:420][  0]LogDerivedDataCache: Display: Pak cache opened for reading ../../../Engine/DerivedDataCache/Compressed.ddp.
[2018.11.22-09.32.17:434][  0]LogDerivedDataCache: Using Local data cache path C:/Users/c016193g/AppData/Local/UnrealEngine/Common/DerivedDataCache: Writable
[2018.11.22-09.32.17:434][  0]LogDerivedDataCache: Shared data cache path not found in *engine.ini, will not use an Shared cache.
[2018.11.22-09.32.17:435][  0]LogDerivedDataCache: Unable to find inner node Shared for hierarchical cache Hierarchy.
[2018.11.22-09.32.17:463][  0]LogMaterial: Verifying Global Shaders for PCD3D_SM5
[2018.11.22-09.32.17:465][  0]LogSlate: Using FreeType 2.6.0
[2018.11.22-09.32.17:467][  0]LogSlate: SlateFontServices - WITH_FREETYPE: 1, WITH_HARFBUZZ: 1
[2018.11.22-09.32.17:559][  0]LogAssetRegistry: FAssetRegistry took 0.0310 seconds to start up
[2018.11.22-09.32.17:907][  0]LogInit: Selected Device Profile: [Windows]
[2018.11.22-09.32.18:077][  0]LogSimplygon: Simplygon DLL not present - disabling.
[2018.11.22-09.32.18:085][  0]LogMeshReduction: Using SimplygonSwarm for distributed automatic mesh merging
[2018.11.22-09.32.18:085][  0]LogMeshReduction: Using ProxyLODMeshReduction for automatic mesh merging
[2018.11.22-09.32.18:085][  0]LogMeshReduction: Using QuadricMeshReduction for automatic static mesh reduction
[2018.11.22-09.32.18:086][  0]LogMeshReduction: No automatic skeletal mesh reduction module available
[2018.11.22-09.32.18:106][  0]LogNetVersion: FightingGame 1.0.0, NetCL: 4212847, EngineNetVer: 5, GameNetVer: 0 (Checksum: 156865789)
[2018.11.22-09.32.18:678][  0]LogPackageLocalizationCache: Processed 11 localized package path(s) for 2 prioritized culture(s) in 0.136868 seconds
[2018.11.22-09.32.18:687][  0]LogUObjectArray: 38425 objects as part of root set at end of initial load.
[2018.11.22-09.32.18:687][  0]LogUObjectAllocator: 6690872 out of 0 bytes used by permanent object pool.
[2018.11.22-09.32.18:687][  0]LogUObjectArray: CloseDisregardForGC: 0/0 objects in disregard for GC pool
[2018.11.22-09.32.19:694][  0]LogTcpMessaging: Initializing TcpMessaging bridge
[2018.11.22-09.32.19:713][  0]LogUdpMessaging: Initializing bridge on interface 0.0.0.0:0 to multicast group 230.0.0.1:6666.
[2018.11.22-09.32.19:938][  0]SourceControl: Source control is disabled
[2018.11.22-09.32.19:938][  0]SourceControl: Source control is disabled
[2018.11.22-09.32.19:942][  0]SourceControl: Source control is disabled
[2018.11.22-09.32.19:945][  0]SourceControl: Source control is disabled
[2018.11.22-09.32.20:246][  0]LogAndroidPermission: UAndroidPermissionCallbackProxy::GetInstance
[2018.11.22-09.32.20:330][  0]LogOcInput: OculusInput pre-init called
[2018.11.22-09.32.20:412][  0]LogEngine: Initializing Engine...
[2018.11.22-09.32.20:413][  0]LogHMD: Failed to initialize OpenVR with code 110
[2018.11.22-09.32.20:414][  0]LogStats: UGameplayTagsManager::ConstructGameplayTagTree: ImportINI prefixes -  0.000 s
[2018.11.22-09.32.20:414][  0]LogStats: UGameplayTagsManager::ConstructGameplayTagTree: Construct from data asset -  0.000 s
[2018.11.22-09.32.20:415][  0]LogStats: UGameplayTagsManager::ConstructGameplayTagTree: ImportINI -  0.000 s
[2018.11.22-09.32.20:415][  0]LogStats: UGameplayTagsManager::ConstructGameplayTagTree: GameplayTagTreeChangedEvent.Broadcast -  0.000 s
[2018.11.22-09.32.20:641][  0]LogInit: Initializing FReadOnlyCVARCache
[2018.11.22-09.32.20:670][  0]LogAIModule: Creating AISystem for world Untitled
[2018.11.22-09.32.20:681][  0]LogInit: XAudio2 using 'Speakers (High Definition Audio Device)' : 2 channels at 48 kHz using 16 bits per sample (channel mask 0x3)
[2018.11.22-09.32.20:699][  0]LogInit: FAudioDevice initialized.
[2018.11.22-09.32.20:699][  0]LogNetVersion: Set ProjectVersion to 1.0.0.0. Version Checksum will be recalculated on next use.
[2018.11.22-09.32.20:742][  0]LogDerivedDataCache: Saved boot cache 0.04s 71MB C:/Users/c016193g/AppData/Local/UnrealEngine/4.20/DerivedDataCache/Boot.ddc.
[2018.11.22-09.32.20:754][  0]LogInit: Texture streaming: Enabled
[2018.11.22-09.32.20:783][  0]LogEngineSessionManager: EngineSessionManager initialized
[2018.11.22-09.32.20:783][  0]LogEngineSessionManager: EngineSessionManager sent abnormal shutdown report. Type=Debugger, SessionId={B034F1B0-4F31-9C36-BEA6-36B67C9DB3B8}
[2018.11.22-09.32.20:797][  0]LogInit: Transaction tracking system initialized
[2018.11.22-09.32.20:840][  0]BlueprintLog: New page: Editor Load
[2018.11.22-09.32.20:987][  0]LocalizationService: Localization service is disabled
[2018.11.22-09.32.21:310][  0]LogCook: Display: Max memory allowance for cook 16384mb min free memory 0mb
[2018.11.22-09.32.21:311][  0]LogCook: Display: Mobile HDR setting 1
[2018.11.22-09.32.21:311][  0]LogGameplayTags: Display: UGameplayTagsManager::DoneAddingNativeTags. DelegateIsBound: 0
[2018.11.22-09.32.21:311][  0]LogStats: UGameplayTagsManager::ConstructGameplayTagTree: ImportINI prefixes -  0.000 s
[2018.11.22-09.32.21:311][  0]LogStats: UGameplayTagsManager::ConstructGameplayTagTree: Construct from data asset -  0.000 s
[2018.11.22-09.32.21:311][  0]LogStats: UGameplayTagsManager::ConstructGameplayTagTree: ImportINI -  0.000 s
[2018.11.22-09.32.21:312][  0]LogStats: UGameplayTagsManager::ConstructGameplayTagTree: GameplayTagTreeChangedEvent.Broadcast -  0.000 s
[2018.11.22-09.32.21:505][  0]LogFileCache: Scanning file cache for directory 'C:/Users/c016193g/Documents/Github/FightingGame/FightingGame/Content/' took 0.02s
[2018.11.22-09.32.21:516][  0]SourceControl: Source control is disabled
[2018.11.22-09.32.21:516][  0]Cmd: MAP LOAD FILE="../../../../../../Users/c016193g/Documents/Github/FightingGame/FightingGame/Content/StarterContent/Maps/Minimal_Default.umap" TEMPLATE=0 SHOWPROGRESS=1 FEATURELEVEL=3
[2018.11.22-09.32.21:516][  0]LightingResults: New page: Lighting Build
[2018.11.22-09.32.21:520][  0]MapCheck: New page: Map Check
[2018.11.22-09.32.21:520][  0]LightingResults: New page: Lighting Build
[2018.11.22-09.32.21:873][  0]LogAIModule: Creating AISystem for world Minimal_Default
[2018.11.22-09.32.21:888][  0]LogEditorServer: Finished looking for orphan Actors (0.000 secs)
[2018.11.22-09.32.21:921][  0]Cmd: MAP CHECKDEP NOCLEARLOG
[2018.11.22-09.32.22:050][  0]MapCheck: Map check complete: 0 Error(s), 0 Warning(s), took 128.287ms to complete.
[2018.11.22-09.32.22:050][  0]LogFileHelpers: Loading map 'Minimal_Default' took 0.534
[2018.11.22-09.32.22:183][  0]LogSlate: Updating window title bar state: overlay mode, drag disabled, window buttons hidden, title bar hidden
[2018.11.22-09.32.22:190][  0]LogSlate: Updating window title bar state: overlay mode, drag disabled, window buttons hidden, title bar hidden
[2018.11.22-09.32.22:197][  0]LogSlate: Updating window title bar state: overlay mode, drag disabled, window buttons hidden, title bar hidden
[2018.11.22-09.32.22:204][  0]LogSlate: Updating window title bar state: overlay mode, drag disabled, window buttons hidden, title bar hidden
[2018.11.22-09.32.22:216][  0]LogCollectionManager: Loaded 0 collections in 0.002530 seconds
[2018.11.22-09.32.22:267][  0]LogFileCache: Scanning file cache for directory 'C:/Users/c016193g/Documents/Github/FightingGame/FightingGame/Saved/Collections/' took 0.01s
[2018.11.22-09.32.22:267][  0]LogFileCache: Scanning file cache for directory 'C:/Users/c016193g/Documents/Github/FightingGame/FightingGame/Content/Developers/c016193g/Collections/' took 0.01s
[2018.11.22-09.32.22:268][  0]LogFileCache: Scanning file cache for directory 'C:/Users/c016193g/Documents/Github/FightingGame/FightingGame/Content/Collections/' took 0.01s
[2018.11.22-09.32.22:268][  0]LogCollectionManager: Rebuilt the GUID cache for 0 collections in 0.000000 seconds
[2018.11.22-09.32.22:277][  0]LogContentBrowser: Native class hierarchy populated in 0.0092 seconds. Added 2575 classes and 605 folders.
[2018.11.22-09.32.22:284][  0]LogContentBrowser: Native class hierarchy updated for 'WidgetCarousel' in 0.0004 seconds. Added 0 classes and 0 folders.
[2018.11.22-09.32.22:342][  0]LogContentBrowser: Native class hierarchy updated for 'AddContentDialog' in 0.0004 seconds. Added 0 classes and 0 folders.
[2018.11.22-09.32.22:351][  0]LogContentBrowser: Native class hierarchy updated for 'SceneOutliner' in 0.0006 seconds. Added 1 classes and 2 folders.
[2018.11.22-09.32.22:365][  0]LogSlate: Took 0.000221 seconds to synchronously load lazily loaded font '../../../Engine/Content/Slate/Fonts/Roboto-Regular.ttf' (155K)
[2018.11.22-09.32.22:368][  0]LogSlate: Took 0.000206 seconds to synchronously load lazily loaded font '../../../Engine/Content/Slate/Fonts/Roboto-Bold.ttf' (160K)
[2018.11.22-09.32.22:373][  0]LogSlate: Took 0.000243 seconds to synchronously load lazily loaded font '../../../Engine/Content/Editor/Slate/Fonts/FontAwesome.ttf' (139K)
[2018.11.22-09.32.22:447][  0]LogRenderer: Reallocating scene render targets to support 1208x576 Format 10 NumSamples 1 (Frame:1).
[2018.11.22-09.32.22:569][  0]LogContentBrowser: Native class hierarchy updated for 'HierarchicalLODOutliner' in 0.0008 seconds. Added 0 classes and 0 folders.
[2018.11.22-09.32.22:569][  0]LogLoad: (Engine Initialization) Total time: 10.48 seconds
[2018.11.22-09.32.22:569][  0]LogLoad: (Engine Initialization) Total Blueprint compile time: 0.00 seconds
[2018.11.22-09.32.22:580][  0]LogWindowsTextInputMethodSystem: Display: IME system now deactivated.
[2018.11.22-09.32.22:604][  0]LogContentStreaming: Texture pool size now 1000 MB
[2018.11.22-09.32.22:647][  0]LogSlate: Took 0.000168 seconds to synchronously load lazily loaded font '../../../Engine/Content/Slate/Fonts/Roboto-Light.ttf' (167K)
[2018.11.22-09.32.22:671][  1]LogAssetRegistry: Asset discovery search completed in 5.1383 seconds
[2018.11.22-09.32.22:673][  1]LogCollectionManager: Rebuilt the object cache for 0 collections in 0.000001 seconds (found 0 objects)
[2018.11.22-09.32.22:673][  1]LogCollectionManager: Fixed up redirectors for 0 collections in 0.000128 seconds (updated 0 objects)
[2018.11.22-09.32.24:698][237]LogSlate: FSceneViewport::OnFocusLost() reason 0
[2018.11.22-09.32.24:775][246]LogTemp: Repeating last play command: Selected Viewport
[2018.11.22-09.32.24:791][246]LogBlueprintUserMessages: Early PlayInEditor Detection: Level '/Game/StarterContent/Maps/Minimal_Default.Minimal_Default:PersistentLevel' has LevelScriptBlueprint '/Game/StarterContent/Maps/Minimal_Default.Minimal_Default:PersistentLevel.Minimal_Default' with GeneratedClass '/Game/StarterContent/Maps/Minimal_Default.Minimal_Default_C' with ClassGeneratedBy '/Game/StarterContent/Maps/Minimal_Default.Minimal_Default:PersistentLevel.Minimal_Default'
[2018.11.22-09.32.24:791][246]LogPlayLevel: PlayLevel: No blueprints needed recompiling
[2018.11.22-09.32.24:809][246]PIE: New page: PIE session: Minimal_Default (22 Nov 2018 09:32:24)
[2018.11.22-09.32.24:809][246]LogPlayLevel: Creating play world package: /Game/StarterContent/Maps/UEDPIE_1_Minimal_Default
[2018.11.22-09.32.24:813][246]LogPlayLevel: PIE: StaticDuplicateObject took: (0.003858s)
[2018.11.22-09.32.24:814][246]LogAIModule: Creating AISystem for world Minimal_Default
[2018.11.22-09.32.24:814][246]LogPlayLevel: PIE: World Init took: (0.000869s)
[2018.11.22-09.32.24:814][246]LogPlayLevel: PIE: Created PIE world by copying editor world from /Game/StarterContent/Maps/Minimal_Default.Minimal_Default to /Game/StarterContent/Maps/UEDPIE_1_Minimal_Default.Minimal_Default (0.005102s)
[2018.11.22-09.32.24:845][246]LogInit: XAudio2 using 'Speakers (High Definition Audio Device)' : 2 channels at 48 kHz using 16 bits per sample (channel mask 0x3)
[2018.11.22-09.32.24:854][246]LogInit: FAudioDevice initialized.
[2018.11.22-09.32.24:943][246]LogLoad: Game class is 'FightingGameMode_C'
[2018.11.22-09.32.24:947][246]LogWorld: Bringing World /Game/StarterContent/Maps/UEDPIE_1_Minimal_Default.Minimal_Default up for play (max tick rate 0) at 2018.11.22-09.32.24
[2018.11.22-09.32.24:947][246]LogWorld: Bringing up level for play took: 0.000998
[2018.11.22-09.32.24:977][246]LogContentBrowser: Native class hierarchy updated for 'MovieSceneCapture' in 0.0010 seconds. Added 10 classes and 0 folders.
[2018.11.22-09.32.24:978][246]LogTemp: Display: ParseSettings for GameNetDriver
[2018.11.22-09.32.24:979][246]LogTemp: Display: ParseSettings for IpNetDriver_0
[2018.11.22-09.32.24:979][246]LogTemp: Display: ParseSettings for GameNetDriver
[2018.11.22-09.32.24:979][246]LogNet: ReplicationDriverClass is null! Not using ReplicationDriver.
[2018.11.22-09.32.24:980][246]LogInit: WinSock: Socket queue 131072 / 131072
[2018.11.22-09.32.24:987][246]LogInit: WinSock: I am c117b-06 (10.6.118.48:0)
[2018.11.22-09.32.24:987][246]PacketHandlerLog: Loaded PacketHandler component: Engine.EngineHandlerComponentFactory (StatelessConnectHandlerComponent)
[2018.11.22-09.32.24:987][246]LogNet: GameNetDriver IpNetDriver_0 IpNetDriver listening on port 17777
[2018.11.22-09.32.24:989][246]PIE: Play in editor start time for /Game/StarterContent/Maps/UEDPIE_1_Minimal_Default -0.049
[2018.11.22-09.32.24:996][246]PIE: New page: PIE session: Minimal_Default (22 Nov 2018 09:32:24)
[2018.11.22-09.32.25:005][246]LogSlate: FSceneViewport::OnFocusLost() reason 2
[2018.11.22-09.32.25:011][246]LogSlate: Updating window title bar state: overlay mode, drag disabled, window buttons hidden, title bar hidden
[2018.11.22-09.32.25:076][246]LogNet: Browse: 127.0.0.1:17777//Game/StarterContent/Maps/Minimal_Default
[2018.11.22-09.32.25:076][246]LogTemp: Display: ParseSettings for GameNetDriver
[2018.11.22-09.32.25:077][246]LogTemp: Display: ParseSettings for IpNetDriver_1
[2018.11.22-09.32.25:077][246]LogTemp: Display: ParseSettings for PendingNetDriver
[2018.11.22-09.32.25:077][246]LogInit: WinSock: Socket queue 32768 / 32768
[2018.11.22-09.32.25:079][246]PacketHandlerLog: Loaded PacketHandler component: Engine.EngineHandlerComponentFactory (StatelessConnectHandlerComponent)
[2018.11.22-09.32.25:079][246]LogNet: Game client on port 17777, rate 10000
[2018.11.22-09.32.25:083][246]PIE: Play in editor start time for /Game/StarterContent/Maps/Minimal_Default 0.045
[2018.11.22-09.32.25:094][246]LogBlueprintUserMessages: Late PlayInEditor Detection: Level '/Game/StarterContent/Maps/Minimal_Default.Minimal_Default:PersistentLevel' has LevelScriptBlueprint '/Game/StarterContent/Maps/Minimal_Default.Minimal_Default:PersistentLevel.Minimal_Default' with GeneratedClass '/Game/StarterContent/Maps/Minimal_Default.Minimal_Default_C' with ClassGeneratedBy '/Game/StarterContent/Maps/Minimal_Default.Minimal_Default:PersistentLevel.Minimal_Default'
[2018.11.22-09.32.25:094][246]LogNet: NotifyAcceptingConnection accepted from: 127.0.0.1:64686
[2018.11.22-09.32.25:095][246]LogHandshake: SendConnectChallenge. Timestamp: 0.008334, Cookie: 091050131247207136122082088001145136214045181241188001241250
[2018.11.22-09.32.25:101][246]LogHandshake: SendChallengeResponse. Timestamp: 0.008334, Cookie: 091050131247207136122082088001145136214045181241188001241250
[2018.11.22-09.32.25:186][247]LogNet: NotifyAcceptingConnection accepted from: 127.0.0.1:64686
[2018.11.22-09.32.25:186][247]LogHandshake: SendChallengeAck. InCookie: 091050131247207136122082088001145136214045181241188001241250
[2018.11.22-09.32.25:186][247]LogNet: Server accepting post-challenge connection from: 127.0.0.1:64686
[2018.11.22-09.32.25:187][247]PacketHandlerLog: Loaded PacketHandler component: Engine.EngineHandlerComponentFactory (StatelessConnectHandlerComponent)
[2018.11.22-09.32.25:187][247]LogNet: NotifyAcceptedConnection: Name: Minimal_Default, TimeStamp: 11/22/18 09:32:25, [UNetConnection] RemoteAddr: 127.0.0.1:64686, Name: IpConnection_1, Driver: GameNetDriver IpNetDriver_0, IsServer: YES, PC: NULL, Owner: NULL, UniqueId: INVALID
[2018.11.22-09.32.25:187][247]LogNet: AddClientConnection: Added client connection: [UNetConnection] RemoteAddr: 127.0.0.1:64686, Name: IpConnection_1, Driver: GameNetDriver IpNetDriver_0, IsServer: YES, PC: NULL, Owner: NULL, UniqueId: INVALID
[2018.11.22-09.32.25:188][247]LogCharacterMovement: Warning: GetSimulationTimeStep() - Max iterations 8 hit while remaining time 0.074260 > MaxSimulationTimeStep (0.050) for 'TestPlayer_C_0', movement 'Walking'
[2018.11.22-09.32.25:188][247]LogNetVersion: FightingGame 1.0.0.0, NetCL: 4212847, EngineNetVer: 5, GameNetVer: 0 (Checksum: 4124689447)
[2018.11.22-09.32.25:189][247]LogNet: UPendingNetGame::SendInitialJoin: Sending hello. [UNetConnection] RemoteAddr: 127.0.0.1:17777, Name: IpConnection_0, Driver: PendingNetDriver IpNetDriver_1, IsServer: NO, PC: NULL, Owner: NULL, UniqueId: INVALID
[2018.11.22-09.32.25:202][248]LogNet: NotifyAcceptingChannel Control 0 server World /Game/StarterContent/Maps/UEDPIE_1_Minimal_Default.Minimal_Default: Accepted
[2018.11.22-09.32.25:203][248]LogNet: Remote platform little endian=1
[2018.11.22-09.32.25:203][248]LogNet: This platform little endian=1
[2018.11.22-09.32.25:224][249]LogNet: Login request: /Game/StarterContent/Maps/Minimal_Default?Name=c117b-06-0A5888AC41A3818B6384068CC055FC58 userId: c117b-06-0A5888AC41A3818B6384068CC055FC58
[2018.11.22-09.32.25:225][249]LogNet: Welcomed by server (Level: /Game/StarterContent/Maps/UEDPIE_1_Minimal_Default, Game: /Game/FightingGameMode.FightingGameMode_C)
[2018.11.22-09.32.25:226][249]LogLoad: LoadMap: 127.0.0.1:17777//Game/StarterContent/Maps/UEDPIE_1_Minimal_Default?game=/Game/FightingGameMode.FightingGameMode_C
[2018.11.22-09.32.25:258][249]LogAIModule: Creating AISystem for world Minimal_Default
[2018.11.22-09.32.25:258][249]LogTemp: Display: ParseSettings for GameNetDriver
[2018.11.22-09.32.25:260][249]LogWorld: Bringing World /Game/StarterContent/Maps/UEDPIE_2_Minimal_Default.Minimal_Default up for play (max tick rate 0) at 2018.11.22-09.32.25
[2018.11.22-09.32.25:260][249]LogWorld: Bringing up level for play took: 0.001268
[2018.11.22-09.32.25:261][249]LogLoad: Took 0.034828 seconds to LoadMap(/Game/StarterContent/Maps/UEDPIE_1_Minimal_Default)
[2018.11.22-09.32.25:275][250]LogNet: Client netspeed is 10000
[2018.11.22-09.32.25:275][250]LogNet: Join request: /Game/StarterContent/Maps/Minimal_Default?Name=c117b-06-0A5888AC41A3818B6384068CC055FC58?SplitscreenCount=1
[2018.11.22-09.32.25:276][250]LogOnline: Warning: OSS: No game present to join for session (GameSession)
[2018.11.22-09.32.25:278][250]LogRenderer: Reallocating scene render targets to support 1280x720 Format 10 NumSamples 1 (Frame:1).
[2018.11.22-09.32.25:278][250]LogNet: Join succeeded: c117b-06-0A5888AC41A
[2018.11.22-09.32.25:331][253]LogOnline: Warning: OSS: No game present to join for session (GameSession)
[2018.11.22-09.32.25:350][255]LogOnline: Warning: OSS: No game present to join for session (GameSession)
[2018.11.22-09.32.53:907][636]LogBlueprintUserMessages: Early EndPlayMap Detection: Level '/Game/StarterContent/Maps/Minimal_Default.Minimal_Default:PersistentLevel' has LevelScriptBlueprint '/Game/StarterContent/Maps/Minimal_Default.Minimal_Default:PersistentLevel.Minimal_Default' with GeneratedClass '/Game/StarterContent/Maps/Minimal_Default.Minimal_Default_C' with ClassGeneratedBy '/Game/StarterContent/Maps/Minimal_Default.Minimal_Default:PersistentLevel.Minimal_Default'
[2018.11.22-09.32.53:907][636]LogSlate: Updating window title bar state: overlay mode, drag disabled, window buttons hidden, title bar hidden
[2018.11.22-09.32.53:924][636]LogSlate: Window 'FightingGame Game Preview Client 1 (64-bit/PCD3D_SM5)' being destroyed
[2018.11.22-09.32.53:959][636]LogOnline: Warning: OSS: No game present to leave for session (GameSession)
[2018.11.22-09.32.53:959][636]LogSlate: Updating window title bar state: overlay mode, drag disabled, window buttons hidden, title bar hidden
[2018.11.22-09.32.54:001][636]LogPlayLevel: Display: Shutting down PIE online subsystems
[2018.11.22-09.32.54:002][636]LogBlueprintUserMessages: Late EndPlayMap Detection: Level '/Game/StarterContent/Maps/Minimal_Default.Minimal_Default:PersistentLevel' has LevelScriptBlueprint '/Game/StarterContent/Maps/Minimal_Default.Minimal_Default:PersistentLevel.Minimal_Default' with GeneratedClass '/Game/StarterContent/Maps/Minimal_Default.Minimal_Default_C' with ClassGeneratedBy '/Game/StarterContent/Maps/Minimal_Default.Minimal_Default:PersistentLevel.Minimal_Default'
[2018.11.22-09.32.54:041][636]LogNet: UChannel::CleanUp: ChIndex == 0. Closing connection. [UChannel] ChIndex: 0, Closing: 0 [UNetConnection] RemoteAddr: 127.0.0.1:64686, Name: IpConnection_1, Driver: GameNetDriver IpNetDriver_0, IsServer: YES, PC: PlayerController_1, Owner: PlayerController_1, UniqueId: NULL:c117b-06-0A5888AC41A3818B6384068CC055FC58
[2018.11.22-09.32.54:041][636]LogNet: UNetConnection::Close: [UNetConnection] RemoteAddr: 127.0.0.1:64686, Name: IpConnection_1, Driver: GameNetDriver IpNetDriver_0, IsServer: YES, PC: PlayerController_1, Owner: PlayerController_1, UniqueId: NULL:c117b-06-0A5888AC41A3818B6384068CC055FC58, Channels: 2, Time: 2018.11.22-09.32.54
[2018.11.22-09.32.54:041][636]LogNet: UChannel::Close: Sending CloseBunch. ChIndex == 0. Name: [UChannel] ChIndex: 0, Closing: 0 [UNetConnection] RemoteAddr: 127.0.0.1:64686, Name: IpConnection_1, Driver: GameNetDriver IpNetDriver_0, IsServer: YES, PC: PlayerController_1, Owner: PlayerController_1, UniqueId: NULL:c117b-06-0A5888AC41A3818B6384068CC055FC58
[2018.11.22-09.32.54:042][636]LogNet: UChannel::CleanUp: ChIndex == 0. Closing connection. [UChannel] ChIndex: 0, Closing: 0 [UNetConnection] RemoteAddr: 127.0.0.1:17777, Name: IpConnection_0, Driver: GameNetDriver IpNetDriver_1, IsServer: NO, PC: None, Owner: None, UniqueId: NULL:c117b-06-0A5888AC41A3818B6384068CC055FC58
[2018.11.22-09.32.54:043][636]LogNet: UNetConnection::Close: [UNetConnection] RemoteAddr: 127.0.0.1:17777, Name: IpConnection_0, Driver: GameNetDriver IpNetDriver_1, IsServer: NO, PC: None, Owner: None, UniqueId: NULL:c117b-06-0A5888AC41A3818B6384068CC055FC58, Channels: 2, Time: 2018.11.22-09.32.54
[2018.11.22-09.32.54:043][636]LogNet: UChannel::Close: Sending CloseBunch. ChIndex == 0. Name: [UChannel] ChIndex: 0, Closing: 0 [UNetConnection] RemoteAddr: 127.0.0.1:17777, Name: IpConnection_0, Driver: GameNetDriver IpNetDriver_1, IsServer: NO, PC: None, Owner: None, UniqueId: NULL:c117b-06-0A5888AC41A3818B6384068CC055FC58
[2018.11.22-09.32.54:046][636]LogSlate: Updating window title bar state: overlay mode, drag disabled, window buttons hidden, title bar hidden
[2018.11.22-09.32.54:047][636]LogExit: GameNetDriver None shut down
[2018.11.22-09.32.54:047][636]LogExit: GameNetDriver None shut down
[2018.11.22-09.32.54:071][637]LogPlayLevel: Display: Destroying online subsystem :Context_2
[2018.11.22-09.32.54:071][637]LogPlayLevel: Display: Destroying online subsystem :Context_1
[2018.11.22-09.32.54:854][728]LogSlate: FSceneViewport::OnFocusLost() reason 0
[2018.11.22-09.32.54:897][733]LogTemp: Repeating last play command: Selected Viewport
[2018.11.22-09.32.54:915][733]LogBlueprintUserMessages: Early PlayInEditor Detection: Level '/Game/StarterContent/Maps/Minimal_Default.Minimal_Default:PersistentLevel' has LevelScriptBlueprint '/Game/StarterContent/Maps/Minimal_Default.Minimal_Default:PersistentLevel.Minimal_Default' with GeneratedClass '/Game/StarterContent/Maps/Minimal_Default.Minimal_Default_C' with ClassGeneratedBy '/Game/StarterContent/Maps/Minimal_Default.Minimal_Default:PersistentLevel.Minimal_Default'
[2018.11.22-09.32.54:915][733]LogPlayLevel: PlayLevel: No blueprints needed recompiling
[2018.11.22-09.32.54:919][733]PIE: New page: PIE session: Minimal_Default (22 Nov 2018 09:32:54)
[2018.11.22-09.32.54:919][733]LogPlayLevel: Creating play world package: /Game/StarterContent/Maps/UEDPIE_1_Minimal_Default
[2018.11.22-09.32.54:922][733]LogPlayLevel: PIE: StaticDuplicateObject took: (0.003478s)
[2018.11.22-09.32.54:923][733]LogAIModule: Creating AISystem for world Minimal_Default
[2018.11.22-09.32.54:924][733]LogPlayLevel: PIE: World Init took: (0.000923s)
[2018.11.22-09.32.54:924][733]LogPlayLevel: PIE: Created PIE world by copying editor world from /Game/StarterContent/Maps/Minimal_Default.Minimal_Default to /Game/StarterContent/Maps/UEDPIE_1_Minimal_Default.Minimal_Default (0.004837s)
[2018.11.22-09.32.54:954][733]LogInit: XAudio2 using 'Speakers (High Definition Audio Device)' : 2 channels at 48 kHz using 16 bits per sample (channel mask 0x3)
[2018.11.22-09.32.54:963][733]LogInit: FAudioDevice initialized.
[2018.11.22-09.32.55:001][733]LogLoad: Game class is 'FightingGameMode_C'
[2018.11.22-09.32.55:004][733]LogWorld: Bringing World /Game/StarterContent/Maps/UEDPIE_1_Minimal_Default.Minimal_Default up for play (max tick rate 0) at 2018.11.22-09.32.55
[2018.11.22-09.32.55:005][733]LogWorld: Bringing up level for play took: 0.001779
[2018.11.22-09.32.55:022][733]LogTemp: Display: ParseSettings for GameNetDriver
[2018.11.22-09.32.55:022][733]LogTemp: Display: ParseSettings for IpNetDriver_2
[2018.11.22-09.32.55:022][733]LogTemp: Display: ParseSettings for GameNetDriver
[2018.11.22-09.32.55:023][733]LogNet: ReplicationDriverClass is null! Not using ReplicationDriver.
[2018.11.22-09.32.55:023][733]LogInit: WinSock: Socket queue 131072 / 131072
[2018.11.22-09.32.55:024][733]PacketHandlerLog: Loaded PacketHandler component: Engine.EngineHandlerComponentFactory (StatelessConnectHandlerComponent)
[2018.11.22-09.32.55:024][733]LogNet: GameNetDriver IpNetDriver_2 IpNetDriver listening on port 17777
[2018.11.22-09.32.55:025][733]PIE: Play in editor start time for /Game/StarterContent/Maps/UEDPIE_1_Minimal_Default -0.013
[2018.11.22-09.32.55:036][733]PIE: New page: PIE session: Minimal_Default (22 Nov 2018 09:32:55)
[2018.11.22-09.32.55:050][733]LogSlate: FSceneViewport::OnFocusLost() reason 2
[2018.11.22-09.32.55:057][733]LogSlate: Updating window title bar state: overlay mode, drag disabled, window buttons hidden, title bar hidden
[2018.11.22-09.32.55:119][733]LogNet: Browse: 127.0.0.1:17777//Game/StarterContent/Maps/Minimal_Default
[2018.11.22-09.32.55:120][733]LogTemp: Display: ParseSettings for GameNetDriver
[2018.11.22-09.32.55:120][733]LogTemp: Display: ParseSettings for IpNetDriver_3
[2018.11.22-09.32.55:120][733]LogTemp: Display: ParseSettings for PendingNetDriver
[2018.11.22-09.32.55:121][733]LogInit: WinSock: Socket queue 32768 / 32768
[2018.11.22-09.32.55:122][733]PacketHandlerLog: Loaded PacketHandler component: Engine.EngineHandlerComponentFactory (StatelessConnectHandlerComponent)
[2018.11.22-09.32.55:122][733]LogNet: Game client on port 17777, rate 10000
[2018.11.22-09.32.55:127][733]PIE: Play in editor start time for /Game/StarterContent/Maps/Minimal_Default 0.089
[2018.11.22-09.32.55:140][733]LogBlueprintUserMessages: Late PlayInEditor Detection: Level '/Game/StarterContent/Maps/Minimal_Default.Minimal_Default:PersistentLevel' has LevelScriptBlueprint '/Game/StarterContent/Maps/Minimal_Default.Minimal_Default:PersistentLevel.Minimal_Default' with GeneratedClass '/Game/StarterContent/Maps/Minimal_Default.Minimal_Default_C' with ClassGeneratedBy '/Game/StarterContent/Maps/Minimal_Default.Minimal_Default:PersistentLevel.Minimal_Default'
[2018.11.22-09.32.55:141][733]LogNet: NotifyAcceptingConnection accepted from: 127.0.0.1:61316
[2018.11.22-09.32.55:141][733]LogHandshake: SendConnectChallenge. Timestamp: 0.008334, Cookie: 066082079044241106079150208248128088013008147191182175128129
[2018.11.22-09.32.55:142][733]LogHandshake: SendChallengeResponse. Timestamp: 0.008334, Cookie: 066082079044241106079150208248128088013008147191182175128129
[2018.11.22-09.32.55:206][734]LogNet: NotifyAcceptingConnection accepted from: 127.0.0.1:61316
[2018.11.22-09.32.55:207][734]LogHandshake: SendChallengeAck. InCookie: 066082079044241106079150208248128088013008147191182175128129
[2018.11.22-09.32.55:207][734]LogNet: Server accepting post-challenge connection from: 127.0.0.1:61316
[2018.11.22-09.32.55:208][734]PacketHandlerLog: Loaded PacketHandler component: Engine.EngineHandlerComponentFactory (StatelessConnectHandlerComponent)
[2018.11.22-09.32.55:208][734]LogNet: NotifyAcceptedConnection: Name: Minimal_Default, TimeStamp: 11/22/18 09:32:55, [UNetConnection] RemoteAddr: 127.0.0.1:61316, Name: IpConnection_3, Driver: GameNetDriver IpNetDriver_2, IsServer: YES, PC: NULL, Owner: NULL, UniqueId: INVALID
[2018.11.22-09.32.55:208][734]LogNet: AddClientConnection: Added client connection: [UNetConnection] RemoteAddr: 127.0.0.1:61316, Name: IpConnection_3, Driver: GameNetDriver IpNetDriver_2, IsServer: YES, PC: NULL, Owner: NULL, UniqueId: INVALID
[2018.11.22-09.32.55:210][734]LogNet: UPendingNetGame::SendInitialJoin: Sending hello. [UNetConnection] RemoteAddr: 127.0.0.1:17777, Name: IpConnection_2, Driver: PendingNetDriver IpNetDriver_3, IsServer: NO, PC: NULL, Owner: NULL, UniqueId: INVALID
[2018.11.22-09.32.55:227][735]LogNet: NotifyAcceptingChannel Control 0 server World /Game/StarterContent/Maps/UEDPIE_1_Minimal_Default.Minimal_Default: Accepted
[2018.11.22-09.32.55:227][735]LogNet: Remote platform little endian=1
[2018.11.22-09.32.55:227][735]LogNet: This platform little endian=1
[2018.11.22-09.32.55:250][736]LogNet: Login request: /Game/StarterContent/Maps/Minimal_Default?Name=c117b-06-D22B55134ADD4F7020E43EB5CB26294C userId: c117b-06-D22B55134ADD4F7020E43EB5CB26294C
[2018.11.22-09.32.55:251][736]LogNet: Welcomed by server (Level: /Game/StarterContent/Maps/UEDPIE_1_Minimal_Default, Game: /Game/FightingGameMode.FightingGameMode_C)
[2018.11.22-09.32.55:251][736]LogLoad: LoadMap: 127.0.0.1:17777//Game/StarterContent/Maps/UEDPIE_1_Minimal_Default?game=/Game/FightingGameMode.FightingGameMode_C
[2018.11.22-09.32.55:283][736]LogAIModule: Creating AISystem for world Minimal_Default
[2018.11.22-09.32.55:284][736]LogTemp: Display: ParseSettings for GameNetDriver
[2018.11.22-09.32.55:285][736]LogWorld: Bringing World /Game/StarterContent/Maps/UEDPIE_2_Minimal_Default.Minimal_Default up for play (max tick rate 0) at 2018.11.22-09.32.55
[2018.11.22-09.32.55:285][736]LogWorld: Bringing up level for play took: 0.000892
[2018.11.22-09.32.55:286][736]LogLoad: Took 0.034751 seconds to LoadMap(/Game/StarterContent/Maps/UEDPIE_1_Minimal_Default)
[2018.11.22-09.32.55:295][737]LogNet: Client netspeed is 10000
[2018.11.22-09.32.55:296][737]LogNet: Join request: /Game/StarterContent/Maps/Minimal_Default?Name=c117b-06-D22B55134ADD4F7020E43EB5CB26294C?SplitscreenCount=1
[2018.11.22-09.32.55:296][737]LogOnline: Warning: OSS: No game present to join for session (GameSession)
[2018.11.22-09.32.55:298][737]LogNet: Join succeeded: c117b-06-D22B55134AD
[2018.11.22-09.32.55:341][742]LogOnline: Warning: OSS: No game present to join for session (GameSession)
[2018.11.22-09.32.55:366][745]LogOnline: Warning: OSS: No game present to join for session (GameSession)
[2018.11.22-09.33.24:785][221]LogBlueprintUserMessages: Early EndPlayMap Detection: Level '/Game/StarterContent/Maps/Minimal_Default.Minimal_Default:PersistentLevel' has LevelScriptBlueprint '/Game/StarterContent/Maps/Minimal_Default.Minimal_Default:PersistentLevel.Minimal_Default' with GeneratedClass '/Game/StarterContent/Maps/Minimal_Default.Minimal_Default_C' with ClassGeneratedBy '/Game/StarterContent/Maps/Minimal_Default.Minimal_Default:PersistentLevel.Minimal_Default'
[2018.11.22-09.33.24:785][221]LogSlate: Updating window title bar state: overlay mode, drag disabled, window buttons hidden, title bar hidden
[2018.11.22-09.33.24:802][221]LogSlate: Window 'FightingGame Game Preview Client 1 (64-bit/PCD3D_SM5)' being destroyed
[2018.11.22-09.33.24:842][221]LogOnline: Warning: OSS: No game present to leave for session (GameSession)
[2018.11.22-09.33.24:843][221]LogSlate: Updating window title bar state: overlay mode, drag disabled, window buttons hidden, title bar hidden
[2018.11.22-09.33.24:886][221]LogPlayLevel: Display: Shutting down PIE online subsystems
[2018.11.22-09.33.24:886][221]LogBlueprintUserMessages: Late EndPlayMap Detection: Level '/Game/StarterContent/Maps/Minimal_Default.Minimal_Default:PersistentLevel' has LevelScriptBlueprint '/Game/StarterContent/Maps/Minimal_Default.Minimal_Default:PersistentLevel.Minimal_Default' with GeneratedClass '/Game/StarterContent/Maps/Minimal_Default.Minimal_Default_C' with ClassGeneratedBy '/Game/StarterContent/Maps/Minimal_Default.Minimal_Default:PersistentLevel.Minimal_Default'
[2018.11.22-09.33.24:924][221]LogNet: UChannel::CleanUp: ChIndex == 0. Closing connection. [UChannel] ChIndex: 0, Closing: 0 [UNetConnection] RemoteAddr: 127.0.0.1:61316, Name: IpConnection_3, Driver: GameNetDriver IpNetDriver_2, IsServer: YES, PC: None, Owner: None, UniqueId: NULL:c117b-06-D22B55134ADD4F7020E43EB5CB26294C
[2018.11.22-09.33.24:924][221]LogNet: UNetConnection::Close: [UNetConnection] RemoteAddr: 127.0.0.1:61316, Name: IpConnection_3, Driver: GameNetDriver IpNetDriver_2, IsServer: YES, PC: None, Owner: None, UniqueId: NULL:c117b-06-D22B55134ADD4F7020E43EB5CB26294C, Channels: 2, Time: 2018.11.22-09.33.24
[2018.11.22-09.33.24:924][221]LogNet: UChannel::Close: Sending CloseBunch. ChIndex == 0. Name: [UChannel] ChIndex: 0, Closing: 0 [UNetConnection] RemoteAddr: 127.0.0.1:61316, Name: IpConnection_3, Driver: GameNetDriver IpNetDriver_2, IsServer: YES, PC: None, Owner: None, UniqueId: NULL:c117b-06-D22B55134ADD4F7020E43EB5CB26294C
[2018.11.22-09.33.24:924][221]LogNet: UChannel::CleanUp: ChIndex == 0. Closing connection. [UChannel] ChIndex: 0, Closing: 0 [UNetConnection] RemoteAddr: 127.0.0.1:17777, Name: IpConnection_2, Driver: GameNetDriver IpNetDriver_3, IsServer: NO, PC: None, Owner: None, UniqueId: NULL:c117b-06-D22B55134ADD4F7020E43EB5CB26294C
[2018.11.22-09.33.24:924][221]LogNet: UNetConnection::Close: [UNetConnection] RemoteAddr: 127.0.0.1:17777, Name: IpConnection_2, Driver: GameNetDriver IpNetDriver_3, IsServer: NO, PC: None, Owner: None, UniqueId: NULL:c117b-06-D22B55134ADD4F7020E43EB5CB26294C, Channels: 2, Time: 2018.11.22-09.33.24
[2018.11.22-09.33.24:924][221]LogNet: UChannel::Close: Sending CloseBunch. ChIndex == 0. Name: [UChannel] ChIndex: 0, Closing: 0 [UNetConnection] RemoteAddr: 127.0.0.1:17777, Name: IpConnection_2, Driver: GameNetDriver IpNetDriver_3, IsServer: NO, PC: None, Owner: None, UniqueId: NULL:c117b-06-D22B55134ADD4F7020E43EB5CB26294C
[2018.11.22-09.33.24:927][221]LogSlate: Updating window title bar state: overlay mode, drag disabled, window buttons hidden, title bar hidden
[2018.11.22-09.33.24:928][221]LogExit: GameNetDriver None shut down
[2018.11.22-09.33.24:928][221]LogExit: GameNetDriver None shut down
[2018.11.22-09.33.24:947][222]LogPlayLevel: Display: Destroying online subsystem :Context_5
[2018.11.22-09.33.24:947][222]LogPlayLevel: Display: Destroying online subsystem :Context_4
[2018.11.22-09.33.26:107][356]LogSlate: FSceneViewport::OnFocusLost() reason 2
[2018.11.22-09.33.29:547][645]LogSlate: Only BGRA pngs, bmps or icos are supported in by External Image Picker
[2018.11.22-09.33.29:604][646]LogTemp: Executing iPhonePackager certificates Engine -bundlename com.YourCompany.FightingGame
[2018.11.22-09.33.29:605][646]LogTemp: CWD: C:\Epic\UE4\UE_4.20\Engine\Binaries\DotNET\IOS
[2018.11.22-09.33.29:605][646]LogTemp: Initial Dir: C:\Epic\UE4\UE_4.20
[2018.11.22-09.33.29:605][646]LogTemp: Env CWD: C:\Epic\UE4\UE_4.20\Engine\Binaries\DotNET\IOS
[2018.11.22-09.33.29:605][646]LogTemp: BranchPath = C117B-06/C/Epic/UE4/UE_4.20/Engine/Binaries --- GameBranchPath = C117B-06/C/Epic/UE4/UE_4.20/Engine/Binaries
[2018.11.22-09.33.29:616][646]LogTemp: IPP ERROR: Could not find provision directory 'C:\Users\c016193g\AppData\Local/Apple Computer/MobileDevice/Provisioning Profiles/'.
[2018.11.22-09.33.56:851][801]LogSlate: Window 'Project Settings' being destroyed
[2018.11.22-09.33.56:854][801]LogSlate: Window 'Project Settings' being destroyed
[2018.11.22-09.33.57:657][894]LogTemp: Repeating last play command: Selected Viewport
[2018.11.22-09.33.57:673][894]LogBlueprintUserMessages: Early PlayInEditor Detection: Level '/Game/StarterContent/Maps/Minimal_Default.Minimal_Default:PersistentLevel' has LevelScriptBlueprint '/Game/StarterContent/Maps/Minimal_Default.Minimal_Default:PersistentLevel.Minimal_Default' with GeneratedClass '/Game/StarterContent/Maps/Minimal_Default.Minimal_Default_C' with ClassGeneratedBy '/Game/StarterContent/Maps/Minimal_Default.Minimal_Default:PersistentLevel.Minimal_Default'
[2018.11.22-09.33.57:673][894]LogPlayLevel: PlayLevel: No blueprints needed recompiling
[2018.11.22-09.33.57:676][894]PIE: New page: PIE session: Minimal_Default (22 Nov 2018 09:33:57)
[2018.11.22-09.33.57:676][894]LogPlayLevel: Creating play world package: /Game/StarterContent/Maps/UEDPIE_1_Minimal_Default
[2018.11.22-09.33.57:680][894]LogPlayLevel: PIE: StaticDuplicateObject took: (0.003112s)
[2018.11.22-09.33.57:680][894]LogAIModule: Creating AISystem for world Minimal_Default
[2018.11.22-09.33.57:680][894]LogPlayLevel: PIE: World Init took: (0.000799s)
[2018.11.22-09.33.57:681][894]LogPlayLevel: PIE: Created PIE world by copying editor world from /Game/StarterContent/Maps/Minimal_Default.Minimal_Default to /Game/StarterContent/Maps/UEDPIE_1_Minimal_Default.Minimal_Default (0.004264s)
[2018.11.22-09.33.57:708][894]LogInit: XAudio2 using 'Speakers (High Definition Audio Device)' : 2 channels at 48 kHz using 16 bits per sample (channel mask 0x3)
[2018.11.22-09.33.57:718][894]LogInit: FAudioDevice initialized.
[2018.11.22-09.33.57:763][894]LogLoad: Game class is 'FightingGameMode_C'
[2018.11.22-09.33.57:767][894]LogWorld: Bringing World /Game/StarterContent/Maps/UEDPIE_1_Minimal_Default.Minimal_Default up for play (max tick rate 0) at 2018.11.22-09.33.57
[2018.11.22-09.33.57:768][894]LogWorld: Bringing up level for play took: 0.002406
[2018.11.22-09.33.57:784][894]LogTemp: Display: ParseSettings for GameNetDriver
[2018.11.22-09.33.57:784][894]LogTemp: Display: ParseSettings for IpNetDriver_4
[2018.11.22-09.33.57:785][894]LogTemp: Display: ParseSettings for GameNetDriver
[2018.11.22-09.33.57:785][894]LogNet: ReplicationDriverClass is null! Not using ReplicationDriver.
[2018.11.22-09.33.57:785][894]LogInit: WinSock: Socket queue 131072 / 131072
[2018.11.22-09.33.57:786][894]PacketHandlerLog: Loaded PacketHandler component: Engine.EngineHandlerComponentFactory (StatelessConnectHandlerComponent)
[2018.11.22-09.33.57:786][894]LogNet: GameNetDriver IpNetDriver_4 IpNetDriver listening on port 17777
[2018.11.22-09.33.57:788][894]PIE: Play in editor start time for /Game/StarterContent/Maps/UEDPIE_1_Minimal_Default 0.75
[2018.11.22-09.33.57:799][894]PIE: New page: PIE session: Minimal_Default (22 Nov 2018 09:33:57)
[2018.11.22-09.33.57:814][894]LogSlate: FSceneViewport::OnFocusLost() reason 2
[2018.11.22-09.33.57:821][894]LogSlate: Updating window title bar state: overlay mode, drag disabled, window buttons hidden, title bar hidden
[2018.11.22-09.33.57:870][894]LogNet: Browse: 127.0.0.1:17777//Game/StarterContent/Maps/Minimal_Default
[2018.11.22-09.33.57:870][894]LogTemp: Display: ParseSettings for GameNetDriver
[2018.11.22-09.33.57:870][894]LogTemp: Display: ParseSettings for IpNetDriver_5
[2018.11.22-09.33.57:870][894]LogTemp: Display: ParseSettings for PendingNetDriver
[2018.11.22-09.33.57:870][894]LogInit: WinSock: Socket queue 32768 / 32768
[2018.11.22-09.33.57:871][894]PacketHandlerLog: Loaded PacketHandler component: Engine.EngineHandlerComponentFactory (StatelessConnectHandlerComponent)
[2018.11.22-09.33.57:871][894]LogNet: Game client on port 17777, rate 10000
[2018.11.22-09.33.57:874][894]PIE: Play in editor start time for /Game/StarterContent/Maps/Minimal_Default 0.836
[2018.11.22-09.33.57:881][894]LogBlueprintUserMessages: Late PlayInEditor Detection: Level '/Game/StarterContent/Maps/Minimal_Default.Minimal_Default:PersistentLevel' has LevelScriptBlueprint '/Game/StarterContent/Maps/Minimal_Default.Minimal_Default:PersistentLevel.Minimal_Default' with GeneratedClass '/Game/StarterContent/Maps/Minimal_Default.Minimal_Default_C' with ClassGeneratedBy '/Game/StarterContent/Maps/Minimal_Default.Minimal_Default:PersistentLevel.Minimal_Default'
[2018.11.22-09.33.57:881][894]LogNet: NotifyAcceptingConnection accepted from: 127.0.0.1:55061
[2018.11.22-09.33.57:881][894]LogHandshake: SendConnectChallenge. Timestamp: 0.008334, Cookie: 011157250228130107169079219211224021001168081210004081017119
[2018.11.22-09.33.57:882][894]LogHandshake: SendChallengeResponse. Timestamp: 0.008334, Cookie: 011157250228130107169079219211224021001168081210004081017119
[2018.11.22-09.33.57:947][895]LogNet: NotifyAcceptingConnection accepted from: 127.0.0.1:55061
[2018.11.22-09.33.57:947][895]LogHandshake: SendChallengeAck. InCookie: 011157250228130107169079219211224021001168081210004081017119
[2018.11.22-09.33.57:947][895]LogNet: Server accepting post-challenge connection from: 127.0.0.1:55061
[2018.11.22-09.33.57:948][895]PacketHandlerLog: Loaded PacketHandler component: Engine.EngineHandlerComponentFactory (StatelessConnectHandlerComponent)
[2018.11.22-09.33.57:949][895]LogNet: NotifyAcceptedConnection: Name: Minimal_Default, TimeStamp: 11/22/18 09:33:57, [UNetConnection] RemoteAddr: 127.0.0.1:55061, Name: IpConnection_5, Driver: GameNetDriver IpNetDriver_4, IsServer: YES, PC: NULL, Owner: NULL, UniqueId: INVALID
[2018.11.22-09.33.57:949][895]LogNet: AddClientConnection: Added client connection: [UNetConnection] RemoteAddr: 127.0.0.1:55061, Name: IpConnection_5, Driver: GameNetDriver IpNetDriver_4, IsServer: YES, PC: NULL, Owner: NULL, UniqueId: INVALID
[2018.11.22-09.33.57:951][895]LogNet: UPendingNetGame::SendInitialJoin: Sending hello. [UNetConnection] RemoteAddr: 127.0.0.1:17777, Name: IpConnection_4, Driver: PendingNetDriver IpNetDriver_5, IsServer: NO, PC: NULL, Owner: NULL, UniqueId: INVALID
[2018.11.22-09.33.57:961][896]LogNet: NotifyAcceptingChannel Control 0 server World /Game/StarterContent/Maps/UEDPIE_1_Minimal_Default.Minimal_Default: Accepted
[2018.11.22-09.33.57:962][896]LogNet: Remote platform little endian=1
[2018.11.22-09.33.57:962][896]LogNet: This platform little endian=1
[2018.11.22-09.33.57:985][897]LogNet: Login request: /Game/StarterContent/Maps/Minimal_Default?Name=c117b-06-0C9713EB4E5301FD801406830932F30D userId: c117b-06-0C9713EB4E5301FD801406830932F30D
[2018.11.22-09.33.57:986][897]LogNet: Welcomed by server (Level: /Game/StarterContent/Maps/UEDPIE_1_Minimal_Default, Game: /Game/FightingGameMode.FightingGameMode_C)
[2018.11.22-09.33.57:987][897]LogLoad: LoadMap: 127.0.0.1:17777//Game/StarterContent/Maps/UEDPIE_1_Minimal_Default?game=/Game/FightingGameMode.FightingGameMode_C
[2018.11.22-09.33.58:018][897]LogAIModule: Creating AISystem for world Minimal_Default
[2018.11.22-09.33.58:018][897]LogTemp: Display: ParseSettings for GameNetDriver
[2018.11.22-09.33.58:019][897]LogWorld: Bringing World /Game/StarterContent/Maps/UEDPIE_2_Minimal_Default.Minimal_Default up for play (max tick rate 0) at 2018.11.22-09.33.58
[2018.11.22-09.33.58:019][897]LogWorld: Bringing up level for play took: 0.000752
[2018.11.22-09.33.58:020][897]LogLoad: Took 0.033124 seconds to LoadMap(/Game/StarterContent/Maps/UEDPIE_1_Minimal_Default)
[2018.11.22-09.33.58:031][898]LogNet: Client netspeed is 10000
[2018.11.22-09.33.58:031][898]LogNet: Join request: /Game/StarterContent/Maps/Minimal_Default?Name=c117b-06-0C9713EB4E5301FD801406830932F30D?SplitscreenCount=1
[2018.11.22-09.33.58:032][898]LogOnline: Warning: OSS: No game present to join for session (GameSession)
[2018.11.22-09.33.58:034][898]LogNet: Join succeeded: c117b-06-0C9713EB4E5
[2018.11.22-09.33.58:078][903]LogOnline: Warning: OSS: No game present to join for session (GameSession)
[2018.11.22-09.33.58:103][906]LogOnline: Warning: OSS: No game present to join for session (GameSession)
[2018.11.22-09.34.08:625][141]LogBlueprintUserMessages: Early EndPlayMap Detection: Level '/Game/StarterContent/Maps/Minimal_Default.Minimal_Default:PersistentLevel' has LevelScriptBlueprint '/Game/StarterContent/Maps/Minimal_Default.Minimal_Default:PersistentLevel.Minimal_Default' with GeneratedClass '/Game/StarterContent/Maps/Minimal_Default.Minimal_Default_C' with ClassGeneratedBy '/Game/StarterContent/Maps/Minimal_Default.Minimal_Default:PersistentLevel.Minimal_Default'
[2018.11.22-09.34.08:625][141]LogSlate: Updating window title bar state: overlay mode, drag disabled, window buttons hidden, title bar hidden
[2018.11.22-09.34.08:649][141]LogSlate: Window 'FightingGame Game Preview Client 1 (64-bit/PCD3D_SM5)' being destroyed
[2018.11.22-09.34.08:688][141]LogOnline: Warning: OSS: No game present to leave for session (GameSession)
[2018.11.22-09.34.08:688][141]LogSlate: Updating window title bar state: overlay mode, drag disabled, window buttons hidden, title bar hidden
[2018.11.22-09.34.08:733][141]LogPlayLevel: Display: Shutting down PIE online subsystems
[2018.11.22-09.34.08:734][141]LogBlueprintUserMessages: Late EndPlayMap Detection: Level '/Game/StarterContent/Maps/Minimal_Default.Minimal_Default:PersistentLevel' has LevelScriptBlueprint '/Game/StarterContent/Maps/Minimal_Default.Minimal_Default:PersistentLevel.Minimal_Default' with GeneratedClass '/Game/StarterContent/Maps/Minimal_Default.Minimal_Default_C' with ClassGeneratedBy '/Game/StarterContent/Maps/Minimal_Default.Minimal_Default:PersistentLevel.Minimal_Default'
[2018.11.22-09.34.08:769][141]LogNet: UChannel::CleanUp: ChIndex == 0. Closing connection. [UChannel] ChIndex: 0, Closing: 0 [UNetConnection] RemoteAddr: 127.0.0.1:55061, Name: IpConnection_5, Driver: GameNetDriver IpNetDriver_4, IsServer: YES, PC: None, Owner: None, UniqueId: NULL:c117b-06-0C9713EB4E5301FD801406830932F30D
[2018.11.22-09.34.08:769][141]LogNet: UNetConnection::Close: [UNetConnection] RemoteAddr: 127.0.0.1:55061, Name: IpConnection_5, Driver: GameNetDriver IpNetDriver_4, IsServer: YES, PC: None, Owner: None, UniqueId: NULL:c117b-06-0C9713EB4E5301FD801406830932F30D, Channels: 2, Time: 2018.11.22-09.34.08
[2018.11.22-09.34.08:770][141]LogNet: UChannel::Close: Sending CloseBunch. ChIndex == 0. Name: [UChannel] ChIndex: 0, Closing: 0 [UNetConnection] RemoteAddr: 127.0.0.1:55061, Name: IpConnection_5, Driver: GameNetDriver IpNetDriver_4, IsServer: YES, PC: None, Owner: None, UniqueId: NULL:c117b-06-0C9713EB4E5301FD801406830932F30D
[2018.11.22-09.34.08:770][141]LogNet: UChannel::CleanUp: ChIndex == 0. Closing connection. [UChannel] ChIndex: 0, Closing: 0 [UNetConnection] RemoteAddr: 127.0.0.1:17777, Name: IpConnection_4, Driver: GameNetDriver IpNetDriver_5, IsServer: NO, PC: None, Owner: None, UniqueId: NULL:c117b-06-0C9713EB4E5301FD801406830932F30D
[2018.11.22-09.34.08:770][141]LogNet: UNetConnection::Close: [UNetConnection] RemoteAddr: 127.0.0.1:17777, Name: IpConnection_4, Driver: GameNetDriver IpNetDriver_5, IsServer: NO, PC: None, Owner: None, UniqueId: NULL:c117b-06-0C9713EB4E5301FD801406830932F30D, Channels: 2, Time: 2018.11.22-09.34.08
[2018.11.22-09.34.08:770][141]LogNet: UChannel::Close: Sending CloseBunch. ChIndex == 0. Name: [UChannel] ChIndex: 0, Closing: 0 [UNetConnection] RemoteAddr: 127.0.0.1:17777, Name: IpConnection_4, Driver: GameNetDriver IpNetDriver_5, IsServer: NO, PC: None, Owner: None, UniqueId: NULL:c117b-06-0C9713EB4E5301FD801406830932F30D
[2018.11.22-09.34.08:773][141]LogSlate: Updating window title bar state: overlay mode, drag disabled, window buttons hidden, title bar hidden
[2018.11.22-09.34.08:773][141]LogExit: GameNetDriver None shut down
[2018.11.22-09.34.08:774][141]LogExit: GameNetDriver None shut down
[2018.11.22-09.34.08:791][142]LogPlayLevel: Display: Destroying online subsystem :Context_8
[2018.11.22-09.34.08:791][142]LogPlayLevel: Display: Destroying online subsystem :Context_7
