Log file open, 12/30/18 19:34:16
LogWindows: Failed to load 'aqProf.dll' (GetLastError=126)
LogWindows: File 'aqProf.dll' does not exist
LogWindows: Failed to load 'VSPerf140.dll' (GetLastError=126)
LogWindows: File 'VSPerf140.dll' does not exist
LogWindows: Failed to load 'VtuneApi.dll' (GetLastError=126)
LogWindows: File 'VtuneApi.dll' does not exist
LogWindows: Failed to load 'VtuneApi32e.dll' (GetLastError=126)
LogWindows: File 'VtuneApi32e.dll' does not exist
LogInit: Display: Running engine for game: FightingGame
LogPlatformFile: Not using cached read wrapper
LogTaskGraph: Started task graph with 5 named threads and 23 total threads with 3 sets of task threads.
LogStats: Stats thread started at 0.365165
LogD3D11RHI: Loaded GFSDK_Aftermath_Lib.x64.dll
LogICUInternationalization: Display: ICU TimeZone Detection - Raw Offset: +0:00, Platform Override: ''
LogPluginManager: Mounting plugin Paper2D
LogPluginManager: Mounting plugin AISupport
LogPluginManager: Mounting plugin LightPropagationVolume
LogPluginManager: Mounting plugin CLionSourceCodeAccess
LogPluginManager: Mounting plugin CodeLiteSourceCodeAccess
LogPluginManager: Mounting plugin GitSourceControl
LogPluginManager: Mounting plugin KDevelopSourceCodeAccess
LogPluginManager: Mounting plugin NullSourceCodeAccess
LogPluginManager: Mounting plugin PerforceSourceControl
LogPluginManager: Mounting plugin SubversionSourceControl
LogPluginManager: Mounting plugin UObjectPlugin
LogPluginManager: Mounting plugin VisualStudioCodeSourceCodeAccess
LogPluginManager: Mounting plugin VisualStudioSourceCodeAccess
LogPluginManager: Mounting plugin XCodeSourceCodeAccess
LogPluginManager: Mounting plugin AssetManagerEditor
LogPluginManager: Mounting plugin CryptoKeys
LogPluginManager: Mounting plugin DataValidation
LogPluginManager: Mounting plugin FacialAnimation
LogPluginManager: Mounting plugin GameplayTagsEditor
LogPluginManager: Mounting plugin MacGraphicsSwitching
LogPluginManager: Mounting plugin MeshEditor
LogPluginManager: Mounting plugin MobileLauncherProfileWizard
LogPluginManager: Mounting plugin PluginBrowser
LogPluginManager: Mounting plugin SpeedTreeImporter
LogPluginManager: Mounting plugin DatasmithContent
LogPluginManager: Mounting plugin AlembicImporter
LogPluginManager: Mounting plugin AppleImageUtils
LogPluginManager: Mounting plugin AppleVision
LogPluginManager: Mounting plugin BackChannel
LogPluginManager: Mounting plugin CharacterAI
LogPluginManager: Mounting plugin GeometryCache
LogPluginManager: Mounting plugin HTML5Networking
LogPluginManager: Mounting plugin ProxyLODPlugin
LogPluginManager: Mounting plugin MagicLeap
LogPluginManager: Mounting plugin MagicLeapEmulator
LogPluginManager: Mounting plugin MagicLeapMedia
LogPluginManager: Mounting plugin AndroidMedia
LogPluginManager: Mounting plugin AvfMedia
LogPluginManager: Mounting plugin ImgMedia
LogPluginManager: Mounting plugin LinearTimecode
LogPluginManager: Mounting plugin MediaCompositing
LogPluginManager: Mounting plugin MediaPlayerEditor
LogPluginManager: Mounting plugin WmfMedia
LogPluginManager: Mounting plugin TcpMessaging
LogPluginManager: Mounting plugin UdpMessaging
LogPluginManager: Mounting plugin ActorSequence
LogPluginManager: Mounting plugin LevelSequenceEditor
LogPluginManager: Mounting plugin MatineeToLevelSequence
LogPluginManager: Mounting plugin NetcodeUnitTest
LogPluginManager: Mounting plugin NUTUnrealEngine4
LogPluginManager: Mounting plugin OnlineSubsystemGooglePlay
LogPluginManager: Mounting plugin OnlineSubsystemIOS
LogPluginManager: Mounting plugin OnlineSubsystem
LogPluginManager: Mounting plugin OnlineSubsystemNull
LogPluginManager: Mounting plugin OnlineSubsystemUtils
LogPluginManager: Mounting plugin LauncherChunkInstaller
LogPluginManager: Mounting plugin AndroidDeviceProfileSelector
LogPluginManager: Mounting plugin AndroidMoviePlayer
LogPluginManager: Mounting plugin AndroidPermission
LogPluginManager: Mounting plugin AppleMoviePlayer
LogPluginManager: Mounting plugin ArchVisCharacter
LogPluginManager: Mounting plugin AudioCapture
LogPluginManager: Mounting plugin CableComponent
LogPluginManager: Mounting plugin CustomMeshComponent
LogPluginManager: Mounting plugin EditableMesh
LogPluginManager: Mounting plugin ExampleDeviceProfileSelector
LogPluginManager: Mounting plugin GoogleCloudMessaging
LogPluginManager: Mounting plugin ImmediatePhysics
LogPluginManager: Mounting plugin IOSDeviceProfileSelector
LogPluginManager: Mounting plugin LinuxDeviceProfileSelector
LogPluginManager: Mounting plugin LocationServicesBPLibrary
LogPluginManager: Mounting plugin MobilePatchingUtils
LogPluginManager: Mounting plugin OculusVR
LogPluginManager: Plugin shader directory ../../../Engine/Plugins/Runtime/Oculus/OculusVR/Shaders found
LogPluginManager: Mapping shader source directory ../../../Engine/Plugins/Runtime/Oculus/OculusVR/Shaders to virtual directory /Plugin/OculusVR
LogPluginManager: Mounting plugin PhysXVehicles
LogPluginManager: Mounting plugin ProceduralMeshComponent
LogPluginManager: Mounting plugin RuntimePhysXCooking
LogPluginManager: Mounting plugin SteamVR
LogPluginManager: Mounting plugin WindowsMoviePlayer
LogStreaming: Display: Took  0.215s to configure plugins.
LogInit: Using libcurl 7.55.1-DEV
LogInit:  - built for x86_64-pc-win32
LogInit:  - supports SSL with OpenSSL/1.0.2h
LogInit:  - supports HTTP deflate (compression) using libz 1.2.8
LogInit:  - other features:
LogInit:      CURL_VERSION_SSL
LogInit:      CURL_VERSION_LIBZ
LogInit:      CURL_VERSION_IPV6
LogInit:      CURL_VERSION_ASYNCHDNS
LogInit:      CURL_VERSION_LARGEFILE
LogInit:      CURL_VERSION_IDN
LogInit:  CurlRequestOptions (configurable via config and command line):
LogInit:  - bVerifyPeer = false  - Libcurl will NOT verify peer certificate
LogInit:  - bUseHttpProxy = false  - Libcurl will NOT use HTTP proxy
LogInit:  - bDontReuseConnections = false  - Libcurl will reuse connections
LogInit:  - CertBundlePath = nullptr  - Libcurl will use whatever was configured at build time.
LogInit:  - MaxHostConnections = 16  - Libcurl will limit the number of connections to a host
LogInit:  - LocalHostAddr = Default
LogInit:  - BufferSize = 65536
LogInit: WinSock: version 1.1 (2.2), MaxSocks=32767, MaxUdp=65467
LogInit: Build: ++UE4+Release-4.20-CL-4369336
LogInit: Engine Version: 4.20.3-4369336+++UE4+Release-4.20
LogInit: Compatible Engine Version: 4.20.0-4212847+++UE4+Release-4.20
LogInit: Net CL: 4212847
LogInit: OS: Windows 10 (), CPU: AMD FX(tm)-8320 Eight-Core Processor           , GPU: AMD Radeon HD 7800 Series
LogInit: Compiled (64-bit): Sep 17 2018 12:26:19
LogInit: Compiled with Visual C++: 19.13.26129.00
LogInit: Build Configuration: Development
LogInit: Branch Name: ++UE4+Release-4.20
LogInit: Command Line:  
LogInit: Base Directory: C:/Program Files/Epic Games/UE_4.20/Engine/Binaries/Win64/
LogInit: Installed Engine Build: 1
LogDevObjectVersion: Number of dev versions registered: 20
LogDevObjectVersion:   Dev-Blueprints (B0D832E4-1F89-4F0D-ACCF-7EB736FD4AA2): 10
LogDevObjectVersion:   Dev-Build (E1C64328-A22C-4D53-A36C-8E866417BD8C): 0
LogDevObjectVersion:   Dev-Core (375EC13C-06E4-48FB-B500-84F0262A717E): 2
LogDevObjectVersion:   Dev-Editor (E4B068ED-F494-42E9-A231-DA0B2E46BB41): 24
LogDevObjectVersion:   Dev-Framework (CFFC743F-43B0-4480-9391-14DF171D2073): 34
LogDevObjectVersion:   Dev-Mobile (B02B49B5-BB20-44E9-A304-32B752E40360): 2
LogDevObjectVersion:   Dev-Networking (A4E4105C-59A1-49B5-A7C5-40C4547EDFEE): 0
LogDevObjectVersion:   Dev-Online (39C831C9-5AE6-47DC-9A44-9C173E1C8E7C): 0
LogDevObjectVersion:   Dev-Physics (78F01B33-EBEA-4F98-B9B4-84EACCB95AA2): 0
LogDevObjectVersion:   Dev-Platform (6631380F-2D4D-43E0-8009-CF276956A95A): 0
LogDevObjectVersion:   Dev-Rendering (12F88B9F-8875-4AFC-A67C-D90C383ABD29): 26
LogDevObjectVersion:   Dev-Sequencer (7B5AE74C-D270-4C10-A958-57980B212A5A): 9
LogDevObjectVersion:   Dev-VR (D7296918-1DD6-4BDD-9DE2-64A83CC13884): 2
LogDevObjectVersion:   Dev-LoadTimes (C2A15278-BFE7-4AFE-6C17-90FF531DF755): 1
LogDevObjectVersion:   Private-Geometry (6EACA3D4-40EC-4CC1-B786-8BED09428FC5): 3
LogDevObjectVersion:   Dev-AnimPhys (29E575DD-E0A3-4627-9D10-D276232CDCEA): 17
LogDevObjectVersion:   Dev-ReflectionCapture (6B266CEC-1EC7-4B8F-A30B-E4D90942FC07): 1
LogDevObjectVersion:   Dev-Automation (0DF73D61-A23F-47EA-B727-89E90C41499A): 1
LogDevObjectVersion:   FortniteMain (601D1886-AC64-4F84-AA16-D3DE0DEAC7D6): 12
LogDevObjectVersion:   Dev-Enterprise (9DFFBCD6-494F-0158-E221-12823C92A888): 1
LogStreaming: Display: Took  0.005s to delete old logs.
LogInit: Presizing for max 8388607 objects, including 0 objects not considered by GC, pre-allocating 0 bytes for permanent pool.
LogInit: Object subsystem initialized
[2018.12.30-19.34.17:560][  0]LogInit: Selected Device Profile: [Windows]
[2018.12.30-19.34.17:560][  0]LogInit: Applying CVar settings loaded from the selected device profile: [Windows]
[2018.12.30-19.34.17:576][  0]LogHAL: Display: Platform has ~ 16 GB [17160523776 / 17179869184 / 16], which maps to Larger [LargestMinGB=32, LargerMinGB=12, DefaultMinGB=8, SmallerMinGB=6, SmallestMinGB=0)
[2018.12.30-19.34.17:576][  0]LogInit: Setting Device Profile CVar: [[r.Vulkan.UseRealUBs:1]]
[2018.12.30-19.34.17:576][  0]LogInit: Going up to parent DeviceProfile []
[2018.12.30-19.34.17:576][  0]LogInit: Computer: DESKTOP-OK86UV6
[2018.12.30-19.34.17:576][  0]LogInit: User: cynic
[2018.12.30-19.34.17:576][  0]LogInit: CPU Page size=4096, Cores=4
[2018.12.30-19.34.17:576][  0]LogInit: High frequency timer resolution =3.433155 MHz
[2018.12.30-19.34.17:577][  0]LogMemory: Memory total: Physical=16.0GB (16GB approx)
[2018.12.30-19.34.17:577][  0]LogMemory: Platform Memory Stats for Windows
[2018.12.30-19.34.17:577][  0]LogMemory: Process Physical Memory: 101.16 MB used, 101.16 MB peak
[2018.12.30-19.34.17:577][  0]LogMemory: Process Virtual Memory: 89.34 MB used, 89.34 MB peak
[2018.12.30-19.34.17:577][  0]LogMemory: Physical Memory: 6566.67 MB used,  9798.88 MB free, 16365.55 MB total
[2018.12.30-19.34.17:577][  0]LogMemory: Virtual Memory: 4624.50 MB used,  9798.88 MB free, 134217728.00 MB total
[2018.12.30-19.34.17:604][  0]LogInit: Using OS detected language (en-GB).
[2018.12.30-19.34.17:604][  0]LogInit: Using OS detected locale (en-GB).
[2018.12.30-19.34.17:606][  0]LogTextLocalizationManager: No specific localization for 'en-GB' exists, so the 'en' localization will be used.
[2018.12.30-19.34.18:233][  0]LogStreaming: Display: Took  0.629s to InitEngineTextLocalization.
[2018.12.30-19.34.18:233][  0]LogInit: Setting process to per monitor DPI aware
[2018.12.30-19.34.18:340][  0]LogSlate: New Slate User Created.  User Index 0, Is Virtual User: 0
[2018.12.30-19.34.18:340][  0]LogSlate: Slate User Registered.  User Index 0, Is Virtual User: 0
[2018.12.30-19.34.18:773][  0]LogHMD: Failed to initialize OpenVR with code 105
[2018.12.30-19.34.18:773][  0]LogD3D11RHI: D3D11 adapters:
[2018.12.30-19.34.18:803][  0]LogD3D11RHI:    0. 'AMD Radeon HD 7800 Series' (Feature Level 11_0)
[2018.12.30-19.34.18:803][  0]LogD3D11RHI:       2028/0/8182 MB DedicatedVideo/DedicatedSystem/SharedSystem, Outputs:2, VendorId:0x1002
[2018.12.30-19.34.18:807][  0]LogD3D11RHI:    1. 'Microsoft Basic Render Driver' (Feature Level 11_0)
[2018.12.30-19.34.18:807][  0]LogD3D11RHI:       0/0/8182 MB DedicatedVideo/DedicatedSystem/SharedSystem, Outputs:0, VendorId:0x1414
[2018.12.30-19.34.18:807][  0]LogD3D11RHI: Chosen D3D11 Adapter: 0
[2018.12.30-19.34.18:819][  0]LogD3D11RHI: Creating new Direct3DDevice
[2018.12.30-19.34.18:819][  0]LogD3D11RHI:     GPU DeviceId: 0x6818 (for the marketing name, search the web for "GPU Device Id")
[2018.12.30-19.34.18:819][  0]LogWindows: EnumDisplayDevices:
[2018.12.30-19.34.18:819][  0]LogWindows:    0. 'AMD Radeon HD 7800 Series' (P:0 D:1)
[2018.12.30-19.34.18:820][  0]LogWindows:    1. 'AMD Radeon HD 7800 Series' (P:1 D:1)
[2018.12.30-19.34.18:820][  0]LogWindows:    2. 'AMD Radeon HD 7800 Series' (P:0 D:0)
[2018.12.30-19.34.18:821][  0]LogWindows:    3. 'AMD Radeon HD 7800 Series' (P:0 D:0)
[2018.12.30-19.34.18:822][  0]LogWindows:    4. 'AMD Radeon HD 7800 Series' (P:0 D:0)
[2018.12.30-19.34.18:822][  0]LogWindows:    5. 'AMD Radeon HD 7800 Series' (P:0 D:0)
[2018.12.30-19.34.18:823][  0]LogWindows:    6. 'AMD Radeon HD 7800 Series' (P:0 D:0)
[2018.12.30-19.34.18:824][  0]LogWindows:    7. 'AMD Radeon HD 7800 Series' (P:0 D:0)
[2018.12.30-19.34.18:825][  0]LogWindows:    8. 'AMD Radeon HD 7800 Series' (P:0 D:0)
[2018.12.30-19.34.18:826][  0]LogWindows:    9. 'AMD Radeon HD 7800 Series' (P:0 D:0)
[2018.12.30-19.34.18:827][  0]LogWindows:    10. 'AMD Radeon HD 7800 Series' (P:0 D:0)
[2018.12.30-19.34.18:828][  0]LogWindows:    11. 'AMD Radeon HD 7800 Series' (P:0 D:0)
[2018.12.30-19.34.18:829][  0]LogWindows:    12. 'AMD Radeon HD 7800 Series' (P:0 D:0)
[2018.12.30-19.34.18:830][  0]LogWindows:    13. 'AMD Radeon HD 7800 Series' (P:0 D:0)
[2018.12.30-19.34.18:831][  0]LogWindows:    14. 'AMD Radeon HD 7800 Series' (P:0 D:0)
[2018.12.30-19.34.18:831][  0]LogWindows:    15. 'AMD Radeon HD 7800 Series' (P:0 D:0)
[2018.12.30-19.34.18:832][  0]LogWindows: DebugString: FoundDriverCount:16 
[2018.12.30-19.34.18:832][  0]LogD3D11RHI:     Adapter Name: AMD Radeon HD 7800 Series
[2018.12.30-19.34.18:832][  0]LogD3D11RHI:   Driver Version: Adrenalin 18.5.1 (internal:24.20.11016.4, unified:24.20.11016.4)
[2018.12.30-19.34.18:832][  0]LogD3D11RHI:      Driver Date: 5-16-2018
[2018.12.30-19.34.18:832][  0]LogRHI: Texture pool is 1419 MB (70% of 2028 MB)
[2018.12.30-19.34.18:927][  0]LogD3D11RHI: Async texture creation enabled
[2018.12.30-19.34.18:941][  0]LogD3D11RHI: GPU Timing Frequency: 27.000000 (Debug: 2 1)
[2018.12.30-19.34.18:943][  0]LogShaderCompilers: Guid format shader working directory is 5 characters bigger than the processId version (E:/Github Work/FightingGame/FightingGame/Intermediate/Shaders/WorkingDirectory/10140/).
[2018.12.30-19.34.18:944][  0]LogShaderCompilers: Cleaned the shader compiler working directory 'C:/Users/cynic/AppData/Local/Temp/UnrealShaderWorkingDir/4287BC2A4F8E69C6B2E390A2EDB3FE44/'.
[2018.12.30-19.34.19:372][  0]LogTemp: Display: Loaded TP AllDesktopTargetPlatform
[2018.12.30-19.34.19:404][  0]LogTemp: Display: Loaded TP MacClientTargetPlatform
[2018.12.30-19.34.19:433][  0]LogTemp: Display: Loaded TP MacNoEditorTargetPlatform
[2018.12.30-19.34.19:467][  0]LogTemp: Display: Loaded TP MacServerTargetPlatform
[2018.12.30-19.34.19:507][  0]LogTemp: Display: Loaded TP MacTargetPlatform
[2018.12.30-19.34.19:539][  0]LogTemp: Display: Loaded TP WindowsClientTargetPlatform
[2018.12.30-19.34.19:570][  0]LogTemp: Display: Loaded TP WindowsNoEditorTargetPlatform
[2018.12.30-19.34.19:597][  0]LogTemp: Display: Loaded TP WindowsServerTargetPlatform
[2018.12.30-19.34.19:610][  0]LogTemp: Display: Loaded TP WindowsTargetPlatform
[2018.12.30-19.34.19:776][  0]LogTemp: Display: Loaded TP AndroidTargetPlatform
[2018.12.30-19.34.19:776][  0]LogTemp: Display: Loaded TP AndroidTargetPlatform
[2018.12.30-19.34.19:776][  0]LogTemp: Display: Loaded TP AndroidTargetPlatform
[2018.12.30-19.34.19:776][  0]LogTemp: Display: Loaded TP AndroidTargetPlatform
[2018.12.30-19.34.19:776][  0]LogTemp: Display: Loaded TP AndroidTargetPlatform
[2018.12.30-19.34.19:776][  0]LogTemp: Display: Loaded TP AndroidTargetPlatform
[2018.12.30-19.34.19:776][  0]LogTemp: Display: Loaded TP AndroidTargetPlatform
[2018.12.30-19.34.19:776][  0]LogTemp: Display: Loaded TP AndroidTargetPlatform
[2018.12.30-19.34.19:776][  0]LogTemp: Display: Loaded TP AndroidTargetPlatform
[2018.12.30-19.34.19:776][  0]LogTemp: Display: Loaded TP AndroidTargetPlatform
[2018.12.30-19.34.19:776][  0]LogTemp: Display: Loaded TP AndroidTargetPlatform
[2018.12.30-19.34.19:776][  0]LogTemp: Display: Loaded TP AndroidTargetPlatform
[2018.12.30-19.34.19:776][  0]LogTemp: Display: Loaded TP AndroidTargetPlatform
[2018.12.30-19.34.19:776][  0]LogTemp: Display: Loaded TP AndroidTargetPlatform
[2018.12.30-19.34.19:776][  0]LogTemp: Display: Loaded TP AndroidTargetPlatform
[2018.12.30-19.34.19:776][  0]LogTemp: Display: Loaded TP AndroidTargetPlatform
[2018.12.30-19.34.19:776][  0]LogTemp: Display: Loaded TP AndroidTargetPlatform
[2018.12.30-19.34.19:776][  0]LogTemp: Display: Loaded TP AndroidTargetPlatform
[2018.12.30-19.34.19:780][  0]LogTemp: Display: Loaded TP HTML5TargetPlatform
[2018.12.30-19.34.19:871][  0]LogTemp: Display: Loaded TP IOSTargetPlatform
[2018.12.30-19.34.19:871][  0]LogTemp: Display: Loaded TP IOSTargetPlatform
[2018.12.30-19.34.19:938][  0]LogTemp: Display: Loaded TP TVOSTargetPlatform
[2018.12.30-19.34.19:938][  0]LogTemp: Display: Loaded TP TVOSTargetPlatform
[2018.12.30-19.34.19:964][  0]LogTemp: Display: Loaded TP LinuxClientTargetPlatform
[2018.12.30-19.34.19:991][  0]LogTemp: Display: Loaded TP LinuxNoEditorTargetPlatform
[2018.12.30-19.34.20:018][  0]LogTemp: Display: Loaded TP LinuxServerTargetPlatform
[2018.12.30-19.34.20:047][  0]LogTemp: Display: Loaded TP LinuxTargetPlatform
[2018.12.30-19.34.20:069][  0]LogTemp: Display: Loaded TP LuminTargetPlatform
[2018.12.30-19.34.20:069][  0]LogTargetPlatformManager: Display: Building Assets For Windows
[2018.12.30-19.34.20:194][  0]LogXGEController: Cleaning working directory: C:/Users/cynic/AppData/Local/Temp/UnrealXGEWorkingDir/
[2018.12.30-19.34.20:194][  0]LogXGEController: Cannot use XGE Controller as Incredibuild is not installed on this machine.
[2018.12.30-19.34.20:194][  0]LogShaderCompilers: Cannot use XGE Shader Compiler as Incredibuild is not installed on this machine.
[2018.12.30-19.34.20:194][  0]LogShaderCompilers: Display: Using Local Shader Compiler.
[2018.12.30-19.34.21:776][  0]LogDerivedDataCache: Display: Max Cache Size: 512 MB
[2018.12.30-19.34.21:874][  0]LogDerivedDataCache: Loaded boot cache 0.10s 71MB C:/Users/cynic/AppData/Local/UnrealEngine/4.20/DerivedDataCache/Boot.ddc.
[2018.12.30-19.34.21:874][  0]LogDerivedDataCache: Display: Loaded Boot cache: C:/Users/cynic/AppData/Local/UnrealEngine/4.20/DerivedDataCache/Boot.ddc
[2018.12.30-19.34.21:874][  0]LogDerivedDataCache: FDerivedDataBackendGraph:  Pak pak cache file E:/Github Work/FightingGame/FightingGame/DerivedDataCache/DDC.ddp not found, will not use a pak cache.
[2018.12.30-19.34.21:874][  0]LogDerivedDataCache: Unable to find inner node Pak for hierarchical cache Hierarchy.
[2018.12.30-19.34.21:875][  0]LogDerivedDataCache: FDerivedDataBackendGraph:  CompressedPak pak cache file E:/Github Work/FightingGame/FightingGame/DerivedDataCache/Compressed.ddp not found, will not use a pak cache.
[2018.12.30-19.34.21:875][  0]LogDerivedDataCache: Unable to find inner node CompressedPak for hierarchical cache Hierarchy.
[2018.12.30-19.34.21:896][  0]LogDerivedDataCache: Display: Pak cache opened for reading ../../../Engine/DerivedDataCache/Compressed.ddp.
[2018.12.30-19.34.21:910][  0]LogDerivedDataCache: Using Local data cache path C:/Users/cynic/AppData/Local/UnrealEngine/Common/DerivedDataCache: Writable
[2018.12.30-19.34.21:910][  0]LogDerivedDataCache: Shared data cache path not found in *engine.ini, will not use an Shared cache.
[2018.12.30-19.34.21:910][  0]LogDerivedDataCache: Unable to find inner node Shared for hierarchical cache Hierarchy.
[2018.12.30-19.34.21:948][  0]LogMaterial: Verifying Global Shaders for PCD3D_SM5
[2018.12.30-19.34.21:951][  0]LogSlate: Using FreeType 2.6.0
[2018.12.30-19.34.21:952][  0]LogSlate: SlateFontServices - WITH_FREETYPE: 1, WITH_HARFBUZZ: 1
[2018.12.30-19.34.22:079][  0]LogAssetRegistry: FAssetRegistry took 0.0326 seconds to start up
[2018.12.30-19.34.22:774][  0]LogInit: Selected Device Profile: [Windows]
[2018.12.30-19.34.22:994][  0]LogSimplygon: Simplygon DLL not present - disabling.
[2018.12.30-19.34.23:002][  0]LogMeshReduction: Using SimplygonSwarm for distributed automatic mesh merging
[2018.12.30-19.34.23:002][  0]LogMeshReduction: Using ProxyLODMeshReduction for automatic mesh merging
[2018.12.30-19.34.23:002][  0]LogMeshReduction: Using QuadricMeshReduction for automatic static mesh reduction
[2018.12.30-19.34.23:002][  0]LogMeshReduction: No automatic skeletal mesh reduction module available
[2018.12.30-19.34.23:067][  0]LogNetVersion: FightingGame 1.0.0, NetCL: 4212847, EngineNetVer: 5, GameNetVer: 0 (Checksum: 156865789)
[2018.12.30-19.34.23:842][  0]LogPackageLocalizationCache: Processed 11 localized package path(s) for 2 prioritized culture(s) in 0.153732 seconds
[2018.12.30-19.34.23:852][  0]LogUObjectArray: 38425 objects as part of root set at end of initial load.
[2018.12.30-19.34.23:852][  0]LogUObjectAllocator: 6690864 out of 0 bytes used by permanent object pool.
[2018.12.30-19.34.23:852][  0]LogUObjectArray: CloseDisregardForGC: 0/0 objects in disregard for GC pool
[2018.12.30-19.34.25:433][  0]LogTcpMessaging: Initializing TcpMessaging bridge
[2018.12.30-19.34.25:447][  0]LogUdpMessaging: Initializing bridge on interface 0.0.0.0:0 to multicast group 230.0.0.1:6666.
[2018.12.30-19.34.25:655][  0]SourceControl: Source control is disabled
[2018.12.30-19.34.25:656][  0]SourceControl: Source control is disabled
[2018.12.30-19.34.25:658][  0]SourceControl: Source control is disabled
[2018.12.30-19.34.25:659][  0]SourceControl: Source control is disabled
[2018.12.30-19.34.25:888][  0]LogAndroidPermission: UAndroidPermissionCallbackProxy::GetInstance
[2018.12.30-19.34.26:094][  0]LogOcInput: OculusInput pre-init called
[2018.12.30-19.34.26:190][  0]LogEngine: Initializing Engine...
[2018.12.30-19.34.26:196][  0]LogHMD: Failed to initialize OpenVR with code 105
[2018.12.30-19.34.26:198][  0]LogStats: UGameplayTagsManager::ConstructGameplayTagTree: ImportINI prefixes -  0.000 s
[2018.12.30-19.34.26:198][  0]LogStats: UGameplayTagsManager::ConstructGameplayTagTree: Construct from data asset -  0.000 s
[2018.12.30-19.34.26:199][  0]LogStats: UGameplayTagsManager::ConstructGameplayTagTree: ImportINI -  0.000 s
[2018.12.30-19.34.26:199][  0]LogStats: UGameplayTagsManager::ConstructGameplayTagTree: GameplayTagTreeChangedEvent.Broadcast -  0.000 s
[2018.12.30-19.34.26:529][  0]LogInit: Initializing FReadOnlyCVARCache
[2018.12.30-19.34.26:561][  0]LogAIModule: Creating AISystem for world Untitled
[2018.12.30-19.34.26:625][  0]LogInit: XAudio2 using 'Headset Earphone (Razer ManO'War 7.1)' : 2 channels at 48 kHz using 16 bits per sample (channel mask 0x3)
[2018.12.30-19.34.26:698][  0]LogInit: FAudioDevice initialized.
[2018.12.30-19.34.26:698][  0]LogNetVersion: Set ProjectVersion to 1.0.0.0. Version Checksum will be recalculated on next use.
[2018.12.30-19.34.26:857][  0]LogDerivedDataCache: Saved boot cache 0.16s 71MB C:/Users/cynic/AppData/Local/UnrealEngine/4.20/DerivedDataCache/Boot.ddc.
[2018.12.30-19.34.26:867][  0]LogInit: Texture streaming: Enabled
[2018.12.30-19.34.26:903][  0]LogEngineSessionManager: EngineSessionManager initialized
[2018.12.30-19.34.26:926][  0]LogInit: Transaction tracking system initialized
[2018.12.30-19.34.26:980][  0]BlueprintLog: New page: Editor Load
[2018.12.30-19.34.27:147][  0]LocalizationService: Localization service is disabled
[2018.12.30-19.34.27:231][  0]LogLinker: Warning: Can't find file '/Game/TopDownBP/TopDownOverview'
[2018.12.30-19.34.27:232][  0]LogLinker: Warning: Can't find file '/Game/TopDownBP/TopDownOverview'
[2018.12.30-19.34.27:232][  0]LogUObjectGlobals: Warning: Failed to find object 'Class /Game/TopDownBP/TopDownOverview.TopDownOverview_C'
[2018.12.30-19.34.27:571][  0]LogCook: Display: Max memory allowance for cook 16384mb min free memory 0mb
[2018.12.30-19.34.27:571][  0]LogCook: Display: Mobile HDR setting 1
[2018.12.30-19.34.27:571][  0]LogGameplayTags: Display: UGameplayTagsManager::DoneAddingNativeTags. DelegateIsBound: 0
[2018.12.30-19.34.27:571][  0]LogStats: UGameplayTagsManager::ConstructGameplayTagTree: ImportINI prefixes -  0.000 s
[2018.12.30-19.34.27:571][  0]LogStats: UGameplayTagsManager::ConstructGameplayTagTree: Construct from data asset -  0.000 s
[2018.12.30-19.34.27:572][  0]LogStats: UGameplayTagsManager::ConstructGameplayTagTree: ImportINI -  0.000 s
[2018.12.30-19.34.27:572][  0]LogStats: UGameplayTagsManager::ConstructGameplayTagTree: GameplayTagTreeChangedEvent.Broadcast -  0.000 s
[2018.12.30-19.34.27:812][  0]LogFileCache: Scanning file cache for directory 'E:/Github Work/FightingGame/FightingGame/Content/' took 0.02s
[2018.12.30-19.34.27:812][  0]SourceControl: Source control is disabled
[2018.12.30-19.34.27:812][  0]Cmd: MAP LOAD FILE="E:/Github Work/FightingGame/FightingGame/Content/StarterContent/Maps/Minimal_Default.umap" TEMPLATE=0 SHOWPROGRESS=1 FEATURELEVEL=3
[2018.12.30-19.34.27:813][  0]LightingResults: New page: Lighting Build
[2018.12.30-19.34.27:821][  0]MapCheck: New page: Map Check
[2018.12.30-19.34.27:821][  0]LightingResults: New page: Lighting Build
[2018.12.30-19.34.28:244][  0]LogBlueprint: Warning: [Compiler PlayerManager_BP] 'Player Base' does not inherit from 'Player Controller' ( Cast To Player_Base  would always fail).
[2018.12.30-19.34.28:244][  0]LogBlueprint: Warning: [Compiler PlayerManager_BP] 'Player Base' does not inherit from 'Player Controller' ( Cast To Player_Base  would always fail).
[2018.12.30-19.34.28:246][  0]LogBlueprint: Warning: [Compiler PlayerManager_BP] [0014.54] Compile of PlayerManager_BP successful, but with 2 Warning(s) [in 6 ms] (/Game/PlayerManager_BP.PlayerManager_BP)
[2018.12.30-19.34.28:608][  0]LogAIModule: Creating AISystem for world Minimal_Default
[2018.12.30-19.34.28:620][  0]LogEditorServer: Finished looking for orphan Actors (0.000 secs)
[2018.12.30-19.34.28:743][  0]Cmd: MAP CHECKDEP NOCLEARLOG
[2018.12.30-19.34.28:933][  0]MapCheck: Map check complete: 0 Error(s), 0 Warning(s), took 189.338ms to complete.
[2018.12.30-19.34.28:933][  0]LogFileHelpers: Loading map 'Minimal_Default' took 1.121
[2018.12.30-19.34.29:233][  0]LogSlate: Updating window title bar state: overlay mode, drag disabled, window buttons hidden, title bar hidden
[2018.12.30-19.34.29:250][  0]LogSlate: Updating window title bar state: overlay mode, drag disabled, window buttons hidden, title bar hidden
[2018.12.30-19.34.29:266][  0]LogSlate: Updating window title bar state: overlay mode, drag disabled, window buttons hidden, title bar hidden
[2018.12.30-19.34.29:280][  0]LogSlate: Updating window title bar state: overlay mode, drag disabled, window buttons hidden, title bar hidden
[2018.12.30-19.34.29:292][  0]LogCollectionManager: Loaded 0 collections in 0.003905 seconds
[2018.12.30-19.34.29:397][  0]LogFileCache: Scanning file cache for directory 'E:/Github Work/FightingGame/FightingGame/Saved/Collections/' took 0.01s
[2018.12.30-19.34.29:397][  0]LogFileCache: Scanning file cache for directory 'E:/Github Work/FightingGame/FightingGame/Content/Developers/cynic/Collections/' took 0.01s
[2018.12.30-19.34.29:397][  0]LogFileCache: Scanning file cache for directory 'E:/Github Work/FightingGame/FightingGame/Content/Collections/' took 0.01s
[2018.12.30-19.34.29:397][  0]LogCollectionManager: Rebuilt the GUID cache for 0 collections in 0.000001 seconds
[2018.12.30-19.34.29:427][  0]LogContentBrowser: Native class hierarchy populated in 0.0293 seconds. Added 2577 classes and 605 folders.
[2018.12.30-19.34.29:444][  0]LogContentBrowser: Native class hierarchy updated for 'WidgetCarousel' in 0.0008 seconds. Added 0 classes and 0 folders.
[2018.12.30-19.34.29:598][  0]LogContentBrowser: Native class hierarchy updated for 'AddContentDialog' in 0.0014 seconds. Added 0 classes and 0 folders.
[2018.12.30-19.34.29:607][  0]LogContentBrowser: Native class hierarchy updated for 'SceneOutliner' in 0.0009 seconds. Added 1 classes and 2 folders.
[2018.12.30-19.34.29:632][  0]LogSlate: Took 0.000396 seconds to synchronously load lazily loaded font '../../../Engine/Content/Slate/Fonts/Roboto-Regular.ttf' (155K)
[2018.12.30-19.34.29:636][  0]LogSlate: Took 0.000369 seconds to synchronously load lazily loaded font '../../../Engine/Content/Slate/Fonts/Roboto-Bold.ttf' (160K)
[2018.12.30-19.34.29:644][  0]LogSlate: Took 0.000424 seconds to synchronously load lazily loaded font '../../../Engine/Content/Editor/Slate/Fonts/FontAwesome.ttf' (139K)
[2018.12.30-19.34.29:780][  0]LogRenderer: Reallocating scene render targets to support 1208x576 Format 10 NumSamples 1 (Frame:1).
[2018.12.30-19.34.29:894][  0]LogSlate: Took 0.000507 seconds to synchronously load lazily loaded font '../../../Engine/Content/Slate/Fonts/Roboto-Light.ttf' (167K)
[2018.12.30-19.34.30:021][  0]LogContentBrowser: Native class hierarchy updated for 'HierarchicalLODOutliner' in 0.0014 seconds. Added 0 classes and 0 folders.
[2018.12.30-19.34.30:021][  0]LogLoad: (Engine Initialization) Total time: 16.32 seconds
[2018.12.30-19.34.30:021][  0]LogLoad: (Engine Initialization) Total Blueprint compile time: 0.00 seconds
[2018.12.30-19.34.30:032][  0]LogWindowsTextInputMethodSystem: Display: IME system now deactivated.
[2018.12.30-19.34.30:059][  0]LogContentStreaming: Texture pool size now 1000 MB
[2018.12.30-19.34.30:240][  3]LogAssetRegistry: Asset discovery search completed in 8.1829 seconds
[2018.12.30-19.34.30:242][  3]LogCollectionManager: Rebuilt the object cache for 0 collections in 0.000001 seconds (found 0 objects)
[2018.12.30-19.34.30:242][  3]LogCollectionManager: Fixed up redirectors for 0 collections in 0.000059 seconds (updated 0 objects)
[2018.12.30-19.34.33:783][112]LogEditorViewport: Clicking on Actor (LMB): BP_Sky_Sphere_C (BP_Sky_Sphere)
[2018.12.30-19.34.38:915][568]LogSlate: FSceneViewport::OnFocusLost() reason 0
[2018.12.30-19.34.39:096][580]LogSlate: Took 0.000379 seconds to synchronously load lazily loaded font '../../../Engine/Content/Slate/Fonts/Roboto-Light.ttf' (167K)
[2018.12.30-19.34.39:109][580]LogAssetEditorManager: Opening Asset editor for Class /Script/FightingGame.Player_Base
[2018.12.30-19.35.41:781][377]LogEditorViewport: Clicking on Actor (LMB): BP_Sky_Sphere_C (BP_Sky_Sphere)
[2018.12.30-19.35.47:359][851]LogSlate: FSceneViewport::OnFocusLost() reason 0
[2018.12.30-19.35.47:524][859]LogAssetEditorManager: Opening Asset editor for Class /Script/FightingGame.Player_Base
[2018.12.30-19.35.51:817][141]LogAssetEditorManager: Opening Asset editor for Blueprint /Game/TestPlayer.TestPlayer
[2018.12.30-19.35.53:069][141]LogContentBrowser: Native class hierarchy updated for 'BlueprintGraph' in 0.0016 seconds. Added 116 classes and 0 folders.
[2018.12.30-19.35.54:936][141]LogSlate: Took 0.000617 seconds to synchronously load lazily loaded font '../../../Engine/Content/Slate/Fonts/Roboto-BoldCondensed.ttf' (158K)
[2018.12.30-19.35.55:138][142]LogSlate: Took 0.000785 seconds to synchronously load lazily loaded font '../../../Engine/Content/Slate/Fonts/Roboto-Italic.ttf' (157K)
[2018.12.30-19.36.06:044][632]LogEditorActor: Deleted Actor: OutOfBounds_C
[2018.12.30-19.36.06:177][632]LogEditorActor: Deleted 1 Actors (0.140 secs)
[2018.12.30-19.36.12:988][203]LogSlate: FSceneViewport::OnFocusLost() reason 0
[2018.12.30-19.36.13:947][264]LogSlate: FSceneViewport::OnFocusLost() reason 0
[2018.12.30-19.36.16:567][489]Cmd: DELETE
[2018.12.30-19.36.16:567][489]Cmd: ACTOR DELETE
[2018.12.30-19.36.16:570][489]LogEditorActor: Deleted Actor: OutOfBounds_C
[2018.12.30-19.36.16:696][489]LogEditorActor: Deleted 1 Actors (0.129 secs)
[2018.12.30-19.36.16:756][495]LogEditorViewport: Clicking on Actor (LMB): OutOfBounds_C (OutOfBounds2)
[2018.12.30-19.36.17:058][517]Cmd: DELETE
[2018.12.30-19.36.17:058][517]Cmd: ACTOR DELETE
[2018.12.30-19.36.17:062][517]LogEditorActor: Deleted Actor: OutOfBounds_C
[2018.12.30-19.36.17:188][517]LogEditorActor: Deleted 1 Actors (0.130 secs)
[2018.12.30-19.36.18:252][640]Cmd: TRANSACTION UNDO
[2018.12.30-19.36.18:252][640]LogEditorTransaction: Undo Delete Actors
[2018.12.30-19.36.18:423][644]Cmd: TRANSACTION UNDO
[2018.12.30-19.36.18:424][644]LogEditorTransaction: Undo Clicking on Actors
[2018.12.30-19.36.18:561][652]Cmd: TRANSACTION UNDO
[2018.12.30-19.36.18:561][652]LogEditorTransaction: Undo Delete Actors
[2018.12.30-19.36.18:719][656]Cmd: TRANSACTION UNDO
[2018.12.30-19.36.18:719][656]LogEditorTransaction: Undo Create Actors
[2018.12.30-19.36.18:994][674]Cmd: TRANSACTION UNDO
[2018.12.30-19.36.18:994][674]LogEditorTransaction: Undo Create Actors
[2018.12.30-19.36.19:321][698]Cmd: TRANSACTION UNDO
[2018.12.30-19.36.19:321][698]LogEditorTransaction: Undo Create Actors
[2018.12.30-19.36.19:663][728]Cmd: TRANSACTION UNDO
[2018.12.30-19.36.19:663][728]LogEditorTransaction: Undo Delete selection
[2018.12.30-19.36.20:085][759]Cmd: TRANSACTION UNDO
[2018.12.30-19.36.20:085][759]LogEditorTransaction: Undo Clicking on Actors
[2018.12.30-19.36.24:313][ 55]LogSlate: FSceneViewport::OnFocusLost() reason 0
[2018.12.30-19.36.33:134][508]Cmd: OBJ SAVEPACKAGE PACKAGE="/Game/TestPlayer" FILE="E:/Github Work/FightingGame/FightingGame/Content/TestPlayer.uasset" SILENT=true
[2018.12.30-19.36.33:193][508]LogSavePackage: Moving 'E:/Github Work/FightingGame/FightingGame/Saved/TestPlayer2BB1DD774160AA5FBE972B9B816E703F.tmp' to 'E:/Github Work/FightingGame/FightingGame/Content/TestPlayer.uasset'
[2018.12.30-19.36.34:501][577]LogSlate: Window 'TestPlayer' being destroyed
[2018.12.30-19.36.34:507][577]LogSlate: Window 'TestPlayer' being destroyed
[2018.12.30-19.36.35:646][660]LogTemp: Repeating last play command: Selected Viewport
[2018.12.30-19.36.35:675][660]LogBlueprintUserMessages: Early PlayInEditor Detection: Level '/Game/StarterContent/Maps/Minimal_Default.Minimal_Default:PersistentLevel' has LevelScriptBlueprint '/Game/StarterContent/Maps/Minimal_Default.Minimal_Default:PersistentLevel.Minimal_Default' with GeneratedClass '/Game/StarterContent/Maps/Minimal_Default.Minimal_Default_C' with ClassGeneratedBy '/Game/StarterContent/Maps/Minimal_Default.Minimal_Default:PersistentLevel.Minimal_Default'
[2018.12.30-19.36.35:675][660]BlueprintLog: New page: Pre-Play auto-recompile
[2018.12.30-19.36.35:685][660]LogPlayLevel: [PlayLevel] Compiling TestPlayer before play...
[2018.12.30-19.36.36:024][660]LogPlayLevel: PlayLevel: Blueprint regeneration took 349 ms (1 blueprints)
[2018.12.30-19.36.36:037][660]PIE: New page: PIE session: Minimal_Default (30 Dec 2018 19:36:36)
[2018.12.30-19.36.36:037][660]LogPlayLevel: Creating play world package: /Game/StarterContent/Maps/UEDPIE_0_Minimal_Default
[2018.12.30-19.36.36:044][660]LogPlayLevel: PIE: StaticDuplicateObject took: (0.006345s)
[2018.12.30-19.36.36:045][660]LogAIModule: Creating AISystem for world Minimal_Default
[2018.12.30-19.36.36:045][660]LogPlayLevel: PIE: World Init took: (0.001398s)
[2018.12.30-19.36.36:045][660]LogPlayLevel: PIE: Created PIE world by copying editor world from /Game/StarterContent/Maps/Minimal_Default.Minimal_Default to /Game/StarterContent/Maps/UEDPIE_0_Minimal_Default.Minimal_Default (0.007983s)
[2018.12.30-19.36.36:233][660]LogInit: XAudio2 using 'Headset Earphone (Razer ManO'War 7.1)' : 2 channels at 48 kHz using 16 bits per sample (channel mask 0x3)
[2018.12.30-19.36.36:300][660]LogInit: FAudioDevice initialized.
[2018.12.30-19.36.36:456][660]LogLoad: Game class is 'FightingGameMode_C'
[2018.12.30-19.36.36:460][660]LogWorld: Bringing World /Game/StarterContent/Maps/UEDPIE_0_Minimal_Default.Minimal_Default up for play (max tick rate 0) at 2018.12.30-19.36.36
[2018.12.30-19.36.36:460][660]LogWorld: Bringing up level for play took: 0.001520
[2018.12.30-19.36.36:486][660]LogContentBrowser: Native class hierarchy updated for 'MovieSceneCapture' in 0.0008 seconds. Added 10 classes and 0 folders.
[2018.12.30-19.36.36:488][660]LogSlate: New Slate User Created.  User Index 1, Is Virtual User: 0
[2018.12.30-19.36.36:488][660]LogSlate: Slate User Registered.  User Index 1, Is Virtual User: 0
[2018.12.30-19.36.36:495][660]PIE: Play in editor start time for /Game/StarterContent/Maps/UEDPIE_0_Minimal_Default 0.413
[2018.12.30-19.36.36:496][660]LogBlueprintUserMessages: Late PlayInEditor Detection: Level '/Game/StarterContent/Maps/Minimal_Default.Minimal_Default:PersistentLevel' has LevelScriptBlueprint '/Game/StarterContent/Maps/Minimal_Default.Minimal_Default:PersistentLevel.Minimal_Default' with GeneratedClass '/Game/StarterContent/Maps/Minimal_Default.Minimal_Default_C' with ClassGeneratedBy '/Game/StarterContent/Maps/Minimal_Default.Minimal_Default:PersistentLevel.Minimal_Default'
[2018.12.30-19.36.41:773][254]LogBlueprintUserMessages: Early EndPlayMap Detection: Level '/Game/StarterContent/Maps/Minimal_Default.Minimal_Default:PersistentLevel' has LevelScriptBlueprint '/Game/StarterContent/Maps/Minimal_Default.Minimal_Default:PersistentLevel.Minimal_Default' with GeneratedClass '/Game/StarterContent/Maps/Minimal_Default.Minimal_Default_C' with ClassGeneratedBy '/Game/StarterContent/Maps/Minimal_Default.Minimal_Default:PersistentLevel.Minimal_Default'
[2018.12.30-19.36.41:774][254]LogSlate: Updating window title bar state: overlay mode, drag disabled, window buttons hidden, title bar hidden
[2018.12.30-19.36.41:813][254]LogPlayLevel: Display: Shutting down PIE online subsystems
[2018.12.30-19.36.41:814][254]LogBlueprintUserMessages: Late EndPlayMap Detection: Level '/Game/StarterContent/Maps/Minimal_Default.Minimal_Default:PersistentLevel' has LevelScriptBlueprint '/Game/StarterContent/Maps/Minimal_Default.Minimal_Default:PersistentLevel.Minimal_Default' with GeneratedClass '/Game/StarterContent/Maps/Minimal_Default.Minimal_Default_C' with ClassGeneratedBy '/Game/StarterContent/Maps/Minimal_Default.Minimal_Default:PersistentLevel.Minimal_Default'
[2018.12.30-19.36.41:932][254]LogSlate: Updating window title bar state: overlay mode, drag disabled, window buttons hidden, title bar hidden
[2018.12.30-19.36.41:963][255]LogPlayLevel: Display: Destroying online subsystem :Context_4
[2018.12.30-19.36.44:906][531]LogSlate: FSceneViewport::OnFocusLost() reason 0
[2018.12.30-19.36.45:085][539]LogAssetEditorManager: Opening Asset editor for Blueprint /Game/TestPlayer.TestPlayer
[2018.12.30-19.37.28:465][760]LogSlate: Window 'TestPlayer' being destroyed
[2018.12.30-19.37.28:468][760]LogSlate: Window 'TestPlayer' being destroyed
[2018.12.30-19.37.32:673][760]LogSlate: Window 'Save Content' being destroyed
[2018.12.30-19.37.33:280][760]LogSavePackage: Moving 'E:/Github Work/FightingGame/FightingGame/Saved/Minimal_Default040BB9E74F3894FAC69D8CABA2E2DA62.tmp' to 'E:/Github Work/FightingGame/FightingGame/Content/StarterContent/Maps/Minimal_Default.umap'
[2018.12.30-19.37.33:329][760]LogFileHelpers: Saving map 'Minimal_Default' took 0.590
[2018.12.30-19.37.33:446][760]LogSlate: Window 'FightingGame - Unreal Editor' being destroyed
[2018.12.30-19.37.33:447][760]LogWindowsTextInputMethodSystem: Display: IME system now deactivated.
[2018.12.30-19.37.33:692][761]Cmd: QUIT_EDITOR
[2018.12.30-19.37.34:317][761]LogExit: Preparing to exit.
[2018.12.30-19.37.34:679][761]LogExit: Editor shut down
[2018.12.30-19.37.34:679][761]LogExit: Transaction tracking system shut down
[2018.12.30-19.37.35:216][761]LogExit: Object subsystem successfully closed.
[2018.12.30-19.37.35:236][761]LogShaderCompilers: Display: Shaders left to compile 0
[2018.12.30-19.37.35:241][761]LogD3D11RHI: Shutdown
[2018.12.30-19.37.35:241][761]LogD3D11RHI: CleanupD3DDevice
[2018.12.30-19.37.35:243][761]LogD3D11RHI: ~FD3D11DynamicRHI
[2018.12.30-19.37.35:283][761]LogModuleManager: Shutting down and abandoning module MovieSceneCapture (618)
[2018.12.30-19.37.35:283][761]LogModuleManager: Shutting down and abandoning module Voice (616)
[2018.12.30-19.37.35:283][761]LogModuleManager: Shutting down and abandoning module BlueprintGraph (614)
[2018.12.30-19.37.35:283][761]LogModuleManager: Shutting down and abandoning module HierarchicalLODOutliner (612)
[2018.12.30-19.37.35:283][761]LogModuleManager: Shutting down and abandoning module SceneOutliner (610)
[2018.12.30-19.37.35:283][761]LogModuleManager: Shutting down and abandoning module AddContentDialog (608)
[2018.12.30-19.37.35:284][761]LogModuleManager: Shutting down and abandoning module WidgetCarousel (607)
[2018.12.30-19.37.35:284][761]LogModuleManager: Shutting down and abandoning module EditorWidgets (604)
[2018.12.30-19.37.35:284][761]LogModuleManager: Shutting down and abandoning module CollectionManager (602)
[2018.12.30-19.37.35:284][761]LogModuleManager: Shutting down and abandoning module StatsViewer (600)
[2018.12.30-19.37.35:284][761]LogModuleManager: Shutting down and abandoning module FoliageEdit (598)
[2018.12.30-19.37.35:284][761]LogModuleManager: Shutting down and abandoning module LandscapeEditor (596)
[2018.12.30-19.37.35:284][761]LogModuleManager: Shutting down and abandoning module MeshPaintMode (594)
[2018.12.30-19.37.35:284][761]LogModuleManager: Shutting down and abandoning module SceneDepthPickerMode (592)
[2018.12.30-19.37.35:284][761]LogModuleManager: Shutting down and abandoning module ActorPickerMode (590)
[2018.12.30-19.37.35:284][761]LogModuleManager: Shutting down and abandoning module GeometryMode (588)
[2018.12.30-19.37.35:284][761]LogModuleManager: Shutting down and abandoning module TextureAlignMode (586)
[2018.12.30-19.37.35:284][761]LogModuleManager: Shutting down and abandoning module BspMode (584)
[2018.12.30-19.37.35:285][761]LogModuleManager: Shutting down and abandoning module PIEPreviewDeviceProfileSelector (582)
[2018.12.30-19.37.35:285][761]LogModuleManager: Shutting down and abandoning module SequenceRecorderSections (580)
[2018.12.30-19.37.35:285][761]LogModuleManager: Shutting down and abandoning module AutomationWorker (578)
[2018.12.30-19.37.35:285][761]LogModuleManager: Shutting down and abandoning module AudioCaptureEditor (576)
[2018.12.30-19.37.35:285][761]LogModuleManager: Shutting down and abandoning module SequenceRecorder (575)
[2018.12.30-19.37.35:285][761]LogModuleManager: Shutting down and abandoning module MatineeToLevelSequence (572)
[2018.12.30-19.37.35:285][761]LogModuleManager: Shutting down and abandoning module LevelSequenceEditor (570)
[2018.12.30-19.37.35:285][761]LogModuleManager: Shutting down and abandoning module PlacementMode (569)
[2018.12.30-19.37.35:285][761]LogModuleManager: Shutting down and abandoning module MaterialEditor (568)
[2018.12.30-19.37.35:285][761]LogModuleManager: Shutting down and abandoning module WmfMediaFactory (564)
[2018.12.30-19.37.35:285][761]LogModuleManager: Shutting down and abandoning module WmfMediaEditor (562)
[2018.12.30-19.37.35:285][761]LogModuleManager: Shutting down and abandoning module MediaPlayerEditor (560)
[2018.12.30-19.37.35:285][761]LogModuleManager: Shutting down and abandoning module OpenExrWrapper (558)
[2018.12.30-19.37.35:285][761]LogModuleManager: Shutting down and abandoning module ImgMediaFactory (556)
[2018.12.30-19.37.35:285][761]LogModuleManager: Shutting down and abandoning module ImgMediaEditor (554)
[2018.12.30-19.37.35:285][761]LogModuleManager: Shutting down and abandoning module AvfMediaFactory (552)
[2018.12.30-19.37.35:285][761]LogModuleManager: Shutting down and abandoning module AvfMediaEditor (550)
[2018.12.30-19.37.35:285][761]LogModuleManager: Shutting down and abandoning module AndroidMediaFactory (548)
[2018.12.30-19.37.35:285][761]LogModuleManager: Shutting down and abandoning module AndroidMediaEditor (546)
[2018.12.30-19.37.35:285][761]LogModuleManager: Shutting down and abandoning module MagicLeapCameraPreviewFactory (544)
[2018.12.30-19.37.35:285][761]LogModuleManager: Shutting down and abandoning module MagicLeapMediaFactory (542)
[2018.12.30-19.37.35:285][761]LogModuleManager: Shutting down and abandoning module MagicLeapMediaEditor (540)
[2018.12.30-19.37.35:286][761]LogModuleManager: Shutting down and abandoning module CharacterAI (538)
[2018.12.30-19.37.35:286][761]LogModuleManager: Shutting down and abandoning module SmartSnapping (536)
[2018.12.30-19.37.35:286][761]LogModuleManager: Shutting down and abandoning module SessionServices (534)
[2018.12.30-19.37.35:286][761]LogModuleManager: Shutting down and abandoning module ViewportSnapping (532)
[2018.12.30-19.37.35:286][761]LogModuleManager: Shutting down and abandoning module ViewportInteraction (530)
[2018.12.30-19.37.35:286][761]LogModuleManager: Shutting down and abandoning module ClothPainter (528)
[2018.12.30-19.37.35:286][761]LogModuleManager: Shutting down and abandoning module SkeletalMeshEditor (527)
[2018.12.30-19.37.35:286][761]LogModuleManager: Shutting down and abandoning module LogVisualizer (524)
[2018.12.30-19.37.35:286][761]LogModuleManager: Shutting down and abandoning module IntroTutorials (522)
[2018.12.30-19.37.35:286][761]LogModuleManager: Shutting down and abandoning module GameProjectGeneration (521)
[2018.12.30-19.37.35:286][761]LogModuleManager: Shutting down and abandoning module LuminPlatformEditor (518)
[2018.12.30-19.37.35:286][761]LogModuleManager: Shutting down and abandoning module IOSPlatformEditor (516)
[2018.12.30-19.37.35:286][761]LogModuleManager: Shutting down and abandoning module HTML5PlatformEditor (514)
[2018.12.30-19.37.35:286][761]LogModuleManager: Shutting down and abandoning module AndroidPlatformEditor (512)
[2018.12.30-19.37.35:286][761]LogModuleManager: Shutting down and abandoning module AndroidDeviceDetection (511)
[2018.12.30-19.37.35:381][761]LogModuleManager: Shutting down and abandoning module WindowsPlatformEditor (508)
[2018.12.30-19.37.35:381][761]LogModuleManager: Shutting down and abandoning module LuminRuntimeSettings (506)
[2018.12.30-19.37.35:381][761]LogModuleManager: Shutting down and abandoning module IOSRuntimeSettings (504)
[2018.12.30-19.37.35:381][761]LogModuleManager: Shutting down and abandoning module AndroidRuntimeSettings (502)
[2018.12.30-19.37.35:381][761]LogModuleManager: Shutting down and abandoning module InputBindingEditor (500)
[2018.12.30-19.37.35:381][761]LogModuleManager: Shutting down and abandoning module MergeActors (498)
[2018.12.30-19.37.35:381][761]LogModuleManager: Shutting down and abandoning module LocalizationDashboard (496)
[2018.12.30-19.37.35:381][761]LogModuleManager: Shutting down and abandoning module LocalizationService (495)
[2018.12.30-19.37.35:381][761]LogModuleManager: Shutting down and abandoning module HardwareTargeting (492)
[2018.12.30-19.37.35:381][761]LogModuleManager: Shutting down and abandoning module DeviceProfileEditor (490)
[2018.12.30-19.37.35:381][761]LogModuleManager: Shutting down and abandoning module UndoHistory (488)
[2018.12.30-19.37.35:381][761]LogModuleManager: Shutting down and abandoning module XmlParser (486)
[2018.12.30-19.37.35:381][761]LogModuleManager: Shutting down and abandoning module Blutility (484)
[2018.12.30-19.37.35:381][761]LogModuleManager: Shutting down and abandoning module ProjectSettingsViewer (482)
[2018.12.30-19.37.35:381][761]LogModuleManager: Shutting down and abandoning module ProjectTargetPlatformEditor (481)
[2018.12.30-19.37.35:382][761]LogModuleManager: Shutting down and abandoning module EditorSettingsViewer (478)
[2018.12.30-19.37.35:382][761]LogModuleManager: Shutting down and abandoning module SettingsEditor (476)
[2018.12.30-19.37.35:382][761]LogModuleManager: Shutting down and abandoning module ProjectLauncher (474)
[2018.12.30-19.37.35:382][761]LogModuleManager: Shutting down and abandoning module SessionFrontend (472)
[2018.12.30-19.37.35:382][761]LogModuleManager: Shutting down and abandoning module ProfilerClient (470)
[2018.12.30-19.37.35:382][761]LogModuleManager: Shutting down and abandoning module DeviceManager (468)
[2018.12.30-19.37.35:382][761]LogModuleManager: Shutting down and abandoning module TargetDeviceServices (467)
[2018.12.30-19.37.35:437][761]LogModuleManager: Shutting down and abandoning module AutomationController (464)
[2018.12.30-19.37.35:437][761]LogModuleManager: Shutting down and abandoning module AutomationWindow (462)
[2018.12.30-19.37.35:437][761]LogModuleManager: Shutting down and abandoning module Layers (460)
[2018.12.30-19.37.35:437][761]LogModuleManager: Shutting down and abandoning module ComponentVisualizers (458)
[2018.12.30-19.37.35:437][761]LogModuleManager: Shutting down and abandoning module DetailCustomizations (456)
[2018.12.30-19.37.35:437][761]LogModuleManager: Shutting down and abandoning module PackagesDialog (454)
[2018.12.30-19.37.35:437][761]LogModuleManager: Shutting down and abandoning module Persona (452)
[2018.12.30-19.37.35:437][761]LogModuleManager: Shutting down and abandoning module AdvancedPreviewScene (451)
[2018.12.30-19.37.35:437][761]LogModuleManager: Shutting down and abandoning module AnimGraph (449)
[2018.12.30-19.37.35:437][761]LogModuleManager: Shutting down and abandoning module Kismet (446)
[2018.12.30-19.37.35:446][761]LogModuleManager: Shutting down and abandoning module GraphEditor (444)
[2018.12.30-19.37.35:446][761]LogModuleManager: Shutting down and abandoning module ClassViewer (442)
[2018.12.30-19.37.35:448][761]LogModuleManager: Shutting down and abandoning module Toolbox (440)
[2018.12.30-19.37.35:448][761]LogModuleManager: Shutting down and abandoning module DesktopPlatform (439)
[2018.12.30-19.37.35:448][761]LogModuleManager: Shutting down and abandoning module ModuleUI (436)
[2018.12.30-19.37.35:448][761]LogModuleManager: Shutting down and abandoning module MovieSceneTools (434)
[2018.12.30-19.37.35:448][761]LogModuleManager: Shutting down and abandoning module OutputLog (432)
[2018.12.30-19.37.35:448][761]LogModuleManager: Shutting down and abandoning module GammaUI (430)
[2018.12.30-19.37.35:448][761]LogModuleManager: Shutting down and abandoning module Documentation (428)
[2018.12.30-19.37.35:448][761]LogModuleManager: Shutting down and abandoning module MovieSceneTracks (426)
[2018.12.30-19.37.35:448][761]LogModuleManager: Shutting down and abandoning module MovieScene (424)
[2018.12.30-19.37.35:448][761]LogModuleManager: Shutting down and abandoning module StreamingPauseRendering (422)
[2018.12.30-19.37.35:448][761]LogModuleManager: Shutting down and abandoning module LauncherPlatform (420)
[2018.12.30-19.37.35:448][761]LogModuleManager: Shutting down and abandoning module AnalyticsET (418)
[2018.12.30-19.37.35:448][761]LogModuleManager: Shutting down and abandoning module PortalServices (416)
[2018.12.30-19.37.35:448][761]LogModuleManager: Shutting down and abandoning module PortalRpc (414)
[2018.12.30-19.37.35:448][761]LogModuleManager: Shutting down and abandoning module MessagingRpc (412)
[2018.12.30-19.37.35:448][761]LogModuleManager: Shutting down and abandoning module AIModule (410)
[2018.12.30-19.37.35:448][761]LogModuleManager: Shutting down and abandoning module GameplayDebugger (409)
[2018.12.30-19.37.35:448][761]LogModuleManager: Shutting down and abandoning module AITestSuite (407)
[2018.12.30-19.37.35:448][761]LogModuleManager: Shutting down and abandoning module NavigationSystem (405)
[2018.12.30-19.37.35:448][761]LogModuleManager: Shutting down and abandoning module ProfilerService (402)
[2018.12.30-19.37.35:505][761]LogModuleManager: Shutting down and abandoning module TaskGraph (400)
[2018.12.30-19.37.35:505][761]LogModuleManager: Shutting down and abandoning module SteamVRController (398)
[2018.12.30-19.37.35:506][761]LogModuleManager: Shutting down and abandoning module ProceduralMeshComponentEditor (396)
[2018.12.30-19.37.35:506][761]LogModuleManager: Shutting down and abandoning module ProceduralMeshComponent (394)
[2018.12.30-19.37.35:506][761]LogModuleManager: Shutting down and abandoning module OculusInput (392)
[2018.12.30-19.37.35:506][761]LogModuleManager: Shutting down and abandoning module MobilePatchingUtils (390)
[2018.12.30-19.37.35:506][761]LogModuleManager: Shutting down and abandoning module EditableMesh (388)
[2018.12.30-19.37.35:506][761]LogModuleManager: Shutting down and abandoning module CustomMeshComponent (386)
[2018.12.30-19.37.35:506][761]LogModuleManager: Shutting down and abandoning module CableComponent (384)
[2018.12.30-19.37.35:506][761]LogModuleManager: Shutting down and abandoning module AudioCapture (382)
[2018.12.30-19.37.35:506][761]LogModuleManager: Shutting down and abandoning module ArchVisCharacter (380)
[2018.12.30-19.37.35:506][761]LogModuleManager: Shutting down and abandoning module AndroidPermission (378)
[2018.12.30-19.37.35:506][761]LogModuleManager: Shutting down and abandoning module NUTUnrealEngine4 (376)
[2018.12.30-19.37.35:506][761]LogModuleManager: Shutting down and abandoning module NetcodeUnitTest (374)
[2018.12.30-19.37.35:506][761]LogModuleManager: Shutting down and abandoning module MediaCompositingEditor (372)
[2018.12.30-19.37.35:506][761]LogModuleManager: Shutting down and abandoning module MediaCompositing (370)
[2018.12.30-19.37.35:506][761]LogModuleManager: Shutting down and abandoning module LinearTimecode (368)
[2018.12.30-19.37.35:506][761]LogModuleManager: Shutting down and abandoning module ImgMedia (366)
[2018.12.30-19.37.35:511][761]LogModuleManager: Shutting down and abandoning module HTML5Networking (364)
[2018.12.30-19.37.35:511][761]LogModuleManager: Shutting down and abandoning module GeometryCacheTracks (362)
[2018.12.30-19.37.35:511][761]LogModuleManager: Shutting down and abandoning module GeometryCacheSequencer (360)
[2018.12.30-19.37.35:511][761]LogModuleManager: Shutting down and abandoning module BackChannel (358)
[2018.12.30-19.37.35:511][761]LogModuleManager: Shutting down and abandoning module AppleVision (356)
[2018.12.30-19.37.35:512][761]LogModuleManager: Shutting down and abandoning module AppleImageUtils (354)
[2018.12.30-19.37.35:512][761]LogModuleManager: Shutting down and abandoning module AlembicImporter (352)
[2018.12.30-19.37.35:512][761]LogModuleManager: Shutting down and abandoning module AlembicLibrary (351)
[2018.12.30-19.37.35:512][761]LogModuleManager: Shutting down and abandoning module GeometryCache (350)
[2018.12.30-19.37.35:512][761]LogModuleManager: Shutting down and abandoning module GeometryCacheEd (349)
[2018.12.30-19.37.35:512][761]LogModuleManager: Shutting down and abandoning module DatasmithContentEditor (344)
[2018.12.30-19.37.35:512][761]LogModuleManager: Shutting down and abandoning module DatasmithContent (342)
[2018.12.30-19.37.35:513][761]LogModuleManager: Shutting down and abandoning module SpeedTreeImporter (340)
[2018.12.30-19.37.35:513][761]LogModuleManager: Shutting down and abandoning module PluginBrowser (338)
[2018.12.30-19.37.35:513][761]LogModuleManager: Shutting down and abandoning module MobileLauncherProfileWizard (336)
[2018.12.30-19.37.35:513][761]LogModuleManager: Shutting down and abandoning module PolygonModeling (334)
[2018.12.30-19.37.35:513][761]LogModuleManager: Shutting down and abandoning module MeshEditor (332)
[2018.12.30-19.37.35:513][761]LogModuleManager: Shutting down and abandoning module CryptoKeysOpenSSL (330)
[2018.12.30-19.37.35:513][761]LogModuleManager: Shutting down and abandoning module CryptoKeys (328)
[2018.12.30-19.37.35:513][761]LogModuleManager: Shutting down and abandoning module VisualStudioSourceCodeAccess (326)
[2018.12.30-19.37.35:514][761]LogModuleManager: Shutting down and abandoning module VisualStudioCodeSourceCodeAccess (324)
[2018.12.30-19.37.35:514][761]LogModuleManager: Shutting down and abandoning module UObjectPlugin (322)
[2018.12.30-19.37.35:514][761]LogModuleManager: Shutting down and abandoning module SubversionSourceControl (320)
[2018.12.30-19.37.35:514][761]LogModuleManager: Shutting down and abandoning module PerforceSourceControl (318)
[2018.12.30-19.37.35:514][761]LogModuleManager: Shutting down and abandoning module GitSourceControl (316)
[2018.12.30-19.37.35:514][761]LogModuleManager: Shutting down and abandoning module SourceControl (315)
[2018.12.30-19.37.35:514][761]LogModuleManager: Shutting down and abandoning module CLionSourceCodeAccess (312)
[2018.12.30-19.37.35:514][761]LogModuleManager: Shutting down and abandoning module LightPropagationVolumeEditor (310)
[2018.12.30-19.37.35:514][761]LogModuleManager: Shutting down and abandoning module PaperTiledImporter (308)
[2018.12.30-19.37.35:514][761]LogModuleManager: Shutting down and abandoning module PaperSpriteSheetImporter (306)
[2018.12.30-19.37.35:514][761]LogModuleManager: Shutting down and abandoning module Paper2DEditor (304)
[2018.12.30-19.37.35:514][761]LogModuleManager: Shutting down and abandoning module MeshPaint (303)
[2018.12.30-19.37.35:514][761]LogModuleManager: Shutting down and abandoning module FightingGame (300)
[2018.12.30-19.37.35:514][761]LogModuleManager: Shutting down and abandoning module RuntimePhysXCooking (298)
[2018.12.30-19.37.35:514][761]LogModuleManager: Shutting down and abandoning module PhysXVehiclesEditor (296)
[2018.12.30-19.37.35:514][761]LogModuleManager: Shutting down and abandoning module PhysXVehicles (294)
[2018.12.30-19.37.35:514][761]LogModuleManager: Shutting down and abandoning module OculusEditor (292)
[2018.12.30-19.37.35:514][761]LogModuleManager: Shutting down and abandoning module LocationServicesBPLibrary (290)
[2018.12.30-19.37.35:514][761]LogModuleManager: Shutting down and abandoning module ImmediatePhysicsEditor (288)
[2018.12.30-19.37.35:514][761]LogModuleManager: Shutting down and abandoning module ImmediatePhysics (286)
[2018.12.30-19.37.35:514][761]LogModuleManager: Shutting down and abandoning module ActorSequence (284)
[2018.12.30-19.37.35:514][761]LogModuleManager: Shutting down and abandoning module UdpMessaging (282)
[2018.12.30-19.37.35:615][761]LogModuleManager: Shutting down and abandoning module TcpMessaging (280)
[2018.12.30-19.37.35:716][761]LogModuleManager: Shutting down and abandoning module MagicLeapAudio (278)
[2018.12.30-19.37.35:716][761]LogModuleManager: Shutting down and abandoning module GameplayTagsEditor (276)
[2018.12.30-19.37.35:716][761]LogModuleManager: Shutting down and abandoning module FacialAnimationEditor (274)
[2018.12.30-19.37.35:716][761]LogModuleManager: Shutting down and abandoning module FacialAnimation (272)
[2018.12.30-19.37.35:716][761]LogModuleManager: Shutting down and abandoning module DataValidation (270)
[2018.12.30-19.37.35:716][761]LogModuleManager: Shutting down and abandoning module AssetManagerEditor (268)
[2018.12.30-19.37.35:716][761]LogModuleManager: Shutting down and abandoning module LevelEditor (267)
[2018.12.30-19.37.35:717][761]LogModuleManager: Shutting down and abandoning module PixelInspectorModule (266)
[2018.12.30-19.37.35:717][761]LogModuleManager: Shutting down and abandoning module CommonMenuExtensions (264)
[2018.12.30-19.37.35:717][761]LogModuleManager: Shutting down and abandoning module MainFrame (262)
[2018.12.30-19.37.35:717][761]LogModuleManager: Shutting down and abandoning module HotReload (261)
[2018.12.30-19.37.35:718][761]LogModuleManager: Shutting down and abandoning module ContentBrowser (257)
[2018.12.30-19.37.35:720][761]LogModuleManager: Shutting down and abandoning module TreeMap (255)
[2018.12.30-19.37.35:720][761]LogModuleManager: Shutting down and abandoning module LightPropagationVolumeRuntime (252)
[2018.12.30-19.37.35:720][761]LogModuleManager: Shutting down and abandoning module AISupportModule (250)
[2018.12.30-19.37.35:720][761]LogModuleManager: Shutting down and abandoning module Paper2D (248)
[2018.12.30-19.37.35:720][761]LogModuleManager: Shutting down and abandoning module WindowsMoviePlayer (246)
[2018.12.30-19.37.35:720][761]LogModuleManager: Shutting down and abandoning module WmfMedia (244)
[2018.12.30-19.37.35:722][761]LogModuleManager: Shutting down and abandoning module Media (243)
[2018.12.30-19.37.35:728][761]LogModuleManager: Shutting down and abandoning module PacketHandler (240)
[2018.12.30-19.37.35:728][761]LogModuleManager: Shutting down and abandoning module ClothingSystemEditor (238)
[2018.12.30-19.37.35:728][761]LogModuleManager: Shutting down and abandoning module ClothingSystemRuntime (236)
[2018.12.30-19.37.35:728][761]LogModuleManager: Shutting down and abandoning module MediaAssets (234)
[2018.12.30-19.37.35:728][761]LogModuleManager: Shutting down and abandoning module Overlay (232)
[2018.12.30-19.37.35:728][761]LogModuleManager: Shutting down and abandoning module OverlayEditor (231)
[2018.12.30-19.37.35:728][761]LogModuleManager: Shutting down and abandoning module VREditor (228)
[2018.12.30-19.37.35:728][761]LogModuleManager: Shutting down and abandoning module StringTableEditor (226)
[2018.12.30-19.37.35:728][761]LogModuleManager: Shutting down and abandoning module GameplayTasksEditor (224)
[2018.12.30-19.37.35:729][761]LogModuleManager: Shutting down and abandoning module BehaviorTreeEditor (222)
[2018.12.30-19.37.35:729][761]LogModuleManager: Shutting down and abandoning module FunctionalTesting (220)
[2018.12.30-19.37.35:729][761]LogModuleManager: Shutting down and abandoning module CollisionAnalyzer (218)
[2018.12.30-19.37.35:729][761]LogModuleManager: Shutting down and abandoning module WorkspaceMenuStructure (217)
[2018.12.30-19.37.35:729][761]LogModuleManager: Shutting down and abandoning module UMG (214)
[2018.12.30-19.37.35:729][761]LogModuleManager: Shutting down and abandoning module UMGEditor (213)
[2018.12.30-19.37.35:729][761]LogModuleManager: Shutting down and abandoning module Sequencer (212)
[2018.12.30-19.37.35:729][761]LogModuleManager: Shutting down and abandoning module MessageLog (209)
[2018.12.30-19.37.35:729][761]LogModuleManager: Shutting down and abandoning module SlateReflector (204)
[2018.12.30-19.37.35:729][761]LogModuleManager: Shutting down and abandoning module Slate (202)
[2018.12.30-19.37.35:729][761]LogModuleManager: Shutting down and abandoning module EditorStyle (200)
[2018.12.30-19.37.35:731][761]LogModuleManager: Shutting down and abandoning module MRMesh (198)
[2018.12.30-19.37.35:731][761]LogModuleManager: Shutting down and abandoning module SourceCodeAccess (196)
[2018.12.30-19.37.35:731][761]LogModuleManager: Shutting down and abandoning module HeadMountedDisplay (194)
[2018.12.30-19.37.35:731][761]LogModuleManager: Shutting down and abandoning module XAudio2 (192)
[2018.12.30-19.37.35:731][761]LogModuleManager: Shutting down and abandoning module Networking (190)
[2018.12.30-19.37.35:731][761]LogModuleManager: Shutting down and abandoning module Core (188)
[2018.12.30-19.37.35:731][761]LogModuleManager: Shutting down and abandoning module LevelSequence (186)
[2018.12.30-19.37.35:731][761]LogModuleManager: Shutting down and abandoning module KismetCompiler (184)
[2018.12.30-19.37.35:732][761]LogModuleManager: Shutting down and abandoning module MeshUtilities (182)
[2018.12.30-19.37.35:732][761]LogModuleManager: Shutting down and abandoning module MeshMergeUtilities (181)
[2018.12.30-19.37.35:732][761]LogModuleManager: Shutting down and abandoning module MeshReductionInterface (180)
[2018.12.30-19.37.35:732][761]LogModuleManager: Shutting down and abandoning module SimplygonSwarm (179)
[2018.12.30-19.37.35:732][761]LogModuleManager: Shutting down and abandoning module ProxyLODMeshReduction (177)
[2018.12.30-19.37.35:732][761]LogModuleManager: Shutting down and abandoning module SimplygonMeshReduction (175)
[2018.12.30-19.37.35:732][761]LogModuleManager: Shutting down and abandoning module QuadricMeshReduction (173)
[2018.12.30-19.37.35:732][761]LogModuleManager: Shutting down and abandoning module MaterialBaking (169)
[2018.12.30-19.37.35:732][761]LogModuleManager: Shutting down and abandoning module DirectoryWatcher (165)
[2018.12.30-19.37.35:732][761]LogModuleManager: Shutting down and abandoning module DerivedDataCache (162)
[2018.12.30-19.37.35:818][761]LogDerivedDataCache: Shutdown
[2018.12.30-19.37.35:818][761]LogModuleManager: Shutting down and abandoning module XGEController (160)
[2018.12.30-19.37.35:818][761]LogXGEController: Cleaning working directory: C:/Users/cynic/AppData/Local/Temp/UnrealXGEWorkingDir/
[2018.12.30-19.37.35:818][761]LogModuleManager: Shutting down and abandoning module TargetPlatform (158)
[2018.12.30-19.37.35:818][761]LogModuleManager: Shutting down and abandoning module VulkanShaderFormat (157)
[2018.12.30-19.37.35:818][761]LogModuleManager: Shutting down and abandoning module ShaderFormatVectorVM (155)
[2018.12.30-19.37.35:819][761]LogModuleManager: Shutting down and abandoning module ShaderFormatOpenGL (153)
[2018.12.30-19.37.35:819][761]LogModuleManager: Shutting down and abandoning module ShaderFormatD3D (151)
[2018.12.30-19.37.35:819][761]LogModuleManager: Shutting down and abandoning module MetalShaderFormat (149)
[2018.12.30-19.37.35:819][761]LogModuleManager: Shutting down and abandoning module TextureFormatUncompressed (147)
[2018.12.30-19.37.35:819][761]LogModuleManager: Shutting down and abandoning module TextureFormatPVR (145)
[2018.12.30-19.37.35:819][761]LogModuleManager: Shutting down and abandoning module TextureFormatDXT (143)
[2018.12.30-19.37.35:819][761]LogModuleManager: Shutting down and abandoning module TextureFormatIntelISPCTexComp (141)
[2018.12.30-19.37.35:820][761]LogModuleManager: Shutting down and abandoning module TextureFormatASTC (139)
[2018.12.30-19.37.35:820][761]LogModuleManager: Shutting down and abandoning module ImageWrapper (138)
[2018.12.30-19.37.35:820][761]LogModuleManager: Shutting down and abandoning module TextureFormatAndroid (135)
[2018.12.30-19.37.35:820][761]LogModuleManager: Shutting down and abandoning module AudioFormatOpus (133)
[2018.12.30-19.37.35:820][761]LogModuleManager: Shutting down and abandoning module AudioFormatOgg (131)
[2018.12.30-19.37.35:820][761]LogModuleManager: Shutting down and abandoning module AudioFormatADPCM (129)
[2018.12.30-19.37.35:820][761]LogModuleManager: Shutting down and abandoning module LuminTargetPlatform (127)
[2018.12.30-19.37.35:820][761]LogModuleManager: Shutting down and abandoning module LinuxTargetPlatform (125)
[2018.12.30-19.37.35:820][761]LogModuleManager: Shutting down and abandoning module LinuxServerTargetPlatform (123)
[2018.12.30-19.37.35:820][761]LogModuleManager: Shutting down and abandoning module LinuxNoEditorTargetPlatform (121)
[2018.12.30-19.37.35:821][761]LogModuleManager: Shutting down and abandoning module LinuxClientTargetPlatform (119)
[2018.12.30-19.37.35:821][761]LogModuleManager: Shutting down and abandoning module TVOSTargetPlatform (117)
[2018.12.30-19.37.35:822][761]LogModuleManager: Shutting down and abandoning module Messaging (115)
[2018.12.30-19.37.35:822][761]LogModuleManager: Shutting down and abandoning module IOSTargetPlatform (113)
[2018.12.30-19.37.35:823][761]LogModuleManager: Shutting down and abandoning module HTML5TargetPlatform (111)
[2018.12.30-19.37.35:823][761]LogModuleManager: Shutting down and abandoning module AndroidTargetPlatform (109)
[2018.12.30-19.37.35:833][761]LogModuleManager: Shutting down and abandoning module WindowsTargetPlatform (107)
[2018.12.30-19.37.35:833][761]LogModuleManager: Shutting down and abandoning module WindowsServerTargetPlatform (105)
[2018.12.30-19.37.35:833][761]LogModuleManager: Shutting down and abandoning module WindowsNoEditorTargetPlatform (103)
[2018.12.30-19.37.35:833][761]LogModuleManager: Shutting down and abandoning module WindowsClientTargetPlatform (101)
[2018.12.30-19.37.35:833][761]LogModuleManager: Shutting down and abandoning module MacTargetPlatform (99)
[2018.12.30-19.37.35:833][761]LogModuleManager: Shutting down and abandoning module MacServerTargetPlatform (97)
[2018.12.30-19.37.35:833][761]LogModuleManager: Shutting down and abandoning module MacNoEditorTargetPlatform (95)
[2018.12.30-19.37.35:833][761]LogModuleManager: Shutting down and abandoning module MacClientTargetPlatform (93)
[2018.12.30-19.37.35:833][761]LogModuleManager: Shutting down and abandoning module AllDesktopTargetPlatform (91)
[2018.12.30-19.37.35:833][761]LogModuleManager: Shutting down and abandoning module InputCore (88)
[2018.12.30-19.37.35:833][761]LogModuleManager: Shutting down and abandoning module Settings (86)
[2018.12.30-19.37.35:833][761]LogModuleManager: Shutting down and abandoning module PhysXCooking (84)
[2018.12.30-19.37.35:833][761]LogModuleManager: Shutting down and abandoning module SteamVR (82)
[2018.12.30-19.37.35:833][761]LogModuleManager: Shutting down and abandoning module OculusHMD (80)
[2018.12.30-19.37.35:834][761]LogModuleManager: Shutting down and abandoning module ExampleDeviceProfileSelector (78)
[2018.12.30-19.37.35:834][761]LogModuleManager: Shutting down and abandoning module LauncherChunkInstaller (76)
[2018.12.30-19.37.35:834][761]LogModuleManager: Shutting down and abandoning module OnlineBlueprintSupport (74)
[2018.12.30-19.37.35:834][761]LogModuleManager: Shutting down and abandoning module OnlineSubsystem (70)
[2018.12.30-19.37.35:835][761]LogModuleManager: Shutting down and abandoning module XMPP (65)
[2018.12.30-19.37.35:835][761]LogModuleManager: Shutting down and abandoning module WebSockets (64)
[2018.12.30-19.37.35:851][761]LogModuleManager: Shutting down and abandoning module HTTP (61)
[2018.12.30-19.37.35:851][761]LogHttp: Display: Http module shutting down, but needs to wait on 1 outstanding Http requests:
[2018.12.30-19.37.35:851][761]LogHttp: Display: 	verb=[POST] url=[https://datarouter.ol.epicgames.com/datarouter/api/v1/public/data?SessionID=%7B6BC9ADAB-4D57-06ED-8778-3C894FC1B2D7%7D&AppID=UEEditor.Rocket.Release&AppVersion=4.20.3-4369336%2B%2B%2BUE4%2BRelease-4.20&UserID=c87f312a467e2141033fc58ee9d67b8d%7C4872fd74fd02457ba240ba5fe6961b6a%7C47cbb831-1df0-40f9-a743-57377de4acee&AppEnvironment=datacollector-binary&UploadType=eteventstream] status=Processing
[2018.12.30-19.37.35:874][761]LogModuleManager: Shutting down and abandoning module SSL (60)
[2018.12.30-19.37.35:876][761]LogModuleManager: Shutting down and abandoning module MagicLeapEmulator (56)
[2018.12.30-19.37.35:876][761]LogModuleManager: Shutting down and abandoning module MagicLeapPrivileges (54)
[2018.12.30-19.37.35:876][761]LogModuleManager: Shutting down and abandoning module MagicLeapIdentity (52)
[2018.12.30-19.37.35:876][761]LogModuleManager: Shutting down and abandoning module MagicLeapHelperVulkan (50)
[2018.12.30-19.37.35:876][761]LogModuleManager: Shutting down and abandoning module MagicLeapHelperOpenGL (48)
[2018.12.30-19.37.35:877][761]LogModuleManager: Shutting down and abandoning module MagicLeapSecureStorage (46)
[2018.12.30-19.37.35:877][761]LogModuleManager: Shutting down and abandoning module MagicLeapGestures (44)
[2018.12.30-19.37.35:877][761]LogModuleManager: Shutting down and abandoning module MagicLeapEyeTracker (42)
[2018.12.30-19.37.35:877][761]LogModuleManager: Shutting down and abandoning module MagicLeapController (40)
[2018.12.30-19.37.35:877][761]LogSlate: Slate User Destroyed.  User Index 0, Is Virtual User: 0
[2018.12.30-19.37.35:877][761]LogSlate: Slate User Destroyed.  User Index 1, Is Virtual User: 0
[2018.12.30-19.37.35:877][761]LogModuleManager: Shutting down and abandoning module MagicLeap (38)
[2018.12.30-19.37.35:877][761]LogModuleManager: Shutting down and abandoning module AnimationModifiers (36)
[2018.12.30-19.37.35:877][761]LogModuleManager: Shutting down and abandoning module PropertyEditor (35)
[2018.12.30-19.37.35:877][761]LogModuleManager: Shutting down and abandoning module AudioEditor (32)
[2018.12.30-19.37.35:877][761]LogModuleManager: Shutting down and abandoning module TextureCompressor (30)
[2018.12.30-19.37.35:877][761]LogModuleManager: Shutting down and abandoning module ShaderCore (28)
[2018.12.30-19.37.35:878][761]LogModuleManager: Shutting down and abandoning module Landscape (26)
[2018.12.30-19.37.35:878][761]LogModuleManager: Shutting down and abandoning module SlateRHIRenderer (24)
[2018.12.30-19.37.35:878][761]LogModuleManager: Shutting down and abandoning module OpenGLDrv (22)
[2018.12.30-19.37.35:878][761]LogModuleManager: Shutting down and abandoning module D3D11RHI (20)
[2018.12.30-19.37.35:878][761]LogModuleManager: Shutting down and abandoning module AnimGraphRuntime (18)
[2018.12.30-19.37.35:878][761]LogModuleManager: Shutting down and abandoning module Renderer (16)
[2018.12.30-19.37.35:878][761]LogModuleManager: Shutting down and abandoning module Engine (14)
[2018.12.30-19.37.35:878][761]LogModuleManager: Shutting down and abandoning module CoreUObject (12)
[2018.12.30-19.37.35:878][761]LogModuleManager: Shutting down and abandoning module NetworkFile (10)
[2018.12.30-19.37.35:878][761]LogModuleManager: Shutting down and abandoning module CookedIterativeFile (8)
[2018.12.30-19.37.35:878][761]LogModuleManager: Shutting down and abandoning module StreamingFile (6)
[2018.12.30-19.37.35:878][761]LogModuleManager: Shutting down and abandoning module SandboxFile (4)
[2018.12.30-19.37.35:879][761]LogModuleManager: Shutting down and abandoning module PakFile (2)
[2018.12.30-19.37.35:888][761]LogExit: Exiting.
[2018.12.30-19.37.35:900][761]Log file closed, 12/30/18 19:37:35
