Log file open, 01/03/19 17:16:16
LogWindows: Failed to load 'aqProf.dll' (GetLastError=126)
LogWindows: File 'aqProf.dll' does not exist
LogWindows: Failed to load 'VSPerf140.dll' (GetLastError=126)
LogWindows: File 'VSPerf140.dll' does not exist
LogWindows: Failed to load 'VtuneApi.dll' (GetLastError=126)
LogWindows: File 'VtuneApi.dll' does not exist
LogWindows: Failed to load 'VtuneApi32e.dll' (GetLastError=126)
LogWindows: File 'VtuneApi32e.dll' does not exist
LogInit: Display: Running engine for game: FightingGame
LogPlatformFile: Not using cached read wrapper
LogTaskGraph: Started task graph with 5 named threads and 23 total threads with 3 sets of task threads.
LogStats: Stats thread started at 0.386317
LogD3D11RHI: Loaded GFSDK_Aftermath_Lib.x64.dll
LogICUInternationalization: Display: ICU TimeZone Detection - Raw Offset: +0:00, Platform Override: ''
LogPluginManager: Mounting plugin Paper2D
LogPluginManager: Mounting plugin AISupport
LogPluginManager: Mounting plugin LightPropagationVolume
LogPluginManager: Mounting plugin CLionSourceCodeAccess
LogPluginManager: Mounting plugin CodeLiteSourceCodeAccess
LogPluginManager: Mounting plugin GitSourceControl
LogPluginManager: Mounting plugin KDevelopSourceCodeAccess
LogPluginManager: Mounting plugin NullSourceCodeAccess
LogPluginManager: Mounting plugin PerforceSourceControl
LogPluginManager: Mounting plugin SubversionSourceControl
LogPluginManager: Mounting plugin UObjectPlugin
LogPluginManager: Mounting plugin VisualStudioCodeSourceCodeAccess
LogPluginManager: Mounting plugin VisualStudioSourceCodeAccess
LogPluginManager: Mounting plugin XCodeSourceCodeAccess
LogPluginManager: Mounting plugin AssetManagerEditor
LogPluginManager: Mounting plugin CryptoKeys
LogPluginManager: Mounting plugin DataValidation
LogPluginManager: Mounting plugin FacialAnimation
LogPluginManager: Mounting plugin GameplayTagsEditor
LogPluginManager: Mounting plugin MacGraphicsSwitching
LogPluginManager: Mounting plugin MeshEditor
LogPluginManager: Mounting plugin MobileLauncherProfileWizard
LogPluginManager: Mounting plugin PluginBrowser
LogPluginManager: Mounting plugin SpeedTreeImporter
LogPluginManager: Mounting plugin DatasmithContent
LogPluginManager: Mounting plugin AlembicImporter
LogPluginManager: Mounting plugin AppleImageUtils
LogPluginManager: Mounting plugin AppleVision
LogPluginManager: Mounting plugin BackChannel
LogPluginManager: Mounting plugin CharacterAI
LogPluginManager: Mounting plugin GeometryCache
LogPluginManager: Mounting plugin HTML5Networking
LogPluginManager: Mounting plugin ProxyLODPlugin
LogPluginManager: Mounting plugin MagicLeap
LogPluginManager: Mounting plugin MagicLeapEmulator
LogPluginManager: Mounting plugin MagicLeapMedia
LogPluginManager: Mounting plugin AndroidMedia
LogPluginManager: Mounting plugin AvfMedia
LogPluginManager: Mounting plugin ImgMedia
LogPluginManager: Mounting plugin LinearTimecode
LogPluginManager: Mounting plugin MediaCompositing
LogPluginManager: Mounting plugin MediaPlayerEditor
LogPluginManager: Mounting plugin WmfMedia
LogPluginManager: Mounting plugin TcpMessaging
LogPluginManager: Mounting plugin UdpMessaging
LogPluginManager: Mounting plugin ActorSequence
LogPluginManager: Mounting plugin LevelSequenceEditor
LogPluginManager: Mounting plugin MatineeToLevelSequence
LogPluginManager: Mounting plugin NetcodeUnitTest
LogPluginManager: Mounting plugin NUTUnrealEngine4
LogPluginManager: Mounting plugin OnlineSubsystemGooglePlay
LogPluginManager: Mounting plugin OnlineSubsystemIOS
LogPluginManager: Mounting plugin OnlineSubsystem
LogPluginManager: Mounting plugin OnlineSubsystemNull
LogPluginManager: Mounting plugin OnlineSubsystemUtils
LogPluginManager: Mounting plugin LauncherChunkInstaller
LogPluginManager: Mounting plugin AndroidDeviceProfileSelector
LogPluginManager: Mounting plugin AndroidMoviePlayer
LogPluginManager: Mounting plugin AndroidPermission
LogPluginManager: Mounting plugin AppleMoviePlayer
LogPluginManager: Mounting plugin ArchVisCharacter
LogPluginManager: Mounting plugin AudioCapture
LogPluginManager: Mounting plugin CableComponent
LogPluginManager: Mounting plugin CustomMeshComponent
LogPluginManager: Mounting plugin EditableMesh
LogPluginManager: Mounting plugin ExampleDeviceProfileSelector
LogPluginManager: Mounting plugin GoogleCloudMessaging
LogPluginManager: Mounting plugin ImmediatePhysics
LogPluginManager: Mounting plugin IOSDeviceProfileSelector
LogPluginManager: Mounting plugin LinuxDeviceProfileSelector
LogPluginManager: Mounting plugin LocationServicesBPLibrary
LogPluginManager: Mounting plugin MobilePatchingUtils
LogPluginManager: Mounting plugin OculusVR
LogPluginManager: Plugin shader directory ../../../Engine/Plugins/Runtime/Oculus/OculusVR/Shaders found
LogPluginManager: Mapping shader source directory ../../../Engine/Plugins/Runtime/Oculus/OculusVR/Shaders to virtual directory /Plugin/OculusVR
LogPluginManager: Mounting plugin PhysXVehicles
LogPluginManager: Mounting plugin ProceduralMeshComponent
LogPluginManager: Mounting plugin RuntimePhysXCooking
LogPluginManager: Mounting plugin SteamVR
LogPluginManager: Mounting plugin WindowsMoviePlayer
LogStreaming: Display: Took  0.272s to configure plugins.
LogInit: Using libcurl 7.55.1-DEV
LogInit:  - built for x86_64-pc-win32
LogInit:  - supports SSL with OpenSSL/1.0.2h
LogInit:  - supports HTTP deflate (compression) using libz 1.2.8
LogInit:  - other features:
LogInit:      CURL_VERSION_SSL
LogInit:      CURL_VERSION_LIBZ
LogInit:      CURL_VERSION_IPV6
LogInit:      CURL_VERSION_ASYNCHDNS
LogInit:      CURL_VERSION_LARGEFILE
LogInit:      CURL_VERSION_IDN
LogInit:  CurlRequestOptions (configurable via config and command line):
LogInit:  - bVerifyPeer = false  - Libcurl will NOT verify peer certificate
LogInit:  - bUseHttpProxy = false  - Libcurl will NOT use HTTP proxy
LogInit:  - bDontReuseConnections = false  - Libcurl will reuse connections
LogInit:  - CertBundlePath = nullptr  - Libcurl will use whatever was configured at build time.
LogInit:  - MaxHostConnections = 16  - Libcurl will limit the number of connections to a host
LogInit:  - LocalHostAddr = Default
LogInit:  - BufferSize = 65536
LogInit: WinSock: version 1.1 (2.2), MaxSocks=32767, MaxUdp=65467
LogInit: Build: ++UE4+Release-4.20-CL-4369336
LogInit: Engine Version: 4.20.3-4369336+++UE4+Release-4.20
LogInit: Compatible Engine Version: 4.20.0-4212847+++UE4+Release-4.20
LogInit: Net CL: 4212847
LogInit: OS: Windows 10 (), CPU: Intel(R) Core(TM) i7-6700K CPU @ 4.00GHz, GPU: NVIDIA GeForce GTX 1060 6GB
LogInit: Compiled (64-bit): Sep 17 2018 12:26:19
LogInit: Compiled with Visual C++: 19.13.26129.00
LogInit: Build Configuration: Development
LogInit: Branch Name: ++UE4+Release-4.20
LogInit: Command Line:  -skipcompile
LogInit: Base Directory: D:/Program Files/Epic Games/UE_4.20/Engine/Binaries/Win64/
LogInit: Installed Engine Build: 1
LogDevObjectVersion: Number of dev versions registered: 20
LogDevObjectVersion:   Dev-Blueprints (B0D832E4-1F89-4F0D-ACCF-7EB736FD4AA2): 10
LogDevObjectVersion:   Dev-Build (E1C64328-A22C-4D53-A36C-8E866417BD8C): 0
LogDevObjectVersion:   Dev-Core (375EC13C-06E4-48FB-B500-84F0262A717E): 2
LogDevObjectVersion:   Dev-Editor (E4B068ED-F494-42E9-A231-DA0B2E46BB41): 24
LogDevObjectVersion:   Dev-Framework (CFFC743F-43B0-4480-9391-14DF171D2073): 34
LogDevObjectVersion:   Dev-Mobile (B02B49B5-BB20-44E9-A304-32B752E40360): 2
LogDevObjectVersion:   Dev-Networking (A4E4105C-59A1-49B5-A7C5-40C4547EDFEE): 0
LogDevObjectVersion:   Dev-Online (39C831C9-5AE6-47DC-9A44-9C173E1C8E7C): 0
LogDevObjectVersion:   Dev-Physics (78F01B33-EBEA-4F98-B9B4-84EACCB95AA2): 0
LogDevObjectVersion:   Dev-Platform (6631380F-2D4D-43E0-8009-CF276956A95A): 0
LogDevObjectVersion:   Dev-Rendering (12F88B9F-8875-4AFC-A67C-D90C383ABD29): 26
LogDevObjectVersion:   Dev-Sequencer (7B5AE74C-D270-4C10-A958-57980B212A5A): 9
LogDevObjectVersion:   Dev-VR (D7296918-1DD6-4BDD-9DE2-64A83CC13884): 2
LogDevObjectVersion:   Dev-LoadTimes (C2A15278-BFE7-4AFE-6C17-90FF531DF755): 1
LogDevObjectVersion:   Private-Geometry (6EACA3D4-40EC-4CC1-B786-8BED09428FC5): 3
LogDevObjectVersion:   Dev-AnimPhys (29E575DD-E0A3-4627-9D10-D276232CDCEA): 17
LogDevObjectVersion:   Dev-ReflectionCapture (6B266CEC-1EC7-4B8F-A30B-E4D90942FC07): 1
LogDevObjectVersion:   Dev-Automation (0DF73D61-A23F-47EA-B727-89E90C41499A): 1
LogDevObjectVersion:   FortniteMain (601D1886-AC64-4F84-AA16-D3DE0DEAC7D6): 12
LogDevObjectVersion:   Dev-Enterprise (9DFFBCD6-494F-0158-E221-12823C92A888): 1
LogStreaming: Display: Took  0.026s to delete old logs.
LogInit: Presizing for max 8388607 objects, including 0 objects not considered by GC, pre-allocating 0 bytes for permanent pool.
LogInit: Object subsystem initialized
[2019.01.03-17.16.17:593][  0]LogInit: Selected Device Profile: [Windows]
[2019.01.03-17.16.17:593][  0]LogInit: Applying CVar settings loaded from the selected device profile: [Windows]
[2019.01.03-17.16.17:606][  0]LogHAL: Display: Platform has ~ 16 GB [17126547456 / 17179869184 / 16], which maps to Larger [LargestMinGB=32, LargerMinGB=12, DefaultMinGB=8, SmallerMinGB=6, SmallestMinGB=0)
[2019.01.03-17.16.17:606][  0]LogInit: Setting Device Profile CVar: [[r.Vulkan.UseRealUBs:1]]
[2019.01.03-17.16.17:606][  0]LogInit: Going up to parent DeviceProfile []
[2019.01.03-17.16.17:606][  0]LogInit: Computer: EDWARD
[2019.01.03-17.16.17:606][  0]LogInit: User: John
[2019.01.03-17.16.17:606][  0]LogInit: CPU Page size=4096, Cores=4
[2019.01.03-17.16.17:607][  0]LogInit: High frequency timer resolution =3.914064 MHz
[2019.01.03-17.16.17:607][  0]LogMemory: Memory total: Physical=16.0GB (16GB approx)
[2019.01.03-17.16.17:607][  0]LogMemory: Platform Memory Stats for Windows
[2019.01.03-17.16.17:607][  0]LogMemory: Process Physical Memory: 102.30 MB used, 102.30 MB peak
[2019.01.03-17.16.17:607][  0]LogMemory: Process Virtual Memory: 90.03 MB used, 90.03 MB peak
[2019.01.03-17.16.17:607][  0]LogMemory: Physical Memory: 9145.00 MB used,  7188.14 MB free, 16333.15 MB total
[2019.01.03-17.16.17:607][  0]LogMemory: Virtual Memory: 4638.83 MB used,  7188.14 MB free, 134217728.00 MB total
[2019.01.03-17.16.17:732][  0]LogInit: Using OS detected language (en-US).
[2019.01.03-17.16.17:732][  0]LogInit: Using OS detected locale (en-US).
[2019.01.03-17.16.17:733][  0]LogTextLocalizationManager: No specific localization for 'en-US' exists, so the 'en' localization will be used.
[2019.01.03-17.16.18:068][  0]LogStreaming: Display: Took  0.337s to InitEngineTextLocalization.
[2019.01.03-17.16.18:069][  0]LogInit: Setting process to per monitor DPI aware
[2019.01.03-17.16.18:161][  0]LogSlate: New Slate User Created.  User Index 0, Is Virtual User: 0
[2019.01.03-17.16.18:161][  0]LogSlate: Slate User Registered.  User Index 0, Is Virtual User: 0
[2019.01.03-17.16.18:448][  0]LogHMD: Failed to initialize OpenVR with code 102
[2019.01.03-17.16.18:448][  0]LogD3D11RHI: D3D11 adapters:
[2019.01.03-17.16.18:514][  0]LogD3D11RHI:    0. 'NVIDIA GeForce GTX 1060 6GB' (Feature Level 11_0)
[2019.01.03-17.16.18:514][  0]LogD3D11RHI:       6061/0/8166 MB DedicatedVideo/DedicatedSystem/SharedSystem, Outputs:3, VendorId:0x10de
[2019.01.03-17.16.18:520][  0]LogD3D11RHI:    1. 'Microsoft Basic Render Driver' (Feature Level 11_0)
[2019.01.03-17.16.18:520][  0]LogD3D11RHI:       0/0/8166 MB DedicatedVideo/DedicatedSystem/SharedSystem, Outputs:0, VendorId:0x1414
[2019.01.03-17.16.18:520][  0]LogD3D11RHI: Chosen D3D11 Adapter: 0
[2019.01.03-17.16.18:529][  0]LogD3D11RHI: Creating new Direct3DDevice
[2019.01.03-17.16.18:529][  0]LogD3D11RHI:     GPU DeviceId: 0x1c03 (for the marketing name, search the web for "GPU Device Id")
[2019.01.03-17.16.18:529][  0]LogWindows: EnumDisplayDevices:
[2019.01.03-17.16.18:529][  0]LogWindows:    0. 'NVIDIA GeForce GTX 1060 6GB' (P:1 D:1)
[2019.01.03-17.16.18:529][  0]LogWindows:    1. 'NVIDIA GeForce GTX 1060 6GB' (P:0 D:1)
[2019.01.03-17.16.18:530][  0]LogWindows:    2. 'NVIDIA GeForce GTX 1060 6GB' (P:0 D:1)
[2019.01.03-17.16.18:530][  0]LogWindows:    3. 'NVIDIA GeForce GTX 1060 6GB' (P:0 D:0)
[2019.01.03-17.16.18:531][  0]LogWindows: DebugString: FoundDriverCount:4 
[2019.01.03-17.16.18:531][  0]LogD3D11RHI:     Adapter Name: NVIDIA GeForce GTX 1060 6GB
[2019.01.03-17.16.18:531][  0]LogD3D11RHI:   Driver Version: 388.13 (internal:23.21.13.8813, unified:388.13)
[2019.01.03-17.16.18:531][  0]LogD3D11RHI:      Driver Date: 10-27-2017
[2019.01.03-17.16.18:531][  0]LogRHI: Texture pool is 4242 MB (70% of 6061 MB)
[2019.01.03-17.16.18:566][  0]LogD3D11RHI: Async texture creation enabled
[2019.01.03-17.16.18:586][  0]LogD3D11RHI: GPU Timing Frequency: 1000.000000 (Debug: 2 1)
[2019.01.03-17.16.18:685][  0]LogShaderCompilers: Guid format shader working directory is -3 characters bigger than the processId version (../../../../../../Git/FightingGame/FightingGame/Intermediate/Shaders/WorkingDirectory/16172/).
[2019.01.03-17.16.18:686][  0]LogShaderCompilers: Cleaned the shader compiler working directory 'C:/Users/John/AppData/Local/Temp/UnrealShaderWorkingDir/A210E6DB45EFAA5EB7D6E7B3520856FE/'.
[2019.01.03-17.16.18:988][  0]LogTemp: Display: Loaded TP AllDesktopTargetPlatform
[2019.01.03-17.16.19:010][  0]LogTemp: Display: Loaded TP MacClientTargetPlatform
[2019.01.03-17.16.19:034][  0]LogTemp: Display: Loaded TP MacNoEditorTargetPlatform
[2019.01.03-17.16.19:062][  0]LogTemp: Display: Loaded TP MacServerTargetPlatform
[2019.01.03-17.16.19:089][  0]LogTemp: Display: Loaded TP MacTargetPlatform
[2019.01.03-17.16.19:110][  0]LogTemp: Display: Loaded TP WindowsClientTargetPlatform
[2019.01.03-17.16.19:132][  0]LogTemp: Display: Loaded TP WindowsNoEditorTargetPlatform
[2019.01.03-17.16.19:154][  0]LogTemp: Display: Loaded TP WindowsServerTargetPlatform
[2019.01.03-17.16.19:171][  0]LogTemp: Display: Loaded TP WindowsTargetPlatform
[2019.01.03-17.16.19:285][  0]LogTemp: Display: Loaded TP AndroidTargetPlatform
[2019.01.03-17.16.19:285][  0]LogTemp: Display: Loaded TP AndroidTargetPlatform
[2019.01.03-17.16.19:286][  0]LogTemp: Display: Loaded TP AndroidTargetPlatform
[2019.01.03-17.16.19:286][  0]LogTemp: Display: Loaded TP AndroidTargetPlatform
[2019.01.03-17.16.19:286][  0]LogTemp: Display: Loaded TP AndroidTargetPlatform
[2019.01.03-17.16.19:286][  0]LogTemp: Display: Loaded TP AndroidTargetPlatform
[2019.01.03-17.16.19:286][  0]LogTemp: Display: Loaded TP AndroidTargetPlatform
[2019.01.03-17.16.19:286][  0]LogTemp: Display: Loaded TP AndroidTargetPlatform
[2019.01.03-17.16.19:286][  0]LogTemp: Display: Loaded TP AndroidTargetPlatform
[2019.01.03-17.16.19:286][  0]LogTemp: Display: Loaded TP AndroidTargetPlatform
[2019.01.03-17.16.19:286][  0]LogTemp: Display: Loaded TP AndroidTargetPlatform
[2019.01.03-17.16.19:286][  0]LogTemp: Display: Loaded TP AndroidTargetPlatform
[2019.01.03-17.16.19:286][  0]LogTemp: Display: Loaded TP AndroidTargetPlatform
[2019.01.03-17.16.19:286][  0]LogTemp: Display: Loaded TP AndroidTargetPlatform
[2019.01.03-17.16.19:286][  0]LogTemp: Display: Loaded TP AndroidTargetPlatform
[2019.01.03-17.16.19:286][  0]LogTemp: Display: Loaded TP AndroidTargetPlatform
[2019.01.03-17.16.19:286][  0]LogTemp: Display: Loaded TP AndroidTargetPlatform
[2019.01.03-17.16.19:286][  0]LogTemp: Display: Loaded TP AndroidTargetPlatform
[2019.01.03-17.16.19:291][  0]LogTemp: Display: Loaded TP HTML5TargetPlatform
[2019.01.03-17.16.19:370][  0]LogTemp: Display: Loaded TP IOSTargetPlatform
[2019.01.03-17.16.19:370][  0]LogTemp: Display: Loaded TP IOSTargetPlatform
[2019.01.03-17.16.19:398][  0]LogTemp: Display: Loaded TP TVOSTargetPlatform
[2019.01.03-17.16.19:398][  0]LogTemp: Display: Loaded TP TVOSTargetPlatform
[2019.01.03-17.16.19:416][  0]LogTemp: Display: Loaded TP LinuxClientTargetPlatform
[2019.01.03-17.16.19:434][  0]LogTemp: Display: Loaded TP LinuxNoEditorTargetPlatform
[2019.01.03-17.16.19:452][  0]LogTemp: Display: Loaded TP LinuxServerTargetPlatform
[2019.01.03-17.16.19:473][  0]LogTemp: Display: Loaded TP LinuxTargetPlatform
[2019.01.03-17.16.19:489][  0]LogTemp: Display: Loaded TP LuminTargetPlatform
[2019.01.03-17.16.19:489][  0]LogTargetPlatformManager: Display: Building Assets For Windows
[2019.01.03-17.16.19:720][  0]LogXGEController: Cleaning working directory: C:/Users/John/AppData/Local/Temp/UnrealXGEWorkingDir/
[2019.01.03-17.16.19:721][  0]LogXGEController: Cannot use XGE Controller as Incredibuild is not installed on this machine.
[2019.01.03-17.16.19:721][  0]LogShaderCompilers: Cannot use XGE Shader Compiler as Incredibuild is not installed on this machine.
[2019.01.03-17.16.19:721][  0]LogShaderCompilers: Display: Using Local Shader Compiler.
[2019.01.03-17.16.20:661][  0]LogDerivedDataCache: Display: Max Cache Size: 512 MB
[2019.01.03-17.16.20:727][  0]LogDerivedDataCache: Loaded boot cache 0.07s 71MB C:/Users/John/AppData/Local/UnrealEngine/4.20/DerivedDataCache/Boot.ddc.
[2019.01.03-17.16.20:728][  0]LogDerivedDataCache: Display: Loaded Boot cache: C:/Users/John/AppData/Local/UnrealEngine/4.20/DerivedDataCache/Boot.ddc
[2019.01.03-17.16.20:728][  0]LogDerivedDataCache: FDerivedDataBackendGraph:  Pak pak cache file ../../../../../../Git/FightingGame/FightingGame/DerivedDataCache/DDC.ddp not found, will not use a pak cache.
[2019.01.03-17.16.20:728][  0]LogDerivedDataCache: Unable to find inner node Pak for hierarchical cache Hierarchy.
[2019.01.03-17.16.20:728][  0]LogDerivedDataCache: FDerivedDataBackendGraph:  CompressedPak pak cache file ../../../../../../Git/FightingGame/FightingGame/DerivedDataCache/Compressed.ddp not found, will not use a pak cache.
[2019.01.03-17.16.20:728][  0]LogDerivedDataCache: Unable to find inner node CompressedPak for hierarchical cache Hierarchy.
[2019.01.03-17.16.20:744][  0]LogDerivedDataCache: Display: Pak cache opened for reading ../../../Engine/DerivedDataCache/Compressed.ddp.
[2019.01.03-17.16.20:759][  0]LogDerivedDataCache: Using Local data cache path C:/Users/John/AppData/Local/UnrealEngine/Common/DerivedDataCache: Writable
[2019.01.03-17.16.20:759][  0]LogDerivedDataCache: Shared data cache path not found in *engine.ini, will not use an Shared cache.
[2019.01.03-17.16.20:759][  0]LogDerivedDataCache: Unable to find inner node Shared for hierarchical cache Hierarchy.
[2019.01.03-17.16.20:782][  0]LogMaterial: Verifying Global Shaders for PCD3D_SM5
[2019.01.03-17.16.20:784][  0]LogSlate: Using FreeType 2.6.0
[2019.01.03-17.16.20:785][  0]LogSlate: SlateFontServices - WITH_FREETYPE: 1, WITH_HARFBUZZ: 1
[2019.01.03-17.16.20:878][  0]LogAssetRegistry: FAssetRegistry took 0.0309 seconds to start up
[2019.01.03-17.16.21:289][  0]LogInit: Selected Device Profile: [Windows]
[2019.01.03-17.16.21:491][  0]LogSimplygon: Simplygon DLL not present - disabling.
[2019.01.03-17.16.21:520][  0]LogMeshReduction: Using SimplygonSwarm for distributed automatic mesh merging
[2019.01.03-17.16.21:520][  0]LogMeshReduction: Using ProxyLODMeshReduction for automatic mesh merging
[2019.01.03-17.16.21:520][  0]LogMeshReduction: Using QuadricMeshReduction for automatic static mesh reduction
[2019.01.03-17.16.21:520][  0]LogMeshReduction: No automatic skeletal mesh reduction module available
[2019.01.03-17.16.21:554][  0]LogNetVersion: FightingGame 1.0.0, NetCL: 4212847, EngineNetVer: 5, GameNetVer: 0 (Checksum: 156865789)
[2019.01.03-17.16.22:245][  0]LogPackageLocalizationCache: Processed 11 localized package path(s) for 2 prioritized culture(s) in 0.199182 seconds
[2019.01.03-17.16.22:252][  0]LogUObjectArray: 38425 objects as part of root set at end of initial load.
[2019.01.03-17.16.22:252][  0]LogUObjectAllocator: 6690872 out of 0 bytes used by permanent object pool.
[2019.01.03-17.16.22:252][  0]LogUObjectArray: CloseDisregardForGC: 0/0 objects in disregard for GC pool
[2019.01.03-17.16.23:478][  0]LogTcpMessaging: Initializing TcpMessaging bridge
[2019.01.03-17.16.23:499][  0]LogUdpMessaging: Initializing bridge on interface 0.0.0.0:0 to multicast group 230.0.0.1:6666.
[2019.01.03-17.16.23:771][  0]SourceControl: Source control is disabled
[2019.01.03-17.16.23:772][  0]SourceControl: Source control is disabled
[2019.01.03-17.16.23:786][  0]SourceControl: Source control is disabled
[2019.01.03-17.16.23:794][  0]SourceControl: Source control is disabled
[2019.01.03-17.16.24:242][  0]LogAndroidPermission: UAndroidPermissionCallbackProxy::GetInstance
[2019.01.03-17.16.24:461][  0]LogOcInput: OculusInput pre-init called
[2019.01.03-17.16.24:552][  0]LogEngine: Initializing Engine...
[2019.01.03-17.16.24:554][  0]LogHMD: Failed to initialize OpenVR with code 102
[2019.01.03-17.16.24:556][  0]LogStats: UGameplayTagsManager::ConstructGameplayTagTree: ImportINI prefixes -  0.000 s
[2019.01.03-17.16.24:556][  0]LogStats: UGameplayTagsManager::ConstructGameplayTagTree: Construct from data asset -  0.000 s
[2019.01.03-17.16.24:556][  0]LogStats: UGameplayTagsManager::ConstructGameplayTagTree: ImportINI -  0.000 s
[2019.01.03-17.16.24:556][  0]LogStats: UGameplayTagsManager::ConstructGameplayTagTree: GameplayTagTreeChangedEvent.Broadcast -  0.000 s
[2019.01.03-17.16.24:765][  0]LogInit: Initializing FReadOnlyCVARCache
[2019.01.03-17.16.24:791][  0]LogAIModule: Creating AISystem for world Untitled
[2019.01.03-17.16.24:926][  0]LogInit: XAudio2 using 'Headset Earphone (Razer ManO'War)' : 2 channels at 48 kHz using 16 bits per sample (channel mask 0x3)
[2019.01.03-17.16.25:004][  0]LogInit: FAudioDevice initialized.
[2019.01.03-17.16.25:005][  0]LogNetVersion: Set ProjectVersion to 1.0.0.0. Version Checksum will be recalculated on next use.
[2019.01.03-17.16.25:138][  0]LogDerivedDataCache: Saved boot cache 0.13s 71MB C:/Users/John/AppData/Local/UnrealEngine/4.20/DerivedDataCache/Boot.ddc.
[2019.01.03-17.16.25:146][  0]LogInit: Texture streaming: Enabled
[2019.01.03-17.16.25:196][  0]LogEngineSessionManager: EngineSessionManager initialized
[2019.01.03-17.16.25:197][  0]LogEngineSessionManager: EngineSessionManager sent abnormal shutdown report. Type=Debugger, SessionId={AD59EF91-4A06-AA5E-13D5-BB9714444485}
[2019.01.03-17.16.25:216][  0]LogInit: Transaction tracking system initialized
[2019.01.03-17.16.25:287][  0]BlueprintLog: New page: Editor Load
[2019.01.03-17.16.25:547][  0]LocalizationService: Localization service is disabled
[2019.01.03-17.16.25:981][  0]LogCook: Display: Max memory allowance for cook 16384mb min free memory 0mb
[2019.01.03-17.16.25:981][  0]LogCook: Display: Mobile HDR setting 1
[2019.01.03-17.16.25:981][  0]LogGameplayTags: Display: UGameplayTagsManager::DoneAddingNativeTags. DelegateIsBound: 0
[2019.01.03-17.16.25:982][  0]LogStats: UGameplayTagsManager::ConstructGameplayTagTree: ImportINI prefixes -  0.000 s
[2019.01.03-17.16.25:982][  0]LogStats: UGameplayTagsManager::ConstructGameplayTagTree: Construct from data asset -  0.000 s
[2019.01.03-17.16.25:982][  0]LogStats: UGameplayTagsManager::ConstructGameplayTagTree: ImportINI -  0.000 s
[2019.01.03-17.16.25:982][  0]LogStats: UGameplayTagsManager::ConstructGameplayTagTree: GameplayTagTreeChangedEvent.Broadcast -  0.000 s
[2019.01.03-17.16.26:146][  0]LogFileCache: Scanning file cache for directory 'D:/Git/FightingGame/FightingGame/Content/' took 0.02s
[2019.01.03-17.16.26:146][  0]LogLinker: Warning: Can't find file '/Engine/BasicShapes/Cylinder'
[2019.01.03-17.16.26:146][  0]LogLinker: Warning: Can't find file '/Engine/BasicShapes/Cylinder'
[2019.01.03-17.16.26:147][  0]LogUObjectGlobals: Warning: Failed to find object 'StaticMesh /Engine/BasicShapes/Cylinder.Cylinder'
[2019.01.03-17.16.26:311][  0]SourceControl: Source control is disabled
[2019.01.03-17.16.26:311][  0]Cmd: MAP LOAD FILE="../../../../../../Git/FightingGame/FightingGame/Content/StarterContent/Maps/Minimal_Default.umap" TEMPLATE=0 SHOWPROGRESS=1 FEATURELEVEL=3
[2019.01.03-17.16.26:312][  0]LightingResults: New page: Lighting Build
[2019.01.03-17.16.26:316][  0]MapCheck: New page: Map Check
[2019.01.03-17.16.26:317][  0]LightingResults: New page: Lighting Build
[2019.01.03-17.16.26:443][  0]LogBlueprint: Warning: [Compiler PlayerManager_BP] 'Player Base' does not inherit from 'Player Controller' ( Cast To Player_Base  would always fail).
[2019.01.03-17.16.26:443][  0]LogBlueprint: Warning: [Compiler PlayerManager_BP] 'Player Base' does not inherit from 'Player Controller' ( Cast To Player_Base  would always fail).
[2019.01.03-17.16.26:444][  0]LogBlueprint: Warning: [Compiler PlayerManager_BP] [0011.50] Compile of PlayerManager_BP successful, but with 2 Warning(s) [in 2 ms] (/Game/PlayerManager_BP.PlayerManager_BP)
[2019.01.03-17.16.26:586][  0]LogAIModule: Creating AISystem for world Minimal_Default
[2019.01.03-17.16.26:598][  0]LogEditorServer: Finished looking for orphan Actors (0.000 secs)
[2019.01.03-17.16.26:620][  0]Cmd: MAP CHECKDEP NOCLEARLOG
[2019.01.03-17.16.26:836][  0]MapCheck: Map check complete: 0 Error(s), 0 Warning(s), took 214.795ms to complete.
[2019.01.03-17.16.26:836][  0]LogFileHelpers: Loading map 'Minimal_Default' took 0.525
[2019.01.03-17.16.26:984][  0]LogSlate: Updating window title bar state: overlay mode, drag disabled, window buttons hidden, title bar hidden
[2019.01.03-17.16.26:992][  0]LogSlate: Updating window title bar state: overlay mode, drag disabled, window buttons hidden, title bar hidden
[2019.01.03-17.16.26:998][  0]LogSlate: Updating window title bar state: overlay mode, drag disabled, window buttons hidden, title bar hidden
[2019.01.03-17.16.27:005][  0]LogSlate: Updating window title bar state: overlay mode, drag disabled, window buttons hidden, title bar hidden
[2019.01.03-17.16.27:022][  0]LogCollectionManager: Loaded 0 collections in 0.003960 seconds
[2019.01.03-17.16.27:086][  0]LogFileCache: Scanning file cache for directory 'D:/Git/FightingGame/FightingGame/Saved/Collections/' took 0.01s
[2019.01.03-17.16.27:086][  0]LogFileCache: Scanning file cache for directory 'D:/Git/FightingGame/FightingGame/Content/Developers/John/Collections/' took 0.01s
[2019.01.03-17.16.27:086][  0]LogFileCache: Scanning file cache for directory 'D:/Git/FightingGame/FightingGame/Content/Collections/' took 0.01s
[2019.01.03-17.16.27:086][  0]LogCollectionManager: Rebuilt the GUID cache for 0 collections in 0.000000 seconds
[2019.01.03-17.16.27:095][  0]LogContentBrowser: Native class hierarchy populated in 0.0091 seconds. Added 2579 classes and 605 folders.
[2019.01.03-17.16.27:105][  0]LogContentBrowser: Native class hierarchy updated for 'WidgetCarousel' in 0.0005 seconds. Added 0 classes and 0 folders.
[2019.01.03-17.16.27:167][  0]LogContentBrowser: Native class hierarchy updated for 'AddContentDialog' in 0.0004 seconds. Added 0 classes and 0 folders.
[2019.01.03-17.16.27:181][  0]LogContentBrowser: Native class hierarchy updated for 'SceneOutliner' in 0.0004 seconds. Added 1 classes and 2 folders.
[2019.01.03-17.16.27:240][  0]LogSlate: Took 0.000243 seconds to synchronously load lazily loaded font '../../../Engine/Content/Slate/Fonts/Roboto-Regular.ttf' (155K)
[2019.01.03-17.16.27:242][  0]LogSlate: Took 0.000213 seconds to synchronously load lazily loaded font '../../../Engine/Content/Slate/Fonts/Roboto-Bold.ttf' (160K)
[2019.01.03-17.16.27:248][  0]LogSlate: Took 0.000276 seconds to synchronously load lazily loaded font '../../../Engine/Content/Editor/Slate/Fonts/FontAwesome.ttf' (139K)
[2019.01.03-17.16.27:331][  0]LogRenderer: Reallocating scene render targets to support 1208x600 Format 10 NumSamples 1 (Frame:1).
[2019.01.03-17.16.27:379][  0]LogSlate: Took 0.000144 seconds to synchronously load lazily loaded font '../../../Engine/Content/Slate/Fonts/Roboto-Light.ttf' (167K)
[2019.01.03-17.16.27:450][  0]LogContentBrowser: Native class hierarchy updated for 'HierarchicalLODOutliner' in 0.0004 seconds. Added 0 classes and 0 folders.
[2019.01.03-17.16.27:450][  0]LogLoad: (Engine Initialization) Total time: 12.51 seconds
[2019.01.03-17.16.27:450][  0]LogLoad: (Engine Initialization) Total Blueprint compile time: 0.00 seconds
[2019.01.03-17.16.27:460][  0]LogWindowsTextInputMethodSystem: Display: IME system now deactivated.
[2019.01.03-17.16.27:483][  0]LogContentStreaming: Texture pool size now 1000 MB
[2019.01.03-17.16.27:521][  1]LogAssetRegistry: Asset discovery search completed in 6.6666 seconds
[2019.01.03-17.16.27:522][  1]LogCollectionManager: Rebuilt the object cache for 0 collections in 0.000000 seconds (found 0 objects)
[2019.01.03-17.16.27:522][  1]LogCollectionManager: Fixed up redirectors for 0 collections in 0.000122 seconds (updated 0 objects)
[2019.01.03-17.16.34:861][878]LogSlate: FSceneViewport::OnFocusLost() reason 0
[2019.01.03-17.16.40:965][338]LogTemp: Executing iPhonePackager certificates Engine -bundlename com.YourCompany.FightingGame
[2019.01.03-17.16.40:965][338]LogTemp: CWD: D:\Program Files\Epic Games\UE_4.20\Engine\Binaries\DotNET\IOS
[2019.01.03-17.16.40:965][338]LogTemp: Initial Dir: D:\Program Files\Epic Games\UE_4.20
[2019.01.03-17.16.40:965][338]LogTemp: Env CWD: D:\Program Files\Epic Games\UE_4.20\Engine\Binaries\DotNET\IOS
[2019.01.03-17.16.40:965][338]LogTemp: BranchPath = EDWARD/D/Program Files/Epic Games/UE_4.20/Engine/Binaries --- GameBranchPath = EDWARD/D/Program Files/Epic Games/UE_4.20/Engine/Binaries
[2019.01.03-17.16.40:965][338]LogTemp: IPP ERROR: Could not find provision directory 'C:\Users\John\AppData\Local/Apple Computer/MobileDevice/Provisioning Profiles/'.
[2019.01.03-17.16.40:966][338]LogSlate: Only BGRA pngs, bmps or icos are supported in by External Image Picker
[2019.01.03-17.16.48:181][153]LogSlate: Took 0.000215 seconds to synchronously load lazily loaded font '../../../Engine/Content/Slate/Fonts/Roboto-Light.ttf' (167K)
[2019.01.03-17.16.51:090][481]LogSlate: Prevented a slow task dialog from being summoned while a context menu was open
[2019.01.03-17.16.53:830][789]LogTemp: Repeating last play command: Selected Viewport
[2019.01.03-17.16.53:845][789]LogBlueprintUserMessages: Early PlayInEditor Detection: Level '/Game/StarterContent/Maps/Minimal_Default.Minimal_Default:PersistentLevel' has LevelScriptBlueprint '/Game/StarterContent/Maps/Minimal_Default.Minimal_Default:PersistentLevel.Minimal_Default' with GeneratedClass '/Game/StarterContent/Maps/Minimal_Default.Minimal_Default_C' with ClassGeneratedBy '/Game/StarterContent/Maps/Minimal_Default.Minimal_Default:PersistentLevel.Minimal_Default'
[2019.01.03-17.16.53:845][789]BlueprintLog: New page: Pre-Play auto-recompile
[2019.01.03-17.16.53:852][789]LogPlayLevel: [PlayLevel] Compiling FightingGameMode before play...
[2019.01.03-17.16.53:882][789]LogPlayLevel: PlayLevel: Blueprint regeneration took 36 ms (1 blueprints)
[2019.01.03-17.16.53:897][789]PIE: New page: PIE session: Minimal_Default (Jan 3, 2019, 5:16:53 PM)
[2019.01.03-17.16.53:897][789]LogPlayLevel: Creating play world package: /Game/StarterContent/Maps/UEDPIE_0_Minimal_Default
[2019.01.03-17.16.53:901][789]LogPlayLevel: PIE: StaticDuplicateObject took: (0.003619s)
[2019.01.03-17.16.53:902][789]LogAIModule: Creating AISystem for world Minimal_Default
[2019.01.03-17.16.53:902][789]LogPlayLevel: PIE: World Init took: (0.001159s)
[2019.01.03-17.16.53:902][789]LogPlayLevel: PIE: Created PIE world by copying editor world from /Game/StarterContent/Maps/Minimal_Default.Minimal_Default to /Game/StarterContent/Maps/UEDPIE_0_Minimal_Default.Minimal_Default (0.005259s)
[2019.01.03-17.16.53:975][789]LogInit: XAudio2 using 'Headset Earphone (Razer ManO'War)' : 2 channels at 48 kHz using 16 bits per sample (channel mask 0x3)
[2019.01.03-17.16.54:036][789]LogInit: FAudioDevice initialized.
[2019.01.03-17.16.54:085][789]LogLoad: Game class is 'FightingGameMode_C'
[2019.01.03-17.16.54:087][789]LogWorld: Bringing World /Game/StarterContent/Maps/UEDPIE_0_Minimal_Default.Minimal_Default up for play (max tick rate 0) at 2019.01.03-17.16.54
[2019.01.03-17.16.54:088][789]LogWorld: Bringing up level for play took: 0.000933
[2019.01.03-17.16.54:108][789]LogContentBrowser: Native class hierarchy updated for 'MovieSceneCapture' in 0.0004 seconds. Added 10 classes and 0 folders.
[2019.01.03-17.16.54:111][789]LogSlate: New Slate User Created.  User Index 1, Is Virtual User: 0
[2019.01.03-17.16.54:111][789]LogSlate: Slate User Registered.  User Index 1, Is Virtual User: 0
[2019.01.03-17.16.54:115][789]PIE: Play in editor start time for /Game/StarterContent/Maps/UEDPIE_0_Minimal_Default 0.986
[2019.01.03-17.16.54:115][789]LogBlueprintUserMessages: Late PlayInEditor Detection: Level '/Game/StarterContent/Maps/Minimal_Default.Minimal_Default:PersistentLevel' has LevelScriptBlueprint '/Game/StarterContent/Maps/Minimal_Default.Minimal_Default:PersistentLevel.Minimal_Default' with GeneratedClass '/Game/StarterContent/Maps/Minimal_Default.Minimal_Default_C' with ClassGeneratedBy '/Game/StarterContent/Maps/Minimal_Default.Minimal_Default:PersistentLevel.Minimal_Default'
[2019.01.03-17.17.07:610][400]LogBlueprintUserMessages: Early EndPlayMap Detection: Level '/Game/StarterContent/Maps/Minimal_Default.Minimal_Default:PersistentLevel' has LevelScriptBlueprint '/Game/StarterContent/Maps/Minimal_Default.Minimal_Default:PersistentLevel.Minimal_Default' with GeneratedClass '/Game/StarterContent/Maps/Minimal_Default.Minimal_Default_C' with ClassGeneratedBy '/Game/StarterContent/Maps/Minimal_Default.Minimal_Default:PersistentLevel.Minimal_Default'
[2019.01.03-17.17.07:610][400]LogSlate: Updating window title bar state: overlay mode, drag disabled, window buttons hidden, title bar hidden
[2019.01.03-17.17.07:653][400]LogPlayLevel: Display: Shutting down PIE online subsystems
[2019.01.03-17.17.07:653][400]LogBlueprintUserMessages: Late EndPlayMap Detection: Level '/Game/StarterContent/Maps/Minimal_Default.Minimal_Default:PersistentLevel' has LevelScriptBlueprint '/Game/StarterContent/Maps/Minimal_Default.Minimal_Default:PersistentLevel.Minimal_Default' with GeneratedClass '/Game/StarterContent/Maps/Minimal_Default.Minimal_Default_C' with ClassGeneratedBy '/Game/StarterContent/Maps/Minimal_Default.Minimal_Default:PersistentLevel.Minimal_Default'
[2019.01.03-17.17.07:673][400]LogSlate: Updating window title bar state: overlay mode, drag disabled, window buttons hidden, title bar hidden
[2019.01.03-17.17.07:716][404]LogPlayLevel: Display: Destroying online subsystem :Context_2
[2019.01.03-17.17.08:500][496]LogSlate: FSceneViewport::OnFocusLost() reason 0
[2019.01.03-17.17.08:558][503]LogTemp: Repeating last play command: Selected Viewport
[2019.01.03-17.17.08:571][503]LogBlueprintUserMessages: Early PlayInEditor Detection: Level '/Game/StarterContent/Maps/Minimal_Default.Minimal_Default:PersistentLevel' has LevelScriptBlueprint '/Game/StarterContent/Maps/Minimal_Default.Minimal_Default:PersistentLevel.Minimal_Default' with GeneratedClass '/Game/StarterContent/Maps/Minimal_Default.Minimal_Default_C' with ClassGeneratedBy '/Game/StarterContent/Maps/Minimal_Default.Minimal_Default:PersistentLevel.Minimal_Default'
[2019.01.03-17.17.08:571][503]LogPlayLevel: PlayLevel: No blueprints needed recompiling
[2019.01.03-17.17.08:572][503]PIE: New page: PIE session: Minimal_Default (Jan 3, 2019, 5:17:08 PM)
[2019.01.03-17.17.08:572][503]LogPlayLevel: Creating play world package: /Game/StarterContent/Maps/UEDPIE_0_Minimal_Default
[2019.01.03-17.17.08:576][503]LogPlayLevel: PIE: StaticDuplicateObject took: (0.003739s)
[2019.01.03-17.17.08:577][503]LogAIModule: Creating AISystem for world Minimal_Default
[2019.01.03-17.17.08:577][503]LogPlayLevel: PIE: World Init took: (0.001023s)
[2019.01.03-17.17.08:577][503]LogPlayLevel: PIE: Created PIE world by copying editor world from /Game/StarterContent/Maps/Minimal_Default.Minimal_Default to /Game/StarterContent/Maps/UEDPIE_0_Minimal_Default.Minimal_Default (0.005186s)
[2019.01.03-17.17.08:651][503]LogInit: XAudio2 using 'Headset Earphone (Razer ManO'War)' : 2 channels at 48 kHz using 16 bits per sample (channel mask 0x3)
[2019.01.03-17.17.08:725][503]LogInit: FAudioDevice initialized.
[2019.01.03-17.17.08:776][503]LogLoad: Game class is 'FightingGameMode_C'
[2019.01.03-17.17.08:778][503]LogWorld: Bringing World /Game/StarterContent/Maps/UEDPIE_0_Minimal_Default.Minimal_Default up for play (max tick rate 0) at 2019.01.03-17.17.08
[2019.01.03-17.17.08:778][503]LogWorld: Bringing up level for play took: 0.000899
[2019.01.03-17.17.08:796][503]PIE: Play in editor start time for /Game/StarterContent/Maps/UEDPIE_0_Minimal_Default -0.333
[2019.01.03-17.17.08:796][503]LogBlueprintUserMessages: Late PlayInEditor Detection: Level '/Game/StarterContent/Maps/Minimal_Default.Minimal_Default:PersistentLevel' has LevelScriptBlueprint '/Game/StarterContent/Maps/Minimal_Default.Minimal_Default:PersistentLevel.Minimal_Default' with GeneratedClass '/Game/StarterContent/Maps/Minimal_Default.Minimal_Default_C' with ClassGeneratedBy '/Game/StarterContent/Maps/Minimal_Default.Minimal_Default:PersistentLevel.Minimal_Default'
[2019.01.03-17.17.19:181][746]LogBlueprintUserMessages: Early EndPlayMap Detection: Level '/Game/StarterContent/Maps/Minimal_Default.Minimal_Default:PersistentLevel' has LevelScriptBlueprint '/Game/StarterContent/Maps/Minimal_Default.Minimal_Default:PersistentLevel.Minimal_Default' with GeneratedClass '/Game/StarterContent/Maps/Minimal_Default.Minimal_Default_C' with ClassGeneratedBy '/Game/StarterContent/Maps/Minimal_Default.Minimal_Default:PersistentLevel.Minimal_Default'
[2019.01.03-17.17.19:181][746]LogSlate: Updating window title bar state: overlay mode, drag disabled, window buttons hidden, title bar hidden
[2019.01.03-17.17.19:218][746]LogPlayLevel: Display: Shutting down PIE online subsystems
[2019.01.03-17.17.19:219][746]LogBlueprintUserMessages: Late EndPlayMap Detection: Level '/Game/StarterContent/Maps/Minimal_Default.Minimal_Default:PersistentLevel' has LevelScriptBlueprint '/Game/StarterContent/Maps/Minimal_Default.Minimal_Default:PersistentLevel.Minimal_Default' with GeneratedClass '/Game/StarterContent/Maps/Minimal_Default.Minimal_Default_C' with ClassGeneratedBy '/Game/StarterContent/Maps/Minimal_Default.Minimal_Default:PersistentLevel.Minimal_Default'
[2019.01.03-17.17.19:240][746]LogSlate: Updating window title bar state: overlay mode, drag disabled, window buttons hidden, title bar hidden
[2019.01.03-17.17.19:284][750]LogPlayLevel: Display: Destroying online subsystem :Context_3
[2019.01.03-17.17.20:555][898]LogSlate: FSceneViewport::OnFocusLost() reason 0
[2019.01.03-17.17.24:383][342]LogAssetEditorManager: Opening Asset editor for Blueprint /Game/MyPlayer_Mutant.MyPlayer_Mutant
[2019.01.03-17.17.24:756][342]LogContentBrowser: Native class hierarchy updated for 'BlueprintGraph' in 0.0007 seconds. Added 116 classes and 0 folders.
[2019.01.03-17.17.26:653][473]LogAssetEditorManager: Opening Asset editor for Blueprint /Game/MyPlayer_Eve.MyPlayer_Eve
[2019.01.03-17.17.26:933][473]LogSlate: Took 0.000230 seconds to synchronously load lazily loaded font '../../../Engine/Content/Slate/Fonts/Roboto-BoldCondensed.ttf' (158K)
[2019.01.03-17.17.27:063][474]LogSlate: Took 0.000180 seconds to synchronously load lazily loaded font '../../../Engine/Content/Slate/Fonts/Roboto-Italic.ttf' (157K)
[2019.01.03-17.17.28:692][651]LogAssetEditorManager: Opening Asset editor for Blueprint /Game/MyPlayer_Mutant.MyPlayer_Mutant
[2019.01.03-17.18.02:628][571]LogEditorTransaction: Undo Paste clipboard contents
[2019.01.03-17.18.10:888][522]Cmd: OBJ SAVEPACKAGE PACKAGE="/Game/MyPlayer_Mutant" FILE="../../../../../../Git/FightingGame/FightingGame/Content/MyPlayer_Mutant.uasset" SILENT=true
[2019.01.03-17.18.10:972][522]LogSavePackage: Moving '../../../../../../Git/FightingGame/FightingGame/Saved/MyPlayer_Mutant98390F3B4EF921182CC133A550C39346.tmp' to '../../../../../../Git/FightingGame/FightingGame/Content/MyPlayer_Mutant.uasset'
[2019.01.03-17.18.11:898][629]BlueprintLog: New page: Compile MyPlayer_Mutant
[2019.01.03-17.18.17:377][253]LogTemp: Repeating last play command: Selected Viewport
[2019.01.03-17.18.17:401][253]LogBlueprintUserMessages: Early PlayInEditor Detection: Level '/Game/StarterContent/Maps/Minimal_Default.Minimal_Default:PersistentLevel' has LevelScriptBlueprint '/Game/StarterContent/Maps/Minimal_Default.Minimal_Default:PersistentLevel.Minimal_Default' with GeneratedClass '/Game/StarterContent/Maps/Minimal_Default.Minimal_Default_C' with ClassGeneratedBy '/Game/StarterContent/Maps/Minimal_Default.Minimal_Default:PersistentLevel.Minimal_Default'
[2019.01.03-17.18.17:401][253]LogPlayLevel: PlayLevel: No blueprints needed recompiling
[2019.01.03-17.18.17:402][253]PIE: New page: PIE session: Minimal_Default (Jan 3, 2019, 5:18:17 PM)
[2019.01.03-17.18.17:402][253]LogPlayLevel: Creating play world package: /Game/StarterContent/Maps/UEDPIE_0_Minimal_Default
[2019.01.03-17.18.17:405][253]LogPlayLevel: PIE: StaticDuplicateObject took: (0.002946s)
[2019.01.03-17.18.17:406][253]LogAIModule: Creating AISystem for world Minimal_Default
[2019.01.03-17.18.17:406][253]LogPlayLevel: PIE: World Init took: (0.001052s)
[2019.01.03-17.18.17:406][253]LogPlayLevel: PIE: Created PIE world by copying editor world from /Game/StarterContent/Maps/Minimal_Default.Minimal_Default to /Game/StarterContent/Maps/UEDPIE_0_Minimal_Default.Minimal_Default (0.004370s)
[2019.01.03-17.18.17:490][253]LogInit: XAudio2 using 'Headset Earphone (Razer ManO'War)' : 2 channels at 48 kHz using 16 bits per sample (channel mask 0x3)
[2019.01.03-17.18.17:552][253]LogInit: FAudioDevice initialized.
[2019.01.03-17.18.17:591][253]LogLoad: Game class is 'FightingGameMode_C'
[2019.01.03-17.18.17:592][253]LogWorld: Bringing World /Game/StarterContent/Maps/UEDPIE_0_Minimal_Default.Minimal_Default up for play (max tick rate 0) at 2019.01.03-17.18.17
[2019.01.03-17.18.17:592][253]LogWorld: Bringing up level for play took: 0.001040
[2019.01.03-17.18.17:609][253]PIE: Play in editor start time for /Game/StarterContent/Maps/UEDPIE_0_Minimal_Default 0.481
[2019.01.03-17.18.17:610][253]LogBlueprintUserMessages: Late PlayInEditor Detection: Level '/Game/StarterContent/Maps/Minimal_Default.Minimal_Default:PersistentLevel' has LevelScriptBlueprint '/Game/StarterContent/Maps/Minimal_Default.Minimal_Default:PersistentLevel.Minimal_Default' with GeneratedClass '/Game/StarterContent/Maps/Minimal_Default.Minimal_Default_C' with ClassGeneratedBy '/Game/StarterContent/Maps/Minimal_Default.Minimal_Default:PersistentLevel.Minimal_Default'
[2019.01.03-17.18.22:700][861]LogBlueprintUserMessages: Early EndPlayMap Detection: Level '/Game/StarterContent/Maps/Minimal_Default.Minimal_Default:PersistentLevel' has LevelScriptBlueprint '/Game/StarterContent/Maps/Minimal_Default.Minimal_Default:PersistentLevel.Minimal_Default' with GeneratedClass '/Game/StarterContent/Maps/Minimal_Default.Minimal_Default_C' with ClassGeneratedBy '/Game/StarterContent/Maps/Minimal_Default.Minimal_Default:PersistentLevel.Minimal_Default'
[2019.01.03-17.18.22:701][861]LogSlate: Updating window title bar state: overlay mode, drag disabled, window buttons hidden, title bar hidden
[2019.01.03-17.18.22:743][861]LogPlayLevel: Display: Shutting down PIE online subsystems
[2019.01.03-17.18.22:743][861]LogBlueprintUserMessages: Late EndPlayMap Detection: Level '/Game/StarterContent/Maps/Minimal_Default.Minimal_Default:PersistentLevel' has LevelScriptBlueprint '/Game/StarterContent/Maps/Minimal_Default.Minimal_Default:PersistentLevel.Minimal_Default' with GeneratedClass '/Game/StarterContent/Maps/Minimal_Default.Minimal_Default_C' with ClassGeneratedBy '/Game/StarterContent/Maps/Minimal_Default.Minimal_Default:PersistentLevel.Minimal_Default'
[2019.01.03-17.18.22:771][861]LogSlate: Updating window title bar state: overlay mode, drag disabled, window buttons hidden, title bar hidden
[2019.01.03-17.18.22:807][864]LogPlayLevel: Display: Destroying online subsystem :Context_10
[2019.01.03-17.18.23:333][924]LogSlate: FSceneViewport::OnFocusLost() reason 2
[2019.01.03-17.18.23:550][924]LogSavePackage: Moving '../../../../../../Git/FightingGame/FightingGame/Saved/Minimal_DefaultF31BBB6B42CCAB90158DE696AD901397.tmp' to '../../../../../../Git/FightingGame/FightingGame/Content/StarterContent/Maps/Minimal_Default.umap'
[2019.01.03-17.18.23:651][924]LogSavePackage: Moving '../../../../../../Git/FightingGame/FightingGame/Saved/Minimal_Default_BuiltData14BA037B43BE82885526959C1A3995B6.tmp' to '../../../../../../Git/FightingGame/FightingGame/Content/StarterContent/Maps/Minimal_Default_BuiltData.uasset'
[2019.01.03-17.18.34:713][220]Cmd: OBJ SAVEPACKAGE PACKAGE="/Game/MyPlayer_Mutant" FILE="../../../../../../Git/FightingGame/FightingGame/Content/MyPlayer_Mutant.uasset" SILENT=true
[2019.01.03-17.18.34:801][220]LogSavePackage: Moving '../../../../../../Git/FightingGame/FightingGame/Saved/MyPlayer_Mutant9BB2D51040E78733AB67E9B68856E96B.tmp' to '../../../../../../Git/FightingGame/FightingGame/Content/MyPlayer_Mutant.uasset'
[2019.01.03-17.18.35:661][321]BlueprintLog: New page: Compile MyPlayer_Mutant
[2019.01.03-17.18.37:424][513]LogTemp: Repeating last play command: Selected Viewport
[2019.01.03-17.18.37:446][513]LogBlueprintUserMessages: Early PlayInEditor Detection: Level '/Game/StarterContent/Maps/Minimal_Default.Minimal_Default:PersistentLevel' has LevelScriptBlueprint '/Game/StarterContent/Maps/Minimal_Default.Minimal_Default:PersistentLevel.Minimal_Default' with GeneratedClass '/Game/StarterContent/Maps/Minimal_Default.Minimal_Default_C' with ClassGeneratedBy '/Game/StarterContent/Maps/Minimal_Default.Minimal_Default:PersistentLevel.Minimal_Default'
[2019.01.03-17.18.37:446][513]LogPlayLevel: PlayLevel: No blueprints needed recompiling
[2019.01.03-17.18.37:446][513]PIE: New page: PIE session: Minimal_Default (Jan 3, 2019, 5:18:37 PM)
[2019.01.03-17.18.37:447][513]LogPlayLevel: Creating play world package: /Game/StarterContent/Maps/UEDPIE_0_Minimal_Default
[2019.01.03-17.18.37:450][513]LogPlayLevel: PIE: StaticDuplicateObject took: (0.002942s)
[2019.01.03-17.18.37:450][513]LogAIModule: Creating AISystem for world Minimal_Default
[2019.01.03-17.18.37:451][513]LogPlayLevel: PIE: World Init took: (0.000953s)
[2019.01.03-17.18.37:451][513]LogPlayLevel: PIE: Created PIE world by copying editor world from /Game/StarterContent/Maps/Minimal_Default.Minimal_Default to /Game/StarterContent/Maps/UEDPIE_0_Minimal_Default.Minimal_Default (0.004286s)
[2019.01.03-17.18.37:540][513]LogInit: XAudio2 using 'Headset Earphone (Razer ManO'War)' : 2 channels at 48 kHz using 16 bits per sample (channel mask 0x3)
[2019.01.03-17.18.37:601][513]LogInit: FAudioDevice initialized.
[2019.01.03-17.18.37:639][513]LogLoad: Game class is 'FightingGameMode_C'
[2019.01.03-17.18.37:640][513]LogWorld: Bringing World /Game/StarterContent/Maps/UEDPIE_0_Minimal_Default.Minimal_Default up for play (max tick rate 0) at 2019.01.03-17.18.37
[2019.01.03-17.18.37:641][513]LogWorld: Bringing up level for play took: 0.001182
[2019.01.03-17.18.37:659][513]PIE: Play in editor start time for /Game/StarterContent/Maps/UEDPIE_0_Minimal_Default 0.53
[2019.01.03-17.18.37:659][513]LogBlueprintUserMessages: Late PlayInEditor Detection: Level '/Game/StarterContent/Maps/Minimal_Default.Minimal_Default:PersistentLevel' has LevelScriptBlueprint '/Game/StarterContent/Maps/Minimal_Default.Minimal_Default:PersistentLevel.Minimal_Default' with GeneratedClass '/Game/StarterContent/Maps/Minimal_Default.Minimal_Default_C' with ClassGeneratedBy '/Game/StarterContent/Maps/Minimal_Default.Minimal_Default:PersistentLevel.Minimal_Default'
[2019.01.03-17.18.59:237][ 99]LogBlueprintUserMessages: Early EndPlayMap Detection: Level '/Game/StarterContent/Maps/Minimal_Default.Minimal_Default:PersistentLevel' has LevelScriptBlueprint '/Game/StarterContent/Maps/Minimal_Default.Minimal_Default:PersistentLevel.Minimal_Default' with GeneratedClass '/Game/StarterContent/Maps/Minimal_Default.Minimal_Default_C' with ClassGeneratedBy '/Game/StarterContent/Maps/Minimal_Default.Minimal_Default:PersistentLevel.Minimal_Default'
[2019.01.03-17.18.59:237][ 99]LogSlate: Updating window title bar state: overlay mode, drag disabled, window buttons hidden, title bar hidden
[2019.01.03-17.18.59:283][ 99]LogPlayLevel: Display: Shutting down PIE online subsystems
[2019.01.03-17.18.59:283][ 99]LogBlueprintUserMessages: Late EndPlayMap Detection: Level '/Game/StarterContent/Maps/Minimal_Default.Minimal_Default:PersistentLevel' has LevelScriptBlueprint '/Game/StarterContent/Maps/Minimal_Default.Minimal_Default:PersistentLevel.Minimal_Default' with GeneratedClass '/Game/StarterContent/Maps/Minimal_Default.Minimal_Default_C' with ClassGeneratedBy '/Game/StarterContent/Maps/Minimal_Default.Minimal_Default:PersistentLevel.Minimal_Default'
[2019.01.03-17.18.59:311][ 99]LogSlate: Updating window title bar state: overlay mode, drag disabled, window buttons hidden, title bar hidden
[2019.01.03-17.18.59:339][101]LogPlayLevel: Display: Destroying online subsystem :Context_11
[2019.01.03-17.18.59:853][161]LogSlate: FSceneViewport::OnFocusLost() reason 0
[2019.01.03-17.19.22:425][742]Cmd: OBJ SAVEPACKAGE PACKAGE="/Game/MyPlayer_Mutant" FILE="../../../../../../Git/FightingGame/FightingGame/Content/MyPlayer_Mutant.uasset" SILENT=true
[2019.01.03-17.19.22:503][742]LogSavePackage: Moving '../../../../../../Git/FightingGame/FightingGame/Saved/MyPlayer_Mutant22B006E742B79C6CE2C88BB0E87652A0.tmp' to '../../../../../../Git/FightingGame/FightingGame/Content/MyPlayer_Mutant.uasset'
[2019.01.03-17.19.24:901][905]LogTemp: Repeating last play command: Selected Viewport
[2019.01.03-17.19.24:921][905]LogBlueprintUserMessages: Early PlayInEditor Detection: Level '/Game/StarterContent/Maps/Minimal_Default.Minimal_Default:PersistentLevel' has LevelScriptBlueprint '/Game/StarterContent/Maps/Minimal_Default.Minimal_Default:PersistentLevel.Minimal_Default' with GeneratedClass '/Game/StarterContent/Maps/Minimal_Default.Minimal_Default_C' with ClassGeneratedBy '/Game/StarterContent/Maps/Minimal_Default.Minimal_Default:PersistentLevel.Minimal_Default'
[2019.01.03-17.19.24:921][905]BlueprintLog: New page: Pre-Play auto-recompile
[2019.01.03-17.19.24:926][905]LogPlayLevel: [PlayLevel] Compiling MyPlayer_Mutant before play...
[2019.01.03-17.19.25:068][905]LogPlayLevel: PlayLevel: Blueprint regeneration took 146 ms (1 blueprints)
[2019.01.03-17.19.25:068][905]PIE: New page: PIE session: Minimal_Default (Jan 3, 2019, 5:19:25 PM)
[2019.01.03-17.19.25:068][905]LogPlayLevel: Creating play world package: /Game/StarterContent/Maps/UEDPIE_0_Minimal_Default
[2019.01.03-17.19.25:071][905]LogPlayLevel: PIE: StaticDuplicateObject took: (0.002837s)
[2019.01.03-17.19.25:072][905]LogAIModule: Creating AISystem for world Minimal_Default
[2019.01.03-17.19.25:072][905]LogPlayLevel: PIE: World Init took: (0.000941s)
[2019.01.03-17.19.25:072][905]LogPlayLevel: PIE: Created PIE world by copying editor world from /Game/StarterContent/Maps/Minimal_Default.Minimal_Default to /Game/StarterContent/Maps/UEDPIE_0_Minimal_Default.Minimal_Default (0.004246s)
[2019.01.03-17.19.25:148][905]LogInit: XAudio2 using 'Headset Earphone (Razer ManO'War)' : 2 channels at 48 kHz using 16 bits per sample (channel mask 0x3)
[2019.01.03-17.19.25:208][905]LogInit: FAudioDevice initialized.
[2019.01.03-17.19.25:244][905]LogLoad: Game class is 'FightingGameMode_C'
[2019.01.03-17.19.25:245][905]LogWorld: Bringing World /Game/StarterContent/Maps/UEDPIE_0_Minimal_Default.Minimal_Default up for play (max tick rate 0) at 2019.01.03-17.19.25
[2019.01.03-17.19.25:246][905]LogWorld: Bringing up level for play took: 0.000888
[2019.01.03-17.19.25:262][905]PIE: Play in editor start time for /Game/StarterContent/Maps/UEDPIE_0_Minimal_Default 0.134
[2019.01.03-17.19.25:263][905]LogBlueprintUserMessages: Late PlayInEditor Detection: Level '/Game/StarterContent/Maps/Minimal_Default.Minimal_Default:PersistentLevel' has LevelScriptBlueprint '/Game/StarterContent/Maps/Minimal_Default.Minimal_Default:PersistentLevel.Minimal_Default' with GeneratedClass '/Game/StarterContent/Maps/Minimal_Default.Minimal_Default_C' with ClassGeneratedBy '/Game/StarterContent/Maps/Minimal_Default.Minimal_Default:PersistentLevel.Minimal_Default'
[2019.01.03-17.19.55:089][479]LogBlueprintUserMessages: Early EndPlayMap Detection: Level '/Game/StarterContent/Maps/Minimal_Default.Minimal_Default:PersistentLevel' has LevelScriptBlueprint '/Game/StarterContent/Maps/Minimal_Default.Minimal_Default:PersistentLevel.Minimal_Default' with GeneratedClass '/Game/StarterContent/Maps/Minimal_Default.Minimal_Default_C' with ClassGeneratedBy '/Game/StarterContent/Maps/Minimal_Default.Minimal_Default:PersistentLevel.Minimal_Default'
[2019.01.03-17.19.55:090][479]LogSlate: Updating window title bar state: overlay mode, drag disabled, window buttons hidden, title bar hidden
[2019.01.03-17.19.55:128][479]LogPlayLevel: Display: Shutting down PIE online subsystems
[2019.01.03-17.19.55:128][479]LogBlueprintUserMessages: Late EndPlayMap Detection: Level '/Game/StarterContent/Maps/Minimal_Default.Minimal_Default:PersistentLevel' has LevelScriptBlueprint '/Game/StarterContent/Maps/Minimal_Default.Minimal_Default:PersistentLevel.Minimal_Default' with GeneratedClass '/Game/StarterContent/Maps/Minimal_Default.Minimal_Default_C' with ClassGeneratedBy '/Game/StarterContent/Maps/Minimal_Default.Minimal_Default:PersistentLevel.Minimal_Default'
[2019.01.03-17.19.55:154][479]LogSlate: Updating window title bar state: overlay mode, drag disabled, window buttons hidden, title bar hidden
[2019.01.03-17.19.55:191][482]LogPlayLevel: Display: Destroying online subsystem :Context_12
[2019.01.03-17.19.59:612][  8]LogSlate: FSceneViewport::OnFocusLost() reason 2
[2019.01.03-17.19.59:837][  8]LogSavePackage: Moving '../../../../../../Git/FightingGame/FightingGame/Saved/Minimal_DefaultB46DD40845A0ADB1274957A36ED8EF6F.tmp' to '../../../../../../Git/FightingGame/FightingGame/Content/StarterContent/Maps/Minimal_Default.umap'
[2019.01.03-17.19.59:945][  8]LogSavePackage: Moving '../../../../../../Git/FightingGame/FightingGame/Saved/Minimal_Default_BuiltData8DBE3249414599A0BBF50789ED917D51.tmp' to '../../../../../../Git/FightingGame/FightingGame/Content/StarterContent/Maps/Minimal_Default_BuiltData.uasset'
[2019.01.03-17.20.02:320][280]LogSlate: FSceneViewport::OnFocusLost() reason 0
[2019.01.03-17.20.03:299][386]LogActorComponent: UnregisterComponent: (/Engine/Transient.EditorFloorComp) Not registered. Aborting.
[2019.01.03-17.20.06:255][728]LogAssetEditorManager: Opening Asset editor for WidgetBlueprint /Game/UI/CharacterUI.CharacterUI
[2019.01.03-17.20.30:058][138]Cmd: OBJ SAVEPACKAGE PACKAGE="/Game/UI/CharacterUI" FILE="../../../../../../Git/FightingGame/FightingGame/Content/UI/CharacterUI.uasset" SILENT=true
[2019.01.03-17.20.30:164][138]LogSavePackage: Moving '../../../../../../Git/FightingGame/FightingGame/Saved/CharacterUI494CB3AC41CF4C777E6A0382C288809F.tmp' to '../../../../../../Git/FightingGame/FightingGame/Content/UI/CharacterUI.uasset'
[2019.01.03-17.20.34:255][586]Cmd: OBJ SAVEPACKAGE PACKAGE="/Game/UI/CharacterUI" FILE="../../../../../../Git/FightingGame/FightingGame/Content/UI/CharacterUI.uasset" SILENT=true
[2019.01.03-17.20.34:359][586]LogSavePackage: Moving '../../../../../../Git/FightingGame/FightingGame/Saved/CharacterUIAC7FF9884DA0863175B54381363A55EC.tmp' to '../../../../../../Git/FightingGame/FightingGame/Content/UI/CharacterUI.uasset'
[2019.01.03-17.20.36:379][790]BlueprintLog: New page: Compile CharacterUI
[2019.01.03-17.20.37:779][917]LogTemp: Repeating last play command: Selected Viewport
[2019.01.03-17.20.37:798][917]LogBlueprintUserMessages: Early PlayInEditor Detection: Level '/Game/StarterContent/Maps/Minimal_Default.Minimal_Default:PersistentLevel' has LevelScriptBlueprint '/Game/StarterContent/Maps/Minimal_Default.Minimal_Default:PersistentLevel.Minimal_Default' with GeneratedClass '/Game/StarterContent/Maps/Minimal_Default.Minimal_Default_C' with ClassGeneratedBy '/Game/StarterContent/Maps/Minimal_Default.Minimal_Default:PersistentLevel.Minimal_Default'
[2019.01.03-17.20.37:799][917]LogPlayLevel: PlayLevel: No blueprints needed recompiling
[2019.01.03-17.20.37:799][917]PIE: New page: PIE session: Minimal_Default (Jan 3, 2019, 5:20:37 PM)
[2019.01.03-17.20.37:799][917]LogPlayLevel: Creating play world package: /Game/StarterContent/Maps/UEDPIE_0_Minimal_Default
[2019.01.03-17.20.37:802][917]LogPlayLevel: PIE: StaticDuplicateObject took: (0.002541s)
[2019.01.03-17.20.37:802][917]LogAIModule: Creating AISystem for world Minimal_Default
[2019.01.03-17.20.37:802][917]LogPlayLevel: PIE: World Init took: (0.000745s)
[2019.01.03-17.20.37:803][917]LogPlayLevel: PIE: Created PIE world by copying editor world from /Game/StarterContent/Maps/Minimal_Default.Minimal_Default to /Game/StarterContent/Maps/UEDPIE_0_Minimal_Default.Minimal_Default (0.003603s)
[2019.01.03-17.20.37:880][917]LogInit: XAudio2 using 'Headset Earphone (Razer ManO'War)' : 2 channels at 48 kHz using 16 bits per sample (channel mask 0x3)
[2019.01.03-17.20.37:944][917]LogInit: FAudioDevice initialized.
[2019.01.03-17.20.37:981][917]LogLoad: Game class is 'FightingGameMode_C'
[2019.01.03-17.20.37:982][917]LogWorld: Bringing World /Game/StarterContent/Maps/UEDPIE_0_Minimal_Default.Minimal_Default up for play (max tick rate 0) at 2019.01.03-17.20.37
[2019.01.03-17.20.37:983][917]LogWorld: Bringing up level for play took: 0.000974
[2019.01.03-17.20.38:000][917]PIE: Play in editor start time for /Game/StarterContent/Maps/UEDPIE_0_Minimal_Default 0.871
[2019.01.03-17.20.38:000][917]LogBlueprintUserMessages: Late PlayInEditor Detection: Level '/Game/StarterContent/Maps/Minimal_Default.Minimal_Default:PersistentLevel' has LevelScriptBlueprint '/Game/StarterContent/Maps/Minimal_Default.Minimal_Default:PersistentLevel.Minimal_Default' with GeneratedClass '/Game/StarterContent/Maps/Minimal_Default.Minimal_Default_C' with ClassGeneratedBy '/Game/StarterContent/Maps/Minimal_Default.Minimal_Default:PersistentLevel.Minimal_Default'
[2019.01.03-17.20.50:345][484]LogBlueprintUserMessages: Early EndPlayMap Detection: Level '/Game/StarterContent/Maps/Minimal_Default.Minimal_Default:PersistentLevel' has LevelScriptBlueprint '/Game/StarterContent/Maps/Minimal_Default.Minimal_Default:PersistentLevel.Minimal_Default' with GeneratedClass '/Game/StarterContent/Maps/Minimal_Default.Minimal_Default_C' with ClassGeneratedBy '/Game/StarterContent/Maps/Minimal_Default.Minimal_Default:PersistentLevel.Minimal_Default'
[2019.01.03-17.20.50:346][484]LogSlate: Updating window title bar state: overlay mode, drag disabled, window buttons hidden, title bar hidden
[2019.01.03-17.20.50:388][484]LogPlayLevel: Display: Shutting down PIE online subsystems
[2019.01.03-17.20.50:388][484]LogBlueprintUserMessages: Late EndPlayMap Detection: Level '/Game/StarterContent/Maps/Minimal_Default.Minimal_Default:PersistentLevel' has LevelScriptBlueprint '/Game/StarterContent/Maps/Minimal_Default.Minimal_Default:PersistentLevel.Minimal_Default' with GeneratedClass '/Game/StarterContent/Maps/Minimal_Default.Minimal_Default_C' with ClassGeneratedBy '/Game/StarterContent/Maps/Minimal_Default.Minimal_Default:PersistentLevel.Minimal_Default'
[2019.01.03-17.20.50:411][484]LogSlate: Updating window title bar state: overlay mode, drag disabled, window buttons hidden, title bar hidden
[2019.01.03-17.20.50:454][486]LogPlayLevel: Display: Destroying online subsystem :Context_15
[2019.01.03-17.20.52:564][722]LogSlate: FSceneViewport::OnFocusLost() reason 0
[2019.01.03-17.20.53:021][767]LogSlate: Window 'CharacterUI' being destroyed
[2019.01.03-17.20.53:487][822]LogSlate: FSceneViewport::OnFocusLost() reason 0
[2019.01.03-17.21.37:064][ 15]Candidate modules for hot reload:
[2019.01.03-17.21.37:064][ 15]  FightingGame
[2019.01.03-17.21.37:064][ 15]Launching UnrealBuildTool... [D:/Program Files/Epic Games/UE_4.20/Engine/Binaries/DotNET/UnrealBuildTool.exe  -ModuleWithSuffix=FightingGame,792 Win64 Development -TargetType=Editor -Project="../../../../../../Git/FightingGame/FightingGame/FightingGame.uproject" -canskiplink "D:/Git/FightingGame/FightingGame/FightingGame.uproject" ]
[2019.01.03-17.21.37:066][ 15]Warning: Starting HotReload took  0.2s.
[2019.01.03-17.22.29:864][230]CompilerResultsLog: New page: Compilation - Jan 3, 2019, 5:22:29 PM
[2019.01.03-17.22.29:865][230]CompilerResultsLog: Using 'git status' to determine working set for adaptive non-unity build.
[2019.01.03-17.22.29:865][230]CompilerResultsLog: Creating makefile for hot reloading FightingGameEditor (ini files are newer than UBTMakefile)
[2019.01.03-17.22.29:865][230]CompilerResultsLog: Compiling game modules for hot reload
[2019.01.03-17.22.29:865][230]CompilerResultsLog: Using Visual Studio 2017 14.14.26428 toolchain (D:\Program Files (x86)\Microsoft Visual Studio\2017\Community\VC\Tools\MSVC\14.14.26428) and Windows 10.0.17134.0 SDK (C:\Program Files (x86)\Windows Kits\10).
[2019.01.03-17.22.29:865][230]CompilerResultsLog: Building 4 actions with 8 processes...
[2019.01.03-17.22.29:865][230]CompilerResultsLog:   [1/4] Player_Mutant.cpp
[2019.01.03-17.22.29:865][230]CompilerResultsLog:   [2/4] Player_Base.cpp
[2019.01.03-17.22.29:865][230]CompilerResultsLog:   [3/4] UE4Editor-FightingGame-792.lib
[2019.01.03-17.22.29:865][230]CompilerResultsLog:      Creating library D:\Git\FightingGame\FightingGame\Intermediate\Build\Win64\UE4Editor\Development\FightingGame\UE4Editor-FightingGame-792.lib and object D:\Git\FightingGame\FightingGame\Intermediate\Build\Win64\UE4Editor\Development\FightingGame\UE4Editor-FightingGame-792.exp
[2019.01.03-17.22.29:865][230]CompilerResultsLog:   [4/4] UE4Editor-FightingGame-792.dll
[2019.01.03-17.22.29:865][230]CompilerResultsLog:      Creating library D:\Git\FightingGame\FightingGame\Intermediate\Build\Win64\UE4Editor\Development\FightingGame\UE4Editor-FightingGame-792.suppressed.lib and object D:\Git\FightingGame\FightingGame\Intermediate\Build\Win64\UE4Editor\Development\FightingGame\UE4Editor-FightingGame-792.suppressed.exp
[2019.01.03-17.22.29:866][230]CompilerResultsLog: Total build time: 52.35 seconds (Parallel executor: 42.73 seconds)
[2019.01.03-17.22.29:866][230]LogMainFrame: MainFrame: Module compiling took 52.820 seconds
[2019.01.03-17.22.29:919][230]LogContentBrowser: Native class hierarchy updated for 'FightingGame' in 0.0005 seconds. Added 7 classes and 2 folders.
[2019.01.03-17.22.29:923][230]Display: HotReload successful (14 functions remapped  0 scriptstructs remapped)
[2019.01.03-17.22.30:299][230]LogContentBrowser: Native class hierarchy populated in 0.0080 seconds. Added 2580 classes and 607 folders.
[2019.01.03-17.22.30:299][230]Display: HotReload took 53.4s.
[2019.01.03-17.22.34:116][373]LogTemp: Repeating last play command: Selected Viewport
[2019.01.03-17.22.34:132][373]LogBlueprintUserMessages: Early PlayInEditor Detection: Level '/Game/StarterContent/Maps/Minimal_Default.Minimal_Default:PersistentLevel' has LevelScriptBlueprint '/Game/StarterContent/Maps/Minimal_Default.Minimal_Default:PersistentLevel.Minimal_Default' with GeneratedClass '/Game/StarterContent/Maps/Minimal_Default.Minimal_Default_C' with ClassGeneratedBy '/Game/StarterContent/Maps/Minimal_Default.Minimal_Default:PersistentLevel.Minimal_Default'
[2019.01.03-17.22.34:132][373]LogPlayLevel: PlayLevel: No blueprints needed recompiling
[2019.01.03-17.22.34:132][373]PIE: New page: PIE session: Minimal_Default (Jan 3, 2019, 5:22:34 PM)
[2019.01.03-17.22.34:133][373]LogPlayLevel: Creating play world package: /Game/StarterContent/Maps/UEDPIE_0_Minimal_Default
[2019.01.03-17.22.34:136][373]LogPlayLevel: PIE: StaticDuplicateObject took: (0.003064s)
[2019.01.03-17.22.34:136][373]LogAIModule: Creating AISystem for world Minimal_Default
[2019.01.03-17.22.34:137][373]LogPlayLevel: PIE: World Init took: (0.000966s)
[2019.01.03-17.22.34:137][373]LogPlayLevel: PIE: Created PIE world by copying editor world from /Game/StarterContent/Maps/Minimal_Default.Minimal_Default to /Game/StarterContent/Maps/UEDPIE_0_Minimal_Default.Minimal_Default (0.004470s)
[2019.01.03-17.22.34:250][373]LogInit: XAudio2 using 'Headset Earphone (Razer ManO'War)' : 2 channels at 48 kHz using 16 bits per sample (channel mask 0x3)
[2019.01.03-17.22.34:310][373]LogInit: FAudioDevice initialized.
[2019.01.03-17.22.34:343][373]LogLoad: Game class is 'FightingGameMode_C'
[2019.01.03-17.22.34:345][373]LogWorld: Bringing World /Game/StarterContent/Maps/UEDPIE_0_Minimal_Default.Minimal_Default up for play (max tick rate 0) at 2019.01.03-17.22.34
[2019.01.03-17.22.34:345][373]LogWorld: Bringing up level for play took: 0.000819
[2019.01.03-17.22.34:363][373]PIE: Play in editor start time for /Game/StarterContent/Maps/UEDPIE_0_Minimal_Default -0.765
[2019.01.03-17.22.34:363][373]LogBlueprintUserMessages: Late PlayInEditor Detection: Level '/Game/StarterContent/Maps/Minimal_Default.Minimal_Default:PersistentLevel' has LevelScriptBlueprint '/Game/StarterContent/Maps/Minimal_Default.Minimal_Default:PersistentLevel.Minimal_Default' with GeneratedClass '/Game/StarterContent/Maps/Minimal_Default.Minimal_Default_C' with ClassGeneratedBy '/Game/StarterContent/Maps/Minimal_Default.Minimal_Default:PersistentLevel.Minimal_Default'
[2019.01.03-17.22.39:628][  3]LogBlueprintUserMessages: Early EndPlayMap Detection: Level '/Game/StarterContent/Maps/Minimal_Default.Minimal_Default:PersistentLevel' has LevelScriptBlueprint '/Game/StarterContent/Maps/Minimal_Default.Minimal_Default:PersistentLevel.Minimal_Default' with GeneratedClass '/Game/StarterContent/Maps/Minimal_Default.Minimal_Default_C' with ClassGeneratedBy '/Game/StarterContent/Maps/Minimal_Default.Minimal_Default:PersistentLevel.Minimal_Default'
[2019.01.03-17.22.39:628][  3]LogSlate: Updating window title bar state: overlay mode, drag disabled, window buttons hidden, title bar hidden
[2019.01.03-17.22.39:665][  3]LogPlayLevel: Display: Shutting down PIE online subsystems
[2019.01.03-17.22.39:665][  3]LogBlueprintUserMessages: Late EndPlayMap Detection: Level '/Game/StarterContent/Maps/Minimal_Default.Minimal_Default:PersistentLevel' has LevelScriptBlueprint '/Game/StarterContent/Maps/Minimal_Default.Minimal_Default:PersistentLevel.Minimal_Default' with GeneratedClass '/Game/StarterContent/Maps/Minimal_Default.Minimal_Default_C' with ClassGeneratedBy '/Game/StarterContent/Maps/Minimal_Default.Minimal_Default:PersistentLevel.Minimal_Default'
[2019.01.03-17.22.39:693][  3]LogSlate: Updating window title bar state: overlay mode, drag disabled, window buttons hidden, title bar hidden
[2019.01.03-17.22.39:731][  5]LogPlayLevel: Display: Destroying online subsystem :Context_16
[2019.01.03-17.22.40:622][111]LogSlate: FSceneViewport::OnFocusLost() reason 0
[2019.01.03-17.22.40:697][120]LogTemp: Repeating last play command: Selected Viewport
[2019.01.03-17.22.40:711][120]LogBlueprintUserMessages: Early PlayInEditor Detection: Level '/Game/StarterContent/Maps/Minimal_Default.Minimal_Default:PersistentLevel' has LevelScriptBlueprint '/Game/StarterContent/Maps/Minimal_Default.Minimal_Default:PersistentLevel.Minimal_Default' with GeneratedClass '/Game/StarterContent/Maps/Minimal_Default.Minimal_Default_C' with ClassGeneratedBy '/Game/StarterContent/Maps/Minimal_Default.Minimal_Default:PersistentLevel.Minimal_Default'
[2019.01.03-17.22.40:711][120]LogPlayLevel: PlayLevel: No blueprints needed recompiling
[2019.01.03-17.22.40:711][120]PIE: New page: PIE session: Minimal_Default (Jan 3, 2019, 5:22:40 PM)
[2019.01.03-17.22.40:711][120]LogPlayLevel: Creating play world package: /Game/StarterContent/Maps/UEDPIE_0_Minimal_Default
[2019.01.03-17.22.40:714][120]LogPlayLevel: PIE: StaticDuplicateObject took: (0.002726s)
[2019.01.03-17.22.40:715][120]LogAIModule: Creating AISystem for world Minimal_Default
[2019.01.03-17.22.40:715][120]LogPlayLevel: PIE: World Init took: (0.000836s)
[2019.01.03-17.22.40:715][120]LogPlayLevel: PIE: Created PIE world by copying editor world from /Game/StarterContent/Maps/Minimal_Default.Minimal_Default to /Game/StarterContent/Maps/UEDPIE_0_Minimal_Default.Minimal_Default (0.003946s)
[2019.01.03-17.22.40:797][120]LogInit: XAudio2 using 'Headset Earphone (Razer ManO'War)' : 2 channels at 48 kHz using 16 bits per sample (channel mask 0x3)
[2019.01.03-17.22.40:857][120]LogInit: FAudioDevice initialized.
[2019.01.03-17.22.40:894][120]LogLoad: Game class is 'FightingGameMode_C'
[2019.01.03-17.22.40:896][120]LogWorld: Bringing World /Game/StarterContent/Maps/UEDPIE_0_Minimal_Default.Minimal_Default up for play (max tick rate 0) at 2019.01.03-17.22.40
[2019.01.03-17.22.40:896][120]LogWorld: Bringing up level for play took: 0.000999
[2019.01.03-17.22.40:913][120]PIE: Play in editor start time for /Game/StarterContent/Maps/UEDPIE_0_Minimal_Default -0.215
[2019.01.03-17.22.40:914][120]LogBlueprintUserMessages: Late PlayInEditor Detection: Level '/Game/StarterContent/Maps/Minimal_Default.Minimal_Default:PersistentLevel' has LevelScriptBlueprint '/Game/StarterContent/Maps/Minimal_Default.Minimal_Default:PersistentLevel.Minimal_Default' with GeneratedClass '/Game/StarterContent/Maps/Minimal_Default.Minimal_Default_C' with ClassGeneratedBy '/Game/StarterContent/Maps/Minimal_Default.Minimal_Default:PersistentLevel.Minimal_Default'
[2019.01.03-17.22.51:778][421]LogBlueprintUserMessages: Early EndPlayMap Detection: Level '/Game/StarterContent/Maps/Minimal_Default.Minimal_Default:PersistentLevel' has LevelScriptBlueprint '/Game/StarterContent/Maps/Minimal_Default.Minimal_Default:PersistentLevel.Minimal_Default' with GeneratedClass '/Game/StarterContent/Maps/Minimal_Default.Minimal_Default_C' with ClassGeneratedBy '/Game/StarterContent/Maps/Minimal_Default.Minimal_Default:PersistentLevel.Minimal_Default'
[2019.01.03-17.22.51:779][421]LogSlate: Updating window title bar state: overlay mode, drag disabled, window buttons hidden, title bar hidden
[2019.01.03-17.22.51:818][421]LogPlayLevel: Display: Shutting down PIE online subsystems
[2019.01.03-17.22.51:818][421]LogBlueprintUserMessages: Late EndPlayMap Detection: Level '/Game/StarterContent/Maps/Minimal_Default.Minimal_Default:PersistentLevel' has LevelScriptBlueprint '/Game/StarterContent/Maps/Minimal_Default.Minimal_Default:PersistentLevel.Minimal_Default' with GeneratedClass '/Game/StarterContent/Maps/Minimal_Default.Minimal_Default_C' with ClassGeneratedBy '/Game/StarterContent/Maps/Minimal_Default.Minimal_Default:PersistentLevel.Minimal_Default'
[2019.01.03-17.22.51:841][421]LogSlate: Updating window title bar state: overlay mode, drag disabled, window buttons hidden, title bar hidden
[2019.01.03-17.22.51:883][425]LogPlayLevel: Display: Destroying online subsystem :Context_17
[2019.01.03-17.22.56:956][ 30]LogSlate: FSceneViewport::OnFocusLost() reason 2
[2019.01.03-17.22.57:155][ 30]LogSavePackage: Moving '../../../../../../Git/FightingGame/FightingGame/Saved/Minimal_DefaultAC3E5D79435406CA69EAB2A132C056B6.tmp' to '../../../../../../Git/FightingGame/FightingGame/Content/StarterContent/Maps/Minimal_Default.umap'
[2019.01.03-17.22.57:248][ 30]LogSavePackage: Moving '../../../../../../Git/FightingGame/FightingGame/Saved/Minimal_Default_BuiltDataB88FC1E242E27AC8ABA91EBCF8CAF414.tmp' to '../../../../../../Git/FightingGame/FightingGame/Content/StarterContent/Maps/Minimal_Default_BuiltData.uasset'
[2019.01.03-17.22.58:376][163]LogSlate: FSceneViewport::OnFocusLost() reason 0
[2019.01.03-17.22.58:443][171]LogTemp: Repeating last play command: Selected Viewport
[2019.01.03-17.22.58:458][171]LogBlueprintUserMessages: Early PlayInEditor Detection: Level '/Game/StarterContent/Maps/Minimal_Default.Minimal_Default:PersistentLevel' has LevelScriptBlueprint '/Game/StarterContent/Maps/Minimal_Default.Minimal_Default:PersistentLevel.Minimal_Default' with GeneratedClass '/Game/StarterContent/Maps/Minimal_Default.Minimal_Default_C' with ClassGeneratedBy '/Game/StarterContent/Maps/Minimal_Default.Minimal_Default:PersistentLevel.Minimal_Default'
[2019.01.03-17.22.58:458][171]LogPlayLevel: PlayLevel: No blueprints needed recompiling
[2019.01.03-17.22.58:458][171]PIE: New page: PIE session: Minimal_Default (Jan 3, 2019, 5:22:58 PM)
[2019.01.03-17.22.58:458][171]LogPlayLevel: Creating play world package: /Game/StarterContent/Maps/UEDPIE_0_Minimal_Default
[2019.01.03-17.22.58:461][171]LogPlayLevel: PIE: StaticDuplicateObject took: (0.002636s)
[2019.01.03-17.22.58:461][171]LogAIModule: Creating AISystem for world Minimal_Default
[2019.01.03-17.22.58:462][171]LogPlayLevel: PIE: World Init took: (0.000773s)
[2019.01.03-17.22.58:462][171]LogPlayLevel: PIE: Created PIE world by copying editor world from /Game/StarterContent/Maps/Minimal_Default.Minimal_Default to /Game/StarterContent/Maps/UEDPIE_0_Minimal_Default.Minimal_Default (0.003706s)
[2019.01.03-17.22.58:530][171]LogInit: XAudio2 using 'Headset Earphone (Razer ManO'War)' : 2 channels at 48 kHz using 16 bits per sample (channel mask 0x3)
[2019.01.03-17.22.58:584][171]LogInit: FAudioDevice initialized.
[2019.01.03-17.22.58:616][171]LogLoad: Game class is 'FightingGameMode_C'
[2019.01.03-17.22.58:618][171]LogWorld: Bringing World /Game/StarterContent/Maps/UEDPIE_0_Minimal_Default.Minimal_Default up for play (max tick rate 0) at 2019.01.03-17.22.58
[2019.01.03-17.22.58:618][171]LogWorld: Bringing up level for play took: 0.000912
[2019.01.03-17.22.58:636][171]PIE: Play in editor start time for /Game/StarterContent/Maps/UEDPIE_0_Minimal_Default -0.492
[2019.01.03-17.22.58:636][171]LogBlueprintUserMessages: Late PlayInEditor Detection: Level '/Game/StarterContent/Maps/Minimal_Default.Minimal_Default:PersistentLevel' has LevelScriptBlueprint '/Game/StarterContent/Maps/Minimal_Default.Minimal_Default:PersistentLevel.Minimal_Default' with GeneratedClass '/Game/StarterContent/Maps/Minimal_Default.Minimal_Default_C' with ClassGeneratedBy '/Game/StarterContent/Maps/Minimal_Default.Minimal_Default:PersistentLevel.Minimal_Default'
[2019.01.03-17.23.16:124][265]LogBlueprintUserMessages: Early EndPlayMap Detection: Level '/Game/StarterContent/Maps/Minimal_Default.Minimal_Default:PersistentLevel' has LevelScriptBlueprint '/Game/StarterContent/Maps/Minimal_Default.Minimal_Default:PersistentLevel.Minimal_Default' with GeneratedClass '/Game/StarterContent/Maps/Minimal_Default.Minimal_Default_C' with ClassGeneratedBy '/Game/StarterContent/Maps/Minimal_Default.Minimal_Default:PersistentLevel.Minimal_Default'
[2019.01.03-17.23.16:125][265]LogSlate: Updating window title bar state: overlay mode, drag disabled, window buttons hidden, title bar hidden
[2019.01.03-17.23.16:167][265]LogPlayLevel: Display: Shutting down PIE online subsystems
[2019.01.03-17.23.16:167][265]LogBlueprintUserMessages: Late EndPlayMap Detection: Level '/Game/StarterContent/Maps/Minimal_Default.Minimal_Default:PersistentLevel' has LevelScriptBlueprint '/Game/StarterContent/Maps/Minimal_Default.Minimal_Default:PersistentLevel.Minimal_Default' with GeneratedClass '/Game/StarterContent/Maps/Minimal_Default.Minimal_Default_C' with ClassGeneratedBy '/Game/StarterContent/Maps/Minimal_Default.Minimal_Default:PersistentLevel.Minimal_Default'
[2019.01.03-17.23.16:191][265]LogSlate: Updating window title bar state: overlay mode, drag disabled, window buttons hidden, title bar hidden
[2019.01.03-17.23.16:225][268]LogPlayLevel: Display: Destroying online subsystem :Context_18
[2019.01.03-17.23.16:779][332]LogSlate: FSceneViewport::OnFocusLost() reason 2
[2019.01.03-17.23.16:972][332]LogSavePackage: Moving '../../../../../../Git/FightingGame/FightingGame/Saved/Minimal_DefaultE72B06D6483381815FEC4FB6CE33276E.tmp' to '../../../../../../Git/FightingGame/FightingGame/Content/StarterContent/Maps/Minimal_Default.umap'
[2019.01.03-17.23.17:066][332]LogSavePackage: Moving '../../../../../../Git/FightingGame/FightingGame/Saved/Minimal_Default_BuiltData7A1A866946C43B45173484A4808A554A.tmp' to '../../../../../../Git/FightingGame/FightingGame/Content/StarterContent/Maps/Minimal_Default_BuiltData.uasset'
[2019.01.03-17.23.18:727][522]LogSlate: FSceneViewport::OnFocusLost() reason 0
[2019.01.03-17.23.21:226][530]LogSlate: Window 'Save Content' being destroyed
[2019.01.03-17.23.21:257][530]Cmd: OBJ SAVEPACKAGE PACKAGE="/Game/FightingGameMode" FILE="../../../../../../Git/FightingGame/FightingGame/Content/FightingGameMode.uasset" SILENT=true
[2019.01.03-17.23.21:333][530]LogSavePackage: Moving '../../../../../../Git/FightingGame/FightingGame/Saved/FightingGameModeE31F72E74E5816647560EE922760A823.tmp' to '../../../../../../Git/FightingGame/FightingGame/Content/FightingGameMode.uasset'
[2019.01.03-17.23.21:413][530]LogSlate: Window 'FightingGame - Unreal Editor' being destroyed
[2019.01.03-17.23.21:413][530]LogWindowsTextInputMethodSystem: Display: IME system now deactivated.
[2019.01.03-17.23.21:600][531]Cmd: QUIT_EDITOR
[2019.01.03-17.23.22:169][531]LogExit: Preparing to exit.
[2019.01.03-17.23.22:940][531]LogDirectoryWatcher: A directory notification failed for 'D:/Git/FightingGame/FightingGame/Content/', and we were unable to create a new request.
[2019.01.03-17.23.22:976][531]LogExit: Editor shut down
[2019.01.03-17.23.22:977][531]LogExit: Transaction tracking system shut down
