Log file open, 11/19/18 17:23:28
LogWindows: Failed to load 'aqProf.dll' (GetLastError=126)
LogWindows: File 'aqProf.dll' does not exist
LogWindows: Failed to load 'VSPerf140.dll' (GetLastError=126)
LogWindows: File 'VSPerf140.dll' does not exist
LogWindows: Failed to load 'VtuneApi.dll' (GetLastError=126)
LogWindows: File 'VtuneApi.dll' does not exist
LogWindows: Failed to load 'VtuneApi32e.dll' (GetLastError=126)
LogWindows: File 'VtuneApi32e.dll' does not exist
LogInit: Display: Running engine for game: FightingGame
LogPlatformFile: Not using cached read wrapper
LogTaskGraph: Started task graph with 5 named threads and 23 total threads with 3 sets of task threads.
LogStats: Stats thread started at 0.387901
LogD3D11RHI: Loaded GFSDK_Aftermath_Lib.x64.dll
LogICUInternationalization: Display: ICU TimeZone Detection - Raw Offset: +0:00, Platform Override: ''
LogPluginManager: Mounting plugin Paper2D
LogPluginManager: Mounting plugin AISupport
LogPluginManager: Mounting plugin LightPropagationVolume
LogPluginManager: Mounting plugin CLionSourceCodeAccess
LogPluginManager: Mounting plugin CodeLiteSourceCodeAccess
LogPluginManager: Mounting plugin GitSourceControl
LogPluginManager: Mounting plugin KDevelopSourceCodeAccess
LogPluginManager: Mounting plugin NullSourceCodeAccess
LogPluginManager: Mounting plugin PerforceSourceControl
LogPluginManager: Mounting plugin SubversionSourceControl
LogPluginManager: Mounting plugin UObjectPlugin
LogPluginManager: Mounting plugin VisualStudioCodeSourceCodeAccess
LogPluginManager: Mounting plugin VisualStudioSourceCodeAccess
LogPluginManager: Mounting plugin XCodeSourceCodeAccess
LogPluginManager: Mounting plugin AssetManagerEditor
LogPluginManager: Mounting plugin CryptoKeys
LogPluginManager: Mounting plugin DataValidation
LogPluginManager: Mounting plugin FacialAnimation
LogPluginManager: Mounting plugin GameplayTagsEditor
LogPluginManager: Mounting plugin MacGraphicsSwitching
LogPluginManager: Mounting plugin MeshEditor
LogPluginManager: Mounting plugin MobileLauncherProfileWizard
LogPluginManager: Mounting plugin PluginBrowser
LogPluginManager: Mounting plugin SpeedTreeImporter
LogPluginManager: Mounting plugin DatasmithContent
LogPluginManager: Mounting plugin AlembicImporter
LogPluginManager: Mounting plugin AppleImageUtils
LogPluginManager: Mounting plugin AppleVision
LogPluginManager: Mounting plugin BackChannel
LogPluginManager: Mounting plugin CharacterAI
LogPluginManager: Mounting plugin GeometryCache
LogPluginManager: Mounting plugin HTML5Networking
LogPluginManager: Mounting plugin ProxyLODPlugin
LogPluginManager: Mounting plugin MagicLeap
LogPluginManager: Mounting plugin MagicLeapEmulator
LogPluginManager: Mounting plugin MagicLeapMedia
LogPluginManager: Mounting plugin AndroidMedia
LogPluginManager: Mounting plugin AvfMedia
LogPluginManager: Mounting plugin ImgMedia
LogPluginManager: Mounting plugin LinearTimecode
LogPluginManager: Mounting plugin MediaCompositing
LogPluginManager: Mounting plugin MediaPlayerEditor
LogPluginManager: Mounting plugin WmfMedia
LogPluginManager: Mounting plugin TcpMessaging
LogPluginManager: Mounting plugin UdpMessaging
LogPluginManager: Mounting plugin ActorSequence
LogPluginManager: Mounting plugin LevelSequenceEditor
LogPluginManager: Mounting plugin MatineeToLevelSequence
LogPluginManager: Mounting plugin NetcodeUnitTest
LogPluginManager: Mounting plugin NUTUnrealEngine4
LogPluginManager: Mounting plugin OnlineSubsystemGooglePlay
LogPluginManager: Mounting plugin OnlineSubsystemIOS
LogPluginManager: Mounting plugin OnlineSubsystem
LogPluginManager: Mounting plugin OnlineSubsystemNull
LogPluginManager: Mounting plugin OnlineSubsystemUtils
LogPluginManager: Mounting plugin LauncherChunkInstaller
LogPluginManager: Mounting plugin AndroidDeviceProfileSelector
LogPluginManager: Mounting plugin AndroidMoviePlayer
LogPluginManager: Mounting plugin AndroidPermission
LogPluginManager: Mounting plugin AppleMoviePlayer
LogPluginManager: Mounting plugin ArchVisCharacter
LogPluginManager: Mounting plugin AudioCapture
LogPluginManager: Mounting plugin CableComponent
LogPluginManager: Mounting plugin CustomMeshComponent
LogPluginManager: Mounting plugin EditableMesh
LogPluginManager: Mounting plugin ExampleDeviceProfileSelector
LogPluginManager: Mounting plugin GoogleCloudMessaging
LogPluginManager: Mounting plugin ImmediatePhysics
LogPluginManager: Mounting plugin IOSDeviceProfileSelector
LogPluginManager: Mounting plugin LinuxDeviceProfileSelector
LogPluginManager: Mounting plugin LocationServicesBPLibrary
LogPluginManager: Mounting plugin MobilePatchingUtils
LogPluginManager: Mounting plugin OculusVR
LogPluginManager: Plugin shader directory ../../../Engine/Plugins/Runtime/Oculus/OculusVR/Shaders found
LogPluginManager: Mapping shader source directory ../../../Engine/Plugins/Runtime/Oculus/OculusVR/Shaders to virtual directory /Plugin/OculusVR
LogPluginManager: Mounting plugin PhysXVehicles
LogPluginManager: Mounting plugin ProceduralMeshComponent
LogPluginManager: Mounting plugin RuntimePhysXCooking
LogPluginManager: Mounting plugin SteamVR
LogPluginManager: Mounting plugin WindowsMoviePlayer
LogStreaming: Display: Took  0.171s to configure plugins.
LogInit: Using libcurl 7.55.1-DEV
LogInit:  - built for x86_64-pc-win32
LogInit:  - supports SSL with OpenSSL/1.0.2h
LogInit:  - supports HTTP deflate (compression) using libz 1.2.8
LogInit:  - other features:
LogInit:      CURL_VERSION_SSL
LogInit:      CURL_VERSION_LIBZ
LogInit:      CURL_VERSION_IPV6
LogInit:      CURL_VERSION_ASYNCHDNS
LogInit:      CURL_VERSION_LARGEFILE
LogInit:      CURL_VERSION_IDN
LogInit:  CurlRequestOptions (configurable via config and command line):
LogInit:  - bVerifyPeer = false  - Libcurl will NOT verify peer certificate
LogInit:  - bUseHttpProxy = false  - Libcurl will NOT use HTTP proxy
LogInit:  - bDontReuseConnections = false  - Libcurl will reuse connections
LogInit:  - CertBundlePath = nullptr  - Libcurl will use whatever was configured at build time.
LogInit:  - MaxHostConnections = 16  - Libcurl will limit the number of connections to a host
LogInit:  - LocalHostAddr = Default
LogInit:  - BufferSize = 65536
LogInit: WinSock: version 1.1 (2.2), MaxSocks=32767, MaxUdp=65467
LogInit: Build: ++UE4+Release-4.20-CL-4369336
LogInit: Engine Version: 4.20.3-4369336+++UE4+Release-4.20
LogInit: Compatible Engine Version: 4.20.0-4212847+++UE4+Release-4.20
LogInit: Net CL: 4212847
LogInit: OS: Windows 10 (), CPU: Intel(R) Xeon(R) W-2123 CPU @ 3.60GHz, GPU: NVIDIA GeForce GTX 1070
LogInit: Compiled (64-bit): Sep 17 2018 12:26:19
LogInit: Compiled with Visual C++: 19.13.26129.00
LogInit: Build Configuration: Development
LogInit: Branch Name: ++UE4+Release-4.20
LogInit: Command Line:  -skipcompile
LogInit: Base Directory: C:/Epic/UE4/UE_4.20/Engine/Binaries/Win64/
LogInit: Installed Engine Build: 1
LogDevObjectVersion: Number of dev versions registered: 20
LogDevObjectVersion:   Dev-Blueprints (B0D832E4-1F89-4F0D-ACCF-7EB736FD4AA2): 10
LogDevObjectVersion:   Dev-Build (E1C64328-A22C-4D53-A36C-8E866417BD8C): 0
LogDevObjectVersion:   Dev-Core (375EC13C-06E4-48FB-B500-84F0262A717E): 2
LogDevObjectVersion:   Dev-Editor (E4B068ED-F494-42E9-A231-DA0B2E46BB41): 24
LogDevObjectVersion:   Dev-Framework (CFFC743F-43B0-4480-9391-14DF171D2073): 34
LogDevObjectVersion:   Dev-Mobile (B02B49B5-BB20-44E9-A304-32B752E40360): 2
LogDevObjectVersion:   Dev-Networking (A4E4105C-59A1-49B5-A7C5-40C4547EDFEE): 0
LogDevObjectVersion:   Dev-Online (39C831C9-5AE6-47DC-9A44-9C173E1C8E7C): 0
LogDevObjectVersion:   Dev-Physics (78F01B33-EBEA-4F98-B9B4-84EACCB95AA2): 0
LogDevObjectVersion:   Dev-Platform (6631380F-2D4D-43E0-8009-CF276956A95A): 0
LogDevObjectVersion:   Dev-Rendering (12F88B9F-8875-4AFC-A67C-D90C383ABD29): 26
LogDevObjectVersion:   Dev-Sequencer (7B5AE74C-D270-4C10-A958-57980B212A5A): 9
LogDevObjectVersion:   Dev-VR (D7296918-1DD6-4BDD-9DE2-64A83CC13884): 2
LogDevObjectVersion:   Dev-LoadTimes (C2A15278-BFE7-4AFE-6C17-90FF531DF755): 1
LogDevObjectVersion:   Private-Geometry (6EACA3D4-40EC-4CC1-B786-8BED09428FC5): 3
LogDevObjectVersion:   Dev-AnimPhys (29E575DD-E0A3-4627-9D10-D276232CDCEA): 17
LogDevObjectVersion:   Dev-ReflectionCapture (6B266CEC-1EC7-4B8F-A30B-E4D90942FC07): 1
LogDevObjectVersion:   Dev-Automation (0DF73D61-A23F-47EA-B727-89E90C41499A): 1
LogDevObjectVersion:   FortniteMain (601D1886-AC64-4F84-AA16-D3DE0DEAC7D6): 12
LogDevObjectVersion:   Dev-Enterprise (9DFFBCD6-494F-0158-E221-12823C92A888): 1
LogStreaming: Display: Took  0.005s to delete old logs.
LogInit: Presizing for max 8388607 objects, including 0 objects not considered by GC, pre-allocating 0 bytes for permanent pool.
LogInit: Object subsystem initialized
[2018.11.19-17.23.28:806][  0]LogInit: Selected Device Profile: [Windows]
[2018.11.19-17.23.28:806][  0]LogInit: Applying CVar settings loaded from the selected device profile: [Windows]
[2018.11.19-17.23.28:826][  0]LogHAL: Display: Platform has ~ 32 GB [34065870848 / 34359738368 / 32], which maps to Largest [LargestMinGB=32, LargerMinGB=12, DefaultMinGB=8, SmallerMinGB=6, SmallestMinGB=0)
[2018.11.19-17.23.28:827][  0]LogInit: Setting Device Profile CVar: [[r.Vulkan.UseRealUBs:1]]
[2018.11.19-17.23.28:827][  0]LogInit: Going up to parent DeviceProfile []
[2018.11.19-17.23.28:827][  0]LogInit: Computer: A007-27
[2018.11.19-17.23.28:828][  0]LogInit: User: w017177h
[2018.11.19-17.23.28:828][  0]LogInit: CPU Page size=4096, Cores=4
[2018.11.19-17.23.28:828][  0]LogInit: High frequency timer resolution =3.515626 MHz
[2018.11.19-17.23.28:828][  0]LogMemory: Memory total: Physical=31.7GB (32GB approx)
[2018.11.19-17.23.28:828][  0]LogMemory: Platform Memory Stats for Windows
[2018.11.19-17.23.28:828][  0]LogMemory: Process Physical Memory: 100.59 MB used, 100.59 MB peak
[2018.11.19-17.23.28:828][  0]LogMemory: Process Virtual Memory: 90.86 MB used, 90.86 MB peak
[2018.11.19-17.23.28:828][  0]LogMemory: Physical Memory: 7709.71 MB used,  24778.03 MB free, 32487.75 MB total
[2018.11.19-17.23.28:828][  0]LogMemory: Virtual Memory: 4640.09 MB used,  24778.03 MB free, 134217728.00 MB total
[2018.11.19-17.23.28:947][  0]LogInit: Using OS detected language (en-US).
[2018.11.19-17.23.28:947][  0]LogInit: Using OS detected locale (en-GB).
[2018.11.19-17.23.28:948][  0]LogTextLocalizationManager: No specific localization for 'en-US' exists, so the 'en' localization will be used.
[2018.11.19-17.23.29:300][  0]LogStreaming: Display: Took  0.353s to InitEngineTextLocalization.
[2018.11.19-17.23.29:301][  0]LogInit: Setting process to per monitor DPI aware
[2018.11.19-17.23.29:375][  0]LogSlate: New Slate User Created.  User Index 0, Is Virtual User: 0
[2018.11.19-17.23.29:375][  0]LogSlate: Slate User Registered.  User Index 0, Is Virtual User: 0
[2018.11.19-17.23.29:618][  0]LogHMD: Failed to initialize OpenVR with code 110
[2018.11.19-17.23.29:618][  0]LogD3D11RHI: D3D11 adapters:
[2018.11.19-17.23.29:701][  0]LogD3D11RHI:    0. 'NVIDIA GeForce GTX 1070' (Feature Level 11_0)
[2018.11.19-17.23.29:702][  0]LogD3D11RHI:       8088/0/16243 MB DedicatedVideo/DedicatedSystem/SharedSystem, Outputs:2, VendorId:0x10de
[2018.11.19-17.23.29:710][  0]LogD3D11RHI:    1. 'Microsoft Basic Render Driver' (Feature Level 11_0)
[2018.11.19-17.23.29:710][  0]LogD3D11RHI:       0/0/16243 MB DedicatedVideo/DedicatedSystem/SharedSystem, Outputs:0, VendorId:0x1414
[2018.11.19-17.23.29:710][  0]LogD3D11RHI: Chosen D3D11 Adapter: 0
[2018.11.19-17.23.29:717][  0]LogD3D11RHI: Creating new Direct3DDevice
[2018.11.19-17.23.29:718][  0]LogD3D11RHI:     GPU DeviceId: 0x1b81 (for the marketing name, search the web for "GPU Device Id")
[2018.11.19-17.23.29:718][  0]LogWindows: EnumDisplayDevices:
[2018.11.19-17.23.29:718][  0]LogWindows:    0. 'NVIDIA GeForce GTX 1070' (P:0 D:1)
[2018.11.19-17.23.29:718][  0]LogWindows:    1. 'NVIDIA GeForce GTX 1070' (P:1 D:1)
[2018.11.19-17.23.29:718][  0]LogWindows:    2. 'NVIDIA GeForce GTX 1070' (P:0 D:0)
[2018.11.19-17.23.29:719][  0]LogWindows:    3. 'NVIDIA GeForce GTX 1070' (P:0 D:0)
[2018.11.19-17.23.29:719][  0]LogWindows: DebugString: FoundDriverCount:4 
[2018.11.19-17.23.29:719][  0]LogD3D11RHI:     Adapter Name: NVIDIA GeForce GTX 1070
[2018.11.19-17.23.29:719][  0]LogD3D11RHI:   Driver Version: 399.24 (internal:24.21.13.9924, unified:399.24)
[2018.11.19-17.23.29:719][  0]LogD3D11RHI:      Driver Date: 9-5-2018
[2018.11.19-17.23.29:719][  0]LogRHI: Texture pool is 5661 MB (70% of 8088 MB)
[2018.11.19-17.23.29:772][  0]LogD3D11RHI: Async texture creation enabled
[2018.11.19-17.23.29:789][  0]LogD3D11RHI: GPU Timing Frequency: 1000.000000 (Debug: 2 2)
[2018.11.19-17.23.29:795][  0]LogShaderCompilers: Guid format shader working directory is -26 characters bigger than the processId version (../../../../../../Users/w017177h/Documents/GitHub/FightingGame/FightingGame/Intermediate/Shaders/WorkingDirectory/7688/).
[2018.11.19-17.23.29:795][  0]LogShaderCompilers: Cleaned the shader compiler working directory 'C:/Users/w017177h/AppData/Local/Temp/UnrealShaderWorkingDir/7AAAF38A49C2CD9184AF66A3A04B1301/'.
[2018.11.19-17.23.30:130][  0]LogTemp: Display: Loaded TP AllDesktopTargetPlatform
[2018.11.19-17.23.30:148][  0]LogTemp: Display: Loaded TP MacClientTargetPlatform
[2018.11.19-17.23.30:166][  0]LogTemp: Display: Loaded TP MacNoEditorTargetPlatform
[2018.11.19-17.23.30:182][  0]LogTemp: Display: Loaded TP MacServerTargetPlatform
[2018.11.19-17.23.30:201][  0]LogTemp: Display: Loaded TP MacTargetPlatform
[2018.11.19-17.23.30:216][  0]LogTemp: Display: Loaded TP WindowsClientTargetPlatform
[2018.11.19-17.23.30:232][  0]LogTemp: Display: Loaded TP WindowsNoEditorTargetPlatform
[2018.11.19-17.23.30:249][  0]LogTemp: Display: Loaded TP WindowsServerTargetPlatform
[2018.11.19-17.23.30:259][  0]LogTemp: Display: Loaded TP WindowsTargetPlatform
[2018.11.19-17.23.30:343][  0]LogTemp: Display: Loaded TP AndroidTargetPlatform
[2018.11.19-17.23.30:344][  0]LogTemp: Display: Loaded TP AndroidTargetPlatform
[2018.11.19-17.23.30:344][  0]LogTemp: Display: Loaded TP AndroidTargetPlatform
[2018.11.19-17.23.30:344][  0]LogTemp: Display: Loaded TP AndroidTargetPlatform
[2018.11.19-17.23.30:344][  0]LogTemp: Display: Loaded TP AndroidTargetPlatform
[2018.11.19-17.23.30:344][  0]LogTemp: Display: Loaded TP AndroidTargetPlatform
[2018.11.19-17.23.30:344][  0]LogTemp: Display: Loaded TP AndroidTargetPlatform
[2018.11.19-17.23.30:344][  0]LogTemp: Display: Loaded TP AndroidTargetPlatform
[2018.11.19-17.23.30:344][  0]LogTemp: Display: Loaded TP AndroidTargetPlatform
[2018.11.19-17.23.30:344][  0]LogTemp: Display: Loaded TP AndroidTargetPlatform
[2018.11.19-17.23.30:344][  0]LogTemp: Display: Loaded TP AndroidTargetPlatform
[2018.11.19-17.23.30:344][  0]LogTemp: Display: Loaded TP AndroidTargetPlatform
[2018.11.19-17.23.30:344][  0]LogTemp: Display: Loaded TP AndroidTargetPlatform
[2018.11.19-17.23.30:345][  0]LogTemp: Display: Loaded TP AndroidTargetPlatform
[2018.11.19-17.23.30:345][  0]LogTemp: Display: Loaded TP AndroidTargetPlatform
[2018.11.19-17.23.30:345][  0]LogTemp: Display: Loaded TP AndroidTargetPlatform
[2018.11.19-17.23.30:345][  0]LogTemp: Display: Loaded TP AndroidTargetPlatform
[2018.11.19-17.23.30:345][  0]LogTemp: Display: Loaded TP AndroidTargetPlatform
[2018.11.19-17.23.30:349][  0]LogTemp: Display: Loaded TP HTML5TargetPlatform
[2018.11.19-17.23.30:420][  0]LogTemp: Display: Loaded TP IOSTargetPlatform
[2018.11.19-17.23.30:420][  0]LogTemp: Display: Loaded TP IOSTargetPlatform
[2018.11.19-17.23.30:447][  0]LogTemp: Display: Loaded TP TVOSTargetPlatform
[2018.11.19-17.23.30:447][  0]LogTemp: Display: Loaded TP TVOSTargetPlatform
[2018.11.19-17.23.30:463][  0]LogTemp: Display: Loaded TP LinuxClientTargetPlatform
[2018.11.19-17.23.30:478][  0]LogTemp: Display: Loaded TP LinuxNoEditorTargetPlatform
[2018.11.19-17.23.30:493][  0]LogTemp: Display: Loaded TP LinuxServerTargetPlatform
[2018.11.19-17.23.30:509][  0]LogTemp: Display: Loaded TP LinuxTargetPlatform
[2018.11.19-17.23.30:527][  0]LogTemp: Display: Loaded TP LuminTargetPlatform
[2018.11.19-17.23.30:527][  0]LogTargetPlatformManager: Display: Building Assets For Windows
[2018.11.19-17.23.30:657][  0]LogXGEController: Cleaning working directory: C:/Users/w017177h/AppData/Local/Temp/UnrealXGEWorkingDir/
[2018.11.19-17.23.30:657][  0]LogXGEController: Cannot use XGE Controller as Incredibuild is not installed on this machine.
[2018.11.19-17.23.30:657][  0]LogShaderCompilers: Cannot use XGE Shader Compiler as Incredibuild is not installed on this machine.
[2018.11.19-17.23.30:658][  0]LogShaderCompilers: Display: Using Local Shader Compiler.
[2018.11.19-17.23.31:507][  0]LogDerivedDataCache: Display: Max Cache Size: 512 MB
[2018.11.19-17.23.31:581][  0]LogDerivedDataCache: Loaded boot cache 0.07s 71MB C:/Users/w017177h/AppData/Local/UnrealEngine/4.20/DerivedDataCache/Boot.ddc.
[2018.11.19-17.23.31:583][  0]LogDerivedDataCache: Display: Loaded Boot cache: C:/Users/w017177h/AppData/Local/UnrealEngine/4.20/DerivedDataCache/Boot.ddc
[2018.11.19-17.23.31:583][  0]LogDerivedDataCache: FDerivedDataBackendGraph:  Pak pak cache file ../../../../../../Users/w017177h/Documents/GitHub/FightingGame/FightingGame/DerivedDataCache/DDC.ddp not found, will not use a pak cache.
[2018.11.19-17.23.31:583][  0]LogDerivedDataCache: Unable to find inner node Pak for hierarchical cache Hierarchy.
[2018.11.19-17.23.31:584][  0]LogDerivedDataCache: FDerivedDataBackendGraph:  CompressedPak pak cache file ../../../../../../Users/w017177h/Documents/GitHub/FightingGame/FightingGame/DerivedDataCache/Compressed.ddp not found, will not use a pak cache.
[2018.11.19-17.23.31:584][  0]LogDerivedDataCache: Unable to find inner node CompressedPak for hierarchical cache Hierarchy.
[2018.11.19-17.23.31:597][  0]LogDerivedDataCache: Display: Pak cache opened for reading ../../../Engine/DerivedDataCache/Compressed.ddp.
[2018.11.19-17.23.31:613][  0]LogDerivedDataCache: Using Local data cache path C:/Users/w017177h/AppData/Local/UnrealEngine/Common/DerivedDataCache: Writable
[2018.11.19-17.23.31:614][  0]LogDerivedDataCache: Shared data cache path not found in *engine.ini, will not use an Shared cache.
[2018.11.19-17.23.31:614][  0]LogDerivedDataCache: Unable to find inner node Shared for hierarchical cache Hierarchy.
[2018.11.19-17.23.31:658][  0]LogMaterial: Verifying Global Shaders for PCD3D_SM5
[2018.11.19-17.23.31:661][  0]LogSlate: Using FreeType 2.6.0
[2018.11.19-17.23.31:662][  0]LogSlate: SlateFontServices - WITH_FREETYPE: 1, WITH_HARFBUZZ: 1
[2018.11.19-17.23.31:759][  0]LogAssetRegistry: FAssetRegistry took 0.0321 seconds to start up
[2018.11.19-17.23.32:078][  0]LogInit: Selected Device Profile: [Windows]
[2018.11.19-17.23.32:184][  0]LogSimplygon: Simplygon DLL not present - disabling.
[2018.11.19-17.23.32:193][  0]LogMeshReduction: Using SimplygonSwarm for distributed automatic mesh merging
[2018.11.19-17.23.32:194][  0]LogMeshReduction: Using ProxyLODMeshReduction for automatic mesh merging
[2018.11.19-17.23.32:194][  0]LogMeshReduction: Using QuadricMeshReduction for automatic static mesh reduction
[2018.11.19-17.23.32:194][  0]LogMeshReduction: No automatic skeletal mesh reduction module available
[2018.11.19-17.23.32:295][  0]LogNetVersion: FightingGame 1.0.0, NetCL: 4212847, EngineNetVer: 5, GameNetVer: 0 (Checksum: 156865789)
[2018.11.19-17.23.32:904][  0]LogPackageLocalizationCache: Processed 11 localized package path(s) for 2 prioritized culture(s) in 0.153400 seconds
[2018.11.19-17.23.32:912][  0]LogUObjectArray: 38425 objects as part of root set at end of initial load.
[2018.11.19-17.23.32:912][  0]LogUObjectAllocator: 6690872 out of 0 bytes used by permanent object pool.
[2018.11.19-17.23.32:912][  0]LogUObjectArray: CloseDisregardForGC: 0/0 objects in disregard for GC pool
[2018.11.19-17.23.33:942][  0]LogTcpMessaging: Initializing TcpMessaging bridge
[2018.11.19-17.23.33:958][  0]LogUdpMessaging: Initializing bridge on interface 0.0.0.0:0 to multicast group 230.0.0.1:6666.
[2018.11.19-17.23.34:188][  0]SourceControl: Source control is disabled
[2018.11.19-17.23.34:188][  0]SourceControl: Source control is disabled
[2018.11.19-17.23.34:192][  0]SourceControl: Source control is disabled
[2018.11.19-17.23.34:195][  0]SourceControl: Source control is disabled
[2018.11.19-17.23.34:504][  0]LogAndroidPermission: UAndroidPermissionCallbackProxy::GetInstance
[2018.11.19-17.23.34:590][  0]LogOcInput: OculusInput pre-init called
[2018.11.19-17.23.34:673][  0]LogEngine: Initializing Engine...
[2018.11.19-17.23.34:674][  0]LogHMD: Failed to initialize OpenVR with code 110
[2018.11.19-17.23.34:677][  0]LogStats: UGameplayTagsManager::ConstructGameplayTagTree: ImportINI prefixes -  0.000 s
[2018.11.19-17.23.34:678][  0]LogStats: UGameplayTagsManager::ConstructGameplayTagTree: Construct from data asset -  0.000 s
[2018.11.19-17.23.34:678][  0]LogStats: UGameplayTagsManager::ConstructGameplayTagTree: ImportINI -  0.001 s
[2018.11.19-17.23.34:678][  0]LogStats: UGameplayTagsManager::ConstructGameplayTagTree: GameplayTagTreeChangedEvent.Broadcast -  0.000 s
[2018.11.19-17.23.34:901][  0]LogInit: Initializing FReadOnlyCVARCache
[2018.11.19-17.23.34:939][  0]LogAIModule: Creating AISystem for world Untitled
[2018.11.19-17.23.34:955][  0]LogInit: XAudio2 using 'Speakers (Realtek High Definition Audio)' : 2 channels at 48 kHz using 32 bits per sample (channel mask 0x3)
[2018.11.19-17.23.35:048][  0]LogInit: FAudioDevice initialized.
[2018.11.19-17.23.35:048][  0]LogNetVersion: Set ProjectVersion to 1.0.0.0. Version Checksum will be recalculated on next use.
[2018.11.19-17.23.35:108][  0]LogDerivedDataCache: Saved boot cache 0.06s 71MB C:/Users/w017177h/AppData/Local/UnrealEngine/4.20/DerivedDataCache/Boot.ddc.
[2018.11.19-17.23.35:131][  0]LogInit: Texture streaming: Enabled
[2018.11.19-17.23.35:170][  0]LogEngineSessionManager: EngineSessionManager initialized
[2018.11.19-17.23.35:171][  0]LogEngineSessionManager: EngineSessionManager sent abnormal shutdown report. Type=Debugger, SessionId={419EBF40-4782-0941-0194-53968A9150F2}
[2018.11.19-17.23.35:171][  0]LogEngineSessionManager: EngineSessionManager sent abnormal shutdown report. Type=Debugger, SessionId={ABD79355-452B-EF33-E6A9-389DFF564883}
[2018.11.19-17.23.35:184][  0]LogInit: Transaction tracking system initialized
[2018.11.19-17.23.35:224][  0]BlueprintLog: New page: Editor Load
[2018.11.19-17.23.35:374][  0]LocalizationService: Localization service is disabled
[2018.11.19-17.23.35:701][  0]LogCook: Display: Max memory allowance for cook 16384mb min free memory 0mb
[2018.11.19-17.23.35:701][  0]LogCook: Display: Mobile HDR setting 1
[2018.11.19-17.23.35:701][  0]LogGameplayTags: Display: UGameplayTagsManager::DoneAddingNativeTags. DelegateIsBound: 0
[2018.11.19-17.23.35:702][  0]LogStats: UGameplayTagsManager::ConstructGameplayTagTree: ImportINI prefixes -  0.000 s
[2018.11.19-17.23.35:702][  0]LogStats: UGameplayTagsManager::ConstructGameplayTagTree: Construct from data asset -  0.000 s
[2018.11.19-17.23.35:702][  0]LogStats: UGameplayTagsManager::ConstructGameplayTagTree: ImportINI -  0.000 s
[2018.11.19-17.23.35:702][  0]LogStats: UGameplayTagsManager::ConstructGameplayTagTree: GameplayTagTreeChangedEvent.Broadcast -  0.000 s
[2018.11.19-17.23.35:897][  0]LogFileCache: Scanning file cache for directory 'C:/Users/w017177h/Documents/GitHub/FightingGame/FightingGame/Content/' took 0.02s
[2018.11.19-17.23.35:897][  0]SourceControl: Source control is disabled
[2018.11.19-17.23.35:897][  0]Cmd: MAP LOAD FILE="../../../../../../Users/w017177h/Documents/GitHub/FightingGame/FightingGame/Content/StarterContent/Maps/Minimal_Default.umap" TEMPLATE=0 SHOWPROGRESS=1 FEATURELEVEL=3
[2018.11.19-17.23.35:898][  0]LightingResults: New page: Lighting Build
[2018.11.19-17.23.35:902][  0]MapCheck: New page: Map Check
[2018.11.19-17.23.35:902][  0]LightingResults: New page: Lighting Build
[2018.11.19-17.23.36:238][  0]LogAIModule: Creating AISystem for world Minimal_Default
[2018.11.19-17.23.36:248][  0]LogEditorServer: Finished looking for orphan Actors (0.000 secs)
[2018.11.19-17.23.36:277][  0]Cmd: MAP CHECKDEP NOCLEARLOG
[2018.11.19-17.23.36:391][  0]MapCheck: Map check complete: 0 Error(s), 0 Warning(s), took 114.39ms to complete.
[2018.11.19-17.23.36:392][  0]LogFileHelpers: Loading map 'Minimal_Default' took 0.494
[2018.11.19-17.23.36:548][  0]LogSlate: Updating window title bar state: overlay mode, drag disabled, window buttons hidden, title bar hidden
[2018.11.19-17.23.36:555][  0]LogSlate: Updating window title bar state: overlay mode, drag disabled, window buttons hidden, title bar hidden
[2018.11.19-17.23.36:562][  0]LogSlate: Updating window title bar state: overlay mode, drag disabled, window buttons hidden, title bar hidden
[2018.11.19-17.23.36:569][  0]LogSlate: Updating window title bar state: overlay mode, drag disabled, window buttons hidden, title bar hidden
[2018.11.19-17.23.36:579][  0]LogCollectionManager: Loaded 0 collections in 0.002629 seconds
[2018.11.19-17.23.36:642][  0]LogFileCache: Scanning file cache for directory 'C:/Users/w017177h/Documents/GitHub/FightingGame/FightingGame/Saved/Collections/' took 0.01s
[2018.11.19-17.23.36:643][  0]LogFileCache: Scanning file cache for directory 'C:/Users/w017177h/Documents/GitHub/FightingGame/FightingGame/Content/Developers/w017177h/Collections/' took 0.01s
[2018.11.19-17.23.36:643][  0]LogFileCache: Scanning file cache for directory 'C:/Users/w017177h/Documents/GitHub/FightingGame/FightingGame/Content/Collections/' took 0.02s
[2018.11.19-17.23.36:643][  0]LogCollectionManager: Rebuilt the GUID cache for 0 collections in 0.000001 seconds
[2018.11.19-17.23.36:661][  0]LogContentBrowser: Native class hierarchy populated in 0.0178 seconds. Added 2575 classes and 605 folders.
[2018.11.19-17.23.36:679][  0]LogContentBrowser: Native class hierarchy updated for 'WidgetCarousel' in 0.0007 seconds. Added 0 classes and 0 folders.
[2018.11.19-17.23.36:746][  0]LogContentBrowser: Native class hierarchy updated for 'AddContentDialog' in 0.0004 seconds. Added 0 classes and 0 folders.
[2018.11.19-17.23.36:754][  0]LogContentBrowser: Native class hierarchy updated for 'SceneOutliner' in 0.0005 seconds. Added 1 classes and 2 folders.
[2018.11.19-17.23.36:816][  0]LogSlate: Took 0.000245 seconds to synchronously load lazily loaded font '../../../Engine/Content/Slate/Fonts/Roboto-Regular.ttf' (155K)
[2018.11.19-17.23.36:818][  0]LogSlate: Took 0.000219 seconds to synchronously load lazily loaded font '../../../Engine/Content/Slate/Fonts/Roboto-Bold.ttf' (160K)
[2018.11.19-17.23.36:827][  0]LogSlate: Took 0.000185 seconds to synchronously load lazily loaded font '../../../Engine/Content/Editor/Slate/Fonts/FontAwesome.ttf' (139K)
[2018.11.19-17.23.36:904][  0]LogRenderer: Reallocating scene render targets to support 1208x576 Format 10 NumSamples 1 (Frame:1).
[2018.11.19-17.23.37:064][  0]LogContentBrowser: Native class hierarchy updated for 'HierarchicalLODOutliner' in 0.0010 seconds. Added 0 classes and 0 folders.
[2018.11.19-17.23.37:064][  0]LogLoad: (Engine Initialization) Total time: 10.89 seconds
[2018.11.19-17.23.37:064][  0]LogLoad: (Engine Initialization) Total Blueprint compile time: 0.00 seconds
[2018.11.19-17.23.37:099][  0]LogContentStreaming: Texture pool size now 1000 MB
[2018.11.19-17.23.37:116][  0]LogSlate: Took 0.000181 seconds to synchronously load lazily loaded font '../../../Engine/Content/Slate/Fonts/Roboto-Light.ttf' (167K)
[2018.11.19-17.23.37:130][  1]LogAssetRegistry: Asset discovery search completed in 5.3982 seconds
[2018.11.19-17.23.37:135][  1]LogCollectionManager: Rebuilt the object cache for 0 collections in 0.000000 seconds (found 0 objects)
[2018.11.19-17.23.37:135][  1]LogCollectionManager: Fixed up redirectors for 0 collections in 0.000227 seconds (updated 0 objects)
[2018.11.19-17.24.22:880][737]LogSlate: FSceneViewport::OnFocusLost() reason 0
[2018.11.19-17.24.25:223][992]LogEditorViewport: Clicking on Actor (LMB): BP_Sky_Sphere_C (BP_Sky_Sphere)
[2018.11.19-17.24.25:848][ 60]LogEditorViewport: Clicking on Actor (LMB): TestPlayer_C (TestPlayer)
[2018.11.19-17.24.27:270][217]LogSlate: FSceneViewport::OnFocusLost() reason 0
[2018.11.19-17.24.30:184][556]LogEditorViewport: Clicking on Actor (LMB): PlayerStart (Player Start)
[2018.11.19-17.24.30:889][637]Cmd: DELETE
[2018.11.19-17.24.30:889][637]Cmd: ACTOR DELETE
[2018.11.19-17.24.30:892][637]LogEditorActor: Deleted Actor: PlayerStart
[2018.11.19-17.24.30:922][637]LogEditorActor: Deleted 1 Actors (0.032 secs)
[2018.11.19-17.24.31:310][683]LogEditorViewport: Clicking on Actor (LMB): TestPlayer_C (TestPlayer)
[2018.11.19-17.24.32:296][790]Cmd: DUPLICATE
[2018.11.19-17.24.32:296][790]Cmd: ACTOR DUPLICATE
[2018.11.19-17.24.34:287][  7]LogSlate: FSceneViewport::OnFocusLost() reason 0
[2018.11.19-17.24.36:371][248]LogEditorViewport: Clicking on Actor (LMB): BP_Sky_Sphere_C (BP_Sky_Sphere)
[2018.11.19-17.24.37:016][321]LogSlate: FSceneViewport::OnFocusLost() reason 0
[2018.11.19-17.24.37:076][328]LogTemp: Repeating last play command: Selected Viewport
[2018.11.19-17.24.37:094][328]LogBlueprintUserMessages: Early PlayInEditor Detection: Level '/Game/StarterContent/Maps/Minimal_Default.Minimal_Default:PersistentLevel' has LevelScriptBlueprint '/Game/StarterContent/Maps/Minimal_Default.Minimal_Default:PersistentLevel.Minimal_Default' with GeneratedClass '/Game/StarterContent/Maps/Minimal_Default.Minimal_Default_C' with ClassGeneratedBy '/Game/StarterContent/Maps/Minimal_Default.Minimal_Default:PersistentLevel.Minimal_Default'
[2018.11.19-17.24.37:094][328]LogPlayLevel: PlayLevel: No blueprints needed recompiling
[2018.11.19-17.24.37:112][328]PIE: New page: PIE session: Minimal_Default (19 Nov 2018 17:24:37)
[2018.11.19-17.24.37:112][328]LogPlayLevel: Creating play world package: /Game/StarterContent/Maps/UEDPIE_0_Minimal_Default
[2018.11.19-17.24.37:115][328]LogPlayLevel: PIE: StaticDuplicateObject took: (0.003208s)
[2018.11.19-17.24.37:116][328]LogAIModule: Creating AISystem for world Minimal_Default
[2018.11.19-17.24.37:116][328]LogPlayLevel: PIE: World Init took: (0.000831s)
[2018.11.19-17.24.37:117][328]LogPlayLevel: PIE: Created PIE world by copying editor world from /Game/StarterContent/Maps/Minimal_Default.Minimal_Default to /Game/StarterContent/Maps/UEDPIE_0_Minimal_Default.Minimal_Default (0.004408s)
[2018.11.19-17.24.37:149][328]LogInit: XAudio2 using 'Speakers (Realtek High Definition Audio)' : 2 channels at 48 kHz using 32 bits per sample (channel mask 0x3)
[2018.11.19-17.24.37:164][328]LogInit: FAudioDevice initialized.
[2018.11.19-17.24.37:258][328]LogLoad: Game class is 'FightingGameMode_C'
[2018.11.19-17.24.37:260][328]LogWorld: Bringing World /Game/StarterContent/Maps/UEDPIE_0_Minimal_Default.Minimal_Default up for play (max tick rate 0) at 2018.11.19-17.24.37
[2018.11.19-17.24.37:261][328]LogWorld: Bringing up level for play took: 0.001549
[2018.11.19-17.24.37:325][328]LogContentBrowser: Native class hierarchy updated for 'MovieSceneCapture' in 0.0005 seconds. Added 10 classes and 0 folders.
[2018.11.19-17.24.37:327][328]PIE: Play in editor start time for /Game/StarterContent/Maps/UEDPIE_0_Minimal_Default 0.553
[2018.11.19-17.24.37:328][328]LogBlueprintUserMessages: Late PlayInEditor Detection: Level '/Game/StarterContent/Maps/Minimal_Default.Minimal_Default:PersistentLevel' has LevelScriptBlueprint '/Game/StarterContent/Maps/Minimal_Default.Minimal_Default:PersistentLevel.Minimal_Default' with GeneratedClass '/Game/StarterContent/Maps/Minimal_Default.Minimal_Default_C' with ClassGeneratedBy '/Game/StarterContent/Maps/Minimal_Default.Minimal_Default:PersistentLevel.Minimal_Default'
[2018.11.19-17.24.40:123][584]LogSlate: New Slate User Created.  User Index 1, Is Virtual User: 0
[2018.11.19-17.24.40:124][584]LogSlate: Slate User Registered.  User Index 1, Is Virtual User: 0
[2018.11.19-17.24.45:561][235]LogBlueprintUserMessages: Early EndPlayMap Detection: Level '/Game/StarterContent/Maps/Minimal_Default.Minimal_Default:PersistentLevel' has LevelScriptBlueprint '/Game/StarterContent/Maps/Minimal_Default.Minimal_Default:PersistentLevel.Minimal_Default' with GeneratedClass '/Game/StarterContent/Maps/Minimal_Default.Minimal_Default_C' with ClassGeneratedBy '/Game/StarterContent/Maps/Minimal_Default.Minimal_Default:PersistentLevel.Minimal_Default'
[2018.11.19-17.24.45:561][235]LogSlate: Updating window title bar state: overlay mode, drag disabled, window buttons hidden, title bar hidden
[2018.11.19-17.24.45:600][235]LogPlayLevel: Display: Shutting down PIE online subsystems
[2018.11.19-17.24.45:600][235]LogBlueprintUserMessages: Late EndPlayMap Detection: Level '/Game/StarterContent/Maps/Minimal_Default.Minimal_Default:PersistentLevel' has LevelScriptBlueprint '/Game/StarterContent/Maps/Minimal_Default.Minimal_Default:PersistentLevel.Minimal_Default' with GeneratedClass '/Game/StarterContent/Maps/Minimal_Default.Minimal_Default_C' with ClassGeneratedBy '/Game/StarterContent/Maps/Minimal_Default.Minimal_Default:PersistentLevel.Minimal_Default'
[2018.11.19-17.24.45:648][235]LogSlate: Updating window title bar state: overlay mode, drag disabled, window buttons hidden, title bar hidden
[2018.11.19-17.24.45:667][236]LogPlayLevel: Display: Destroying online subsystem :Context_2
[2018.11.19-17.24.46:965][390]LogSlate: FSceneViewport::OnFocusLost() reason 0
[2018.11.19-17.24.47:040][399]LogTemp: Repeating last play command: Selected Viewport
[2018.11.19-17.24.47:056][399]LogBlueprintUserMessages: Early PlayInEditor Detection: Level '/Game/StarterContent/Maps/Minimal_Default.Minimal_Default:PersistentLevel' has LevelScriptBlueprint '/Game/StarterContent/Maps/Minimal_Default.Minimal_Default:PersistentLevel.Minimal_Default' with GeneratedClass '/Game/StarterContent/Maps/Minimal_Default.Minimal_Default_C' with ClassGeneratedBy '/Game/StarterContent/Maps/Minimal_Default.Minimal_Default:PersistentLevel.Minimal_Default'
[2018.11.19-17.24.47:056][399]LogPlayLevel: PlayLevel: No blueprints needed recompiling
[2018.11.19-17.24.47:056][399]PIE: New page: PIE session: Minimal_Default (19 Nov 2018 17:24:47)
[2018.11.19-17.24.47:056][399]LogPlayLevel: Creating play world package: /Game/StarterContent/Maps/UEDPIE_0_Minimal_Default
[2018.11.19-17.24.47:060][399]LogPlayLevel: PIE: StaticDuplicateObject took: (0.002962s)
[2018.11.19-17.24.47:060][399]LogAIModule: Creating AISystem for world Minimal_Default
[2018.11.19-17.24.47:060][399]LogPlayLevel: PIE: World Init took: (0.000810s)
[2018.11.19-17.24.47:061][399]LogPlayLevel: PIE: Created PIE world by copying editor world from /Game/StarterContent/Maps/Minimal_Default.Minimal_Default to /Game/StarterContent/Maps/UEDPIE_0_Minimal_Default.Minimal_Default (0.004196s)
[2018.11.19-17.24.47:089][399]LogInit: XAudio2 using 'Speakers (Realtek High Definition Audio)' : 2 channels at 48 kHz using 32 bits per sample (channel mask 0x3)
[2018.11.19-17.24.47:102][399]LogInit: FAudioDevice initialized.
[2018.11.19-17.24.47:142][399]LogLoad: Game class is 'FightingGameMode_C'
[2018.11.19-17.24.47:145][399]LogWorld: Bringing World /Game/StarterContent/Maps/UEDPIE_0_Minimal_Default.Minimal_Default up for play (max tick rate 0) at 2018.11.19-17.24.47
[2018.11.19-17.24.47:146][399]LogWorld: Bringing up level for play took: 0.002479
[2018.11.19-17.24.47:164][399]PIE: Play in editor start time for /Game/StarterContent/Maps/UEDPIE_0_Minimal_Default 0.39
[2018.11.19-17.24.47:164][399]LogBlueprintUserMessages: Late PlayInEditor Detection: Level '/Game/StarterContent/Maps/Minimal_Default.Minimal_Default:PersistentLevel' has LevelScriptBlueprint '/Game/StarterContent/Maps/Minimal_Default.Minimal_Default:PersistentLevel.Minimal_Default' with GeneratedClass '/Game/StarterContent/Maps/Minimal_Default.Minimal_Default_C' with ClassGeneratedBy '/Game/StarterContent/Maps/Minimal_Default.Minimal_Default:PersistentLevel.Minimal_Default'
[2018.11.19-17.24.49:031][617]LogBlueprintUserMessages: Early EndPlayMap Detection: Level '/Game/StarterContent/Maps/Minimal_Default.Minimal_Default:PersistentLevel' has LevelScriptBlueprint '/Game/StarterContent/Maps/Minimal_Default.Minimal_Default:PersistentLevel.Minimal_Default' with GeneratedClass '/Game/StarterContent/Maps/Minimal_Default.Minimal_Default_C' with ClassGeneratedBy '/Game/StarterContent/Maps/Minimal_Default.Minimal_Default:PersistentLevel.Minimal_Default'
[2018.11.19-17.24.49:031][617]LogSlate: Updating window title bar state: overlay mode, drag disabled, window buttons hidden, title bar hidden
[2018.11.19-17.24.49:068][617]LogPlayLevel: Display: Shutting down PIE online subsystems
[2018.11.19-17.24.49:069][617]LogBlueprintUserMessages: Late EndPlayMap Detection: Level '/Game/StarterContent/Maps/Minimal_Default.Minimal_Default:PersistentLevel' has LevelScriptBlueprint '/Game/StarterContent/Maps/Minimal_Default.Minimal_Default:PersistentLevel.Minimal_Default' with GeneratedClass '/Game/StarterContent/Maps/Minimal_Default.Minimal_Default_C' with ClassGeneratedBy '/Game/StarterContent/Maps/Minimal_Default.Minimal_Default:PersistentLevel.Minimal_Default'
[2018.11.19-17.24.49:114][617]LogSlate: Updating window title bar state: overlay mode, drag disabled, window buttons hidden, title bar hidden
[2018.11.19-17.24.49:136][619]LogPlayLevel: Display: Destroying online subsystem :Context_3
[2018.11.19-17.24.50:859][803]LogEditorViewport: Clicking on Actor (LMB): CameraActor (CameraActor)
[2018.11.19-17.24.53:139][ 31]LogSlate: FSceneViewport::OnFocusLost() reason 0
[2018.11.19-17.24.54:641][208]LogSlate: Took 0.000168 seconds to synchronously load lazily loaded font '../../../Engine/Content/Slate/Fonts/Roboto-Light.ttf' (167K)
[2018.11.19-17.24.54:647][208]LogAssetEditorManager: Opening Asset editor for Blueprint /Game/Camera/CameraController.CameraController
[2018.11.19-17.24.55:114][208]LogContentBrowser: Native class hierarchy updated for 'BlueprintGraph' in 0.0008 seconds. Added 116 classes and 0 folders.
[2018.11.19-17.25.00:351][718]LogSlate: Took 0.000236 seconds to synchronously load lazily loaded font '../../../Engine/Content/Slate/Fonts/Roboto-Italic.ttf' (157K)
[2018.11.19-17.25.03:908][127]LogTemp: Repeating last play command: Selected Viewport
[2018.11.19-17.25.03:924][127]LogBlueprintUserMessages: Early PlayInEditor Detection: Level '/Game/StarterContent/Maps/Minimal_Default.Minimal_Default:PersistentLevel' has LevelScriptBlueprint '/Game/StarterContent/Maps/Minimal_Default.Minimal_Default:PersistentLevel.Minimal_Default' with GeneratedClass '/Game/StarterContent/Maps/Minimal_Default.Minimal_Default_C' with ClassGeneratedBy '/Game/StarterContent/Maps/Minimal_Default.Minimal_Default:PersistentLevel.Minimal_Default'
[2018.11.19-17.25.03:924][127]LogPlayLevel: PlayLevel: No blueprints needed recompiling
[2018.11.19-17.25.03:925][127]PIE: New page: PIE session: Minimal_Default (19 Nov 2018 17:25:03)
[2018.11.19-17.25.03:925][127]LogPlayLevel: Creating play world package: /Game/StarterContent/Maps/UEDPIE_0_Minimal_Default
[2018.11.19-17.25.03:928][127]LogPlayLevel: PIE: StaticDuplicateObject took: (0.003154s)
[2018.11.19-17.25.03:929][127]LogAIModule: Creating AISystem for world Minimal_Default
[2018.11.19-17.25.03:929][127]LogPlayLevel: PIE: World Init took: (0.000819s)
[2018.11.19-17.25.03:929][127]LogPlayLevel: PIE: Created PIE world by copying editor world from /Game/StarterContent/Maps/Minimal_Default.Minimal_Default to /Game/StarterContent/Maps/UEDPIE_0_Minimal_Default.Minimal_Default (0.004323s)
[2018.11.19-17.25.04:025][127]LogInit: XAudio2 using 'Speakers (Realtek High Definition Audio)' : 2 channels at 48 kHz using 32 bits per sample (channel mask 0x3)
[2018.11.19-17.25.04:060][127]LogInit: FAudioDevice initialized.
[2018.11.19-17.25.04:100][127]LogLoad: Game class is 'FightingGameMode_C'
[2018.11.19-17.25.04:102][127]LogWorld: Bringing World /Game/StarterContent/Maps/UEDPIE_0_Minimal_Default.Minimal_Default up for play (max tick rate 0) at 2018.11.19-17.25.04
[2018.11.19-17.25.04:103][127]LogWorld: Bringing up level for play took: 0.001894
[2018.11.19-17.25.04:119][127]PIE: Play in editor start time for /Game/StarterContent/Maps/UEDPIE_0_Minimal_Default -0.655
[2018.11.19-17.25.04:120][127]LogBlueprintUserMessages: Late PlayInEditor Detection: Level '/Game/StarterContent/Maps/Minimal_Default.Minimal_Default:PersistentLevel' has LevelScriptBlueprint '/Game/StarterContent/Maps/Minimal_Default.Minimal_Default:PersistentLevel.Minimal_Default' with GeneratedClass '/Game/StarterContent/Maps/Minimal_Default.Minimal_Default_C' with ClassGeneratedBy '/Game/StarterContent/Maps/Minimal_Default.Minimal_Default:PersistentLevel.Minimal_Default'
[2018.11.19-17.25.16:191][569]LogBlueprintUserMessages: Early EndPlayMap Detection: Level '/Game/StarterContent/Maps/Minimal_Default.Minimal_Default:PersistentLevel' has LevelScriptBlueprint '/Game/StarterContent/Maps/Minimal_Default.Minimal_Default:PersistentLevel.Minimal_Default' with GeneratedClass '/Game/StarterContent/Maps/Minimal_Default.Minimal_Default_C' with ClassGeneratedBy '/Game/StarterContent/Maps/Minimal_Default.Minimal_Default:PersistentLevel.Minimal_Default'
[2018.11.19-17.25.16:192][569]LogSlate: Updating window title bar state: overlay mode, drag disabled, window buttons hidden, title bar hidden
[2018.11.19-17.25.16:240][569]LogPlayLevel: Display: Shutting down PIE online subsystems
[2018.11.19-17.25.16:240][569]LogBlueprintUserMessages: Late EndPlayMap Detection: Level '/Game/StarterContent/Maps/Minimal_Default.Minimal_Default:PersistentLevel' has LevelScriptBlueprint '/Game/StarterContent/Maps/Minimal_Default.Minimal_Default:PersistentLevel.Minimal_Default' with GeneratedClass '/Game/StarterContent/Maps/Minimal_Default.Minimal_Default_C' with ClassGeneratedBy '/Game/StarterContent/Maps/Minimal_Default.Minimal_Default:PersistentLevel.Minimal_Default'
[2018.11.19-17.25.16:288][569]LogSlate: Updating window title bar state: overlay mode, drag disabled, window buttons hidden, title bar hidden
[2018.11.19-17.25.16:306][570]LogPlayLevel: Display: Destroying online subsystem :Context_6
