Log file open, 12/28/18 16:33:43
LogWindows: Failed to load 'aqProf.dll' (GetLastError=126)
LogWindows: File 'aqProf.dll' does not exist
LogWindows: Failed to load 'VSPerf140.dll' (GetLastError=126)
LogWindows: File 'VSPerf140.dll' does not exist
LogWindows: Failed to load 'VtuneApi.dll' (GetLastError=126)
LogWindows: File 'VtuneApi.dll' does not exist
LogWindows: Failed to load 'VtuneApi32e.dll' (GetLastError=126)
LogWindows: File 'VtuneApi32e.dll' does not exist
LogInit: Display: Running engine for game: FightingGame
LogPlatformFile: Not using cached read wrapper
LogTaskGraph: Started task graph with 5 named threads and 23 total threads with 3 sets of task threads.
LogStats: Stats thread started at 0.396979
LogD3D11RHI: Loaded GFSDK_Aftermath_Lib.x64.dll
LogICUInternationalization: Display: ICU TimeZone Detection - Raw Offset: +0:00, Platform Override: ''
LogPluginManager: Mounting plugin Paper2D
LogPluginManager: Mounting plugin AISupport
LogPluginManager: Mounting plugin LightPropagationVolume
LogPluginManager: Mounting plugin CLionSourceCodeAccess
LogPluginManager: Mounting plugin CodeLiteSourceCodeAccess
LogPluginManager: Mounting plugin GitSourceControl
LogPluginManager: Mounting plugin KDevelopSourceCodeAccess
LogPluginManager: Mounting plugin NullSourceCodeAccess
LogPluginManager: Mounting plugin PerforceSourceControl
LogPluginManager: Mounting plugin SubversionSourceControl
LogPluginManager: Mounting plugin UObjectPlugin
LogPluginManager: Mounting plugin VisualStudioCodeSourceCodeAccess
LogPluginManager: Mounting plugin VisualStudioSourceCodeAccess
LogPluginManager: Mounting plugin XCodeSourceCodeAccess
LogPluginManager: Mounting plugin AssetManagerEditor
LogPluginManager: Mounting plugin CryptoKeys
LogPluginManager: Mounting plugin DataValidation
LogPluginManager: Mounting plugin FacialAnimation
LogPluginManager: Mounting plugin GameplayTagsEditor
LogPluginManager: Mounting plugin MacGraphicsSwitching
LogPluginManager: Mounting plugin MeshEditor
LogPluginManager: Mounting plugin MobileLauncherProfileWizard
LogPluginManager: Mounting plugin PluginBrowser
LogPluginManager: Mounting plugin SpeedTreeImporter
LogPluginManager: Mounting plugin DatasmithContent
LogPluginManager: Mounting plugin AlembicImporter
LogPluginManager: Mounting plugin AppleImageUtils
LogPluginManager: Mounting plugin AppleVision
LogPluginManager: Mounting plugin BackChannel
LogPluginManager: Mounting plugin CharacterAI
LogPluginManager: Mounting plugin GeometryCache
LogPluginManager: Mounting plugin HTML5Networking
LogPluginManager: Mounting plugin ProxyLODPlugin
LogPluginManager: Mounting plugin MagicLeap
LogPluginManager: Mounting plugin MagicLeapEmulator
LogPluginManager: Mounting plugin MagicLeapMedia
LogPluginManager: Mounting plugin AndroidMedia
LogPluginManager: Mounting plugin AvfMedia
LogPluginManager: Mounting plugin ImgMedia
LogPluginManager: Mounting plugin LinearTimecode
LogPluginManager: Mounting plugin MediaCompositing
LogPluginManager: Mounting plugin MediaPlayerEditor
LogPluginManager: Mounting plugin WmfMedia
LogPluginManager: Mounting plugin TcpMessaging
LogPluginManager: Mounting plugin UdpMessaging
LogPluginManager: Mounting plugin ActorSequence
LogPluginManager: Mounting plugin LevelSequenceEditor
LogPluginManager: Mounting plugin MatineeToLevelSequence
LogPluginManager: Mounting plugin NetcodeUnitTest
LogPluginManager: Mounting plugin NUTUnrealEngine4
LogPluginManager: Mounting plugin OnlineSubsystemGooglePlay
LogPluginManager: Mounting plugin OnlineSubsystemIOS
LogPluginManager: Mounting plugin OnlineSubsystem
LogPluginManager: Mounting plugin OnlineSubsystemNull
LogPluginManager: Mounting plugin OnlineSubsystemUtils
LogPluginManager: Mounting plugin LauncherChunkInstaller
LogPluginManager: Mounting plugin AndroidDeviceProfileSelector
LogPluginManager: Mounting plugin AndroidMoviePlayer
LogPluginManager: Mounting plugin AndroidPermission
LogPluginManager: Mounting plugin AppleMoviePlayer
LogPluginManager: Mounting plugin ArchVisCharacter
LogPluginManager: Mounting plugin AudioCapture
LogPluginManager: Mounting plugin CableComponent
LogPluginManager: Mounting plugin CustomMeshComponent
LogPluginManager: Mounting plugin EditableMesh
LogPluginManager: Mounting plugin ExampleDeviceProfileSelector
LogPluginManager: Mounting plugin GoogleCloudMessaging
LogPluginManager: Mounting plugin ImmediatePhysics
LogPluginManager: Mounting plugin IOSDeviceProfileSelector
LogPluginManager: Mounting plugin LinuxDeviceProfileSelector
LogPluginManager: Mounting plugin LocationServicesBPLibrary
LogPluginManager: Mounting plugin MobilePatchingUtils
LogPluginManager: Mounting plugin OculusVR
LogPluginManager: Plugin shader directory ../../../Engine/Plugins/Runtime/Oculus/OculusVR/Shaders found
LogPluginManager: Mapping shader source directory ../../../Engine/Plugins/Runtime/Oculus/OculusVR/Shaders to virtual directory /Plugin/OculusVR
LogPluginManager: Mounting plugin PhysXVehicles
LogPluginManager: Mounting plugin ProceduralMeshComponent
LogPluginManager: Mounting plugin RuntimePhysXCooking
LogPluginManager: Mounting plugin SteamVR
LogPluginManager: Mounting plugin WindowsMoviePlayer
LogStreaming: Display: Took  0.216s to configure plugins.
LogInit: Using libcurl 7.55.1-DEV
LogInit:  - built for x86_64-pc-win32
LogInit:  - supports SSL with OpenSSL/1.0.2h
LogInit:  - supports HTTP deflate (compression) using libz 1.2.8
LogInit:  - other features:
LogInit:      CURL_VERSION_SSL
LogInit:      CURL_VERSION_LIBZ
LogInit:      CURL_VERSION_IPV6
LogInit:      CURL_VERSION_ASYNCHDNS
LogInit:      CURL_VERSION_LARGEFILE
LogInit:      CURL_VERSION_IDN
LogInit:  CurlRequestOptions (configurable via config and command line):
LogInit:  - bVerifyPeer = false  - Libcurl will NOT verify peer certificate
LogInit:  - bUseHttpProxy = false  - Libcurl will NOT use HTTP proxy
LogInit:  - bDontReuseConnections = false  - Libcurl will reuse connections
LogInit:  - CertBundlePath = nullptr  - Libcurl will use whatever was configured at build time.
LogInit:  - MaxHostConnections = 16  - Libcurl will limit the number of connections to a host
LogInit:  - LocalHostAddr = Default
LogInit:  - BufferSize = 65536
LogInit: WinSock: version 1.1 (2.2), MaxSocks=32767, MaxUdp=65467
LogInit: Build: ++UE4+Release-4.20-CL-4369336
LogInit: Engine Version: 4.20.3-4369336+++UE4+Release-4.20
LogInit: Compatible Engine Version: 4.20.0-4212847+++UE4+Release-4.20
LogInit: Net CL: 4212847
LogInit: OS: Windows 10 (), CPU: Intel(R) Core(TM) i7-6700K CPU @ 4.00GHz, GPU: NVIDIA GeForce GTX 1060 6GB
LogInit: Compiled (64-bit): Sep 17 2018 12:26:19
LogInit: Compiled with Visual C++: 19.13.26129.00
LogInit: Build Configuration: Development
LogInit: Branch Name: ++UE4+Release-4.20
LogInit: Command Line:  -skipcompile
LogInit: Base Directory: D:/Program Files/Epic Games/UE_4.20/Engine/Binaries/Win64/
LogInit: Installed Engine Build: 1
LogDevObjectVersion: Number of dev versions registered: 20
LogDevObjectVersion:   Dev-Blueprints (B0D832E4-1F89-4F0D-ACCF-7EB736FD4AA2): 10
LogDevObjectVersion:   Dev-Build (E1C64328-A22C-4D53-A36C-8E866417BD8C): 0
LogDevObjectVersion:   Dev-Core (375EC13C-06E4-48FB-B500-84F0262A717E): 2
LogDevObjectVersion:   Dev-Editor (E4B068ED-F494-42E9-A231-DA0B2E46BB41): 24
LogDevObjectVersion:   Dev-Framework (CFFC743F-43B0-4480-9391-14DF171D2073): 34
LogDevObjectVersion:   Dev-Mobile (B02B49B5-BB20-44E9-A304-32B752E40360): 2
LogDevObjectVersion:   Dev-Networking (A4E4105C-59A1-49B5-A7C5-40C4547EDFEE): 0
LogDevObjectVersion:   Dev-Online (39C831C9-5AE6-47DC-9A44-9C173E1C8E7C): 0
LogDevObjectVersion:   Dev-Physics (78F01B33-EBEA-4F98-B9B4-84EACCB95AA2): 0
LogDevObjectVersion:   Dev-Platform (6631380F-2D4D-43E0-8009-CF276956A95A): 0
LogDevObjectVersion:   Dev-Rendering (12F88B9F-8875-4AFC-A67C-D90C383ABD29): 26
LogDevObjectVersion:   Dev-Sequencer (7B5AE74C-D270-4C10-A958-57980B212A5A): 9
LogDevObjectVersion:   Dev-VR (D7296918-1DD6-4BDD-9DE2-64A83CC13884): 2
LogDevObjectVersion:   Dev-LoadTimes (C2A15278-BFE7-4AFE-6C17-90FF531DF755): 1
LogDevObjectVersion:   Private-Geometry (6EACA3D4-40EC-4CC1-B786-8BED09428FC5): 3
LogDevObjectVersion:   Dev-AnimPhys (29E575DD-E0A3-4627-9D10-D276232CDCEA): 17
LogDevObjectVersion:   Dev-ReflectionCapture (6B266CEC-1EC7-4B8F-A30B-E4D90942FC07): 1
LogDevObjectVersion:   Dev-Automation (0DF73D61-A23F-47EA-B727-89E90C41499A): 1
LogDevObjectVersion:   FortniteMain (601D1886-AC64-4F84-AA16-D3DE0DEAC7D6): 12
LogDevObjectVersion:   Dev-Enterprise (9DFFBCD6-494F-0158-E221-12823C92A888): 1
LogStreaming: Display: Took  0.008s to delete old logs.
LogInit: Presizing for max 8388607 objects, including 0 objects not considered by GC, pre-allocating 0 bytes for permanent pool.
LogInit: Object subsystem initialized
[2018.12.28-16.33.44:261][  0]LogInit: Selected Device Profile: [Windows]
[2018.12.28-16.33.44:261][  0]LogInit: Applying CVar settings loaded from the selected device profile: [Windows]
[2018.12.28-16.33.44:272][  0]LogHAL: Display: Platform has ~ 16 GB [17126547456 / 17179869184 / 16], which maps to Larger [LargestMinGB=32, LargerMinGB=12, DefaultMinGB=8, SmallerMinGB=6, SmallestMinGB=0)
[2018.12.28-16.33.44:272][  0]LogInit: Setting Device Profile CVar: [[r.Vulkan.UseRealUBs:1]]
[2018.12.28-16.33.44:272][  0]LogInit: Going up to parent DeviceProfile []
[2018.12.28-16.33.44:273][  0]LogInit: Computer: EDWARD
[2018.12.28-16.33.44:273][  0]LogInit: User: John
[2018.12.28-16.33.44:273][  0]LogInit: CPU Page size=4096, Cores=4
[2018.12.28-16.33.44:273][  0]LogInit: High frequency timer resolution =3.914061 MHz
[2018.12.28-16.33.44:273][  0]LogMemory: Memory total: Physical=16.0GB (16GB approx)
[2018.12.28-16.33.44:274][  0]LogMemory: Platform Memory Stats for Windows
[2018.12.28-16.33.44:274][  0]LogMemory: Process Physical Memory: 101.71 MB used, 101.71 MB peak
[2018.12.28-16.33.44:274][  0]LogMemory: Process Virtual Memory: 90.18 MB used, 90.18 MB peak
[2018.12.28-16.33.44:274][  0]LogMemory: Physical Memory: 8381.77 MB used,  7951.38 MB free, 16333.15 MB total
[2018.12.28-16.33.44:274][  0]LogMemory: Virtual Memory: 4638.83 MB used,  7951.38 MB free, 134217728.00 MB total
[2018.12.28-16.33.44:438][  0]LogInit: Using OS detected language (en-US).
[2018.12.28-16.33.44:438][  0]LogInit: Using OS detected locale (en-US).
[2018.12.28-16.33.44:439][  0]LogTextLocalizationManager: No specific localization for 'en-US' exists, so the 'en' localization will be used.
[2018.12.28-16.33.44:771][  0]LogStreaming: Display: Took  0.333s to InitEngineTextLocalization.
[2018.12.28-16.33.44:774][  0]LogInit: Setting process to per monitor DPI aware
[2018.12.28-16.33.44:877][  0]LogSlate: New Slate User Created.  User Index 0, Is Virtual User: 0
[2018.12.28-16.33.44:877][  0]LogSlate: Slate User Registered.  User Index 0, Is Virtual User: 0
[2018.12.28-16.33.45:140][  0]LogHMD: Failed to initialize OpenVR with code 102
[2018.12.28-16.33.45:140][  0]LogD3D11RHI: D3D11 adapters:
[2018.12.28-16.33.45:205][  0]LogD3D11RHI:    0. 'NVIDIA GeForce GTX 1060 6GB' (Feature Level 11_0)
[2018.12.28-16.33.45:205][  0]LogD3D11RHI:       6061/0/8166 MB DedicatedVideo/DedicatedSystem/SharedSystem, Outputs:3, VendorId:0x10de
[2018.12.28-16.33.45:211][  0]LogD3D11RHI:    1. 'Microsoft Basic Render Driver' (Feature Level 11_0)
[2018.12.28-16.33.45:211][  0]LogD3D11RHI:       0/0/8166 MB DedicatedVideo/DedicatedSystem/SharedSystem, Outputs:0, VendorId:0x1414
[2018.12.28-16.33.45:211][  0]LogD3D11RHI: Chosen D3D11 Adapter: 0
[2018.12.28-16.33.45:219][  0]LogD3D11RHI: Creating new Direct3DDevice
[2018.12.28-16.33.45:219][  0]LogD3D11RHI:     GPU DeviceId: 0x1c03 (for the marketing name, search the web for "GPU Device Id")
[2018.12.28-16.33.45:219][  0]LogWindows: EnumDisplayDevices:
[2018.12.28-16.33.45:219][  0]LogWindows:    0. 'NVIDIA GeForce GTX 1060 6GB' (P:1 D:1)
[2018.12.28-16.33.45:220][  0]LogWindows:    1. 'NVIDIA GeForce GTX 1060 6GB' (P:0 D:1)
[2018.12.28-16.33.45:220][  0]LogWindows:    2. 'NVIDIA GeForce GTX 1060 6GB' (P:0 D:1)
[2018.12.28-16.33.45:221][  0]LogWindows:    3. 'NVIDIA GeForce GTX 1060 6GB' (P:0 D:0)
[2018.12.28-16.33.45:221][  0]LogWindows: DebugString: FoundDriverCount:4 
[2018.12.28-16.33.45:221][  0]LogD3D11RHI:     Adapter Name: NVIDIA GeForce GTX 1060 6GB
[2018.12.28-16.33.45:221][  0]LogD3D11RHI:   Driver Version: 388.13 (internal:23.21.13.8813, unified:388.13)
[2018.12.28-16.33.45:221][  0]LogD3D11RHI:      Driver Date: 10-27-2017
[2018.12.28-16.33.45:221][  0]LogRHI: Texture pool is 4242 MB (70% of 6061 MB)
[2018.12.28-16.33.45:256][  0]LogD3D11RHI: Async texture creation enabled
[2018.12.28-16.33.45:273][  0]LogD3D11RHI: GPU Timing Frequency: 1000.000000 (Debug: 2 1)
[2018.12.28-16.33.45:374][  0]LogShaderCompilers: Guid format shader working directory is -3 characters bigger than the processId version (../../../../../../Git/FightingGame/FightingGame/Intermediate/Shaders/WorkingDirectory/20504/).
[2018.12.28-16.33.45:374][  0]LogShaderCompilers: Cleaned the shader compiler working directory 'C:/Users/John/AppData/Local/Temp/UnrealShaderWorkingDir/863608C647D8B356AC1237BB343E92EC/'.
[2018.12.28-16.33.45:734][  0]LogTemp: Display: Loaded TP AllDesktopTargetPlatform
[2018.12.28-16.33.45:784][  0]LogTemp: Display: Loaded TP MacClientTargetPlatform
[2018.12.28-16.33.45:825][  0]LogTemp: Display: Loaded TP MacNoEditorTargetPlatform
[2018.12.28-16.33.45:860][  0]LogTemp: Display: Loaded TP MacServerTargetPlatform
[2018.12.28-16.33.45:896][  0]LogTemp: Display: Loaded TP MacTargetPlatform
[2018.12.28-16.33.45:918][  0]LogTemp: Display: Loaded TP WindowsClientTargetPlatform
[2018.12.28-16.33.45:937][  0]LogTemp: Display: Loaded TP WindowsNoEditorTargetPlatform
[2018.12.28-16.33.45:958][  0]LogTemp: Display: Loaded TP WindowsServerTargetPlatform
[2018.12.28-16.33.45:972][  0]LogTemp: Display: Loaded TP WindowsTargetPlatform
[2018.12.28-16.33.46:050][  0]LogTemp: Display: Loaded TP AndroidTargetPlatform
[2018.12.28-16.33.46:050][  0]LogTemp: Display: Loaded TP AndroidTargetPlatform
[2018.12.28-16.33.46:050][  0]LogTemp: Display: Loaded TP AndroidTargetPlatform
[2018.12.28-16.33.46:050][  0]LogTemp: Display: Loaded TP AndroidTargetPlatform
[2018.12.28-16.33.46:051][  0]LogTemp: Display: Loaded TP AndroidTargetPlatform
[2018.12.28-16.33.46:051][  0]LogTemp: Display: Loaded TP AndroidTargetPlatform
[2018.12.28-16.33.46:051][  0]LogTemp: Display: Loaded TP AndroidTargetPlatform
[2018.12.28-16.33.46:051][  0]LogTemp: Display: Loaded TP AndroidTargetPlatform
[2018.12.28-16.33.46:051][  0]LogTemp: Display: Loaded TP AndroidTargetPlatform
[2018.12.28-16.33.46:051][  0]LogTemp: Display: Loaded TP AndroidTargetPlatform
[2018.12.28-16.33.46:051][  0]LogTemp: Display: Loaded TP AndroidTargetPlatform
[2018.12.28-16.33.46:051][  0]LogTemp: Display: Loaded TP AndroidTargetPlatform
[2018.12.28-16.33.46:051][  0]LogTemp: Display: Loaded TP AndroidTargetPlatform
[2018.12.28-16.33.46:051][  0]LogTemp: Display: Loaded TP AndroidTargetPlatform
[2018.12.28-16.33.46:051][  0]LogTemp: Display: Loaded TP AndroidTargetPlatform
[2018.12.28-16.33.46:051][  0]LogTemp: Display: Loaded TP AndroidTargetPlatform
[2018.12.28-16.33.46:051][  0]LogTemp: Display: Loaded TP AndroidTargetPlatform
[2018.12.28-16.33.46:051][  0]LogTemp: Display: Loaded TP AndroidTargetPlatform
[2018.12.28-16.33.46:056][  0]LogTemp: Display: Loaded TP HTML5TargetPlatform
[2018.12.28-16.33.46:133][  0]LogTemp: Display: Loaded TP IOSTargetPlatform
[2018.12.28-16.33.46:133][  0]LogTemp: Display: Loaded TP IOSTargetPlatform
[2018.12.28-16.33.46:160][  0]LogTemp: Display: Loaded TP TVOSTargetPlatform
[2018.12.28-16.33.46:161][  0]LogTemp: Display: Loaded TP TVOSTargetPlatform
[2018.12.28-16.33.46:177][  0]LogTemp: Display: Loaded TP LinuxClientTargetPlatform
[2018.12.28-16.33.46:192][  0]LogTemp: Display: Loaded TP LinuxNoEditorTargetPlatform
[2018.12.28-16.33.46:208][  0]LogTemp: Display: Loaded TP LinuxServerTargetPlatform
[2018.12.28-16.33.46:224][  0]LogTemp: Display: Loaded TP LinuxTargetPlatform
[2018.12.28-16.33.46:237][  0]LogTemp: Display: Loaded TP LuminTargetPlatform
[2018.12.28-16.33.46:237][  0]LogTargetPlatformManager: Display: Building Assets For Windows
[2018.12.28-16.33.46:448][  0]LogXGEController: Cleaning working directory: C:/Users/John/AppData/Local/Temp/UnrealXGEWorkingDir/
[2018.12.28-16.33.46:449][  0]LogXGEController: Cannot use XGE Controller as Incredibuild is not installed on this machine.
[2018.12.28-16.33.46:449][  0]LogShaderCompilers: Cannot use XGE Shader Compiler as Incredibuild is not installed on this machine.
[2018.12.28-16.33.46:449][  0]LogShaderCompilers: Display: Using Local Shader Compiler.
[2018.12.28-16.33.47:216][  0]LogDerivedDataCache: Display: Max Cache Size: 512 MB
[2018.12.28-16.33.47:264][  0]LogDerivedDataCache: Loaded boot cache 0.05s 71MB C:/Users/John/AppData/Local/UnrealEngine/4.20/DerivedDataCache/Boot.ddc.
[2018.12.28-16.33.47:264][  0]LogDerivedDataCache: Display: Loaded Boot cache: C:/Users/John/AppData/Local/UnrealEngine/4.20/DerivedDataCache/Boot.ddc
[2018.12.28-16.33.47:264][  0]LogDerivedDataCache: FDerivedDataBackendGraph:  Pak pak cache file ../../../../../../Git/FightingGame/FightingGame/DerivedDataCache/DDC.ddp not found, will not use a pak cache.
[2018.12.28-16.33.47:265][  0]LogDerivedDataCache: Unable to find inner node Pak for hierarchical cache Hierarchy.
[2018.12.28-16.33.47:265][  0]LogDerivedDataCache: FDerivedDataBackendGraph:  CompressedPak pak cache file ../../../../../../Git/FightingGame/FightingGame/DerivedDataCache/Compressed.ddp not found, will not use a pak cache.
[2018.12.28-16.33.47:265][  0]LogDerivedDataCache: Unable to find inner node CompressedPak for hierarchical cache Hierarchy.
[2018.12.28-16.33.47:275][  0]LogDerivedDataCache: Display: Pak cache opened for reading ../../../Engine/DerivedDataCache/Compressed.ddp.
[2018.12.28-16.33.47:289][  0]LogDerivedDataCache: Using Local data cache path C:/Users/John/AppData/Local/UnrealEngine/Common/DerivedDataCache: Writable
[2018.12.28-16.33.47:289][  0]LogDerivedDataCache: Shared data cache path not found in *engine.ini, will not use an Shared cache.
[2018.12.28-16.33.47:289][  0]LogDerivedDataCache: Unable to find inner node Shared for hierarchical cache Hierarchy.
[2018.12.28-16.33.47:305][  0]LogMaterial: Verifying Global Shaders for PCD3D_SM5
[2018.12.28-16.33.47:306][  0]LogSlate: Using FreeType 2.6.0
[2018.12.28-16.33.47:307][  0]LogSlate: SlateFontServices - WITH_FREETYPE: 1, WITH_HARFBUZZ: 1
[2018.12.28-16.33.47:391][  0]LogAssetRegistry: FAssetRegistry took 0.0284 seconds to start up
[2018.12.28-16.33.47:708][  0]LogInit: Selected Device Profile: [Windows]
[2018.12.28-16.33.47:947][  0]LogSimplygon: Simplygon DLL not present - disabling.
[2018.12.28-16.33.48:008][  0]LogMeshReduction: Using SimplygonSwarm for distributed automatic mesh merging
[2018.12.28-16.33.48:008][  0]LogMeshReduction: Using ProxyLODMeshReduction for automatic mesh merging
[2018.12.28-16.33.48:008][  0]LogMeshReduction: Using QuadricMeshReduction for automatic static mesh reduction
[2018.12.28-16.33.48:008][  0]LogMeshReduction: No automatic skeletal mesh reduction module available
[2018.12.28-16.33.48:141][  0]LogNetVersion: FightingGame 1.0.0, NetCL: 4212847, EngineNetVer: 5, GameNetVer: 0 (Checksum: 156865789)
[2018.12.28-16.33.48:724][  0]LogPackageLocalizationCache: Processed 11 localized package path(s) for 2 prioritized culture(s) in 0.136250 seconds
[2018.12.28-16.33.48:731][  0]LogUObjectArray: 38425 objects as part of root set at end of initial load.
[2018.12.28-16.33.48:731][  0]LogUObjectAllocator: 6690864 out of 0 bytes used by permanent object pool.
[2018.12.28-16.33.48:731][  0]LogUObjectArray: CloseDisregardForGC: 0/0 objects in disregard for GC pool
[2018.12.28-16.33.49:957][  0]LogTcpMessaging: Initializing TcpMessaging bridge
[2018.12.28-16.33.50:026][  0]LogUdpMessaging: Initializing bridge on interface 0.0.0.0:0 to multicast group 230.0.0.1:6666.
[2018.12.28-16.33.50:428][  0]SourceControl: Source control is disabled
[2018.12.28-16.33.50:428][  0]SourceControl: Source control is disabled
[2018.12.28-16.33.50:442][  0]SourceControl: Source control is disabled
[2018.12.28-16.33.50:448][  0]SourceControl: Source control is disabled
[2018.12.28-16.33.50:875][  0]LogAndroidPermission: UAndroidPermissionCallbackProxy::GetInstance
[2018.12.28-16.33.51:425][  0]LogOcInput: OculusInput pre-init called
[2018.12.28-16.33.51:516][  0]LogEngine: Initializing Engine...
[2018.12.28-16.33.51:518][  0]LogHMD: Failed to initialize OpenVR with code 102
[2018.12.28-16.33.51:519][  0]LogStats: UGameplayTagsManager::ConstructGameplayTagTree: ImportINI prefixes -  0.000 s
[2018.12.28-16.33.51:519][  0]LogStats: UGameplayTagsManager::ConstructGameplayTagTree: Construct from data asset -  0.000 s
[2018.12.28-16.33.51:520][  0]LogStats: UGameplayTagsManager::ConstructGameplayTagTree: ImportINI -  0.000 s
[2018.12.28-16.33.51:520][  0]LogStats: UGameplayTagsManager::ConstructGameplayTagTree: GameplayTagTreeChangedEvent.Broadcast -  0.000 s
[2018.12.28-16.33.51:708][  0]LogInit: Initializing FReadOnlyCVARCache
[2018.12.28-16.33.51:731][  0]LogAIModule: Creating AISystem for world Untitled
[2018.12.28-16.33.51:832][  0]LogInit: XAudio2 using 'Headset Earphone (Razer ManO'War)' : 2 channels at 48 kHz using 16 bits per sample (channel mask 0x3)
[2018.12.28-16.33.51:911][  0]LogInit: FAudioDevice initialized.
[2018.12.28-16.33.51:911][  0]LogNetVersion: Set ProjectVersion to 1.0.0.0. Version Checksum will be recalculated on next use.
[2018.12.28-16.33.52:040][  0]LogDerivedDataCache: Saved boot cache 0.13s 71MB C:/Users/John/AppData/Local/UnrealEngine/4.20/DerivedDataCache/Boot.ddc.
[2018.12.28-16.33.52:048][  0]LogInit: Texture streaming: Enabled
[2018.12.28-16.33.52:134][  0]LogEngineSessionManager: EngineSessionManager initialized
[2018.12.28-16.33.52:135][  0]LogEngineSessionManager: EngineSessionManager sent abnormal shutdown report. Type=Debugger, SessionId={631323C6-4823-A331-3288-72888D211743}
[2018.12.28-16.33.52:192][  0]LogInit: Transaction tracking system initialized
[2018.12.28-16.33.52:351][  0]BlueprintLog: New page: Editor Load
[2018.12.28-16.33.52:644][  0]LocalizationService: Localization service is disabled
[2018.12.28-16.33.53:019][  0]LogCook: Display: Max memory allowance for cook 16384mb min free memory 0mb
[2018.12.28-16.33.53:020][  0]LogCook: Display: Mobile HDR setting 1
[2018.12.28-16.33.53:020][  0]LogGameplayTags: Display: UGameplayTagsManager::DoneAddingNativeTags. DelegateIsBound: 0
[2018.12.28-16.33.53:020][  0]LogStats: UGameplayTagsManager::ConstructGameplayTagTree: ImportINI prefixes -  0.000 s
[2018.12.28-16.33.53:020][  0]LogStats: UGameplayTagsManager::ConstructGameplayTagTree: Construct from data asset -  0.000 s
[2018.12.28-16.33.53:020][  0]LogStats: UGameplayTagsManager::ConstructGameplayTagTree: ImportINI -  0.000 s
[2018.12.28-16.33.53:020][  0]LogStats: UGameplayTagsManager::ConstructGameplayTagTree: GameplayTagTreeChangedEvent.Broadcast -  0.000 s
[2018.12.28-16.33.53:226][  0]LogFileCache: Scanning file cache for directory 'D:/Git/FightingGame/FightingGame/Content/' took 0.02s
[2018.12.28-16.33.53:227][  0]LogLinker: Warning: Can't find file '/Engine/BasicShapes/Cylinder'
[2018.12.28-16.33.53:227][  0]LogLinker: Warning: Can't find file '/Engine/BasicShapes/Cylinder'
[2018.12.28-16.33.53:227][  0]LogUObjectGlobals: Warning: Failed to find object 'StaticMesh /Engine/BasicShapes/Cylinder.Cylinder'
[2018.12.28-16.33.53:572][  0]SourceControl: Source control is disabled
[2018.12.28-16.33.53:573][  0]Cmd: MAP LOAD FILE="../../../../../../Git/FightingGame/FightingGame/Content/StarterContent/Maps/Minimal_Default.umap" TEMPLATE=0 SHOWPROGRESS=1 FEATURELEVEL=3
[2018.12.28-16.33.53:573][  0]LightingResults: New page: Lighting Build
[2018.12.28-16.33.53:578][  0]MapCheck: New page: Map Check
[2018.12.28-16.33.53:578][  0]LightingResults: New page: Lighting Build
[2018.12.28-16.33.53:870][  0]LogAIModule: Creating AISystem for world Minimal_Default
[2018.12.28-16.33.53:882][  0]LogEditorServer: Finished looking for orphan Actors (0.000 secs)
[2018.12.28-16.33.53:903][  0]Cmd: MAP CHECKDEP NOCLEARLOG
[2018.12.28-16.33.54:041][  0]MapCheck: Map check complete: 0 Error(s), 0 Warning(s), took 138.073ms to complete.
[2018.12.28-16.33.54:042][  0]LogFileHelpers: Loading map 'Minimal_Default' took 0.469
[2018.12.28-16.33.54:191][  0]LogSlate: Updating window title bar state: overlay mode, drag disabled, window buttons hidden, title bar hidden
[2018.12.28-16.33.54:198][  0]LogSlate: Updating window title bar state: overlay mode, drag disabled, window buttons hidden, title bar hidden
[2018.12.28-16.33.54:204][  0]LogSlate: Updating window title bar state: overlay mode, drag disabled, window buttons hidden, title bar hidden
[2018.12.28-16.33.54:211][  0]LogSlate: Updating window title bar state: overlay mode, drag disabled, window buttons hidden, title bar hidden
[2018.12.28-16.33.54:238][  0]LogCollectionManager: Loaded 0 collections in 0.002590 seconds
[2018.12.28-16.33.54:447][  0]LogFileCache: Scanning file cache for directory 'D:/Git/FightingGame/FightingGame/Saved/Collections/' took 0.03s
[2018.12.28-16.33.54:447][  0]LogFileCache: Scanning file cache for directory 'D:/Git/FightingGame/FightingGame/Content/Developers/John/Collections/' took 0.03s
[2018.12.28-16.33.54:447][  0]LogFileCache: Scanning file cache for directory 'D:/Git/FightingGame/FightingGame/Content/Collections/' took 0.03s
[2018.12.28-16.33.54:447][  0]LogCollectionManager: Rebuilt the GUID cache for 0 collections in 0.000000 seconds
[2018.12.28-16.33.54:456][  0]LogContentBrowser: Native class hierarchy populated in 0.0085 seconds. Added 2577 classes and 605 folders.
[2018.12.28-16.33.54:464][  0]LogContentBrowser: Native class hierarchy updated for 'WidgetCarousel' in 0.0004 seconds. Added 0 classes and 0 folders.
[2018.12.28-16.33.54:522][  0]LogContentBrowser: Native class hierarchy updated for 'AddContentDialog' in 0.0003 seconds. Added 0 classes and 0 folders.
[2018.12.28-16.33.54:562][  0]LogContentBrowser: Native class hierarchy updated for 'SceneOutliner' in 0.0004 seconds. Added 1 classes and 2 folders.
[2018.12.28-16.33.54:650][  0]LogSlate: Took 0.000272 seconds to synchronously load lazily loaded font '../../../Engine/Content/Slate/Fonts/Roboto-Regular.ttf' (155K)
[2018.12.28-16.33.54:654][  0]LogSlate: Took 0.000298 seconds to synchronously load lazily loaded font '../../../Engine/Content/Slate/Fonts/Roboto-Bold.ttf' (160K)
[2018.12.28-16.33.54:661][  0]LogSlate: Took 0.000256 seconds to synchronously load lazily loaded font '../../../Engine/Content/Editor/Slate/Fonts/FontAwesome.ttf' (139K)
[2018.12.28-16.33.54:738][  0]LogRenderer: Reallocating scene render targets to support 1208x680 Format 10 NumSamples 1 (Frame:1).
[2018.12.28-16.33.54:785][  0]LogSlate: Took 0.000198 seconds to synchronously load lazily loaded font '../../../Engine/Content/Slate/Fonts/Roboto-Light.ttf' (167K)
[2018.12.28-16.33.54:901][  0]LogContentBrowser: Native class hierarchy updated for 'HierarchicalLODOutliner' in 0.0004 seconds. Added 0 classes and 0 folders.
[2018.12.28-16.33.54:901][  0]LogLoad: (Engine Initialization) Total time: 13.18 seconds
[2018.12.28-16.33.54:901][  0]LogLoad: (Engine Initialization) Total Blueprint compile time: 0.00 seconds
[2018.12.28-16.33.54:913][  0]LogWindowsTextInputMethodSystem: Display: IME system now deactivated.
[2018.12.28-16.33.54:935][  0]LogContentStreaming: Texture pool size now 1000 MB
[2018.12.28-16.33.54:974][  1]LogAssetRegistry: Asset discovery search completed in 7.6076 seconds
[2018.12.28-16.33.54:975][  1]LogCollectionManager: Rebuilt the object cache for 0 collections in 0.000001 seconds (found 0 objects)
[2018.12.28-16.33.54:976][  1]LogCollectionManager: Fixed up redirectors for 0 collections in 0.000156 seconds (updated 0 objects)
[2018.12.28-16.33.56:825][ 50]LogSlate: FSceneViewport::OnFocusLost() reason 0
[2018.12.28-16.33.56:826][ 50]LogTemp: Repeating last play command: Selected Viewport
[2018.12.28-16.33.56:996][ 50]LogBlueprintUserMessages: Early PlayInEditor Detection: Level '/Game/StarterContent/Maps/Minimal_Default.Minimal_Default:PersistentLevel' has LevelScriptBlueprint '/Game/StarterContent/Maps/Minimal_Default.Minimal_Default:PersistentLevel.Minimal_Default' with GeneratedClass '/Game/StarterContent/Maps/Minimal_Default.Minimal_Default_C' with ClassGeneratedBy '/Game/StarterContent/Maps/Minimal_Default.Minimal_Default:PersistentLevel.Minimal_Default'
[2018.12.28-16.33.56:996][ 50]LogPlayLevel: PlayLevel: No blueprints needed recompiling
[2018.12.28-16.33.57:023][ 50]PIE: New page: PIE session: Minimal_Default (Dec 28, 2018, 4:33:57 PM)
[2018.12.28-16.33.57:024][ 50]LogPlayLevel: Creating play world package: /Game/StarterContent/Maps/UEDPIE_1_Minimal_Default
[2018.12.28-16.33.57:027][ 50]LogPlayLevel: PIE: StaticDuplicateObject took: (0.003396s)
[2018.12.28-16.33.57:028][ 50]LogAIModule: Creating AISystem for world Minimal_Default
[2018.12.28-16.33.57:028][ 50]LogPlayLevel: PIE: World Init took: (0.000862s)
[2018.12.28-16.33.57:028][ 50]LogPlayLevel: PIE: Created PIE world by copying editor world from /Game/StarterContent/Maps/Minimal_Default.Minimal_Default to /Game/StarterContent/Maps/UEDPIE_1_Minimal_Default.Minimal_Default (0.004648s)
[2018.12.28-16.33.57:096][ 50]LogInit: XAudio2 using 'Headset Earphone (Razer ManO'War)' : 2 channels at 48 kHz using 16 bits per sample (channel mask 0x3)
[2018.12.28-16.33.57:163][ 50]LogInit: FAudioDevice initialized.
[2018.12.28-16.33.57:378][ 50]LogLoad: Game class is 'FightingGameMode_C'
[2018.12.28-16.33.57:380][ 50]LogWorld: Bringing World /Game/StarterContent/Maps/UEDPIE_1_Minimal_Default.Minimal_Default up for play (max tick rate 0) at 2018.12.28-16.33.57
[2018.12.28-16.33.57:381][ 50]LogWorld: Bringing up level for play took: 0.001009
[2018.12.28-16.33.57:400][ 50]LogContentBrowser: Native class hierarchy updated for 'MovieSceneCapture' in 0.0004 seconds. Added 10 classes and 0 folders.
[2018.12.28-16.33.57:402][ 50]LogTemp: Display: ParseSettings for GameNetDriver
[2018.12.28-16.33.57:402][ 50]LogTemp: Display: ParseSettings for IpNetDriver_0
[2018.12.28-16.33.57:403][ 50]LogTemp: Display: ParseSettings for GameNetDriver
[2018.12.28-16.33.57:403][ 50]LogNet: ReplicationDriverClass is null! Not using ReplicationDriver.
[2018.12.28-16.33.57:403][ 50]LogInit: WinSock: Socket queue 131072 / 131072
[2018.12.28-16.33.57:408][ 50]LogInit: WinSock: I am Edward (192.168.43.111:0)
[2018.12.28-16.33.57:408][ 50]PacketHandlerLog: Loaded PacketHandler component: Engine.EngineHandlerComponentFactory (StatelessConnectHandlerComponent)
[2018.12.28-16.33.57:408][ 50]LogNet: GameNetDriver IpNetDriver_0 IpNetDriver listening on port 17777
[2018.12.28-16.33.57:409][ 50]PIE: Play in editor start time for /Game/StarterContent/Maps/UEDPIE_1_Minimal_Default -0.542
[2018.12.28-16.33.57:421][ 50]PIE: New page: PIE session: Minimal_Default (Dec 28, 2018, 4:33:57 PM)
[2018.12.28-16.33.57:439][ 50]LogSlate: FSceneViewport::OnFocusLost() reason 2
[2018.12.28-16.33.57:443][ 50]LogSlate: Updating window title bar state: overlay mode, drag disabled, window buttons hidden, title bar hidden
[2018.12.28-16.33.57:778][ 50]LogNet: Browse: 127.0.0.1:17777//Game/StarterContent/Maps/Minimal_Default
[2018.12.28-16.33.57:778][ 50]LogTemp: Display: ParseSettings for GameNetDriver
[2018.12.28-16.33.57:778][ 50]LogTemp: Display: ParseSettings for IpNetDriver_1
[2018.12.28-16.33.57:778][ 50]LogTemp: Display: ParseSettings for PendingNetDriver
[2018.12.28-16.33.57:778][ 50]LogInit: WinSock: Socket queue 32768 / 32768
[2018.12.28-16.33.57:779][ 50]PacketHandlerLog: Loaded PacketHandler component: Engine.EngineHandlerComponentFactory (StatelessConnectHandlerComponent)
[2018.12.28-16.33.57:779][ 50]LogNet: Game client on port 17777, rate 10000
[2018.12.28-16.33.57:841][ 50]PIE: Play in editor start time for /Game/StarterContent/Maps/Minimal_Default -0.11
[2018.12.28-16.33.57:926][ 50]LogBlueprintUserMessages: Late PlayInEditor Detection: Level '/Game/StarterContent/Maps/Minimal_Default.Minimal_Default:PersistentLevel' has LevelScriptBlueprint '/Game/StarterContent/Maps/Minimal_Default.Minimal_Default:PersistentLevel.Minimal_Default' with GeneratedClass '/Game/StarterContent/Maps/Minimal_Default.Minimal_Default_C' with ClassGeneratedBy '/Game/StarterContent/Maps/Minimal_Default.Minimal_Default:PersistentLevel.Minimal_Default'
[2018.12.28-16.33.57:926][ 50]LogNet: NotifyAcceptingConnection accepted from: 127.0.0.1:51897
[2018.12.28-16.33.57:926][ 50]LogHandshake: SendConnectChallenge. Timestamp: 0.333334, Cookie: 012037220051047228169177036245006066160180255172248206112105
[2018.12.28-16.33.57:933][ 50]LogHandshake: SendChallengeResponse. Timestamp: 0.333334, Cookie: 012037220051047228169177036245006066160180255172248206112105
[2018.12.28-16.33.58:010][ 51]LogNet: NotifyAcceptingConnection accepted from: 127.0.0.1:51897
[2018.12.28-16.33.58:010][ 51]LogHandshake: SendChallengeAck. InCookie: 012037220051047228169177036245006066160180255172248206112105
[2018.12.28-16.33.58:010][ 51]LogNet: Server accepting post-challenge connection from: 127.0.0.1:51897
[2018.12.28-16.33.58:011][ 51]PacketHandlerLog: Loaded PacketHandler component: Engine.EngineHandlerComponentFactory (StatelessConnectHandlerComponent)
[2018.12.28-16.33.58:011][ 51]LogNet: NotifyAcceptedConnection: Name: Minimal_Default, TimeStamp: 12/28/18 16:33:58, [UNetConnection] RemoteAddr: 127.0.0.1:51897, Name: IpConnection_1, Driver: GameNetDriver IpNetDriver_0, IsServer: YES, PC: NULL, Owner: NULL, UniqueId: INVALID
[2018.12.28-16.33.58:012][ 51]LogNet: AddClientConnection: Added client connection: [UNetConnection] RemoteAddr: 127.0.0.1:51897, Name: IpConnection_1, Driver: GameNetDriver IpNetDriver_0, IsServer: YES, PC: NULL, Owner: NULL, UniqueId: INVALID
[2018.12.28-16.33.58:013][ 51]LogNetVersion: FightingGame 1.0.0.0, NetCL: 4212847, EngineNetVer: 5, GameNetVer: 0 (Checksum: 4124689447)
[2018.12.28-16.33.58:013][ 51]LogNet: UPendingNetGame::SendInitialJoin: Sending hello. [UNetConnection] RemoteAddr: 127.0.0.1:17777, Name: IpConnection_0, Driver: PendingNetDriver IpNetDriver_1, IsServer: NO, PC: NULL, Owner: NULL, UniqueId: INVALID
[2018.12.28-16.33.58:027][ 52]LogNet: NotifyAcceptingChannel Control 0 server World /Game/StarterContent/Maps/UEDPIE_1_Minimal_Default.Minimal_Default: Accepted
[2018.12.28-16.33.58:028][ 52]LogNet: Remote platform little endian=1
[2018.12.28-16.33.58:028][ 52]LogNet: This platform little endian=1
[2018.12.28-16.33.58:051][ 53]LogNet: Login request: /Game/StarterContent/Maps/Minimal_Default?Name=Edward-D833F3C245A35B1F176AC8BD43E17CDC userId: Edward-D833F3C245A35B1F176AC8BD43E17CDC
[2018.12.28-16.33.58:052][ 53]LogNet: Welcomed by server (Level: /Game/StarterContent/Maps/UEDPIE_1_Minimal_Default, Game: /Game/FightingGameMode.FightingGameMode_C)
[2018.12.28-16.33.58:052][ 53]LogLoad: LoadMap: 127.0.0.1:17777//Game/StarterContent/Maps/UEDPIE_1_Minimal_Default?game=/Game/FightingGameMode.FightingGameMode_C
[2018.12.28-16.33.58:076][ 53]LogAIModule: Creating AISystem for world Minimal_Default
[2018.12.28-16.33.58:077][ 53]LogTemp: Display: ParseSettings for GameNetDriver
[2018.12.28-16.33.58:078][ 53]LogWorld: Bringing World /Game/StarterContent/Maps/UEDPIE_2_Minimal_Default.Minimal_Default up for play (max tick rate 0) at 2018.12.28-16.33.58
[2018.12.28-16.33.58:078][ 53]LogWorld: Bringing up level for play took: 0.000765
[2018.12.28-16.33.58:078][ 53]LogLoad: Took 0.025849 seconds to LoadMap(/Game/StarterContent/Maps/UEDPIE_1_Minimal_Default)
[2018.12.28-16.33.58:092][ 54]LogNet: Client netspeed is 10000
[2018.12.28-16.33.58:092][ 54]LogNet: Join request: /Game/StarterContent/Maps/Minimal_Default?Name=Edward-D833F3C245A35B1F176AC8BD43E17CDC?SplitscreenCount=1
[2018.12.28-16.33.58:093][ 54]LogOnline: Warning: OSS: No game present to join for session (GameSession)
[2018.12.28-16.33.58:095][ 54]LogRenderer: Reallocating scene render targets to support 1280x720 Format 10 NumSamples 1 (Frame:1).
[2018.12.28-16.33.58:095][ 54]LogNet: Join succeeded: Edward-D833F3C245A35
[2018.12.28-16.33.58:163][ 59]LogOnline: Warning: OSS: No game present to join for session (GameSession)
[2018.12.28-16.33.58:184][ 61]LogOnline: Warning: OSS: No game present to join for session (GameSession)
[2018.12.28-16.34.34:716][958]LogBlueprintUserMessages: Early EndPlayMap Detection: Level '/Game/StarterContent/Maps/Minimal_Default.Minimal_Default:PersistentLevel' has LevelScriptBlueprint '/Game/StarterContent/Maps/Minimal_Default.Minimal_Default:PersistentLevel.Minimal_Default' with GeneratedClass '/Game/StarterContent/Maps/Minimal_Default.Minimal_Default_C' with ClassGeneratedBy '/Game/StarterContent/Maps/Minimal_Default.Minimal_Default:PersistentLevel.Minimal_Default'
[2018.12.28-16.34.34:717][958]LogSlate: Updating window title bar state: overlay mode, drag disabled, window buttons hidden, title bar hidden
[2018.12.28-16.34.34:732][958]LogSlate: Window 'FightingGame Game Preview Client 1 (64-bit/PCD3D_SM5)' being destroyed
[2018.12.28-16.34.34:811][958]LogOnline: Warning: OSS: No game present to leave for session (GameSession)
[2018.12.28-16.34.34:811][958]LogSlate: Updating window title bar state: overlay mode, drag disabled, window buttons hidden, title bar hidden
[2018.12.28-16.34.34:849][958]LogPlayLevel: Display: Shutting down PIE online subsystems
[2018.12.28-16.34.34:849][958]LogBlueprintUserMessages: Late EndPlayMap Detection: Level '/Game/StarterContent/Maps/Minimal_Default.Minimal_Default:PersistentLevel' has LevelScriptBlueprint '/Game/StarterContent/Maps/Minimal_Default.Minimal_Default:PersistentLevel.Minimal_Default' with GeneratedClass '/Game/StarterContent/Maps/Minimal_Default.Minimal_Default_C' with ClassGeneratedBy '/Game/StarterContent/Maps/Minimal_Default.Minimal_Default:PersistentLevel.Minimal_Default'
[2018.12.28-16.34.34:870][958]LogSlate: Updating window title bar state: overlay mode, drag disabled, window buttons hidden, title bar hidden
[2018.12.28-16.34.34:871][958]LogNet: UChannel::CleanUp: ChIndex == 0. Closing connection. [UChannel] ChIndex: 0, Closing: 0 [UNetConnection] RemoteAddr: 127.0.0.1:17777, Name: None, Driver: GameNetDriver None, IsServer: NO, PC: None, Owner: None, UniqueId: NULL:Edward-D833F3C245A35B1F176AC8BD43E17CDC
[2018.12.28-16.34.34:871][958]LogNet: UNetConnection::Close: [UNetConnection] RemoteAddr: 127.0.0.1:17777, Name: None, Driver: GameNetDriver None, IsServer: NO, PC: None, Owner: None, UniqueId: NULL:Edward-D833F3C245A35B1F176AC8BD43E17CDC, Channels: 1, Time: 2018.12.28-16.34.34
[2018.12.28-16.34.34:871][958]LogNet: UChannel::Close: Sending CloseBunch. ChIndex == 0. Name: [UChannel] ChIndex: 0, Closing: 0 [UNetConnection] RemoteAddr: 127.0.0.1:17777, Name: None, Driver: GameNetDriver None, IsServer: NO, PC: None, Owner: None, UniqueId: NULL:Edward-D833F3C245A35B1F176AC8BD43E17CDC
[2018.12.28-16.34.34:871][958]LogNet: UChannel::CleanUp: ChIndex == 0. Closing connection. [UChannel] ChIndex: 0, Closing: 0 [UNetConnection] RemoteAddr: 127.0.0.1:51897, Name: None, Driver: GameNetDriver None, IsServer: YES, PC: None, Owner: None, UniqueId: NULL:Edward-D833F3C245A35B1F176AC8BD43E17CDC
[2018.12.28-16.34.34:871][958]LogNet: UNetConnection::Close: [UNetConnection] RemoteAddr: 127.0.0.1:51897, Name: None, Driver: GameNetDriver None, IsServer: YES, PC: None, Owner: None, UniqueId: NULL:Edward-D833F3C245A35B1F176AC8BD43E17CDC, Channels: 1, Time: 2018.12.28-16.34.34
[2018.12.28-16.34.34:871][958]LogNet: UChannel::Close: Sending CloseBunch. ChIndex == 0. Name: [UChannel] ChIndex: 0, Closing: 0 [UNetConnection] RemoteAddr: 127.0.0.1:51897, Name: None, Driver: GameNetDriver None, IsServer: YES, PC: None, Owner: None, UniqueId: NULL:Edward-D833F3C245A35B1F176AC8BD43E17CDC
[2018.12.28-16.34.34:872][958]LogExit: GameNetDriver None shut down
[2018.12.28-16.34.34:873][958]LogExit: GameNetDriver None shut down
[2018.12.28-16.34.34:893][959]LogPlayLevel: Display: Destroying online subsystem :Context_2
[2018.12.28-16.34.34:893][959]LogPlayLevel: Display: Destroying online subsystem :Context_1
[2018.12.28-16.34.36:107][ 56]LogSlate: FSceneViewport::OnFocusLost() reason 0
[2018.12.28-16.34.36:165][ 63]LogTemp: Repeating last play command: Selected Viewport
[2018.12.28-16.34.36:176][ 63]LogBlueprintUserMessages: Early PlayInEditor Detection: Level '/Game/StarterContent/Maps/Minimal_Default.Minimal_Default:PersistentLevel' has LevelScriptBlueprint '/Game/StarterContent/Maps/Minimal_Default.Minimal_Default:PersistentLevel.Minimal_Default' with GeneratedClass '/Game/StarterContent/Maps/Minimal_Default.Minimal_Default_C' with ClassGeneratedBy '/Game/StarterContent/Maps/Minimal_Default.Minimal_Default:PersistentLevel.Minimal_Default'
[2018.12.28-16.34.36:176][ 63]LogPlayLevel: PlayLevel: No blueprints needed recompiling
[2018.12.28-16.34.36:188][ 63]PIE: New page: PIE session: Minimal_Default (Dec 28, 2018, 4:34:36 PM)
[2018.12.28-16.34.36:188][ 63]LogPlayLevel: Creating play world package: /Game/StarterContent/Maps/UEDPIE_1_Minimal_Default
[2018.12.28-16.34.36:191][ 63]LogPlayLevel: PIE: StaticDuplicateObject took: (0.002685s)
[2018.12.28-16.34.36:192][ 63]LogAIModule: Creating AISystem for world Minimal_Default
[2018.12.28-16.34.36:192][ 63]LogPlayLevel: PIE: World Init took: (0.000792s)
[2018.12.28-16.34.36:192][ 63]LogPlayLevel: PIE: Created PIE world by copying editor world from /Game/StarterContent/Maps/Minimal_Default.Minimal_Default to /Game/StarterContent/Maps/UEDPIE_1_Minimal_Default.Minimal_Default (0.003852s)
[2018.12.28-16.34.36:258][ 63]LogInit: XAudio2 using 'Headset Earphone (Razer ManO'War)' : 2 channels at 48 kHz using 16 bits per sample (channel mask 0x3)
[2018.12.28-16.34.36:317][ 63]LogInit: FAudioDevice initialized.
[2018.12.28-16.34.36:354][ 63]LogLoad: Game class is 'FightingGameMode_C'
[2018.12.28-16.34.36:356][ 63]LogWorld: Bringing World /Game/StarterContent/Maps/UEDPIE_1_Minimal_Default.Minimal_Default up for play (max tick rate 0) at 2018.12.28-16.34.36
[2018.12.28-16.34.36:356][ 63]LogWorld: Bringing up level for play took: 0.000865
[2018.12.28-16.34.36:369][ 63]LogTemp: Display: ParseSettings for GameNetDriver
[2018.12.28-16.34.36:370][ 63]LogTemp: Display: ParseSettings for IpNetDriver_2
[2018.12.28-16.34.36:370][ 63]LogTemp: Display: ParseSettings for GameNetDriver
[2018.12.28-16.34.36:370][ 63]LogNet: ReplicationDriverClass is null! Not using ReplicationDriver.
[2018.12.28-16.34.36:370][ 63]LogInit: WinSock: Socket queue 131072 / 131072
[2018.12.28-16.34.36:371][ 63]PacketHandlerLog: Loaded PacketHandler component: Engine.EngineHandlerComponentFactory (StatelessConnectHandlerComponent)
[2018.12.28-16.34.36:371][ 63]LogNet: GameNetDriver IpNetDriver_2 IpNetDriver listening on port 17777
[2018.12.28-16.34.36:372][ 63]PIE: Play in editor start time for /Game/StarterContent/Maps/UEDPIE_1_Minimal_Default 0.422
[2018.12.28-16.34.36:384][ 63]PIE: New page: PIE session: Minimal_Default (Dec 28, 2018, 4:34:36 PM)
[2018.12.28-16.34.36:400][ 63]LogSlate: FSceneViewport::OnFocusLost() reason 2
[2018.12.28-16.34.36:404][ 63]LogSlate: Updating window title bar state: overlay mode, drag disabled, window buttons hidden, title bar hidden
[2018.12.28-16.34.36:543][ 63]LogNet: Browse: 127.0.0.1:17777//Game/StarterContent/Maps/Minimal_Default
[2018.12.28-16.34.36:543][ 63]LogTemp: Display: ParseSettings for GameNetDriver
[2018.12.28-16.34.36:543][ 63]LogTemp: Display: ParseSettings for IpNetDriver_3
[2018.12.28-16.34.36:543][ 63]LogTemp: Display: ParseSettings for PendingNetDriver
[2018.12.28-16.34.36:543][ 63]LogInit: WinSock: Socket queue 32768 / 32768
[2018.12.28-16.34.36:544][ 63]PacketHandlerLog: Loaded PacketHandler component: Engine.EngineHandlerComponentFactory (StatelessConnectHandlerComponent)
[2018.12.28-16.34.36:544][ 63]LogNet: Game client on port 17777, rate 10000
[2018.12.28-16.34.36:554][ 63]PIE: Play in editor start time for /Game/StarterContent/Maps/Minimal_Default 0.603
[2018.12.28-16.34.36:574][ 63]LogBlueprintUserMessages: Late PlayInEditor Detection: Level '/Game/StarterContent/Maps/Minimal_Default.Minimal_Default:PersistentLevel' has LevelScriptBlueprint '/Game/StarterContent/Maps/Minimal_Default.Minimal_Default:PersistentLevel.Minimal_Default' with GeneratedClass '/Game/StarterContent/Maps/Minimal_Default.Minimal_Default_C' with ClassGeneratedBy '/Game/StarterContent/Maps/Minimal_Default.Minimal_Default:PersistentLevel.Minimal_Default'
[2018.12.28-16.34.36:575][ 63]LogNet: NotifyAcceptingConnection accepted from: 127.0.0.1:52750
[2018.12.28-16.34.36:575][ 63]LogHandshake: SendConnectChallenge. Timestamp: 0.008334, Cookie: 024084165155247179128162079123195044177040044240255249207110
[2018.12.28-16.34.36:576][ 63]LogHandshake: SendChallengeResponse. Timestamp: 0.008334, Cookie: 024084165155247179128162079123195044177040044240255249207110
[2018.12.28-16.34.36:765][ 64]LogNet: NotifyAcceptingConnection accepted from: 127.0.0.1:52750
[2018.12.28-16.34.36:765][ 64]LogHandshake: SendChallengeAck. InCookie: 024084165155247179128162079123195044177040044240255249207110
[2018.12.28-16.34.36:765][ 64]LogNet: Server accepting post-challenge connection from: 127.0.0.1:52750
[2018.12.28-16.34.36:765][ 64]PacketHandlerLog: Loaded PacketHandler component: Engine.EngineHandlerComponentFactory (StatelessConnectHandlerComponent)
[2018.12.28-16.34.36:766][ 64]LogNet: NotifyAcceptedConnection: Name: Minimal_Default, TimeStamp: 12/28/18 16:34:36, [UNetConnection] RemoteAddr: 127.0.0.1:52750, Name: IpConnection_3, Driver: GameNetDriver IpNetDriver_2, IsServer: YES, PC: NULL, Owner: NULL, UniqueId: INVALID
[2018.12.28-16.34.36:766][ 64]LogNet: AddClientConnection: Added client connection: [UNetConnection] RemoteAddr: 127.0.0.1:52750, Name: IpConnection_3, Driver: GameNetDriver IpNetDriver_2, IsServer: YES, PC: NULL, Owner: NULL, UniqueId: INVALID
[2018.12.28-16.34.36:766][ 64]LogCharacterMovement: Warning: GetSimulationTimeStep() - Max iterations 8 hit while remaining time 0.074261 > MaxSimulationTimeStep (0.050) for 'TestPlayer_C_0', movement 'Walking'
[2018.12.28-16.34.36:767][ 64]LogNet: UPendingNetGame::SendInitialJoin: Sending hello. [UNetConnection] RemoteAddr: 127.0.0.1:17777, Name: IpConnection_2, Driver: PendingNetDriver IpNetDriver_3, IsServer: NO, PC: NULL, Owner: NULL, UniqueId: INVALID
[2018.12.28-16.34.36:779][ 65]LogNet: NotifyAcceptingChannel Control 0 server World /Game/StarterContent/Maps/UEDPIE_1_Minimal_Default.Minimal_Default: Accepted
[2018.12.28-16.34.36:779][ 65]LogNet: Remote platform little endian=1
[2018.12.28-16.34.36:779][ 65]LogNet: This platform little endian=1
[2018.12.28-16.34.36:868][ 66]LogNet: Login request: /Game/StarterContent/Maps/Minimal_Default?Name=Edward-EF36F9A847BBFACF7D8939B332D8C84D userId: Edward-EF36F9A847BBFACF7D8939B332D8C84D
[2018.12.28-16.34.36:869][ 66]LogNet: Welcomed by server (Level: /Game/StarterContent/Maps/UEDPIE_1_Minimal_Default, Game: /Game/FightingGameMode.FightingGameMode_C)
[2018.12.28-16.34.36:869][ 66]LogLoad: LoadMap: 127.0.0.1:17777//Game/StarterContent/Maps/UEDPIE_1_Minimal_Default?game=/Game/FightingGameMode.FightingGameMode_C
[2018.12.28-16.34.36:894][ 66]LogAIModule: Creating AISystem for world Minimal_Default
[2018.12.28-16.34.36:894][ 66]LogTemp: Display: ParseSettings for GameNetDriver
[2018.12.28-16.34.36:905][ 66]LogWorld: Bringing World /Game/StarterContent/Maps/UEDPIE_2_Minimal_Default.Minimal_Default up for play (max tick rate 0) at 2018.12.28-16.34.36
[2018.12.28-16.34.36:906][ 66]LogWorld: Bringing up level for play took: 0.010680
[2018.12.28-16.34.36:906][ 66]LogLoad: Took 0.036906 seconds to LoadMap(/Game/StarterContent/Maps/UEDPIE_1_Minimal_Default)
[2018.12.28-16.34.36:946][ 67]LogNet: Client netspeed is 10000
[2018.12.28-16.34.36:946][ 67]LogNet: Join request: /Game/StarterContent/Maps/Minimal_Default?Name=Edward-EF36F9A847BBFACF7D8939B332D8C84D?SplitscreenCount=1
[2018.12.28-16.34.36:947][ 67]LogOnline: Warning: OSS: No game present to join for session (GameSession)
[2018.12.28-16.34.36:949][ 67]LogNet: Join succeeded: Edward-EF36F9A847BBF
[2018.12.28-16.34.36:962][ 68]LogOnline: Warning: OSS: No game present to join for session (GameSession)
[2018.12.28-16.34.36:992][ 71]LogOnline: Warning: OSS: No game present to join for session (GameSession)
[2018.12.28-16.35.22:771][699]LogBlueprintUserMessages: Early EndPlayMap Detection: Level '/Game/StarterContent/Maps/Minimal_Default.Minimal_Default:PersistentLevel' has LevelScriptBlueprint '/Game/StarterContent/Maps/Minimal_Default.Minimal_Default:PersistentLevel.Minimal_Default' with GeneratedClass '/Game/StarterContent/Maps/Minimal_Default.Minimal_Default_C' with ClassGeneratedBy '/Game/StarterContent/Maps/Minimal_Default.Minimal_Default:PersistentLevel.Minimal_Default'
[2018.12.28-16.35.22:772][699]LogSlate: Updating window title bar state: overlay mode, drag disabled, window buttons hidden, title bar hidden
[2018.12.28-16.35.22:783][699]LogSlate: Window 'FightingGame Game Preview Client 1 (64-bit/PCD3D_SM5)' being destroyed
[2018.12.28-16.35.22:819][699]LogOnline: Warning: OSS: No game present to leave for session (GameSession)
[2018.12.28-16.35.22:819][699]LogSlate: Updating window title bar state: overlay mode, drag disabled, window buttons hidden, title bar hidden
[2018.12.28-16.35.22:857][699]LogPlayLevel: Display: Shutting down PIE online subsystems
[2018.12.28-16.35.22:857][699]LogBlueprintUserMessages: Late EndPlayMap Detection: Level '/Game/StarterContent/Maps/Minimal_Default.Minimal_Default:PersistentLevel' has LevelScriptBlueprint '/Game/StarterContent/Maps/Minimal_Default.Minimal_Default:PersistentLevel.Minimal_Default' with GeneratedClass '/Game/StarterContent/Maps/Minimal_Default.Minimal_Default_C' with ClassGeneratedBy '/Game/StarterContent/Maps/Minimal_Default.Minimal_Default:PersistentLevel.Minimal_Default'
[2018.12.28-16.35.22:876][699]LogNet: UChannel::CleanUp: ChIndex == 0. Closing connection. [UChannel] ChIndex: 0, Closing: 0 [UNetConnection] RemoteAddr: 127.0.0.1:52750, Name: IpConnection_3, Driver: GameNetDriver IpNetDriver_2, IsServer: YES, PC: None, Owner: None, UniqueId: NULL:Edward-EF36F9A847BBFACF7D8939B332D8C84D
[2018.12.28-16.35.22:876][699]LogNet: UNetConnection::Close: [UNetConnection] RemoteAddr: 127.0.0.1:52750, Name: IpConnection_3, Driver: GameNetDriver IpNetDriver_2, IsServer: YES, PC: None, Owner: None, UniqueId: NULL:Edward-EF36F9A847BBFACF7D8939B332D8C84D, Channels: 2, Time: 2018.12.28-16.35.22
[2018.12.28-16.35.22:877][699]LogNet: UChannel::Close: Sending CloseBunch. ChIndex == 0. Name: [UChannel] ChIndex: 0, Closing: 0 [UNetConnection] RemoteAddr: 127.0.0.1:52750, Name: IpConnection_3, Driver: GameNetDriver IpNetDriver_2, IsServer: YES, PC: None, Owner: None, UniqueId: NULL:Edward-EF36F9A847BBFACF7D8939B332D8C84D
[2018.12.28-16.35.22:877][699]LogNet: UChannel::CleanUp: ChIndex == 0. Closing connection. [UChannel] ChIndex: 0, Closing: 0 [UNetConnection] RemoteAddr: 127.0.0.1:17777, Name: IpConnection_2, Driver: GameNetDriver IpNetDriver_3, IsServer: NO, PC: None, Owner: None, UniqueId: NULL:Edward-EF36F9A847BBFACF7D8939B332D8C84D
[2018.12.28-16.35.22:877][699]LogNet: UNetConnection::Close: [UNetConnection] RemoteAddr: 127.0.0.1:17777, Name: IpConnection_2, Driver: GameNetDriver IpNetDriver_3, IsServer: NO, PC: None, Owner: None, UniqueId: NULL:Edward-EF36F9A847BBFACF7D8939B332D8C84D, Channels: 2, Time: 2018.12.28-16.35.22
[2018.12.28-16.35.22:877][699]LogNet: UChannel::Close: Sending CloseBunch. ChIndex == 0. Name: [UChannel] ChIndex: 0, Closing: 0 [UNetConnection] RemoteAddr: 127.0.0.1:17777, Name: IpConnection_2, Driver: GameNetDriver IpNetDriver_3, IsServer: NO, PC: None, Owner: None, UniqueId: NULL:Edward-EF36F9A847BBFACF7D8939B332D8C84D
[2018.12.28-16.35.22:880][699]LogSlate: Updating window title bar state: overlay mode, drag disabled, window buttons hidden, title bar hidden
[2018.12.28-16.35.22:881][699]LogExit: GameNetDriver None shut down
[2018.12.28-16.35.22:881][699]LogExit: GameNetDriver None shut down
[2018.12.28-16.35.22:893][700]LogPlayLevel: Display: Destroying online subsystem :Context_5
[2018.12.28-16.35.22:893][700]LogPlayLevel: Display: Destroying online subsystem :Context_4
[2018.12.28-16.35.23:585][731]LogSlate: Took 0.000286 seconds to synchronously load lazily loaded font '../../../Engine/Content/Slate/Fonts/Roboto-Light.ttf' (167K)
[2018.12.28-16.35.23:590][731]LogSlate: FSceneViewport::OnFocusLost() reason 2
[2018.12.28-16.35.23:706][731]LogSavePackage: Moving '../../../../../../Git/FightingGame/FightingGame/Saved/Minimal_DefaultCB04BC454316CDE0306F2499C6A309BA.tmp' to '../../../../../../Git/FightingGame/FightingGame/Content/StarterContent/Maps/Minimal_Default.umap'
[2018.12.28-16.35.23:771][731]LogSavePackage: Moving '../../../../../../Git/FightingGame/FightingGame/Saved/Minimal_Default_BuiltData1A5351DE4CF44E878B4FF2A6784EA2FB.tmp' to '../../../../../../Git/FightingGame/FightingGame/Content/StarterContent/Maps/Minimal_Default_BuiltData.uasset'
[2018.12.28-16.35.24:454][784]LogSlate: FSceneViewport::OnFocusLost() reason 0
[2018.12.28-16.35.24:524][785]LogSlate: Window 'FightingGame - Unreal Editor' being destroyed
[2018.12.28-16.35.24:567][785]LogWindowsTextInputMethodSystem: Display: IME system now deactivated.
[2018.12.28-16.35.24:841][786]Cmd: QUIT_EDITOR
[2018.12.28-16.35.25:448][786]LogExit: Preparing to exit.
[2018.12.28-16.35.26:181][786]LogExit: Editor shut down
[2018.12.28-16.35.26:181][786]LogExit: Transaction tracking system shut down
