Log file open, 01/03/19 16:45:17
LogWindows: Failed to load 'aqProf.dll' (GetLastError=126)
LogWindows: File 'aqProf.dll' does not exist
LogWindows: Failed to load 'VSPerf140.dll' (GetLastError=126)
LogWindows: File 'VSPerf140.dll' does not exist
LogWindows: Failed to load 'VtuneApi.dll' (GetLastError=126)
LogWindows: File 'VtuneApi.dll' does not exist
LogWindows: Failed to load 'VtuneApi32e.dll' (GetLastError=126)
LogWindows: File 'VtuneApi32e.dll' does not exist
LogInit: Display: Running engine for game: FightingGame
LogPlatformFile: Not using cached read wrapper
LogTaskGraph: Started task graph with 5 named threads and 23 total threads with 3 sets of task threads.
LogStats: Stats thread started at 0.393396
LogD3D11RHI: Loaded GFSDK_Aftermath_Lib.x64.dll
LogICUInternationalization: Display: ICU TimeZone Detection - Raw Offset: +0:00, Platform Override: ''
LogPluginManager: Mounting plugin Paper2D
LogPluginManager: Mounting plugin AISupport
LogPluginManager: Mounting plugin LightPropagationVolume
LogPluginManager: Mounting plugin CLionSourceCodeAccess
LogPluginManager: Mounting plugin CodeLiteSourceCodeAccess
LogPluginManager: Mounting plugin GitSourceControl
LogPluginManager: Mounting plugin KDevelopSourceCodeAccess
LogPluginManager: Mounting plugin NullSourceCodeAccess
LogPluginManager: Mounting plugin PerforceSourceControl
LogPluginManager: Mounting plugin SubversionSourceControl
LogPluginManager: Mounting plugin UObjectPlugin
LogPluginManager: Mounting plugin VisualStudioCodeSourceCodeAccess
LogPluginManager: Mounting plugin VisualStudioSourceCodeAccess
LogPluginManager: Mounting plugin XCodeSourceCodeAccess
LogPluginManager: Mounting plugin AssetManagerEditor
LogPluginManager: Mounting plugin CryptoKeys
LogPluginManager: Mounting plugin DataValidation
LogPluginManager: Mounting plugin FacialAnimation
LogPluginManager: Mounting plugin GameplayTagsEditor
LogPluginManager: Mounting plugin MacGraphicsSwitching
LogPluginManager: Mounting plugin MeshEditor
LogPluginManager: Mounting plugin MobileLauncherProfileWizard
LogPluginManager: Mounting plugin PluginBrowser
LogPluginManager: Mounting plugin SpeedTreeImporter
LogPluginManager: Mounting plugin DatasmithContent
LogPluginManager: Mounting plugin AlembicImporter
LogPluginManager: Mounting plugin AppleImageUtils
LogPluginManager: Mounting plugin AppleVision
LogPluginManager: Mounting plugin BackChannel
LogPluginManager: Mounting plugin CharacterAI
LogPluginManager: Mounting plugin GeometryCache
LogPluginManager: Mounting plugin HTML5Networking
LogPluginManager: Mounting plugin ProxyLODPlugin
LogPluginManager: Mounting plugin MagicLeap
LogPluginManager: Mounting plugin MagicLeapEmulator
LogPluginManager: Mounting plugin MagicLeapMedia
LogPluginManager: Mounting plugin AndroidMedia
LogPluginManager: Mounting plugin AvfMedia
LogPluginManager: Mounting plugin ImgMedia
LogPluginManager: Mounting plugin LinearTimecode
LogPluginManager: Mounting plugin MediaCompositing
LogPluginManager: Mounting plugin MediaPlayerEditor
LogPluginManager: Mounting plugin WmfMedia
LogPluginManager: Mounting plugin TcpMessaging
LogPluginManager: Mounting plugin UdpMessaging
LogPluginManager: Mounting plugin ActorSequence
LogPluginManager: Mounting plugin LevelSequenceEditor
LogPluginManager: Mounting plugin MatineeToLevelSequence
LogPluginManager: Mounting plugin NetcodeUnitTest
LogPluginManager: Mounting plugin NUTUnrealEngine4
LogPluginManager: Mounting plugin OnlineSubsystemGooglePlay
LogPluginManager: Mounting plugin OnlineSubsystemIOS
LogPluginManager: Mounting plugin OnlineSubsystem
LogPluginManager: Mounting plugin OnlineSubsystemNull
LogPluginManager: Mounting plugin OnlineSubsystemUtils
LogPluginManager: Mounting plugin LauncherChunkInstaller
LogPluginManager: Mounting plugin AndroidDeviceProfileSelector
LogPluginManager: Mounting plugin AndroidMoviePlayer
LogPluginManager: Mounting plugin AndroidPermission
LogPluginManager: Mounting plugin AppleMoviePlayer
LogPluginManager: Mounting plugin ArchVisCharacter
LogPluginManager: Mounting plugin AudioCapture
LogPluginManager: Mounting plugin CableComponent
LogPluginManager: Mounting plugin CustomMeshComponent
LogPluginManager: Mounting plugin EditableMesh
LogPluginManager: Mounting plugin ExampleDeviceProfileSelector
LogPluginManager: Mounting plugin GoogleCloudMessaging
LogPluginManager: Mounting plugin ImmediatePhysics
LogPluginManager: Mounting plugin IOSDeviceProfileSelector
LogPluginManager: Mounting plugin LinuxDeviceProfileSelector
LogPluginManager: Mounting plugin LocationServicesBPLibrary
LogPluginManager: Mounting plugin MobilePatchingUtils
LogPluginManager: Mounting plugin OculusVR
LogPluginManager: Plugin shader directory ../../../Engine/Plugins/Runtime/Oculus/OculusVR/Shaders found
LogPluginManager: Mapping shader source directory ../../../Engine/Plugins/Runtime/Oculus/OculusVR/Shaders to virtual directory /Plugin/OculusVR
LogPluginManager: Mounting plugin PhysXVehicles
LogPluginManager: Mounting plugin ProceduralMeshComponent
LogPluginManager: Mounting plugin RuntimePhysXCooking
LogPluginManager: Mounting plugin SteamVR
LogPluginManager: Mounting plugin WindowsMoviePlayer
LogStreaming: Display: Took  0.270s to configure plugins.
LogInit: Using libcurl 7.55.1-DEV
LogInit:  - built for x86_64-pc-win32
LogInit:  - supports SSL with OpenSSL/1.0.2h
LogInit:  - supports HTTP deflate (compression) using libz 1.2.8
LogInit:  - other features:
LogInit:      CURL_VERSION_SSL
LogInit:      CURL_VERSION_LIBZ
LogInit:      CURL_VERSION_IPV6
LogInit:      CURL_VERSION_ASYNCHDNS
LogInit:      CURL_VERSION_LARGEFILE
LogInit:      CURL_VERSION_IDN
LogInit:  CurlRequestOptions (configurable via config and command line):
LogInit:  - bVerifyPeer = false  - Libcurl will NOT verify peer certificate
LogInit:  - bUseHttpProxy = false  - Libcurl will NOT use HTTP proxy
LogInit:  - bDontReuseConnections = false  - Libcurl will reuse connections
LogInit:  - CertBundlePath = nullptr  - Libcurl will use whatever was configured at build time.
LogInit:  - MaxHostConnections = 16  - Libcurl will limit the number of connections to a host
LogInit:  - LocalHostAddr = Default
LogInit:  - BufferSize = 65536
LogInit: WinSock: version 1.1 (2.2), MaxSocks=32767, MaxUdp=65467
LogInit: Build: ++UE4+Release-4.20-CL-4369336
LogInit: Engine Version: 4.20.3-4369336+++UE4+Release-4.20
LogInit: Compatible Engine Version: 4.20.0-4212847+++UE4+Release-4.20
LogInit: Net CL: 4212847
LogInit: OS: Windows 10 (), CPU: Intel(R) Core(TM) i7-6700K CPU @ 4.00GHz, GPU: NVIDIA GeForce GTX 1060 6GB
LogInit: Compiled (64-bit): Sep 17 2018 12:26:19
LogInit: Compiled with Visual C++: 19.13.26129.00
LogInit: Build Configuration: Development
LogInit: Branch Name: ++UE4+Release-4.20
LogInit: Command Line:  -skipcompile
LogInit: Base Directory: D:/Program Files/Epic Games/UE_4.20/Engine/Binaries/Win64/
LogInit: Installed Engine Build: 1
LogDevObjectVersion: Number of dev versions registered: 20
LogDevObjectVersion:   Dev-Blueprints (B0D832E4-1F89-4F0D-ACCF-7EB736FD4AA2): 10
LogDevObjectVersion:   Dev-Build (E1C64328-A22C-4D53-A36C-8E866417BD8C): 0
LogDevObjectVersion:   Dev-Core (375EC13C-06E4-48FB-B500-84F0262A717E): 2
LogDevObjectVersion:   Dev-Editor (E4B068ED-F494-42E9-A231-DA0B2E46BB41): 24
LogDevObjectVersion:   Dev-Framework (CFFC743F-43B0-4480-9391-14DF171D2073): 34
LogDevObjectVersion:   Dev-Mobile (B02B49B5-BB20-44E9-A304-32B752E40360): 2
LogDevObjectVersion:   Dev-Networking (A4E4105C-59A1-49B5-A7C5-40C4547EDFEE): 0
LogDevObjectVersion:   Dev-Online (39C831C9-5AE6-47DC-9A44-9C173E1C8E7C): 0
LogDevObjectVersion:   Dev-Physics (78F01B33-EBEA-4F98-B9B4-84EACCB95AA2): 0
LogDevObjectVersion:   Dev-Platform (6631380F-2D4D-43E0-8009-CF276956A95A): 0
LogDevObjectVersion:   Dev-Rendering (12F88B9F-8875-4AFC-A67C-D90C383ABD29): 26
LogDevObjectVersion:   Dev-Sequencer (7B5AE74C-D270-4C10-A958-57980B212A5A): 9
LogDevObjectVersion:   Dev-VR (D7296918-1DD6-4BDD-9DE2-64A83CC13884): 2
LogDevObjectVersion:   Dev-LoadTimes (C2A15278-BFE7-4AFE-6C17-90FF531DF755): 1
LogDevObjectVersion:   Private-Geometry (6EACA3D4-40EC-4CC1-B786-8BED09428FC5): 3
LogDevObjectVersion:   Dev-AnimPhys (29E575DD-E0A3-4627-9D10-D276232CDCEA): 17
LogDevObjectVersion:   Dev-ReflectionCapture (6B266CEC-1EC7-4B8F-A30B-E4D90942FC07): 1
LogDevObjectVersion:   Dev-Automation (0DF73D61-A23F-47EA-B727-89E90C41499A): 1
LogDevObjectVersion:   FortniteMain (601D1886-AC64-4F84-AA16-D3DE0DEAC7D6): 12
LogDevObjectVersion:   Dev-Enterprise (9DFFBCD6-494F-0158-E221-12823C92A888): 1
LogStreaming: Display: Took  0.011s to delete old logs.
LogInit: Presizing for max 8388607 objects, including 0 objects not considered by GC, pre-allocating 0 bytes for permanent pool.
LogInit: Object subsystem initialized
[2019.01.03-16.45.18:008][  0]LogInit: Selected Device Profile: [Windows]
[2019.01.03-16.45.18:008][  0]LogInit: Applying CVar settings loaded from the selected device profile: [Windows]
[2019.01.03-16.45.18:022][  0]LogHAL: Display: Platform has ~ 16 GB [17126547456 / 17179869184 / 16], which maps to Larger [LargestMinGB=32, LargerMinGB=12, DefaultMinGB=8, SmallerMinGB=6, SmallestMinGB=0)
[2019.01.03-16.45.18:022][  0]LogInit: Setting Device Profile CVar: [[r.Vulkan.UseRealUBs:1]]
[2019.01.03-16.45.18:022][  0]LogInit: Going up to parent DeviceProfile []
[2019.01.03-16.45.18:022][  0]LogInit: Computer: EDWARD
[2019.01.03-16.45.18:022][  0]LogInit: User: John
[2019.01.03-16.45.18:023][  0]LogInit: CPU Page size=4096, Cores=4
[2019.01.03-16.45.18:023][  0]LogInit: High frequency timer resolution =3.914064 MHz
[2019.01.03-16.45.18:023][  0]LogMemory: Memory total: Physical=16.0GB (16GB approx)
[2019.01.03-16.45.18:023][  0]LogMemory: Platform Memory Stats for Windows
[2019.01.03-16.45.18:023][  0]LogMemory: Process Physical Memory: 102.35 MB used, 102.35 MB peak
[2019.01.03-16.45.18:023][  0]LogMemory: Process Virtual Memory: 93.62 MB used, 93.62 MB peak
[2019.01.03-16.45.18:023][  0]LogMemory: Physical Memory: 9250.73 MB used,  7082.42 MB free, 16333.15 MB total
[2019.01.03-16.45.18:023][  0]LogMemory: Virtual Memory: 4642.46 MB used,  7082.42 MB free, 134217728.00 MB total
[2019.01.03-16.45.18:144][  0]LogInit: Using OS detected language (en-US).
[2019.01.03-16.45.18:144][  0]LogInit: Using OS detected locale (en-US).
[2019.01.03-16.45.18:145][  0]LogTextLocalizationManager: No specific localization for 'en-US' exists, so the 'en' localization will be used.
[2019.01.03-16.45.18:480][  0]LogStreaming: Display: Took  0.336s to InitEngineTextLocalization.
[2019.01.03-16.45.18:481][  0]LogInit: Setting process to per monitor DPI aware
[2019.01.03-16.45.18:544][  0]LogSlate: New Slate User Created.  User Index 0, Is Virtual User: 0
[2019.01.03-16.45.18:544][  0]LogSlate: Slate User Registered.  User Index 0, Is Virtual User: 0
[2019.01.03-16.45.18:819][  0]LogHMD: Failed to initialize OpenVR with code 102
[2019.01.03-16.45.18:819][  0]LogD3D11RHI: D3D11 adapters:
[2019.01.03-16.45.18:883][  0]LogD3D11RHI:    0. 'NVIDIA GeForce GTX 1060 6GB' (Feature Level 11_0)
[2019.01.03-16.45.18:884][  0]LogD3D11RHI:       6061/0/8166 MB DedicatedVideo/DedicatedSystem/SharedSystem, Outputs:3, VendorId:0x10de
[2019.01.03-16.45.18:890][  0]LogD3D11RHI:    1. 'Microsoft Basic Render Driver' (Feature Level 11_0)
[2019.01.03-16.45.18:890][  0]LogD3D11RHI:       0/0/8166 MB DedicatedVideo/DedicatedSystem/SharedSystem, Outputs:0, VendorId:0x1414
[2019.01.03-16.45.18:890][  0]LogD3D11RHI: Chosen D3D11 Adapter: 0
[2019.01.03-16.45.18:899][  0]LogD3D11RHI: Creating new Direct3DDevice
[2019.01.03-16.45.18:899][  0]LogD3D11RHI:     GPU DeviceId: 0x1c03 (for the marketing name, search the web for "GPU Device Id")
[2019.01.03-16.45.18:899][  0]LogWindows: EnumDisplayDevices:
[2019.01.03-16.45.18:899][  0]LogWindows:    0. 'NVIDIA GeForce GTX 1060 6GB' (P:1 D:1)
[2019.01.03-16.45.18:900][  0]LogWindows:    1. 'NVIDIA GeForce GTX 1060 6GB' (P:0 D:1)
[2019.01.03-16.45.18:900][  0]LogWindows:    2. 'NVIDIA GeForce GTX 1060 6GB' (P:0 D:1)
[2019.01.03-16.45.18:901][  0]LogWindows:    3. 'NVIDIA GeForce GTX 1060 6GB' (P:0 D:0)
[2019.01.03-16.45.18:901][  0]LogWindows: DebugString: FoundDriverCount:4 
[2019.01.03-16.45.18:901][  0]LogD3D11RHI:     Adapter Name: NVIDIA GeForce GTX 1060 6GB
[2019.01.03-16.45.18:901][  0]LogD3D11RHI:   Driver Version: 388.13 (internal:23.21.13.8813, unified:388.13)
[2019.01.03-16.45.18:901][  0]LogD3D11RHI:      Driver Date: 10-27-2017
[2019.01.03-16.45.18:901][  0]LogRHI: Texture pool is 4242 MB (70% of 6061 MB)
[2019.01.03-16.45.18:937][  0]LogD3D11RHI: Async texture creation enabled
[2019.01.03-16.45.18:951][  0]LogD3D11RHI: GPU Timing Frequency: 1000.000000 (Debug: 2 1)
[2019.01.03-16.45.19:051][  0]LogShaderCompilers: Guid format shader working directory is -3 characters bigger than the processId version (../../../../../../Git/FightingGame/FightingGame/Intermediate/Shaders/WorkingDirectory/28664/).
[2019.01.03-16.45.19:052][  0]LogShaderCompilers: Cleaned the shader compiler working directory 'C:/Users/John/AppData/Local/Temp/UnrealShaderWorkingDir/026491E74702CB5391F9F7921F17B9BA/'.
[2019.01.03-16.45.19:333][  0]LogTemp: Display: Loaded TP AllDesktopTargetPlatform
[2019.01.03-16.45.19:354][  0]LogTemp: Display: Loaded TP MacClientTargetPlatform
[2019.01.03-16.45.19:374][  0]LogTemp: Display: Loaded TP MacNoEditorTargetPlatform
[2019.01.03-16.45.19:395][  0]LogTemp: Display: Loaded TP MacServerTargetPlatform
[2019.01.03-16.45.19:417][  0]LogTemp: Display: Loaded TP MacTargetPlatform
[2019.01.03-16.45.19:438][  0]LogTemp: Display: Loaded TP WindowsClientTargetPlatform
[2019.01.03-16.45.19:460][  0]LogTemp: Display: Loaded TP WindowsNoEditorTargetPlatform
[2019.01.03-16.45.19:488][  0]LogTemp: Display: Loaded TP WindowsServerTargetPlatform
[2019.01.03-16.45.19:503][  0]LogTemp: Display: Loaded TP WindowsTargetPlatform
[2019.01.03-16.45.19:607][  0]LogTemp: Display: Loaded TP AndroidTargetPlatform
[2019.01.03-16.45.19:607][  0]LogTemp: Display: Loaded TP AndroidTargetPlatform
[2019.01.03-16.45.19:607][  0]LogTemp: Display: Loaded TP AndroidTargetPlatform
[2019.01.03-16.45.19:607][  0]LogTemp: Display: Loaded TP AndroidTargetPlatform
[2019.01.03-16.45.19:607][  0]LogTemp: Display: Loaded TP AndroidTargetPlatform
[2019.01.03-16.45.19:607][  0]LogTemp: Display: Loaded TP AndroidTargetPlatform
[2019.01.03-16.45.19:607][  0]LogTemp: Display: Loaded TP AndroidTargetPlatform
[2019.01.03-16.45.19:607][  0]LogTemp: Display: Loaded TP AndroidTargetPlatform
[2019.01.03-16.45.19:607][  0]LogTemp: Display: Loaded TP AndroidTargetPlatform
[2019.01.03-16.45.19:607][  0]LogTemp: Display: Loaded TP AndroidTargetPlatform
[2019.01.03-16.45.19:608][  0]LogTemp: Display: Loaded TP AndroidTargetPlatform
[2019.01.03-16.45.19:608][  0]LogTemp: Display: Loaded TP AndroidTargetPlatform
[2019.01.03-16.45.19:608][  0]LogTemp: Display: Loaded TP AndroidTargetPlatform
[2019.01.03-16.45.19:608][  0]LogTemp: Display: Loaded TP AndroidTargetPlatform
[2019.01.03-16.45.19:608][  0]LogTemp: Display: Loaded TP AndroidTargetPlatform
[2019.01.03-16.45.19:608][  0]LogTemp: Display: Loaded TP AndroidTargetPlatform
[2019.01.03-16.45.19:608][  0]LogTemp: Display: Loaded TP AndroidTargetPlatform
[2019.01.03-16.45.19:608][  0]LogTemp: Display: Loaded TP AndroidTargetPlatform
[2019.01.03-16.45.19:615][  0]LogTemp: Display: Loaded TP HTML5TargetPlatform
[2019.01.03-16.45.19:697][  0]LogTemp: Display: Loaded TP IOSTargetPlatform
[2019.01.03-16.45.19:697][  0]LogTemp: Display: Loaded TP IOSTargetPlatform
[2019.01.03-16.45.19:725][  0]LogTemp: Display: Loaded TP TVOSTargetPlatform
[2019.01.03-16.45.19:725][  0]LogTemp: Display: Loaded TP TVOSTargetPlatform
[2019.01.03-16.45.19:746][  0]LogTemp: Display: Loaded TP LinuxClientTargetPlatform
[2019.01.03-16.45.19:771][  0]LogTemp: Display: Loaded TP LinuxNoEditorTargetPlatform
[2019.01.03-16.45.19:789][  0]LogTemp: Display: Loaded TP LinuxServerTargetPlatform
[2019.01.03-16.45.19:807][  0]LogTemp: Display: Loaded TP LinuxTargetPlatform
[2019.01.03-16.45.19:820][  0]LogTemp: Display: Loaded TP LuminTargetPlatform
[2019.01.03-16.45.19:820][  0]LogTargetPlatformManager: Display: Building Assets For Windows
[2019.01.03-16.45.20:049][  0]LogXGEController: Cleaning working directory: C:/Users/John/AppData/Local/Temp/UnrealXGEWorkingDir/
[2019.01.03-16.45.20:049][  0]LogXGEController: Cannot use XGE Controller as Incredibuild is not installed on this machine.
[2019.01.03-16.45.20:049][  0]LogShaderCompilers: Cannot use XGE Shader Compiler as Incredibuild is not installed on this machine.
[2019.01.03-16.45.20:049][  0]LogShaderCompilers: Display: Using Local Shader Compiler.
[2019.01.03-16.45.20:875][  0]LogDerivedDataCache: Display: Max Cache Size: 512 MB
[2019.01.03-16.45.20:924][  0]LogDerivedDataCache: Loaded boot cache 0.05s 71MB C:/Users/John/AppData/Local/UnrealEngine/4.20/DerivedDataCache/Boot.ddc.
[2019.01.03-16.45.20:925][  0]LogDerivedDataCache: Display: Loaded Boot cache: C:/Users/John/AppData/Local/UnrealEngine/4.20/DerivedDataCache/Boot.ddc
[2019.01.03-16.45.20:925][  0]LogDerivedDataCache: FDerivedDataBackendGraph:  Pak pak cache file ../../../../../../Git/FightingGame/FightingGame/DerivedDataCache/DDC.ddp not found, will not use a pak cache.
[2019.01.03-16.45.20:925][  0]LogDerivedDataCache: Unable to find inner node Pak for hierarchical cache Hierarchy.
[2019.01.03-16.45.20:925][  0]LogDerivedDataCache: FDerivedDataBackendGraph:  CompressedPak pak cache file ../../../../../../Git/FightingGame/FightingGame/DerivedDataCache/Compressed.ddp not found, will not use a pak cache.
[2019.01.03-16.45.20:925][  0]LogDerivedDataCache: Unable to find inner node CompressedPak for hierarchical cache Hierarchy.
[2019.01.03-16.45.20:936][  0]LogDerivedDataCache: Display: Pak cache opened for reading ../../../Engine/DerivedDataCache/Compressed.ddp.
[2019.01.03-16.45.20:950][  0]LogDerivedDataCache: Using Local data cache path C:/Users/John/AppData/Local/UnrealEngine/Common/DerivedDataCache: Writable
[2019.01.03-16.45.20:951][  0]LogDerivedDataCache: Shared data cache path not found in *engine.ini, will not use an Shared cache.
[2019.01.03-16.45.20:951][  0]LogDerivedDataCache: Unable to find inner node Shared for hierarchical cache Hierarchy.
[2019.01.03-16.45.20:966][  0]LogMaterial: Verifying Global Shaders for PCD3D_SM5
[2019.01.03-16.45.20:968][  0]LogSlate: Using FreeType 2.6.0
[2019.01.03-16.45.20:969][  0]LogSlate: SlateFontServices - WITH_FREETYPE: 1, WITH_HARFBUZZ: 1
[2019.01.03-16.45.21:046][  0]LogAssetRegistry: FAssetRegistry took 0.0289 seconds to start up
[2019.01.03-16.45.21:402][  0]LogInit: Selected Device Profile: [Windows]
[2019.01.03-16.45.21:595][  0]LogSimplygon: Simplygon DLL not present - disabling.
[2019.01.03-16.45.21:617][  0]LogMeshReduction: Using SimplygonSwarm for distributed automatic mesh merging
[2019.01.03-16.45.21:617][  0]LogMeshReduction: Using ProxyLODMeshReduction for automatic mesh merging
[2019.01.03-16.45.21:617][  0]LogMeshReduction: Using QuadricMeshReduction for automatic static mesh reduction
[2019.01.03-16.45.21:617][  0]LogMeshReduction: No automatic skeletal mesh reduction module available
[2019.01.03-16.45.21:641][  0]LogNetVersion: FightingGame 1.0.0, NetCL: 4212847, EngineNetVer: 5, GameNetVer: 0 (Checksum: 156865789)
[2019.01.03-16.45.22:290][  0]LogPackageLocalizationCache: Processed 11 localized package path(s) for 2 prioritized culture(s) in 0.177607 seconds
[2019.01.03-16.45.22:296][  0]LogUObjectArray: 38425 objects as part of root set at end of initial load.
[2019.01.03-16.45.22:296][  0]LogUObjectAllocator: 6690864 out of 0 bytes used by permanent object pool.
[2019.01.03-16.45.22:296][  0]LogUObjectArray: CloseDisregardForGC: 0/0 objects in disregard for GC pool
[2019.01.03-16.45.23:493][  0]LogTcpMessaging: Initializing TcpMessaging bridge
[2019.01.03-16.45.23:514][  0]LogUdpMessaging: Initializing bridge on interface 0.0.0.0:0 to multicast group 230.0.0.1:6666.
[2019.01.03-16.45.23:798][  0]SourceControl: Source control is disabled
[2019.01.03-16.45.23:798][  0]SourceControl: Source control is disabled
[2019.01.03-16.45.23:813][  0]SourceControl: Source control is disabled
[2019.01.03-16.45.23:820][  0]SourceControl: Source control is disabled
[2019.01.03-16.45.24:267][  0]LogAndroidPermission: UAndroidPermissionCallbackProxy::GetInstance
[2019.01.03-16.45.24:477][  0]LogOcInput: OculusInput pre-init called
[2019.01.03-16.45.24:568][  0]LogEngine: Initializing Engine...
[2019.01.03-16.45.24:570][  0]LogHMD: Failed to initialize OpenVR with code 102
[2019.01.03-16.45.24:571][  0]LogStats: UGameplayTagsManager::ConstructGameplayTagTree: ImportINI prefixes -  0.000 s
[2019.01.03-16.45.24:572][  0]LogStats: UGameplayTagsManager::ConstructGameplayTagTree: Construct from data asset -  0.000 s
[2019.01.03-16.45.24:572][  0]LogStats: UGameplayTagsManager::ConstructGameplayTagTree: ImportINI -  0.000 s
[2019.01.03-16.45.24:572][  0]LogStats: UGameplayTagsManager::ConstructGameplayTagTree: GameplayTagTreeChangedEvent.Broadcast -  0.000 s
[2019.01.03-16.45.24:783][  0]LogInit: Initializing FReadOnlyCVARCache
[2019.01.03-16.45.24:812][  0]LogAIModule: Creating AISystem for world Untitled
[2019.01.03-16.45.24:918][  0]LogInit: XAudio2 using 'Headset Earphone (Razer ManO'War)' : 2 channels at 48 kHz using 16 bits per sample (channel mask 0x3)
[2019.01.03-16.45.25:001][  0]LogInit: FAudioDevice initialized.
[2019.01.03-16.45.25:001][  0]LogNetVersion: Set ProjectVersion to 1.0.0.0. Version Checksum will be recalculated on next use.
[2019.01.03-16.45.25:136][  0]LogDerivedDataCache: Saved boot cache 0.14s 71MB C:/Users/John/AppData/Local/UnrealEngine/4.20/DerivedDataCache/Boot.ddc.
[2019.01.03-16.45.25:145][  0]LogInit: Texture streaming: Enabled
[2019.01.03-16.45.25:193][  0]LogEngineSessionManager: EngineSessionManager initialized
[2019.01.03-16.45.25:193][  0]LogEngineSessionManager: EngineSessionManager sent abnormal shutdown report. Type=Debugger, SessionId={4CE6CDD0-4455-D3D1-8F76-72A5E493BC7A}
[2019.01.03-16.45.25:213][  0]LogInit: Transaction tracking system initialized
[2019.01.03-16.45.25:286][  0]BlueprintLog: New page: Editor Load
[2019.01.03-16.45.25:544][  0]LocalizationService: Localization service is disabled
[2019.01.03-16.45.25:998][  0]LogCook: Display: Max memory allowance for cook 16384mb min free memory 0mb
[2019.01.03-16.45.25:999][  0]LogCook: Display: Mobile HDR setting 1
[2019.01.03-16.45.25:999][  0]LogGameplayTags: Display: UGameplayTagsManager::DoneAddingNativeTags. DelegateIsBound: 0
[2019.01.03-16.45.25:999][  0]LogStats: UGameplayTagsManager::ConstructGameplayTagTree: ImportINI prefixes -  0.000 s
[2019.01.03-16.45.25:999][  0]LogStats: UGameplayTagsManager::ConstructGameplayTagTree: Construct from data asset -  0.000 s
[2019.01.03-16.45.25:999][  0]LogStats: UGameplayTagsManager::ConstructGameplayTagTree: ImportINI -  0.000 s
[2019.01.03-16.45.25:999][  0]LogStats: UGameplayTagsManager::ConstructGameplayTagTree: GameplayTagTreeChangedEvent.Broadcast -  0.000 s
[2019.01.03-16.45.26:172][  0]LogFileCache: Scanning file cache for directory 'D:/Git/FightingGame/FightingGame/Content/' took 0.02s
[2019.01.03-16.45.26:173][  0]LogLinker: Warning: Can't find file '/Engine/BasicShapes/Cylinder'
[2019.01.03-16.45.26:173][  0]LogLinker: Warning: Can't find file '/Engine/BasicShapes/Cylinder'
[2019.01.03-16.45.26:173][  0]LogUObjectGlobals: Warning: Failed to find object 'StaticMesh /Engine/BasicShapes/Cylinder.Cylinder'
[2019.01.03-16.45.26:337][  0]SourceControl: Source control is disabled
[2019.01.03-16.45.26:337][  0]Cmd: MAP LOAD FILE="../../../../../../Git/FightingGame/FightingGame/Content/StarterContent/Maps/Minimal_Default.umap" TEMPLATE=0 SHOWPROGRESS=1 FEATURELEVEL=3
[2019.01.03-16.45.26:338][  0]LightingResults: New page: Lighting Build
[2019.01.03-16.45.26:343][  0]MapCheck: New page: Map Check
[2019.01.03-16.45.26:344][  0]LightingResults: New page: Lighting Build
[2019.01.03-16.45.26:472][  0]LogBlueprint: Warning: [Compiler PlayerManager_BP] 'Player Base' does not inherit from 'Player Controller' ( Cast To Player_Base  would always fail).
[2019.01.03-16.45.26:472][  0]LogBlueprint: Warning: [Compiler PlayerManager_BP] 'Player Base' does not inherit from 'Player Controller' ( Cast To Player_Base  would always fail).
[2019.01.03-16.45.26:473][  0]LogBlueprint: Warning: [Compiler PlayerManager_BP] [0011.07] Compile of PlayerManager_BP successful, but with 2 Warning(s) [in 2 ms] (/Game/PlayerManager_BP.PlayerManager_BP)
[2019.01.03-16.45.26:612][  0]LogAIModule: Creating AISystem for world Minimal_Default
[2019.01.03-16.45.26:622][  0]LogEditorServer: Finished looking for orphan Actors (0.000 secs)
[2019.01.03-16.45.26:643][  0]Cmd: MAP CHECKDEP NOCLEARLOG
[2019.01.03-16.45.26:857][  0]MapCheck: Map check complete: 0 Error(s), 0 Warning(s), took 213.917ms to complete.
[2019.01.03-16.45.26:857][  0]LogFileHelpers: Loading map 'Minimal_Default' took 0.520
[2019.01.03-16.45.26:996][  0]LogSlate: Updating window title bar state: overlay mode, drag disabled, window buttons hidden, title bar hidden
[2019.01.03-16.45.27:002][  0]LogSlate: Updating window title bar state: overlay mode, drag disabled, window buttons hidden, title bar hidden
[2019.01.03-16.45.27:008][  0]LogSlate: Updating window title bar state: overlay mode, drag disabled, window buttons hidden, title bar hidden
[2019.01.03-16.45.27:015][  0]LogSlate: Updating window title bar state: overlay mode, drag disabled, window buttons hidden, title bar hidden
[2019.01.03-16.45.27:029][  0]LogCollectionManager: Loaded 0 collections in 0.002867 seconds
[2019.01.03-16.45.27:090][  0]LogFileCache: Scanning file cache for directory 'D:/Git/FightingGame/FightingGame/Saved/Collections/' took 0.01s
[2019.01.03-16.45.27:090][  0]LogFileCache: Scanning file cache for directory 'D:/Git/FightingGame/FightingGame/Content/Developers/John/Collections/' took 0.01s
[2019.01.03-16.45.27:090][  0]LogFileCache: Scanning file cache for directory 'D:/Git/FightingGame/FightingGame/Content/Collections/' took 0.01s
[2019.01.03-16.45.27:091][  0]LogCollectionManager: Rebuilt the GUID cache for 0 collections in 0.000000 seconds
[2019.01.03-16.45.27:099][  0]LogContentBrowser: Native class hierarchy populated in 0.0083 seconds. Added 2578 classes and 605 folders.
[2019.01.03-16.45.27:108][  0]LogContentBrowser: Native class hierarchy updated for 'WidgetCarousel' in 0.0004 seconds. Added 0 classes and 0 folders.
[2019.01.03-16.45.27:172][  0]LogContentBrowser: Native class hierarchy updated for 'AddContentDialog' in 0.0004 seconds. Added 0 classes and 0 folders.
[2019.01.03-16.45.27:185][  0]LogContentBrowser: Native class hierarchy updated for 'SceneOutliner' in 0.0004 seconds. Added 1 classes and 2 folders.
[2019.01.03-16.45.27:240][  0]LogSlate: Took 0.000225 seconds to synchronously load lazily loaded font '../../../Engine/Content/Slate/Fonts/Roboto-Regular.ttf' (155K)
[2019.01.03-16.45.27:242][  0]LogSlate: Took 0.000249 seconds to synchronously load lazily loaded font '../../../Engine/Content/Slate/Fonts/Roboto-Bold.ttf' (160K)
[2019.01.03-16.45.27:247][  0]LogSlate: Took 0.000251 seconds to synchronously load lazily loaded font '../../../Engine/Content/Editor/Slate/Fonts/FontAwesome.ttf' (139K)
[2019.01.03-16.45.27:321][  0]LogRenderer: Reallocating scene render targets to support 1208x680 Format 10 NumSamples 1 (Frame:1).
[2019.01.03-16.45.27:372][  0]LogSlate: Took 0.000148 seconds to synchronously load lazily loaded font '../../../Engine/Content/Slate/Fonts/Roboto-Light.ttf' (167K)
[2019.01.03-16.45.27:478][  0]LogContentBrowser: Native class hierarchy updated for 'HierarchicalLODOutliner' in 0.0005 seconds. Added 0 classes and 0 folders.
[2019.01.03-16.45.27:478][  0]LogLoad: (Engine Initialization) Total time: 12.08 seconds
[2019.01.03-16.45.27:478][  0]LogLoad: (Engine Initialization) Total Blueprint compile time: 0.00 seconds
[2019.01.03-16.45.27:516][  0]LogContentStreaming: Texture pool size now 1000 MB
[2019.01.03-16.45.27:559][  1]LogAssetRegistry: Asset discovery search completed in 6.5378 seconds
[2019.01.03-16.45.27:562][  1]LogCollectionManager: Rebuilt the object cache for 0 collections in 0.000001 seconds (found 0 objects)
[2019.01.03-16.45.27:562][  1]LogCollectionManager: Fixed up redirectors for 0 collections in 0.000132 seconds (updated 0 objects)
[2019.01.03-16.48.02:356][463]LogSlate: FSceneViewport::OnFocusLost() reason 0
[2019.01.03-16.48.04:048][658]LogSlate: Took 0.000258 seconds to synchronously load lazily loaded font '../../../Engine/Content/Slate/Fonts/Roboto-Light.ttf' (167K)
[2019.01.03-16.48.04:058][658]LogAssetEditorManager: Opening Asset editor for AnimBlueprint /Game/Mutant/Animations/Controllers/Mutant_Controller.Mutant_Controller
[2019.01.03-16.48.04:208][658]LogContentBrowser: Native class hierarchy updated for 'SkeletonEditor' in 0.0005 seconds. Added 1 classes and 2 folders.
[2019.01.03-16.48.04:389][658]LogActorComponent: RegisterComponentWithWorld: (/Engine/Transient.World_1:PersistentLevel.AnimationEditorPreviewActor_0.DebugSkelMeshComponent_0) Already registered. Aborting.
[2019.01.03-16.48.04:394][658]LogContentBrowser: Native class hierarchy updated for 'PinnedCommandList' in 0.0004 seconds. Added 1 classes and 0 folders.
[2019.01.03-16.48.05:333][658]LogContentBrowser: Native class hierarchy updated for 'BlueprintGraph' in 0.0007 seconds. Added 116 classes and 0 folders.
[2019.01.03-16.48.06:220][658]LogSkeletalMesh: USkeletalMeshComponent::InitArticulated : Bodies already created (/Engine/Transient.World_1:PersistentLevel.AnimationEditorPreviewActor_0.DebugSkelMeshComponent_0) - call TermArticulated first.
[2019.01.03-16.48.06:671][658]LogSlate: Took 0.019501 seconds to synchronously load lazily loaded font '../../../Engine/Content/Slate/Fonts/Roboto-BoldCondensed.ttf' (158K)
[2019.01.03-16.48.06:724][658]LogContentBrowser: Native class hierarchy updated for 'ClothingSystemEditorInterface' in 0.0004 seconds. Added 1 classes and 0 folders.
[2019.01.03-16.48.06:939][658]LogContentBrowser: Verbose: The majority of assets in the view are of type: AnimSequence
[2019.01.03-16.48.12:686][211]LogSlate: Took 0.028500 seconds to synchronously load lazily loaded font '../../../Engine/Content/Slate/Fonts/Roboto-Italic.ttf' (157K)
[2019.01.03-16.49.57:989][486]Running D:/Program Files/Epic Games/UE_4.20/Engine/Binaries/DotNET/UnrealBuildTool.exe Win64 Development -TargetType=Editor -Project="D:/Git/FightingGame/FightingGame/FightingGame.uproject" -invalidatemakefilesonly
[2019.01.03-16.50.00:005][486]Invalidating makefiles only in this run.
[2019.01.03-16.50.00:469][486]Candidate modules for hot reload:
[2019.01.03-16.50.00:469][486]  FightingGame
[2019.01.03-16.50.00:475][486]Launching UnrealBuildTool... [D:/Program Files/Epic Games/UE_4.20/Engine/Binaries/DotNET/UnrealBuildTool.exe  -ModuleWithSuffix=FightingGame,3601 Win64 Development -TargetType=Editor -Project="../../../../../../Git/FightingGame/FightingGame/FightingGame.uproject" -canskiplink "D:/Git/FightingGame/FightingGame/FightingGame.uproject" ]
[2019.01.03-16.51.47:489][486]CompilerResultsLog: New page: Compilation - Jan 3, 2019, 4:51:47 PM
[2019.01.03-16.51.47:499][486]CompilerResultsLog: Using 'git status' to determine working set for adaptive non-unity build.
[2019.01.03-16.51.47:499][486]CompilerResultsLog: Creating makefile for hot reloading FightingGameEditor (no existing makefile)
[2019.01.03-16.51.47:499][486]CompilerResultsLog: Compiling game modules for hot reload
[2019.01.03-16.51.47:499][486]CompilerResultsLog: Using Visual Studio 2017 14.14.26428 toolchain (D:\Program Files (x86)\Microsoft Visual Studio\2017\Community\VC\Tools\MSVC\14.14.26428) and Windows 10.0.17134.0 SDK (C:\Program Files (x86)\Windows Kits\10).
[2019.01.03-16.51.47:499][486]CompilerResultsLog: Parsing headers for FightingGameEditor
[2019.01.03-16.51.47:499][486]CompilerResultsLog:   Running UnrealHeaderTool "D:\Git\FightingGame\FightingGame\FightingGame.uproject" "D:\Git\FightingGame\FightingGame\Intermediate\Build\Win64\FightingGameEditor\Development\FightingGameEditor.uhtmanifest" -LogCmds="loginit warning, logexit warning, logdatabase error" -Unattended -WarningsAsErrors -installed
[2019.01.03-16.51.47:499][486]CompilerResultsLog: Reflection code generated for FightingGameEditor in 12.0710213 seconds
[2019.01.03-16.51.47:500][486]CompilerResultsLog: Building 5 actions with 8 processes...
[2019.01.03-16.51.47:500][486]CompilerResultsLog:   [1/5] Player_Mutant.cpp
[2019.01.03-16.51.47:500][486]CompilerResultsLog:   [2/5] FightingGame.init.gen.cpp
[2019.01.03-16.51.47:500][486]CompilerResultsLog:   [3/5] Player_Mutant.gen.cpp
[2019.01.03-16.51.47:500][486]CompilerResultsLog:   [4/5] UE4Editor-FightingGame-3601.lib
[2019.01.03-16.51.47:500][486]CompilerResultsLog:      Creating library D:\Git\FightingGame\FightingGame\Intermediate\Build\Win64\UE4Editor\Development\FightingGame\UE4Editor-FightingGame-3601.lib and object D:\Git\FightingGame\FightingGame\Intermediate\Build\Win64\UE4Editor\Development\FightingGame\UE4Editor-FightingGame-3601.exp
[2019.01.03-16.51.47:500][486]CompilerResultsLog:   [5/5] UE4Editor-FightingGame-3601.dll
[2019.01.03-16.51.47:500][486]CompilerResultsLog:      Creating library D:\Git\FightingGame\FightingGame\Intermediate\Build\Win64\UE4Editor\Development\FightingGame\UE4Editor-FightingGame-3601.suppressed.lib and object D:\Git\FightingGame\FightingGame\Intermediate\Build\Win64\UE4Editor\Development\FightingGame\UE4Editor-FightingGame-3601.suppressed.exp
[2019.01.03-16.51.47:500][486]CompilerResultsLog: Total build time: 106.65 seconds (Parallel executor: 84.03 seconds)
[2019.01.03-16.51.47:513][486]LogMainFrame: MainFrame: Module compiling took 107.121 seconds
[2019.01.03-16.51.47:601][486]LogClass: Could not find existing class Player_Mutant in package /Script/FightingGame for HotReload, assuming new class
[2019.01.03-16.51.47:612][486]LogContentBrowser: Native class hierarchy updated for 'FightingGame' in 0.0006 seconds. Added 7 classes and 2 folders.
[2019.01.03-16.51.47:617][486]Display: HotReload successful (14 functions remapped  0 scriptstructs remapped)
[2019.01.03-16.51.48:020][486]LogContentBrowser: Native class hierarchy populated in 0.0092 seconds. Added 2581 classes and 609 folders.
[2019.01.03-16.51.48:091][486]Display: HotReload took 107.9s.
[2019.01.03-16.51.48:092][486]Warning: HotReload operation took 107.9s.
[2019.01.03-16.51.48:483][486]LogSlate: Window 'Add C++ Class' being destroyed
[2019.01.03-16.51.48:493][486]LogHotReload: New module detected: UE4Editor-FightingGame-3601.dll
[2019.01.03-16.51.48:663][487]LogHotReload: Starting Hot-Reload from IDE
[2019.01.03-16.51.48:747][487]LogContentBrowser: Native class hierarchy updated for 'FightingGame' in 0.0005 seconds. Added 7 classes and 2 folders.
[2019.01.03-16.51.48:751][487]Display: HotReload successful (0 functions remapped  0 scriptstructs remapped)
[2019.01.03-16.51.49:055][487]LogContentBrowser: Native class hierarchy populated in 0.0120 seconds. Added 2581 classes and 609 folders.
[2019.01.03-16.51.49:074][487]Display: HotReload took  0.4s.
[2019.01.03-16.52.55:870][ 31]LogEditorViewport: Clicking on Actor (LMB): BP_Sky_Sphere_C (BP_Sky_Sphere)
[2019.01.03-16.52.57:986][240]LogSlate: FSceneViewport::OnFocusLost() reason 0
[2019.01.03-16.53.01:297][580]LogEditorViewport: Clicking on Actor (LMB): BP_Sky_Sphere_C (BP_Sky_Sphere)
[2019.01.03-16.53.11:354][372]LogSlate: FSceneViewport::OnFocusLost() reason 2
[2019.01.03-16.56.32:789][447]LogFactory: FactoryCreateFile: Texture with ReimportTextureFactory (0 0 ../../../../../../Projects/TGP-Pairs/Mutant/Mutant_Portrait_Game.png)
[2019.01.03-16.56.32:811][447]LogTexture: Display: Building textures: Mutant_Portrait_Game (BGRA8, 395X374)
[2019.01.03-16.56.36:648][819]LogSlate: FSceneViewport::OnFocusLost() reason 2
[2019.01.03-16.56.36:921][819]LogSavePackage: Moving '../../../../../../Git/FightingGame/FightingGame/Saved/Minimal_DefaultA37BFB034CD3484046629680C2DBE40B.tmp' to '../../../../../../Git/FightingGame/FightingGame/Content/StarterContent/Maps/Minimal_Default.umap'
[2019.01.03-16.56.37:021][819]LogSavePackage: Moving '../../../../../../Git/FightingGame/FightingGame/Saved/Minimal_Default_BuiltDataD13B6C2D4E9FE3F5B7366BA558F13EC6.tmp' to '../../../../../../Git/FightingGame/FightingGame/Content/StarterContent/Maps/Minimal_Default_BuiltData.uasset'
[2019.01.03-16.56.49:302][378]LogSavePackage: Moving '../../../../../../Git/FightingGame/FightingGame/Saved/Minimal_Default59422A304F1F10C41F3E24BAB633F007.tmp' to '../../../../../../Git/FightingGame/FightingGame/Content/StarterContent/Maps/Minimal_Default.umap'
[2019.01.03-16.56.49:395][378]LogSavePackage: Moving '../../../../../../Git/FightingGame/FightingGame/Saved/Minimal_Default_BuiltDataDEC9442D4F30DBD1F74F15806084AFC5.tmp' to '../../../../../../Git/FightingGame/FightingGame/Content/StarterContent/Maps/Minimal_Default_BuiltData.uasset'
[2019.01.03-16.57.06:619][854]LogAssetEditorManager: Opening Asset editor for AnimBlueprint /Game/Eve/Animations/Controllers/Eve_AnimationController.Eve_AnimationController
[2019.01.03-16.57.06:933][854]LogActorComponent: RegisterComponentWithWorld: (/Engine/Transient.World_10:PersistentLevel.AnimationEditorPreviewActor_0.DebugSkelMeshComponent_0) Already registered. Aborting.
[2019.01.03-16.57.07:283][854]LogSkeletalMesh: USkeletalMeshComponent::InitArticulated : Bodies already created (/Engine/Transient.World_10:PersistentLevel.AnimationEditorPreviewActor_0.DebugSkelMeshComponent_0) - call TermArticulated first.
[2019.01.03-16.57.07:832][854]LogContentBrowser: Verbose: The majority of assets in the view are of type: AnimSequence
[2019.01.03-16.57.35:037][754]LogSlate: Took 0.012158 seconds to synchronously load lazily loaded font '../../../Engine/Content/Slate/Fonts/Roboto-BoldCondensedItalic.ttf' (160K)
[2019.01.03-16.57.44:149][708]LogEditorTransaction: Undo Add New Function
[2019.01.03-16.57.44:428][708]LogActorComponent: RegisterComponentWithWorld: (/Engine/Transient.World_1:PersistentLevel.AnimationEditorPreviewActor_0.DebugSkelMeshComponent_0) Already registered. Aborting.
[2019.01.03-16.57.44:501][708]LogActorComponent: RegisterComponentWithWorld: (/Engine/Transient.World_10:PersistentLevel.AnimationEditorPreviewActor_0.DebugSkelMeshComponent_0) Already registered. Aborting.
[2019.01.03-16.58.03:877][634]LogSavePackage: Moving '../../../../../../Git/FightingGame/FightingGame/Saved/Mutant_Controller5E0AA1EA4344D65B92799DA25F38A65A.tmp' to '../../../../../../Git/FightingGame/FightingGame/Content/Mutant/Animations/Controllers/Mutant_Controller.uasset'
[2019.01.03-16.58.10:785][305]LogSavePackage: Moving '../../../../../../Git/FightingGame/FightingGame/Saved/Mutant_ControllerAE8711584E77910E03DDE092AC28D6F0.tmp' to '../../../../../../Git/FightingGame/FightingGame/Content/Mutant/Animations/Controllers/Mutant_Controller.uasset'
[2019.01.03-16.58.20:585][325]LogAssetEditorManager: Opening Asset editor for AnimSequence /Game/Mutant/mutant_Anim_mixamo_com.mutant_Anim_mixamo_com
[2019.01.03-16.58.20:646][325]LogActorComponent: RegisterComponentWithWorld: (/Engine/Transient.World_13:PersistentLevel.AnimationEditorPreviewActor_0.DebugSkelMeshComponent_0) Already registered. Aborting.
[2019.01.03-16.58.20:674][325]LogSkeletalMesh: USkeletalMeshComponent::InitArticulated : Bodies already created (/Engine/Transient.World_13:PersistentLevel.AnimationEditorPreviewActor_0.DebugSkelMeshComponent_0) - call TermArticulated first.
[2019.01.03-16.58.21:023][325]LogContentBrowser: Verbose: The majority of assets in the view are of type: AnimSequence
[2019.01.03-16.58.24:553][625]LogSlate: FSceneViewport::OnFocusLost() reason 0
[2019.01.03-16.58.29:823][ 65]LogSlate: FSceneViewport::OnFocusLost() reason 0
[2019.01.03-16.58.41:157][116]LogAssetEditorManager: Opening Asset editor for AnimSequence /Game/Mutant/Animations/Mutant_Roaring_Anim_mixamo_com.Mutant_Roaring_Anim_mixamo_com
[2019.01.03-16.58.52:709][149]LogAssetEditorManager: Opening Asset editor for AnimSequence /Game/Mutant/Animations/Mutant_Swiping_Anim_mixamo_com.Mutant_Swiping_Anim_mixamo_com
[2019.01.03-16.58.52:716][149]LogActorComponent: RegisterComponentWithWorld: (/Engine/Transient.World_19:PersistentLevel.AnimationEditorPreviewActor_0.DebugSkelMeshComponent_0) Already registered. Aborting.
[2019.01.03-16.58.52:740][149]LogSkeletalMesh: USkeletalMeshComponent::InitArticulated : Bodies already created (/Engine/Transient.World_19:PersistentLevel.AnimationEditorPreviewActor_0.DebugSkelMeshComponent_0) - call TermArticulated first.
[2019.01.03-16.58.53:090][149]LogContentBrowser: Verbose: The majority of assets in the view are of type: AnimSequence
[2019.01.03-16.59.10:032][720]LogAssetEditorManager: Opening Asset editor for AnimSequence /Game/Mutant/Animations/Zombie_Attack_Anim_mixamo_com.Zombie_Attack_Anim_mixamo_com
[2019.01.03-16.59.10:038][720]LogActorComponent: RegisterComponentWithWorld: (/Engine/Transient.World_22:PersistentLevel.AnimationEditorPreviewActor_0.DebugSkelMeshComponent_0) Already registered. Aborting.
[2019.01.03-16.59.10:064][720]LogSkeletalMesh: USkeletalMeshComponent::InitArticulated : Bodies already created (/Engine/Transient.World_22:PersistentLevel.AnimationEditorPreviewActor_0.DebugSkelMeshComponent_0) - call TermArticulated first.
[2019.01.03-16.59.10:430][720]LogContentBrowser: Verbose: The majority of assets in the view are of type: AnimSequence
[2019.01.03-16.59.51:055][625]LogSavePackage: Moving '../../../../../../Git/FightingGame/FightingGame/Saved/Mutant_ControllerB0109BAA4AC59442FE210B8693D45FA5.tmp' to '../../../../../../Git/FightingGame/FightingGame/Content/Mutant/Animations/Controllers/Mutant_Controller.uasset'
[2019.01.03-16.59.58:561][385]LogSavePackage: Moving '../../../../../../Git/FightingGame/FightingGame/Saved/Mutant_ControllerEF388DA04152D55CCFE8EDA9D14C8D0E.tmp' to '../../../../../../Git/FightingGame/FightingGame/Content/Mutant/Animations/Controllers/Mutant_Controller.uasset'
[2019.01.03-17.00.04:386][952]LogSavePackage: Moving '../../../../../../Git/FightingGame/FightingGame/Saved/Mutant_ControllerE9B61D9E48E82C60FF41E19E20A4062F.tmp' to '../../../../../../Git/FightingGame/FightingGame/Content/Mutant/Animations/Controllers/Mutant_Controller.uasset'
[2019.01.03-17.00.32:255][727]LogSavePackage: Moving '../../../../../../Git/FightingGame/FightingGame/Saved/Mutant_Controller2BE138D9486D66BF5DBA13912E13B332.tmp' to '../../../../../../Git/FightingGame/FightingGame/Content/Mutant/Animations/Controllers/Mutant_Controller.uasset'
[2019.01.03-17.00.47:338][178]LogSavePackage: Moving '../../../../../../Git/FightingGame/FightingGame/Saved/Mutant_ControllerF390BEBA4522447A665091B81E081AE6.tmp' to '../../../../../../Git/FightingGame/FightingGame/Content/Mutant/Animations/Controllers/Mutant_Controller.uasset'
[2019.01.03-17.00.59:381][366]LogSavePackage: Moving '../../../../../../Git/FightingGame/FightingGame/Saved/Mutant_ControllerBD4AEB1C46D6AF0A0B2D22BDC7FB8014.tmp' to '../../../../../../Git/FightingGame/FightingGame/Content/Mutant/Animations/Controllers/Mutant_Controller.uasset'
[2019.01.03-17.01.11:168][545]LogSavePackage: Moving '../../../../../../Git/FightingGame/FightingGame/Saved/Mutant_Controller52E969B840935226BA1327976FD8E5EA.tmp' to '../../../../../../Git/FightingGame/FightingGame/Content/Mutant/Animations/Controllers/Mutant_Controller.uasset'
[2019.01.03-17.01.21:430][513]LogSavePackage: Moving '../../../../../../Git/FightingGame/FightingGame/Saved/Mutant_ControllerC04DEDFA4309DBFE63B4BDB1F3B81E1F.tmp' to '../../../../../../Git/FightingGame/FightingGame/Content/Mutant/Animations/Controllers/Mutant_Controller.uasset'
[2019.01.03-17.01.24:706][852]BlueprintLog: New page: Compile Mutant_Controller
[2019.01.03-17.01.46:154][917]LogSlate: FSceneViewport::OnFocusLost() reason 0
[2019.01.03-17.01.47:044][986]LogSavePackage: Moving '../../../../../../Git/FightingGame/FightingGame/Saved/Mutant_Controller1BCB885D4CA7216E9E409DA8A43707AE.tmp' to '../../../../../../Git/FightingGame/FightingGame/Content/Mutant/Animations/Controllers/Mutant_Controller.uasset'
[2019.01.03-17.01.49:298][186]BlueprintLog: New page: Compile Mutant_Controller
[2019.01.03-17.02.24:123][386]LogSavePackage: Moving '../../../../../../Git/FightingGame/FightingGame/Saved/Mutant_Controller6D39AF4D4500FA711B1BFEA2EE320D3C.tmp' to '../../../../../../Git/FightingGame/FightingGame/Content/Mutant/Animations/Controllers/Mutant_Controller.uasset'
[2019.01.03-17.02.25:611][480]LogSavePackage: Moving '../../../../../../Git/FightingGame/FightingGame/Saved/Mutant_Controller9D730ECA490E390843B552B1380B5213.tmp' to '../../../../../../Git/FightingGame/FightingGame/Content/Mutant/Animations/Controllers/Mutant_Controller.uasset'
[2019.01.03-17.02.35:307][390]BlueprintLog: New page: Compile Mutant_Controller
[2019.01.03-17.02.35:332][390]LogBlueprint: Warning: [Compiler Mutant_Controller] Could not find a variable named "PlayerAnimHandler" in 'Mutant_Controller_C'.
Make sure 'Mutant_Controller_C' has been compiled for  Set PlayerAnimHandler
[2019.01.03-17.02.35:337][390]LogBlueprint: Warning: [Compiler Mutant_Controller] Could not find a variable named "PlayerAnimHandler" in 'Mutant_Controller_C'.
Make sure 'Mutant_Controller_C' has been compiled for  Set PlayerAnimHandler
[2019.01.03-17.02.35:347][390]LogBlueprint: Error: [Compiler Mutant_Controller] This blueprint (self) is not a Animation_Handler, therefore ' Target ' must have a connection.
[2019.01.03-17.02.35:347][390]LogBlueprint: Error: [Compiler Mutant_Controller] This blueprint (self) is not a Animation_Handler, therefore ' Target ' must have a connection.
[2019.01.03-17.02.35:347][390]LogBlueprint: Error: [Compiler Mutant_Controller] This blueprint (self) is not a Animation_Handler, therefore ' Target ' must have a connection.
[2019.01.03-17.02.35:348][390]LogBlueprint: Error: [Compiler Mutant_Controller] The type of  Object  is undetermined.  Connect something to  Cast To Player_Eve  to imply a specific type.
[2019.01.03-17.02.35:348][390]LogBlueprint: Error: [Compiler Mutant_Controller] The current value of the ' Object ' pin is invalid: Unsupported type Wildcard on pin Object
[2019.01.03-17.02.35:348][390]LogBlueprint: Error: [Compiler Mutant_Controller] The property associated with  Player Anim Handler  could not be found in '/Game/Mutant/Animations/Controllers/Mutant_Controller.Mutant_Controller_C'
[2019.01.03-17.02.35:505][390]LogBlueprint: Warning: [Compiler Mutant_Controller] [1040.10] Compile of Mutant_Controller failed. 6 Fatal Issue(s) 2 Warning(s) [in 198 ms] (/Game/Mutant/Animations/Controllers/Mutant_Controller.Mutant_Controller)
[2019.01.03-17.02.41:645][925]LogSavePackage: Moving '../../../../../../Git/FightingGame/FightingGame/Saved/Mutant_Controller50A15E444B74BD93BAA72C8EC8209F0E.tmp' to '../../../../../../Git/FightingGame/FightingGame/Content/Mutant/Animations/Controllers/Mutant_Controller.uasset'
[2019.01.03-17.02.42:314][978]BlueprintLog: New page: Compile Mutant_Controller
[2019.01.03-17.02.42:338][978]LogBlueprint: Warning: [Compiler Mutant_Controller] Could not find a variable named "PlayerAnimHandler" in 'Mutant_Controller_C'.
Make sure 'Mutant_Controller_C' has been compiled for  Set PlayerAnimHandler
[2019.01.03-17.02.42:343][978]LogBlueprint: Warning: [Compiler Mutant_Controller] Could not find a variable named "PlayerAnimHandler" in 'Mutant_Controller_C'.
Make sure 'Mutant_Controller_C' has been compiled for  Set PlayerAnimHandler
[2019.01.03-17.02.42:344][978]LogBlueprint: Error: [Compiler Mutant_Controller] This blueprint (self) is not a Animation_Handler, therefore ' Target ' must have a connection.
[2019.01.03-17.02.42:344][978]LogBlueprint: Error: [Compiler Mutant_Controller] This blueprint (self) is not a Animation_Handler, therefore ' Target ' must have a connection.
[2019.01.03-17.02.42:344][978]LogBlueprint: Error: [Compiler Mutant_Controller] This blueprint (self) is not a Animation_Handler, therefore ' Target ' must have a connection.
[2019.01.03-17.02.42:344][978]LogBlueprint: Error: [Compiler Mutant_Controller] The property associated with  Player Anim Handler  could not be found in '/Game/Mutant/Animations/Controllers/Mutant_Controller.Mutant_Controller_C'
[2019.01.03-17.02.42:504][978]LogBlueprint: Warning: [Compiler Mutant_Controller] [1047.10] Compile of Mutant_Controller failed. 4 Fatal Issue(s) 2 Warning(s) [in 188 ms] (/Game/Mutant/Animations/Controllers/Mutant_Controller.Mutant_Controller)
[2019.01.03-17.03.07:119][230]LogSavePackage: Moving '../../../../../../Git/FightingGame/FightingGame/Saved/Mutant_Controller4429244B4F3702B3B63393BEDC5C5648.tmp' to '../../../../../../Git/FightingGame/FightingGame/Content/Mutant/Animations/Controllers/Mutant_Controller.uasset'
[2019.01.03-17.03.08:802][378]BlueprintLog: New page: Compile Mutant_Controller
[2019.01.03-17.03.08:827][378]LogBlueprint: Warning: [Compiler Mutant_Controller] Could not find a variable named "PlayerAnimHandler" in 'Mutant_Controller_C'.
Make sure 'Mutant_Controller_C' has been compiled for  Set PlayerAnimHandler
[2019.01.03-17.03.08:832][378]LogBlueprint: Warning: [Compiler Mutant_Controller] Could not find a variable named "PlayerAnimHandler" in 'Mutant_Controller_C'.
Make sure 'Mutant_Controller_C' has been compiled for  Set PlayerAnimHandler
[2019.01.03-17.03.08:833][378]LogBlueprint: Error: [Compiler Mutant_Controller] This blueprint (self) is not a Animation_Handler, therefore ' Target ' must have a connection.
[2019.01.03-17.03.08:833][378]LogBlueprint: Error: [Compiler Mutant_Controller] This blueprint (self) is not a Animation_Handler, therefore ' Target ' must have a connection.
[2019.01.03-17.03.08:833][378]LogBlueprint: Error: [Compiler Mutant_Controller] This blueprint (self) is not a Animation_Handler, therefore ' Target ' must have a connection.
[2019.01.03-17.03.08:834][378]LogBlueprint: Error: [Compiler Mutant_Controller] The property associated with  Player Anim Handler  could not be found in '/Game/Mutant/Animations/Controllers/Mutant_Controller.Mutant_Controller_C'
[2019.01.03-17.03.09:000][378]LogBlueprint: Warning: [Compiler Mutant_Controller] [1073.60] Compile of Mutant_Controller failed. 4 Fatal Issue(s) 2 Warning(s) [in 197 ms] (/Game/Mutant/Animations/Controllers/Mutant_Controller.Mutant_Controller)
[2019.01.03-17.03.27:170][ 33]LogSavePackage: Moving '../../../../../../Git/FightingGame/FightingGame/Saved/Mutant_Controller518FBFDE4D07C8E44E00C191238FAF3C.tmp' to '../../../../../../Git/FightingGame/FightingGame/Content/Mutant/Animations/Controllers/Mutant_Controller.uasset'
[2019.01.03-17.03.27:712][ 79]LogSlate: Window 'Mutant_Controller' being destroyed
[2019.01.03-17.03.46:147][926]LogAssetEditorManager: Opening Asset editor for Blueprint /Game/MyPlayer_Mutant.MyPlayer_Mutant
[2019.01.03-17.03.46:601][926]LogSlate: Window 'Add Blueprint Class' being destroyed
[2019.01.03-17.03.46:737][926]LogRenderer: Reallocating scene render targets to support 1208x744 Format 10 NumSamples 1 (Frame:1).
[2019.01.03-17.04.09:062][750]LogSlate: FSceneViewport::OnFocusLost() reason 2
[2019.01.03-17.04.09:082][750]Cmd: OBJ SAVEPACKAGE PACKAGE="/Game/MyPlayer_Mutant" FILE="../../../../../../Git/FightingGame/FightingGame/Content/MyPlayer_Mutant.uasset" SILENT=true
[2019.01.03-17.04.09:110][750]LogSavePackage: Moving '../../../../../../Git/FightingGame/FightingGame/Saved/MyPlayer_Mutant7DBD3A1D494077E2DB15DDB55D6F60F8.tmp' to '../../../../../../Git/FightingGame/FightingGame/Content/MyPlayer_Mutant.uasset'
[2019.01.03-17.04.11:315][917]LogSlate: FSceneViewport::OnFocusLost() reason 0
[2019.01.03-17.04.16:646][357]LogSlate: FSceneViewport::OnFocusLost() reason 0
[2019.01.03-17.04.24:140][ 19]LogEditorTransaction: Undo Modify Component(s)
