Log file open, 12/27/18 15:44:39
LogWindows: Failed to load 'aqProf.dll' (GetLastError=126)
LogWindows: File 'aqProf.dll' does not exist
LogWindows: Failed to load 'VSPerf140.dll' (GetLastError=126)
LogWindows: File 'VSPerf140.dll' does not exist
LogWindows: Failed to load 'VtuneApi.dll' (GetLastError=126)
LogWindows: File 'VtuneApi.dll' does not exist
LogWindows: Failed to load 'VtuneApi32e.dll' (GetLastError=126)
LogWindows: File 'VtuneApi32e.dll' does not exist
LogInit: Display: Running engine for game: FightingGame
LogPlatformFile: Not using cached read wrapper
LogTaskGraph: Started task graph with 5 named threads and 23 total threads with 3 sets of task threads.
LogStats: Stats thread started at 4.308228
LogD3D11RHI: Loaded GFSDK_Aftermath_Lib.x64.dll
LogICUInternationalization: Display: ICU TimeZone Detection - Raw Offset: +0:00, Platform Override: ''
LogPluginManager: Mounting plugin Paper2D
LogPluginManager: Mounting plugin AISupport
LogPluginManager: Mounting plugin LightPropagationVolume
LogPluginManager: Mounting plugin CLionSourceCodeAccess
LogPluginManager: Mounting plugin CodeLiteSourceCodeAccess
LogPluginManager: Mounting plugin GitSourceControl
LogPluginManager: Mounting plugin KDevelopSourceCodeAccess
LogPluginManager: Mounting plugin NullSourceCodeAccess
LogPluginManager: Mounting plugin PerforceSourceControl
LogPluginManager: Mounting plugin SubversionSourceControl
LogPluginManager: Mounting plugin UObjectPlugin
LogPluginManager: Mounting plugin VisualStudioCodeSourceCodeAccess
LogPluginManager: Mounting plugin VisualStudioSourceCodeAccess
LogPluginManager: Mounting plugin XCodeSourceCodeAccess
LogPluginManager: Mounting plugin AssetManagerEditor
LogPluginManager: Mounting plugin CryptoKeys
LogPluginManager: Mounting plugin DataValidation
LogPluginManager: Mounting plugin FacialAnimation
LogPluginManager: Mounting plugin GameplayTagsEditor
LogPluginManager: Mounting plugin MacGraphicsSwitching
LogPluginManager: Mounting plugin MeshEditor
LogPluginManager: Mounting plugin MobileLauncherProfileWizard
LogPluginManager: Mounting plugin PluginBrowser
LogPluginManager: Mounting plugin SpeedTreeImporter
LogPluginManager: Mounting plugin DatasmithContent
LogPluginManager: Mounting plugin AlembicImporter
LogPluginManager: Mounting plugin AppleImageUtils
LogPluginManager: Mounting plugin AppleVision
LogPluginManager: Mounting plugin BackChannel
LogPluginManager: Mounting plugin CharacterAI
LogPluginManager: Mounting plugin GeometryCache
LogPluginManager: Mounting plugin HTML5Networking
LogPluginManager: Mounting plugin ProxyLODPlugin
LogPluginManager: Mounting plugin MagicLeap
LogPluginManager: Mounting plugin MagicLeapEmulator
LogPluginManager: Mounting plugin MagicLeapMedia
LogPluginManager: Mounting plugin AndroidMedia
LogPluginManager: Mounting plugin AvfMedia
LogPluginManager: Mounting plugin ImgMedia
LogPluginManager: Mounting plugin LinearTimecode
LogPluginManager: Mounting plugin MediaCompositing
LogPluginManager: Mounting plugin MediaPlayerEditor
LogPluginManager: Mounting plugin WmfMedia
LogPluginManager: Mounting plugin TcpMessaging
LogPluginManager: Mounting plugin UdpMessaging
LogPluginManager: Mounting plugin ActorSequence
LogPluginManager: Mounting plugin LevelSequenceEditor
LogPluginManager: Mounting plugin MatineeToLevelSequence
LogPluginManager: Mounting plugin NetcodeUnitTest
LogPluginManager: Mounting plugin NUTUnrealEngine4
LogPluginManager: Mounting plugin OnlineSubsystemGooglePlay
LogPluginManager: Mounting plugin OnlineSubsystemIOS
LogPluginManager: Mounting plugin OnlineSubsystem
LogPluginManager: Mounting plugin OnlineSubsystemNull
LogPluginManager: Mounting plugin OnlineSubsystemUtils
LogPluginManager: Mounting plugin LauncherChunkInstaller
LogPluginManager: Mounting plugin AndroidDeviceProfileSelector
LogPluginManager: Mounting plugin AndroidMoviePlayer
LogPluginManager: Mounting plugin AndroidPermission
LogPluginManager: Mounting plugin AppleMoviePlayer
LogPluginManager: Mounting plugin ArchVisCharacter
LogPluginManager: Mounting plugin AudioCapture
LogPluginManager: Mounting plugin CableComponent
LogPluginManager: Mounting plugin CustomMeshComponent
LogPluginManager: Mounting plugin EditableMesh
LogPluginManager: Mounting plugin ExampleDeviceProfileSelector
LogPluginManager: Mounting plugin GoogleCloudMessaging
LogPluginManager: Mounting plugin ImmediatePhysics
LogPluginManager: Mounting plugin IOSDeviceProfileSelector
LogPluginManager: Mounting plugin LinuxDeviceProfileSelector
LogPluginManager: Mounting plugin LocationServicesBPLibrary
LogPluginManager: Mounting plugin MobilePatchingUtils
LogPluginManager: Mounting plugin OculusVR
LogPluginManager: Plugin shader directory ../../../Engine/Plugins/Runtime/Oculus/OculusVR/Shaders found
LogPluginManager: Mapping shader source directory ../../../Engine/Plugins/Runtime/Oculus/OculusVR/Shaders to virtual directory /Plugin/OculusVR
LogPluginManager: Mounting plugin PhysXVehicles
LogPluginManager: Mounting plugin ProceduralMeshComponent
LogPluginManager: Mounting plugin RuntimePhysXCooking
LogPluginManager: Mounting plugin SteamVR
LogPluginManager: Mounting plugin WindowsMoviePlayer
LogStreaming: Display: Took  0.466s to configure plugins.
LogInit: Using libcurl 7.55.1-DEV
LogInit:  - built for x86_64-pc-win32
LogInit:  - supports SSL with OpenSSL/1.0.2h
LogInit:  - supports HTTP deflate (compression) using libz 1.2.8
LogInit:  - other features:
LogInit:      CURL_VERSION_SSL
LogInit:      CURL_VERSION_LIBZ
LogInit:      CURL_VERSION_IPV6
LogInit:      CURL_VERSION_ASYNCHDNS
LogInit:      CURL_VERSION_LARGEFILE
LogInit:      CURL_VERSION_IDN
LogInit:  CurlRequestOptions (configurable via config and command line):
LogInit:  - bVerifyPeer = false  - Libcurl will NOT verify peer certificate
LogInit:  - bUseHttpProxy = false  - Libcurl will NOT use HTTP proxy
LogInit:  - bDontReuseConnections = false  - Libcurl will reuse connections
LogInit:  - CertBundlePath = nullptr  - Libcurl will use whatever was configured at build time.
LogInit:  - MaxHostConnections = 16  - Libcurl will limit the number of connections to a host
LogInit:  - LocalHostAddr = Default
LogInit:  - BufferSize = 65536
LogInit: WinSock: version 1.1 (2.2), MaxSocks=32767, MaxUdp=65467
LogInit: Build: ++UE4+Release-4.20-CL-4369336
LogInit: Engine Version: 4.20.3-4369336+++UE4+Release-4.20
LogInit: Compatible Engine Version: 4.20.0-4212847+++UE4+Release-4.20
LogInit: Net CL: 4212847
LogInit: OS: Windows 10 (), CPU: Intel(R) Core(TM) i7-6700K CPU @ 4.00GHz, GPU: NVIDIA GeForce GTX 1060 6GB
LogInit: Compiled (64-bit): Sep 17 2018 12:26:19
LogInit: Compiled with Visual C++: 19.13.26129.00
LogInit: Build Configuration: Development
LogInit: Branch Name: ++UE4+Release-4.20
LogInit: Command Line:  -skipcompile
LogInit: Base Directory: D:/Program Files/Epic Games/UE_4.20/Engine/Binaries/Win64/
LogInit: Installed Engine Build: 1
LogDevObjectVersion: Number of dev versions registered: 20
LogDevObjectVersion:   Dev-Blueprints (B0D832E4-1F89-4F0D-ACCF-7EB736FD4AA2): 10
LogDevObjectVersion:   Dev-Build (E1C64328-A22C-4D53-A36C-8E866417BD8C): 0
LogDevObjectVersion:   Dev-Core (375EC13C-06E4-48FB-B500-84F0262A717E): 2
LogDevObjectVersion:   Dev-Editor (E4B068ED-F494-42E9-A231-DA0B2E46BB41): 24
LogDevObjectVersion:   Dev-Framework (CFFC743F-43B0-4480-9391-14DF171D2073): 34
LogDevObjectVersion:   Dev-Mobile (B02B49B5-BB20-44E9-A304-32B752E40360): 2
LogDevObjectVersion:   Dev-Networking (A4E4105C-59A1-49B5-A7C5-40C4547EDFEE): 0
LogDevObjectVersion:   Dev-Online (39C831C9-5AE6-47DC-9A44-9C173E1C8E7C): 0
LogDevObjectVersion:   Dev-Physics (78F01B33-EBEA-4F98-B9B4-84EACCB95AA2): 0
LogDevObjectVersion:   Dev-Platform (6631380F-2D4D-43E0-8009-CF276956A95A): 0
LogDevObjectVersion:   Dev-Rendering (12F88B9F-8875-4AFC-A67C-D90C383ABD29): 26
LogDevObjectVersion:   Dev-Sequencer (7B5AE74C-D270-4C10-A958-57980B212A5A): 9
LogDevObjectVersion:   Dev-VR (D7296918-1DD6-4BDD-9DE2-64A83CC13884): 2
LogDevObjectVersion:   Dev-LoadTimes (C2A15278-BFE7-4AFE-6C17-90FF531DF755): 1
LogDevObjectVersion:   Private-Geometry (6EACA3D4-40EC-4CC1-B786-8BED09428FC5): 3
LogDevObjectVersion:   Dev-AnimPhys (29E575DD-E0A3-4627-9D10-D276232CDCEA): 17
LogDevObjectVersion:   Dev-ReflectionCapture (6B266CEC-1EC7-4B8F-A30B-E4D90942FC07): 1
LogDevObjectVersion:   Dev-Automation (0DF73D61-A23F-47EA-B727-89E90C41499A): 1
LogDevObjectVersion:   FortniteMain (601D1886-AC64-4F84-AA16-D3DE0DEAC7D6): 12
LogDevObjectVersion:   Dev-Enterprise (9DFFBCD6-494F-0158-E221-12823C92A888): 1
LogStreaming: Display: Took  0.044s to delete old logs.
LogInit: Presizing for max 8388607 objects, including 0 objects not considered by GC, pre-allocating 0 bytes for permanent pool.
LogInit: Object subsystem initialized
[2018.12.27-15.44.42:841][  0]LogInit: Selected Device Profile: [Windows]
[2018.12.27-15.44.42:842][  0]LogInit: Applying CVar settings loaded from the selected device profile: [Windows]
[2018.12.27-15.44.42:872][  0]LogHAL: Display: Platform has ~ 16 GB [17126547456 / 17179869184 / 16], which maps to Larger [LargestMinGB=32, LargerMinGB=12, DefaultMinGB=8, SmallerMinGB=6, SmallestMinGB=0)
[2018.12.27-15.44.42:876][  0]LogInit: Setting Device Profile CVar: [[r.Vulkan.UseRealUBs:1]]
[2018.12.27-15.44.42:878][  0]LogInit: Going up to parent DeviceProfile []
[2018.12.27-15.44.42:913][  0]LogInit: Computer: EDWARD
[2018.12.27-15.44.42:913][  0]LogInit: User: John
[2018.12.27-15.44.42:913][  0]LogInit: CPU Page size=4096, Cores=4
[2018.12.27-15.44.42:913][  0]LogInit: High frequency timer resolution =3.914069 MHz
[2018.12.27-15.44.42:913][  0]LogMemory: Memory total: Physical=16.0GB (16GB approx)
[2018.12.27-15.44.42:913][  0]LogMemory: Platform Memory Stats for Windows
[2018.12.27-15.44.42:913][  0]LogMemory: Process Physical Memory: 101.74 MB used, 101.74 MB peak
[2018.12.27-15.44.42:913][  0]LogMemory: Process Virtual Memory: 90.06 MB used, 90.06 MB peak
[2018.12.27-15.44.42:913][  0]LogMemory: Physical Memory: 7017.60 MB used,  9315.55 MB free, 16333.15 MB total
[2018.12.27-15.44.42:913][  0]LogMemory: Virtual Memory: 4638.83 MB used,  9315.55 MB free, 134217728.00 MB total
[2018.12.27-15.44.44:056][  0]LogInit: Using OS detected language (en-US).
[2018.12.27-15.44.44:056][  0]LogInit: Using OS detected locale (en-US).
[2018.12.27-15.44.44:103][  0]LogTextLocalizationManager: No specific localization for 'en-US' exists, so the 'en' localization will be used.
[2018.12.27-15.44.44:668][  0]LogStreaming: Display: Took  0.600s to InitEngineTextLocalization.
[2018.12.27-15.44.44:680][  0]LogInit: Setting process to per monitor DPI aware
[2018.12.27-15.44.45:503][  0]LogSlate: New Slate User Created.  User Index 0, Is Virtual User: 0
[2018.12.27-15.44.45:503][  0]LogSlate: Slate User Registered.  User Index 0, Is Virtual User: 0
[2018.12.27-15.44.46:415][  0]LogHMD: Failed to initialize OpenVR with code 102
[2018.12.27-15.44.46:415][  0]LogD3D11RHI: D3D11 adapters:
[2018.12.27-15.44.46:496][  0]LogD3D11RHI:    0. 'NVIDIA GeForce GTX 1060 6GB' (Feature Level 11_0)
[2018.12.27-15.44.46:496][  0]LogD3D11RHI:       6061/0/8166 MB DedicatedVideo/DedicatedSystem/SharedSystem, Outputs:3, VendorId:0x10de
[2018.12.27-15.44.46:512][  0]LogD3D11RHI:    1. 'Microsoft Basic Render Driver' (Feature Level 11_0)
[2018.12.27-15.44.46:512][  0]LogD3D11RHI:       0/0/8166 MB DedicatedVideo/DedicatedSystem/SharedSystem, Outputs:0, VendorId:0x1414
[2018.12.27-15.44.46:512][  0]LogD3D11RHI: Chosen D3D11 Adapter: 0
[2018.12.27-15.44.46:522][  0]LogD3D11RHI: Creating new Direct3DDevice
[2018.12.27-15.44.46:522][  0]LogD3D11RHI:     GPU DeviceId: 0x1c03 (for the marketing name, search the web for "GPU Device Id")
[2018.12.27-15.44.46:533][  0]LogWindows: EnumDisplayDevices:
[2018.12.27-15.44.46:533][  0]LogWindows:    0. 'NVIDIA GeForce GTX 1060 6GB' (P:1 D:1)
[2018.12.27-15.44.46:533][  0]LogWindows:    1. 'NVIDIA GeForce GTX 1060 6GB' (P:0 D:1)
[2018.12.27-15.44.46:534][  0]LogWindows:    2. 'NVIDIA GeForce GTX 1060 6GB' (P:0 D:1)
[2018.12.27-15.44.46:534][  0]LogWindows:    3. 'NVIDIA GeForce GTX 1060 6GB' (P:0 D:0)
[2018.12.27-15.44.46:535][  0]LogWindows: DebugString: FoundDriverCount:4 
[2018.12.27-15.44.46:535][  0]LogD3D11RHI:     Adapter Name: NVIDIA GeForce GTX 1060 6GB
[2018.12.27-15.44.46:545][  0]LogD3D11RHI:   Driver Version: 388.13 (internal:23.21.13.8813, unified:388.13)
[2018.12.27-15.44.46:545][  0]LogD3D11RHI:      Driver Date: 10-27-2017
[2018.12.27-15.44.46:545][  0]LogRHI: Texture pool is 4242 MB (70% of 6061 MB)
[2018.12.27-15.44.46:599][  0]LogD3D11RHI: Async texture creation enabled
[2018.12.27-15.44.46:820][  0]LogD3D11RHI: GPU Timing Frequency: 1000.000000 (Debug: 2 1)
[2018.12.27-15.44.46:959][  0]LogShaderCompilers: Guid format shader working directory is -3 characters bigger than the processId version (../../../../../../Git/FightingGame/FightingGame/Intermediate/Shaders/WorkingDirectory/15860/).
[2018.12.27-15.44.46:960][  0]LogShaderCompilers: Cleaned the shader compiler working directory 'C:/Users/John/AppData/Local/Temp/UnrealShaderWorkingDir/C5ED63EC43BD05D28A2AC196075ABE0D/'.
[2018.12.27-15.44.47:335][  0]LogTemp: Display: Loaded TP AllDesktopTargetPlatform
[2018.12.27-15.44.47:400][  0]LogTemp: Display: Loaded TP MacClientTargetPlatform
[2018.12.27-15.44.47:466][  0]LogTemp: Display: Loaded TP MacNoEditorTargetPlatform
[2018.12.27-15.44.47:547][  0]LogTemp: Display: Loaded TP MacServerTargetPlatform
[2018.12.27-15.44.47:636][  0]LogTemp: Display: Loaded TP MacTargetPlatform
[2018.12.27-15.44.47:710][  0]LogTemp: Display: Loaded TP WindowsClientTargetPlatform
[2018.12.27-15.44.47:766][  0]LogTemp: Display: Loaded TP WindowsNoEditorTargetPlatform
[2018.12.27-15.44.47:829][  0]LogTemp: Display: Loaded TP WindowsServerTargetPlatform
[2018.12.27-15.44.47:874][  0]LogTemp: Display: Loaded TP WindowsTargetPlatform
[2018.12.27-15.44.48:002][  0]LogTemp: Display: Loaded TP AndroidTargetPlatform
[2018.12.27-15.44.48:002][  0]LogTemp: Display: Loaded TP AndroidTargetPlatform
[2018.12.27-15.44.48:002][  0]LogTemp: Display: Loaded TP AndroidTargetPlatform
[2018.12.27-15.44.48:002][  0]LogTemp: Display: Loaded TP AndroidTargetPlatform
[2018.12.27-15.44.48:002][  0]LogTemp: Display: Loaded TP AndroidTargetPlatform
[2018.12.27-15.44.48:002][  0]LogTemp: Display: Loaded TP AndroidTargetPlatform
[2018.12.27-15.44.48:002][  0]LogTemp: Display: Loaded TP AndroidTargetPlatform
[2018.12.27-15.44.48:002][  0]LogTemp: Display: Loaded TP AndroidTargetPlatform
[2018.12.27-15.44.48:002][  0]LogTemp: Display: Loaded TP AndroidTargetPlatform
[2018.12.27-15.44.48:002][  0]LogTemp: Display: Loaded TP AndroidTargetPlatform
[2018.12.27-15.44.48:003][  0]LogTemp: Display: Loaded TP AndroidTargetPlatform
[2018.12.27-15.44.48:003][  0]LogTemp: Display: Loaded TP AndroidTargetPlatform
[2018.12.27-15.44.48:003][  0]LogTemp: Display: Loaded TP AndroidTargetPlatform
[2018.12.27-15.44.48:003][  0]LogTemp: Display: Loaded TP AndroidTargetPlatform
[2018.12.27-15.44.48:003][  0]LogTemp: Display: Loaded TP AndroidTargetPlatform
[2018.12.27-15.44.48:003][  0]LogTemp: Display: Loaded TP AndroidTargetPlatform
[2018.12.27-15.44.48:003][  0]LogTemp: Display: Loaded TP AndroidTargetPlatform
[2018.12.27-15.44.48:003][  0]LogTemp: Display: Loaded TP AndroidTargetPlatform
[2018.12.27-15.44.48:041][  0]LogTemp: Display: Loaded TP HTML5TargetPlatform
[2018.12.27-15.44.48:350][  0]LogTemp: Display: Loaded TP IOSTargetPlatform
[2018.12.27-15.44.48:350][  0]LogTemp: Display: Loaded TP IOSTargetPlatform
[2018.12.27-15.44.48:397][  0]LogTemp: Display: Loaded TP TVOSTargetPlatform
[2018.12.27-15.44.48:397][  0]LogTemp: Display: Loaded TP TVOSTargetPlatform
[2018.12.27-15.44.48:430][  0]LogTemp: Display: Loaded TP LinuxClientTargetPlatform
[2018.12.27-15.44.48:461][  0]LogTemp: Display: Loaded TP LinuxNoEditorTargetPlatform
[2018.12.27-15.44.48:493][  0]LogTemp: Display: Loaded TP LinuxServerTargetPlatform
[2018.12.27-15.44.48:553][  0]LogTemp: Display: Loaded TP LinuxTargetPlatform
[2018.12.27-15.44.48:590][  0]LogTemp: Display: Loaded TP LuminTargetPlatform
[2018.12.27-15.44.48:590][  0]LogTargetPlatformManager: Display: Building Assets For Windows
[2018.12.27-15.44.49:877][  0]LogXGEController: Cleaning working directory: C:/Users/John/AppData/Local/Temp/UnrealXGEWorkingDir/
[2018.12.27-15.44.49:878][  0]LogXGEController: Cannot use XGE Controller as Incredibuild is not installed on this machine.
[2018.12.27-15.44.49:878][  0]LogShaderCompilers: Cannot use XGE Shader Compiler as Incredibuild is not installed on this machine.
[2018.12.27-15.44.49:878][  0]LogShaderCompilers: Display: Using Local Shader Compiler.
[2018.12.27-15.44.51:970][  0]LogDerivedDataCache: Display: Max Cache Size: 512 MB
[2018.12.27-15.44.52:746][  0]LogDerivedDataCache: Loaded boot cache 0.77s 71MB C:/Users/John/AppData/Local/UnrealEngine/4.20/DerivedDataCache/Boot.ddc.
[2018.12.27-15.44.52:746][  0]LogDerivedDataCache: Display: Loaded Boot cache: C:/Users/John/AppData/Local/UnrealEngine/4.20/DerivedDataCache/Boot.ddc
[2018.12.27-15.44.52:746][  0]LogDerivedDataCache: FDerivedDataBackendGraph:  Pak pak cache file ../../../../../../Git/FightingGame/FightingGame/DerivedDataCache/DDC.ddp not found, will not use a pak cache.
[2018.12.27-15.44.52:746][  0]LogDerivedDataCache: Unable to find inner node Pak for hierarchical cache Hierarchy.
[2018.12.27-15.44.52:746][  0]LogDerivedDataCache: FDerivedDataBackendGraph:  CompressedPak pak cache file ../../../../../../Git/FightingGame/FightingGame/DerivedDataCache/Compressed.ddp not found, will not use a pak cache.
[2018.12.27-15.44.52:747][  0]LogDerivedDataCache: Unable to find inner node CompressedPak for hierarchical cache Hierarchy.
[2018.12.27-15.44.52:802][  0]LogDerivedDataCache: Display: Pak cache opened for reading ../../../Engine/DerivedDataCache/Compressed.ddp.
[2018.12.27-15.44.52:817][  0]LogDerivedDataCache: Using Local data cache path C:/Users/John/AppData/Local/UnrealEngine/Common/DerivedDataCache: Writable
[2018.12.27-15.44.52:817][  0]LogDerivedDataCache: Shared data cache path not found in *engine.ini, will not use an Shared cache.
[2018.12.27-15.44.52:817][  0]LogDerivedDataCache: Unable to find inner node Shared for hierarchical cache Hierarchy.
[2018.12.27-15.44.52:858][  0]LogMaterial: Verifying Global Shaders for PCD3D_SM5
[2018.12.27-15.44.52:937][  0]LogSlate: Using FreeType 2.6.0
[2018.12.27-15.44.53:008][  0]LogSlate: SlateFontServices - WITH_FREETYPE: 1, WITH_HARFBUZZ: 1
[2018.12.27-15.44.53:653][  0]LogAssetRegistry: FAssetRegistry took 0.0362 seconds to start up
[2018.12.27-15.44.58:330][  0]LogInit: Selected Device Profile: [Windows]
[2018.12.27-15.45.01:788][  0]LogSimplygon: Simplygon DLL not present - disabling.
[2018.12.27-15.45.02:049][  0]LogMeshReduction: Using SimplygonSwarm for distributed automatic mesh merging
[2018.12.27-15.45.02:050][  0]LogMeshReduction: Using ProxyLODMeshReduction for automatic mesh merging
[2018.12.27-15.45.02:050][  0]LogMeshReduction: Using QuadricMeshReduction for automatic static mesh reduction
[2018.12.27-15.45.02:050][  0]LogMeshReduction: No automatic skeletal mesh reduction module available
[2018.12.27-15.45.02:405][  0]LogNetVersion: FightingGame 1.0.0, NetCL: 4212847, EngineNetVer: 5, GameNetVer: 0 (Checksum: 156865789)
[2018.12.27-15.45.06:178][  0]LogPackageLocalizationCache: Processed 11 localized package path(s) for 2 prioritized culture(s) in 0.208719 seconds
[2018.12.27-15.45.06:211][  0]LogUObjectArray: 38425 objects as part of root set at end of initial load.
[2018.12.27-15.45.06:211][  0]LogUObjectAllocator: 6690864 out of 0 bytes used by permanent object pool.
[2018.12.27-15.45.06:211][  0]LogUObjectArray: CloseDisregardForGC: 0/0 objects in disregard for GC pool
[2018.12.27-15.45.23:239][  0]LogTcpMessaging: Initializing TcpMessaging bridge
[2018.12.27-15.45.23:303][  0]LogUdpMessaging: Initializing bridge on interface 0.0.0.0:0 to multicast group 230.0.0.1:6666.
[2018.12.27-15.45.25:232][  0]SourceControl: Source control is disabled
[2018.12.27-15.45.25:232][  0]SourceControl: Source control is disabled
[2018.12.27-15.45.25:371][  0]SourceControl: Source control is disabled
[2018.12.27-15.45.25:423][  0]SourceControl: Source control is disabled
[2018.12.27-15.45.28:239][  0]LogAndroidPermission: UAndroidPermissionCallbackProxy::GetInstance
[2018.12.27-15.45.28:821][  0]LogOcInput: OculusInput pre-init called
[2018.12.27-15.45.29:786][  0]LogEngine: Initializing Engine...
[2018.12.27-15.45.29:832][  0]LogHMD: Failed to initialize OpenVR with code 102
[2018.12.27-15.45.29:874][  0]LogStats: UGameplayTagsManager::ConstructGameplayTagTree: ImportINI prefixes -  0.000 s
[2018.12.27-15.45.29:874][  0]LogStats: UGameplayTagsManager::ConstructGameplayTagTree: Construct from data asset -  0.000 s
[2018.12.27-15.45.29:875][  0]LogStats: UGameplayTagsManager::ConstructGameplayTagTree: ImportINI -  0.000 s
[2018.12.27-15.45.29:875][  0]LogStats: UGameplayTagsManager::ConstructGameplayTagTree: GameplayTagTreeChangedEvent.Broadcast -  0.000 s
[2018.12.27-15.45.30:673][  0]LogInit: Initializing FReadOnlyCVARCache
[2018.12.27-15.45.31:405][  0]LogAIModule: Creating AISystem for world Untitled
[2018.12.27-15.45.31:690][  0]LogInit: XAudio2 using 'Headset Earphone (Razer ManO'War)' : 2 channels at 48 kHz using 16 bits per sample (channel mask 0x3)
[2018.12.27-15.45.31:805][  0]LogInit: FAudioDevice initialized.
[2018.12.27-15.45.31:816][  0]LogNetVersion: Set ProjectVersion to 1.0.0.0. Version Checksum will be recalculated on next use.
[2018.12.27-15.45.31:943][  0]LogDerivedDataCache: Saved boot cache 0.13s 71MB C:/Users/John/AppData/Local/UnrealEngine/4.20/DerivedDataCache/Boot.ddc.
[2018.12.27-15.45.31:951][  0]LogInit: Texture streaming: Enabled
[2018.12.27-15.45.32:248][  0]LogEngineSessionManager: EngineSessionManager initialized
[2018.12.27-15.45.32:249][  0]LogEngineSessionManager: EngineSessionManager sent abnormal shutdown report. Type=Debugger, SessionId={6F9CBB42-4C63-854D-3B6A-04AF3886D4FC}
[2018.12.27-15.45.32:484][  0]LogInit: Transaction tracking system initialized
[2018.12.27-15.45.33:408][  0]BlueprintLog: New page: Editor Load
[2018.12.27-15.45.35:652][  0]LocalizationService: Localization service is disabled
[2018.12.27-15.45.40:960][  0]LogFileCache: Scanning file cache for directory 'D:/Git/FightingGame/FightingGame/Content/' took 0.02s
[2018.12.27-15.45.40:960][  0]LogCook: Display: Max memory allowance for cook 16384mb min free memory 0mb
[2018.12.27-15.45.40:960][  0]LogCook: Display: Mobile HDR setting 1
[2018.12.27-15.45.40:965][  0]LogGameplayTags: Display: UGameplayTagsManager::DoneAddingNativeTags. DelegateIsBound: 0
[2018.12.27-15.45.40:981][  0]LogStats: UGameplayTagsManager::ConstructGameplayTagTree: ImportINI prefixes -  0.000 s
[2018.12.27-15.45.40:981][  0]LogStats: UGameplayTagsManager::ConstructGameplayTagTree: Construct from data asset -  0.000 s
[2018.12.27-15.45.40:981][  0]LogStats: UGameplayTagsManager::ConstructGameplayTagTree: ImportINI -  0.000 s
[2018.12.27-15.45.40:982][  0]LogStats: UGameplayTagsManager::ConstructGameplayTagTree: GameplayTagTreeChangedEvent.Broadcast -  0.000 s
[2018.12.27-15.45.42:445][  0]LogLinker: Warning: Can't find file '/Engine/BasicShapes/Cylinder'
[2018.12.27-15.45.42:446][  0]LogLinker: Warning: Can't find file '/Engine/BasicShapes/Cylinder'
[2018.12.27-15.45.42:446][  0]LogUObjectGlobals: Warning: Failed to find object 'StaticMesh /Engine/BasicShapes/Cylinder.Cylinder'
[2018.12.27-15.45.43:854][  0]SourceControl: Source control is disabled
[2018.12.27-15.45.43:884][  0]Cmd: MAP LOAD FILE="../../../../../../Git/FightingGame/FightingGame/Content/StarterContent/Maps/Minimal_Default.umap" TEMPLATE=0 SHOWPROGRESS=1 FEATURELEVEL=3
[2018.12.27-15.45.43:914][  0]LightingResults: New page: Lighting Build
[2018.12.27-15.45.44:398][  0]MapCheck: New page: Map Check
[2018.12.27-15.45.44:398][  0]LightingResults: New page: Lighting Build
[2018.12.27-15.45.48:204][  0]LogAIModule: Creating AISystem for world Minimal_Default
[2018.12.27-15.45.49:285][  0]LogEditorServer: Finished looking for orphan Actors (0.000 secs)
[2018.12.27-15.45.49:445][  0]Cmd: MAP CHECKDEP NOCLEARLOG
[2018.12.27-15.45.49:692][  0]MapCheck: Map check complete: 0 Error(s), 0 Warning(s), took 247.34ms to complete.
[2018.12.27-15.45.49:692][  0]LogFileHelpers: Loading map 'Minimal_Default' took 5.828
[2018.12.27-15.45.51:768][  0]LogSlate: Updating window title bar state: overlay mode, drag disabled, window buttons hidden, title bar hidden
[2018.12.27-15.45.51:809][  0]LogSlate: Updating window title bar state: overlay mode, drag disabled, window buttons hidden, title bar hidden
[2018.12.27-15.45.51:817][  0]LogSlate: Updating window title bar state: overlay mode, drag disabled, window buttons hidden, title bar hidden
[2018.12.27-15.45.51:825][  0]LogSlate: Updating window title bar state: overlay mode, drag disabled, window buttons hidden, title bar hidden
[2018.12.27-15.45.51:988][  0]LogCollectionManager: Loaded 0 collections in 0.003395 seconds
[2018.12.27-15.45.52:167][  0]LogFileCache: Scanning file cache for directory 'D:/Git/FightingGame/FightingGame/Saved/Collections/' took 0.01s
[2018.12.27-15.45.52:167][  0]LogFileCache: Scanning file cache for directory 'D:/Git/FightingGame/FightingGame/Content/Developers/John/Collections/' took 0.01s
[2018.12.27-15.45.52:167][  0]LogFileCache: Scanning file cache for directory 'D:/Git/FightingGame/FightingGame/Content/Collections/' took 0.01s
[2018.12.27-15.45.52:167][  0]LogCollectionManager: Rebuilt the GUID cache for 0 collections in 0.000000 seconds
[2018.12.27-15.45.52:207][  0]LogContentBrowser: Native class hierarchy populated in 0.0250 seconds. Added 2577 classes and 605 folders.
[2018.12.27-15.45.52:329][  0]LogContentBrowser: Native class hierarchy updated for 'WidgetCarousel' in 0.0004 seconds. Added 0 classes and 0 folders.
[2018.12.27-15.45.53:916][  0]LogContentBrowser: Native class hierarchy updated for 'AddContentDialog' in 0.0004 seconds. Added 0 classes and 0 folders.
[2018.12.27-15.45.54:041][  0]LogContentBrowser: Native class hierarchy updated for 'SceneOutliner' in 0.0004 seconds. Added 1 classes and 2 folders.
[2018.12.27-15.45.54:552][  0]LogSlate: Took 0.009287 seconds to synchronously load lazily loaded font '../../../Engine/Content/Slate/Fonts/Roboto-Regular.ttf' (155K)
[2018.12.27-15.45.54:587][  0]LogSlate: Took 0.017108 seconds to synchronously load lazily loaded font '../../../Engine/Content/Slate/Fonts/Roboto-Bold.ttf' (160K)
[2018.12.27-15.45.54:625][  0]LogSlate: Took 0.011390 seconds to synchronously load lazily loaded font '../../../Engine/Content/Editor/Slate/Fonts/FontAwesome.ttf' (139K)
[2018.12.27-15.45.55:186][  0]LogRenderer: Reallocating scene render targets to support 1208x680 Format 10 NumSamples 1 (Frame:1).
[2018.12.27-15.45.55:840][  0]LogSlate: Took 0.007113 seconds to synchronously load lazily loaded font '../../../Engine/Content/Slate/Fonts/Roboto-Light.ttf' (167K)
[2018.12.27-15.45.56:233][  0]LogContentBrowser: Native class hierarchy updated for 'HierarchicalLODOutliner' in 0.0004 seconds. Added 0 classes and 0 folders.
[2018.12.27-15.45.56:234][  0]LogLoad: (Engine Initialization) Total time: 100.59 seconds
[2018.12.27-15.45.56:234][  0]LogLoad: (Engine Initialization) Total Blueprint compile time: 0.00 seconds
[2018.12.27-15.45.56:827][  0]LogContentStreaming: Texture pool size now 1000 MB
[2018.12.27-15.45.57:595][  4]LogAssetRegistry: Asset discovery search completed in 63.9723 seconds
[2018.12.27-15.45.57:611][  4]LogCollectionManager: Rebuilt the object cache for 0 collections in 0.000000 seconds (found 0 objects)
[2018.12.27-15.45.57:611][  4]LogCollectionManager: Fixed up redirectors for 0 collections in 0.000145 seconds (updated 0 objects)
[2018.12.27-15.46.02:251][ 34]LogSlate: FSceneViewport::OnFocusLost() reason 0
[2018.12.27-15.46.11:646][685]LogSlate: Took 0.000235 seconds to synchronously load lazily loaded font '../../../Engine/Content/Slate/Fonts/Roboto-Light.ttf' (167K)
[2018.12.27-15.46.11:693][685]LogFactory: FactoryCreateFile: FontFace with FontFileImportFactory (0 0 D:\Documents\Fighting Spirit 2.ttf)
[2018.12.27-15.46.19:546][685]LogSlate: Window 'Font Face Import Options' being destroyed
[2018.12.27-15.46.19:756][686]LogSlate: Took 0.000417 seconds to synchronously load lazily loaded font '../../../Engine/Content/Slate/Fonts/Roboto-Regular.ttf' (155K)
[2018.12.27-15.46.19:760][686]LogSlate: Took 0.000353 seconds to synchronously load lazily loaded font '../../../Engine/Content/Slate/Fonts/Roboto-Bold.ttf' (160K)
[2018.12.27-15.46.19:764][686]LogSlate: Took 0.000220 seconds to synchronously load lazily loaded font '../../../Engine/Content/Editor/Slate/Fonts/FontAwesome.ttf' (139K)
[2018.12.27-15.46.19:766][686]LogSlate: Took 0.000247 seconds to synchronously load lazily loaded font '../../../Engine/Content/Slate/Fonts/Roboto-Light.ttf' (167K)
[2018.12.27-15.46.34:729][ 27]LogSlate: FSceneViewport::OnFocusLost() reason 0
[2018.12.27-15.46.35:005][ 52]LogSlate: Took 0.000198 seconds to synchronously load lazily loaded font '../../../Engine/Content/Slate/Fonts/Roboto-Light.ttf' (167K)
[2018.12.27-15.46.35:802][ 52]LogSavePackage: Moving '../../../../../../Git/FightingGame/FightingGame/Saved/Minimal_Default4740576A40158A79C08BBD927DEF1558.tmp' to '../../../../../../Git/FightingGame/FightingGame/Content/StarterContent/Maps/Minimal_Default.umap'
[2018.12.27-15.46.46:767][273]Cmd: OBJ SAVEPACKAGE PACKAGE="/Game/UI/Fonts/Fighting_Spirit_2_Font" FILE="../../../../../../Git/FightingGame/FightingGame/Content/UI/Fonts/Fighting_Spirit_2_Font.uasset" SILENT=true
[2018.12.27-15.46.46:797][273]LogSavePackage: Moving '../../../../../../Git/FightingGame/FightingGame/Saved/Fighting_Spirit_2_Font6C4B9CF744B32762DE1CD58511956CC8.tmp' to '../../../../../../Git/FightingGame/FightingGame/Content/UI/Fonts/Fighting_Spirit_2_Font.uasset'
[2018.12.27-15.46.46:809][273]Cmd: OBJ SAVEPACKAGE PACKAGE="/Game/UI/Fonts/Fighting_Spirit_2" FILE="../../../../../../Git/FightingGame/FightingGame/Content/UI/Fonts/Fighting_Spirit_2.uasset" SILENT=true
[2018.12.27-15.46.46:816][273]LogSavePackage: Moving '../../../../../../Git/FightingGame/FightingGame/Saved/Fighting_Spirit_2A086B27A46003CD50CE01B8136AED2E3.tmp' to '../../../../../../Git/FightingGame/FightingGame/Content/UI/Fonts/Fighting_Spirit_2.uasset'
[2018.12.27-15.47.05:112][810]LogSlate: Window 'Pick Parent Class' being destroyed
[2018.12.27-15.48.05:433][465]LogAssetEditorManager: Opening Asset editor for WidgetBlueprint /Game/UI/CharacterUI.CharacterUI
[2018.12.27-15.48.06:723][465]LogContentBrowser: Native class hierarchy updated for 'BlueprintGraph' in 0.0007 seconds. Added 116 classes and 0 folders.
[2018.12.27-15.48.08:794][465]LogSlate: Took 0.016021 seconds to synchronously load lazily loaded font '../../../Engine/Content/Slate/Fonts/Roboto-BoldCondensed.ttf' (158K)
[2018.12.27-15.48.19:185][496]LogSlate: Window 'CharacterUI*' being destroyed
[2018.12.27-15.48.39:602][434]LogUObjectHash: Warning: Ambiguous search, could be CanvasPanel /Game/UI/CharacterUI.CharacterUI:WidgetTree.CanvasPanel_0 or CanvasPanel /Engine/Transient.World_1:CharacterUI_C_0.WidgetTree_0.CanvasPanel_0
[2018.12.27-15.48.39:602][434]LogUObjectHash: Warning: Ambiguous search, could be CanvasPanel /Game/UI/CharacterUI.CharacterUI:WidgetTree.CanvasPanel_0 or CanvasPanel /Engine/Transient.World_1:CharacterUI_C_1.WidgetTree_0.CanvasPanel_0
[2018.12.27-15.48.39:602][434]LogUObjectHash: Warning: Ambiguous search, could be CanvasPanel /Game/UI/CharacterUI.CharacterUI:WidgetTree.CanvasPanel_0 or CanvasPanel /Engine/Transient.World_1:CharacterUI_C_2.WidgetTree_0.CanvasPanel_0
[2018.12.27-15.48.39:602][434]LogUObjectHash: Warning: Ambiguous search, could be CanvasPanel /Game/UI/CharacterUI.CharacterUI:WidgetTree.CanvasPanel_0 or CanvasPanel /Engine/Transient.World_1:CharacterUI_C_3.WidgetTree_0.CanvasPanel_0
[2018.12.27-15.48.39:613][434]LogProperty: Warning: Illegal TEXT reference to a private object in external package (CanvasPanelSlot /Game/UI/CharacterUI.CharacterUI:WidgetTree.CanvasPanel_0.CanvasPanelSlot_0) from referencer (Image /Engine/UMG/Editor/Transient.Image_60).  Import failed...
[2018.12.27-15.48.39:613][434]LogProperty: Warning: ObjectProperty /Script/UMG.Widget:Slot: unresolved reference to 'CanvasPanelSlot'"CanvasPanel_0.CanvasPanelSlot_0"''
[2018.12.27-15.48.56:892][521]LogSlate: Window 'Color Picker' being destroyed
[2018.12.27-15.49.04:247][982]LogSlate: Window 'Color Picker' being destroyed
[2018.12.27-15.50.30:742][667]LogUObjectHash: Warning: Ambiguous search, could be CanvasPanel /Game/UI/CharacterUI.CharacterUI:WidgetTree.CanvasPanel_0 or CanvasPanel /Engine/Transient.World_1:CharacterUI_C_0.WidgetTree_0.CanvasPanel_0
[2018.12.27-15.50.30:742][667]LogUObjectHash: Warning: Ambiguous search, could be CanvasPanel /Game/UI/CharacterUI.CharacterUI:WidgetTree.CanvasPanel_0 or CanvasPanel /Engine/Transient.World_1:CharacterUI_C_1.WidgetTree_0.CanvasPanel_0
[2018.12.27-15.50.30:742][667]LogUObjectHash: Warning: Ambiguous search, could be CanvasPanel /Game/UI/CharacterUI.CharacterUI:WidgetTree.CanvasPanel_0 or CanvasPanel /Engine/Transient.World_1:CharacterUI_C_2.WidgetTree_0.CanvasPanel_0
[2018.12.27-15.50.30:742][667]LogUObjectHash: Warning: Ambiguous search, could be CanvasPanel /Game/UI/CharacterUI.CharacterUI:WidgetTree.CanvasPanel_0 or CanvasPanel /Engine/Transient.World_1:CharacterUI_C_3.WidgetTree_0.CanvasPanel_0
[2018.12.27-15.50.30:742][667]LogUObjectHash: Warning: Ambiguous search, could be CanvasPanel /Game/UI/CharacterUI.CharacterUI:WidgetTree.CanvasPanel_0 or CanvasPanel /Engine/Transient.World_1:CharacterUI_C_4.WidgetTree_0.CanvasPanel_0
[2018.12.27-15.50.30:742][667]LogUObjectHash: Warning: Ambiguous search, could be CanvasPanel /Game/UI/CharacterUI.CharacterUI:WidgetTree.CanvasPanel_0 or CanvasPanel /Engine/Transient.World_1:CharacterUI_C_5.WidgetTree_0.CanvasPanel_0
[2018.12.27-15.50.30:742][667]LogUObjectHash: Warning: Ambiguous search, could be CanvasPanel /Game/UI/CharacterUI.CharacterUI:WidgetTree.CanvasPanel_0 or CanvasPanel /Engine/Transient.World_1:CharacterUI_C_6.WidgetTree_0.CanvasPanel_0
[2018.12.27-15.50.30:742][667]LogUObjectHash: Warning: Ambiguous search, could be CanvasPanel /Game/UI/CharacterUI.CharacterUI:WidgetTree.CanvasPanel_0 or CanvasPanel /Engine/Transient.World_1:CharacterUI_C_7.WidgetTree_0.CanvasPanel_0
[2018.12.27-15.50.30:742][667]LogUObjectHash: Warning: Ambiguous search, could be CanvasPanel /Game/UI/CharacterUI.CharacterUI:WidgetTree.CanvasPanel_0 or CanvasPanel /Engine/Transient.World_1:CharacterUI_C_8.WidgetTree_0.CanvasPanel_0
[2018.12.27-15.50.30:742][667]LogUObjectHash: Warning: Ambiguous search, could be CanvasPanel /Game/UI/CharacterUI.CharacterUI:WidgetTree.CanvasPanel_0 or CanvasPanel /Engine/Transient.World_1:CharacterUI_C_9.WidgetTree_0.CanvasPanel_0
[2018.12.27-15.50.30:743][667]LogUObjectHash: Warning: Ambiguous search, could be CanvasPanel /Game/UI/CharacterUI.CharacterUI:WidgetTree.CanvasPanel_0 or CanvasPanel /Engine/Transient.World_1:CharacterUI_C_10.WidgetTree_0.CanvasPanel_0
[2018.12.27-15.50.30:743][667]LogProperty: Warning: Illegal TEXT reference to a private object in external package (CanvasPanelSlot /Game/UI/CharacterUI.CharacterUI:WidgetTree.CanvasPanel_0.CanvasPanelSlot_0) from referencer (Image /Engine/UMG/Editor/Transient.Image_60).  Import failed...
[2018.12.27-15.50.30:743][667]LogProperty: Warning: ObjectProperty /Script/UMG.Widget:Slot: unresolved reference to 'CanvasPanelSlot'"CanvasPanel_0.CanvasPanelSlot_0"''
[2018.12.27-15.50.34:565][914]LogUObjectHash: Warning: Ambiguous search, could be CanvasPanel /Game/UI/CharacterUI.CharacterUI:WidgetTree.CanvasPanel_0 or CanvasPanel /Engine/Transient.World_1:CharacterUI_C_0.WidgetTree_0.CanvasPanel_0
[2018.12.27-15.50.34:565][914]LogUObjectHash: Warning: Ambiguous search, could be CanvasPanel /Game/UI/CharacterUI.CharacterUI:WidgetTree.CanvasPanel_0 or CanvasPanel /Engine/Transient.World_1:CharacterUI_C_1.WidgetTree_0.CanvasPanel_0
[2018.12.27-15.50.34:565][914]LogUObjectHash: Warning: Ambiguous search, could be CanvasPanel /Game/UI/CharacterUI.CharacterUI:WidgetTree.CanvasPanel_0 or CanvasPanel /Engine/Transient.World_1:CharacterUI_C_2.WidgetTree_0.CanvasPanel_0
[2018.12.27-15.50.34:565][914]LogUObjectHash: Warning: Ambiguous search, could be CanvasPanel /Game/UI/CharacterUI.CharacterUI:WidgetTree.CanvasPanel_0 or CanvasPanel /Engine/Transient.World_1:CharacterUI_C_3.WidgetTree_0.CanvasPanel_0
[2018.12.27-15.50.34:565][914]LogUObjectHash: Warning: Ambiguous search, could be CanvasPanel /Game/UI/CharacterUI.CharacterUI:WidgetTree.CanvasPanel_0 or CanvasPanel /Engine/Transient.World_1:CharacterUI_C_4.WidgetTree_0.CanvasPanel_0
[2018.12.27-15.50.34:565][914]LogUObjectHash: Warning: Ambiguous search, could be CanvasPanel /Game/UI/CharacterUI.CharacterUI:WidgetTree.CanvasPanel_0 or CanvasPanel /Engine/Transient.World_1:CharacterUI_C_5.WidgetTree_0.CanvasPanel_0
[2018.12.27-15.50.34:565][914]LogUObjectHash: Warning: Ambiguous search, could be CanvasPanel /Game/UI/CharacterUI.CharacterUI:WidgetTree.CanvasPanel_0 or CanvasPanel /Engine/Transient.World_1:CharacterUI_C_6.WidgetTree_0.CanvasPanel_0
[2018.12.27-15.50.34:566][914]LogUObjectHash: Warning: Ambiguous search, could be CanvasPanel /Game/UI/CharacterUI.CharacterUI:WidgetTree.CanvasPanel_0 or CanvasPanel /Engine/Transient.World_1:CharacterUI_C_7.WidgetTree_0.CanvasPanel_0
[2018.12.27-15.50.34:566][914]LogUObjectHash: Warning: Ambiguous search, could be CanvasPanel /Game/UI/CharacterUI.CharacterUI:WidgetTree.CanvasPanel_0 or CanvasPanel /Engine/Transient.World_1:CharacterUI_C_8.WidgetTree_0.CanvasPanel_0
[2018.12.27-15.50.34:566][914]LogUObjectHash: Warning: Ambiguous search, could be CanvasPanel /Game/UI/CharacterUI.CharacterUI:WidgetTree.CanvasPanel_0 or CanvasPanel /Engine/Transient.World_1:CharacterUI_C_9.WidgetTree_0.CanvasPanel_0
[2018.12.27-15.50.34:566][914]LogUObjectHash: Warning: Ambiguous search, could be CanvasPanel /Game/UI/CharacterUI.CharacterUI:WidgetTree.CanvasPanel_0 or CanvasPanel /Engine/Transient.World_1:CharacterUI_C_10.WidgetTree_0.CanvasPanel_0
[2018.12.27-15.50.34:566][914]LogUObjectHash: Warning: Ambiguous search, could be CanvasPanel /Game/UI/CharacterUI.CharacterUI:WidgetTree.CanvasPanel_0 or CanvasPanel /Engine/Transient.World_1:CharacterUI_C_11.WidgetTree_0.CanvasPanel_0
[2018.12.27-15.50.34:566][914]LogUObjectHash: Warning: Ambiguous search, could be CanvasPanel /Game/UI/CharacterUI.CharacterUI:WidgetTree.CanvasPanel_0 or CanvasPanel /Engine/Transient.World_1:CharacterUI_C_12.WidgetTree_0.CanvasPanel_0
[2018.12.27-15.50.34:566][914]LogProperty: Warning: Illegal TEXT reference to a private object in external package (CanvasPanelSlot /Game/UI/CharacterUI.CharacterUI:WidgetTree.CanvasPanel_0.CanvasPanelSlot_2) from referencer (TextBlock /Engine/UMG/Editor/Transient.TextBlock_99).  Import failed...
[2018.12.27-15.50.34:566][914]LogProperty: Warning: ObjectProperty /Script/UMG.Widget:Slot: unresolved reference to 'CanvasPanelSlot'"CanvasPanel_0.CanvasPanelSlot_2"''
[2018.12.27-15.50.56:653][370]LogUObjectHash: Warning: Ambiguous search, could be CanvasPanel /Game/UI/CharacterUI.CharacterUI:WidgetTree.CanvasPanel_0 or CanvasPanel /Engine/Transient.World_1:CharacterUI_C_0.WidgetTree_0.CanvasPanel_0
[2018.12.27-15.50.56:653][370]LogUObjectHash: Warning: Ambiguous search, could be CanvasPanel /Game/UI/CharacterUI.CharacterUI:WidgetTree.CanvasPanel_0 or CanvasPanel /Engine/Transient.World_1:CharacterUI_C_1.WidgetTree_0.CanvasPanel_0
[2018.12.27-15.50.56:653][370]LogUObjectHash: Warning: Ambiguous search, could be CanvasPanel /Game/UI/CharacterUI.CharacterUI:WidgetTree.CanvasPanel_0 or CanvasPanel /Engine/Transient.World_1:CharacterUI_C_2.WidgetTree_0.CanvasPanel_0
[2018.12.27-15.50.56:653][370]LogUObjectHash: Warning: Ambiguous search, could be CanvasPanel /Game/UI/CharacterUI.CharacterUI:WidgetTree.CanvasPanel_0 or CanvasPanel /Engine/Transient.World_1:CharacterUI_C_3.WidgetTree_0.CanvasPanel_0
[2018.12.27-15.50.56:654][370]LogUObjectHash: Warning: Ambiguous search, could be CanvasPanel /Game/UI/CharacterUI.CharacterUI:WidgetTree.CanvasPanel_0 or CanvasPanel /Engine/Transient.World_1:CharacterUI_C_4.WidgetTree_0.CanvasPanel_0
[2018.12.27-15.50.56:654][370]LogUObjectHash: Warning: Ambiguous search, could be CanvasPanel /Game/UI/CharacterUI.CharacterUI:WidgetTree.CanvasPanel_0 or CanvasPanel /Engine/Transient.World_1:CharacterUI_C_5.WidgetTree_0.CanvasPanel_0
[2018.12.27-15.50.56:654][370]LogUObjectHash: Warning: Ambiguous search, could be CanvasPanel /Game/UI/CharacterUI.CharacterUI:WidgetTree.CanvasPanel_0 or CanvasPanel /Engine/Transient.World_1:CharacterUI_C_6.WidgetTree_0.CanvasPanel_0
[2018.12.27-15.50.56:654][370]LogUObjectHash: Warning: Ambiguous search, could be CanvasPanel /Game/UI/CharacterUI.CharacterUI:WidgetTree.CanvasPanel_0 or CanvasPanel /Engine/Transient.World_1:CharacterUI_C_7.WidgetTree_0.CanvasPanel_0
[2018.12.27-15.50.56:654][370]LogUObjectHash: Warning: Ambiguous search, could be CanvasPanel /Game/UI/CharacterUI.CharacterUI:WidgetTree.CanvasPanel_0 or CanvasPanel /Engine/Transient.World_1:CharacterUI_C_8.WidgetTree_0.CanvasPanel_0
[2018.12.27-15.50.56:654][370]LogUObjectHash: Warning: Ambiguous search, could be CanvasPanel /Game/UI/CharacterUI.CharacterUI:WidgetTree.CanvasPanel_0 or CanvasPanel /Engine/Transient.World_1:CharacterUI_C_9.WidgetTree_0.CanvasPanel_0
[2018.12.27-15.50.56:654][370]LogUObjectHash: Warning: Ambiguous search, could be CanvasPanel /Game/UI/CharacterUI.CharacterUI:WidgetTree.CanvasPanel_0 or CanvasPanel /Engine/Transient.World_1:CharacterUI_C_10.WidgetTree_0.CanvasPanel_0
[2018.12.27-15.50.56:654][370]LogUObjectHash: Warning: Ambiguous search, could be CanvasPanel /Game/UI/CharacterUI.CharacterUI:WidgetTree.CanvasPanel_0 or CanvasPanel /Engine/Transient.World_1:CharacterUI_C_11.WidgetTree_0.CanvasPanel_0
[2018.12.27-15.50.56:654][370]LogUObjectHash: Warning: Ambiguous search, could be CanvasPanel /Game/UI/CharacterUI.CharacterUI:WidgetTree.CanvasPanel_0 or CanvasPanel /Engine/Transient.World_1:CharacterUI_C_12.WidgetTree_0.CanvasPanel_0
[2018.12.27-15.50.56:654][370]LogUObjectHash: Warning: Ambiguous search, could be CanvasPanel /Game/UI/CharacterUI.CharacterUI:WidgetTree.CanvasPanel_0 or CanvasPanel /Engine/Transient.World_1:CharacterUI_C_13.WidgetTree_0.CanvasPanel_0
[2018.12.27-15.50.56:654][370]LogUObjectHash: Warning: Ambiguous search, could be CanvasPanel /Game/UI/CharacterUI.CharacterUI:WidgetTree.CanvasPanel_0 or CanvasPanel /Engine/Transient.World_1:CharacterUI_C_14.WidgetTree_0.CanvasPanel_0
[2018.12.27-15.50.56:654][370]LogUObjectHash: Warning: Ambiguous search, could be CanvasPanel /Game/UI/CharacterUI.CharacterUI:WidgetTree.CanvasPanel_0 or CanvasPanel /Engine/Transient.World_1:CharacterUI_C_15.WidgetTree_0.CanvasPanel_0
[2018.12.27-15.50.56:655][370]LogUObjectHash: Warning: Ambiguous search, could be CanvasPanel /Game/UI/CharacterUI.CharacterUI:WidgetTree.CanvasPanel_0 or CanvasPanel /Engine/Transient.World_1:CharacterUI_C_16.WidgetTree_0.CanvasPanel_0
[2018.12.27-15.50.56:655][370]LogUObjectHash: Warning: Ambiguous search, could be CanvasPanel /Game/UI/CharacterUI.CharacterUI:WidgetTree.CanvasPanel_0 or CanvasPanel /Engine/Transient.World_1:CharacterUI_C_17.WidgetTree_0.CanvasPanel_0
[2018.12.27-15.50.56:655][370]LogProperty: Warning: Illegal TEXT reference to a private object in external package (CanvasPanelSlot /Game/UI/CharacterUI.CharacterUI:WidgetTree.CanvasPanel_0.CanvasPanelSlot_4) from referencer (TextBlock /Engine/UMG/Editor/Transient.TextBlock_100).  Import failed...
[2018.12.27-15.50.56:655][370]LogProperty: Warning: ObjectProperty /Script/UMG.Widget:Slot: unresolved reference to 'CanvasPanelSlot'"CanvasPanel_0.CanvasPanelSlot_4"''
[2018.12.27-15.50.57:566][421]LogUObjectHash: Warning: Ambiguous search, could be CanvasPanel /Game/UI/CharacterUI.CharacterUI:WidgetTree.CanvasPanel_0 or CanvasPanel /Engine/Transient.World_1:CharacterUI_C_0.WidgetTree_0.CanvasPanel_0
[2018.12.27-15.50.57:566][421]LogUObjectHash: Warning: Ambiguous search, could be CanvasPanel /Game/UI/CharacterUI.CharacterUI:WidgetTree.CanvasPanel_0 or CanvasPanel /Engine/Transient.World_1:CharacterUI_C_1.WidgetTree_0.CanvasPanel_0
[2018.12.27-15.50.57:566][421]LogUObjectHash: Warning: Ambiguous search, could be CanvasPanel /Game/UI/CharacterUI.CharacterUI:WidgetTree.CanvasPanel_0 or CanvasPanel /Engine/Transient.World_1:CharacterUI_C_2.WidgetTree_0.CanvasPanel_0
[2018.12.27-15.50.57:566][421]LogUObjectHash: Warning: Ambiguous search, could be CanvasPanel /Game/UI/CharacterUI.CharacterUI:WidgetTree.CanvasPanel_0 or CanvasPanel /Engine/Transient.World_1:CharacterUI_C_3.WidgetTree_0.CanvasPanel_0
[2018.12.27-15.50.57:566][421]LogUObjectHash: Warning: Ambiguous search, could be CanvasPanel /Game/UI/CharacterUI.CharacterUI:WidgetTree.CanvasPanel_0 or CanvasPanel /Engine/Transient.World_1:CharacterUI_C_4.WidgetTree_0.CanvasPanel_0
[2018.12.27-15.50.57:566][421]LogUObjectHash: Warning: Ambiguous search, could be CanvasPanel /Game/UI/CharacterUI.CharacterUI:WidgetTree.CanvasPanel_0 or CanvasPanel /Engine/Transient.World_1:CharacterUI_C_5.WidgetTree_0.CanvasPanel_0
[2018.12.27-15.50.57:566][421]LogUObjectHash: Warning: Ambiguous search, could be CanvasPanel /Game/UI/CharacterUI.CharacterUI:WidgetTree.CanvasPanel_0 or CanvasPanel /Engine/Transient.World_1:CharacterUI_C_6.WidgetTree_0.CanvasPanel_0
[2018.12.27-15.50.57:566][421]LogUObjectHash: Warning: Ambiguous search, could be CanvasPanel /Game/UI/CharacterUI.CharacterUI:WidgetTree.CanvasPanel_0 or CanvasPanel /Engine/Transient.World_1:CharacterUI_C_7.WidgetTree_0.CanvasPanel_0
[2018.12.27-15.50.57:566][421]LogUObjectHash: Warning: Ambiguous search, could be CanvasPanel /Game/UI/CharacterUI.CharacterUI:WidgetTree.CanvasPanel_0 or CanvasPanel /Engine/Transient.World_1:CharacterUI_C_8.WidgetTree_0.CanvasPanel_0
[2018.12.27-15.50.57:566][421]LogUObjectHash: Warning: Ambiguous search, could be CanvasPanel /Game/UI/CharacterUI.CharacterUI:WidgetTree.CanvasPanel_0 or CanvasPanel /Engine/Transient.World_1:CharacterUI_C_9.WidgetTree_0.CanvasPanel_0
[2018.12.27-15.50.57:567][421]LogUObjectHash: Warning: Ambiguous search, could be CanvasPanel /Game/UI/CharacterUI.CharacterUI:WidgetTree.CanvasPanel_0 or CanvasPanel /Engine/Transient.World_1:CharacterUI_C_10.WidgetTree_0.CanvasPanel_0
[2018.12.27-15.50.57:567][421]LogUObjectHash: Warning: Ambiguous search, could be CanvasPanel /Game/UI/CharacterUI.CharacterUI:WidgetTree.CanvasPanel_0 or CanvasPanel /Engine/Transient.World_1:CharacterUI_C_11.WidgetTree_0.CanvasPanel_0
[2018.12.27-15.50.57:567][421]LogUObjectHash: Warning: Ambiguous search, could be CanvasPanel /Game/UI/CharacterUI.CharacterUI:WidgetTree.CanvasPanel_0 or CanvasPanel /Engine/Transient.World_1:CharacterUI_C_12.WidgetTree_0.CanvasPanel_0
[2018.12.27-15.50.57:567][421]LogUObjectHash: Warning: Ambiguous search, could be CanvasPanel /Game/UI/CharacterUI.CharacterUI:WidgetTree.CanvasPanel_0 or CanvasPanel /Engine/Transient.World_1:CharacterUI_C_13.WidgetTree_0.CanvasPanel_0
[2018.12.27-15.50.57:567][421]LogUObjectHash: Warning: Ambiguous search, could be CanvasPanel /Game/UI/CharacterUI.CharacterUI:WidgetTree.CanvasPanel_0 or CanvasPanel /Engine/Transient.World_1:CharacterUI_C_14.WidgetTree_0.CanvasPanel_0
[2018.12.27-15.50.57:567][421]LogUObjectHash: Warning: Ambiguous search, could be CanvasPanel /Game/UI/CharacterUI.CharacterUI:WidgetTree.CanvasPanel_0 or CanvasPanel /Engine/Transient.World_1:CharacterUI_C_15.WidgetTree_0.CanvasPanel_0
[2018.12.27-15.50.57:567][421]LogUObjectHash: Warning: Ambiguous search, could be CanvasPanel /Game/UI/CharacterUI.CharacterUI:WidgetTree.CanvasPanel_0 or CanvasPanel /Engine/Transient.World_1:CharacterUI_C_16.WidgetTree_0.CanvasPanel_0
[2018.12.27-15.50.57:567][421]LogUObjectHash: Warning: Ambiguous search, could be CanvasPanel /Game/UI/CharacterUI.CharacterUI:WidgetTree.CanvasPanel_0 or CanvasPanel /Engine/Transient.World_1:CharacterUI_C_17.WidgetTree_0.CanvasPanel_0
[2018.12.27-15.50.57:567][421]LogUObjectHash: Warning: Ambiguous search, could be CanvasPanel /Game/UI/CharacterUI.CharacterUI:WidgetTree.CanvasPanel_0 or CanvasPanel /Engine/Transient.World_1:CharacterUI_C_18.WidgetTree_0.CanvasPanel_0
[2018.12.27-15.50.57:567][421]LogProperty: Warning: Illegal TEXT reference to a private object in external package (CanvasPanelSlot /Game/UI/CharacterUI.CharacterUI:WidgetTree.CanvasPanel_0.CanvasPanelSlot_3) from referencer (Image /Engine/UMG/Editor/Transient.Image_62).  Import failed...
[2018.12.27-15.50.57:567][421]LogProperty: Warning: ObjectProperty /Script/UMG.Widget:Slot: unresolved reference to 'CanvasPanelSlot'"CanvasPanel_0.CanvasPanelSlot_3"''
[2018.12.27-15.53.49:574][301]LogEditorTransaction: Undo Remove Widget
[2018.12.27-15.56.35:434][281]LogFileHelpers: Editor autosave (incl. sublevels) for '/Game/StarterContent/Maps/Minimal_Default' took 0.277
[2018.12.27-15.56.35:461][281]OBJ SavePackage: Generating thumbnails for [0] asset(s) in package [/Game/UI/CharacterUI] ([1] browsable assets)...
[2018.12.27-15.56.35:462][281]OBJ SavePackage: Finished generating thumbnails for package [/Game/UI/CharacterUI]
[2018.12.27-15.56.35:462][281]Cmd: OBJ SAVEPACKAGE PACKAGE="/Game/UI/CharacterUI" FILE="../../../../../../Git/FightingGame/FightingGame/Saved/Autosaves/Game/UI/CharacterUI_Auto1.uasset" SILENT=false AUTOSAVING=true
[2018.12.27-15.56.35:507][281]LogSavePackage: Moving '../../../../../../Git/FightingGame/FightingGame/Saved/CharacterUI_Auto16408BE8D45FAC550D6B994A8DC7F93B7.tmp' to '../../../../../../Git/FightingGame/FightingGame/Saved/Autosaves/Game/UI/CharacterUI_Auto1.uasset'
[2018.12.27-15.56.35:512][281]LogFileHelpers: Auto-saving content packages took 0.077
[2018.12.27-16.02.06:900][ 85]LogEditorTransaction: Undo Move Widget
[2018.12.27-16.02.22:057][ 70]LogUObjectHash: Warning: Ambiguous search, could be CanvasPanel /Game/UI/CharacterUI.CharacterUI:WidgetTree.CanvasPanel_0 or CanvasPanel /Engine/Transient.World_1:CharacterUI_C_2.WidgetTree_0.CanvasPanel_0
[2018.12.27-16.02.22:058][ 70]LogUObjectHash: Warning: Ambiguous search, could be CanvasPanel /Game/UI/CharacterUI.CharacterUI:WidgetTree.CanvasPanel_0 or CanvasPanel /Engine/Transient.World_1:CharacterUI_C_3.WidgetTree_0.CanvasPanel_0
[2018.12.27-16.02.22:058][ 70]LogUObjectHash: Warning: Ambiguous search, could be CanvasPanel /Game/UI/CharacterUI.CharacterUI:WidgetTree.CanvasPanel_0 or CanvasPanel /Engine/Transient.World_1:CharacterUI_C_4.WidgetTree_0.CanvasPanel_0
[2018.12.27-16.02.22:058][ 70]LogUObjectHash: Warning: Ambiguous search, could be CanvasPanel /Game/UI/CharacterUI.CharacterUI:WidgetTree.CanvasPanel_0 or CanvasPanel /Engine/Transient.World_1:CharacterUI_C_5.WidgetTree_0.CanvasPanel_0
[2018.12.27-16.02.22:058][ 70]LogUObjectHash: Warning: Ambiguous search, could be CanvasPanel /Game/UI/CharacterUI.CharacterUI:WidgetTree.CanvasPanel_0 or CanvasPanel /Engine/Transient.World_1:CharacterUI_C_6.WidgetTree_0.CanvasPanel_0
[2018.12.27-16.02.22:058][ 70]LogUObjectHash: Warning: Ambiguous search, could be CanvasPanel /Game/UI/CharacterUI.CharacterUI:WidgetTree.CanvasPanel_0 or CanvasPanel /Engine/Transient.World_1:CharacterUI_C_7.WidgetTree_0.CanvasPanel_0
[2018.12.27-16.02.22:058][ 70]LogUObjectHash: Warning: Ambiguous search, could be CanvasPanel /Game/UI/CharacterUI.CharacterUI:WidgetTree.CanvasPanel_0 or CanvasPanel /Engine/Transient.World_1:CharacterUI_C_8.WidgetTree_0.CanvasPanel_0
[2018.12.27-16.02.22:058][ 70]LogUObjectHash: Warning: Ambiguous search, could be CanvasPanel /Game/UI/CharacterUI.CharacterUI:WidgetTree.CanvasPanel_0 or CanvasPanel /Engine/Transient.World_1:CharacterUI_C_10.WidgetTree_0.CanvasPanel_0
[2018.12.27-16.02.22:058][ 70]LogUObjectHash: Warning: Ambiguous search, could be CanvasPanel /Game/UI/CharacterUI.CharacterUI:WidgetTree.CanvasPanel_0 or CanvasPanel /Engine/Transient.World_1:CharacterUI_C_11.WidgetTree_0.CanvasPanel_0
[2018.12.27-16.02.22:058][ 70]LogUObjectHash: Warning: Ambiguous search, could be CanvasPanel /Game/UI/CharacterUI.CharacterUI:WidgetTree.CanvasPanel_0 or CanvasPanel /Engine/Transient.World_1:CharacterUI_C_13.WidgetTree_0.CanvasPanel_0
[2018.12.27-16.02.22:058][ 70]LogUObjectHash: Warning: Ambiguous search, could be CanvasPanel /Game/UI/CharacterUI.CharacterUI:WidgetTree.CanvasPanel_0 or CanvasPanel /Engine/Transient.World_1:CharacterUI_C_18.WidgetTree_0.CanvasPanel_0
[2018.12.27-16.02.22:058][ 70]LogUObjectHash: Warning: Ambiguous search, could be CanvasPanel /Game/UI/CharacterUI.CharacterUI:WidgetTree.CanvasPanel_0 or CanvasPanel /Engine/Transient.World_1:CharacterUI_C_19.WidgetTree_0.CanvasPanel_0
[2018.12.27-16.02.22:058][ 70]LogUObjectHash: Warning: Ambiguous search, could be CanvasPanel /Game/UI/CharacterUI.CharacterUI:WidgetTree.CanvasPanel_0 or CanvasPanel /Engine/Transient.World_1:CharacterUI_C_23.WidgetTree_0.CanvasPanel_0
[2018.12.27-16.02.22:058][ 70]LogUObjectHash: Warning: Ambiguous search, could be CanvasPanel /Game/UI/CharacterUI.CharacterUI:WidgetTree.CanvasPanel_0 or CanvasPanel /Engine/Transient.World_1:CharacterUI_C_24.WidgetTree_0.CanvasPanel_0
[2018.12.27-16.02.22:059][ 70]LogUObjectHash: Warning: Ambiguous search, could be CanvasPanel /Game/UI/CharacterUI.CharacterUI:WidgetTree.CanvasPanel_0 or CanvasPanel /Engine/Transient.World_1:CharacterUI_C_25.WidgetTree_0.CanvasPanel_0
[2018.12.27-16.02.22:059][ 70]LogUObjectHash: Warning: Ambiguous search, could be CanvasPanel /Game/UI/CharacterUI.CharacterUI:WidgetTree.CanvasPanel_0 or CanvasPanel /Engine/Transient.World_1:CharacterUI_C_26.WidgetTree_0.CanvasPanel_0
[2018.12.27-16.02.22:059][ 70]LogUObjectHash: Warning: Ambiguous search, could be CanvasPanel /Game/UI/CharacterUI.CharacterUI:WidgetTree.CanvasPanel_0 or CanvasPanel /Engine/Transient.World_1:CharacterUI_C_27.WidgetTree_0.CanvasPanel_0
[2018.12.27-16.02.22:059][ 70]LogUObjectHash: Warning: Ambiguous search, could be CanvasPanel /Game/UI/CharacterUI.CharacterUI:WidgetTree.CanvasPanel_0 or CanvasPanel /Engine/Transient.World_1:CharacterUI_C_40.WidgetTree_0.CanvasPanel_0
[2018.12.27-16.02.22:059][ 70]LogUObjectHash: Warning: Ambiguous search, could be CanvasPanel /Game/UI/CharacterUI.CharacterUI:WidgetTree.CanvasPanel_0 or CanvasPanel /Engine/Transient.World_1:CharacterUI_C_30.WidgetTree_0.CanvasPanel_0
[2018.12.27-16.02.22:059][ 70]LogUObjectHash: Warning: Ambiguous search, could be CanvasPanel /Game/UI/CharacterUI.CharacterUI:WidgetTree.CanvasPanel_0 or CanvasPanel /Engine/Transient.World_1:CharacterUI_C_31.WidgetTree_0.CanvasPanel_0
[2018.12.27-16.02.22:059][ 70]LogUObjectHash: Warning: Ambiguous search, could be CanvasPanel /Game/UI/CharacterUI.CharacterUI:WidgetTree.CanvasPanel_0 or CanvasPanel /Engine/Transient.World_1:CharacterUI_C_39.WidgetTree_0.CanvasPanel_0
[2018.12.27-16.02.22:059][ 70]LogUObjectHash: Warning: Ambiguous search, could be CanvasPanel /Game/UI/CharacterUI.CharacterUI:WidgetTree.CanvasPanel_0 or CanvasPanel /Engine/Transient.World_1:CharacterUI_C_38.WidgetTree_0.CanvasPanel_0
[2018.12.27-16.02.22:059][ 70]LogUObjectHash: Warning: Ambiguous search, could be CanvasPanel /Game/UI/CharacterUI.CharacterUI:WidgetTree.CanvasPanel_0 or CanvasPanel /Engine/Transient.World_1:CharacterUI_C_37.WidgetTree_0.CanvasPanel_0
[2018.12.27-16.02.22:059][ 70]LogUObjectHash: Warning: Ambiguous search, could be CanvasPanel /Game/UI/CharacterUI.CharacterUI:WidgetTree.CanvasPanel_0 or CanvasPanel /Engine/Transient.World_1:CharacterUI_C_36.WidgetTree_0.CanvasPanel_0
[2018.12.27-16.02.22:059][ 70]LogProperty: Warning: Illegal TEXT reference to a private object in external package (CanvasPanelSlot /Game/UI/CharacterUI.CharacterUI:WidgetTree.CanvasPanel_0.CanvasPanelSlot_2) from referencer (TextBlock /Engine/UMG/Editor/Transient.TextBlock_99).  Import failed...
[2018.12.27-16.02.22:059][ 70]LogProperty: Warning: ObjectProperty /Script/UMG.Widget:Slot: unresolved reference to 'CanvasPanelSlot'"CanvasPanel_0.CanvasPanelSlot_2"''
[2018.12.27-16.02.39:252][194]Cmd: OBJ SAVEPACKAGE PACKAGE="/Game/UI/CharacterUI" FILE="../../../../../../Git/FightingGame/FightingGame/Content/UI/CharacterUI.uasset" SILENT=true
[2018.12.27-16.02.39:268][194]LogSavePackage: Moving '../../../../../../Git/FightingGame/FightingGame/Saved/CharacterUI3C0BCD934984899E4A61DDA158DAE985.tmp' to '../../../../../../Git/FightingGame/FightingGame/Content/UI/CharacterUI.uasset'
[2018.12.27-16.12.24:766][ 65]LogSlate: Prevented a slow task dialog from being summoned while a context menu was open
[2018.12.27-16.13.40:001][575]LogSlate: Took 0.011290 seconds to synchronously load lazily loaded font '../../../Engine/Content/Slate/Fonts/Roboto-Italic.ttf' (157K)
[2018.12.27-16.13.47:310][322]Cmd: OBJ SAVEPACKAGE PACKAGE="/Game/UI/CharacterUI" FILE="../../../../../../Git/FightingGame/FightingGame/Content/UI/CharacterUI.uasset" SILENT=true
[2018.12.27-16.13.47:345][322]LogSavePackage: Moving '../../../../../../Git/FightingGame/FightingGame/Saved/CharacterUI8AB9DDCE4F2B19497BBADABE9E3263F4.tmp' to '../../../../../../Git/FightingGame/FightingGame/Content/UI/CharacterUI.uasset'
[2018.12.27-16.16.46:388][ 78]LogFileHelpers: Editor autosave (incl. sublevels) for '/Game/StarterContent/Maps/Minimal_Default' took 0.030
[2018.12.27-16.16.46:396][ 78]OBJ SavePackage: Generating thumbnails for [0] asset(s) in package [/Game/UI/CharacterUI] ([1] browsable assets)...
[2018.12.27-16.16.46:396][ 78]OBJ SavePackage: Finished generating thumbnails for package [/Game/UI/CharacterUI]
[2018.12.27-16.16.46:396][ 78]Cmd: OBJ SAVEPACKAGE PACKAGE="/Game/UI/CharacterUI" FILE="../../../../../../Git/FightingGame/FightingGame/Saved/Autosaves/Game/UI/CharacterUI_Auto2.uasset" SILENT=false AUTOSAVING=true
[2018.12.27-16.16.46:486][ 78]LogSavePackage: Moving '../../../../../../Git/FightingGame/FightingGame/Saved/CharacterUI_Auto20BC16F8149131610A18EEA86A3350D6A.tmp' to '../../../../../../Git/FightingGame/FightingGame/Saved/Autosaves/Game/UI/CharacterUI_Auto2.uasset'
[2018.12.27-16.16.46:491][ 78]LogFileHelpers: Auto-saving content packages took 0.102
[2018.12.27-16.17.03:190][298]Cmd: OBJ SAVEPACKAGE PACKAGE="/Game/UI/CharacterUI" FILE="../../../../../../Git/FightingGame/FightingGame/Content/UI/CharacterUI.uasset" SILENT=true
[2018.12.27-16.17.03:225][298]LogSavePackage: Moving '../../../../../../Git/FightingGame/FightingGame/Saved/CharacterUI2315E73E4DC179EC5AAD02B0561784A4.tmp' to '../../../../../../Git/FightingGame/FightingGame/Content/UI/CharacterUI.uasset'
[2018.12.27-16.17.03:832][369]BlueprintLog: New page: Compile CharacterUI
[2018.12.27-16.17.06:415][618]LogSlate: Window 'FightingGame - Unreal Editor' being destroyed
[2018.12.27-16.17.06:895][619]Cmd: QUIT_EDITOR
[2018.12.27-16.17.07:331][619]LogWindowsTextInputMethodSystem: Display: IME system now deactivated.
[2018.12.27-16.17.07:424][619]LogExit: Preparing to exit.
[2018.12.27-16.17.08:375][619]LogExit: Editor shut down
[2018.12.27-16.17.08:376][619]LogExit: Transaction tracking system shut down
