Log file open, 01/02/19 14:35:06
LogWindows: Failed to load 'aqProf.dll' (GetLastError=126)
LogWindows: File 'aqProf.dll' does not exist
LogWindows: Failed to load 'VSPerf140.dll' (GetLastError=126)
LogWindows: File 'VSPerf140.dll' does not exist
LogWindows: Failed to load 'VtuneApi.dll' (GetLastError=126)
LogWindows: File 'VtuneApi.dll' does not exist
LogWindows: Failed to load 'VtuneApi32e.dll' (GetLastError=126)
LogWindows: File 'VtuneApi32e.dll' does not exist
LogInit: Display: Running engine for game: FightingGame
LogPlatformFile: Not using cached read wrapper
LogTaskGraph: Started task graph with 5 named threads and 23 total threads with 3 sets of task threads.
LogStats: Stats thread started at 0.563232
LogD3D11RHI: Loaded GFSDK_Aftermath_Lib.x64.dll
LogICUInternationalization: Display: ICU TimeZone Detection - Raw Offset: +0:00, Platform Override: ''
LogPluginManager: Mounting plugin Paper2D
LogPluginManager: Mounting plugin AISupport
LogPluginManager: Mounting plugin LightPropagationVolume
LogPluginManager: Mounting plugin CLionSourceCodeAccess
LogPluginManager: Mounting plugin CodeLiteSourceCodeAccess
LogPluginManager: Mounting plugin GitSourceControl
LogPluginManager: Mounting plugin KDevelopSourceCodeAccess
LogPluginManager: Mounting plugin NullSourceCodeAccess
LogPluginManager: Mounting plugin PerforceSourceControl
LogPluginManager: Mounting plugin SubversionSourceControl
LogPluginManager: Mounting plugin UObjectPlugin
LogPluginManager: Mounting plugin VisualStudioCodeSourceCodeAccess
LogPluginManager: Mounting plugin VisualStudioSourceCodeAccess
LogPluginManager: Mounting plugin XCodeSourceCodeAccess
LogPluginManager: Mounting plugin AssetManagerEditor
LogPluginManager: Mounting plugin CryptoKeys
LogPluginManager: Mounting plugin DataValidation
LogPluginManager: Mounting plugin FacialAnimation
LogPluginManager: Mounting plugin GameplayTagsEditor
LogPluginManager: Mounting plugin MacGraphicsSwitching
LogPluginManager: Mounting plugin MeshEditor
LogPluginManager: Mounting plugin MobileLauncherProfileWizard
LogPluginManager: Mounting plugin PluginBrowser
LogPluginManager: Mounting plugin SpeedTreeImporter
LogPluginManager: Mounting plugin DatasmithContent
LogPluginManager: Mounting plugin AlembicImporter
LogPluginManager: Mounting plugin AppleImageUtils
LogPluginManager: Mounting plugin AppleVision
LogPluginManager: Mounting plugin BackChannel
LogPluginManager: Mounting plugin CharacterAI
LogPluginManager: Mounting plugin GeometryCache
LogPluginManager: Mounting plugin HTML5Networking
LogPluginManager: Mounting plugin ProxyLODPlugin
LogPluginManager: Mounting plugin MagicLeap
LogPluginManager: Mounting plugin MagicLeapEmulator
LogPluginManager: Mounting plugin MagicLeapMedia
LogPluginManager: Mounting plugin AndroidMedia
LogPluginManager: Mounting plugin AvfMedia
LogPluginManager: Mounting plugin ImgMedia
LogPluginManager: Mounting plugin LinearTimecode
LogPluginManager: Mounting plugin MediaCompositing
LogPluginManager: Mounting plugin MediaPlayerEditor
LogPluginManager: Mounting plugin WmfMedia
LogPluginManager: Mounting plugin TcpMessaging
LogPluginManager: Mounting plugin UdpMessaging
LogPluginManager: Mounting plugin ActorSequence
LogPluginManager: Mounting plugin LevelSequenceEditor
LogPluginManager: Mounting plugin MatineeToLevelSequence
LogPluginManager: Mounting plugin NetcodeUnitTest
LogPluginManager: Mounting plugin NUTUnrealEngine4
LogPluginManager: Mounting plugin OnlineSubsystemGooglePlay
LogPluginManager: Mounting plugin OnlineSubsystemIOS
LogPluginManager: Mounting plugin OnlineSubsystem
LogPluginManager: Mounting plugin OnlineSubsystemNull
LogPluginManager: Mounting plugin OnlineSubsystemUtils
LogPluginManager: Mounting plugin LauncherChunkInstaller
LogPluginManager: Mounting plugin AndroidDeviceProfileSelector
LogPluginManager: Mounting plugin AndroidMoviePlayer
LogPluginManager: Mounting plugin AndroidPermission
LogPluginManager: Mounting plugin AppleMoviePlayer
LogPluginManager: Mounting plugin ArchVisCharacter
LogPluginManager: Mounting plugin AudioCapture
LogPluginManager: Mounting plugin CableComponent
LogPluginManager: Mounting plugin CustomMeshComponent
LogPluginManager: Mounting plugin EditableMesh
LogPluginManager: Mounting plugin ExampleDeviceProfileSelector
LogPluginManager: Mounting plugin GoogleCloudMessaging
LogPluginManager: Mounting plugin ImmediatePhysics
LogPluginManager: Mounting plugin IOSDeviceProfileSelector
LogPluginManager: Mounting plugin LinuxDeviceProfileSelector
LogPluginManager: Mounting plugin LocationServicesBPLibrary
LogPluginManager: Mounting plugin MobilePatchingUtils
LogPluginManager: Mounting plugin OculusVR
LogPluginManager: Plugin shader directory ../../../Engine/Plugins/Runtime/Oculus/OculusVR/Shaders found
LogPluginManager: Mapping shader source directory ../../../Engine/Plugins/Runtime/Oculus/OculusVR/Shaders to virtual directory /Plugin/OculusVR
LogPluginManager: Mounting plugin PhysXVehicles
LogPluginManager: Mounting plugin ProceduralMeshComponent
LogPluginManager: Mounting plugin RuntimePhysXCooking
LogPluginManager: Mounting plugin SteamVR
LogPluginManager: Mounting plugin WindowsMoviePlayer
LogStreaming: Display: Took  0.235s to configure plugins.
LogInit: Using libcurl 7.55.1-DEV
LogInit:  - built for x86_64-pc-win32
LogInit:  - supports SSL with OpenSSL/1.0.2h
LogInit:  - supports HTTP deflate (compression) using libz 1.2.8
LogInit:  - other features:
LogInit:      CURL_VERSION_SSL
LogInit:      CURL_VERSION_LIBZ
LogInit:      CURL_VERSION_IPV6
LogInit:      CURL_VERSION_ASYNCHDNS
LogInit:      CURL_VERSION_LARGEFILE
LogInit:      CURL_VERSION_IDN
LogInit:  CurlRequestOptions (configurable via config and command line):
LogInit:  - bVerifyPeer = false  - Libcurl will NOT verify peer certificate
LogInit:  - bUseHttpProxy = false  - Libcurl will NOT use HTTP proxy
LogInit:  - bDontReuseConnections = false  - Libcurl will reuse connections
LogInit:  - CertBundlePath = nullptr  - Libcurl will use whatever was configured at build time.
LogInit:  - MaxHostConnections = 16  - Libcurl will limit the number of connections to a host
LogInit:  - LocalHostAddr = Default
LogInit:  - BufferSize = 65536
LogInit: WinSock: version 1.1 (2.2), MaxSocks=32767, MaxUdp=65467
LogInit: Build: ++UE4+Release-4.20-CL-4369336
LogInit: Engine Version: 4.20.3-4369336+++UE4+Release-4.20
LogInit: Compatible Engine Version: 4.20.0-4212847+++UE4+Release-4.20
LogInit: Net CL: 4212847
LogInit: OS: Windows 10 (), CPU: Intel(R) Core(TM) i7-6700K CPU @ 4.00GHz, GPU: NVIDIA GeForce GTX 1060 6GB
LogInit: Compiled (64-bit): Sep 17 2018 12:26:19
LogInit: Compiled with Visual C++: 19.13.26129.00
LogInit: Build Configuration: Development
LogInit: Branch Name: ++UE4+Release-4.20
LogInit: Command Line:  -skipcompile
LogInit: Base Directory: D:/Program Files/Epic Games/UE_4.20/Engine/Binaries/Win64/
LogInit: Installed Engine Build: 1
LogDevObjectVersion: Number of dev versions registered: 20
LogDevObjectVersion:   Dev-Blueprints (B0D832E4-1F89-4F0D-ACCF-7EB736FD4AA2): 10
LogDevObjectVersion:   Dev-Build (E1C64328-A22C-4D53-A36C-8E866417BD8C): 0
LogDevObjectVersion:   Dev-Core (375EC13C-06E4-48FB-B500-84F0262A717E): 2
LogDevObjectVersion:   Dev-Editor (E4B068ED-F494-42E9-A231-DA0B2E46BB41): 24
LogDevObjectVersion:   Dev-Framework (CFFC743F-43B0-4480-9391-14DF171D2073): 34
LogDevObjectVersion:   Dev-Mobile (B02B49B5-BB20-44E9-A304-32B752E40360): 2
LogDevObjectVersion:   Dev-Networking (A4E4105C-59A1-49B5-A7C5-40C4547EDFEE): 0
LogDevObjectVersion:   Dev-Online (39C831C9-5AE6-47DC-9A44-9C173E1C8E7C): 0
LogDevObjectVersion:   Dev-Physics (78F01B33-EBEA-4F98-B9B4-84EACCB95AA2): 0
LogDevObjectVersion:   Dev-Platform (6631380F-2D4D-43E0-8009-CF276956A95A): 0
LogDevObjectVersion:   Dev-Rendering (12F88B9F-8875-4AFC-A67C-D90C383ABD29): 26
LogDevObjectVersion:   Dev-Sequencer (7B5AE74C-D270-4C10-A958-57980B212A5A): 9
LogDevObjectVersion:   Dev-VR (D7296918-1DD6-4BDD-9DE2-64A83CC13884): 2
LogDevObjectVersion:   Dev-LoadTimes (C2A15278-BFE7-4AFE-6C17-90FF531DF755): 1
LogDevObjectVersion:   Private-Geometry (6EACA3D4-40EC-4CC1-B786-8BED09428FC5): 3
LogDevObjectVersion:   Dev-AnimPhys (29E575DD-E0A3-4627-9D10-D276232CDCEA): 17
LogDevObjectVersion:   Dev-ReflectionCapture (6B266CEC-1EC7-4B8F-A30B-E4D90942FC07): 1
LogDevObjectVersion:   Dev-Automation (0DF73D61-A23F-47EA-B727-89E90C41499A): 1
LogDevObjectVersion:   FortniteMain (601D1886-AC64-4F84-AA16-D3DE0DEAC7D6): 12
LogDevObjectVersion:   Dev-Enterprise (9DFFBCD6-494F-0158-E221-12823C92A888): 1
LogStreaming: Display: Took  0.013s to delete old logs.
LogInit: Presizing for max 8388607 objects, including 0 objects not considered by GC, pre-allocating 0 bytes for permanent pool.
LogInit: Object subsystem initialized
[2019.01.02-14.35.07:572][  0]LogInit: Selected Device Profile: [Windows]
[2019.01.02-14.35.07:573][  0]LogInit: Applying CVar settings loaded from the selected device profile: [Windows]
[2019.01.02-14.35.07:583][  0]LogHAL: Display: Platform has ~ 16 GB [17126547456 / 17179869184 / 16], which maps to Larger [LargestMinGB=32, LargerMinGB=12, DefaultMinGB=8, SmallerMinGB=6, SmallestMinGB=0)
[2019.01.02-14.35.07:584][  0]LogInit: Setting Device Profile CVar: [[r.Vulkan.UseRealUBs:1]]
[2019.01.02-14.35.07:584][  0]LogInit: Going up to parent DeviceProfile []
[2019.01.02-14.35.07:584][  0]LogInit: Computer: EDWARD
[2019.01.02-14.35.07:584][  0]LogInit: User: John
[2019.01.02-14.35.07:584][  0]LogInit: CPU Page size=4096, Cores=4
[2019.01.02-14.35.07:585][  0]LogInit: High frequency timer resolution =3.914064 MHz
[2019.01.02-14.35.07:585][  0]LogMemory: Memory total: Physical=16.0GB (16GB approx)
[2019.01.02-14.35.07:585][  0]LogMemory: Platform Memory Stats for Windows
[2019.01.02-14.35.07:585][  0]LogMemory: Process Physical Memory: 102.25 MB used, 102.25 MB peak
[2019.01.02-14.35.07:585][  0]LogMemory: Process Virtual Memory: 90.04 MB used, 90.04 MB peak
[2019.01.02-14.35.07:585][  0]LogMemory: Physical Memory: 8049.04 MB used,  8284.11 MB free, 16333.15 MB total
[2019.01.02-14.35.07:585][  0]LogMemory: Virtual Memory: 4638.83 MB used,  8284.11 MB free, 134217728.00 MB total
[2019.01.02-14.35.07:696][  0]LogInit: Using OS detected language (en-US).
[2019.01.02-14.35.07:696][  0]LogInit: Using OS detected locale (en-US).
[2019.01.02-14.35.07:697][  0]LogTextLocalizationManager: No specific localization for 'en-US' exists, so the 'en' localization will be used.
[2019.01.02-14.35.08:034][  0]LogStreaming: Display: Took  0.338s to InitEngineTextLocalization.
[2019.01.02-14.35.08:034][  0]LogInit: Setting process to per monitor DPI aware
[2019.01.02-14.35.08:088][  0]LogSlate: New Slate User Created.  User Index 0, Is Virtual User: 0
[2019.01.02-14.35.08:088][  0]LogSlate: Slate User Registered.  User Index 0, Is Virtual User: 0
[2019.01.02-14.35.08:375][  0]LogHMD: Failed to initialize OpenVR with code 102
[2019.01.02-14.35.08:375][  0]LogD3D11RHI: D3D11 adapters:
[2019.01.02-14.35.08:444][  0]LogD3D11RHI:    0. 'NVIDIA GeForce GTX 1060 6GB' (Feature Level 11_0)
[2019.01.02-14.35.08:444][  0]LogD3D11RHI:       6061/0/8166 MB DedicatedVideo/DedicatedSystem/SharedSystem, Outputs:3, VendorId:0x10de
[2019.01.02-14.35.08:450][  0]LogD3D11RHI:    1. 'Microsoft Basic Render Driver' (Feature Level 11_0)
[2019.01.02-14.35.08:451][  0]LogD3D11RHI:       0/0/8166 MB DedicatedVideo/DedicatedSystem/SharedSystem, Outputs:0, VendorId:0x1414
[2019.01.02-14.35.08:451][  0]LogD3D11RHI: Chosen D3D11 Adapter: 0
[2019.01.02-14.35.08:459][  0]LogD3D11RHI: Creating new Direct3DDevice
[2019.01.02-14.35.08:459][  0]LogD3D11RHI:     GPU DeviceId: 0x1c03 (for the marketing name, search the web for "GPU Device Id")
[2019.01.02-14.35.08:459][  0]LogWindows: EnumDisplayDevices:
[2019.01.02-14.35.08:460][  0]LogWindows:    0. 'NVIDIA GeForce GTX 1060 6GB' (P:1 D:1)
[2019.01.02-14.35.08:460][  0]LogWindows:    1. 'NVIDIA GeForce GTX 1060 6GB' (P:0 D:1)
[2019.01.02-14.35.08:460][  0]LogWindows:    2. 'NVIDIA GeForce GTX 1060 6GB' (P:0 D:1)
[2019.01.02-14.35.08:461][  0]LogWindows:    3. 'NVIDIA GeForce GTX 1060 6GB' (P:0 D:0)
[2019.01.02-14.35.08:461][  0]LogWindows: DebugString: FoundDriverCount:4 
[2019.01.02-14.35.08:461][  0]LogD3D11RHI:     Adapter Name: NVIDIA GeForce GTX 1060 6GB
[2019.01.02-14.35.08:461][  0]LogD3D11RHI:   Driver Version: 388.13 (internal:23.21.13.8813, unified:388.13)
[2019.01.02-14.35.08:461][  0]LogD3D11RHI:      Driver Date: 10-27-2017
[2019.01.02-14.35.08:461][  0]LogRHI: Texture pool is 4242 MB (70% of 6061 MB)
[2019.01.02-14.35.08:496][  0]LogD3D11RHI: Async texture creation enabled
[2019.01.02-14.35.08:511][  0]LogD3D11RHI: GPU Timing Frequency: 1000.000000 (Debug: 2 1)
[2019.01.02-14.35.08:608][  0]LogShaderCompilers: Guid format shader working directory is -3 characters bigger than the processId version (../../../../../../Git/FightingGame/FightingGame/Intermediate/Shaders/WorkingDirectory/20196/).
[2019.01.02-14.35.08:608][  0]LogShaderCompilers: Cleaned the shader compiler working directory 'C:/Users/John/AppData/Local/Temp/UnrealShaderWorkingDir/E29871094463EF205F59168CFF794765/'.
[2019.01.02-14.35.13:234][  0]LogTemp: Display: Loaded TP AllDesktopTargetPlatform
[2019.01.02-14.35.13:253][  0]LogTemp: Display: Loaded TP MacClientTargetPlatform
[2019.01.02-14.35.13:271][  0]LogTemp: Display: Loaded TP MacNoEditorTargetPlatform
[2019.01.02-14.35.13:291][  0]LogTemp: Display: Loaded TP MacServerTargetPlatform
[2019.01.02-14.35.13:316][  0]LogTemp: Display: Loaded TP MacTargetPlatform
[2019.01.02-14.35.13:337][  0]LogTemp: Display: Loaded TP WindowsClientTargetPlatform
[2019.01.02-14.35.13:358][  0]LogTemp: Display: Loaded TP WindowsNoEditorTargetPlatform
[2019.01.02-14.35.13:376][  0]LogTemp: Display: Loaded TP WindowsServerTargetPlatform
[2019.01.02-14.35.13:389][  0]LogTemp: Display: Loaded TP WindowsTargetPlatform
[2019.01.02-14.35.13:468][  0]LogTemp: Display: Loaded TP AndroidTargetPlatform
[2019.01.02-14.35.13:468][  0]LogTemp: Display: Loaded TP AndroidTargetPlatform
[2019.01.02-14.35.13:468][  0]LogTemp: Display: Loaded TP AndroidTargetPlatform
[2019.01.02-14.35.13:468][  0]LogTemp: Display: Loaded TP AndroidTargetPlatform
[2019.01.02-14.35.13:469][  0]LogTemp: Display: Loaded TP AndroidTargetPlatform
[2019.01.02-14.35.13:469][  0]LogTemp: Display: Loaded TP AndroidTargetPlatform
[2019.01.02-14.35.13:469][  0]LogTemp: Display: Loaded TP AndroidTargetPlatform
[2019.01.02-14.35.13:469][  0]LogTemp: Display: Loaded TP AndroidTargetPlatform
[2019.01.02-14.35.13:469][  0]LogTemp: Display: Loaded TP AndroidTargetPlatform
[2019.01.02-14.35.13:469][  0]LogTemp: Display: Loaded TP AndroidTargetPlatform
[2019.01.02-14.35.13:469][  0]LogTemp: Display: Loaded TP AndroidTargetPlatform
[2019.01.02-14.35.13:469][  0]LogTemp: Display: Loaded TP AndroidTargetPlatform
[2019.01.02-14.35.13:469][  0]LogTemp: Display: Loaded TP AndroidTargetPlatform
[2019.01.02-14.35.13:469][  0]LogTemp: Display: Loaded TP AndroidTargetPlatform
[2019.01.02-14.35.13:469][  0]LogTemp: Display: Loaded TP AndroidTargetPlatform
[2019.01.02-14.35.13:469][  0]LogTemp: Display: Loaded TP AndroidTargetPlatform
[2019.01.02-14.35.13:469][  0]LogTemp: Display: Loaded TP AndroidTargetPlatform
[2019.01.02-14.35.13:469][  0]LogTemp: Display: Loaded TP AndroidTargetPlatform
[2019.01.02-14.35.13:475][  0]LogTemp: Display: Loaded TP HTML5TargetPlatform
[2019.01.02-14.35.13:556][  0]LogTemp: Display: Loaded TP IOSTargetPlatform
[2019.01.02-14.35.13:556][  0]LogTemp: Display: Loaded TP IOSTargetPlatform
[2019.01.02-14.35.13:582][  0]LogTemp: Display: Loaded TP TVOSTargetPlatform
[2019.01.02-14.35.13:582][  0]LogTemp: Display: Loaded TP TVOSTargetPlatform
[2019.01.02-14.35.13:598][  0]LogTemp: Display: Loaded TP LinuxClientTargetPlatform
[2019.01.02-14.35.13:615][  0]LogTemp: Display: Loaded TP LinuxNoEditorTargetPlatform
[2019.01.02-14.35.13:631][  0]LogTemp: Display: Loaded TP LinuxServerTargetPlatform
[2019.01.02-14.35.13:650][  0]LogTemp: Display: Loaded TP LinuxTargetPlatform
[2019.01.02-14.35.13:663][  0]LogTemp: Display: Loaded TP LuminTargetPlatform
[2019.01.02-14.35.13:663][  0]LogTargetPlatformManager: Display: Building Assets For Windows
[2019.01.02-14.35.13:857][  0]LogXGEController: Cleaning working directory: C:/Users/John/AppData/Local/Temp/UnrealXGEWorkingDir/
[2019.01.02-14.35.13:858][  0]LogXGEController: Cannot use XGE Controller as Incredibuild is not installed on this machine.
[2019.01.02-14.35.13:858][  0]LogShaderCompilers: Cannot use XGE Shader Compiler as Incredibuild is not installed on this machine.
[2019.01.02-14.35.13:858][  0]LogShaderCompilers: Display: Using Local Shader Compiler.
[2019.01.02-14.35.14:704][  0]LogDerivedDataCache: Display: Max Cache Size: 512 MB
[2019.01.02-14.35.14:764][  0]LogDerivedDataCache: Loaded boot cache 0.06s 71MB C:/Users/John/AppData/Local/UnrealEngine/4.20/DerivedDataCache/Boot.ddc.
[2019.01.02-14.35.14:765][  0]LogDerivedDataCache: Display: Loaded Boot cache: C:/Users/John/AppData/Local/UnrealEngine/4.20/DerivedDataCache/Boot.ddc
[2019.01.02-14.35.14:765][  0]LogDerivedDataCache: FDerivedDataBackendGraph:  Pak pak cache file ../../../../../../Git/FightingGame/FightingGame/DerivedDataCache/DDC.ddp not found, will not use a pak cache.
[2019.01.02-14.35.14:765][  0]LogDerivedDataCache: Unable to find inner node Pak for hierarchical cache Hierarchy.
[2019.01.02-14.35.14:765][  0]LogDerivedDataCache: FDerivedDataBackendGraph:  CompressedPak pak cache file ../../../../../../Git/FightingGame/FightingGame/DerivedDataCache/Compressed.ddp not found, will not use a pak cache.
[2019.01.02-14.35.14:766][  0]LogDerivedDataCache: Unable to find inner node CompressedPak for hierarchical cache Hierarchy.
[2019.01.02-14.35.14:778][  0]LogDerivedDataCache: Display: Pak cache opened for reading ../../../Engine/DerivedDataCache/Compressed.ddp.
[2019.01.02-14.35.14:792][  0]LogDerivedDataCache: Using Local data cache path C:/Users/John/AppData/Local/UnrealEngine/Common/DerivedDataCache: Writable
[2019.01.02-14.35.14:792][  0]LogDerivedDataCache: Shared data cache path not found in *engine.ini, will not use an Shared cache.
[2019.01.02-14.35.14:792][  0]LogDerivedDataCache: Unable to find inner node Shared for hierarchical cache Hierarchy.
[2019.01.02-14.35.14:809][  0]LogMaterial: Verifying Global Shaders for PCD3D_SM5
[2019.01.02-14.35.14:810][  0]LogSlate: Using FreeType 2.6.0
[2019.01.02-14.35.14:811][  0]LogSlate: SlateFontServices - WITH_FREETYPE: 1, WITH_HARFBUZZ: 1
[2019.01.02-14.35.14:893][  0]LogAssetRegistry: FAssetRegistry took 0.0285 seconds to start up
[2019.01.02-14.35.15:282][  0]LogInit: Selected Device Profile: [Windows]
[2019.01.02-14.35.15:478][  0]LogSimplygon: Simplygon DLL not present - disabling.
[2019.01.02-14.35.15:498][  0]LogMeshReduction: Using SimplygonSwarm for distributed automatic mesh merging
[2019.01.02-14.35.15:498][  0]LogMeshReduction: Using ProxyLODMeshReduction for automatic mesh merging
[2019.01.02-14.35.15:498][  0]LogMeshReduction: Using QuadricMeshReduction for automatic static mesh reduction
[2019.01.02-14.35.15:498][  0]LogMeshReduction: No automatic skeletal mesh reduction module available
[2019.01.02-14.35.15:526][  0]LogNetVersion: FightingGame 1.0.0, NetCL: 4212847, EngineNetVer: 5, GameNetVer: 0 (Checksum: 156865789)
[2019.01.02-14.35.16:222][  0]LogPackageLocalizationCache: Processed 11 localized package path(s) for 2 prioritized culture(s) in 0.209030 seconds
[2019.01.02-14.35.16:231][  0]LogUObjectArray: 38425 objects as part of root set at end of initial load.
[2019.01.02-14.35.16:231][  0]LogUObjectAllocator: 6690864 out of 0 bytes used by permanent object pool.
[2019.01.02-14.35.16:231][  0]LogUObjectArray: CloseDisregardForGC: 0/0 objects in disregard for GC pool
[2019.01.02-14.35.17:555][  0]LogTcpMessaging: Initializing TcpMessaging bridge
[2019.01.02-14.35.17:574][  0]LogUdpMessaging: Initializing bridge on interface 0.0.0.0:0 to multicast group 230.0.0.1:6666.
[2019.01.02-14.35.17:895][  0]SourceControl: Source control is disabled
[2019.01.02-14.35.17:895][  0]SourceControl: Source control is disabled
[2019.01.02-14.35.17:909][  0]SourceControl: Source control is disabled
[2019.01.02-14.35.17:917][  0]SourceControl: Source control is disabled
[2019.01.02-14.35.18:362][  0]LogAndroidPermission: UAndroidPermissionCallbackProxy::GetInstance
[2019.01.02-14.35.18:609][  0]LogOcInput: OculusInput pre-init called
[2019.01.02-14.35.18:697][  0]LogEngine: Initializing Engine...
[2019.01.02-14.35.18:699][  0]LogHMD: Failed to initialize OpenVR with code 102
[2019.01.02-14.35.18:700][  0]LogStats: UGameplayTagsManager::ConstructGameplayTagTree: ImportINI prefixes -  0.000 s
[2019.01.02-14.35.18:700][  0]LogStats: UGameplayTagsManager::ConstructGameplayTagTree: Construct from data asset -  0.000 s
[2019.01.02-14.35.18:701][  0]LogStats: UGameplayTagsManager::ConstructGameplayTagTree: ImportINI -  0.000 s
[2019.01.02-14.35.18:701][  0]LogStats: UGameplayTagsManager::ConstructGameplayTagTree: GameplayTagTreeChangedEvent.Broadcast -  0.000 s
[2019.01.02-14.35.18:895][  0]LogInit: Initializing FReadOnlyCVARCache
[2019.01.02-14.35.18:918][  0]LogAIModule: Creating AISystem for world Untitled
[2019.01.02-14.35.19:036][  0]LogInit: XAudio2 using 'Headset Earphone (Razer ManO'War)' : 2 channels at 48 kHz using 16 bits per sample (channel mask 0x3)
[2019.01.02-14.35.19:144][  0]LogInit: FAudioDevice initialized.
[2019.01.02-14.35.19:145][  0]LogNetVersion: Set ProjectVersion to 1.0.0.0. Version Checksum will be recalculated on next use.
[2019.01.02-14.35.19:267][  0]LogDerivedDataCache: Saved boot cache 0.12s 71MB C:/Users/John/AppData/Local/UnrealEngine/4.20/DerivedDataCache/Boot.ddc.
[2019.01.02-14.35.19:275][  0]LogInit: Texture streaming: Enabled
[2019.01.02-14.35.19:321][  0]LogEngineSessionManager: EngineSessionManager initialized
[2019.01.02-14.35.19:340][  0]LogInit: Transaction tracking system initialized
[2019.01.02-14.35.19:458][  0]BlueprintLog: New page: Editor Load
[2019.01.02-14.35.19:692][  0]LocalizationService: Localization service is disabled
[2019.01.02-14.35.20:084][  0]LogCook: Display: Max memory allowance for cook 16384mb min free memory 0mb
[2019.01.02-14.35.20:084][  0]LogCook: Display: Mobile HDR setting 1
[2019.01.02-14.35.20:085][  0]LogGameplayTags: Display: UGameplayTagsManager::DoneAddingNativeTags. DelegateIsBound: 0
[2019.01.02-14.35.20:085][  0]LogStats: UGameplayTagsManager::ConstructGameplayTagTree: ImportINI prefixes -  0.000 s
[2019.01.02-14.35.20:085][  0]LogStats: UGameplayTagsManager::ConstructGameplayTagTree: Construct from data asset -  0.000 s
[2019.01.02-14.35.20:085][  0]LogStats: UGameplayTagsManager::ConstructGameplayTagTree: ImportINI -  0.000 s
[2019.01.02-14.35.20:085][  0]LogStats: UGameplayTagsManager::ConstructGameplayTagTree: GameplayTagTreeChangedEvent.Broadcast -  0.000 s
[2019.01.02-14.35.20:239][  0]LogFileCache: Scanning file cache for directory 'D:/Git/FightingGame/FightingGame/Content/' took 0.02s
[2019.01.02-14.35.20:240][  0]LogLinker: Warning: Can't find file '/Engine/BasicShapes/Cylinder'
[2019.01.02-14.35.20:240][  0]LogLinker: Warning: Can't find file '/Engine/BasicShapes/Cylinder'
[2019.01.02-14.35.20:240][  0]LogUObjectGlobals: Warning: Failed to find object 'StaticMesh /Engine/BasicShapes/Cylinder.Cylinder'
[2019.01.02-14.35.20:380][  0]SourceControl: Source control is disabled
[2019.01.02-14.35.20:381][  0]Cmd: MAP LOAD FILE="../../../../../../Git/FightingGame/FightingGame/Content/StarterContent/Maps/Minimal_Default.umap" TEMPLATE=0 SHOWPROGRESS=1 FEATURELEVEL=3
[2019.01.02-14.35.20:382][  0]LightingResults: New page: Lighting Build
[2019.01.02-14.35.20:386][  0]MapCheck: New page: Map Check
[2019.01.02-14.35.20:387][  0]LightingResults: New page: Lighting Build
[2019.01.02-14.35.21:032][  0]LogBlueprint: Warning: [Compiler PlayerManager_BP] 'Player Base' does not inherit from 'Player Controller' ( Cast To Player_Base  would always fail).
[2019.01.02-14.35.21:032][  0]LogBlueprint: Warning: [Compiler PlayerManager_BP] 'Player Base' does not inherit from 'Player Controller' ( Cast To Player_Base  would always fail).
[2019.01.02-14.35.21:033][  0]LogBlueprint: Warning: [Compiler PlayerManager_BP] [0016.21] Compile of PlayerManager_BP successful, but with 2 Warning(s) [in 2 ms] (/Game/PlayerManager_BP.PlayerManager_BP)
[2019.01.02-14.35.22:743][  0]LogAIModule: Creating AISystem for world Minimal_Default
[2019.01.02-14.35.22:823][  0]LogEditorServer: Finished looking for orphan Actors (0.000 secs)
[2019.01.02-14.35.22:863][  0]Cmd: MAP CHECKDEP NOCLEARLOG
[2019.01.02-14.35.23:008][  0]MapCheck: Map check complete: 0 Error(s), 0 Warning(s), took 143.857ms to complete.
[2019.01.02-14.35.23:008][  0]LogFileHelpers: Loading map 'Minimal_Default' took 2.627
[2019.01.02-14.35.23:150][  0]LogSlate: Updating window title bar state: overlay mode, drag disabled, window buttons hidden, title bar hidden
[2019.01.02-14.35.23:159][  0]LogSlate: Updating window title bar state: overlay mode, drag disabled, window buttons hidden, title bar hidden
[2019.01.02-14.35.23:166][  0]LogSlate: Updating window title bar state: overlay mode, drag disabled, window buttons hidden, title bar hidden
[2019.01.02-14.35.23:172][  0]LogSlate: Updating window title bar state: overlay mode, drag disabled, window buttons hidden, title bar hidden
[2019.01.02-14.35.23:186][  0]LogCollectionManager: Loaded 0 collections in 0.002436 seconds
[2019.01.02-14.35.23:245][  0]LogFileCache: Scanning file cache for directory 'D:/Git/FightingGame/FightingGame/Saved/Collections/' took 0.01s
[2019.01.02-14.35.23:245][  0]LogFileCache: Scanning file cache for directory 'D:/Git/FightingGame/FightingGame/Content/Developers/John/Collections/' took 0.01s
[2019.01.02-14.35.23:246][  0]LogFileCache: Scanning file cache for directory 'D:/Git/FightingGame/FightingGame/Content/Collections/' took 0.01s
[2019.01.02-14.35.23:246][  0]LogCollectionManager: Rebuilt the GUID cache for 0 collections in 0.000001 seconds
[2019.01.02-14.35.23:258][  0]LogContentBrowser: Native class hierarchy populated in 0.0117 seconds. Added 2577 classes and 605 folders.
[2019.01.02-14.35.23:266][  0]LogContentBrowser: Native class hierarchy updated for 'WidgetCarousel' in 0.0005 seconds. Added 0 classes and 0 folders.
[2019.01.02-14.35.23:330][  0]LogContentBrowser: Native class hierarchy updated for 'AddContentDialog' in 0.0003 seconds. Added 0 classes and 0 folders.
[2019.01.02-14.35.23:342][  0]LogContentBrowser: Native class hierarchy updated for 'SceneOutliner' in 0.0004 seconds. Added 1 classes and 2 folders.
[2019.01.02-14.35.23:436][  0]LogSlate: Took 0.000238 seconds to synchronously load lazily loaded font '../../../Engine/Content/Slate/Fonts/Roboto-Regular.ttf' (155K)
[2019.01.02-14.35.23:439][  0]LogSlate: Took 0.000302 seconds to synchronously load lazily loaded font '../../../Engine/Content/Slate/Fonts/Roboto-Bold.ttf' (160K)
[2019.01.02-14.35.23:445][  0]LogSlate: Took 0.000226 seconds to synchronously load lazily loaded font '../../../Engine/Content/Editor/Slate/Fonts/FontAwesome.ttf' (139K)
[2019.01.02-14.35.23:519][  0]LogRenderer: Reallocating scene render targets to support 1208x680 Format 10 NumSamples 1 (Frame:1).
[2019.01.02-14.35.23:596][  0]LogSlate: Took 0.000187 seconds to synchronously load lazily loaded font '../../../Engine/Content/Slate/Fonts/Roboto-Light.ttf' (167K)
[2019.01.02-14.35.23:703][  0]LogContentBrowser: Native class hierarchy updated for 'HierarchicalLODOutliner' in 0.0004 seconds. Added 0 classes and 0 folders.
[2019.01.02-14.35.23:704][  0]LogLoad: (Engine Initialization) Total time: 18.88 seconds
[2019.01.02-14.35.23:704][  0]LogLoad: (Engine Initialization) Total Blueprint compile time: 0.00 seconds
[2019.01.02-14.35.23:739][  0]LogContentStreaming: Texture pool size now 1000 MB
[2019.01.02-14.35.23:833][  1]LogAssetRegistry: Asset discovery search completed in 8.9650 seconds
[2019.01.02-14.35.23:835][  1]LogCollectionManager: Rebuilt the object cache for 0 collections in 0.000000 seconds (found 0 objects)
[2019.01.02-14.35.23:835][  1]LogCollectionManager: Fixed up redirectors for 0 collections in 0.000143 seconds (updated 0 objects)
[2019.01.02-14.37.43:899][899]LogSlate: FSceneViewport::OnFocusLost() reason 0
[2019.01.02-14.38.45:048][784]LogSlate: Window 'Delete Assets' being destroyed
[2019.01.02-14.38.45:071][784]LogSlate: Took 0.000238 seconds to synchronously load lazily loaded font '../../../Engine/Content/Slate/Fonts/Roboto-Light.ttf' (167K)
[2019.01.02-14.43.10:196][847]LogSlate: Window 'Pick Skeleton' being destroyed
[2019.01.02-14.43.30:132][121]LogAssetEditorManager: Opening Asset editor for BlendSpace /Game/Eve/Animations/Controllers/Eve-Walking.Eve-Walking
[2019.01.02-14.43.30:344][121]LogContentBrowser: Native class hierarchy updated for 'SkeletonEditor' in 0.0005 seconds. Added 1 classes and 2 folders.
[2019.01.02-14.43.30:819][121]LogActorComponent: RegisterComponentWithWorld: (/Engine/Transient.World_2:PersistentLevel.AnimationEditorPreviewActor_0.DebugSkelMeshComponent_0) Already registered. Aborting.
[2019.01.02-14.43.30:864][121]LogContentBrowser: Native class hierarchy updated for 'PinnedCommandList' in 0.0005 seconds. Added 1 classes and 0 folders.
[2019.01.02-14.43.31:076][121]LogSkeletalMesh: USkeletalMeshComponent::InitArticulated : Bodies already created (/Engine/Transient.World_2:PersistentLevel.AnimationEditorPreviewActor_0.DebugSkelMeshComponent_0) - call TermArticulated first.
[2019.01.02-14.43.31:782][121]LogContentBrowser: Native class hierarchy updated for 'ClothingSystemEditorInterface' in 0.0004 seconds. Added 1 classes and 0 folders.
[2019.01.02-14.43.31:815][121]LogContentBrowser: Verbose: The majority of assets in the view are of type: AnimSequence
[2019.01.02-14.45.24:008][ 24]LogFileHelpers: Editor autosave (incl. sublevels) for '/Game/StarterContent/Maps/Minimal_Default' took 0.027
[2019.01.02-14.45.24:011][ 24]OBJ SavePackage: Generating thumbnails for [1] asset(s) in package [/Game/Eve/Animations/Controllers/Eve-Walking] ([1] browsable assets)...
[2019.01.02-14.45.24:029][ 24]OBJ SavePackage:     Rendered thumbnail for [BlendSpace /Game/Eve/Animations/Controllers/Eve-Walking.Eve-Walking]
[2019.01.02-14.45.24:029][ 24]OBJ SavePackage: Finished generating thumbnails for package [/Game/Eve/Animations/Controllers/Eve-Walking]
[2019.01.02-14.45.24:047][ 24]LogSavePackage: Moving '../../../../../../Git/FightingGame/FightingGame/Saved/Eve-Walking_Auto18C0241B34692CD633DA8EBB9221BF628.tmp' to '../../../../../../Git/FightingGame/FightingGame/Saved/Autosaves/Game/Eve/Animations/Controllers/Eve-Walking_Auto1.uasset'
[2019.01.02-14.45.24:052][ 24]LogFileHelpers: Auto-saving content packages took 0.043
[2019.01.02-14.47.55:554][394]LogAssetEditorManager: Opening Asset editor for AnimSequence /Game/Eve/Animations/Run_Backwards_Anim.Run_Backwards_Anim
[2019.01.02-14.48.08:056][500]Cmd: OBJ SAVEPACKAGE PACKAGE="/Game/Eve/Animations/Run_Backwards_Anim" FILE="../../../../../../Git/FightingGame/FightingGame/Content/Eve/Animations/Run_Backwards_Anim.uasset" SILENT=true
[2019.01.02-14.48.08:075][500]LogSavePackage: Moving '../../../../../../Git/FightingGame/FightingGame/Saved/Run_Backwards_Anim4A7536BA47899051AF9345B309057C7E.tmp' to '../../../../../../Git/FightingGame/FightingGame/Content/Eve/Animations/Run_Backwards_Anim.uasset'
[2019.01.02-14.48.10:029][664]LogSlate: FSceneViewport::OnFocusLost() reason 0
[2019.01.02-14.48.10:126][673]LogSlate: Window 'Run_Backwards_Anim' being destroyed
[2019.01.02-14.48.13:329][993]LogAssetEditorManager: Opening Asset editor for BlendSpace /Game/Eve/Animations/Controllers/Eve-Walking.Eve-Walking
[2019.01.02-14.48.13:336][993]LogActorComponent: RegisterComponentWithWorld: (/Engine/Transient.World_8:PersistentLevel.AnimationEditorPreviewActor_0.DebugSkelMeshComponent_0) Already registered. Aborting.
[2019.01.02-14.48.13:387][993]LogSkeletalMesh: USkeletalMeshComponent::InitArticulated : Bodies already created (/Engine/Transient.World_8:PersistentLevel.AnimationEditorPreviewActor_0.DebugSkelMeshComponent_0) - call TermArticulated first.
[2019.01.02-14.48.13:675][993]LogContentBrowser: Verbose: The majority of assets in the view are of type: AnimSequence
[2019.01.02-14.48.26:911][418]LogSlate: FSceneViewport::OnFocusLost() reason 0
[2019.01.02-14.48.27:022][427]Cmd: OBJ SAVEPACKAGE PACKAGE="/Game/Eve/Animations/Controllers/Eve-Walking" FILE="../../../../../../Git/FightingGame/FightingGame/Content/Eve/Animations/Controllers/Eve-Walking.uasset" SILENT=true
[2019.01.02-14.48.27:043][427]LogSavePackage: Moving '../../../../../../Git/FightingGame/FightingGame/Saved/Eve-WalkingF70B9C5644FF1016576157A66852563F.tmp' to '../../../../../../Git/FightingGame/FightingGame/Content/Eve/Animations/Controllers/Eve-Walking.uasset'
[2019.01.02-14.48.27:506][468]LogSlate: Window 'Eve-Walking' being destroyed
[2019.01.02-14.48.34:348][232]LogAssetEditorManager: Opening Asset editor for AnimBlueprint /Game/Y-Bot/Animations/AnimationControllers/yBot_Anim_Controller.yBot_Anim_Controller
[2019.01.02-14.48.34:432][232]LogActorComponent: RegisterComponentWithWorld: (/Engine/Transient.World_13:PersistentLevel.AnimationEditorPreviewActor_0.DebugSkelMeshComponent_0) Already registered. Aborting.
[2019.01.02-14.48.35:051][232]LogContentBrowser: Native class hierarchy updated for 'BlueprintGraph' in 0.0007 seconds. Added 116 classes and 0 folders.
[2019.01.02-14.48.35:666][232]LogSkeletalMesh: USkeletalMeshComponent::InitArticulated : Bodies already created (/Engine/Transient.World_13:PersistentLevel.AnimationEditorPreviewActor_0.DebugSkelMeshComponent_0) - call TermArticulated first.
[2019.01.02-14.48.35:975][232]LogSlate: Took 0.007449 seconds to synchronously load lazily loaded font '../../../Engine/Content/Slate/Fonts/Roboto-BoldCondensed.ttf' (158K)
[2019.01.02-14.48.36:191][232]LogContentBrowser: Verbose: The majority of assets in the view are of type: AnimSequence
[2019.01.02-14.48.36:224][233]LogSlate: Took 0.010315 seconds to synchronously load lazily loaded font '../../../Engine/Content/Slate/Fonts/Roboto-Italic.ttf' (157K)
[2019.01.02-14.48.59:194][914]LogContentBrowser: Verbose: The majority of assets in the view are of type: Skeleton
[2019.01.02-14.49.08:814][914]LogSlate: Window 'Create Animation Blueprint' being destroyed
[2019.01.02-14.49.19:594][194]LogAssetEditorManager: Opening Asset editor for AnimBlueprint /Game/Eve/Animations/Controllers/Eve_AnimationController.Eve_AnimationController
[2019.01.02-14.49.19:605][194]LogActorComponent: RegisterComponentWithWorld: (/Engine/Transient.World_17:PersistentLevel.AnimationEditorPreviewActor_0.DebugSkelMeshComponent_0) Already registered. Aborting.
[2019.01.02-14.49.19:841][194]LogSkeletalMesh: USkeletalMeshComponent::InitArticulated : Bodies already created (/Engine/Transient.World_17:PersistentLevel.AnimationEditorPreviewActor_0.DebugSkelMeshComponent_0) - call TermArticulated first.
[2019.01.02-14.49.20:208][194]LogContentBrowser: Verbose: The majority of assets in the view are of type: AnimSequence
[2019.01.02-14.50.03:291][828]LogBlueprint: Warning: [Compiler ] Pasted node  CustomEvent   conflicted with  Event Blueprint Update Animation  and was replaced as a Custom Event!
[2019.01.02-14.50.14:178][941]LogEditorTransaction: Undo Delete current selection
[2019.01.02-14.50.14:356][941]LogActorComponent: RegisterComponentWithWorld: (/Engine/Transient.World_13:PersistentLevel.AnimationEditorPreviewActor_0.DebugSkelMeshComponent_0) Already registered. Aborting.
[2019.01.02-14.50.14:386][941]LogActorComponent: RegisterComponentWithWorld: (/Engine/Transient.World_17:PersistentLevel.AnimationEditorPreviewActor_0.DebugSkelMeshComponent_0) Already registered. Aborting.
[2019.01.02-14.50.22:851][771]LogSavePackage: Moving '../../../../../../Git/FightingGame/FightingGame/Saved/Eve_AnimationControllerEE7BAB494A9B664CF0A7159C72A78728.tmp' to '../../../../../../Git/FightingGame/FightingGame/Content/Eve/Animations/Controllers/Eve_AnimationController.uasset'
[2019.01.02-14.50.45:539][ 62]LogSlate: Took 0.009803 seconds to synchronously load lazily loaded font '../../../Engine/Content/Slate/Fonts/Roboto-BoldCondensedItalic.ttf' (160K)
[2019.01.02-14.50.51:141][176]LogSlate: Window 'Change Variable Type' being destroyed
[2019.01.02-14.50.53:549][376]LogSlate: Window 'Find in Blueprints' being destroyed
[2019.01.02-14.51.15:918][511]BlueprintLog: New page: Compile Eve_AnimationController
[2019.01.02-14.51.18:338][711]LogSavePackage: Moving '../../../../../../Git/FightingGame/FightingGame/Saved/Eve_AnimationController5D6E8FE64EB39EDFF3A35B83C2BAD591.tmp' to '../../../../../../Git/FightingGame/FightingGame/Content/Eve/Animations/Controllers/Eve_AnimationController.uasset'
[2019.01.02-14.55.24:718][999]LogFileHelpers: Editor autosave (incl. sublevels) for '/Game/StarterContent/Maps/Minimal_Default' took 0.028
[2019.01.02-14.55.24:721][999]OBJ SavePackage: Generating thumbnails for [1] asset(s) in package [/Game/Y-Bot/Animations/AnimationControllers/yBot_Anim_Controller] ([1] browsable assets)...
[2019.01.02-14.55.24:732][999]OBJ SavePackage:     Rendered thumbnail for [AnimBlueprint /Game/Y-Bot/Animations/AnimationControllers/yBot_Anim_Controller.yBot_Anim_Controller]
[2019.01.02-14.55.24:732][999]OBJ SavePackage: Finished generating thumbnails for package [/Game/Y-Bot/Animations/AnimationControllers/yBot_Anim_Controller]
[2019.01.02-14.55.24:850][999]LogSavePackage: Moving '../../../../../../Git/FightingGame/FightingGame/Saved/yBot_Anim_Controller_Auto25B9788B949452435AD5A4D888459771D.tmp' to '../../../../../../Git/FightingGame/FightingGame/Saved/Autosaves/Game/Y-Bot/Animations/AnimationControllers/yBot_Anim_Controller_Auto2.uasset'
[2019.01.02-14.55.24:872][999]OBJ SavePackage: Generating thumbnails for [1] asset(s) in package [/Game/Eve/Animations/Controllers/Eve_AnimationController] ([1] browsable assets)...
[2019.01.02-14.55.24:884][999]OBJ SavePackage:     Rendered thumbnail for [AnimBlueprint /Game/Eve/Animations/Controllers/Eve_AnimationController.Eve_AnimationController]
[2019.01.02-14.55.24:884][999]OBJ SavePackage: Finished generating thumbnails for package [/Game/Eve/Animations/Controllers/Eve_AnimationController]
[2019.01.02-14.55.24:934][999]LogSavePackage: Moving '../../../../../../Git/FightingGame/FightingGame/Saved/Eve_AnimationController_Auto28EFDCF794063FB099FCC7582D6C156EA.tmp' to '../../../../../../Git/FightingGame/FightingGame/Saved/Autosaves/Game/Eve/Animations/Controllers/Eve_AnimationController_Auto2.uasset'
[2019.01.02-14.55.24:940][999]LogFileHelpers: Auto-saving content packages took 0.221
[2019.01.02-15.03.58:831][804]LogSavePackage: Moving '../../../../../../Git/FightingGame/FightingGame/Saved/Eve_AnimationControllerF46F67234AC75C52CBDD4CACD6545DBE.tmp' to '../../../../../../Git/FightingGame/FightingGame/Content/Eve/Animations/Controllers/Eve_AnimationController.uasset'
[2019.01.02-15.04.09:383][831]LogAssetEditorManager: Opening Asset editor for AnimSequence /Game/Eve/Animations/Gunplay_Anim_mixamo_com.Gunplay_Anim_mixamo_com
[2019.01.02-15.04.09:388][831]LogActorComponent: RegisterComponentWithWorld: (/Engine/Transient.World_19:PersistentLevel.AnimationEditorPreviewActor_0.DebugSkelMeshComponent_0) Already registered. Aborting.
[2019.01.02-15.04.09:402][831]LogSkeletalMesh: USkeletalMeshComponent::InitArticulated : Bodies already created (/Engine/Transient.World_19:PersistentLevel.AnimationEditorPreviewActor_0.DebugSkelMeshComponent_0) - call TermArticulated first.
[2019.01.02-15.04.09:759][831]LogContentBrowser: Verbose: The majority of assets in the view are of type: AnimSequence
[2019.01.02-15.04.14:686][242]LogAssetEditorManager: Opening Asset editor for AnimSequence /Game/Eve/Animations/Gunplay_Anim_Take_001.Gunplay_Anim_Take_001
[2019.01.02-15.04.14:691][242]LogActorComponent: RegisterComponentWithWorld: (/Engine/Transient.World_22:PersistentLevel.AnimationEditorPreviewActor_0.DebugSkelMeshComponent_0) Already registered. Aborting.
[2019.01.02-15.04.14:716][242]LogSkeletalMesh: USkeletalMeshComponent::InitArticulated : Bodies already created (/Engine/Transient.World_22:PersistentLevel.AnimationEditorPreviewActor_0.DebugSkelMeshComponent_0) - call TermArticulated first.
[2019.01.02-15.04.15:029][242]LogContentBrowser: Verbose: The majority of assets in the view are of type: AnimSequence
[2019.01.02-15.04.19:751][605]LogAssetEditorManager: Opening Asset editor for AnimSequence /Game/Eve/Animations/Mma_Kick_Anim_mixamo_com.Mma_Kick_Anim_mixamo_com
[2019.01.02-15.04.19:758][605]LogActorComponent: RegisterComponentWithWorld: (/Engine/Transient.World_25:PersistentLevel.AnimationEditorPreviewActor_0.DebugSkelMeshComponent_0) Already registered. Aborting.
[2019.01.02-15.04.19:783][605]LogSkeletalMesh: USkeletalMeshComponent::InitArticulated : Bodies already created (/Engine/Transient.World_25:PersistentLevel.AnimationEditorPreviewActor_0.DebugSkelMeshComponent_0) - call TermArticulated first.
[2019.01.02-15.04.20:129][605]LogContentBrowser: Verbose: The majority of assets in the view are of type: AnimSequence
[2019.01.02-15.04.29:349][ 11]LogAssetEditorManager: Opening Asset editor for AnimSequence /Game/Eve/Animations/Shooting_Gun_Anim_mixamo_com.Shooting_Gun_Anim_mixamo_com
[2019.01.02-15.04.29:355][ 11]LogActorComponent: RegisterComponentWithWorld: (/Engine/Transient.World_28:PersistentLevel.AnimationEditorPreviewActor_0.DebugSkelMeshComponent_0) Already registered. Aborting.
[2019.01.02-15.04.29:383][ 11]LogSkeletalMesh: USkeletalMeshComponent::InitArticulated : Bodies already created (/Engine/Transient.World_28:PersistentLevel.AnimationEditorPreviewActor_0.DebugSkelMeshComponent_0) - call TermArticulated first.
[2019.01.02-15.04.29:738][ 11]LogContentBrowser: Verbose: The majority of assets in the view are of type: AnimSequence
[2019.01.02-15.05.03:630][747]LogAssetEditorManager: Opening Asset editor for AnimSequence /Game/Eve/Animations/Mma_Kick_Anim_mixamo_com.Mma_Kick_Anim_mixamo_com
[2019.01.02-15.05.03:635][747]LogActorComponent: RegisterComponentWithWorld: (/Engine/Transient.World_31:PersistentLevel.AnimationEditorPreviewActor_0.DebugSkelMeshComponent_0) Already registered. Aborting.
[2019.01.02-15.05.03:661][747]LogSkeletalMesh: USkeletalMeshComponent::InitArticulated : Bodies already created (/Engine/Transient.World_31:PersistentLevel.AnimationEditorPreviewActor_0.DebugSkelMeshComponent_0) - call TermArticulated first.
[2019.01.02-15.05.04:009][747]LogContentBrowser: Verbose: The majority of assets in the view are of type: AnimSequence
[2019.01.02-15.05.11:368][297]LogAssetEditorManager: Opening Asset editor for AnimSequence /Game/Eve/Animations/Kicking_Anim_mixamo_com.Kicking_Anim_mixamo_com
[2019.01.02-15.05.11:374][297]LogActorComponent: RegisterComponentWithWorld: (/Engine/Transient.World_34:PersistentLevel.AnimationEditorPreviewActor_0.DebugSkelMeshComponent_0) Already registered. Aborting.
[2019.01.02-15.05.11:400][297]LogSkeletalMesh: USkeletalMeshComponent::InitArticulated : Bodies already created (/Engine/Transient.World_34:PersistentLevel.AnimationEditorPreviewActor_0.DebugSkelMeshComponent_0) - call TermArticulated first.
[2019.01.02-15.05.11:751][297]LogContentBrowser: Verbose: The majority of assets in the view are of type: AnimSequence
[2019.01.02-15.05.15:338][581]LogSlate: FSceneViewport::OnFocusLost() reason 2
[2019.01.02-15.05.25:990][554]LogAssetEditorManager: Opening Asset editor for AnimSequence /Game/Eve/Animations/Gunplay_Anim_mixamo_com.Gunplay_Anim_mixamo_com
[2019.01.02-15.05.25:995][554]LogActorComponent: RegisterComponentWithWorld: (/Engine/Transient.World_37:PersistentLevel.AnimationEditorPreviewActor_0.DebugSkelMeshComponent_0) Already registered. Aborting.
[2019.01.02-15.05.26:020][554]LogSkeletalMesh: USkeletalMeshComponent::InitArticulated : Bodies already created (/Engine/Transient.World_37:PersistentLevel.AnimationEditorPreviewActor_0.DebugSkelMeshComponent_0) - call TermArticulated first.
[2019.01.02-15.05.26:344][554]LogContentBrowser: Verbose: The majority of assets in the view are of type: AnimSequence
[2019.01.02-15.06.44:104][152]LogSavePackage: Moving '../../../../../../Git/FightingGame/FightingGame/Saved/Eve_AnimationControllerE1DF40804CC57B679377919300171366.tmp' to '../../../../../../Git/FightingGame/FightingGame/Content/Eve/Animations/Controllers/Eve_AnimationController.uasset'
[2019.01.02-15.06.56:929][385]LogSavePackage: Moving '../../../../../../Git/FightingGame/FightingGame/Saved/Eve_AnimationControllerE74A327A40EC6173906D3D8D80FFE3AC.tmp' to '../../../../../../Git/FightingGame/FightingGame/Content/Eve/Animations/Controllers/Eve_AnimationController.uasset'
[2019.01.02-15.07.12:501][924]LogSavePackage: Moving '../../../../../../Git/FightingGame/FightingGame/Saved/Eve_AnimationController2F1C345945AF0E3E5A8CD6844809DA45.tmp' to '../../../../../../Git/FightingGame/FightingGame/Content/Eve/Animations/Controllers/Eve_AnimationController.uasset'
[2019.01.02-15.08.58:734][752]LogSavePackage: Moving '../../../../../../Git/FightingGame/FightingGame/Saved/Eve_AnimationController77AE4DFA48EBC979826745979F0C1C19.tmp' to '../../../../../../Git/FightingGame/FightingGame/Content/Eve/Animations/Controllers/Eve_AnimationController.uasset'
[2019.01.02-15.09.32:237][ 16]BlueprintLog: New page: Compile Eve_AnimationController
[2019.01.02-15.09.32:261][ 16]LogBlueprint: Warning: [Compiler Eve_AnimationController] AttackingType  will never be taken, please connect something to  Can Enter Transition
[2019.01.02-15.09.32:433][ 16]LogBlueprint: Warning: [Compiler Eve_AnimationController] [2067.61] Compile of Eve_AnimationController successful, but with 1 Warning(s) [in 196 ms] (/Game/Eve/Animations/Controllers/Eve_AnimationController.Eve_AnimationController)
[2019.01.02-15.09.35:319][255]LogSelectionDetails: Warning: NavigateToFunctionSource:  Found symbols for [UKismetMathLibrary::GreaterEqual_FloatFloat] - File [d:\build\++ue4\sync\engine\source\runtime\engine\classes\kismet\kismetmathlibrary.inl], Line [365], Column [0]
[2019.01.02-15.09.35:380][255]LogVSAccessor: Warning: Couldn't access Visual Studio
[2019.01.02-15.09.35:387][255]LogVSAccessor: Warning: Couldn't access module table
[2019.01.02-15.09.35:387][255]LogVSAccessor: Warning: Couldn't access module table
[2019.01.02-15.09.35:387][255]LogVSAccessor: Warning: Couldn't access module table
[2019.01.02-15.09.35:388][255]LogVSAccessor: Warning: Couldn't access module table
[2019.01.02-15.09.35:388][255]LogVSAccessor: Warning: Couldn't access module table
[2019.01.02-15.09.35:388][255]LogVSAccessor: Warning: Couldn't access module table
[2019.01.02-15.09.35:388][255]LogVSAccessor: Warning: Couldn't access module table
[2019.01.02-15.09.35:389][255]LogVSAccessor: Warning: Couldn't access module table
[2019.01.02-15.09.35:389][255]LogVSAccessor: Warning: Couldn't access module table
[2019.01.02-15.09.35:389][255]LogVSAccessor: Warning: Couldn't access module table
[2019.01.02-15.09.35:389][255]LogVSAccessor: Warning: Couldn't access module table
[2019.01.02-15.09.35:390][255]LogVSAccessor: Warning: Couldn't access module table
[2019.01.02-15.09.35:390][255]LogVSAccessor: Warning: Couldn't access module table
[2019.01.02-15.09.35:390][255]LogVSAccessor: Warning: Couldn't access module table
[2019.01.02-15.09.35:390][255]LogVSAccessor: Warning: Couldn't access module table
[2019.01.02-15.09.35:390][255]LogVSAccessor: Warning: Couldn't access module table
[2019.01.02-15.09.35:391][255]LogVSAccessor: Warning: Couldn't access module table
[2019.01.02-15.09.35:391][255]LogVSAccessor: Warning: Couldn't access module table
[2019.01.02-15.09.35:391][255]LogVSAccessor: Warning: Couldn't access module table
[2019.01.02-15.09.35:391][255]LogVSAccessor: Warning: Couldn't access module table
[2019.01.02-15.09.35:392][255]LogVSAccessor: Warning: Couldn't access module table
[2019.01.02-15.09.35:392][255]LogVSAccessor: Warning: Couldn't access module table
[2019.01.02-15.09.35:392][255]LogVSAccessor: Warning: Couldn't access module table
[2019.01.02-15.09.35:392][255]LogVSAccessor: Warning: Couldn't access module table
[2019.01.02-15.09.35:393][255]LogVSAccessor: Warning: Couldn't access module table
[2019.01.02-15.09.35:393][255]LogVSAccessor: Warning: Couldn't access module table
[2019.01.02-15.09.35:393][255]LogVSAccessor: Warning: Couldn't access module table
[2019.01.02-15.09.35:394][255]LogVSAccessor: Warning: Couldn't access module table
[2019.01.02-15.09.35:394][255]LogVSAccessor: Warning: Couldn't access module table
[2019.01.02-15.09.35:396][255]LogVSAccessor: Warning: Couldn't access module table
[2019.01.02-15.09.35:396][255]LogVSAccessor: Warning: Couldn't access module table
[2019.01.02-15.09.35:397][255]LogVSAccessor: Warning: Couldn't access module table
[2019.01.02-15.09.35:397][255]LogVSAccessor: Warning: Couldn't access module table
[2019.01.02-15.09.35:397][255]LogVSAccessor: Warning: Couldn't access module table
[2019.01.02-15.09.35:397][255]LogVSAccessor: Warning: Couldn't access module table
[2019.01.02-15.09.35:397][255]LogVSAccessor: Warning: Couldn't access module table
[2019.01.02-15.09.35:398][255]LogVSAccessor: Warning: Couldn't access module table
[2019.01.02-15.09.35:398][255]LogVSAccessor: Warning: Couldn't access module table
[2019.01.02-15.09.35:398][255]LogVSAccessor: Warning: Couldn't access module table
[2019.01.02-15.09.35:398][255]LogVSAccessor: Warning: Couldn't access module table
[2019.01.02-15.09.35:399][255]LogVSAccessor: Warning: Couldn't access module table
[2019.01.02-15.09.35:399][255]LogVSAccessor: Warning: Couldn't access module table
[2019.01.02-15.09.35:399][255]LogVSAccessor: Warning: Couldn't access module table
[2019.01.02-15.09.35:399][255]LogVSAccessor: Warning: Couldn't access module table
[2019.01.02-15.09.35:399][255]LogVSAccessor: Warning: Couldn't access module table
[2019.01.02-15.09.35:400][255]LogVSAccessor: Warning: Couldn't access module table
[2019.01.02-15.09.35:400][255]LogVSAccessor: Warning: Couldn't access module table
[2019.01.02-15.09.35:400][255]LogVSAccessor: Warning: Couldn't access module table
[2019.01.02-15.09.35:400][255]LogVSAccessor: Warning: Couldn't access module table
[2019.01.02-15.09.35:400][255]LogVSAccessor: Warning: Couldn't access module table
[2019.01.02-15.09.35:401][255]LogVSAccessor: Warning: Couldn't access module table
[2019.01.02-15.09.35:401][255]LogVSAccessor: Warning: Couldn't access module table
[2019.01.02-15.09.35:401][255]LogVSAccessor: Warning: Couldn't access module table
[2019.01.02-15.09.35:401][255]LogVSAccessor: Warning: Couldn't access module table
[2019.01.02-15.09.35:402][255]LogVSAccessor: Warning: Couldn't access module table
[2019.01.02-15.09.35:402][255]LogVSAccessor: Warning: Couldn't access module table
[2019.01.02-15.09.35:402][255]LogVSAccessor: Warning: Couldn't access module table
[2019.01.02-15.09.35:402][255]LogVSAccessor: Warning: Couldn't access module table
[2019.01.02-15.09.35:403][255]LogVSAccessor: Warning: Couldn't access module table
[2019.01.02-15.09.35:403][255]LogVSAccessor: Warning: Couldn't access module table
[2019.01.02-15.09.35:403][255]LogVSAccessor: Warning: Couldn't access module table
[2019.01.02-15.09.35:403][255]LogVSAccessor: Warning: Couldn't access module table
[2019.01.02-15.09.35:404][255]LogVSAccessor: Warning: Couldn't access module table
[2019.01.02-15.09.35:404][255]LogVSAccessor: Warning: Couldn't access module table
[2019.01.02-15.09.35:404][255]LogVSAccessor: Warning: Couldn't access module table
[2019.01.02-15.09.35:404][255]LogVSAccessor: Warning: Couldn't access module table
[2019.01.02-15.09.35:405][255]LogVSAccessor: Warning: Couldn't access module table
[2019.01.02-15.09.35:405][255]LogVSAccessor: Warning: Couldn't access module table
[2019.01.02-15.09.35:405][255]LogVSAccessor: Warning: Couldn't access module table
[2019.01.02-15.09.35:405][255]LogVSAccessor: Warning: Couldn't access module table
[2019.01.02-15.09.35:405][255]LogVSAccessor: Warning: Couldn't access module table
[2019.01.02-15.09.35:406][255]LogVSAccessor: Warning: Couldn't access module table
[2019.01.02-15.09.35:406][255]LogVSAccessor: Warning: Couldn't access module table
[2019.01.02-15.09.35:406][255]LogVSAccessor: Warning: Couldn't access module table
[2019.01.02-15.09.35:406][255]LogVSAccessor: Warning: Couldn't access module table
[2019.01.02-15.09.35:407][255]LogVSAccessor: Warning: Couldn't access module table
[2019.01.02-15.09.35:407][255]LogVSAccessor: Warning: Couldn't access module table
[2019.01.02-15.09.35:407][255]LogVSAccessor: Warning: Couldn't access module table
[2019.01.02-15.09.35:407][255]LogVSAccessor: Warning: Couldn't access module table
[2019.01.02-15.09.35:407][255]LogVSAccessor: Warning: Couldn't access module table
[2019.01.02-15.09.35:408][255]LogVSAccessor: Warning: Couldn't access module table
[2019.01.02-15.09.35:408][255]LogVSAccessor: Warning: Couldn't access module table
[2019.01.02-15.09.35:408][255]LogVSAccessor: Warning: Couldn't access module table
[2019.01.02-15.09.35:408][255]LogVSAccessor: Warning: Couldn't access module table
[2019.01.02-15.09.35:408][255]LogVSAccessor: Warning: Couldn't access module table
[2019.01.02-15.09.35:409][255]LogVSAccessor: Warning: Couldn't access module table
[2019.01.02-15.09.35:409][255]LogVSAccessor: Warning: Couldn't access module table
[2019.01.02-15.09.35:409][255]LogVSAccessor: Warning: Couldn't access module table
[2019.01.02-15.09.35:409][255]LogVSAccessor: Warning: Couldn't access module table
[2019.01.02-15.09.35:409][255]LogVSAccessor: Warning: Couldn't access module table
[2019.01.02-15.09.35:410][255]LogVSAccessor: Warning: Couldn't access module table
[2019.01.02-15.09.35:410][255]LogVSAccessor: Warning: Couldn't access module table
[2019.01.02-15.09.35:410][255]LogVSAccessor: Warning: Couldn't access module table
[2019.01.02-15.09.35:410][255]LogVSAccessor: Warning: Couldn't access module table
[2019.01.02-15.09.35:411][255]LogVSAccessor: Warning: Couldn't access module table
[2019.01.02-15.09.35:411][255]LogVSAccessor: Warning: Couldn't access module table
[2019.01.02-15.09.35:411][255]LogVSAccessor: Warning: Couldn't access module table
[2019.01.02-15.09.35:411][255]LogVSAccessor: Warning: Couldn't access module table
[2019.01.02-15.09.35:411][255]LogVSAccessor: Warning: Couldn't access module table
[2019.01.02-15.09.35:412][255]LogVSAccessor: Warning: Couldn't access module table
[2019.01.02-15.09.35:412][255]LogVSAccessor: Warning: Couldn't access module table
[2019.01.02-15.09.35:412][255]LogVSAccessor: Warning: Couldn't access module table
[2019.01.02-15.09.35:412][255]LogVSAccessor: Warning: Couldn't access module table
[2019.01.02-15.09.35:412][255]LogVSAccessor: Warning: Couldn't access module table
[2019.01.02-15.09.35:413][255]LogVSAccessor: Warning: Couldn't access module table
[2019.01.02-15.09.35:413][255]LogVSAccessor: Warning: Couldn't access module table
[2019.01.02-15.09.35:413][255]LogVSAccessor: Warning: Couldn't access module table
[2019.01.02-15.09.35:413][255]LogVSAccessor: Warning: Couldn't access module table
[2019.01.02-15.09.35:414][255]LogVSAccessor: Warning: Couldn't access module table
[2019.01.02-15.09.35:414][255]LogVSAccessor: Warning: Couldn't access module table
[2019.01.02-15.09.35:414][255]LogVSAccessor: Warning: Couldn't access module table
[2019.01.02-15.09.35:414][255]LogVSAccessor: Warning: Couldn't access module table
[2019.01.02-15.09.35:414][255]LogVSAccessor: Warning: Couldn't access module table
[2019.01.02-15.09.35:415][255]LogVSAccessor: Warning: Couldn't access module table
[2019.01.02-15.09.35:415][255]LogVSAccessor: Warning: Couldn't access module table
[2019.01.02-15.09.35:415][255]LogVSAccessor: Warning: Couldn't access module table
[2019.01.02-15.09.35:465][255]LogVSAccessor: Warning: Couldn't access module table
[2019.01.02-15.09.35:620][255]LogVSAccessor: Warning: Couldn't access module table
[2019.01.02-15.09.35:620][255]LogVSAccessor: Warning: Couldn't access module table
[2019.01.02-15.09.35:629][255]LogVSAccessor: Warning: Couldn't access module table
[2019.01.02-15.09.35:630][255]LogVSAccessor: Warning: Couldn't access module table
[2019.01.02-15.09.35:659][255]LogVSAccessor: Warning: Couldn't access module table
[2019.01.02-15.09.35:659][255]LogVSAccessor: Warning: Couldn't access module table
[2019.01.02-15.09.35:678][255]LogVSAccessor: Warning: Couldn't access module table
[2019.01.02-15.10.07:190][805]BlueprintLog: New page: Compile Eve_AnimationController
[2019.01.02-15.11.29:182][169]LogSavePackage: Moving '../../../../../../Git/FightingGame/FightingGame/Saved/Eve_AnimationController6624196F41AD6D3FAEC594BCE768C4C4.tmp' to '../../../../../../Git/FightingGame/FightingGame/Content/Eve/Animations/Controllers/Eve_AnimationController.uasset'
[2019.01.02-15.11.37:276][972]LogSavePackage: Moving '../../../../../../Git/FightingGame/FightingGame/Saved/Eve_AnimationController96A155AA4D9CF25EE7B5D1A98C440F9F.tmp' to '../../../../../../Git/FightingGame/FightingGame/Content/Eve/Animations/Controllers/Eve_AnimationController.uasset'
[2019.01.02-15.11.38:705][107]BlueprintLog: New page: Compile Eve_AnimationController
[2019.01.02-15.12.28:999][218]BlueprintLog: New page: Compile yBot_Anim_Controller
[2019.01.02-15.12.30:473][328]LogSavePackage: Moving '../../../../../../Git/FightingGame/FightingGame/Saved/yBot_Anim_Controller5FDBBCBA493217E255A4FEB9D7E3FC2E.tmp' to '../../../../../../Git/FightingGame/FightingGame/Content/Y-Bot/Animations/AnimationControllers/yBot_Anim_Controller.uasset'
[2019.01.02-15.12.32:652][491]LogSavePackage: Moving '../../../../../../Git/FightingGame/FightingGame/Saved/Eve_AnimationControllerD2AB8B6F4510D3DB5A66BAA1A6B76AE3.tmp' to '../../../../../../Git/FightingGame/FightingGame/Content/Eve/Animations/Controllers/Eve_AnimationController.uasset'
[2019.01.02-15.12.33:488][558]BlueprintLog: New page: Compile Eve_AnimationController
[2019.01.02-15.12.38:536][ 42]LogSlate: Window 'Eve_AnimationController' being destroyed
[2019.01.02-15.12.46:859][948]LogAssetEditorManager: Opening Asset editor for Skeleton /Game/Eve/eve_j_gonzales_Skeleton.eve_j_gonzales_Skeleton
[2019.01.02-15.12.46:874][948]LogActorComponent: RegisterComponentWithWorld: (/Engine/Transient.World_40:PersistentLevel.AnimationEditorPreviewActor_0.DebugSkelMeshComponent_0) Already registered. Aborting.
[2019.01.02-15.12.46:925][948]LogSkeletalMesh: USkeletalMeshComponent::InitArticulated : Bodies already created (/Engine/Transient.World_40:PersistentLevel.AnimationEditorPreviewActor_0.DebugSkelMeshComponent_0) - call TermArticulated first.
[2019.01.02-15.12.47:271][948]LogRenderer: Reallocating scene render targets to support 1208x928 Format 10 NumSamples 1 (Frame:1).
[2019.01.02-15.13.11:824][544]LogSlate: FSceneViewport::OnFocusLost() reason 0
[2019.01.02-15.13.39:919][640]LogSlate: FSceneViewport::OnFocusLost() reason 2
[2019.01.02-15.13.50:570][751]LogSlate: FSceneViewport::OnFocusLost() reason 0
[2019.01.02-15.13.53:454][ 23]LogSlate: FSceneViewport::OnFocusLost() reason 0
[2019.01.02-15.14.17:877][875]LogFactory: FactoryCreateFile: StaticMesh with FbxFactory (0 0 D:\Projects\TGP-Pairs\Eve\Colt_Python.FBX)
[2019.01.02-15.14.18:065][875]LogFbx: Loading FBX Scene from D:\Projects\TGP-Pairs\Eve\Colt_Python.FBX
[2019.01.02-15.14.18:098][875]LogFbx: FBX Scene Loaded Succesfully
[2019.01.02-15.14.21:207][875]LogSlate: Window 'FBX Import Options' being destroyed
[2019.01.02-15.14.21:483][875]LogLinker: Can't find file '/Game/Eve/diffuse'
[2019.01.02-15.14.21:483][875]LogLinker: Can't find file '/Game/Eve/diffuse'
[2019.01.02-15.14.21:483][875]LogFbxMaterialImport: Warning: Unable to find Texture file diffuse.tga
[2019.01.02-15.14.21:484][875]LogLinker: Can't find file '/Game/Eve/specular'
[2019.01.02-15.14.21:484][875]LogLinker: Can't find file '/Game/Eve/specular'
[2019.01.02-15.14.21:485][875]LogFbxMaterialImport: Warning: Unable to find Texture file specular.tga
[2019.01.02-15.14.21:485][875]LogLinker: Can't find file '/Game/Eve/gloss'
[2019.01.02-15.14.21:486][875]LogLinker: Can't find file '/Game/Eve/gloss'
[2019.01.02-15.14.21:486][875]LogFbxMaterialImport: Warning: Unable to find Texture file gloss.tga
[2019.01.02-15.14.21:486][875]LogLinker: Can't find file '/Game/Eve/normal'
[2019.01.02-15.14.21:487][875]LogLinker: Can't find file '/Game/Eve/normal'
[2019.01.02-15.14.21:487][875]LogFbxMaterialImport: Warning: Unable to find Texture file normal.tga
[2019.01.02-15.14.21:491][875]LogMaterial: Display: Missing cached shader map for material Colt_Python1, compiling. 
[2019.01.02-15.14.21:594][875]LogShaderCompilers: Display: Shaders left to compile 22
[2019.01.02-15.14.21:594][875]LogShaderCompilers: Display: Shaders left to compile 12
[2019.01.02-15.14.21:594][875]LogShaderCompilers: Display: Shaders left to compile 2
[2019.01.02-15.14.21:627][875]LogStaticMesh: Building static mesh Colt_Python...
[2019.01.02-15.14.21:752][875]LogStaticMesh: Built static mesh [0.13s] /Game/Eve/Colt_Python.Colt_Python
[2019.01.02-15.14.21:930][875]FBXImport: Warning: No smoothing group information was found in this FBX scene.  Please make sure to enable the 'Export Smoothing Groups' option in the FBX Exporter plug-in before exporting the file.  Even for tools that don't support smoothing groups, the FBX Exporter will generate appropriate smoothing data at export-time so that correct vertex normals can be inferred while importing. 
[2019.01.02-15.14.25:167][159]LogAssetEditorManager: Opening Asset editor for StaticMesh /Game/Eve/Colt_Python.Colt_Python
[2019.01.02-15.14.25:893][160]LogRenderer: Reallocating scene render targets to support 1432x964 Format 10 NumSamples 1 (Frame:1).
[2019.01.02-15.14.48:521][756]LogSlate: FSceneViewport::OnFocusLost() reason 0
[2019.01.02-15.14.52:502][ 74]LogAssetEditorManager: Opening Asset editor for Material /Game/Eve/Colt_Python1.Colt_Python1
[2019.01.02-15.14.52:533][ 74]LogMaterial: Display: Missing cached shader map for material Colt_Python1, compiling. 
[2019.01.02-15.14.52:998][ 74]LogMaterial: Display: Missing cached shader map for material Colt_Python1, compiling. 
[2019.01.02-15.14.53:027][ 74]LogShaderCompilers: Display: Shaders left to compile 21
[2019.01.02-15.14.53:027][ 74]LogShaderCompilers: Display: Shaders left to compile 20
[2019.01.02-15.14.53:027][ 74]LogShaderCompilers: Display: Shaders left to compile 19
[2019.01.02-15.14.53:027][ 74]LogShaderCompilers: Display: Shaders left to compile 18
[2019.01.02-15.14.53:030][ 74]LogMaterial: Display: Missing cached shader map for material Colt_Python1, compiling. 
[2019.01.02-15.14.53:084][ 74]LogMaterial: Display: Missing cached shader map for material FMatExpressionPreview MaterialExpressionVectorParameter_0, compiling. 
[2019.01.02-15.14.53:753][ 93]LogShaderCompilers: Display: Shaders left to compile 23
[2019.01.02-15.14.53:817][ 96]LogShaderCompilers: Display: Shaders left to compile 22
[2019.01.02-15.14.53:817][ 96]LogShaderCompilers: Display: Shaders left to compile 21
[2019.01.02-15.14.53:835][ 97]LogShaderCompilers: Display: Shaders left to compile 20
[2019.01.02-15.14.54:068][112]LogShaderCompilers: Display: Shaders left to compile 19
[2019.01.02-15.14.54:081][113]LogShaderCompilers: Display: Shaders left to compile 18
[2019.01.02-15.14.54:108][115]LogShaderCompilers: Display: Shaders left to compile 17
[2019.01.02-15.14.54:119][116]LogShaderCompilers: Display: Shaders left to compile 16
[2019.01.02-15.14.54:348][131]LogShaderCompilers: Display: Shaders left to compile 15
[2019.01.02-15.14.54:349][131]LogShaderCompilers: Display: Shaders left to compile 14
[2019.01.02-15.14.54:363][132]LogShaderCompilers: Display: Shaders left to compile 13
[2019.01.02-15.14.54:403][135]LogShaderCompilers: Display: Shaders left to compile 12
[2019.01.02-15.14.54:580][148]LogShaderCompilers: Display: Shaders left to compile 11
[2019.01.02-15.14.54:680][154]LogShaderCompilers: Display: Shaders left to compile 10
[2019.01.02-15.14.54:899][169]LogShaderCompilers: Display: Shaders left to compile 9
[2019.01.02-15.14.54:910][170]LogShaderCompilers: Display: Shaders left to compile 8
[2019.01.02-15.14.55:049][182]LogShaderCompilers: Display: Shaders left to compile 7
[2019.01.02-15.14.55:242][195]LogShaderCompilers: Display: Shaders left to compile 6
[2019.01.02-15.14.55:243][195]LogShaderCompilers: Display: Shaders left to compile 5
[2019.01.02-15.14.55:518][213]LogShaderCompilers: Display: Shaders left to compile 4
[2019.01.02-15.14.55:588][219]LogShaderCompilers: Display: Shaders left to compile 3
[2019.01.02-15.14.55:680][226]LogShaderCompilers: Display: Shaders left to compile 2
[2019.01.02-15.14.55:773][234]LogShaderCompilers: Display: Shaders left to compile 1
[2019.01.02-15.14.55:981][248]MaterialEditorStats: Base pass shader: 101 instructions
[2019.01.02-15.14.55:981][248]MaterialEditorStats: Base pass shader with Volumetric Lightmap: 174 instructions
[2019.01.02-15.14.55:982][248]MaterialEditorStats: Base pass vertex shader: 32 instructions
[2019.01.02-15.14.55:982][248]MaterialEditorStats: Texture samplers: 3/16
[2019.01.02-15.15.11:597][867]LogMaterial: Display: Missing cached shader map for material Colt_Python1, compiling. 
[2019.01.02-15.15.11:618][867]LogShaderCompilers: Display: Shaders left to compile 21
[2019.01.02-15.15.11:618][867]LogShaderCompilers: Display: Shaders left to compile 20
[2019.01.02-15.15.11:618][867]LogShaderCompilers: Display: Shaders left to compile 19
[2019.01.02-15.15.11:618][867]LogShaderCompilers: Display: Shaders left to compile 18
[2019.01.02-15.15.11:648][867]LogMaterial: Display: Missing cached shader map for material Colt_Python1, compiling. 
[2019.01.02-15.15.11:838][879]LogShaderCompilers: Display: Shaders left to compile 21
[2019.01.02-15.15.11:881][882]LogShaderCompilers: Display: Shaders left to compile 20
[2019.01.02-15.15.11:895][883]LogShaderCompilers: Display: Shaders left to compile 19
[2019.01.02-15.15.11:907][884]LogShaderCompilers: Display: Shaders left to compile 18
[2019.01.02-15.15.12:119][899]LogShaderCompilers: Display: Shaders left to compile 17
[2019.01.02-15.15.12:132][900]LogShaderCompilers: Display: Shaders left to compile 16
[2019.01.02-15.15.12:169][900]LogShaderCompilers: Display: Shaders left to compile 15
[2019.01.02-15.15.12:169][900]LogShaderCompilers: Display: Shaders left to compile 14
[2019.01.02-15.15.12:172][900]LogMaterial: Display: Missing cached shader map for material Colt_Python1, compiling. 
[2019.01.02-15.15.12:262][901]LogMaterial: Display: Missing cached shader map for material Colt_Python1, compiling. 
[2019.01.02-15.15.12:301][901]LogShaderCompilers: Display: Shaders left to compile 21
[2019.01.02-15.15.12:301][901]LogShaderCompilers: Display: Shaders left to compile 20
[2019.01.02-15.15.12:314][901]LogShaderCompilers: Display: Shaders left to compile 19
[2019.01.02-15.15.12:318][901]LogMaterial: Display: Missing cached shader map for material Colt_Python1, compiling. 
[2019.01.02-15.15.12:333][901]LogShaderCompilers: Display: Shaders left to compile 21
[2019.01.02-15.15.12:372][901]LogMaterial: Display: Missing cached shader map for material Colt_Python1, compiling. 
[2019.01.02-15.15.12:422][901]LogMaterial: Display: Missing cached shader map for material Colt_Python1, compiling. 
[2019.01.02-15.15.12:537][907]LogShaderCompilers: Display: Shaders left to compile 21
[2019.01.02-15.15.12:551][907]LogShaderCompilers: Display: Shaders left to compile 20
[2019.01.02-15.15.12:551][907]LogShaderCompilers: Display: Shaders left to compile 19
[2019.01.02-15.15.12:554][907]LogMaterial: Display: Missing cached shader map for material Colt_Python1, compiling. 
[2019.01.02-15.15.12:570][907]LogShaderCompilers: Display: Shaders left to compile 21
[2019.01.02-15.15.12:606][907]LogMaterial: Display: Missing cached shader map for material Colt_Python1, compiling. 
[2019.01.02-15.15.12:660][907]LogMaterial: Display: Missing cached shader map for material Colt_Python1, compiling. 
[2019.01.02-15.15.12:788][913]LogMaterial: Display: Missing cached shader map for material Colt_Python1, compiling. 
[2019.01.02-15.15.12:815][913]LogShaderCompilers: Display: Shaders left to compile 21
[2019.01.02-15.15.12:815][913]LogShaderCompilers: Display: Shaders left to compile 20
[2019.01.02-15.15.12:815][913]LogShaderCompilers: Display: Shaders left to compile 19
[2019.01.02-15.15.12:828][913]LogShaderCompilers: Display: Shaders left to compile 18
[2019.01.02-15.15.12:830][913]LogMaterial: Display: Missing cached shader map for material Colt_Python1, compiling. 
[2019.01.02-15.15.12:883][913]LogMaterial: Display: Missing cached shader map for material Colt_Python1, compiling. 
[2019.01.02-15.15.12:903][913]LogMaterial: Display: Missing cached shader map for material Colt_Python1, compiling. 
[2019.01.02-15.15.12:953][913]LogMaterial: Display: Missing cached shader map for material Colt_Python1, compiling. 
[2019.01.02-15.15.13:005][915]LogShaderCompilers: Display: Shaders left to compile 21
[2019.01.02-15.15.13:074][919]LogShaderCompilers: Display: Shaders left to compile 20
[2019.01.02-15.15.13:074][919]LogShaderCompilers: Display: Shaders left to compile 19
[2019.01.02-15.15.13:075][919]LogShaderCompilers: Display: Shaders left to compile 18
[2019.01.02-15.15.13:216][926]LogMaterial: Display: Missing cached shader map for material Colt_Python1, compiling. 
[2019.01.02-15.15.13:268][926]LogShaderCompilers: Display: Shaders left to compile 21
[2019.01.02-15.15.13:270][926]LogMaterial: Display: Missing cached shader map for material Colt_Python1, compiling. 
[2019.01.02-15.15.13:291][926]LogShaderCompilers: Display: Shaders left to compile 21
[2019.01.02-15.15.13:308][926]LogShaderCompilers: Display: Shaders left to compile 20
[2019.01.02-15.15.13:308][926]LogShaderCompilers: Display: Shaders left to compile 19
[2019.01.02-15.15.13:323][926]LogMaterial: Display: Missing cached shader map for material Colt_Python1, compiling. 
[2019.01.02-15.15.13:369][926]LogMaterial: Display: Missing cached shader map for material Colt_Python1, compiling. 
[2019.01.02-15.15.13:426][926]LogMaterial: Display: Missing cached shader map for material Colt_Python1, compiling. 
[2019.01.02-15.15.13:486][926]LogMaterial: Display: Missing cached shader map for material Colt_Python1, compiling. 
[2019.01.02-15.15.13:499][926]LogShaderCompilers: Display: Shaders left to compile 21
[2019.01.02-15.15.13:510][926]LogShaderCompilers: Display: Shaders left to compile 20
[2019.01.02-15.15.13:525][926]LogShaderCompilers: Display: Shaders left to compile 19
[2019.01.02-15.15.13:525][926]LogShaderCompilers: Display: Shaders left to compile 18
[2019.01.02-15.15.13:546][926]LogMaterial: Display: Missing cached shader map for material Colt_Python1, compiling. 
[2019.01.02-15.15.13:604][926]LogMaterial: Display: Missing cached shader map for material Colt_Python1, compiling. 
[2019.01.02-15.15.13:664][926]LogMaterial: Display: Missing cached shader map for material Colt_Python1, compiling. 
[2019.01.02-15.15.13:718][926]LogMaterial: Display: Missing cached shader map for material Colt_Python1, compiling. 
[2019.01.02-15.15.13:749][927]LogShaderCompilers: Display: Shaders left to compile 21
[2019.01.02-15.15.13:755][927]LogShaderCompilers: Display: Shaders left to compile 20
[2019.01.02-15.15.13:770][927]LogShaderCompilers: Display: Shaders left to compile 19
[2019.01.02-15.15.13:770][927]LogShaderCompilers: Display: Shaders left to compile 18
[2019.01.02-15.15.13:786][927]LogMaterial: Display: Missing cached shader map for material Colt_Python1, compiling. 
[2019.01.02-15.15.13:840][927]LogMaterial: Display: Missing cached shader map for material Colt_Python1, compiling. 
[2019.01.02-15.15.13:896][927]LogMaterial: Display: Missing cached shader map for material Colt_Python1, compiling. 
[2019.01.02-15.15.13:945][927]LogShaderCompilers: Display: Shaders left to compile 21
[2019.01.02-15.15.13:948][927]LogMaterial: Display: Missing cached shader map for material Colt_Python1, compiling. 
[2019.01.02-15.15.13:962][927]LogShaderCompilers: Display: Shaders left to compile 21
[2019.01.02-15.15.13:965][927]LogMaterial: Display: Missing cached shader map for material Colt_Python1, compiling. 
[2019.01.02-15.15.13:979][927]LogShaderCompilers: Display: Shaders left to compile 21
[2019.01.02-15.15.13:979][927]LogShaderCompilers: Display: Shaders left to compile 20
[2019.01.02-15.15.14:014][927]LogMaterial: Display: Missing cached shader map for material Colt_Python1, compiling. 
[2019.01.02-15.15.14:210][939]LogShaderCompilers: Display: Shaders left to compile 21
[2019.01.02-15.15.14:255][942]LogShaderCompilers: Display: Shaders left to compile 20
[2019.01.02-15.15.14:255][942]LogShaderCompilers: Display: Shaders left to compile 19
[2019.01.02-15.15.14:301][945]LogShaderCompilers: Display: Shaders left to compile 18
[2019.01.02-15.15.14:571][965]LogShaderCompilers: Display: Shaders left to compile 17
[2019.01.02-15.15.14:571][965]LogShaderCompilers: Display: Shaders left to compile 16
[2019.01.02-15.15.14:572][965]LogShaderCompilers: Display: Shaders left to compile 15
[2019.01.02-15.15.14:588][966]LogShaderCompilers: Display: Shaders left to compile 14
[2019.01.02-15.15.14:639][967]LogMaterial: Display: Missing cached shader map for material Colt_Python1, compiling. 
[2019.01.02-15.15.14:722][971]LogShaderCompilers: Display: Shaders left to compile 21
[2019.01.02-15.15.14:747][973]LogShaderCompilers: Display: Shaders left to compile 20
[2019.01.02-15.15.14:759][974]LogShaderCompilers: Display: Shaders left to compile 19
[2019.01.02-15.15.14:769][975]LogShaderCompilers: Display: Shaders left to compile 18
[2019.01.02-15.15.14:864][980]LogMaterial: Display: Missing cached shader map for material Colt_Python1, compiling. 
[2019.01.02-15.15.14:926][980]LogMaterial: Display: Missing cached shader map for material Colt_Python1, compiling. 
[2019.01.02-15.15.14:946][980]LogShaderCompilers: Display: Shaders left to compile 21
[2019.01.02-15.15.14:946][980]LogShaderCompilers: Display: Shaders left to compile 20
[2019.01.02-15.15.14:973][980]LogShaderCompilers: Display: Shaders left to compile 19
[2019.01.02-15.15.14:973][980]LogShaderCompilers: Display: Shaders left to compile 18
[2019.01.02-15.15.14:977][980]LogMaterial: Display: Missing cached shader map for material Colt_Python1, compiling. 
[2019.01.02-15.15.14:995][980]LogMaterial: Display: Missing cached shader map for material Colt_Python1, compiling. 
[2019.01.02-15.15.15:049][980]LogMaterial: Display: Missing cached shader map for material Colt_Python1, compiling. 
[2019.01.02-15.15.15:193][988]LogShaderCompilers: Display: Shaders left to compile 21
[2019.01.02-15.15.15:193][988]LogShaderCompilers: Display: Shaders left to compile 20
[2019.01.02-15.15.15:213][989]LogShaderCompilers: Display: Shaders left to compile 19
[2019.01.02-15.15.15:228][990]LogShaderCompilers: Display: Shaders left to compile 18
[2019.01.02-15.15.15:438][  4]LogShaderCompilers: Display: Shaders left to compile 17
[2019.01.02-15.15.15:493][  8]LogShaderCompilers: Display: Shaders left to compile 16
[2019.01.02-15.15.15:509][  9]LogShaderCompilers: Display: Shaders left to compile 15
[2019.01.02-15.15.15:509][  9]LogShaderCompilers: Display: Shaders left to compile 14
[2019.01.02-15.15.15:650][ 19]LogShaderCompilers: Display: Shaders left to compile 13
[2019.01.02-15.15.15:669][ 19]LogShaderCompilers: Display: Shaders left to compile 12
[2019.01.02-15.15.15:685][ 19]LogMaterial: Display: Missing cached shader map for material Colt_Python1, compiling. 
[2019.01.02-15.15.15:697][ 19]LogShaderCompilers: Display: Shaders left to compile 21
[2019.01.02-15.15.15:710][ 20]LogShaderCompilers: Display: Shaders left to compile 20
[2019.01.02-15.15.15:806][ 29]LogShaderCompilers: Display: Shaders left to compile 19
[2019.01.02-15.15.15:844][ 29]LogMaterial: Display: Missing cached shader map for material Colt_Python1, compiling. 
[2019.01.02-15.15.15:897][ 29]LogMaterial: Display: Missing cached shader map for material Colt_Python1, compiling. 
[2019.01.02-15.15.15:921][ 29]LogMaterial: Display: Missing cached shader map for material Colt_Python1, compiling. 
[2019.01.02-15.15.15:934][ 29]LogShaderCompilers: Display: Shaders left to compile 21
[2019.01.02-15.15.15:935][ 29]LogShaderCompilers: Display: Shaders left to compile 20
[2019.01.02-15.15.15:970][ 29]LogMaterial: Display: Missing cached shader map for material Colt_Python1, compiling. 
[2019.01.02-15.15.16:012][ 31]LogShaderCompilers: Display: Shaders left to compile 21
[2019.01.02-15.15.16:037][ 33]LogShaderCompilers: Display: Shaders left to compile 20
[2019.01.02-15.15.16:121][ 36]LogMaterial: Display: Missing cached shader map for material Colt_Python1, compiling. 
[2019.01.02-15.15.16:179][ 39]LogShaderCompilers: Display: Shaders left to compile 21
[2019.01.02-15.15.16:185][ 39]LogShaderCompilers: Display: Shaders left to compile 20
[2019.01.02-15.15.16:214][ 39]LogMaterial: Display: Missing cached shader map for material Colt_Python1, compiling. 
[2019.01.02-15.15.16:230][ 39]LogShaderCompilers: Display: Shaders left to compile 21
[2019.01.02-15.15.16:233][ 39]LogMaterial: Display: Missing cached shader map for material Colt_Python1, compiling. 
[2019.01.02-15.15.16:248][ 39]LogShaderCompilers: Display: Shaders left to compile 21
[2019.01.02-15.15.16:288][ 39]LogMaterial: Display: Missing cached shader map for material Colt_Python1, compiling. 
[2019.01.02-15.15.16:428][ 47]LogShaderCompilers: Display: Shaders left to compile 21
[2019.01.02-15.15.16:441][ 48]LogShaderCompilers: Display: Shaders left to compile 20
[2019.01.02-15.15.16:482][ 51]LogShaderCompilers: Display: Shaders left to compile 19
[2019.01.02-15.15.16:560][ 57]LogShaderCompilers: Display: Shaders left to compile 18
[2019.01.02-15.15.16:707][ 67]LogShaderCompilers: Display: Shaders left to compile 17
[2019.01.02-15.15.16:723][ 68]LogShaderCompilers: Display: Shaders left to compile 16
[2019.01.02-15.15.16:763][ 70]LogShaderCompilers: Display: Shaders left to compile 15
[2019.01.02-15.15.16:778][ 71]LogShaderCompilers: Display: Shaders left to compile 14
[2019.01.02-15.15.16:913][ 80]LogShaderCompilers: Display: Shaders left to compile 13
[2019.01.02-15.15.16:929][ 81]LogShaderCompilers: Display: Shaders left to compile 12
[2019.01.02-15.15.16:945][ 82]LogShaderCompilers: Display: Shaders left to compile 11
[2019.01.02-15.15.16:975][ 84]LogShaderCompilers: Display: Shaders left to compile 10
[2019.01.02-15.15.17:025][ 85]LogMaterial: Display: Missing cached shader map for material Colt_Python1, compiling. 
[2019.01.02-15.15.17:098][ 90]LogShaderCompilers: Display: Shaders left to compile 21
[2019.01.02-15.15.17:238][ 98]LogShaderCompilers: Display: Shaders left to compile 20
[2019.01.02-15.15.17:254][ 98]LogMaterial: Display: Missing cached shader map for material Colt_Python1, compiling. 
[2019.01.02-15.15.17:274][ 98]LogMaterial: Display: Missing cached shader map for material Colt_Python1, compiling. 
[2019.01.02-15.15.17:329][ 98]LogMaterial: Display: Missing cached shader map for material Colt_Python1, compiling. 
[2019.01.02-15.15.17:364][ 99]LogShaderCompilers: Display: Shaders left to compile 21
[2019.01.02-15.15.17:364][ 99]LogShaderCompilers: Display: Shaders left to compile 20
[2019.01.02-15.15.17:364][ 99]LogShaderCompilers: Display: Shaders left to compile 19
[2019.01.02-15.15.17:458][105]LogShaderCompilers: Display: Shaders left to compile 18
[2019.01.02-15.15.17:633][115]LogShaderCompilers: Display: Shaders left to compile 17
[2019.01.02-15.15.17:642][115]LogShaderCompilers: Display: Shaders left to compile 16
[2019.01.02-15.15.17:657][115]LogShaderCompilers: Display: Shaders left to compile 15
[2019.01.02-15.15.17:670][115]LogShaderCompilers: Display: Shaders left to compile 14
[2019.01.02-15.15.17:674][115]LogMaterial: Display: Missing cached shader map for material Colt_Python1, compiling. 
[2019.01.02-15.15.17:792][120]LogMaterial: Display: Missing cached shader map for material Colt_Python1, compiling. 
[2019.01.02-15.15.17:806][120]LogShaderCompilers: Display: Shaders left to compile 21
[2019.01.02-15.15.17:807][120]LogShaderCompilers: Display: Shaders left to compile 20
[2019.01.02-15.15.17:829][120]LogShaderCompilers: Display: Shaders left to compile 19
[2019.01.02-15.15.17:829][120]LogShaderCompilers: Display: Shaders left to compile 18
[2019.01.02-15.15.17:845][120]LogMaterial: Display: Missing cached shader map for material Colt_Python1, compiling. 
[2019.01.02-15.15.17:896][120]LogMaterial: Display: Missing cached shader map for material Colt_Python1, compiling. 
[2019.01.02-15.15.17:917][120]LogMaterial: Display: Missing cached shader map for material Colt_Python1, compiling. 
[2019.01.02-15.15.17:970][120]LogMaterial: Display: Missing cached shader map for material Colt_Python1, compiling. 
[2019.01.02-15.15.18:007][121]LogShaderCompilers: Display: Shaders left to compile 21
[2019.01.02-15.15.18:021][122]LogShaderCompilers: Display: Shaders left to compile 20
[2019.01.02-15.15.18:045][122]LogShaderCompilers: Display: Shaders left to compile 19
[2019.01.02-15.15.18:045][122]LogShaderCompilers: Display: Shaders left to compile 18
[2019.01.02-15.15.18:061][122]LogMaterial: Display: Missing cached shader map for material Colt_Python1, compiling. 
[2019.01.02-15.15.18:128][123]LogMaterial: Display: Missing cached shader map for material Colt_Python1, compiling. 
[2019.01.02-15.15.18:183][123]LogMaterial: Display: Missing cached shader map for material Colt_Python1, compiling. 
[2019.01.02-15.15.18:202][123]LogShaderCompilers: Display: Shaders left to compile 21
[2019.01.02-15.15.18:227][123]LogShaderCompilers: Display: Shaders left to compile 20
[2019.01.02-15.15.18:242][123]LogMaterial: Display: Missing cached shader map for material Colt_Python1, compiling. 
[2019.01.02-15.15.18:254][123]LogShaderCompilers: Display: Shaders left to compile 21
[2019.01.02-15.15.18:254][123]LogShaderCompilers: Display: Shaders left to compile 20
[2019.01.02-15.15.18:452][139]LogShaderCompilers: Display: Shaders left to compile 19
[2019.01.02-15.15.18:464][140]LogShaderCompilers: Display: Shaders left to compile 18
[2019.01.02-15.15.18:496][143]LogShaderCompilers: Display: Shaders left to compile 17
[2019.01.02-15.15.18:506][144]LogShaderCompilers: Display: Shaders left to compile 16
[2019.01.02-15.15.18:634][155]LogShaderCompilers: Display: Shaders left to compile 15
[2019.01.02-15.15.18:666][158]LogShaderCompilers: Display: Shaders left to compile 14
[2019.01.02-15.15.18:687][160]LogShaderCompilers: Display: Shaders left to compile 13
[2019.01.02-15.15.18:698][161]LogShaderCompilers: Display: Shaders left to compile 12
[2019.01.02-15.15.18:804][170]LogShaderCompilers: Display: Shaders left to compile 11
[2019.01.02-15.15.18:816][171]LogShaderCompilers: Display: Shaders left to compile 10
[2019.01.02-15.15.18:849][174]LogShaderCompilers: Display: Shaders left to compile 9
[2019.01.02-15.15.18:910][176]LogMaterial: Display: Missing cached shader map for material Colt_Python1, compiling. 
[2019.01.02-15.15.18:964][176]LogMaterial: Display: Missing cached shader map for material Colt_Python1, compiling. 
[2019.01.02-15.15.19:018][176]LogMaterial: Display: Missing cached shader map for material Colt_Python1, compiling. 
[2019.01.02-15.15.19:055][177]LogShaderCompilers: Display: Shaders left to compile 21
[2019.01.02-15.15.19:067][178]LogShaderCompilers: Display: Shaders left to compile 20
[2019.01.02-15.15.19:216][188]LogShaderCompilers: Display: Shaders left to compile 19
[2019.01.02-15.15.19:221][188]LogMaterial: Display: Missing cached shader map for material Colt_Python1, compiling. 
[2019.01.02-15.15.19:237][188]LogShaderCompilers: Display: Shaders left to compile 21
[2019.01.02-15.15.19:277][188]LogShaderCompilers: Display: Shaders left to compile 20
[2019.01.02-15.15.19:280][188]LogMaterial: Display: Missing cached shader map for material Colt_Python1, compiling. 
[2019.01.02-15.15.19:299][188]LogShaderCompilers: Display: Shaders left to compile 21
[2019.01.02-15.15.19:333][188]LogMaterial: Display: Missing cached shader map for material Colt_Python1, compiling. 
[2019.01.02-15.15.19:424][194]LogShaderCompilers: Display: Shaders left to compile 21
[2019.01.02-15.15.19:464][197]LogShaderCompilers: Display: Shaders left to compile 20
[2019.01.02-15.15.19:517][202]LogShaderCompilers: Display: Shaders left to compile 19
[2019.01.02-15.15.19:549][205]LogShaderCompilers: Display: Shaders left to compile 18
[2019.01.02-15.15.19:684][216]LogShaderCompilers: Display: Shaders left to compile 17
[2019.01.02-15.15.19:736][220]LogShaderCompilers: Display: Shaders left to compile 16
[2019.01.02-15.15.19:772][223]LogShaderCompilers: Display: Shaders left to compile 15
[2019.01.02-15.15.19:783][224]LogShaderCompilers: Display: Shaders left to compile 14
[2019.01.02-15.15.19:863][228]LogShaderCompilers: Display: Shaders left to compile 13
[2019.01.02-15.15.19:867][228]LogMaterial: Display: Missing cached shader map for material Colt_Python1, compiling. 
[2019.01.02-15.15.19:912][228]LogShaderCompilers: Display: Shaders left to compile 21
[2019.01.02-15.15.19:925][228]LogShaderCompilers: Display: Shaders left to compile 20
[2019.01.02-15.15.19:927][228]LogMaterial: Display: Missing cached shader map for material Colt_Python1, compiling. 
[2019.01.02-15.15.19:941][228]LogShaderCompilers: Display: Shaders left to compile 21
[2019.01.02-15.15.19:980][228]LogMaterial: Display: Missing cached shader map for material Colt_Python1, compiling. 
[2019.01.02-15.15.20:022][230]LogShaderCompilers: Display: Shaders left to compile 21
[2019.01.02-15.15.20:144][240]LogShaderCompilers: Display: Shaders left to compile 20
[2019.01.02-15.15.20:168][242]LogShaderCompilers: Display: Shaders left to compile 19
[2019.01.02-15.15.20:198][245]LogShaderCompilers: Display: Shaders left to compile 18
[2019.01.02-15.15.20:288][253]LogShaderCompilers: Display: Shaders left to compile 17
[2019.01.02-15.15.20:359][256]LogMaterial: Display: Missing cached shader map for material Colt_Python1, compiling. 
[2019.01.02-15.15.20:374][256]LogShaderCompilers: Display: Shaders left to compile 21
[2019.01.02-15.15.20:374][256]LogShaderCompilers: Display: Shaders left to compile 20
[2019.01.02-15.15.20:378][256]LogMaterial: Display: Missing cached shader map for material Colt_Python1, compiling. 
[2019.01.02-15.15.20:391][256]LogShaderCompilers: Display: Shaders left to compile 21
[2019.01.02-15.15.20:429][256]LogMaterial: Display: Missing cached shader map for material Colt_Python1, compiling. 
[2019.01.02-15.15.20:458][257]LogShaderCompilers: Display: Shaders left to compile 21
[2019.01.02-15.15.20:637][266]LogShaderCompilers: Display: Shaders left to compile 20
[2019.01.02-15.15.20:670][268]LogShaderCompilers: Display: Shaders left to compile 19
[2019.01.02-15.15.20:670][268]LogShaderCompilers: Display: Shaders left to compile 18
[2019.01.02-15.15.20:743][273]LogShaderCompilers: Display: Shaders left to compile 17
[2019.01.02-15.15.20:900][283]LogShaderCompilers: Display: Shaders left to compile 16
[2019.01.02-15.15.20:900][283]LogShaderCompilers: Display: Shaders left to compile 15
[2019.01.02-15.15.20:927][285]LogShaderCompilers: Display: Shaders left to compile 14
[2019.01.02-15.15.20:966][288]LogShaderCompilers: Display: Shaders left to compile 13
[2019.01.02-15.15.21:074][296]LogShaderCompilers: Display: Shaders left to compile 12
[2019.01.02-15.15.21:122][300]LogShaderCompilers: Display: Shaders left to compile 11
[2019.01.02-15.15.21:131][300]LogShaderCompilers: Display: Shaders left to compile 10
[2019.01.02-15.15.21:147][300]LogShaderCompilers: Display: Shaders left to compile 9
[2019.01.02-15.15.21:164][300]LogMaterial: Display: Missing cached shader map for material Colt_Python1, compiling. 
[2019.01.02-15.15.21:215][300]LogMaterial: Display: Missing cached shader map for material Colt_Python1, compiling. 
[2019.01.02-15.15.21:229][300]LogSlate: Window 'Color Picker' being destroyed
[2019.01.02-15.15.21:412][312]LogShaderCompilers: Display: Shaders left to compile 21
[2019.01.02-15.15.21:555][322]LogShaderCompilers: Display: Shaders left to compile 20
[2019.01.02-15.15.21:636][328]LogShaderCompilers: Display: Shaders left to compile 19
[2019.01.02-15.15.21:636][328]LogShaderCompilers: Display: Shaders left to compile 18
[2019.01.02-15.15.21:676][331]LogShaderCompilers: Display: Shaders left to compile 17
[2019.01.02-15.15.21:816][341]LogShaderCompilers: Display: Shaders left to compile 16
[2019.01.02-15.15.21:871][345]LogShaderCompilers: Display: Shaders left to compile 15
[2019.01.02-15.15.21:912][348]LogShaderCompilers: Display: Shaders left to compile 14
[2019.01.02-15.15.21:925][349]LogShaderCompilers: Display: Shaders left to compile 13
[2019.01.02-15.15.22:042][358]LogShaderCompilers: Display: Shaders left to compile 12
[2019.01.02-15.15.22:076][361]LogShaderCompilers: Display: Shaders left to compile 11
[2019.01.02-15.15.22:087][362]LogShaderCompilers: Display: Shaders left to compile 10
[2019.01.02-15.15.22:149][365]LogShaderCompilers: Display: Shaders left to compile 9
[2019.01.02-15.15.22:362][379]LogShaderCompilers: Display: Shaders left to compile 8
[2019.01.02-15.15.22:515][390]LogShaderCompilers: Display: Shaders left to compile 7
[2019.01.02-15.15.22:598][396]LogShaderCompilers: Display: Shaders left to compile 6
[2019.01.02-15.15.22:626][398]LogShaderCompilers: Display: Shaders left to compile 5
[2019.01.02-15.15.22:651][400]LogMaterialEditor: Saving and Compiling material Colt_Python1
[2019.01.02-15.15.23:436][400]LogShaderCompilers: Display: Shaders left to compile 4
[2019.01.02-15.15.23:436][400]LogShaderCompilers: Display: Shaders left to compile 3
[2019.01.02-15.15.23:436][400]LogShaderCompilers: Display: Shaders left to compile 2
[2019.01.02-15.15.23:436][400]LogShaderCompilers: Display: Shaders left to compile 1
[2019.01.02-15.15.23:450][400]LogMaterial: Display: Missing cached shader map for material Colt_Python1, compiling. 
[2019.01.02-15.15.23:499][400]LogShaderCompilers: Display: Shaders left to compile 21
[2019.01.02-15.15.23:499][400]LogShaderCompilers: Display: Shaders left to compile 20
[2019.01.02-15.15.23:499][400]LogShaderCompilers: Display: Shaders left to compile 19
[2019.01.02-15.15.23:499][400]LogShaderCompilers: Display: Shaders left to compile 18
[2019.01.02-15.15.23:516][400]LogMaterial: Display: Missing cached shader map for material Colt_Python1, compiling. 
[2019.01.02-15.15.23:542][400]LogMaterial: Display: Missing cached shader map for material Colt_Python1, compiling. 
[2019.01.02-15.15.23:607][400]LogMaterial: Display: Missing cached shader map for material FDebugViewModeMaterialProxy Colt_Python1, compiling. 
[2019.01.02-15.15.24:816][400]LogShaderCompilers: Display: Shaders left to compile 40
[2019.01.02-15.15.24:816][400]LogShaderCompilers: Display: Shaders left to compile 39
[2019.01.02-15.15.24:816][400]LogShaderCompilers: Display: Shaders left to compile 38
[2019.01.02-15.15.24:816][400]LogShaderCompilers: Display: Shaders left to compile 37
[2019.01.02-15.15.24:816][400]LogShaderCompilers: Display: Shaders left to compile 36
[2019.01.02-15.15.24:816][400]LogShaderCompilers: Display: Shaders left to compile 35
[2019.01.02-15.15.24:817][400]LogShaderCompilers: Display: Shaders left to compile 34
[2019.01.02-15.15.24:817][400]LogShaderCompilers: Display: Shaders left to compile 33
[2019.01.02-15.15.24:817][400]LogShaderCompilers: Display: Shaders left to compile 32
[2019.01.02-15.15.24:817][400]LogShaderCompilers: Display: Shaders left to compile 31
[2019.01.02-15.15.24:817][400]LogShaderCompilers: Display: Shaders left to compile 30
[2019.01.02-15.15.24:817][400]LogShaderCompilers: Display: Shaders left to compile 29
[2019.01.02-15.15.24:817][400]LogShaderCompilers: Display: Shaders left to compile 28
[2019.01.02-15.15.24:817][400]LogShaderCompilers: Display: Shaders left to compile 27
[2019.01.02-15.15.24:817][400]LogShaderCompilers: Display: Shaders left to compile 26
[2019.01.02-15.15.24:817][400]LogShaderCompilers: Display: Shaders left to compile 25
[2019.01.02-15.15.24:817][400]LogShaderCompilers: Display: Shaders left to compile 24
[2019.01.02-15.15.24:817][400]LogShaderCompilers: Display: Shaders left to compile 23
[2019.01.02-15.15.24:817][400]LogShaderCompilers: Display: Shaders left to compile 22
[2019.01.02-15.15.24:818][400]LogShaderCompilers: Display: Shaders left to compile 12
[2019.01.02-15.15.24:818][400]LogShaderCompilers: Display: Shaders left to compile 2
[2019.01.02-15.15.24:832][400]TextureStreamingBuild: Display: Compiling optional shaders took 1.240 seconds.
[2019.01.02-15.15.26:965][400]Cmd: OBJ SAVEPACKAGE PACKAGE="/Game/Eve/Colt_Python1" FILE="../../../../../../Git/FightingGame/FightingGame/Content/Eve/Colt_Python1.uasset" SILENT=true
[2019.01.02-15.15.26:987][400]LogSavePackage: Moving '../../../../../../Git/FightingGame/FightingGame/Saved/Colt_Python1C26049A149FCEB3C94FB8EB920D0844E.tmp' to '../../../../../../Git/FightingGame/FightingGame/Content/Eve/Colt_Python1.uasset'
[2019.01.02-15.15.27:009][400]MaterialEditorStats: Base pass shader: 101 instructions
[2019.01.02-15.15.27:009][400]MaterialEditorStats: Base pass shader with Volumetric Lightmap: 174 instructions
[2019.01.02-15.15.27:009][400]MaterialEditorStats: Base pass vertex shader: 32 instructions
[2019.01.02-15.15.27:009][400]MaterialEditorStats: Texture samplers: 3/16
[2019.01.02-15.15.32:928][ 52]LogSlate: FSceneViewport::OnFocusLost() reason 2
[2019.01.02-15.15.32:942][ 52]Cmd: OBJ SAVEPACKAGE PACKAGE="/Game/Eve/Colt_Python" FILE="../../../../../../Git/FightingGame/FightingGame/Content/Eve/Colt_Python.uasset" SILENT=true
[2019.01.02-15.15.32:971][ 52]LogSavePackage: Moving '../../../../../../Git/FightingGame/FightingGame/Saved/Colt_Python00BA7CBD476D08D41305888E63830B64.tmp' to '../../../../../../Git/FightingGame/FightingGame/Content/Eve/Colt_Python.uasset'
[2019.01.02-15.15.35:979][322]LogSlate: FSceneViewport::OnFocusLost() reason 0
[2019.01.02-15.15.43:928][143]LogSlate: FSceneViewport::OnFocusLost() reason 0
[2019.01.02-15.15.53:869][229]LogSlate: FSceneViewport::OnFocusLost() reason 2
[2019.01.02-15.15.53:875][229]Cmd: OBJ SAVEPACKAGE PACKAGE="/Game/Eve/eve_j_gonzales_Skeleton" FILE="../../../../../../Git/FightingGame/FightingGame/Content/Eve/eve_j_gonzales_Skeleton.uasset" SILENT=true
[2019.01.02-15.15.53:910][229]LogSavePackage: Moving '../../../../../../Git/FightingGame/FightingGame/Saved/eve_j_gonzales_Skeleton7B72D18C48E9131C0E37DABA44BB97C4.tmp' to '../../../../../../Git/FightingGame/FightingGame/Content/Eve/eve_j_gonzales_Skeleton.uasset'
[2019.01.02-15.15.55:576][369]LogSlate: Window 'eve_j_gonzales_Skeleton' being destroyed
[2019.01.02-15.15.59:123][757]LogSlate: FSceneViewport::OnFocusLost() reason 0
[2019.01.02-15.16.11:633][936]LogSlate: Window 'Pick Parent Class' being destroyed
[2019.01.02-15.16.13:741][185]Cmd: TRANSACTION UNDO
[2019.01.02-15.16.13:741][185]LogEditorTransaction: Undo Create Mesh Socket
[2019.01.02-15.16.13:846][185]LogSkeletalMesh: Building Skeletal Mesh eve_j_gonzales...
