Log file open, 01/05/19 19:59:28
LogWindows: Failed to load 'aqProf.dll' (GetLastError=126)
LogWindows: File 'aqProf.dll' does not exist
LogWindows: Failed to load 'VSPerf140.dll' (GetLastError=126)
LogWindows: File 'VSPerf140.dll' does not exist
LogWindows: Failed to load 'VtuneApi.dll' (GetLastError=126)
LogWindows: File 'VtuneApi.dll' does not exist
LogWindows: Failed to load 'VtuneApi32e.dll' (GetLastError=126)
LogWindows: File 'VtuneApi32e.dll' does not exist
LogInit: Display: Running engine for game: FightingGame
LogPlatformFile: Not using cached read wrapper
LogTaskGraph: Started task graph with 5 named threads and 23 total threads with 3 sets of task threads.
LogStats: Stats thread started at 0.404240
LogD3D11RHI: Loaded GFSDK_Aftermath_Lib.x64.dll
LogICUInternationalization: Display: ICU TimeZone Detection - Raw Offset: +0:00, Platform Override: ''
LogPluginManager: Mounting plugin Paper2D
LogPluginManager: Mounting plugin AISupport
LogPluginManager: Mounting plugin LightPropagationVolume
LogPluginManager: Mounting plugin CLionSourceCodeAccess
LogPluginManager: Mounting plugin CodeLiteSourceCodeAccess
LogPluginManager: Mounting plugin GitSourceControl
LogPluginManager: Mounting plugin KDevelopSourceCodeAccess
LogPluginManager: Mounting plugin NullSourceCodeAccess
LogPluginManager: Mounting plugin PerforceSourceControl
LogPluginManager: Mounting plugin SubversionSourceControl
LogPluginManager: Mounting plugin UObjectPlugin
LogPluginManager: Mounting plugin VisualStudioCodeSourceCodeAccess
LogPluginManager: Mounting plugin VisualStudioSourceCodeAccess
LogPluginManager: Mounting plugin XCodeSourceCodeAccess
LogPluginManager: Mounting plugin AssetManagerEditor
LogPluginManager: Mounting plugin CryptoKeys
LogPluginManager: Mounting plugin DataValidation
LogPluginManager: Mounting plugin FacialAnimation
LogPluginManager: Mounting plugin GameplayTagsEditor
LogPluginManager: Mounting plugin MacGraphicsSwitching
LogPluginManager: Mounting plugin MeshEditor
LogPluginManager: Mounting plugin MobileLauncherProfileWizard
LogPluginManager: Mounting plugin PluginBrowser
LogPluginManager: Mounting plugin SpeedTreeImporter
LogPluginManager: Mounting plugin DatasmithContent
LogPluginManager: Mounting plugin AlembicImporter
LogPluginManager: Mounting plugin AppleImageUtils
LogPluginManager: Mounting plugin AppleVision
LogPluginManager: Mounting plugin BackChannel
LogPluginManager: Mounting plugin CharacterAI
LogPluginManager: Mounting plugin GeometryCache
LogPluginManager: Mounting plugin HTML5Networking
LogPluginManager: Mounting plugin ProxyLODPlugin
LogPluginManager: Mounting plugin MagicLeap
LogPluginManager: Mounting plugin MagicLeapEmulator
LogPluginManager: Mounting plugin MagicLeapMedia
LogPluginManager: Mounting plugin AndroidMedia
LogPluginManager: Mounting plugin AvfMedia
LogPluginManager: Mounting plugin ImgMedia
LogPluginManager: Mounting plugin LinearTimecode
LogPluginManager: Mounting plugin MediaCompositing
LogPluginManager: Mounting plugin MediaPlayerEditor
LogPluginManager: Mounting plugin WmfMedia
LogPluginManager: Mounting plugin TcpMessaging
LogPluginManager: Mounting plugin UdpMessaging
LogPluginManager: Mounting plugin ActorSequence
LogPluginManager: Mounting plugin LevelSequenceEditor
LogPluginManager: Mounting plugin MatineeToLevelSequence
LogPluginManager: Mounting plugin NetcodeUnitTest
LogPluginManager: Mounting plugin NUTUnrealEngine4
LogPluginManager: Mounting plugin OnlineSubsystemGooglePlay
LogPluginManager: Mounting plugin OnlineSubsystemIOS
LogPluginManager: Mounting plugin OnlineSubsystem
LogPluginManager: Mounting plugin OnlineSubsystemNull
LogPluginManager: Mounting plugin OnlineSubsystemUtils
LogPluginManager: Mounting plugin LauncherChunkInstaller
LogPluginManager: Mounting plugin AndroidDeviceProfileSelector
LogPluginManager: Mounting plugin AndroidMoviePlayer
LogPluginManager: Mounting plugin AndroidPermission
LogPluginManager: Mounting plugin AppleMoviePlayer
LogPluginManager: Mounting plugin ArchVisCharacter
LogPluginManager: Mounting plugin AudioCapture
LogPluginManager: Mounting plugin CableComponent
LogPluginManager: Mounting plugin CustomMeshComponent
LogPluginManager: Mounting plugin EditableMesh
LogPluginManager: Mounting plugin ExampleDeviceProfileSelector
LogPluginManager: Mounting plugin GoogleCloudMessaging
LogPluginManager: Mounting plugin ImmediatePhysics
LogPluginManager: Mounting plugin IOSDeviceProfileSelector
LogPluginManager: Mounting plugin LinuxDeviceProfileSelector
LogPluginManager: Mounting plugin LocationServicesBPLibrary
LogPluginManager: Mounting plugin MobilePatchingUtils
LogPluginManager: Mounting plugin OculusVR
LogPluginManager: Plugin shader directory ../../../Engine/Plugins/Runtime/Oculus/OculusVR/Shaders found
LogPluginManager: Mapping shader source directory ../../../Engine/Plugins/Runtime/Oculus/OculusVR/Shaders to virtual directory /Plugin/OculusVR
LogPluginManager: Mounting plugin PhysXVehicles
LogPluginManager: Mounting plugin ProceduralMeshComponent
LogPluginManager: Mounting plugin RuntimePhysXCooking
LogPluginManager: Mounting plugin SteamVR
LogPluginManager: Mounting plugin WindowsMoviePlayer
LogStreaming: Display: Took  0.276s to configure plugins.
LogInit: Using libcurl 7.55.1-DEV
LogInit:  - built for x86_64-pc-win32
LogInit:  - supports SSL with OpenSSL/1.0.2h
LogInit:  - supports HTTP deflate (compression) using libz 1.2.8
LogInit:  - other features:
LogInit:      CURL_VERSION_SSL
LogInit:      CURL_VERSION_LIBZ
LogInit:      CURL_VERSION_IPV6
LogInit:      CURL_VERSION_ASYNCHDNS
LogInit:      CURL_VERSION_LARGEFILE
LogInit:      CURL_VERSION_IDN
LogInit:  CurlRequestOptions (configurable via config and command line):
LogInit:  - bVerifyPeer = false  - Libcurl will NOT verify peer certificate
LogInit:  - bUseHttpProxy = false  - Libcurl will NOT use HTTP proxy
LogInit:  - bDontReuseConnections = false  - Libcurl will reuse connections
LogInit:  - CertBundlePath = nullptr  - Libcurl will use whatever was configured at build time.
LogInit:  - MaxHostConnections = 16  - Libcurl will limit the number of connections to a host
LogInit:  - LocalHostAddr = Default
LogInit:  - BufferSize = 65536
LogInit: WinSock: version 1.1 (2.2), MaxSocks=32767, MaxUdp=65467
LogInit: Build: ++UE4+Release-4.20-CL-4369336
LogInit: Engine Version: 4.20.3-4369336+++UE4+Release-4.20
LogInit: Compatible Engine Version: 4.20.0-4212847+++UE4+Release-4.20
LogInit: Net CL: 4212847
LogInit: OS: Windows 10 (), CPU: Intel(R) Core(TM) i7-6700K CPU @ 4.00GHz, GPU: NVIDIA GeForce GTX 1060 6GB
LogInit: Compiled (64-bit): Sep 17 2018 12:26:19
LogInit: Compiled with Visual C++: 19.13.26129.00
LogInit: Build Configuration: Development
LogInit: Branch Name: ++UE4+Release-4.20
LogInit: Command Line:  -skipcompile
LogInit: Base Directory: D:/Program Files/Epic Games/UE_4.20/Engine/Binaries/Win64/
LogInit: Installed Engine Build: 1
LogDevObjectVersion: Number of dev versions registered: 20
LogDevObjectVersion:   Dev-Blueprints (B0D832E4-1F89-4F0D-ACCF-7EB736FD4AA2): 10
LogDevObjectVersion:   Dev-Build (E1C64328-A22C-4D53-A36C-8E866417BD8C): 0
LogDevObjectVersion:   Dev-Core (375EC13C-06E4-48FB-B500-84F0262A717E): 2
LogDevObjectVersion:   Dev-Editor (E4B068ED-F494-42E9-A231-DA0B2E46BB41): 24
LogDevObjectVersion:   Dev-Framework (CFFC743F-43B0-4480-9391-14DF171D2073): 34
LogDevObjectVersion:   Dev-Mobile (B02B49B5-BB20-44E9-A304-32B752E40360): 2
LogDevObjectVersion:   Dev-Networking (A4E4105C-59A1-49B5-A7C5-40C4547EDFEE): 0
LogDevObjectVersion:   Dev-Online (39C831C9-5AE6-47DC-9A44-9C173E1C8E7C): 0
LogDevObjectVersion:   Dev-Physics (78F01B33-EBEA-4F98-B9B4-84EACCB95AA2): 0
LogDevObjectVersion:   Dev-Platform (6631380F-2D4D-43E0-8009-CF276956A95A): 0
LogDevObjectVersion:   Dev-Rendering (12F88B9F-8875-4AFC-A67C-D90C383ABD29): 26
LogDevObjectVersion:   Dev-Sequencer (7B5AE74C-D270-4C10-A958-57980B212A5A): 9
LogDevObjectVersion:   Dev-VR (D7296918-1DD6-4BDD-9DE2-64A83CC13884): 2
LogDevObjectVersion:   Dev-LoadTimes (C2A15278-BFE7-4AFE-6C17-90FF531DF755): 1
LogDevObjectVersion:   Private-Geometry (6EACA3D4-40EC-4CC1-B786-8BED09428FC5): 3
LogDevObjectVersion:   Dev-AnimPhys (29E575DD-E0A3-4627-9D10-D276232CDCEA): 17
LogDevObjectVersion:   Dev-ReflectionCapture (6B266CEC-1EC7-4B8F-A30B-E4D90942FC07): 1
LogDevObjectVersion:   Dev-Automation (0DF73D61-A23F-47EA-B727-89E90C41499A): 1
LogDevObjectVersion:   FortniteMain (601D1886-AC64-4F84-AA16-D3DE0DEAC7D6): 12
LogDevObjectVersion:   Dev-Enterprise (9DFFBCD6-494F-0158-E221-12823C92A888): 1
LogStreaming: Display: Took  0.006s to delete old logs.
LogInit: Presizing for max 8388607 objects, including 0 objects not considered by GC, pre-allocating 0 bytes for permanent pool.
LogInit: Object subsystem initialized
[2019.01.05-19.59.29:103][  0]LogInit: Selected Device Profile: [Windows]
[2019.01.05-19.59.29:103][  0]LogInit: Applying CVar settings loaded from the selected device profile: [Windows]
[2019.01.05-19.59.29:117][  0]LogHAL: Display: Platform has ~ 16 GB [17126547456 / 17179869184 / 16], which maps to Larger [LargestMinGB=32, LargerMinGB=12, DefaultMinGB=8, SmallerMinGB=6, SmallestMinGB=0)
[2019.01.05-19.59.29:117][  0]LogInit: Setting Device Profile CVar: [[r.Vulkan.UseRealUBs:1]]
[2019.01.05-19.59.29:117][  0]LogInit: Going up to parent DeviceProfile []
[2019.01.05-19.59.29:117][  0]LogInit: Computer: EDWARD
[2019.01.05-19.59.29:117][  0]LogInit: User: John
[2019.01.05-19.59.29:117][  0]LogInit: CPU Page size=4096, Cores=4
[2019.01.05-19.59.29:117][  0]LogInit: High frequency timer resolution =3.914064 MHz
[2019.01.05-19.59.29:118][  0]LogMemory: Memory total: Physical=16.0GB (16GB approx)
[2019.01.05-19.59.29:118][  0]LogMemory: Platform Memory Stats for Windows
[2019.01.05-19.59.29:118][  0]LogMemory: Process Physical Memory: 102.61 MB used, 102.61 MB peak
[2019.01.05-19.59.29:118][  0]LogMemory: Process Virtual Memory: 89.98 MB used, 89.98 MB peak
[2019.01.05-19.59.29:118][  0]LogMemory: Physical Memory: 8653.61 MB used,  7679.54 MB free, 16333.15 MB total
[2019.01.05-19.59.29:118][  0]LogMemory: Virtual Memory: 4638.83 MB used,  7679.54 MB free, 134217728.00 MB total
[2019.01.05-19.59.29:235][  0]LogInit: Using OS detected language (en-US).
[2019.01.05-19.59.29:235][  0]LogInit: Using OS detected locale (en-US).
[2019.01.05-19.59.29:236][  0]LogTextLocalizationManager: No specific localization for 'en-US' exists, so the 'en' localization will be used.
[2019.01.05-19.59.29:557][  0]LogStreaming: Display: Took  0.322s to InitEngineTextLocalization.
[2019.01.05-19.59.29:557][  0]LogInit: Setting process to per monitor DPI aware
[2019.01.05-19.59.29:610][  0]LogSlate: New Slate User Created.  User Index 0, Is Virtual User: 0
[2019.01.05-19.59.29:610][  0]LogSlate: Slate User Registered.  User Index 0, Is Virtual User: 0
[2019.01.05-19.59.29:885][  0]LogHMD: Failed to initialize OpenVR with code 102
[2019.01.05-19.59.29:885][  0]LogD3D11RHI: D3D11 adapters:
[2019.01.05-19.59.29:952][  0]LogD3D11RHI:    0. 'NVIDIA GeForce GTX 1060 6GB' (Feature Level 11_0)
[2019.01.05-19.59.29:952][  0]LogD3D11RHI:       6061/0/8166 MB DedicatedVideo/DedicatedSystem/SharedSystem, Outputs:2, VendorId:0x10de
[2019.01.05-19.59.29:958][  0]LogD3D11RHI:    1. 'Microsoft Basic Render Driver' (Feature Level 11_0)
[2019.01.05-19.59.29:958][  0]LogD3D11RHI:       0/0/8166 MB DedicatedVideo/DedicatedSystem/SharedSystem, Outputs:0, VendorId:0x1414
[2019.01.05-19.59.29:958][  0]LogD3D11RHI: Chosen D3D11 Adapter: 0
[2019.01.05-19.59.29:967][  0]LogD3D11RHI: Creating new Direct3DDevice
[2019.01.05-19.59.29:967][  0]LogD3D11RHI:     GPU DeviceId: 0x1c03 (for the marketing name, search the web for "GPU Device Id")
[2019.01.05-19.59.29:967][  0]LogWindows: EnumDisplayDevices:
[2019.01.05-19.59.29:967][  0]LogWindows:    0. 'NVIDIA GeForce GTX 1060 6GB' (P:1 D:1)
[2019.01.05-19.59.29:968][  0]LogWindows:    1. 'NVIDIA GeForce GTX 1060 6GB' (P:0 D:1)
[2019.01.05-19.59.29:968][  0]LogWindows:    2. 'NVIDIA GeForce GTX 1060 6GB' (P:0 D:0)
[2019.01.05-19.59.29:969][  0]LogWindows:    3. 'NVIDIA GeForce GTX 1060 6GB' (P:0 D:0)
[2019.01.05-19.59.29:969][  0]LogWindows: DebugString: FoundDriverCount:4 
[2019.01.05-19.59.29:969][  0]LogD3D11RHI:     Adapter Name: NVIDIA GeForce GTX 1060 6GB
[2019.01.05-19.59.29:969][  0]LogD3D11RHI:   Driver Version: 388.13 (internal:23.21.13.8813, unified:388.13)
[2019.01.05-19.59.29:969][  0]LogD3D11RHI:      Driver Date: 10-27-2017
[2019.01.05-19.59.29:969][  0]LogRHI: Texture pool is 4242 MB (70% of 6061 MB)
[2019.01.05-19.59.30:005][  0]LogD3D11RHI: Async texture creation enabled
[2019.01.05-19.59.30:019][  0]LogD3D11RHI: GPU Timing Frequency: 1000.000000 (Debug: 2 1)
[2019.01.05-19.59.30:117][  0]LogShaderCompilers: Guid format shader working directory is -2 characters bigger than the processId version (../../../../../../Git/FightingGame/FightingGame/Intermediate/Shaders/WorkingDirectory/2660/).
[2019.01.05-19.59.30:117][  0]LogShaderCompilers: Cleaned the shader compiler working directory 'C:/Users/John/AppData/Local/Temp/UnrealShaderWorkingDir/D5708507473930C98B80B0B7FB7F6015/'.
[2019.01.05-19.59.30:421][  0]LogTemp: Display: Loaded TP AllDesktopTargetPlatform
[2019.01.05-19.59.30:445][  0]LogTemp: Display: Loaded TP MacClientTargetPlatform
[2019.01.05-19.59.30:466][  0]LogTemp: Display: Loaded TP MacNoEditorTargetPlatform
[2019.01.05-19.59.30:486][  0]LogTemp: Display: Loaded TP MacServerTargetPlatform
[2019.01.05-19.59.30:513][  0]LogTemp: Display: Loaded TP MacTargetPlatform
[2019.01.05-19.59.30:537][  0]LogTemp: Display: Loaded TP WindowsClientTargetPlatform
[2019.01.05-19.59.30:556][  0]LogTemp: Display: Loaded TP WindowsNoEditorTargetPlatform
[2019.01.05-19.59.30:576][  0]LogTemp: Display: Loaded TP WindowsServerTargetPlatform
[2019.01.05-19.59.30:589][  0]LogTemp: Display: Loaded TP WindowsTargetPlatform
[2019.01.05-19.59.30:671][  0]LogTemp: Display: Loaded TP AndroidTargetPlatform
[2019.01.05-19.59.30:672][  0]LogTemp: Display: Loaded TP AndroidTargetPlatform
[2019.01.05-19.59.30:672][  0]LogTemp: Display: Loaded TP AndroidTargetPlatform
[2019.01.05-19.59.30:672][  0]LogTemp: Display: Loaded TP AndroidTargetPlatform
[2019.01.05-19.59.30:672][  0]LogTemp: Display: Loaded TP AndroidTargetPlatform
[2019.01.05-19.59.30:672][  0]LogTemp: Display: Loaded TP AndroidTargetPlatform
[2019.01.05-19.59.30:672][  0]LogTemp: Display: Loaded TP AndroidTargetPlatform
[2019.01.05-19.59.30:672][  0]LogTemp: Display: Loaded TP AndroidTargetPlatform
[2019.01.05-19.59.30:672][  0]LogTemp: Display: Loaded TP AndroidTargetPlatform
[2019.01.05-19.59.30:672][  0]LogTemp: Display: Loaded TP AndroidTargetPlatform
[2019.01.05-19.59.30:672][  0]LogTemp: Display: Loaded TP AndroidTargetPlatform
[2019.01.05-19.59.30:672][  0]LogTemp: Display: Loaded TP AndroidTargetPlatform
[2019.01.05-19.59.30:672][  0]LogTemp: Display: Loaded TP AndroidTargetPlatform
[2019.01.05-19.59.30:672][  0]LogTemp: Display: Loaded TP AndroidTargetPlatform
[2019.01.05-19.59.30:672][  0]LogTemp: Display: Loaded TP AndroidTargetPlatform
[2019.01.05-19.59.30:672][  0]LogTemp: Display: Loaded TP AndroidTargetPlatform
[2019.01.05-19.59.30:673][  0]LogTemp: Display: Loaded TP AndroidTargetPlatform
[2019.01.05-19.59.30:673][  0]LogTemp: Display: Loaded TP AndroidTargetPlatform
[2019.01.05-19.59.30:679][  0]LogTemp: Display: Loaded TP HTML5TargetPlatform
[2019.01.05-19.59.30:763][  0]LogTemp: Display: Loaded TP IOSTargetPlatform
[2019.01.05-19.59.30:763][  0]LogTemp: Display: Loaded TP IOSTargetPlatform
[2019.01.05-19.59.30:791][  0]LogTemp: Display: Loaded TP TVOSTargetPlatform
[2019.01.05-19.59.30:791][  0]LogTemp: Display: Loaded TP TVOSTargetPlatform
[2019.01.05-19.59.30:807][  0]LogTemp: Display: Loaded TP LinuxClientTargetPlatform
[2019.01.05-19.59.30:825][  0]LogTemp: Display: Loaded TP LinuxNoEditorTargetPlatform
[2019.01.05-19.59.30:842][  0]LogTemp: Display: Loaded TP LinuxServerTargetPlatform
[2019.01.05-19.59.30:860][  0]LogTemp: Display: Loaded TP LinuxTargetPlatform
[2019.01.05-19.59.30:873][  0]LogTemp: Display: Loaded TP LuminTargetPlatform
[2019.01.05-19.59.30:873][  0]LogTargetPlatformManager: Display: Building Assets For Windows
[2019.01.05-19.59.31:093][  0]LogXGEController: Cleaning working directory: C:/Users/John/AppData/Local/Temp/UnrealXGEWorkingDir/
[2019.01.05-19.59.31:093][  0]LogXGEController: Cannot use XGE Controller as Incredibuild is not installed on this machine.
[2019.01.05-19.59.31:094][  0]LogShaderCompilers: Cannot use XGE Shader Compiler as Incredibuild is not installed on this machine.
[2019.01.05-19.59.31:094][  0]LogShaderCompilers: Display: Using Local Shader Compiler.
[2019.01.05-19.59.31:852][  0]LogDerivedDataCache: Display: Max Cache Size: 512 MB
[2019.01.05-19.59.31:900][  0]LogDerivedDataCache: Loaded boot cache 0.05s 71MB C:/Users/John/AppData/Local/UnrealEngine/4.20/DerivedDataCache/Boot.ddc.
[2019.01.05-19.59.31:900][  0]LogDerivedDataCache: Display: Loaded Boot cache: C:/Users/John/AppData/Local/UnrealEngine/4.20/DerivedDataCache/Boot.ddc
[2019.01.05-19.59.31:900][  0]LogDerivedDataCache: FDerivedDataBackendGraph:  Pak pak cache file ../../../../../../Git/FightingGame/FightingGame/DerivedDataCache/DDC.ddp not found, will not use a pak cache.
[2019.01.05-19.59.31:901][  0]LogDerivedDataCache: Unable to find inner node Pak for hierarchical cache Hierarchy.
[2019.01.05-19.59.31:901][  0]LogDerivedDataCache: FDerivedDataBackendGraph:  CompressedPak pak cache file ../../../../../../Git/FightingGame/FightingGame/DerivedDataCache/Compressed.ddp not found, will not use a pak cache.
[2019.01.05-19.59.31:901][  0]LogDerivedDataCache: Unable to find inner node CompressedPak for hierarchical cache Hierarchy.
[2019.01.05-19.59.31:912][  0]LogDerivedDataCache: Display: Pak cache opened for reading ../../../Engine/DerivedDataCache/Compressed.ddp.
[2019.01.05-19.59.31:926][  0]LogDerivedDataCache: Using Local data cache path C:/Users/John/AppData/Local/UnrealEngine/Common/DerivedDataCache: Writable
[2019.01.05-19.59.31:927][  0]LogDerivedDataCache: Shared data cache path not found in *engine.ini, will not use an Shared cache.
[2019.01.05-19.59.31:927][  0]LogDerivedDataCache: Unable to find inner node Shared for hierarchical cache Hierarchy.
[2019.01.05-19.59.31:944][  0]LogMaterial: Verifying Global Shaders for PCD3D_SM5
[2019.01.05-19.59.31:945][  0]LogSlate: Using FreeType 2.6.0
[2019.01.05-19.59.31:946][  0]LogSlate: SlateFontServices - WITH_FREETYPE: 1, WITH_HARFBUZZ: 1
[2019.01.05-19.59.32:021][  0]LogAssetRegistry: FAssetRegistry took 0.0278 seconds to start up
[2019.01.05-19.59.32:355][  0]LogInit: Selected Device Profile: [Windows]
[2019.01.05-19.59.32:533][  0]LogSimplygon: Simplygon DLL not present - disabling.
[2019.01.05-19.59.32:554][  0]LogMeshReduction: Using SimplygonSwarm for distributed automatic mesh merging
[2019.01.05-19.59.32:554][  0]LogMeshReduction: Using ProxyLODMeshReduction for automatic mesh merging
[2019.01.05-19.59.32:555][  0]LogMeshReduction: Using QuadricMeshReduction for automatic static mesh reduction
[2019.01.05-19.59.32:555][  0]LogMeshReduction: No automatic skeletal mesh reduction module available
[2019.01.05-19.59.32:574][  0]LogNetVersion: FightingGame 1.0.0, NetCL: 4212847, EngineNetVer: 5, GameNetVer: 0 (Checksum: 156865789)
[2019.01.05-19.59.33:239][  0]LogPackageLocalizationCache: Processed 11 localized package path(s) for 2 prioritized culture(s) in 0.213355 seconds
[2019.01.05-19.59.33:245][  0]LogUObjectArray: 38425 objects as part of root set at end of initial load.
[2019.01.05-19.59.33:245][  0]LogUObjectAllocator: 6690872 out of 0 bytes used by permanent object pool.
[2019.01.05-19.59.33:245][  0]LogUObjectArray: CloseDisregardForGC: 0/0 objects in disregard for GC pool
[2019.01.05-19.59.34:426][  0]LogTcpMessaging: Initializing TcpMessaging bridge
[2019.01.05-19.59.34:447][  0]LogUdpMessaging: Initializing bridge on interface 0.0.0.0:0 to multicast group 230.0.0.1:6666.
[2019.01.05-19.59.34:718][  0]SourceControl: Source control is disabled
[2019.01.05-19.59.34:718][  0]SourceControl: Source control is disabled
[2019.01.05-19.59.34:732][  0]SourceControl: Source control is disabled
[2019.01.05-19.59.34:739][  0]SourceControl: Source control is disabled
[2019.01.05-19.59.35:159][  0]LogAndroidPermission: UAndroidPermissionCallbackProxy::GetInstance
[2019.01.05-19.59.35:378][  0]LogOcInput: OculusInput pre-init called
[2019.01.05-19.59.35:469][  0]LogEngine: Initializing Engine...
[2019.01.05-19.59.35:471][  0]LogHMD: Failed to initialize OpenVR with code 102
[2019.01.05-19.59.35:473][  0]LogStats: UGameplayTagsManager::ConstructGameplayTagTree: ImportINI prefixes -  0.000 s
[2019.01.05-19.59.35:473][  0]LogStats: UGameplayTagsManager::ConstructGameplayTagTree: Construct from data asset -  0.000 s
[2019.01.05-19.59.35:473][  0]LogStats: UGameplayTagsManager::ConstructGameplayTagTree: ImportINI -  0.000 s
[2019.01.05-19.59.35:474][  0]LogStats: UGameplayTagsManager::ConstructGameplayTagTree: GameplayTagTreeChangedEvent.Broadcast -  0.000 s
[2019.01.05-19.59.35:673][  0]LogInit: Initializing FReadOnlyCVARCache
[2019.01.05-19.59.35:697][  0]LogAIModule: Creating AISystem for world Untitled
[2019.01.05-19.59.35:805][  0]LogInit: XAudio2 using 'Headset Earphone (Razer ManO'War)' : 2 channels at 48 kHz using 16 bits per sample (channel mask 0x3)
[2019.01.05-19.59.35:891][  0]LogInit: FAudioDevice initialized.
[2019.01.05-19.59.35:891][  0]LogNetVersion: Set ProjectVersion to 1.0.0.0. Version Checksum will be recalculated on next use.
[2019.01.05-19.59.36:023][  0]LogDerivedDataCache: Saved boot cache 0.13s 71MB C:/Users/John/AppData/Local/UnrealEngine/4.20/DerivedDataCache/Boot.ddc.
[2019.01.05-19.59.36:032][  0]LogInit: Texture streaming: Enabled
[2019.01.05-19.59.36:078][  0]LogEngineSessionManager: EngineSessionManager initialized
[2019.01.05-19.59.36:096][  0]LogInit: Transaction tracking system initialized
[2019.01.05-19.59.36:161][  0]BlueprintLog: New page: Editor Load
[2019.01.05-19.59.36:403][  0]LocalizationService: Localization service is disabled
[2019.01.05-19.59.36:802][  0]LogCook: Display: Max memory allowance for cook 16384mb min free memory 0mb
[2019.01.05-19.59.36:802][  0]LogCook: Display: Mobile HDR setting 1
[2019.01.05-19.59.36:802][  0]LogGameplayTags: Display: UGameplayTagsManager::DoneAddingNativeTags. DelegateIsBound: 0
[2019.01.05-19.59.36:803][  0]LogStats: UGameplayTagsManager::ConstructGameplayTagTree: ImportINI prefixes -  0.000 s
[2019.01.05-19.59.36:803][  0]LogStats: UGameplayTagsManager::ConstructGameplayTagTree: Construct from data asset -  0.000 s
[2019.01.05-19.59.36:803][  0]LogStats: UGameplayTagsManager::ConstructGameplayTagTree: ImportINI -  0.000 s
[2019.01.05-19.59.36:803][  0]LogStats: UGameplayTagsManager::ConstructGameplayTagTree: GameplayTagTreeChangedEvent.Broadcast -  0.000 s
[2019.01.05-19.59.36:954][  0]LogFileCache: Scanning file cache for directory 'D:/Git/FightingGame/FightingGame/Content/' took 0.02s
[2019.01.05-19.59.36:954][  0]LogLinker: Warning: Can't find file '/Engine/BasicShapes/Cylinder'
[2019.01.05-19.59.36:955][  0]LogLinker: Warning: Can't find file '/Engine/BasicShapes/Cylinder'
[2019.01.05-19.59.36:955][  0]LogUObjectGlobals: Warning: Failed to find object 'StaticMesh /Engine/BasicShapes/Cylinder.Cylinder'
[2019.01.05-19.59.37:101][  0]SourceControl: Source control is disabled
[2019.01.05-19.59.37:101][  0]Cmd: MAP LOAD FILE="../../../../../../Git/FightingGame/FightingGame/Content/StarterContent/Maps/Minimal_Default.umap" TEMPLATE=0 SHOWPROGRESS=1 FEATURELEVEL=3
[2019.01.05-19.59.37:102][  0]LightingResults: New page: Lighting Build
[2019.01.05-19.59.37:107][  0]MapCheck: New page: Map Check
[2019.01.05-19.59.37:107][  0]LightingResults: New page: Lighting Build
[2019.01.05-19.59.37:357][  0]LogAIModule: Creating AISystem for world Minimal_Default
[2019.01.05-19.59.37:368][  0]LogEditorServer: Finished looking for orphan Actors (0.000 secs)
[2019.01.05-19.59.37:387][  0]Cmd: MAP CHECKDEP NOCLEARLOG
[2019.01.05-19.59.37:525][  0]MapCheck: Map check complete: 0 Error(s), 0 Warning(s), took 137.205ms to complete.
[2019.01.05-19.59.37:525][  0]LogFileHelpers: Loading map 'Minimal_Default' took 0.424
[2019.01.05-19.59.37:659][  0]LogSlate: Updating window title bar state: overlay mode, drag disabled, window buttons hidden, title bar hidden
[2019.01.05-19.59.37:666][  0]LogSlate: Updating window title bar state: overlay mode, drag disabled, window buttons hidden, title bar hidden
[2019.01.05-19.59.37:674][  0]LogSlate: Updating window title bar state: overlay mode, drag disabled, window buttons hidden, title bar hidden
[2019.01.05-19.59.37:679][  0]LogSlate: Updating window title bar state: overlay mode, drag disabled, window buttons hidden, title bar hidden
[2019.01.05-19.59.37:694][  0]LogCollectionManager: Loaded 0 collections in 0.003422 seconds
[2019.01.05-19.59.37:747][  0]LogFileCache: Scanning file cache for directory 'D:/Git/FightingGame/FightingGame/Saved/Collections/' took 0.01s
[2019.01.05-19.59.37:747][  0]LogFileCache: Scanning file cache for directory 'D:/Git/FightingGame/FightingGame/Content/Developers/John/Collections/' took 0.01s
[2019.01.05-19.59.37:747][  0]LogFileCache: Scanning file cache for directory 'D:/Git/FightingGame/FightingGame/Content/Collections/' took 0.01s
[2019.01.05-19.59.37:748][  0]LogCollectionManager: Rebuilt the GUID cache for 0 collections in 0.000001 seconds
[2019.01.05-19.59.37:757][  0]LogContentBrowser: Native class hierarchy populated in 0.0089 seconds. Added 2579 classes and 605 folders.
[2019.01.05-19.59.37:765][  0]LogContentBrowser: Native class hierarchy updated for 'WidgetCarousel' in 0.0004 seconds. Added 0 classes and 0 folders.
[2019.01.05-19.59.37:819][  0]LogContentBrowser: Native class hierarchy updated for 'AddContentDialog' in 0.0003 seconds. Added 0 classes and 0 folders.
[2019.01.05-19.59.37:832][  0]LogContentBrowser: Native class hierarchy updated for 'SceneOutliner' in 0.0005 seconds. Added 1 classes and 2 folders.
[2019.01.05-19.59.37:927][  0]LogContentBrowser: Native class hierarchy updated for 'HierarchicalLODOutliner' in 0.0004 seconds. Added 0 classes and 0 folders.
[2019.01.05-19.59.37:927][  0]LogLoad: (Engine Initialization) Total time: 11.29 seconds
[2019.01.05-19.59.37:927][  0]LogLoad: (Engine Initialization) Total Blueprint compile time: 0.00 seconds
[2019.01.05-19.59.37:963][  0]LogContentStreaming: Texture pool size now 1000 MB
[2019.01.05-19.59.37:964][  0]LogSlate: Took 0.000222 seconds to synchronously load lazily loaded font '../../../Engine/Content/Slate/Fonts/Roboto-Regular.ttf' (155K)
[2019.01.05-19.59.37:966][  0]LogSlate: Took 0.000220 seconds to synchronously load lazily loaded font '../../../Engine/Content/Slate/Fonts/Roboto-Bold.ttf' (160K)
[2019.01.05-19.59.37:970][  0]LogSlate: Took 0.000237 seconds to synchronously load lazily loaded font '../../../Engine/Content/Editor/Slate/Fonts/FontAwesome.ttf' (139K)
[2019.01.05-19.59.38:061][  0]LogSlate: Took 0.000178 seconds to synchronously load lazily loaded font '../../../Engine/Content/Slate/Fonts/Roboto-Light.ttf' (167K)
[2019.01.05-19.59.38:094][  1]LogRenderer: Reallocating scene render targets to support 804x360 Format 10 NumSamples 1 (Frame:1).
[2019.01.05-19.59.38:116][  1]LogAssetRegistry: Asset discovery search completed in 6.1182 seconds
[2019.01.05-19.59.38:118][  1]LogCollectionManager: Rebuilt the object cache for 0 collections in 0.000000 seconds (found 0 objects)
[2019.01.05-19.59.38:118][  1]LogCollectionManager: Fixed up redirectors for 0 collections in 0.000205 seconds (updated 0 objects)
[2019.01.05-19.59.40:837][  9]LogRenderer: Reallocating scene render targets to support 1208x600 Format 10 NumSamples 1 (Frame:3).
[2019.01.05-19.59.41:905][123]LogSlate: FSceneViewport::OnFocusLost() reason 0
[2019.01.05-19.59.41:988][133]LogTemp: Repeating last play command: Selected Viewport
[2019.01.05-19.59.42:002][133]LogBlueprintUserMessages: Early PlayInEditor Detection: Level '/Game/StarterContent/Maps/Minimal_Default.Minimal_Default:PersistentLevel' has LevelScriptBlueprint '/Game/StarterContent/Maps/Minimal_Default.Minimal_Default:PersistentLevel.Minimal_Default' with GeneratedClass '/Game/StarterContent/Maps/Minimal_Default.Minimal_Default_C' with ClassGeneratedBy '/Game/StarterContent/Maps/Minimal_Default.Minimal_Default:PersistentLevel.Minimal_Default'
[2019.01.05-19.59.42:002][133]LogPlayLevel: PlayLevel: No blueprints needed recompiling
[2019.01.05-19.59.42:018][133]PIE: New page: PIE session: Minimal_Default (Jan 5, 2019, 7:59:42 PM)
[2019.01.05-19.59.42:018][133]LogPlayLevel: Creating play world package: /Game/StarterContent/Maps/UEDPIE_0_Minimal_Default
[2019.01.05-19.59.42:022][133]LogPlayLevel: PIE: StaticDuplicateObject took: (0.004203s)
[2019.01.05-19.59.42:023][133]LogAIModule: Creating AISystem for world Minimal_Default
[2019.01.05-19.59.42:023][133]LogPlayLevel: PIE: World Init took: (0.000994s)
[2019.01.05-19.59.42:023][133]LogPlayLevel: PIE: Created PIE world by copying editor world from /Game/StarterContent/Maps/Minimal_Default.Minimal_Default to /Game/StarterContent/Maps/UEDPIE_0_Minimal_Default.Minimal_Default (0.005596s)
[2019.01.05-19.59.42:097][133]LogInit: XAudio2 using 'Headset Earphone (Razer ManO'War)' : 2 channels at 48 kHz using 16 bits per sample (channel mask 0x3)
[2019.01.05-19.59.42:154][133]LogInit: FAudioDevice initialized.
[2019.01.05-19.59.42:607][133]LogLoad: Game class is 'FightingGameMode_C'
[2019.01.05-19.59.42:609][133]LogWorld: Bringing World /Game/StarterContent/Maps/UEDPIE_0_Minimal_Default.Minimal_Default up for play (max tick rate 0) at 2019.01.05-19.59.42
[2019.01.05-19.59.42:610][133]LogWorld: Bringing up level for play took: 0.001070
[2019.01.05-19.59.42:630][133]LogContentBrowser: Native class hierarchy updated for 'MovieSceneCapture' in 0.0004 seconds. Added 10 classes and 0 folders.
[2019.01.05-19.59.42:633][133]LogSlate: New Slate User Created.  User Index 1, Is Virtual User: 0
[2019.01.05-19.59.42:633][133]LogSlate: Slate User Registered.  User Index 1, Is Virtual User: 0
[2019.01.05-19.59.42:638][133]PIE: Play in editor start time for /Game/StarterContent/Maps/UEDPIE_0_Minimal_Default 1.49
[2019.01.05-19.59.42:639][133]LogBlueprintUserMessages: Late PlayInEditor Detection: Level '/Game/StarterContent/Maps/Minimal_Default.Minimal_Default:PersistentLevel' has LevelScriptBlueprint '/Game/StarterContent/Maps/Minimal_Default.Minimal_Default:PersistentLevel.Minimal_Default' with GeneratedClass '/Game/StarterContent/Maps/Minimal_Default.Minimal_Default_C' with ClassGeneratedBy '/Game/StarterContent/Maps/Minimal_Default.Minimal_Default:PersistentLevel.Minimal_Default'
[2019.01.05-20.01.55:082][737]LogBlueprintUserMessages: Early EndPlayMap Detection: Level '/Game/StarterContent/Maps/Minimal_Default.Minimal_Default:PersistentLevel' has LevelScriptBlueprint '/Game/StarterContent/Maps/Minimal_Default.Minimal_Default:PersistentLevel.Minimal_Default' with GeneratedClass '/Game/StarterContent/Maps/Minimal_Default.Minimal_Default_C' with ClassGeneratedBy '/Game/StarterContent/Maps/Minimal_Default.Minimal_Default:PersistentLevel.Minimal_Default'
[2019.01.05-20.01.55:083][737]LogSlate: Updating window title bar state: overlay mode, drag disabled, window buttons hidden, title bar hidden
[2019.01.05-20.01.55:121][737]LogPlayLevel: Display: Shutting down PIE online subsystems
[2019.01.05-20.01.55:121][737]LogBlueprintUserMessages: Late EndPlayMap Detection: Level '/Game/StarterContent/Maps/Minimal_Default.Minimal_Default:PersistentLevel' has LevelScriptBlueprint '/Game/StarterContent/Maps/Minimal_Default.Minimal_Default:PersistentLevel.Minimal_Default' with GeneratedClass '/Game/StarterContent/Maps/Minimal_Default.Minimal_Default_C' with ClassGeneratedBy '/Game/StarterContent/Maps/Minimal_Default.Minimal_Default:PersistentLevel.Minimal_Default'
[2019.01.05-20.01.55:143][737]LogSlate: Updating window title bar state: overlay mode, drag disabled, window buttons hidden, title bar hidden
[2019.01.05-20.01.55:187][741]LogPlayLevel: Display: Destroying online subsystem :Context_1
[2019.01.05-20.01.57:070][965]LogEditorViewport: Clicking on Actor (LMB): BP_Sky_Sphere_C (BP_Sky_Sphere)
[2019.01.05-20.01.57:232][981]LogSlate: Took 0.000215 seconds to synchronously load lazily loaded font '../../../Engine/Content/Slate/Fonts/Roboto-Light.ttf' (167K)
[2019.01.05-20.01.57:237][981]LogSlate: FSceneViewport::OnFocusLost() reason 2
[2019.01.05-20.01.57:405][981]LogSavePackage: Moving '../../../../../../Git/FightingGame/FightingGame/Saved/Minimal_Default8093DE414942B413879816862612483A.tmp' to '../../../../../../Git/FightingGame/FightingGame/Content/StarterContent/Maps/Minimal_Default.umap'
[2019.01.05-20.01.57:498][981]LogSavePackage: Moving '../../../../../../Git/FightingGame/FightingGame/Saved/Minimal_Default_BuiltData8134FDBB485650879417E98D88DEE7D2.tmp' to '../../../../../../Git/FightingGame/FightingGame/Content/StarterContent/Maps/Minimal_Default_BuiltData.uasset'
[2019.01.05-20.01.59:447][207]LogSlate: FSceneViewport::OnFocusLost() reason 2
[2019.01.05-20.01.59:593][207]LogSavePackage: Moving '../../../../../../Git/FightingGame/FightingGame/Saved/Minimal_Default9911526F4359FC6640C4F5B113BF8732.tmp' to '../../../../../../Git/FightingGame/FightingGame/Content/StarterContent/Maps/Minimal_Default.umap'
[2019.01.05-20.01.59:676][207]LogSavePackage: Moving '../../../../../../Git/FightingGame/FightingGame/Saved/Minimal_Default_BuiltDataF7C046D24B3951EF14D705A5401EFD2B.tmp' to '../../../../../../Git/FightingGame/FightingGame/Content/StarterContent/Maps/Minimal_Default_BuiltData.uasset'
[2019.01.05-20.02.25:341][965]LogEditorViewport: Clicking on Actor (LMB): BP_Sky_Sphere_C (BP_Sky_Sphere)
[2019.01.05-20.02.25:479][978]LogSlate: FSceneViewport::OnFocusLost() reason 2
[2019.01.05-20.02.25:643][978]LogSavePackage: Moving '../../../../../../Git/FightingGame/FightingGame/Saved/Minimal_DefaultDB9ED5CA471720FB48F4E8B63196E217.tmp' to '../../../../../../Git/FightingGame/FightingGame/Content/StarterContent/Maps/Minimal_Default.umap'
[2019.01.05-20.02.25:725][978]LogSavePackage: Moving '../../../../../../Git/FightingGame/FightingGame/Saved/Minimal_Default_BuiltDataED636B1E4EC896A1F80373B41114F9D7.tmp' to '../../../../../../Git/FightingGame/FightingGame/Content/StarterContent/Maps/Minimal_Default_BuiltData.uasset'
[2019.01.05-20.02.26:918][113]LogSlate: FSceneViewport::OnFocusLost() reason 0
[2019.01.05-20.02.27:055][120]LogSlate: Window 'FightingGame - Unreal Editor' being destroyed
[2019.01.05-20.02.27:056][120]LogWindowsTextInputMethodSystem: Display: IME system now deactivated.
[2019.01.05-20.02.27:276][121]Cmd: QUIT_EDITOR
[2019.01.05-20.02.27:510][121]LogExit: Preparing to exit.
[2019.01.05-20.02.28:581][121]LogExit: Editor shut down
[2019.01.05-20.02.28:581][121]LogExit: Transaction tracking system shut down
