Log file open, 11/23/18 19:00:44
LogWindows: Failed to load 'aqProf.dll' (GetLastError=126)
LogWindows: File 'aqProf.dll' does not exist
LogWindows: Failed to load 'VSPerf140.dll' (GetLastError=126)
LogWindows: File 'VSPerf140.dll' does not exist
LogWindows: Failed to load 'VtuneApi.dll' (GetLastError=126)
LogWindows: File 'VtuneApi.dll' does not exist
LogWindows: Failed to load 'VtuneApi32e.dll' (GetLastError=126)
LogWindows: File 'VtuneApi32e.dll' does not exist
LogInit: Display: Running engine for game: FightingGame
LogPlatformFile: Not using cached read wrapper
LogTaskGraph: Started task graph with 5 named threads and 23 total threads with 3 sets of task threads.
LogStats: Stats thread started at 0.472745
LogD3D11RHI: Loaded GFSDK_Aftermath_Lib.x64.dll
LogICUInternationalization: Display: ICU TimeZone Detection - Raw Offset: +0:00, Platform Override: ''
LogPluginManager: Mounting plugin Paper2D
LogPluginManager: Mounting plugin AISupport
LogPluginManager: Mounting plugin LightPropagationVolume
LogPluginManager: Mounting plugin CLionSourceCodeAccess
LogPluginManager: Mounting plugin CodeLiteSourceCodeAccess
LogPluginManager: Mounting plugin GitSourceControl
LogPluginManager: Mounting plugin KDevelopSourceCodeAccess
LogPluginManager: Mounting plugin NullSourceCodeAccess
LogPluginManager: Mounting plugin PerforceSourceControl
LogPluginManager: Mounting plugin SubversionSourceControl
LogPluginManager: Mounting plugin UObjectPlugin
LogPluginManager: Mounting plugin VisualStudioCodeSourceCodeAccess
LogPluginManager: Mounting plugin VisualStudioSourceCodeAccess
LogPluginManager: Mounting plugin XCodeSourceCodeAccess
LogPluginManager: Mounting plugin AssetManagerEditor
LogPluginManager: Mounting plugin CryptoKeys
LogPluginManager: Mounting plugin DataValidation
LogPluginManager: Mounting plugin FacialAnimation
LogPluginManager: Mounting plugin GameplayTagsEditor
LogPluginManager: Mounting plugin MacGraphicsSwitching
LogPluginManager: Mounting plugin MeshEditor
LogPluginManager: Mounting plugin MobileLauncherProfileWizard
LogPluginManager: Mounting plugin PluginBrowser
LogPluginManager: Mounting plugin SpeedTreeImporter
LogPluginManager: Mounting plugin DatasmithContent
LogPluginManager: Mounting plugin AlembicImporter
LogPluginManager: Mounting plugin AppleImageUtils
LogPluginManager: Mounting plugin AppleVision
LogPluginManager: Mounting plugin BackChannel
LogPluginManager: Mounting plugin CharacterAI
LogPluginManager: Mounting plugin GeometryCache
LogPluginManager: Mounting plugin HTML5Networking
LogPluginManager: Mounting plugin ProxyLODPlugin
LogPluginManager: Mounting plugin MagicLeap
LogPluginManager: Mounting plugin MagicLeapEmulator
LogPluginManager: Mounting plugin MagicLeapMedia
LogPluginManager: Mounting plugin AndroidMedia
LogPluginManager: Mounting plugin AvfMedia
LogPluginManager: Mounting plugin ImgMedia
LogPluginManager: Mounting plugin LinearTimecode
LogPluginManager: Mounting plugin MediaCompositing
LogPluginManager: Mounting plugin MediaPlayerEditor
LogPluginManager: Mounting plugin WmfMedia
LogPluginManager: Mounting plugin TcpMessaging
LogPluginManager: Mounting plugin UdpMessaging
LogPluginManager: Mounting plugin ActorSequence
LogPluginManager: Mounting plugin LevelSequenceEditor
LogPluginManager: Mounting plugin MatineeToLevelSequence
LogPluginManager: Mounting plugin NetcodeUnitTest
LogPluginManager: Mounting plugin NUTUnrealEngine4
LogPluginManager: Mounting plugin OnlineSubsystemGooglePlay
LogPluginManager: Mounting plugin OnlineSubsystemIOS
LogPluginManager: Mounting plugin OnlineSubsystem
LogPluginManager: Mounting plugin OnlineSubsystemNull
LogPluginManager: Mounting plugin OnlineSubsystemUtils
LogPluginManager: Mounting plugin LauncherChunkInstaller
LogPluginManager: Mounting plugin AndroidDeviceProfileSelector
LogPluginManager: Mounting plugin AndroidMoviePlayer
LogPluginManager: Mounting plugin AndroidPermission
LogPluginManager: Mounting plugin AppleMoviePlayer
LogPluginManager: Mounting plugin ArchVisCharacter
LogPluginManager: Mounting plugin AudioCapture
LogPluginManager: Mounting plugin CableComponent
LogPluginManager: Mounting plugin CustomMeshComponent
LogPluginManager: Mounting plugin EditableMesh
LogPluginManager: Mounting plugin ExampleDeviceProfileSelector
LogPluginManager: Mounting plugin GoogleCloudMessaging
LogPluginManager: Mounting plugin ImmediatePhysics
LogPluginManager: Mounting plugin IOSDeviceProfileSelector
LogPluginManager: Mounting plugin LinuxDeviceProfileSelector
LogPluginManager: Mounting plugin LocationServicesBPLibrary
LogPluginManager: Mounting plugin MobilePatchingUtils
LogPluginManager: Mounting plugin OculusVR
LogPluginManager: Plugin shader directory ../../../Engine/Plugins/Runtime/Oculus/OculusVR/Shaders found
LogPluginManager: Mapping shader source directory ../../../Engine/Plugins/Runtime/Oculus/OculusVR/Shaders to virtual directory /Plugin/OculusVR
LogPluginManager: Mounting plugin PhysXVehicles
LogPluginManager: Mounting plugin ProceduralMeshComponent
LogPluginManager: Mounting plugin RuntimePhysXCooking
LogPluginManager: Mounting plugin SteamVR
LogPluginManager: Mounting plugin WindowsMoviePlayer
LogStreaming: Display: Took  0.465s to configure plugins.
LogInit: Using libcurl 7.55.1-DEV
LogInit:  - built for x86_64-pc-win32
LogInit:  - supports SSL with OpenSSL/1.0.2h
LogInit:  - supports HTTP deflate (compression) using libz 1.2.8
LogInit:  - other features:
LogInit:      CURL_VERSION_SSL
LogInit:      CURL_VERSION_LIBZ
LogInit:      CURL_VERSION_IPV6
LogInit:      CURL_VERSION_ASYNCHDNS
LogInit:      CURL_VERSION_LARGEFILE
LogInit:      CURL_VERSION_IDN
LogInit:  CurlRequestOptions (configurable via config and command line):
LogInit:  - bVerifyPeer = false  - Libcurl will NOT verify peer certificate
LogInit:  - bUseHttpProxy = false  - Libcurl will NOT use HTTP proxy
LogInit:  - bDontReuseConnections = false  - Libcurl will reuse connections
LogInit:  - CertBundlePath = nullptr  - Libcurl will use whatever was configured at build time.
LogInit:  - MaxHostConnections = 16  - Libcurl will limit the number of connections to a host
LogInit:  - LocalHostAddr = Default
LogInit:  - BufferSize = 65536
LogInit: WinSock: version 1.1 (2.2), MaxSocks=32767, MaxUdp=65467
LogInit: Build: ++UE4+Release-4.20-CL-4369336
LogInit: Engine Version: 4.20.3-4369336+++UE4+Release-4.20
LogInit: Compatible Engine Version: 4.20.0-4212847+++UE4+Release-4.20
LogInit: Net CL: 4212847
LogInit: OS: Windows 10 (), CPU: Intel(R) Xeon(R) CPU E5-1620 v3 @ 3.50GHz, GPU: NVIDIA GeForce GTX 970
LogInit: Compiled (64-bit): Sep 17 2018 12:26:19
LogInit: Compiled with Visual C++: 19.13.26129.00
LogInit: Build Configuration: Development
LogInit: Branch Name: ++UE4+Release-4.20
LogInit: Command Line: 
LogInit: Base Directory: C:/Epic/UE4/UE_4.20/Engine/Binaries/Win64/
LogInit: Installed Engine Build: 1
LogDevObjectVersion: Number of dev versions registered: 20
LogDevObjectVersion:   Dev-Blueprints (B0D832E4-1F89-4F0D-ACCF-7EB736FD4AA2): 10
LogDevObjectVersion:   Dev-Build (E1C64328-A22C-4D53-A36C-8E866417BD8C): 0
LogDevObjectVersion:   Dev-Core (375EC13C-06E4-48FB-B500-84F0262A717E): 2
LogDevObjectVersion:   Dev-Editor (E4B068ED-F494-42E9-A231-DA0B2E46BB41): 24
LogDevObjectVersion:   Dev-Framework (CFFC743F-43B0-4480-9391-14DF171D2073): 34
LogDevObjectVersion:   Dev-Mobile (B02B49B5-BB20-44E9-A304-32B752E40360): 2
LogDevObjectVersion:   Dev-Networking (A4E4105C-59A1-49B5-A7C5-40C4547EDFEE): 0
LogDevObjectVersion:   Dev-Online (39C831C9-5AE6-47DC-9A44-9C173E1C8E7C): 0
LogDevObjectVersion:   Dev-Physics (78F01B33-EBEA-4F98-B9B4-84EACCB95AA2): 0
LogDevObjectVersion:   Dev-Platform (6631380F-2D4D-43E0-8009-CF276956A95A): 0
LogDevObjectVersion:   Dev-Rendering (12F88B9F-8875-4AFC-A67C-D90C383ABD29): 26
LogDevObjectVersion:   Dev-Sequencer (7B5AE74C-D270-4C10-A958-57980B212A5A): 9
LogDevObjectVersion:   Dev-VR (D7296918-1DD6-4BDD-9DE2-64A83CC13884): 2
LogDevObjectVersion:   Dev-LoadTimes (C2A15278-BFE7-4AFE-6C17-90FF531DF755): 1
LogDevObjectVersion:   Private-Geometry (6EACA3D4-40EC-4CC1-B786-8BED09428FC5): 3
LogDevObjectVersion:   Dev-AnimPhys (29E575DD-E0A3-4627-9D10-D276232CDCEA): 17
LogDevObjectVersion:   Dev-ReflectionCapture (6B266CEC-1EC7-4B8F-A30B-E4D90942FC07): 1
LogDevObjectVersion:   Dev-Automation (0DF73D61-A23F-47EA-B727-89E90C41499A): 1
LogDevObjectVersion:   FortniteMain (601D1886-AC64-4F84-AA16-D3DE0DEAC7D6): 12
LogDevObjectVersion:   Dev-Enterprise (9DFFBCD6-494F-0158-E221-12823C92A888): 1
LogStreaming: Display: Took  0.015s to delete old logs.
LogInit: Presizing for max 8388607 objects, including 0 objects not considered by GC, pre-allocating 0 bytes for permanent pool.
LogInit: Object subsystem initialized
[2018.11.23-19.00.46:222][  0]LogInit: Selected Device Profile: [Windows]
[2018.11.23-19.00.46:222][  0]LogInit: Applying CVar settings loaded from the selected device profile: [Windows]
[2018.11.23-19.00.46:303][  0]LogHAL: Display: Platform has ~ 16 GB [17082683392 / 17179869184 / 16], which maps to Larger [LargestMinGB=32, LargerMinGB=12, DefaultMinGB=8, SmallerMinGB=6, SmallestMinGB=0)
[2018.11.23-19.00.46:303][  0]LogInit: Setting Device Profile CVar: [[r.Vulkan.UseRealUBs:1]]
[2018.11.23-19.00.46:304][  0]LogInit: Going up to parent DeviceProfile []
[2018.11.23-19.00.46:305][  0]LogInit: Computer: D120-08
[2018.11.23-19.00.46:305][  0]LogInit: User: c016193g
[2018.11.23-19.00.46:305][  0]LogInit: CPU Page size=4096, Cores=4
[2018.11.23-19.00.46:305][  0]LogInit: High frequency timer resolution =3.410073 MHz
[2018.11.23-19.00.46:305][  0]LogMemory: Memory total: Physical=15.9GB (16GB approx)
[2018.11.23-19.00.46:306][  0]LogMemory: Platform Memory Stats for Windows
[2018.11.23-19.00.46:306][  0]LogMemory: Process Physical Memory: 100.15 MB used, 100.15 MB peak
[2018.11.23-19.00.46:306][  0]LogMemory: Process Virtual Memory: 90.89 MB used, 90.89 MB peak
[2018.11.23-19.00.46:306][  0]LogMemory: Physical Memory: 6135.91 MB used,  10155.40 MB free, 16291.32 MB total
[2018.11.23-19.00.46:306][  0]LogMemory: Virtual Memory: 4640.09 MB used,  10155.40 MB free, 134217728.00 MB total
[2018.11.23-19.00.46:387][  0]LogInit: Using OS detected language (en-US).
[2018.11.23-19.00.46:387][  0]LogInit: Using OS detected locale (en-GB).
[2018.11.23-19.00.46:390][  0]LogTextLocalizationManager: No specific localization for 'en-US' exists, so the 'en' localization will be used.
[2018.11.23-19.00.47:139][  0]LogStreaming: Display: Took  0.752s to InitEngineTextLocalization.
[2018.11.23-19.00.47:140][  0]LogInit: Setting process to per monitor DPI aware
[2018.11.23-19.00.47:433][  0]LogSlate: New Slate User Created.  User Index 0, Is Virtual User: 0
[2018.11.23-19.00.47:433][  0]LogSlate: Slate User Registered.  User Index 0, Is Virtual User: 0
[2018.11.23-19.00.57:676][  0]LogHMD: Failed to initialize OpenVR with code 110
[2018.11.23-19.00.57:676][  0]LogD3D11RHI: D3D11 adapters:
[2018.11.23-19.00.57:809][  0]LogD3D11RHI:    0. 'NVIDIA GeForce GTX 970' (Feature Level 11_0)
[2018.11.23-19.00.57:809][  0]LogD3D11RHI:       4043/0/8145 MB DedicatedVideo/DedicatedSystem/SharedSystem, Outputs:2, VendorId:0x10de
[2018.11.23-19.00.57:813][  0]LogD3D11RHI:    1. 'Microsoft Basic Render Driver' (Feature Level 11_0)
[2018.11.23-19.00.57:813][  0]LogD3D11RHI:       0/0/8145 MB DedicatedVideo/DedicatedSystem/SharedSystem, Outputs:0, VendorId:0x1414
[2018.11.23-19.00.57:813][  0]LogD3D11RHI: Chosen D3D11 Adapter: 0
[2018.11.23-19.00.57:825][  0]LogD3D11RHI: Creating new Direct3DDevice
[2018.11.23-19.00.57:825][  0]LogD3D11RHI:     GPU DeviceId: 0x13c2 (for the marketing name, search the web for "GPU Device Id")
[2018.11.23-19.00.57:825][  0]LogWindows: EnumDisplayDevices:
[2018.11.23-19.00.57:826][  0]LogWindows:    0. 'NVIDIA GeForce GTX 970' (P:1 D:1)
[2018.11.23-19.00.57:826][  0]LogWindows:    1. 'NVIDIA GeForce GTX 970' (P:0 D:1)
[2018.11.23-19.00.57:827][  0]LogWindows:    2. 'NVIDIA GeForce GTX 970' (P:0 D:0)
[2018.11.23-19.00.57:827][  0]LogWindows:    3. 'NVIDIA GeForce GTX 970' (P:0 D:0)
[2018.11.23-19.00.57:827][  0]LogWindows: DebugString: FoundDriverCount:4 
[2018.11.23-19.00.57:827][  0]LogD3D11RHI:     Adapter Name: NVIDIA GeForce GTX 970
[2018.11.23-19.00.57:827][  0]LogD3D11RHI:   Driver Version: 398.82 (internal:24.21.13.9882, unified:398.82)
[2018.11.23-19.00.57:827][  0]LogD3D11RHI:      Driver Date: 7-30-2018
[2018.11.23-19.00.57:827][  0]LogRHI: Texture pool is 2830 MB (70% of 4043 MB)
[2018.11.23-19.00.57:885][  0]LogD3D11RHI: Async texture creation enabled
[2018.11.23-19.00.57:905][  0]LogD3D11RHI: GPU Timing Frequency: 1000.000000 (Debug: 2 2)
[2018.11.23-19.00.57:910][  0]LogShaderCompilers: Guid format shader working directory is -27 characters bigger than the processId version (../../../../../../Users/c016193g/Documents/GitHub/FightingGame/FightingGame/Intermediate/Shaders/WorkingDirectory/13224/).
[2018.11.23-19.00.57:911][  0]LogShaderCompilers: Cleaned the shader compiler working directory 'C:/Users/c016193g/AppData/Local/Temp/UnrealShaderWorkingDir/3187BE3D45CAB14B5CC7A1B6DA751AF9/'.
[2018.11.23-19.00.58:403][  0]LogTemp: Display: Loaded TP AllDesktopTargetPlatform
[2018.11.23-19.00.58:420][  0]LogTemp: Display: Loaded TP MacClientTargetPlatform
[2018.11.23-19.00.58:438][  0]LogTemp: Display: Loaded TP MacNoEditorTargetPlatform
[2018.11.23-19.00.58:456][  0]LogTemp: Display: Loaded TP MacServerTargetPlatform
[2018.11.23-19.00.58:498][  0]LogTemp: Display: Loaded TP MacTargetPlatform
[2018.11.23-19.00.58:534][  0]LogTemp: Display: Loaded TP WindowsClientTargetPlatform
[2018.11.23-19.00.58:560][  0]LogTemp: Display: Loaded TP WindowsNoEditorTargetPlatform
[2018.11.23-19.00.58:580][  0]LogTemp: Display: Loaded TP WindowsServerTargetPlatform
[2018.11.23-19.00.58:591][  0]LogTemp: Display: Loaded TP WindowsTargetPlatform
[2018.11.23-19.00.58:706][  0]LogTemp: Display: Loaded TP AndroidTargetPlatform
[2018.11.23-19.00.58:706][  0]LogTemp: Display: Loaded TP AndroidTargetPlatform
[2018.11.23-19.00.58:707][  0]LogTemp: Display: Loaded TP AndroidTargetPlatform
[2018.11.23-19.00.58:707][  0]LogTemp: Display: Loaded TP AndroidTargetPlatform
[2018.11.23-19.00.58:707][  0]LogTemp: Display: Loaded TP AndroidTargetPlatform
[2018.11.23-19.00.58:707][  0]LogTemp: Display: Loaded TP AndroidTargetPlatform
[2018.11.23-19.00.58:707][  0]LogTemp: Display: Loaded TP AndroidTargetPlatform
[2018.11.23-19.00.58:707][  0]LogTemp: Display: Loaded TP AndroidTargetPlatform
[2018.11.23-19.00.58:707][  0]LogTemp: Display: Loaded TP AndroidTargetPlatform
[2018.11.23-19.00.58:707][  0]LogTemp: Display: Loaded TP AndroidTargetPlatform
[2018.11.23-19.00.58:707][  0]LogTemp: Display: Loaded TP AndroidTargetPlatform
[2018.11.23-19.00.58:707][  0]LogTemp: Display: Loaded TP AndroidTargetPlatform
[2018.11.23-19.00.58:707][  0]LogTemp: Display: Loaded TP AndroidTargetPlatform
[2018.11.23-19.00.58:707][  0]LogTemp: Display: Loaded TP AndroidTargetPlatform
[2018.11.23-19.00.58:707][  0]LogTemp: Display: Loaded TP AndroidTargetPlatform
[2018.11.23-19.00.58:707][  0]LogTemp: Display: Loaded TP AndroidTargetPlatform
[2018.11.23-19.00.58:707][  0]LogTemp: Display: Loaded TP AndroidTargetPlatform
[2018.11.23-19.00.58:707][  0]LogTemp: Display: Loaded TP AndroidTargetPlatform
[2018.11.23-19.00.58:709][  0]LogTemp: Display: Loaded TP HTML5TargetPlatform
[2018.11.23-19.00.58:829][  0]LogTemp: Display: Loaded TP IOSTargetPlatform
[2018.11.23-19.00.58:829][  0]LogTemp: Display: Loaded TP IOSTargetPlatform
[2018.11.23-19.00.58:887][  0]LogTemp: Display: Loaded TP TVOSTargetPlatform
[2018.11.23-19.00.58:887][  0]LogTemp: Display: Loaded TP TVOSTargetPlatform
[2018.11.23-19.00.58:905][  0]LogTemp: Display: Loaded TP LinuxClientTargetPlatform
[2018.11.23-19.00.58:927][  0]LogTemp: Display: Loaded TP LinuxNoEditorTargetPlatform
[2018.11.23-19.00.58:942][  0]LogTemp: Display: Loaded TP LinuxServerTargetPlatform
[2018.11.23-19.00.58:967][  0]LogTemp: Display: Loaded TP LinuxTargetPlatform
[2018.11.23-19.00.58:978][  0]LogTemp: Display: Loaded TP LuminTargetPlatform
[2018.11.23-19.00.58:978][  0]LogTargetPlatformManager: Display: Building Assets For Windows
[2018.11.23-19.00.59:178][  0]LogXGEController: Cannot use XGE Controller as Incredibuild is not installed on this machine.
[2018.11.23-19.00.59:178][  0]LogShaderCompilers: Cannot use XGE Shader Compiler as Incredibuild is not installed on this machine.
[2018.11.23-19.00.59:178][  0]LogShaderCompilers: Display: Using Local Shader Compiler.
[2018.11.23-19.01.02:332][  0]LogDerivedDataCache: Display: Max Cache Size: 512 MB
[2018.11.23-19.01.02:769][  0]LogDerivedDataCache: Loaded boot cache 0.44s 87MB C:/Users/c016193g/AppData/Local/UnrealEngine/4.20/DerivedDataCache/Boot.ddc.
[2018.11.23-19.01.02:771][  0]LogDerivedDataCache: Display: Loaded Boot cache: C:/Users/c016193g/AppData/Local/UnrealEngine/4.20/DerivedDataCache/Boot.ddc
[2018.11.23-19.01.02:771][  0]LogDerivedDataCache: FDerivedDataBackendGraph:  Pak pak cache file ../../../../../../Users/c016193g/Documents/GitHub/FightingGame/FightingGame/DerivedDataCache/DDC.ddp not found, will not use a pak cache.
[2018.11.23-19.01.02:771][  0]LogDerivedDataCache: Unable to find inner node Pak for hierarchical cache Hierarchy.
[2018.11.23-19.01.02:771][  0]LogDerivedDataCache: FDerivedDataBackendGraph:  CompressedPak pak cache file ../../../../../../Users/c016193g/Documents/GitHub/FightingGame/FightingGame/DerivedDataCache/Compressed.ddp not found, will not use a pak cache.
[2018.11.23-19.01.02:771][  0]LogDerivedDataCache: Unable to find inner node CompressedPak for hierarchical cache Hierarchy.
[2018.11.23-19.01.02:789][  0]LogDerivedDataCache: Display: Pak cache opened for reading ../../../Engine/DerivedDataCache/Compressed.ddp.
[2018.11.23-19.01.02:802][  0]LogDerivedDataCache: Using Local data cache path C:/Users/c016193g/AppData/Local/UnrealEngine/Common/DerivedDataCache: Writable
[2018.11.23-19.01.02:802][  0]LogDerivedDataCache: Shared data cache path not found in *engine.ini, will not use an Shared cache.
[2018.11.23-19.01.02:802][  0]LogDerivedDataCache: Unable to find inner node Shared for hierarchical cache Hierarchy.
[2018.11.23-19.01.02:843][  0]LogMaterial: Verifying Global Shaders for PCD3D_SM5
[2018.11.23-19.01.02:845][  0]LogSlate: Using FreeType 2.6.0
[2018.11.23-19.01.02:891][  0]LogSlate: SlateFontServices - WITH_FREETYPE: 1, WITH_HARFBUZZ: 1
[2018.11.23-19.01.04:444][  0]LogAssetRegistry: FAssetRegistry took 0.0371 seconds to start up
[2018.11.23-19.01.04:948][  0]LogInit: Selected Device Profile: [Windows]
[2018.11.23-19.01.05:153][  0]LogSimplygon: Simplygon DLL not present - disabling.
[2018.11.23-19.01.05:160][  0]LogMeshReduction: Using SimplygonSwarm for distributed automatic mesh merging
[2018.11.23-19.01.05:160][  0]LogMeshReduction: Using ProxyLODMeshReduction for automatic mesh merging
[2018.11.23-19.01.05:160][  0]LogMeshReduction: Using QuadricMeshReduction for automatic static mesh reduction
[2018.11.23-19.01.05:160][  0]LogMeshReduction: No automatic skeletal mesh reduction module available
[2018.11.23-19.01.05:182][  0]LogNetVersion: FightingGame 1.0.0, NetCL: 4212847, EngineNetVer: 5, GameNetVer: 0 (Checksum: 156865789)
[2018.11.23-19.01.05:929][  0]LogPackageLocalizationCache: Processed 11 localized package path(s) for 2 prioritized culture(s) in 0.166092 seconds
[2018.11.23-19.01.05:936][  0]LogUObjectArray: 38425 objects as part of root set at end of initial load.
[2018.11.23-19.01.05:936][  0]LogUObjectAllocator: 6690872 out of 0 bytes used by permanent object pool.
[2018.11.23-19.01.05:936][  0]LogUObjectArray: CloseDisregardForGC: 0/0 objects in disregard for GC pool
[2018.11.23-19.01.26:243][  0]LogTcpMessaging: Initializing TcpMessaging bridge
[2018.11.23-19.01.26:260][  0]LogUdpMessaging: Initializing bridge on interface 0.0.0.0:0 to multicast group 230.0.0.1:6666.
[2018.11.23-19.01.26:922][  0]SourceControl: Source control is disabled
[2018.11.23-19.01.26:922][  0]SourceControl: Source control is disabled
[2018.11.23-19.01.26:926][  0]SourceControl: Source control is disabled
[2018.11.23-19.01.26:928][  0]SourceControl: Source control is disabled
[2018.11.23-19.01.27:443][  0]LogAndroidPermission: UAndroidPermissionCallbackProxy::GetInstance
[2018.11.23-19.01.27:603][  0]LogOcInput: OculusInput pre-init called
[2018.11.23-19.01.27:783][  0]LogEngine: Initializing Engine...
[2018.11.23-19.01.27:784][  0]LogHMD: Failed to initialize OpenVR with code 110
[2018.11.23-19.01.27:785][  0]LogStats: UGameplayTagsManager::ConstructGameplayTagTree: ImportINI prefixes -  0.000 s
[2018.11.23-19.01.27:785][  0]LogStats: UGameplayTagsManager::ConstructGameplayTagTree: Construct from data asset -  0.000 s
[2018.11.23-19.01.27:786][  0]LogStats: UGameplayTagsManager::ConstructGameplayTagTree: ImportINI -  0.000 s
[2018.11.23-19.01.27:786][  0]LogStats: UGameplayTagsManager::ConstructGameplayTagTree: GameplayTagTreeChangedEvent.Broadcast -  0.000 s
[2018.11.23-19.01.28:162][  0]LogInit: Initializing FReadOnlyCVARCache
[2018.11.23-19.01.28:189][  0]LogAIModule: Creating AISystem for world Untitled
[2018.11.23-19.01.28:230][  0]LogInit: XAudio2 using 'Speakers (Realtek High Definition Audio)' : 2 channels at 48 kHz using 32 bits per sample (channel mask 0x3)
[2018.11.23-19.01.28:281][  0]LogInit: FAudioDevice initialized.
[2018.11.23-19.01.28:282][  0]LogNetVersion: Set ProjectVersion to 1.0.0.0. Version Checksum will be recalculated on next use.
[2018.11.23-19.01.28:466][  0]LogDerivedDataCache: Saved boot cache 0.18s 87MB C:/Users/c016193g/AppData/Local/UnrealEngine/4.20/DerivedDataCache/Boot.ddc.
[2018.11.23-19.01.28:499][  0]LogInit: Texture streaming: Enabled
[2018.11.23-19.01.28:550][  0]LogEngineSessionManager: EngineSessionManager initialized
[2018.11.23-19.01.28:620][  0]LogInit: Transaction tracking system initialized
[2018.11.23-19.01.28:696][  0]BlueprintLog: New page: Editor Load
[2018.11.23-19.01.28:906][  0]LocalizationService: Localization service is disabled
[2018.11.23-19.01.29:605][  0]LogCook: Display: Max memory allowance for cook 16384mb min free memory 0mb
[2018.11.23-19.01.29:606][  0]LogCook: Display: Mobile HDR setting 1
[2018.11.23-19.01.29:606][  0]LogGameplayTags: Display: UGameplayTagsManager::DoneAddingNativeTags. DelegateIsBound: 0
[2018.11.23-19.01.29:606][  0]LogStats: UGameplayTagsManager::ConstructGameplayTagTree: ImportINI prefixes -  0.000 s
[2018.11.23-19.01.29:606][  0]LogStats: UGameplayTagsManager::ConstructGameplayTagTree: Construct from data asset -  0.000 s
[2018.11.23-19.01.29:607][  0]LogStats: UGameplayTagsManager::ConstructGameplayTagTree: ImportINI -  0.001 s
[2018.11.23-19.01.29:607][  0]LogStats: UGameplayTagsManager::ConstructGameplayTagTree: GameplayTagTreeChangedEvent.Broadcast -  0.000 s
[2018.11.23-19.01.29:856][  0]LogFileCache: Scanning file cache for directory 'C:/Users/c016193g/Documents/GitHub/FightingGame/FightingGame/Content/' took 0.04s
[2018.11.23-19.01.30:221][  0]SourceControl: Source control is disabled
[2018.11.23-19.01.30:221][  0]Cmd: MAP LOAD FILE="../../../../../../Users/c016193g/Documents/GitHub/FightingGame/FightingGame/Content/StarterContent/Maps/Minimal_Default.umap" TEMPLATE=0 SHOWPROGRESS=1 FEATURELEVEL=3
[2018.11.23-19.01.30:222][  0]LightingResults: New page: Lighting Build
[2018.11.23-19.01.30:231][  0]MapCheck: New page: Map Check
[2018.11.23-19.01.30:231][  0]LightingResults: New page: Lighting Build
[2018.11.23-19.01.31:097][  0]LogStaticMesh: Building static mesh Floor_400x400...
[2018.11.23-19.01.31:197][  0]LogStaticMesh: Built static mesh [0.11s] /Game/StarterContent/Architecture/Floor_400x400.Floor_400x400
[2018.11.23-19.01.31:454][  0]LogAIModule: Creating AISystem for world Minimal_Default
[2018.11.23-19.01.31:639][  0]LogEditorServer: Finished looking for orphan Actors (0.000 secs)
[2018.11.23-19.01.31:727][  0]Cmd: MAP CHECKDEP NOCLEARLOG
[2018.11.23-19.01.31:968][  0]MapCheck: Map check complete: 0 Error(s), 0 Warning(s), took 240.895ms to complete.
[2018.11.23-19.01.31:968][  0]LogFileHelpers: Loading map 'Minimal_Default' took 1.747
[2018.11.23-19.01.32:680][  0]LogSlate: Updating window title bar state: overlay mode, drag disabled, window buttons hidden, title bar hidden
[2018.11.23-19.01.32:700][  0]LogSlate: Updating window title bar state: overlay mode, drag disabled, window buttons hidden, title bar hidden
[2018.11.23-19.01.32:715][  0]LogSlate: Updating window title bar state: overlay mode, drag disabled, window buttons hidden, title bar hidden
[2018.11.23-19.01.32:728][  0]LogSlate: Updating window title bar state: overlay mode, drag disabled, window buttons hidden, title bar hidden
[2018.11.23-19.01.32:819][  0]LogCollectionManager: Loaded 0 collections in 0.009685 seconds
[2018.11.23-19.01.33:033][  0]LogFileCache: Scanning file cache for directory 'C:/Users/c016193g/Documents/GitHub/FightingGame/FightingGame/Saved/Collections/' took 0.01s
[2018.11.23-19.01.33:033][  0]LogFileCache: Scanning file cache for directory 'C:/Users/c016193g/Documents/GitHub/FightingGame/FightingGame/Content/Developers/c016193g/Collections/' took 0.01s
[2018.11.23-19.01.33:033][  0]LogFileCache: Scanning file cache for directory 'C:/Users/c016193g/Documents/GitHub/FightingGame/FightingGame/Content/Collections/' took 0.01s
[2018.11.23-19.01.33:033][  0]LogCollectionManager: Rebuilt the GUID cache for 0 collections in 0.000001 seconds
[2018.11.23-19.01.33:061][  0]LogContentBrowser: Native class hierarchy populated in 0.0265 seconds. Added 2575 classes and 605 folders.
[2018.11.23-19.01.33:265][  0]LogContentBrowser: Native class hierarchy updated for 'WidgetCarousel' in 0.0006 seconds. Added 0 classes and 0 folders.
[2018.11.23-19.01.35:623][  0]LogContentBrowser: Native class hierarchy updated for 'AddContentDialog' in 0.0014 seconds. Added 0 classes and 0 folders.
[2018.11.23-19.01.35:711][  0]LogContentBrowser: Native class hierarchy updated for 'SceneOutliner' in 0.0015 seconds. Added 1 classes and 2 folders.
[2018.11.23-19.01.36:193][  0]LogSlate: Took 0.023795 seconds to synchronously load lazily loaded font '../../../Engine/Content/Slate/Fonts/Roboto-Regular.ttf' (155K)
[2018.11.23-19.01.36:221][  0]LogSlate: Took 0.022568 seconds to synchronously load lazily loaded font '../../../Engine/Content/Slate/Fonts/Roboto-Bold.ttf' (160K)
[2018.11.23-19.01.36:313][  0]LogSlate: Took 0.029223 seconds to synchronously load lazily loaded font '../../../Engine/Content/Editor/Slate/Fonts/FontAwesome.ttf' (139K)
[2018.11.23-19.01.36:975][  0]LogRenderer: Reallocating scene render targets to support 1208x576 Format 10 NumSamples 1 (Frame:1).
[2018.11.23-19.01.37:952][  0]LogSlate: FSceneViewport::OnFocusLost() reason 2
[2018.11.23-19.01.38:126][  0]LogSlate: Window 'Tutorials' being destroyed
[2018.11.23-19.01.38:187][  0]LogContentBrowser: Native class hierarchy updated for 'HierarchicalLODOutliner' in 0.0014 seconds. Added 0 classes and 0 folders.
[2018.11.23-19.01.38:188][  0]LogLoad: (Engine Initialization) Total time: 57.81 seconds
[2018.11.23-19.01.38:188][  0]LogLoad: (Engine Initialization) Total Blueprint compile time: 0.00 seconds
[2018.11.23-19.01.38:327][  0]LogContentStreaming: Texture pool size now 1000 MB
[2018.11.23-19.01.38:527][  0]LogSlate: Took 0.035021 seconds to synchronously load lazily loaded font '../../../Engine/Content/Slate/Fonts/Roboto-Light.ttf' (167K)
[2018.11.23-19.01.38:774][  3]LogAssetRegistry: Asset discovery search completed in 34.3526 seconds
[2018.11.23-19.01.38:776][  3]LogCollectionManager: Rebuilt the object cache for 0 collections in 0.000001 seconds (found 0 objects)
[2018.11.23-19.01.38:776][  3]LogCollectionManager: Fixed up redirectors for 0 collections in 0.000051 seconds (updated 0 objects)
[2018.11.23-19.03.34:593][347]LogSlate: FSceneViewport::OnFocusLost() reason 0
[2018.11.23-19.03.36:866][561]LogSlate: Took 0.000290 seconds to synchronously load lazily loaded font '../../../Engine/Content/Slate/Fonts/Roboto-Light.ttf' (167K)
[2018.11.23-19.03.36:880][561]LogAssetEditorManager: Opening Asset editor for Class /Script/FightingGame.Camera
[2018.11.23-19.12.46:584][392]LogHotReload: New module detected: UE4Editor-FightingGame-4970.dll
[2018.11.23-19.12.47:944][397]LogHotReload: Starting Hot-Reload from IDE
[2018.11.23-19.12.48:084][397]LogContentBrowser: Native class hierarchy updated for 'FightingGame' in 0.0009 seconds. Added 3 classes and 2 folders.
[2018.11.23-19.12.48:088][397]Display: HotReload successful (2 functions remapped  0 scriptstructs remapped)
[2018.11.23-19.12.48:796][397]LogContentBrowser: Native class hierarchy populated in 0.0102 seconds. Added 2576 classes and 607 folders.
[2018.11.23-19.12.49:067][397]Display: HotReload took  1.1s.
[2018.11.23-19.13.05:598][540]LogTemp: Repeating last play command: Selected Viewport
[2018.11.23-19.13.05:690][540]LogBlueprintUserMessages: Early PlayInEditor Detection: Level '/Game/StarterContent/Maps/Minimal_Default.Minimal_Default:PersistentLevel' has LevelScriptBlueprint '/Game/StarterContent/Maps/Minimal_Default.Minimal_Default:PersistentLevel.Minimal_Default' with GeneratedClass '/Game/StarterContent/Maps/Minimal_Default.Minimal_Default_C' with ClassGeneratedBy '/Game/StarterContent/Maps/Minimal_Default.Minimal_Default:PersistentLevel.Minimal_Default'
[2018.11.23-19.13.05:703][540]LogPlayLevel: PlayLevel: No blueprints needed recompiling
[2018.11.23-19.13.05:881][540]PIE: New page: PIE session: Minimal_Default (23 Nov 2018 19:13:05)
[2018.11.23-19.13.05:882][540]LogPlayLevel: Creating play world package: /Game/StarterContent/Maps/UEDPIE_1_Minimal_Default
[2018.11.23-19.13.06:081][540]LogPlayLevel: PIE: StaticDuplicateObject took: (0.199077s)
[2018.11.23-19.13.06:082][540]LogAIModule: Creating AISystem for world Minimal_Default
[2018.11.23-19.13.06:105][540]LogPlayLevel: PIE: World Init took: (0.024111s)
[2018.11.23-19.13.06:115][540]LogPlayLevel: PIE: Created PIE world by copying editor world from /Game/StarterContent/Maps/Minimal_Default.Minimal_Default to /Game/StarterContent/Maps/UEDPIE_1_Minimal_Default.Minimal_Default (0.234196s)
[2018.11.23-19.13.06:386][540]LogInit: XAudio2 using 'Speakers (Realtek High Definition Audio)' : 2 channels at 48 kHz using 32 bits per sample (channel mask 0x3)
[2018.11.23-19.13.06:427][540]LogInit: FAudioDevice initialized.
[2018.11.23-19.13.07:043][540]LogLoad: Game class is 'FightingGameMode_C'
[2018.11.23-19.13.07:372][540]LogWorld: Bringing World /Game/StarterContent/Maps/UEDPIE_1_Minimal_Default.Minimal_Default up for play (max tick rate 0) at 2018.11.23-19.13.07
[2018.11.23-19.13.07:550][540]LogWorld: Bringing up level for play took: 0.179737
[2018.11.23-19.13.07:831][540]LogContentBrowser: Native class hierarchy updated for 'MovieSceneCapture' in 0.0010 seconds. Added 10 classes and 0 folders.
[2018.11.23-19.13.07:971][540]LogTemp: Display: ParseSettings for GameNetDriver
[2018.11.23-19.13.08:127][540]LogTemp: Display: ParseSettings for IpNetDriver_0
[2018.11.23-19.13.08:127][540]LogTemp: Display: ParseSettings for GameNetDriver
[2018.11.23-19.13.08:182][540]LogNet: ReplicationDriverClass is null! Not using ReplicationDriver.
[2018.11.23-19.13.08:201][540]LogInit: WinSock: Socket queue 131072 / 131072
[2018.11.23-19.13.08:202][540]LogInit: WinSock: I am d120-08 (10.6.113.53:0)
[2018.11.23-19.13.08:252][540]PacketHandlerLog: Loaded PacketHandler component: Engine.EngineHandlerComponentFactory (StatelessConnectHandlerComponent)
[2018.11.23-19.13.08:259][540]LogNet: GameNetDriver IpNetDriver_0 IpNetDriver listening on port 17777
[2018.11.23-19.13.08:322][540]PIE: Play in editor start time for /Game/StarterContent/Maps/UEDPIE_1_Minimal_Default 2.877
[2018.11.23-19.13.08:328][540]PIE: New page: PIE session: Minimal_Default (23 Nov 2018 19:13:08)
[2018.11.23-19.13.08:337][540]LogSlate: FSceneViewport::OnFocusLost() reason 2
[2018.11.23-19.13.08:343][540]LogSlate: Updating window title bar state: overlay mode, drag disabled, window buttons hidden, title bar hidden
[2018.11.23-19.13.08:417][540]LogNet: Browse: 127.0.0.1:17777//Game/StarterContent/Maps/Minimal_Default
[2018.11.23-19.13.08:417][540]LogTemp: Display: ParseSettings for GameNetDriver
[2018.11.23-19.13.08:417][540]LogTemp: Display: ParseSettings for IpNetDriver_1
[2018.11.23-19.13.08:417][540]LogTemp: Display: ParseSettings for PendingNetDriver
[2018.11.23-19.13.08:417][540]LogInit: WinSock: Socket queue 32768 / 32768
[2018.11.23-19.13.08:441][540]PacketHandlerLog: Loaded PacketHandler component: Engine.EngineHandlerComponentFactory (StatelessConnectHandlerComponent)
[2018.11.23-19.13.08:442][540]LogNet: Game client on port 17777, rate 10000
[2018.11.23-19.13.08:460][540]PIE: Play in editor start time for /Game/StarterContent/Maps/Minimal_Default 3.015
[2018.11.23-19.13.08:474][540]LogBlueprintUserMessages: Late PlayInEditor Detection: Level '/Game/StarterContent/Maps/Minimal_Default.Minimal_Default:PersistentLevel' has LevelScriptBlueprint '/Game/StarterContent/Maps/Minimal_Default.Minimal_Default:PersistentLevel.Minimal_Default' with GeneratedClass '/Game/StarterContent/Maps/Minimal_Default.Minimal_Default_C' with ClassGeneratedBy '/Game/StarterContent/Maps/Minimal_Default.Minimal_Default:PersistentLevel.Minimal_Default'
[2018.11.23-19.13.08:475][540]LogNet: NotifyAcceptingConnection accepted from: 127.0.0.1:55621
[2018.11.23-19.13.08:475][540]LogHandshake: SendConnectChallenge. Timestamp: 0.008334, Cookie: 016156240202033219065047108221214185183246012218230032164219
[2018.11.23-19.13.08:726][540]LogHandshake: SendChallengeResponse. Timestamp: 0.008334, Cookie: 016156240202033219065047108221214185183246012218230032164219
[2018.11.23-19.13.09:062][541]LogNet: NotifyAcceptingConnection accepted from: 127.0.0.1:55621
[2018.11.23-19.13.09:062][541]LogHandshake: SendChallengeAck. InCookie: 016156240202033219065047108221214185183246012218230032164219
[2018.11.23-19.13.09:062][541]LogNet: Server accepting post-challenge connection from: 127.0.0.1:55621
[2018.11.23-19.13.09:063][541]PacketHandlerLog: Loaded PacketHandler component: Engine.EngineHandlerComponentFactory (StatelessConnectHandlerComponent)
[2018.11.23-19.13.09:063][541]LogNet: NotifyAcceptedConnection: Name: Minimal_Default, TimeStamp: 11/23/18 19:13:09, [UNetConnection] RemoteAddr: 127.0.0.1:55621, Name: IpConnection_1, Driver: GameNetDriver IpNetDriver_0, IsServer: YES, PC: NULL, Owner: NULL, UniqueId: INVALID
[2018.11.23-19.13.09:063][541]LogNet: AddClientConnection: Added client connection: [UNetConnection] RemoteAddr: 127.0.0.1:55621, Name: IpConnection_1, Driver: GameNetDriver IpNetDriver_0, IsServer: YES, PC: NULL, Owner: NULL, UniqueId: INVALID
[2018.11.23-19.13.09:088][541]LogNetVersion: FightingGame 1.0.0.0, NetCL: 4212847, EngineNetVer: 5, GameNetVer: 0 (Checksum: 4124689447)
[2018.11.23-19.13.09:088][541]LogNet: UPendingNetGame::SendInitialJoin: Sending hello. [UNetConnection] RemoteAddr: 127.0.0.1:17777, Name: IpConnection_0, Driver: PendingNetDriver IpNetDriver_1, IsServer: NO, PC: NULL, Owner: NULL, UniqueId: INVALID
[2018.11.23-19.13.09:273][542]LogNet: NotifyAcceptingChannel Control 0 server World /Game/StarterContent/Maps/UEDPIE_1_Minimal_Default.Minimal_Default: Accepted
[2018.11.23-19.13.09:274][542]LogNet: Remote platform little endian=1
[2018.11.23-19.13.09:274][542]LogNet: This platform little endian=1
[2018.11.23-19.13.09:321][543]LogNet: Login request: /Game/StarterContent/Maps/Minimal_Default?Name=d120-08-314863DC4C3FCA61A6235F944A15807E userId: d120-08-314863DC4C3FCA61A6235F944A15807E
[2018.11.23-19.13.09:345][543]LogNet: Welcomed by server (Level: /Game/StarterContent/Maps/UEDPIE_1_Minimal_Default, Game: /Game/FightingGameMode.FightingGameMode_C)
[2018.11.23-19.13.09:361][543]LogLoad: LoadMap: 127.0.0.1:17777//Game/StarterContent/Maps/UEDPIE_1_Minimal_Default?game=/Game/FightingGameMode.FightingGameMode_C
[2018.11.23-19.13.09:486][543]LogAIModule: Creating AISystem for world Minimal_Default
[2018.11.23-19.13.09:486][543]LogTemp: Display: ParseSettings for GameNetDriver
[2018.11.23-19.13.09:520][543]LogWorld: Bringing World /Game/StarterContent/Maps/UEDPIE_2_Minimal_Default.Minimal_Default up for play (max tick rate 0) at 2018.11.23-19.13.09
[2018.11.23-19.13.09:520][543]LogWorld: Bringing up level for play took: 0.000926
[2018.11.23-19.13.09:521][543]LogLoad: Took 0.159727 seconds to LoadMap(/Game/StarterContent/Maps/UEDPIE_1_Minimal_Default)
[2018.11.23-19.13.09:597][544]LogRenderer: Reallocating scene render targets to support 1280x720 Format 10 NumSamples 1 (Frame:1).
[2018.11.23-19.13.09:597][544]LogNet: Client netspeed is 10000
[2018.11.23-19.13.09:597][544]LogNet: Join request: /Game/StarterContent/Maps/Minimal_Default?Name=d120-08-314863DC4C3FCA61A6235F944A15807E?SplitscreenCount=1
[2018.11.23-19.13.09:597][544]LogOnline: Warning: OSS: No game present to join for session (GameSession)
[2018.11.23-19.13.09:805][544]LogNet: Join succeeded: d120-08-314863DC4C3F
[2018.11.23-19.13.09:931][545]LogOnline: Warning: OSS: No game present to join for session (GameSession)
[2018.11.23-19.13.09:945][545]LogOnline: Warning: OSS: No game present to join for session (GameSession)
[2018.11.23-19.13.32:522][141]LogSlate: FSceneViewport::OnFocusLost() reason 2
[2018.11.23-19.15.21:452][981]LogSlate: Window 'FightingGame Game Preview Client 1 (64-bit/PCD3D_SM5)' being destroyed
[2018.11.23-19.15.21:479][981]LogBlueprintUserMessages: Early EndPlayMap Detection: Level '/Game/StarterContent/Maps/Minimal_Default.Minimal_Default:PersistentLevel' has LevelScriptBlueprint '/Game/StarterContent/Maps/Minimal_Default.Minimal_Default:PersistentLevel.Minimal_Default' with GeneratedClass '/Game/StarterContent/Maps/Minimal_Default.Minimal_Default_C' with ClassGeneratedBy '/Game/StarterContent/Maps/Minimal_Default.Minimal_Default:PersistentLevel.Minimal_Default'
[2018.11.23-19.15.21:760][981]LogOnline: Warning: OSS: No game present to leave for session (GameSession)
[2018.11.23-19.15.21:798][981]LogSlate: Updating window title bar state: overlay mode, drag disabled, window buttons hidden, title bar hidden
[2018.11.23-19.15.21:881][981]LogPlayLevel: Display: Shutting down PIE online subsystems
[2018.11.23-19.15.21:882][981]LogBlueprintUserMessages: Late EndPlayMap Detection: Level '/Game/StarterContent/Maps/Minimal_Default.Minimal_Default:PersistentLevel' has LevelScriptBlueprint '/Game/StarterContent/Maps/Minimal_Default.Minimal_Default:PersistentLevel.Minimal_Default' with GeneratedClass '/Game/StarterContent/Maps/Minimal_Default.Minimal_Default_C' with ClassGeneratedBy '/Game/StarterContent/Maps/Minimal_Default.Minimal_Default:PersistentLevel.Minimal_Default'
[2018.11.23-19.15.21:941][981]LogNet: UChannel::CleanUp: ChIndex == 0. Closing connection. [UChannel] ChIndex: 0, Closing: 0 [UNetConnection] RemoteAddr: 127.0.0.1:55621, Name: IpConnection_1, Driver: GameNetDriver IpNetDriver_0, IsServer: YES, PC: PlayerController_1, Owner: PlayerController_1, UniqueId: NULL:d120-08-314863DC4C3FCA61A6235F944A15807E
[2018.11.23-19.15.21:941][981]LogNet: UNetConnection::Close: [UNetConnection] RemoteAddr: 127.0.0.1:55621, Name: IpConnection_1, Driver: GameNetDriver IpNetDriver_0, IsServer: YES, PC: PlayerController_1, Owner: PlayerController_1, UniqueId: NULL:d120-08-314863DC4C3FCA61A6235F944A15807E, Channels: 2, Time: 2018.11.23-19.15.21
[2018.11.23-19.15.21:941][981]LogNet: UChannel::Close: Sending CloseBunch. ChIndex == 0. Name: [UChannel] ChIndex: 0, Closing: 0 [UNetConnection] RemoteAddr: 127.0.0.1:55621, Name: IpConnection_1, Driver: GameNetDriver IpNetDriver_0, IsServer: YES, PC: PlayerController_1, Owner: PlayerController_1, UniqueId: NULL:d120-08-314863DC4C3FCA61A6235F944A15807E
[2018.11.23-19.15.21:942][981]LogNet: UChannel::CleanUp: ChIndex == 0. Closing connection. [UChannel] ChIndex: 0, Closing: 0 [UNetConnection] RemoteAddr: 127.0.0.1:17777, Name: IpConnection_0, Driver: GameNetDriver IpNetDriver_1, IsServer: NO, PC: None, Owner: None, UniqueId: NULL:d120-08-314863DC4C3FCA61A6235F944A15807E
[2018.11.23-19.15.21:942][981]LogNet: UNetConnection::Close: [UNetConnection] RemoteAddr: 127.0.0.1:17777, Name: IpConnection_0, Driver: GameNetDriver IpNetDriver_1, IsServer: NO, PC: None, Owner: None, UniqueId: NULL:d120-08-314863DC4C3FCA61A6235F944A15807E, Channels: 2, Time: 2018.11.23-19.15.21
[2018.11.23-19.15.21:942][981]LogNet: UChannel::Close: Sending CloseBunch. ChIndex == 0. Name: [UChannel] ChIndex: 0, Closing: 0 [UNetConnection] RemoteAddr: 127.0.0.1:17777, Name: IpConnection_0, Driver: GameNetDriver IpNetDriver_1, IsServer: NO, PC: None, Owner: None, UniqueId: NULL:d120-08-314863DC4C3FCA61A6235F944A15807E
[2018.11.23-19.15.21:946][981]LogSlate: Updating window title bar state: overlay mode, drag disabled, window buttons hidden, title bar hidden
[2018.11.23-19.15.21:977][981]LogExit: GameNetDriver None shut down
[2018.11.23-19.15.21:977][981]LogExit: GameNetDriver None shut down
[2018.11.23-19.15.21:988][982]LogPlayLevel: Display: Destroying online subsystem :Context_2
[2018.11.23-19.15.21:988][982]LogPlayLevel: Display: Destroying online subsystem :Context_1
[2018.11.23-19.24.38:748][646]LogHotReload: New module detected: UE4Editor-FightingGame-116.dll
[2018.11.23-19.25.20:512][771]LogHotReload: New module detected: UE4Editor-FightingGame-6639.dll
[2018.11.23-19.25.21:526][775]LogHotReload: Starting Hot-Reload from IDE
[2018.11.23-19.25.21:602][775]LogContentBrowser: Native class hierarchy updated for 'FightingGame' in 0.0008 seconds. Added 3 classes and 2 folders.
[2018.11.23-19.25.21:606][775]Display: HotReload successful (2 functions remapped  0 scriptstructs remapped)
[2018.11.23-19.25.21:668][775]LogContentBrowser: Native class hierarchy populated in 0.0097 seconds. Added 2576 classes and 607 folders.
[2018.11.23-19.25.21:674][775]Display: HotReload took  0.1s.
[2018.11.23-19.26.17:335][242]LogSlate: Window 'FightingGame - Unreal Editor' being destroyed
[2018.11.23-19.26.18:056][243]Cmd: QUIT_EDITOR
[2018.11.23-19.26.18:972][243]LogWindowsTextInputMethodSystem: Display: IME system now deactivated.
[2018.11.23-19.26.18:987][243]LogExit: Preparing to exit.
[2018.11.23-19.26.20:090][243]LogExit: Editor shut down
[2018.11.23-19.26.20:090][243]LogExit: Transaction tracking system shut down
[2018.11.23-19.26.20:830][243]LogExit: Object subsystem successfully closed.
[2018.11.23-19.26.20:853][243]LogShaderCompilers: Display: Shaders left to compile 0
[2018.11.23-19.26.20:856][243]LogD3D11RHI: Shutdown
[2018.11.23-19.26.20:856][243]LogD3D11RHI: CleanupD3DDevice
[2018.11.23-19.26.20:873][243]LogD3D11RHI: ~FD3D11DynamicRHI
[2018.11.23-19.26.20:950][243]LogModuleManager: Shutting down and abandoning module FightingGame (622)
[2018.11.23-19.26.20:950][243]LogModuleManager: Shutting down and abandoning module MovieSceneCapture (619)
[2018.11.23-19.26.20:950][243]LogModuleManager: Shutting down and abandoning module Voice (617)
[2018.11.23-19.26.20:950][243]LogModuleManager: Shutting down and abandoning module HierarchicalLODOutliner (614)
[2018.11.23-19.26.20:950][243]LogModuleManager: Shutting down and abandoning module SceneOutliner (612)
[2018.11.23-19.26.20:950][243]LogModuleManager: Shutting down and abandoning module AddContentDialog (610)
[2018.11.23-19.26.20:957][243]LogModuleManager: Shutting down and abandoning module WidgetCarousel (609)
[2018.11.23-19.26.20:957][243]LogModuleManager: Shutting down and abandoning module EditorWidgets (606)
[2018.11.23-19.26.20:957][243]LogModuleManager: Shutting down and abandoning module CollectionManager (604)
[2018.11.23-19.26.20:957][243]LogModuleManager: Shutting down and abandoning module MeshBuilder (602)
[2018.11.23-19.26.20:957][243]LogModuleManager: Shutting down and abandoning module StatsViewer (600)
[2018.11.23-19.26.20:957][243]LogModuleManager: Shutting down and abandoning module FoliageEdit (598)
[2018.11.23-19.26.20:957][243]LogModuleManager: Shutting down and abandoning module LandscapeEditor (596)
[2018.11.23-19.26.20:958][243]LogModuleManager: Shutting down and abandoning module MeshPaintMode (594)
[2018.11.23-19.26.20:958][243]LogModuleManager: Shutting down and abandoning module SceneDepthPickerMode (592)
[2018.11.23-19.26.20:958][243]LogModuleManager: Shutting down and abandoning module ActorPickerMode (590)
[2018.11.23-19.26.20:958][243]LogModuleManager: Shutting down and abandoning module GeometryMode (588)
[2018.11.23-19.26.20:958][243]LogModuleManager: Shutting down and abandoning module TextureAlignMode (586)
[2018.11.23-19.26.20:958][243]LogModuleManager: Shutting down and abandoning module BspMode (584)
[2018.11.23-19.26.20:958][243]LogModuleManager: Shutting down and abandoning module PIEPreviewDeviceProfileSelector (582)
[2018.11.23-19.26.20:958][243]LogModuleManager: Shutting down and abandoning module SequenceRecorderSections (580)
[2018.11.23-19.26.20:958][243]LogModuleManager: Shutting down and abandoning module AutomationWorker (578)
[2018.11.23-19.26.20:958][243]LogModuleManager: Shutting down and abandoning module AudioCaptureEditor (576)
[2018.11.23-19.26.20:958][243]LogModuleManager: Shutting down and abandoning module SequenceRecorder (575)
[2018.11.23-19.26.20:958][243]LogModuleManager: Shutting down and abandoning module MatineeToLevelSequence (572)
[2018.11.23-19.26.20:958][243]LogModuleManager: Shutting down and abandoning module LevelSequenceEditor (570)
[2018.11.23-19.26.20:958][243]LogModuleManager: Shutting down and abandoning module PlacementMode (569)
[2018.11.23-19.26.20:958][243]LogModuleManager: Shutting down and abandoning module MaterialEditor (568)
[2018.11.23-19.26.20:958][243]LogModuleManager: Shutting down and abandoning module WmfMediaFactory (564)
[2018.11.23-19.26.20:958][243]LogModuleManager: Shutting down and abandoning module WmfMediaEditor (562)
[2018.11.23-19.26.20:958][243]LogModuleManager: Shutting down and abandoning module MediaPlayerEditor (560)
[2018.11.23-19.26.20:958][243]LogModuleManager: Shutting down and abandoning module OpenExrWrapper (558)
[2018.11.23-19.26.20:958][243]LogModuleManager: Shutting down and abandoning module ImgMediaFactory (556)
[2018.11.23-19.26.20:958][243]LogModuleManager: Shutting down and abandoning module ImgMediaEditor (554)
[2018.11.23-19.26.20:958][243]LogModuleManager: Shutting down and abandoning module AvfMediaFactory (552)
[2018.11.23-19.26.20:958][243]LogModuleManager: Shutting down and abandoning module AvfMediaEditor (550)
[2018.11.23-19.26.20:958][243]LogModuleManager: Shutting down and abandoning module AndroidMediaFactory (548)
[2018.11.23-19.26.20:958][243]LogModuleManager: Shutting down and abandoning module AndroidMediaEditor (546)
[2018.11.23-19.26.20:958][243]LogModuleManager: Shutting down and abandoning module MagicLeapCameraPreviewFactory (544)
[2018.11.23-19.26.20:958][243]LogModuleManager: Shutting down and abandoning module MagicLeapMediaFactory (542)
[2018.11.23-19.26.20:958][243]LogModuleManager: Shutting down and abandoning module MagicLeapMediaEditor (540)
[2018.11.23-19.26.20:958][243]LogModuleManager: Shutting down and abandoning module CharacterAI (538)
[2018.11.23-19.26.20:959][243]LogModuleManager: Shutting down and abandoning module SmartSnapping (536)
[2018.11.23-19.26.20:959][243]LogModuleManager: Shutting down and abandoning module SessionServices (534)
[2018.11.23-19.26.20:959][243]LogModuleManager: Shutting down and abandoning module ViewportSnapping (532)
[2018.11.23-19.26.20:959][243]LogModuleManager: Shutting down and abandoning module ViewportInteraction (530)
[2018.11.23-19.26.20:959][243]LogModuleManager: Shutting down and abandoning module ClothPainter (528)
[2018.11.23-19.26.20:959][243]LogModuleManager: Shutting down and abandoning module SkeletalMeshEditor (527)
[2018.11.23-19.26.20:959][243]LogModuleManager: Shutting down and abandoning module LogVisualizer (524)
[2018.11.23-19.26.20:959][243]LogModuleManager: Shutting down and abandoning module IntroTutorials (522)
[2018.11.23-19.26.20:959][243]LogModuleManager: Shutting down and abandoning module GameProjectGeneration (521)
[2018.11.23-19.26.20:959][243]LogModuleManager: Shutting down and abandoning module LuminPlatformEditor (518)
[2018.11.23-19.26.20:959][243]LogModuleManager: Shutting down and abandoning module IOSPlatformEditor (516)
[2018.11.23-19.26.20:960][243]LogModuleManager: Shutting down and abandoning module HTML5PlatformEditor (514)
[2018.11.23-19.26.20:960][243]LogModuleManager: Shutting down and abandoning module AndroidPlatformEditor (512)
[2018.11.23-19.26.20:960][243]LogModuleManager: Shutting down and abandoning module AndroidDeviceDetection (511)
[2018.11.23-19.26.21:802][243]LogModuleManager: Shutting down and abandoning module WindowsPlatformEditor (508)
[2018.11.23-19.26.21:802][243]LogModuleManager: Shutting down and abandoning module LuminRuntimeSettings (506)
[2018.11.23-19.26.21:802][243]LogModuleManager: Shutting down and abandoning module IOSRuntimeSettings (504)
[2018.11.23-19.26.21:802][243]LogModuleManager: Shutting down and abandoning module AndroidRuntimeSettings (502)
[2018.11.23-19.26.21:802][243]LogModuleManager: Shutting down and abandoning module InputBindingEditor (500)
[2018.11.23-19.26.21:802][243]LogModuleManager: Shutting down and abandoning module MergeActors (498)
[2018.11.23-19.26.21:802][243]LogModuleManager: Shutting down and abandoning module LocalizationDashboard (496)
[2018.11.23-19.26.21:802][243]LogModuleManager: Shutting down and abandoning module LocalizationService (495)
[2018.11.23-19.26.21:802][243]LogModuleManager: Shutting down and abandoning module HardwareTargeting (492)
[2018.11.23-19.26.21:802][243]LogModuleManager: Shutting down and abandoning module DeviceProfileEditor (490)
[2018.11.23-19.26.21:802][243]LogModuleManager: Shutting down and abandoning module UndoHistory (488)
[2018.11.23-19.26.21:803][243]LogModuleManager: Shutting down and abandoning module XmlParser (486)
[2018.11.23-19.26.21:803][243]LogModuleManager: Shutting down and abandoning module Blutility (484)
[2018.11.23-19.26.21:803][243]LogModuleManager: Shutting down and abandoning module ProjectSettingsViewer (482)
[2018.11.23-19.26.21:803][243]LogModuleManager: Shutting down and abandoning module ProjectTargetPlatformEditor (481)
[2018.11.23-19.26.21:803][243]LogModuleManager: Shutting down and abandoning module EditorSettingsViewer (478)
[2018.11.23-19.26.21:803][243]LogModuleManager: Shutting down and abandoning module SettingsEditor (476)
[2018.11.23-19.26.21:803][243]LogModuleManager: Shutting down and abandoning module ProjectLauncher (474)
[2018.11.23-19.26.21:803][243]LogModuleManager: Shutting down and abandoning module SessionFrontend (472)
[2018.11.23-19.26.21:803][243]LogModuleManager: Shutting down and abandoning module ProfilerClient (470)
[2018.11.23-19.26.21:803][243]LogModuleManager: Shutting down and abandoning module DeviceManager (468)
[2018.11.23-19.26.21:803][243]LogModuleManager: Shutting down and abandoning module TargetDeviceServices (467)
[2018.11.23-19.26.21:869][243]LogModuleManager: Shutting down and abandoning module AutomationController (464)
[2018.11.23-19.26.21:869][243]LogModuleManager: Shutting down and abandoning module AutomationWindow (462)
[2018.11.23-19.26.21:869][243]LogModuleManager: Shutting down and abandoning module Layers (460)
[2018.11.23-19.26.21:869][243]LogModuleManager: Shutting down and abandoning module ComponentVisualizers (458)
[2018.11.23-19.26.21:869][243]LogModuleManager: Shutting down and abandoning module DetailCustomizations (456)
[2018.11.23-19.26.21:869][243]LogModuleManager: Shutting down and abandoning module PackagesDialog (454)
[2018.11.23-19.26.21:869][243]LogModuleManager: Shutting down and abandoning module Persona (452)
[2018.11.23-19.26.21:869][243]LogModuleManager: Shutting down and abandoning module AdvancedPreviewScene (451)
[2018.11.23-19.26.21:869][243]LogModuleManager: Shutting down and abandoning module AnimGraph (449)
[2018.11.23-19.26.21:869][243]LogModuleManager: Shutting down and abandoning module Kismet (446)
[2018.11.23-19.26.21:869][243]LogModuleManager: Shutting down and abandoning module GraphEditor (444)
[2018.11.23-19.26.21:869][243]LogModuleManager: Shutting down and abandoning module ClassViewer (442)
[2018.11.23-19.26.21:869][243]LogModuleManager: Shutting down and abandoning module Toolbox (440)
[2018.11.23-19.26.21:869][243]LogModuleManager: Shutting down and abandoning module DesktopPlatform (439)
[2018.11.23-19.26.21:869][243]LogModuleManager: Shutting down and abandoning module ModuleUI (436)
[2018.11.23-19.26.21:869][243]LogModuleManager: Shutting down and abandoning module MovieSceneTools (434)
[2018.11.23-19.26.21:869][243]LogModuleManager: Shutting down and abandoning module OutputLog (432)
[2018.11.23-19.26.21:869][243]LogModuleManager: Shutting down and abandoning module GammaUI (430)
[2018.11.23-19.26.21:869][243]LogModuleManager: Shutting down and abandoning module Documentation (428)
[2018.11.23-19.26.21:869][243]LogModuleManager: Shutting down and abandoning module MovieSceneTracks (426)
[2018.11.23-19.26.21:869][243]LogModuleManager: Shutting down and abandoning module MovieScene (424)
[2018.11.23-19.26.21:870][243]LogModuleManager: Shutting down and abandoning module StreamingPauseRendering (422)
[2018.11.23-19.26.21:870][243]LogModuleManager: Shutting down and abandoning module LauncherPlatform (420)
[2018.11.23-19.26.21:870][243]LogModuleManager: Shutting down and abandoning module AnalyticsET (418)
[2018.11.23-19.26.21:870][243]LogModuleManager: Shutting down and abandoning module PortalServices (416)
[2018.11.23-19.26.21:870][243]LogModuleManager: Shutting down and abandoning module PortalRpc (414)
[2018.11.23-19.26.21:870][243]LogModuleManager: Shutting down and abandoning module MessagingRpc (412)
[2018.11.23-19.26.21:870][243]LogModuleManager: Shutting down and abandoning module AIModule (410)
[2018.11.23-19.26.21:870][243]LogModuleManager: Shutting down and abandoning module GameplayDebugger (409)
[2018.11.23-19.26.21:870][243]LogModuleManager: Shutting down and abandoning module AITestSuite (407)
[2018.11.23-19.26.21:870][243]LogModuleManager: Shutting down and abandoning module NavigationSystem (405)
[2018.11.23-19.26.21:870][243]LogModuleManager: Shutting down and abandoning module ProfilerService (402)
[2018.11.23-19.26.21:974][243]LogModuleManager: Shutting down and abandoning module TaskGraph (400)
[2018.11.23-19.26.21:974][243]LogModuleManager: Shutting down and abandoning module SteamVRController (398)
[2018.11.23-19.26.21:975][243]LogModuleManager: Shutting down and abandoning module ProceduralMeshComponentEditor (396)
[2018.11.23-19.26.21:975][243]LogModuleManager: Shutting down and abandoning module ProceduralMeshComponent (394)
[2018.11.23-19.26.21:975][243]LogModuleManager: Shutting down and abandoning module OculusInput (392)
[2018.11.23-19.26.21:975][243]LogModuleManager: Shutting down and abandoning module MobilePatchingUtils (390)
[2018.11.23-19.26.21:975][243]LogModuleManager: Shutting down and abandoning module EditableMesh (388)
[2018.11.23-19.26.21:975][243]LogModuleManager: Shutting down and abandoning module CustomMeshComponent (386)
[2018.11.23-19.26.21:975][243]LogModuleManager: Shutting down and abandoning module CableComponent (384)
[2018.11.23-19.26.21:975][243]LogModuleManager: Shutting down and abandoning module AudioCapture (382)
[2018.11.23-19.26.21:975][243]LogModuleManager: Shutting down and abandoning module ArchVisCharacter (380)
[2018.11.23-19.26.21:975][243]LogModuleManager: Shutting down and abandoning module AndroidPermission (378)
[2018.11.23-19.26.21:975][243]LogModuleManager: Shutting down and abandoning module NUTUnrealEngine4 (376)
[2018.11.23-19.26.21:975][243]LogModuleManager: Shutting down and abandoning module NetcodeUnitTest (374)
[2018.11.23-19.26.21:975][243]LogModuleManager: Shutting down and abandoning module MediaCompositingEditor (372)
[2018.11.23-19.26.21:975][243]LogModuleManager: Shutting down and abandoning module MediaCompositing (370)
[2018.11.23-19.26.21:975][243]LogModuleManager: Shutting down and abandoning module LinearTimecode (368)
[2018.11.23-19.26.21:975][243]LogModuleManager: Shutting down and abandoning module ImgMedia (366)
[2018.11.23-19.26.21:978][243]LogModuleManager: Shutting down and abandoning module HTML5Networking (364)
[2018.11.23-19.26.21:978][243]LogModuleManager: Shutting down and abandoning module GeometryCacheTracks (362)
[2018.11.23-19.26.21:978][243]LogModuleManager: Shutting down and abandoning module GeometryCacheSequencer (360)
[2018.11.23-19.26.21:978][243]LogModuleManager: Shutting down and abandoning module BackChannel (358)
[2018.11.23-19.26.21:978][243]LogModuleManager: Shutting down and abandoning module AppleVision (356)
[2018.11.23-19.26.21:978][243]LogModuleManager: Shutting down and abandoning module AppleImageUtils (354)
[2018.11.23-19.26.21:978][243]LogModuleManager: Shutting down and abandoning module AlembicImporter (352)
[2018.11.23-19.26.21:978][243]LogModuleManager: Shutting down and abandoning module AlembicLibrary (351)
[2018.11.23-19.26.21:978][243]LogModuleManager: Shutting down and abandoning module GeometryCache (350)
[2018.11.23-19.26.21:978][243]LogModuleManager: Shutting down and abandoning module GeometryCacheEd (349)
[2018.11.23-19.26.21:978][243]LogModuleManager: Shutting down and abandoning module DatasmithContentEditor (344)
[2018.11.23-19.26.21:978][243]LogModuleManager: Shutting down and abandoning module DatasmithContent (342)
[2018.11.23-19.26.21:979][243]LogModuleManager: Shutting down and abandoning module SpeedTreeImporter (340)
[2018.11.23-19.26.21:979][243]LogModuleManager: Shutting down and abandoning module PluginBrowser (338)
[2018.11.23-19.26.21:979][243]LogModuleManager: Shutting down and abandoning module MobileLauncherProfileWizard (336)
[2018.11.23-19.26.21:979][243]LogModuleManager: Shutting down and abandoning module PolygonModeling (334)
[2018.11.23-19.26.21:979][243]LogModuleManager: Shutting down and abandoning module MeshEditor (332)
[2018.11.23-19.26.21:979][243]LogModuleManager: Shutting down and abandoning module CryptoKeysOpenSSL (330)
[2018.11.23-19.26.21:979][243]LogModuleManager: Shutting down and abandoning module CryptoKeys (328)
[2018.11.23-19.26.21:979][243]LogModuleManager: Shutting down and abandoning module VisualStudioSourceCodeAccess (326)
[2018.11.23-19.26.21:979][243]LogModuleManager: Shutting down and abandoning module VisualStudioCodeSourceCodeAccess (324)
[2018.11.23-19.26.21:979][243]LogModuleManager: Shutting down and abandoning module UObjectPlugin (322)
[2018.11.23-19.26.21:979][243]LogModuleManager: Shutting down and abandoning module SubversionSourceControl (320)
[2018.11.23-19.26.21:979][243]LogModuleManager: Shutting down and abandoning module PerforceSourceControl (318)
[2018.11.23-19.26.21:979][243]LogModuleManager: Shutting down and abandoning module GitSourceControl (316)
[2018.11.23-19.26.21:979][243]LogModuleManager: Shutting down and abandoning module SourceControl (315)
[2018.11.23-19.26.21:979][243]LogModuleManager: Shutting down and abandoning module CLionSourceCodeAccess (312)
[2018.11.23-19.26.21:979][243]LogModuleManager: Shutting down and abandoning module LightPropagationVolumeEditor (310)
[2018.11.23-19.26.21:979][243]LogModuleManager: Shutting down and abandoning module PaperTiledImporter (308)
[2018.11.23-19.26.21:980][243]LogModuleManager: Shutting down and abandoning module PaperSpriteSheetImporter (306)
[2018.11.23-19.26.21:980][243]LogModuleManager: Shutting down and abandoning module Paper2DEditor (304)
[2018.11.23-19.26.21:980][243]LogModuleManager: Shutting down and abandoning module MeshPaint (303)
[2018.11.23-19.26.21:980][243]LogModuleManager: Shutting down and abandoning module RuntimePhysXCooking (298)
[2018.11.23-19.26.21:980][243]LogModuleManager: Shutting down and abandoning module PhysXVehiclesEditor (296)
[2018.11.23-19.26.21:980][243]LogModuleManager: Shutting down and abandoning module PhysXVehicles (294)
[2018.11.23-19.26.21:980][243]LogModuleManager: Shutting down and abandoning module OculusEditor (292)
[2018.11.23-19.26.21:980][243]LogModuleManager: Shutting down and abandoning module LocationServicesBPLibrary (290)
[2018.11.23-19.26.21:980][243]LogModuleManager: Shutting down and abandoning module ImmediatePhysicsEditor (288)
[2018.11.23-19.26.21:980][243]LogModuleManager: Shutting down and abandoning module ImmediatePhysics (286)
[2018.11.23-19.26.21:980][243]LogModuleManager: Shutting down and abandoning module ActorSequence (284)
[2018.11.23-19.26.21:980][243]LogModuleManager: Shutting down and abandoning module UdpMessaging (282)
[2018.11.23-19.26.22:081][243]LogModuleManager: Shutting down and abandoning module TcpMessaging (280)
[2018.11.23-19.26.22:182][243]LogModuleManager: Shutting down and abandoning module MagicLeapAudio (278)
[2018.11.23-19.26.22:182][243]LogModuleManager: Shutting down and abandoning module GameplayTagsEditor (276)
[2018.11.23-19.26.22:182][243]LogModuleManager: Shutting down and abandoning module FacialAnimationEditor (274)
[2018.11.23-19.26.22:182][243]LogModuleManager: Shutting down and abandoning module FacialAnimation (272)
[2018.11.23-19.26.22:182][243]LogModuleManager: Shutting down and abandoning module DataValidation (270)
[2018.11.23-19.26.22:182][243]LogModuleManager: Shutting down and abandoning module AssetManagerEditor (268)
[2018.11.23-19.26.22:182][243]LogModuleManager: Shutting down and abandoning module LevelEditor (267)
[2018.11.23-19.26.22:183][243]LogModuleManager: Shutting down and abandoning module PixelInspectorModule (266)
[2018.11.23-19.26.22:183][243]LogModuleManager: Shutting down and abandoning module CommonMenuExtensions (264)
[2018.11.23-19.26.22:183][243]LogModuleManager: Shutting down and abandoning module MainFrame (262)
[2018.11.23-19.26.22:184][243]LogModuleManager: Shutting down and abandoning module HotReload (261)
[2018.11.23-19.26.22:184][243]LogModuleManager: Shutting down and abandoning module ContentBrowser (257)
[2018.11.23-19.26.22:185][243]LogModuleManager: Shutting down and abandoning module TreeMap (255)
[2018.11.23-19.26.22:185][243]LogModuleManager: Shutting down and abandoning module LightPropagationVolumeRuntime (252)
[2018.11.23-19.26.22:185][243]LogModuleManager: Shutting down and abandoning module AISupportModule (250)
[2018.11.23-19.26.22:185][243]LogModuleManager: Shutting down and abandoning module Paper2D (248)
[2018.11.23-19.26.22:185][243]LogModuleManager: Shutting down and abandoning module WindowsMoviePlayer (246)
[2018.11.23-19.26.22:185][243]LogModuleManager: Shutting down and abandoning module WmfMedia (244)
[2018.11.23-19.26.22:187][243]LogModuleManager: Shutting down and abandoning module Media (243)
[2018.11.23-19.26.22:193][243]LogModuleManager: Shutting down and abandoning module PacketHandler (240)
[2018.11.23-19.26.22:193][243]LogModuleManager: Shutting down and abandoning module ClothingSystemEditor (238)
[2018.11.23-19.26.22:193][243]LogModuleManager: Shutting down and abandoning module ClothingSystemRuntime (236)
[2018.11.23-19.26.22:193][243]LogModuleManager: Shutting down and abandoning module MediaAssets (234)
[2018.11.23-19.26.22:193][243]LogModuleManager: Shutting down and abandoning module Overlay (232)
[2018.11.23-19.26.22:193][243]LogModuleManager: Shutting down and abandoning module OverlayEditor (231)
[2018.11.23-19.26.22:193][243]LogModuleManager: Shutting down and abandoning module VREditor (228)
[2018.11.23-19.26.22:193][243]LogModuleManager: Shutting down and abandoning module StringTableEditor (226)
[2018.11.23-19.26.22:194][243]LogModuleManager: Shutting down and abandoning module GameplayTasksEditor (224)
[2018.11.23-19.26.22:194][243]LogModuleManager: Shutting down and abandoning module BehaviorTreeEditor (222)
[2018.11.23-19.26.22:194][243]LogModuleManager: Shutting down and abandoning module FunctionalTesting (220)
[2018.11.23-19.26.22:194][243]LogModuleManager: Shutting down and abandoning module CollisionAnalyzer (218)
[2018.11.23-19.26.22:194][243]LogModuleManager: Shutting down and abandoning module WorkspaceMenuStructure (217)
[2018.11.23-19.26.22:194][243]LogModuleManager: Shutting down and abandoning module UMG (214)
[2018.11.23-19.26.22:194][243]LogModuleManager: Shutting down and abandoning module UMGEditor (213)
[2018.11.23-19.26.22:194][243]LogModuleManager: Shutting down and abandoning module Sequencer (212)
[2018.11.23-19.26.22:194][243]LogModuleManager: Shutting down and abandoning module MessageLog (209)
[2018.11.23-19.26.22:194][243]LogModuleManager: Shutting down and abandoning module SlateReflector (204)
[2018.11.23-19.26.22:194][243]LogModuleManager: Shutting down and abandoning module Slate (202)
[2018.11.23-19.26.22:194][243]LogModuleManager: Shutting down and abandoning module EditorStyle (200)
[2018.11.23-19.26.22:196][243]LogModuleManager: Shutting down and abandoning module MRMesh (198)
[2018.11.23-19.26.22:196][243]LogModuleManager: Shutting down and abandoning module SourceCodeAccess (196)
[2018.11.23-19.26.22:196][243]LogModuleManager: Shutting down and abandoning module HeadMountedDisplay (194)
[2018.11.23-19.26.22:196][243]LogModuleManager: Shutting down and abandoning module XAudio2 (192)
[2018.11.23-19.26.22:196][243]LogModuleManager: Shutting down and abandoning module Networking (190)
[2018.11.23-19.26.22:196][243]LogModuleManager: Shutting down and abandoning module Core (188)
[2018.11.23-19.26.22:196][243]LogModuleManager: Shutting down and abandoning module LevelSequence (186)
[2018.11.23-19.26.22:196][243]LogModuleManager: Shutting down and abandoning module KismetCompiler (184)
[2018.11.23-19.26.22:196][243]LogModuleManager: Shutting down and abandoning module MeshUtilities (182)
[2018.11.23-19.26.22:196][243]LogModuleManager: Shutting down and abandoning module MeshMergeUtilities (181)
[2018.11.23-19.26.22:196][243]LogModuleManager: Shutting down and abandoning module MeshReductionInterface (180)
[2018.11.23-19.26.22:196][243]LogModuleManager: Shutting down and abandoning module SimplygonSwarm (179)
[2018.11.23-19.26.22:196][243]LogModuleManager: Shutting down and abandoning module ProxyLODMeshReduction (177)
[2018.11.23-19.26.22:196][243]LogModuleManager: Shutting down and abandoning module SimplygonMeshReduction (175)
[2018.11.23-19.26.22:196][243]LogModuleManager: Shutting down and abandoning module QuadricMeshReduction (173)
[2018.11.23-19.26.22:196][243]LogModuleManager: Shutting down and abandoning module MaterialBaking (169)
[2018.11.23-19.26.22:196][243]LogModuleManager: Shutting down and abandoning module DirectoryWatcher (165)
[2018.11.23-19.26.22:196][243]LogModuleManager: Shutting down and abandoning module DerivedDataCache (162)
[2018.11.23-19.26.22:284][243]LogDerivedDataCache: Shutdown
[2018.11.23-19.26.22:284][243]LogModuleManager: Shutting down and abandoning module XGEController (160)
[2018.11.23-19.26.22:284][243]LogModuleManager: Shutting down and abandoning module TargetPlatform (158)
[2018.11.23-19.26.22:284][243]LogModuleManager: Shutting down and abandoning module VulkanShaderFormat (157)
[2018.11.23-19.26.22:284][243]LogModuleManager: Shutting down and abandoning module ShaderFormatVectorVM (155)
[2018.11.23-19.26.22:284][243]LogModuleManager: Shutting down and abandoning module ShaderFormatOpenGL (153)
[2018.11.23-19.26.22:284][243]LogModuleManager: Shutting down and abandoning module ShaderFormatD3D (151)
[2018.11.23-19.26.22:284][243]LogModuleManager: Shutting down and abandoning module MetalShaderFormat (149)
[2018.11.23-19.26.22:284][243]LogModuleManager: Shutting down and abandoning module TextureFormatUncompressed (147)
[2018.11.23-19.26.22:284][243]LogModuleManager: Shutting down and abandoning module TextureFormatPVR (145)
[2018.11.23-19.26.22:284][243]LogModuleManager: Shutting down and abandoning module TextureFormatDXT (143)
[2018.11.23-19.26.22:284][243]LogModuleManager: Shutting down and abandoning module TextureFormatIntelISPCTexComp (141)
[2018.11.23-19.26.22:285][243]LogModuleManager: Shutting down and abandoning module TextureFormatASTC (139)
[2018.11.23-19.26.22:285][243]LogModuleManager: Shutting down and abandoning module ImageWrapper (138)
[2018.11.23-19.26.22:285][243]LogModuleManager: Shutting down and abandoning module TextureFormatAndroid (135)
[2018.11.23-19.26.22:285][243]LogModuleManager: Shutting down and abandoning module AudioFormatOpus (133)
[2018.11.23-19.26.22:285][243]LogModuleManager: Shutting down and abandoning module AudioFormatOgg (131)
[2018.11.23-19.26.22:285][243]LogModuleManager: Shutting down and abandoning module AudioFormatADPCM (129)
[2018.11.23-19.26.22:285][243]LogModuleManager: Shutting down and abandoning module LuminTargetPlatform (127)
[2018.11.23-19.26.22:285][243]LogModuleManager: Shutting down and abandoning module LinuxTargetPlatform (125)
[2018.11.23-19.26.22:285][243]LogModuleManager: Shutting down and abandoning module LinuxServerTargetPlatform (123)
[2018.11.23-19.26.22:285][243]LogModuleManager: Shutting down and abandoning module LinuxNoEditorTargetPlatform (121)
[2018.11.23-19.26.22:285][243]LogModuleManager: Shutting down and abandoning module LinuxClientTargetPlatform (119)
[2018.11.23-19.26.22:285][243]LogModuleManager: Shutting down and abandoning module TVOSTargetPlatform (117)
[2018.11.23-19.26.22:285][243]LogModuleManager: Shutting down and abandoning module Messaging (115)
[2018.11.23-19.26.22:286][243]LogModuleManager: Shutting down and abandoning module IOSTargetPlatform (113)
[2018.11.23-19.26.22:286][243]LogModuleManager: Shutting down and abandoning module HTML5TargetPlatform (111)
[2018.11.23-19.26.22:286][243]LogModuleManager: Shutting down and abandoning module AndroidTargetPlatform (109)
[2018.11.23-19.26.22:294][243]LogModuleManager: Shutting down and abandoning module WindowsTargetPlatform (107)
[2018.11.23-19.26.22:294][243]LogModuleManager: Shutting down and abandoning module WindowsServerTargetPlatform (105)
[2018.11.23-19.26.22:294][243]LogModuleManager: Shutting down and abandoning module WindowsNoEditorTargetPlatform (103)
[2018.11.23-19.26.22:294][243]LogModuleManager: Shutting down and abandoning module WindowsClientTargetPlatform (101)
[2018.11.23-19.26.22:295][243]LogModuleManager: Shutting down and abandoning module MacTargetPlatform (99)
[2018.11.23-19.26.22:295][243]LogModuleManager: Shutting down and abandoning module MacServerTargetPlatform (97)
[2018.11.23-19.26.22:295][243]LogModuleManager: Shutting down and abandoning module MacNoEditorTargetPlatform (95)
[2018.11.23-19.26.22:295][243]LogModuleManager: Shutting down and abandoning module MacClientTargetPlatform (93)
[2018.11.23-19.26.22:295][243]LogModuleManager: Shutting down and abandoning module AllDesktopTargetPlatform (91)
[2018.11.23-19.26.22:295][243]LogModuleManager: Shutting down and abandoning module InputCore (88)
[2018.11.23-19.26.22:295][243]LogModuleManager: Shutting down and abandoning module Settings (86)
[2018.11.23-19.26.22:295][243]LogModuleManager: Shutting down and abandoning module PhysXCooking (84)
[2018.11.23-19.26.22:295][243]LogModuleManager: Shutting down and abandoning module SteamVR (82)
[2018.11.23-19.26.22:295][243]LogModuleManager: Shutting down and abandoning module OculusHMD (80)
[2018.11.23-19.26.22:295][243]LogModuleManager: Shutting down and abandoning module ExampleDeviceProfileSelector (78)
[2018.11.23-19.26.22:295][243]LogModuleManager: Shutting down and abandoning module LauncherChunkInstaller (76)
[2018.11.23-19.26.22:295][243]LogModuleManager: Shutting down and abandoning module OnlineBlueprintSupport (74)
[2018.11.23-19.26.22:295][243]LogModuleManager: Shutting down and abandoning module OnlineSubsystem (70)
[2018.11.23-19.26.22:296][243]LogModuleManager: Shutting down and abandoning module XMPP (65)
[2018.11.23-19.26.22:296][243]LogModuleManager: Shutting down and abandoning module WebSockets (64)
[2018.11.23-19.26.22:303][243]LogModuleManager: Shutting down and abandoning module HTTP (61)
[2018.11.23-19.26.22:303][243]LogHttp: Display: Http module shutting down, but needs to wait on 1 outstanding Http requests:
[2018.11.23-19.26.22:303][243]LogHttp: Display: 	verb=[POST] url=[https://datarouter.ol.epicgames.com/datarouter/api/v1/public/data?SessionID=%7B89906085-43B6-60B8-6F52-75B0D6B51FD5%7D&AppID=UEEditor.Rocket.Release&AppVersion=4.20.3-4369336%2B%2B%2BUE4%2BRelease-4.20&UserID=bb3e0258476a99c00faebcb0dc93aa71%7C%7Ca11c0456-3e3e-428f-b44c-5b4fd75754ec&AppEnvironment=datacollector-binary&UploadType=eteventstream] status=Processing
[2018.11.23-19.26.22:338][243]LogModuleManager: Shutting down and abandoning module SSL (60)
[2018.11.23-19.26.22:339][243]LogModuleManager: Shutting down and abandoning module MagicLeapEmulator (56)
[2018.11.23-19.26.22:339][243]LogModuleManager: Shutting down and abandoning module MagicLeapPrivileges (54)
[2018.11.23-19.26.22:339][243]LogModuleManager: Shutting down and abandoning module MagicLeapIdentity (52)
[2018.11.23-19.26.22:339][243]LogModuleManager: Shutting down and abandoning module MagicLeapHelperVulkan (50)
[2018.11.23-19.26.22:339][243]LogModuleManager: Shutting down and abandoning module MagicLeapHelperOpenGL (48)
[2018.11.23-19.26.22:339][243]LogModuleManager: Shutting down and abandoning module MagicLeapSecureStorage (46)
[2018.11.23-19.26.22:339][243]LogModuleManager: Shutting down and abandoning module MagicLeapGestures (44)
[2018.11.23-19.26.22:339][243]LogModuleManager: Shutting down and abandoning module MagicLeapEyeTracker (42)
[2018.11.23-19.26.22:339][243]LogModuleManager: Shutting down and abandoning module MagicLeapController (40)
[2018.11.23-19.26.22:339][243]LogSlate: Slate User Destroyed.  User Index 0, Is Virtual User: 0
[2018.11.23-19.26.22:339][243]LogModuleManager: Shutting down and abandoning module MagicLeap (38)
[2018.11.23-19.26.22:339][243]LogModuleManager: Shutting down and abandoning module AnimationModifiers (36)
[2018.11.23-19.26.22:339][243]LogModuleManager: Shutting down and abandoning module PropertyEditor (35)
[2018.11.23-19.26.22:340][243]LogModuleManager: Shutting down and abandoning module AudioEditor (32)
[2018.11.23-19.26.22:340][243]LogModuleManager: Shutting down and abandoning module TextureCompressor (30)
[2018.11.23-19.26.22:340][243]LogModuleManager: Shutting down and abandoning module ShaderCore (28)
[2018.11.23-19.26.22:340][243]LogModuleManager: Shutting down and abandoning module Landscape (26)
[2018.11.23-19.26.22:340][243]LogModuleManager: Shutting down and abandoning module SlateRHIRenderer (24)
[2018.11.23-19.26.22:340][243]LogModuleManager: Shutting down and abandoning module OpenGLDrv (22)
[2018.11.23-19.26.22:340][243]LogModuleManager: Shutting down and abandoning module D3D11RHI (20)
[2018.11.23-19.26.22:340][243]LogModuleManager: Shutting down and abandoning module AnimGraphRuntime (18)
[2018.11.23-19.26.22:340][243]LogModuleManager: Shutting down and abandoning module Renderer (16)
[2018.11.23-19.26.22:340][243]LogModuleManager: Shutting down and abandoning module Engine (14)
[2018.11.23-19.26.22:340][243]LogModuleManager: Shutting down and abandoning module CoreUObject (12)
[2018.11.23-19.26.22:340][243]LogModuleManager: Shutting down and abandoning module NetworkFile (10)
[2018.11.23-19.26.22:340][243]LogModuleManager: Shutting down and abandoning module CookedIterativeFile (8)
[2018.11.23-19.26.22:340][243]LogModuleManager: Shutting down and abandoning module StreamingFile (6)
[2018.11.23-19.26.22:340][243]LogModuleManager: Shutting down and abandoning module SandboxFile (4)
[2018.11.23-19.26.22:340][243]LogModuleManager: Shutting down and abandoning module PakFile (2)
[2018.11.23-19.26.22:346][243]LogExit: Exiting.
[2018.11.23-19.26.22:370][243]Log file closed, 11/23/18 19:26:22
