Log file open, 12/27/18 17:30:52
LogWindows: Failed to load 'aqProf.dll' (GetLastError=126)
LogWindows: File 'aqProf.dll' does not exist
LogWindows: Failed to load 'VSPerf140.dll' (GetLastError=126)
LogWindows: File 'VSPerf140.dll' does not exist
LogWindows: Failed to load 'VtuneApi.dll' (GetLastError=126)
LogWindows: File 'VtuneApi.dll' does not exist
LogWindows: Failed to load 'VtuneApi32e.dll' (GetLastError=126)
LogWindows: File 'VtuneApi32e.dll' does not exist
LogInit: Display: Running engine for game: FightingGame
LogPlatformFile: Not using cached read wrapper
LogTaskGraph: Started task graph with 5 named threads and 23 total threads with 3 sets of task threads.
LogStats: Stats thread started at 0.423839
LogD3D11RHI: Loaded GFSDK_Aftermath_Lib.x64.dll
LogICUInternationalization: Display: ICU TimeZone Detection - Raw Offset: +0:00, Platform Override: ''
LogPluginManager: Mounting plugin Paper2D
LogPluginManager: Mounting plugin AISupport
LogPluginManager: Mounting plugin LightPropagationVolume
LogPluginManager: Mounting plugin CLionSourceCodeAccess
LogPluginManager: Mounting plugin CodeLiteSourceCodeAccess
LogPluginManager: Mounting plugin GitSourceControl
LogPluginManager: Mounting plugin KDevelopSourceCodeAccess
LogPluginManager: Mounting plugin NullSourceCodeAccess
LogPluginManager: Mounting plugin PerforceSourceControl
LogPluginManager: Mounting plugin SubversionSourceControl
LogPluginManager: Mounting plugin UObjectPlugin
LogPluginManager: Mounting plugin VisualStudioCodeSourceCodeAccess
LogPluginManager: Mounting plugin VisualStudioSourceCodeAccess
LogPluginManager: Mounting plugin XCodeSourceCodeAccess
LogPluginManager: Mounting plugin AssetManagerEditor
LogPluginManager: Mounting plugin CryptoKeys
LogPluginManager: Mounting plugin DataValidation
LogPluginManager: Mounting plugin FacialAnimation
LogPluginManager: Mounting plugin GameplayTagsEditor
LogPluginManager: Mounting plugin MacGraphicsSwitching
LogPluginManager: Mounting plugin MeshEditor
LogPluginManager: Mounting plugin MobileLauncherProfileWizard
LogPluginManager: Mounting plugin PluginBrowser
LogPluginManager: Mounting plugin SpeedTreeImporter
LogPluginManager: Mounting plugin DatasmithContent
LogPluginManager: Mounting plugin AlembicImporter
LogPluginManager: Mounting plugin AppleImageUtils
LogPluginManager: Mounting plugin AppleVision
LogPluginManager: Mounting plugin BackChannel
LogPluginManager: Mounting plugin CharacterAI
LogPluginManager: Mounting plugin GeometryCache
LogPluginManager: Mounting plugin HTML5Networking
LogPluginManager: Mounting plugin ProxyLODPlugin
LogPluginManager: Mounting plugin MagicLeap
LogPluginManager: Mounting plugin MagicLeapEmulator
LogPluginManager: Mounting plugin MagicLeapMedia
LogPluginManager: Mounting plugin AndroidMedia
LogPluginManager: Mounting plugin AvfMedia
LogPluginManager: Mounting plugin ImgMedia
LogPluginManager: Mounting plugin LinearTimecode
LogPluginManager: Mounting plugin MediaCompositing
LogPluginManager: Mounting plugin MediaPlayerEditor
LogPluginManager: Mounting plugin WmfMedia
LogPluginManager: Mounting plugin TcpMessaging
LogPluginManager: Mounting plugin UdpMessaging
LogPluginManager: Mounting plugin ActorSequence
LogPluginManager: Mounting plugin LevelSequenceEditor
LogPluginManager: Mounting plugin MatineeToLevelSequence
LogPluginManager: Mounting plugin NetcodeUnitTest
LogPluginManager: Mounting plugin NUTUnrealEngine4
LogPluginManager: Mounting plugin OnlineSubsystemGooglePlay
LogPluginManager: Mounting plugin OnlineSubsystemIOS
LogPluginManager: Mounting plugin OnlineSubsystem
LogPluginManager: Mounting plugin OnlineSubsystemNull
LogPluginManager: Mounting plugin OnlineSubsystemUtils
LogPluginManager: Mounting plugin LauncherChunkInstaller
LogPluginManager: Mounting plugin AndroidDeviceProfileSelector
LogPluginManager: Mounting plugin AndroidMoviePlayer
LogPluginManager: Mounting plugin AndroidPermission
LogPluginManager: Mounting plugin AppleMoviePlayer
LogPluginManager: Mounting plugin ArchVisCharacter
LogPluginManager: Mounting plugin AudioCapture
LogPluginManager: Mounting plugin CableComponent
LogPluginManager: Mounting plugin CustomMeshComponent
LogPluginManager: Mounting plugin EditableMesh
LogPluginManager: Mounting plugin ExampleDeviceProfileSelector
LogPluginManager: Mounting plugin GoogleCloudMessaging
LogPluginManager: Mounting plugin ImmediatePhysics
LogPluginManager: Mounting plugin IOSDeviceProfileSelector
LogPluginManager: Mounting plugin LinuxDeviceProfileSelector
LogPluginManager: Mounting plugin LocationServicesBPLibrary
LogPluginManager: Mounting plugin MobilePatchingUtils
LogPluginManager: Mounting plugin OculusVR
LogPluginManager: Plugin shader directory ../../../Engine/Plugins/Runtime/Oculus/OculusVR/Shaders found
LogPluginManager: Mapping shader source directory ../../../Engine/Plugins/Runtime/Oculus/OculusVR/Shaders to virtual directory /Plugin/OculusVR
LogPluginManager: Mounting plugin PhysXVehicles
LogPluginManager: Mounting plugin ProceduralMeshComponent
LogPluginManager: Mounting plugin RuntimePhysXCooking
LogPluginManager: Mounting plugin SteamVR
LogPluginManager: Mounting plugin WindowsMoviePlayer
LogStreaming: Display: Took  0.321s to configure plugins.
LogInit: Using libcurl 7.55.1-DEV
LogInit:  - built for x86_64-pc-win32
LogInit:  - supports SSL with OpenSSL/1.0.2h
LogInit:  - supports HTTP deflate (compression) using libz 1.2.8
LogInit:  - other features:
LogInit:      CURL_VERSION_SSL
LogInit:      CURL_VERSION_LIBZ
LogInit:      CURL_VERSION_IPV6
LogInit:      CURL_VERSION_ASYNCHDNS
LogInit:      CURL_VERSION_LARGEFILE
LogInit:      CURL_VERSION_IDN
LogInit:  CurlRequestOptions (configurable via config and command line):
LogInit:  - bVerifyPeer = false  - Libcurl will NOT verify peer certificate
LogInit:  - bUseHttpProxy = false  - Libcurl will NOT use HTTP proxy
LogInit:  - bDontReuseConnections = false  - Libcurl will reuse connections
LogInit:  - CertBundlePath = nullptr  - Libcurl will use whatever was configured at build time.
LogInit:  - MaxHostConnections = 16  - Libcurl will limit the number of connections to a host
LogInit:  - LocalHostAddr = Default
LogInit:  - BufferSize = 65536
LogInit: WinSock: version 1.1 (2.2), MaxSocks=32767, MaxUdp=65467
LogInit: Build: ++UE4+Release-4.20-CL-4369336
LogInit: Engine Version: 4.20.3-4369336+++UE4+Release-4.20
LogInit: Compatible Engine Version: 4.20.0-4212847+++UE4+Release-4.20
LogInit: Net CL: 4212847
LogInit: OS: Windows 10 (), CPU: Intel(R) Core(TM) i7-6700K CPU @ 4.00GHz, GPU: NVIDIA GeForce GTX 1060 6GB
LogInit: Compiled (64-bit): Sep 17 2018 12:26:19
LogInit: Compiled with Visual C++: 19.13.26129.00
LogInit: Build Configuration: Development
LogInit: Branch Name: ++UE4+Release-4.20
LogInit: Command Line:  -skipcompile
LogInit: Base Directory: D:/Program Files/Epic Games/UE_4.20/Engine/Binaries/Win64/
LogInit: Installed Engine Build: 1
LogDevObjectVersion: Number of dev versions registered: 20
LogDevObjectVersion:   Dev-Blueprints (B0D832E4-1F89-4F0D-ACCF-7EB736FD4AA2): 10
LogDevObjectVersion:   Dev-Build (E1C64328-A22C-4D53-A36C-8E866417BD8C): 0
LogDevObjectVersion:   Dev-Core (375EC13C-06E4-48FB-B500-84F0262A717E): 2
LogDevObjectVersion:   Dev-Editor (E4B068ED-F494-42E9-A231-DA0B2E46BB41): 24
LogDevObjectVersion:   Dev-Framework (CFFC743F-43B0-4480-9391-14DF171D2073): 34
LogDevObjectVersion:   Dev-Mobile (B02B49B5-BB20-44E9-A304-32B752E40360): 2
LogDevObjectVersion:   Dev-Networking (A4E4105C-59A1-49B5-A7C5-40C4547EDFEE): 0
LogDevObjectVersion:   Dev-Online (39C831C9-5AE6-47DC-9A44-9C173E1C8E7C): 0
LogDevObjectVersion:   Dev-Physics (78F01B33-EBEA-4F98-B9B4-84EACCB95AA2): 0
LogDevObjectVersion:   Dev-Platform (6631380F-2D4D-43E0-8009-CF276956A95A): 0
LogDevObjectVersion:   Dev-Rendering (12F88B9F-8875-4AFC-A67C-D90C383ABD29): 26
LogDevObjectVersion:   Dev-Sequencer (7B5AE74C-D270-4C10-A958-57980B212A5A): 9
LogDevObjectVersion:   Dev-VR (D7296918-1DD6-4BDD-9DE2-64A83CC13884): 2
LogDevObjectVersion:   Dev-LoadTimes (C2A15278-BFE7-4AFE-6C17-90FF531DF755): 1
LogDevObjectVersion:   Private-Geometry (6EACA3D4-40EC-4CC1-B786-8BED09428FC5): 3
LogDevObjectVersion:   Dev-AnimPhys (29E575DD-E0A3-4627-9D10-D276232CDCEA): 17
LogDevObjectVersion:   Dev-ReflectionCapture (6B266CEC-1EC7-4B8F-A30B-E4D90942FC07): 1
LogDevObjectVersion:   Dev-Automation (0DF73D61-A23F-47EA-B727-89E90C41499A): 1
LogDevObjectVersion:   FortniteMain (601D1886-AC64-4F84-AA16-D3DE0DEAC7D6): 12
LogDevObjectVersion:   Dev-Enterprise (9DFFBCD6-494F-0158-E221-12823C92A888): 1
LogStreaming: Display: Took  0.002s to delete old logs.
LogInit: Presizing for max 8388607 objects, including 0 objects not considered by GC, pre-allocating 0 bytes for permanent pool.
LogInit: Object subsystem initialized
[2018.12.27-17.30.53:403][  0]LogInit: Selected Device Profile: [Windows]
[2018.12.27-17.30.53:403][  0]LogInit: Applying CVar settings loaded from the selected device profile: [Windows]
[2018.12.27-17.30.53:416][  0]LogHAL: Display: Platform has ~ 16 GB [17126547456 / 17179869184 / 16], which maps to Larger [LargestMinGB=32, LargerMinGB=12, DefaultMinGB=8, SmallerMinGB=6, SmallestMinGB=0)
[2018.12.27-17.30.53:416][  0]LogInit: Setting Device Profile CVar: [[r.Vulkan.UseRealUBs:1]]
[2018.12.27-17.30.53:416][  0]LogInit: Going up to parent DeviceProfile []
[2018.12.27-17.30.53:416][  0]LogInit: Computer: EDWARD
[2018.12.27-17.30.53:416][  0]LogInit: User: John
[2018.12.27-17.30.53:416][  0]LogInit: CPU Page size=4096, Cores=4
[2018.12.27-17.30.53:416][  0]LogInit: High frequency timer resolution =3.914069 MHz
[2018.12.27-17.30.53:417][  0]LogMemory: Memory total: Physical=16.0GB (16GB approx)
[2018.12.27-17.30.53:417][  0]LogMemory: Platform Memory Stats for Windows
[2018.12.27-17.30.53:417][  0]LogMemory: Process Physical Memory: 102.90 MB used, 102.90 MB peak
[2018.12.27-17.30.53:417][  0]LogMemory: Process Virtual Memory: 91.07 MB used, 91.07 MB peak
[2018.12.27-17.30.53:417][  0]LogMemory: Physical Memory: 9913.20 MB used,  6419.95 MB free, 16333.15 MB total
[2018.12.27-17.30.53:417][  0]LogMemory: Virtual Memory: 4639.89 MB used,  6419.95 MB free, 134217728.00 MB total
[2018.12.27-17.30.53:552][  0]LogInit: Using OS detected language (en-US).
[2018.12.27-17.30.53:552][  0]LogInit: Using OS detected locale (en-US).
[2018.12.27-17.30.53:553][  0]LogTextLocalizationManager: No specific localization for 'en-US' exists, so the 'en' localization will be used.
[2018.12.27-17.30.53:878][  0]LogStreaming: Display: Took  0.326s to InitEngineTextLocalization.
[2018.12.27-17.30.53:879][  0]LogInit: Setting process to per monitor DPI aware
[2018.12.27-17.30.53:945][  0]LogSlate: New Slate User Created.  User Index 0, Is Virtual User: 0
[2018.12.27-17.30.53:945][  0]LogSlate: Slate User Registered.  User Index 0, Is Virtual User: 0
[2018.12.27-17.30.54:239][  0]LogHMD: Failed to initialize OpenVR with code 102
[2018.12.27-17.30.54:239][  0]LogD3D11RHI: D3D11 adapters:
[2018.12.27-17.30.54:328][  0]LogD3D11RHI:    0. 'NVIDIA GeForce GTX 1060 6GB' (Feature Level 11_0)
[2018.12.27-17.30.54:328][  0]LogD3D11RHI:       6061/0/8166 MB DedicatedVideo/DedicatedSystem/SharedSystem, Outputs:3, VendorId:0x10de
[2018.12.27-17.30.54:335][  0]LogD3D11RHI:    1. 'Microsoft Basic Render Driver' (Feature Level 11_0)
[2018.12.27-17.30.54:335][  0]LogD3D11RHI:       0/0/8166 MB DedicatedVideo/DedicatedSystem/SharedSystem, Outputs:0, VendorId:0x1414
[2018.12.27-17.30.54:335][  0]LogD3D11RHI: Chosen D3D11 Adapter: 0
[2018.12.27-17.30.54:344][  0]LogD3D11RHI: Creating new Direct3DDevice
[2018.12.27-17.30.54:344][  0]LogD3D11RHI:     GPU DeviceId: 0x1c03 (for the marketing name, search the web for "GPU Device Id")
[2018.12.27-17.30.54:344][  0]LogWindows: EnumDisplayDevices:
[2018.12.27-17.30.54:344][  0]LogWindows:    0. 'NVIDIA GeForce GTX 1060 6GB' (P:1 D:1)
[2018.12.27-17.30.54:345][  0]LogWindows:    1. 'NVIDIA GeForce GTX 1060 6GB' (P:0 D:1)
[2018.12.27-17.30.54:346][  0]LogWindows:    2. 'NVIDIA GeForce GTX 1060 6GB' (P:0 D:1)
[2018.12.27-17.30.54:346][  0]LogWindows:    3. 'NVIDIA GeForce GTX 1060 6GB' (P:0 D:0)
[2018.12.27-17.30.54:347][  0]LogWindows: DebugString: FoundDriverCount:4 
[2018.12.27-17.30.54:347][  0]LogD3D11RHI:     Adapter Name: NVIDIA GeForce GTX 1060 6GB
[2018.12.27-17.30.54:347][  0]LogD3D11RHI:   Driver Version: 388.13 (internal:23.21.13.8813, unified:388.13)
[2018.12.27-17.30.54:347][  0]LogD3D11RHI:      Driver Date: 10-27-2017
[2018.12.27-17.30.54:347][  0]LogRHI: Texture pool is 4242 MB (70% of 6061 MB)
[2018.12.27-17.30.54:385][  0]LogD3D11RHI: Async texture creation enabled
[2018.12.27-17.30.54:400][  0]LogD3D11RHI: GPU Timing Frequency: 1000.000000 (Debug: 2 1)
[2018.12.27-17.30.54:502][  0]LogShaderCompilers: Guid format shader working directory is -3 characters bigger than the processId version (../../../../../../Git/FightingGame/FightingGame/Intermediate/Shaders/WorkingDirectory/22732/).
[2018.12.27-17.30.54:502][  0]LogShaderCompilers: Cleaned the shader compiler working directory 'C:/Users/John/AppData/Local/Temp/UnrealShaderWorkingDir/2FC6CBC34ACE78A76F056F84A9541906/'.
[2018.12.27-17.30.56:110][  0]LogTemp: Display: Loaded TP AllDesktopTargetPlatform
[2018.12.27-17.30.56:129][  0]LogTemp: Display: Loaded TP MacClientTargetPlatform
[2018.12.27-17.30.56:151][  0]LogTemp: Display: Loaded TP MacNoEditorTargetPlatform
[2018.12.27-17.30.56:177][  0]LogTemp: Display: Loaded TP MacServerTargetPlatform
[2018.12.27-17.30.56:198][  0]LogTemp: Display: Loaded TP MacTargetPlatform
[2018.12.27-17.30.56:219][  0]LogTemp: Display: Loaded TP WindowsClientTargetPlatform
[2018.12.27-17.30.56:239][  0]LogTemp: Display: Loaded TP WindowsNoEditorTargetPlatform
[2018.12.27-17.30.56:258][  0]LogTemp: Display: Loaded TP WindowsServerTargetPlatform
[2018.12.27-17.30.56:271][  0]LogTemp: Display: Loaded TP WindowsTargetPlatform
[2018.12.27-17.30.56:359][  0]LogTemp: Display: Loaded TP AndroidTargetPlatform
[2018.12.27-17.30.56:359][  0]LogTemp: Display: Loaded TP AndroidTargetPlatform
[2018.12.27-17.30.56:359][  0]LogTemp: Display: Loaded TP AndroidTargetPlatform
[2018.12.27-17.30.56:359][  0]LogTemp: Display: Loaded TP AndroidTargetPlatform
[2018.12.27-17.30.56:360][  0]LogTemp: Display: Loaded TP AndroidTargetPlatform
[2018.12.27-17.30.56:360][  0]LogTemp: Display: Loaded TP AndroidTargetPlatform
[2018.12.27-17.30.56:360][  0]LogTemp: Display: Loaded TP AndroidTargetPlatform
[2018.12.27-17.30.56:360][  0]LogTemp: Display: Loaded TP AndroidTargetPlatform
[2018.12.27-17.30.56:360][  0]LogTemp: Display: Loaded TP AndroidTargetPlatform
[2018.12.27-17.30.56:360][  0]LogTemp: Display: Loaded TP AndroidTargetPlatform
[2018.12.27-17.30.56:360][  0]LogTemp: Display: Loaded TP AndroidTargetPlatform
[2018.12.27-17.30.56:360][  0]LogTemp: Display: Loaded TP AndroidTargetPlatform
[2018.12.27-17.30.56:360][  0]LogTemp: Display: Loaded TP AndroidTargetPlatform
[2018.12.27-17.30.56:360][  0]LogTemp: Display: Loaded TP AndroidTargetPlatform
[2018.12.27-17.30.56:360][  0]LogTemp: Display: Loaded TP AndroidTargetPlatform
[2018.12.27-17.30.56:360][  0]LogTemp: Display: Loaded TP AndroidTargetPlatform
[2018.12.27-17.30.56:360][  0]LogTemp: Display: Loaded TP AndroidTargetPlatform
[2018.12.27-17.30.56:360][  0]LogTemp: Display: Loaded TP AndroidTargetPlatform
[2018.12.27-17.30.56:366][  0]LogTemp: Display: Loaded TP HTML5TargetPlatform
[2018.12.27-17.30.56:444][  0]LogTemp: Display: Loaded TP IOSTargetPlatform
[2018.12.27-17.30.56:444][  0]LogTemp: Display: Loaded TP IOSTargetPlatform
[2018.12.27-17.30.56:473][  0]LogTemp: Display: Loaded TP TVOSTargetPlatform
[2018.12.27-17.30.56:473][  0]LogTemp: Display: Loaded TP TVOSTargetPlatform
[2018.12.27-17.30.56:488][  0]LogTemp: Display: Loaded TP LinuxClientTargetPlatform
[2018.12.27-17.30.56:505][  0]LogTemp: Display: Loaded TP LinuxNoEditorTargetPlatform
[2018.12.27-17.30.56:522][  0]LogTemp: Display: Loaded TP LinuxServerTargetPlatform
[2018.12.27-17.30.56:542][  0]LogTemp: Display: Loaded TP LinuxTargetPlatform
[2018.12.27-17.30.56:557][  0]LogTemp: Display: Loaded TP LuminTargetPlatform
[2018.12.27-17.30.56:557][  0]LogTargetPlatformManager: Display: Building Assets For Windows
[2018.12.27-17.30.56:861][  0]LogXGEController: Cleaning working directory: C:/Users/John/AppData/Local/Temp/UnrealXGEWorkingDir/
[2018.12.27-17.30.56:861][  0]LogXGEController: Cannot use XGE Controller as Incredibuild is not installed on this machine.
[2018.12.27-17.30.56:861][  0]LogShaderCompilers: Cannot use XGE Shader Compiler as Incredibuild is not installed on this machine.
[2018.12.27-17.30.56:862][  0]LogShaderCompilers: Display: Using Local Shader Compiler.
[2018.12.27-17.30.57:716][  0]LogDerivedDataCache: Display: Max Cache Size: 512 MB
[2018.12.27-17.30.57:769][  0]LogDerivedDataCache: Loaded boot cache 0.05s 71MB C:/Users/John/AppData/Local/UnrealEngine/4.20/DerivedDataCache/Boot.ddc.
[2018.12.27-17.30.57:770][  0]LogDerivedDataCache: Display: Loaded Boot cache: C:/Users/John/AppData/Local/UnrealEngine/4.20/DerivedDataCache/Boot.ddc
[2018.12.27-17.30.57:770][  0]LogDerivedDataCache: FDerivedDataBackendGraph:  Pak pak cache file ../../../../../../Git/FightingGame/FightingGame/DerivedDataCache/DDC.ddp not found, will not use a pak cache.
[2018.12.27-17.30.57:770][  0]LogDerivedDataCache: Unable to find inner node Pak for hierarchical cache Hierarchy.
[2018.12.27-17.30.57:770][  0]LogDerivedDataCache: FDerivedDataBackendGraph:  CompressedPak pak cache file ../../../../../../Git/FightingGame/FightingGame/DerivedDataCache/Compressed.ddp not found, will not use a pak cache.
[2018.12.27-17.30.57:770][  0]LogDerivedDataCache: Unable to find inner node CompressedPak for hierarchical cache Hierarchy.
[2018.12.27-17.30.57:781][  0]LogDerivedDataCache: Display: Pak cache opened for reading ../../../Engine/DerivedDataCache/Compressed.ddp.
[2018.12.27-17.30.57:795][  0]LogDerivedDataCache: Using Local data cache path C:/Users/John/AppData/Local/UnrealEngine/Common/DerivedDataCache: Writable
[2018.12.27-17.30.57:795][  0]LogDerivedDataCache: Shared data cache path not found in *engine.ini, will not use an Shared cache.
[2018.12.27-17.30.57:795][  0]LogDerivedDataCache: Unable to find inner node Shared for hierarchical cache Hierarchy.
[2018.12.27-17.30.57:810][  0]LogMaterial: Verifying Global Shaders for PCD3D_SM5
[2018.12.27-17.30.57:812][  0]LogSlate: Using FreeType 2.6.0
[2018.12.27-17.30.57:813][  0]LogSlate: SlateFontServices - WITH_FREETYPE: 1, WITH_HARFBUZZ: 1
[2018.12.27-17.30.57:897][  0]LogAssetRegistry: FAssetRegistry took 0.0285 seconds to start up
[2018.12.27-17.30.58:233][  0]LogInit: Selected Device Profile: [Windows]
[2018.12.27-17.30.58:557][  0]LogSimplygon: Simplygon DLL not present - disabling.
[2018.12.27-17.30.58:579][  0]LogMeshReduction: Using SimplygonSwarm for distributed automatic mesh merging
[2018.12.27-17.30.58:579][  0]LogMeshReduction: Using ProxyLODMeshReduction for automatic mesh merging
[2018.12.27-17.30.58:579][  0]LogMeshReduction: Using QuadricMeshReduction for automatic static mesh reduction
[2018.12.27-17.30.58:579][  0]LogMeshReduction: No automatic skeletal mesh reduction module available
[2018.12.27-17.30.58:619][  0]LogNetVersion: FightingGame 1.0.0, NetCL: 4212847, EngineNetVer: 5, GameNetVer: 0 (Checksum: 156865789)
[2018.12.27-17.30.59:313][  0]LogPackageLocalizationCache: Processed 11 localized package path(s) for 2 prioritized culture(s) in 0.185810 seconds
[2018.12.27-17.30.59:319][  0]LogUObjectArray: 38425 objects as part of root set at end of initial load.
[2018.12.27-17.30.59:319][  0]LogUObjectAllocator: 6690872 out of 0 bytes used by permanent object pool.
[2018.12.27-17.30.59:319][  0]LogUObjectArray: CloseDisregardForGC: 0/0 objects in disregard for GC pool
[2018.12.27-17.31.00:583][  0]LogTcpMessaging: Initializing TcpMessaging bridge
[2018.12.27-17.31.00:602][  0]LogUdpMessaging: Initializing bridge on interface 0.0.0.0:0 to multicast group 230.0.0.1:6666.
[2018.12.27-17.31.00:880][  0]SourceControl: Source control is disabled
[2018.12.27-17.31.00:880][  0]SourceControl: Source control is disabled
[2018.12.27-17.31.00:895][  0]SourceControl: Source control is disabled
[2018.12.27-17.31.00:902][  0]SourceControl: Source control is disabled
[2018.12.27-17.31.01:353][  0]LogAndroidPermission: UAndroidPermissionCallbackProxy::GetInstance
[2018.12.27-17.31.01:591][  0]LogOcInput: OculusInput pre-init called
[2018.12.27-17.31.01:685][  0]LogEngine: Initializing Engine...
[2018.12.27-17.31.01:687][  0]LogHMD: Failed to initialize OpenVR with code 102
[2018.12.27-17.31.01:689][  0]LogStats: UGameplayTagsManager::ConstructGameplayTagTree: ImportINI prefixes -  0.000 s
[2018.12.27-17.31.01:689][  0]LogStats: UGameplayTagsManager::ConstructGameplayTagTree: Construct from data asset -  0.000 s
[2018.12.27-17.31.01:689][  0]LogStats: UGameplayTagsManager::ConstructGameplayTagTree: ImportINI -  0.000 s
[2018.12.27-17.31.01:690][  0]LogStats: UGameplayTagsManager::ConstructGameplayTagTree: GameplayTagTreeChangedEvent.Broadcast -  0.000 s
[2018.12.27-17.31.01:888][  0]LogInit: Initializing FReadOnlyCVARCache
[2018.12.27-17.31.01:914][  0]LogAIModule: Creating AISystem for world Untitled
[2018.12.27-17.31.02:016][  0]LogInit: XAudio2 using 'Headset Earphone (Razer ManO'War)' : 2 channels at 48 kHz using 16 bits per sample (channel mask 0x3)
[2018.12.27-17.31.02:107][  0]LogInit: FAudioDevice initialized.
[2018.12.27-17.31.02:108][  0]LogNetVersion: Set ProjectVersion to 1.0.0.0. Version Checksum will be recalculated on next use.
[2018.12.27-17.31.02:246][  0]LogDerivedDataCache: Saved boot cache 0.14s 71MB C:/Users/John/AppData/Local/UnrealEngine/4.20/DerivedDataCache/Boot.ddc.
[2018.12.27-17.31.02:254][  0]LogInit: Texture streaming: Enabled
[2018.12.27-17.31.02:299][  0]LogEngineSessionManager: EngineSessionManager initialized
[2018.12.27-17.31.02:318][  0]LogInit: Transaction tracking system initialized
[2018.12.27-17.31.02:386][  0]BlueprintLog: New page: Editor Load
[2018.12.27-17.31.02:643][  0]LocalizationService: Localization service is disabled
[2018.12.27-17.31.03:087][  0]LogCook: Display: Max memory allowance for cook 16384mb min free memory 0mb
[2018.12.27-17.31.03:087][  0]LogCook: Display: Mobile HDR setting 1
[2018.12.27-17.31.03:087][  0]LogGameplayTags: Display: UGameplayTagsManager::DoneAddingNativeTags. DelegateIsBound: 0
[2018.12.27-17.31.03:088][  0]LogStats: UGameplayTagsManager::ConstructGameplayTagTree: ImportINI prefixes -  0.000 s
[2018.12.27-17.31.03:088][  0]LogStats: UGameplayTagsManager::ConstructGameplayTagTree: Construct from data asset -  0.000 s
[2018.12.27-17.31.03:088][  0]LogStats: UGameplayTagsManager::ConstructGameplayTagTree: ImportINI -  0.000 s
[2018.12.27-17.31.03:088][  0]LogStats: UGameplayTagsManager::ConstructGameplayTagTree: GameplayTagTreeChangedEvent.Broadcast -  0.000 s
[2018.12.27-17.31.03:254][  0]LogFileCache: Scanning file cache for directory 'D:/Git/FightingGame/FightingGame/Content/' took 0.02s
[2018.12.27-17.31.03:254][  0]LogLinker: Warning: Can't find file '/Engine/BasicShapes/Cylinder'
[2018.12.27-17.31.03:254][  0]LogLinker: Warning: Can't find file '/Engine/BasicShapes/Cylinder'
[2018.12.27-17.31.03:255][  0]LogUObjectGlobals: Warning: Failed to find object 'StaticMesh /Engine/BasicShapes/Cylinder.Cylinder'
[2018.12.27-17.31.03:415][  0]SourceControl: Source control is disabled
[2018.12.27-17.31.03:415][  0]Cmd: MAP LOAD FILE="../../../../../../Git/FightingGame/FightingGame/Content/StarterContent/Maps/Minimal_Default.umap" TEMPLATE=0 SHOWPROGRESS=1 FEATURELEVEL=3
[2018.12.27-17.31.03:416][  0]LightingResults: New page: Lighting Build
[2018.12.27-17.31.03:422][  0]MapCheck: New page: Map Check
[2018.12.27-17.31.03:422][  0]LightingResults: New page: Lighting Build
[2018.12.27-17.31.03:742][  0]LogAIModule: Creating AISystem for world Minimal_Default
[2018.12.27-17.31.03:752][  0]LogEditorServer: Finished looking for orphan Actors (0.000 secs)
[2018.12.27-17.31.03:771][  0]Cmd: MAP CHECKDEP NOCLEARLOG
[2018.12.27-17.31.04:007][  0]MapCheck: Map check complete: 0 Error(s), 0 Warning(s), took 236.763ms to complete.
[2018.12.27-17.31.04:008][  0]LogFileHelpers: Loading map 'Minimal_Default' took 0.593
[2018.12.27-17.31.04:161][  0]LogSlate: Updating window title bar state: overlay mode, drag disabled, window buttons hidden, title bar hidden
[2018.12.27-17.31.04:171][  0]LogSlate: Updating window title bar state: overlay mode, drag disabled, window buttons hidden, title bar hidden
[2018.12.27-17.31.04:179][  0]LogSlate: Updating window title bar state: overlay mode, drag disabled, window buttons hidden, title bar hidden
[2018.12.27-17.31.04:185][  0]LogSlate: Updating window title bar state: overlay mode, drag disabled, window buttons hidden, title bar hidden
[2018.12.27-17.31.04:200][  0]LogCollectionManager: Loaded 0 collections in 0.002560 seconds
[2018.12.27-17.31.04:259][  0]LogFileCache: Scanning file cache for directory 'D:/Git/FightingGame/FightingGame/Saved/Collections/' took 0.01s
[2018.12.27-17.31.04:259][  0]LogFileCache: Scanning file cache for directory 'D:/Git/FightingGame/FightingGame/Content/Developers/John/Collections/' took 0.01s
[2018.12.27-17.31.04:259][  0]LogFileCache: Scanning file cache for directory 'D:/Git/FightingGame/FightingGame/Content/Collections/' took 0.01s
[2018.12.27-17.31.04:260][  0]LogCollectionManager: Rebuilt the GUID cache for 0 collections in 0.000001 seconds
[2018.12.27-17.31.04:268][  0]LogContentBrowser: Native class hierarchy populated in 0.0081 seconds. Added 2577 classes and 605 folders.
[2018.12.27-17.31.04:277][  0]LogContentBrowser: Native class hierarchy updated for 'WidgetCarousel' in 0.0004 seconds. Added 0 classes and 0 folders.
[2018.12.27-17.31.04:346][  0]LogContentBrowser: Native class hierarchy updated for 'AddContentDialog' in 0.0004 seconds. Added 0 classes and 0 folders.
[2018.12.27-17.31.04:363][  0]LogContentBrowser: Native class hierarchy updated for 'SceneOutliner' in 0.0005 seconds. Added 1 classes and 2 folders.
[2018.12.27-17.31.04:416][  0]LogSlate: Took 0.000226 seconds to synchronously load lazily loaded font '../../../Engine/Content/Slate/Fonts/Roboto-Regular.ttf' (155K)
[2018.12.27-17.31.04:419][  0]LogSlate: Took 0.000280 seconds to synchronously load lazily loaded font '../../../Engine/Content/Slate/Fonts/Roboto-Bold.ttf' (160K)
[2018.12.27-17.31.04:423][  0]LogSlate: Took 0.000249 seconds to synchronously load lazily loaded font '../../../Engine/Content/Editor/Slate/Fonts/FontAwesome.ttf' (139K)
[2018.12.27-17.31.04:496][  0]LogRenderer: Reallocating scene render targets to support 1208x680 Format 10 NumSamples 1 (Frame:1).
[2018.12.27-17.31.04:565][  0]LogSlate: Took 0.000210 seconds to synchronously load lazily loaded font '../../../Engine/Content/Slate/Fonts/Roboto-Light.ttf' (167K)
[2018.12.27-17.31.04:704][  0]LogContentBrowser: Native class hierarchy updated for 'HierarchicalLODOutliner' in 0.0005 seconds. Added 0 classes and 0 folders.
[2018.12.27-17.31.04:704][  0]LogLoad: (Engine Initialization) Total time: 14.08 seconds
[2018.12.27-17.31.04:704][  0]LogLoad: (Engine Initialization) Total Blueprint compile time: 0.00 seconds
[2018.12.27-17.31.04:743][  0]LogContentStreaming: Texture pool size now 1000 MB
[2018.12.27-17.31.04:808][  1]LogAssetRegistry: Asset discovery search completed in 6.9347 seconds
[2018.12.27-17.31.04:813][  1]LogCollectionManager: Rebuilt the object cache for 0 collections in 0.000000 seconds (found 0 objects)
[2018.12.27-17.31.04:813][  1]LogCollectionManager: Fixed up redirectors for 0 collections in 0.000182 seconds (updated 0 objects)
[2018.12.27-17.32.18:309][700]LogSlate: FSceneViewport::OnFocusLost() reason 0
[2018.12.27-17.32.27:529][742]LogSlate: Took 0.000238 seconds to synchronously load lazily loaded font '../../../Engine/Content/Slate/Fonts/Roboto-Light.ttf' (167K)
[2018.12.27-17.32.27:537][742]LogAssetEditorManager: Opening Asset editor for Blueprint /Game/TestPlayer.TestPlayer
[2018.12.27-17.32.27:913][742]LogContentBrowser: Native class hierarchy updated for 'BlueprintGraph' in 0.0007 seconds. Added 116 classes and 0 folders.
[2018.12.27-17.32.28:595][742]LogSlate: Took 0.000310 seconds to synchronously load lazily loaded font '../../../Engine/Content/Slate/Fonts/Roboto-BoldCondensed.ttf' (158K)
[2018.12.27-17.32.28:653][743]LogSlate: Took 0.000267 seconds to synchronously load lazily loaded font '../../../Engine/Content/Slate/Fonts/Roboto-Italic.ttf' (157K)
[2018.12.27-17.32.30:962][  7]LogRenderer: Reallocating scene render targets to support 1208x744 Format 10 NumSamples 1 (Frame:1).
[2018.12.27-17.32.33:347][280]LogSlate: FSceneViewport::OnFocusLost() reason 0
[2018.12.27-17.33.33:990][364]Cmd: OBJ SAVEPACKAGE PACKAGE="/Game/TestPlayer" FILE="../../../../../../Git/FightingGame/FightingGame/Content/TestPlayer.uasset" SILENT=true
[2018.12.27-17.33.34:038][364]LogSavePackage: Moving '../../../../../../Git/FightingGame/FightingGame/Saved/TestPlayer45BAD68847DB0299A1E32BB0D0A3A9ED.tmp' to '../../../../../../Git/FightingGame/FightingGame/Content/TestPlayer.uasset'
[2018.12.27-17.34.03:876][811]Cmd: OBJ SAVEPACKAGE PACKAGE="/Game/TestPlayer" FILE="../../../../../../Git/FightingGame/FightingGame/Content/TestPlayer.uasset" SILENT=true
[2018.12.27-17.34.03:921][811]LogSavePackage: Moving '../../../../../../Git/FightingGame/FightingGame/Saved/TestPlayer481CF5C44B5C589EC65919A25C411903.tmp' to '../../../../../../Git/FightingGame/FightingGame/Content/TestPlayer.uasset'
[2018.12.27-17.34.11:230][646]LogSlate: FSceneViewport::OnFocusLost() reason 0
[2018.12.27-17.35.03:293][679]LogSlate: FSceneViewport::OnFocusLost() reason 0
[2018.12.27-17.35.04:924][866]LogEditorTransaction: Undo Set Rotation
[2018.12.27-17.35.06:184][ 11]LogEditorTransaction: Undo Modify Component(s)
[2018.12.27-17.35.06:612][ 61]LogEditorTransaction: Undo Modify Component(s)
[2018.12.27-17.35.12:097][699]LogSlate: FSceneViewport::OnFocusLost() reason 0
[2018.12.27-17.35.19:802][597]Cmd: OBJ SAVEPACKAGE PACKAGE="/Game/TestPlayer" FILE="../../../../../../Git/FightingGame/FightingGame/Content/TestPlayer.uasset" SILENT=true
[2018.12.27-17.35.19:853][597]LogSavePackage: Moving '../../../../../../Git/FightingGame/FightingGame/Saved/TestPlayerFF0210B44B495DD6BC3C8699B491D736.tmp' to '../../../../../../Git/FightingGame/FightingGame/Content/TestPlayer.uasset'
[2018.12.27-17.35.21:147][744]BlueprintLog: New page: Compile TestPlayer
[2018.12.27-17.35.23:472][993]LogEditorViewport: Clicking on Actor (LMB): BP_Sky_Sphere_C (BP_Sky_Sphere)
[2018.12.27-17.35.23:616][  5]LogSlate: FSceneViewport::OnFocusLost() reason 2
[2018.12.27-17.35.23:825][  5]LogSavePackage: Moving '../../../../../../Git/FightingGame/FightingGame/Saved/Minimal_Default4C8E11B44525661DC24910B0E9B2E8F8.tmp' to '../../../../../../Git/FightingGame/FightingGame/Content/StarterContent/Maps/Minimal_Default.umap'
[2018.12.27-17.35.28:539][549]LogSlate: FSceneViewport::OnFocusLost() reason 0
[2018.12.27-17.35.37:985][672]LogSlate: FSceneViewport::OnFocusLost() reason 2
[2018.12.27-17.35.38:001][672]Cmd: OBJ SAVEPACKAGE PACKAGE="/Game/TestPlayer" FILE="../../../../../../Git/FightingGame/FightingGame/Content/TestPlayer.uasset" SILENT=true
[2018.12.27-17.35.38:049][672]LogSavePackage: Moving '../../../../../../Git/FightingGame/FightingGame/Saved/TestPlayerB83D49DF48E7FFA4052605947DE55A59.tmp' to '../../../../../../Git/FightingGame/FightingGame/Content/TestPlayer.uasset'
[2018.12.27-17.35.39:123][796]BlueprintLog: New page: Compile TestPlayer
[2018.12.27-17.35.40:619][944]LogTemp: Repeating last play command: Selected Viewport
[2018.12.27-17.35.40:634][944]LogBlueprintUserMessages: Early PlayInEditor Detection: Level '/Game/StarterContent/Maps/Minimal_Default.Minimal_Default:PersistentLevel' has LevelScriptBlueprint '/Game/StarterContent/Maps/Minimal_Default.Minimal_Default:PersistentLevel.Minimal_Default' with GeneratedClass '/Game/StarterContent/Maps/Minimal_Default.Minimal_Default_C' with ClassGeneratedBy '/Game/StarterContent/Maps/Minimal_Default.Minimal_Default:PersistentLevel.Minimal_Default'
[2018.12.27-17.35.40:634][944]LogPlayLevel: PlayLevel: No blueprints needed recompiling
[2018.12.27-17.35.40:660][944]PIE: New page: PIE session: Minimal_Default (Dec 27, 2018, 5:35:40 PM)
[2018.12.27-17.35.40:660][944]LogPlayLevel: Creating play world package: /Game/StarterContent/Maps/UEDPIE_1_Minimal_Default
[2018.12.27-17.35.40:663][944]LogPlayLevel: PIE: StaticDuplicateObject took: (0.002759s)
[2018.12.27-17.35.40:663][944]LogAIModule: Creating AISystem for world Minimal_Default
[2018.12.27-17.35.40:664][944]LogPlayLevel: PIE: World Init took: (0.000862s)
[2018.12.27-17.35.40:664][944]LogPlayLevel: PIE: Created PIE world by copying editor world from /Game/StarterContent/Maps/Minimal_Default.Minimal_Default to /Game/StarterContent/Maps/UEDPIE_1_Minimal_Default.Minimal_Default (0.004002s)
[2018.12.27-17.35.40:763][944]LogInit: XAudio2 using 'Headset Earphone (Razer ManO'War)' : 2 channels at 48 kHz using 16 bits per sample (channel mask 0x3)
[2018.12.27-17.35.40:841][944]LogInit: FAudioDevice initialized.
[2018.12.27-17.35.40:955][944]LogLoad: Game class is 'FightingGameMode_C'
[2018.12.27-17.35.40:956][944]LogWorld: Bringing World /Game/StarterContent/Maps/UEDPIE_1_Minimal_Default.Minimal_Default up for play (max tick rate 0) at 2018.12.27-17.35.40
[2018.12.27-17.35.40:957][944]LogWorld: Bringing up level for play took: 0.000891
[2018.12.27-17.35.40:983][944]LogContentBrowser: Native class hierarchy updated for 'MovieSceneCapture' in 0.0004 seconds. Added 10 classes and 0 folders.
[2018.12.27-17.35.40:984][944]LogTemp: Display: ParseSettings for GameNetDriver
[2018.12.27-17.35.40:984][944]LogTemp: Display: ParseSettings for IpNetDriver_0
[2018.12.27-17.35.40:984][944]LogTemp: Display: ParseSettings for GameNetDriver
[2018.12.27-17.35.40:985][944]LogNet: ReplicationDriverClass is null! Not using ReplicationDriver.
[2018.12.27-17.35.40:985][944]LogInit: WinSock: Socket queue 131072 / 131072
[2018.12.27-17.35.40:985][944]LogInit: WinSock: I am Edward (192.168.0.40:0)
[2018.12.27-17.35.40:985][944]PacketHandlerLog: Loaded PacketHandler component: Engine.EngineHandlerComponentFactory (StatelessConnectHandlerComponent)
[2018.12.27-17.35.40:985][944]LogNet: GameNetDriver IpNetDriver_0 IpNetDriver listening on port 17777
[2018.12.27-17.35.40:987][944]PIE: Play in editor start time for /Game/StarterContent/Maps/UEDPIE_1_Minimal_Default 0.319
[2018.12.27-17.35.40:998][944]PIE: New page: PIE session: Minimal_Default (Dec 27, 2018, 5:35:40 PM)
[2018.12.27-17.35.41:016][944]LogSlate: FSceneViewport::OnFocusLost() reason 2
[2018.12.27-17.35.41:023][944]LogSlate: Updating window title bar state: overlay mode, drag disabled, window buttons hidden, title bar hidden
[2018.12.27-17.35.41:093][944]LogNet: Browse: 127.0.0.1:17777//Game/StarterContent/Maps/Minimal_Default
[2018.12.27-17.35.41:093][944]LogTemp: Display: ParseSettings for GameNetDriver
[2018.12.27-17.35.41:094][944]LogTemp: Display: ParseSettings for IpNetDriver_1
[2018.12.27-17.35.41:094][944]LogTemp: Display: ParseSettings for PendingNetDriver
[2018.12.27-17.35.41:094][944]LogInit: WinSock: Socket queue 32768 / 32768
[2018.12.27-17.35.41:095][944]PacketHandlerLog: Loaded PacketHandler component: Engine.EngineHandlerComponentFactory (StatelessConnectHandlerComponent)
[2018.12.27-17.35.41:095][944]LogNet: Game client on port 17777, rate 10000
[2018.12.27-17.35.41:098][944]PIE: Play in editor start time for /Game/StarterContent/Maps/Minimal_Default 0.43
[2018.12.27-17.35.41:115][944]LogBlueprintUserMessages: Late PlayInEditor Detection: Level '/Game/StarterContent/Maps/Minimal_Default.Minimal_Default:PersistentLevel' has LevelScriptBlueprint '/Game/StarterContent/Maps/Minimal_Default.Minimal_Default:PersistentLevel.Minimal_Default' with GeneratedClass '/Game/StarterContent/Maps/Minimal_Default.Minimal_Default_C' with ClassGeneratedBy '/Game/StarterContent/Maps/Minimal_Default.Minimal_Default:PersistentLevel.Minimal_Default'
[2018.12.27-17.35.41:116][944]LogNet: NotifyAcceptingConnection accepted from: 127.0.0.1:60798
[2018.12.27-17.35.41:116][944]LogHandshake: SendConnectChallenge. Timestamp: 0.008334, Cookie: 205039089184042098035221162132016141201060075164148150039079
[2018.12.27-17.35.41:135][944]LogHandshake: SendChallengeResponse. Timestamp: 0.008334, Cookie: 205039089184042098035221162132016141201060075164148150039079
[2018.12.27-17.35.41:211][945]LogNet: NotifyAcceptingConnection accepted from: 127.0.0.1:60798
[2018.12.27-17.35.41:212][945]LogHandshake: SendChallengeAck. InCookie: 205039089184042098035221162132016141201060075164148150039079
[2018.12.27-17.35.41:212][945]LogNet: Server accepting post-challenge connection from: 127.0.0.1:60798
[2018.12.27-17.35.41:212][945]PacketHandlerLog: Loaded PacketHandler component: Engine.EngineHandlerComponentFactory (StatelessConnectHandlerComponent)
[2018.12.27-17.35.41:212][945]LogNet: NotifyAcceptedConnection: Name: Minimal_Default, TimeStamp: 12/27/18 17:35:41, [UNetConnection] RemoteAddr: 127.0.0.1:60798, Name: IpConnection_1, Driver: GameNetDriver IpNetDriver_0, IsServer: YES, PC: NULL, Owner: NULL, UniqueId: INVALID
[2018.12.27-17.35.41:213][945]LogNet: AddClientConnection: Added client connection: [UNetConnection] RemoteAddr: 127.0.0.1:60798, Name: IpConnection_1, Driver: GameNetDriver IpNetDriver_0, IsServer: YES, PC: NULL, Owner: NULL, UniqueId: INVALID
[2018.12.27-17.35.41:213][945]LogCharacterMovement: Warning: GetSimulationTimeStep() - Max iterations 8 hit while remaining time 0.074260 > MaxSimulationTimeStep (0.050) for 'TestPlayer_C_0', movement 'Walking'
[2018.12.27-17.35.41:214][945]LogNetVersion: FightingGame 1.0.0.0, NetCL: 4212847, EngineNetVer: 5, GameNetVer: 0 (Checksum: 4124689447)
[2018.12.27-17.35.41:214][945]LogNet: UPendingNetGame::SendInitialJoin: Sending hello. [UNetConnection] RemoteAddr: 127.0.0.1:17777, Name: IpConnection_0, Driver: PendingNetDriver IpNetDriver_1, IsServer: NO, PC: NULL, Owner: NULL, UniqueId: INVALID
[2018.12.27-17.35.41:228][946]LogNet: NotifyAcceptingChannel Control 0 server World /Game/StarterContent/Maps/UEDPIE_1_Minimal_Default.Minimal_Default: Accepted
[2018.12.27-17.35.41:228][946]LogNet: Remote platform little endian=1
[2018.12.27-17.35.41:229][946]LogNet: This platform little endian=1
[2018.12.27-17.35.41:251][947]LogNet: Login request: /Game/StarterContent/Maps/Minimal_Default?Name=Edward-D1CD5B3B45C61203029D3EB42BDD9601 userId: Edward-D1CD5B3B45C61203029D3EB42BDD9601
[2018.12.27-17.35.41:252][947]LogNet: Welcomed by server (Level: /Game/StarterContent/Maps/UEDPIE_1_Minimal_Default, Game: /Game/FightingGameMode.FightingGameMode_C)
[2018.12.27-17.35.41:252][947]LogLoad: LoadMap: 127.0.0.1:17777//Game/StarterContent/Maps/UEDPIE_1_Minimal_Default?game=/Game/FightingGameMode.FightingGameMode_C
[2018.12.27-17.35.41:281][947]LogAIModule: Creating AISystem for world Minimal_Default
[2018.12.27-17.35.41:281][947]LogTemp: Display: ParseSettings for GameNetDriver
[2018.12.27-17.35.41:282][947]LogWorld: Bringing World /Game/StarterContent/Maps/UEDPIE_2_Minimal_Default.Minimal_Default up for play (max tick rate 0) at 2018.12.27-17.35.41
[2018.12.27-17.35.41:282][947]LogWorld: Bringing up level for play took: 0.000698
[2018.12.27-17.35.41:283][947]LogLoad: Took 0.030292 seconds to LoadMap(/Game/StarterContent/Maps/UEDPIE_1_Minimal_Default)
[2018.12.27-17.35.41:294][948]LogNet: Client netspeed is 10000
[2018.12.27-17.35.41:294][948]LogNet: Join request: /Game/StarterContent/Maps/Minimal_Default?Name=Edward-D1CD5B3B45C61203029D3EB42BDD9601?SplitscreenCount=1
[2018.12.27-17.35.41:294][948]LogRenderer: Reallocating scene render targets to support 1280x744 Format 10 NumSamples 1 (Frame:1).
[2018.12.27-17.35.41:294][948]LogOnline: Warning: OSS: No game present to join for session (GameSession)
[2018.12.27-17.35.41:296][948]LogNet: Join succeeded: Edward-D1CD5B3B45C61
[2018.12.27-17.35.41:347][952]LogOnline: Warning: OSS: No game present to join for session (GameSession)
[2018.12.27-17.35.41:358][953]LogOnline: Warning: OSS: No game present to join for session (GameSession)
[2018.12.27-17.35.46:275][534]LogBlueprintUserMessages: Early EndPlayMap Detection: Level '/Game/StarterContent/Maps/Minimal_Default.Minimal_Default:PersistentLevel' has LevelScriptBlueprint '/Game/StarterContent/Maps/Minimal_Default.Minimal_Default:PersistentLevel.Minimal_Default' with GeneratedClass '/Game/StarterContent/Maps/Minimal_Default.Minimal_Default_C' with ClassGeneratedBy '/Game/StarterContent/Maps/Minimal_Default.Minimal_Default:PersistentLevel.Minimal_Default'
[2018.12.27-17.35.46:276][534]LogSlate: Updating window title bar state: overlay mode, drag disabled, window buttons hidden, title bar hidden
[2018.12.27-17.35.46:289][534]LogSlate: Window 'FightingGame Game Preview Client 1 (64-bit/PCD3D_SM5)' being destroyed
[2018.12.27-17.35.46:324][534]LogOnline: Warning: OSS: No game present to leave for session (GameSession)
[2018.12.27-17.35.46:324][534]LogSlate: Updating window title bar state: overlay mode, drag disabled, window buttons hidden, title bar hidden
[2018.12.27-17.35.46:365][534]LogPlayLevel: Display: Shutting down PIE online subsystems
[2018.12.27-17.35.46:365][534]LogBlueprintUserMessages: Late EndPlayMap Detection: Level '/Game/StarterContent/Maps/Minimal_Default.Minimal_Default:PersistentLevel' has LevelScriptBlueprint '/Game/StarterContent/Maps/Minimal_Default.Minimal_Default:PersistentLevel.Minimal_Default' with GeneratedClass '/Game/StarterContent/Maps/Minimal_Default.Minimal_Default_C' with ClassGeneratedBy '/Game/StarterContent/Maps/Minimal_Default.Minimal_Default:PersistentLevel.Minimal_Default'
[2018.12.27-17.35.46:391][534]LogNet: UChannel::CleanUp: ChIndex == 0. Closing connection. [UChannel] ChIndex: 0, Closing: 0 [UNetConnection] RemoteAddr: 127.0.0.1:60798, Name: IpConnection_1, Driver: GameNetDriver IpNetDriver_0, IsServer: YES, PC: PlayerController_1, Owner: PlayerController_1, UniqueId: NULL:Edward-D1CD5B3B45C61203029D3EB42BDD9601
[2018.12.27-17.35.46:391][534]LogNet: UNetConnection::Close: [UNetConnection] RemoteAddr: 127.0.0.1:60798, Name: IpConnection_1, Driver: GameNetDriver IpNetDriver_0, IsServer: YES, PC: PlayerController_1, Owner: PlayerController_1, UniqueId: NULL:Edward-D1CD5B3B45C61203029D3EB42BDD9601, Channels: 11, Time: 2018.12.27-17.35.46
[2018.12.27-17.35.46:391][534]LogNet: UChannel::Close: Sending CloseBunch. ChIndex == 0. Name: [UChannel] ChIndex: 0, Closing: 0 [UNetConnection] RemoteAddr: 127.0.0.1:60798, Name: IpConnection_1, Driver: GameNetDriver IpNetDriver_0, IsServer: YES, PC: PlayerController_1, Owner: PlayerController_1, UniqueId: NULL:Edward-D1CD5B3B45C61203029D3EB42BDD9601
[2018.12.27-17.35.46:391][534]LogNet: UChannel::CleanUp: ChIndex == 0. Closing connection. [UChannel] ChIndex: 0, Closing: 0 [UNetConnection] RemoteAddr: 127.0.0.1:17777, Name: IpConnection_0, Driver: GameNetDriver IpNetDriver_1, IsServer: NO, PC: PlayerController_1, Owner: PlayerController_1, UniqueId: NULL:Edward-D1CD5B3B45C61203029D3EB42BDD9601
[2018.12.27-17.35.46:391][534]LogNet: UNetConnection::Close: [UNetConnection] RemoteAddr: 127.0.0.1:17777, Name: IpConnection_0, Driver: GameNetDriver IpNetDriver_1, IsServer: NO, PC: PlayerController_1, Owner: PlayerController_1, UniqueId: NULL:Edward-D1CD5B3B45C61203029D3EB42BDD9601, Channels: 11, Time: 2018.12.27-17.35.46
[2018.12.27-17.35.46:391][534]LogNet: UChannel::Close: Sending CloseBunch. ChIndex == 0. Name: [UChannel] ChIndex: 0, Closing: 0 [UNetConnection] RemoteAddr: 127.0.0.1:17777, Name: IpConnection_0, Driver: GameNetDriver IpNetDriver_1, IsServer: NO, PC: PlayerController_1, Owner: PlayerController_1, UniqueId: NULL:Edward-D1CD5B3B45C61203029D3EB42BDD9601
[2018.12.27-17.35.46:395][534]LogSlate: Updating window title bar state: overlay mode, drag disabled, window buttons hidden, title bar hidden
[2018.12.27-17.35.46:395][534]LogExit: GameNetDriver None shut down
[2018.12.27-17.35.46:396][534]LogExit: GameNetDriver None shut down
[2018.12.27-17.35.46:421][535]LogPlayLevel: Display: Destroying online subsystem :Context_6
[2018.12.27-17.35.46:422][535]LogPlayLevel: Display: Destroying online subsystem :Context_5
[2018.12.27-17.35.46:814][579]LogSlate: FSceneViewport::OnFocusLost() reason 0
[2018.12.27-17.36.13:905][746]Cmd: OBJ SAVEPACKAGE PACKAGE="/Game/TestPlayer" FILE="../../../../../../Git/FightingGame/FightingGame/Content/TestPlayer.uasset" SILENT=true
[2018.12.27-17.36.13:954][746]LogSavePackage: Moving '../../../../../../Git/FightingGame/FightingGame/Saved/TestPlayerA342A6B74EFDB5301A1D3F8D4FEAD01B.tmp' to '../../../../../../Git/FightingGame/FightingGame/Content/TestPlayer.uasset'
[2018.12.27-17.36.14:993][862]BlueprintLog: New page: Compile TestPlayer
[2018.12.27-17.36.16:013][959]LogTemp: Repeating last play command: Selected Viewport
[2018.12.27-17.36.16:029][959]LogBlueprintUserMessages: Early PlayInEditor Detection: Level '/Game/StarterContent/Maps/Minimal_Default.Minimal_Default:PersistentLevel' has LevelScriptBlueprint '/Game/StarterContent/Maps/Minimal_Default.Minimal_Default:PersistentLevel.Minimal_Default' with GeneratedClass '/Game/StarterContent/Maps/Minimal_Default.Minimal_Default_C' with ClassGeneratedBy '/Game/StarterContent/Maps/Minimal_Default.Minimal_Default:PersistentLevel.Minimal_Default'
[2018.12.27-17.36.16:029][959]LogPlayLevel: PlayLevel: No blueprints needed recompiling
[2018.12.27-17.36.16:041][959]PIE: New page: PIE session: Minimal_Default (Dec 27, 2018, 5:36:16 PM)
[2018.12.27-17.36.16:041][959]LogPlayLevel: Creating play world package: /Game/StarterContent/Maps/UEDPIE_1_Minimal_Default
[2018.12.27-17.36.16:045][959]LogPlayLevel: PIE: StaticDuplicateObject took: (0.004007s)
[2018.12.27-17.36.16:046][959]LogAIModule: Creating AISystem for world Minimal_Default
[2018.12.27-17.36.16:046][959]LogPlayLevel: PIE: World Init took: (0.000970s)
[2018.12.27-17.36.16:046][959]LogPlayLevel: PIE: Created PIE world by copying editor world from /Game/StarterContent/Maps/Minimal_Default.Minimal_Default to /Game/StarterContent/Maps/UEDPIE_1_Minimal_Default.Minimal_Default (0.005358s)
[2018.12.27-17.36.16:133][959]LogInit: XAudio2 using 'Headset Earphone (Razer ManO'War)' : 2 channels at 48 kHz using 16 bits per sample (channel mask 0x3)
[2018.12.27-17.36.16:198][959]LogInit: FAudioDevice initialized.
[2018.12.27-17.36.16:231][959]LogLoad: Game class is 'FightingGameMode_C'
[2018.12.27-17.36.16:233][959]LogWorld: Bringing World /Game/StarterContent/Maps/UEDPIE_1_Minimal_Default.Minimal_Default up for play (max tick rate 0) at 2018.12.27-17.36.16
[2018.12.27-17.36.16:233][959]LogWorld: Bringing up level for play took: 0.001162
[2018.12.27-17.36.16:248][959]LogTemp: Display: ParseSettings for GameNetDriver
[2018.12.27-17.36.16:248][959]LogTemp: Display: ParseSettings for IpNetDriver_2
[2018.12.27-17.36.16:248][959]LogTemp: Display: ParseSettings for GameNetDriver
[2018.12.27-17.36.16:248][959]LogNet: ReplicationDriverClass is null! Not using ReplicationDriver.
[2018.12.27-17.36.16:248][959]LogInit: WinSock: Socket queue 131072 / 131072
[2018.12.27-17.36.16:249][959]PacketHandlerLog: Loaded PacketHandler component: Engine.EngineHandlerComponentFactory (StatelessConnectHandlerComponent)
[2018.12.27-17.36.16:249][959]LogNet: GameNetDriver IpNetDriver_2 IpNetDriver listening on port 17777
[2018.12.27-17.36.16:250][959]PIE: Play in editor start time for /Game/StarterContent/Maps/UEDPIE_1_Minimal_Default -0.418
[2018.12.27-17.36.16:263][959]PIE: New page: PIE session: Minimal_Default (Dec 27, 2018, 5:36:16 PM)
[2018.12.27-17.36.16:283][959]LogSlate: FSceneViewport::OnFocusLost() reason 2
[2018.12.27-17.36.16:290][959]LogSlate: Updating window title bar state: overlay mode, drag disabled, window buttons hidden, title bar hidden
[2018.12.27-17.36.16:354][959]LogNet: Browse: 127.0.0.1:17777//Game/StarterContent/Maps/Minimal_Default
[2018.12.27-17.36.16:354][959]LogTemp: Display: ParseSettings for GameNetDriver
[2018.12.27-17.36.16:355][959]LogTemp: Display: ParseSettings for IpNetDriver_3
[2018.12.27-17.36.16:355][959]LogTemp: Display: ParseSettings for PendingNetDriver
[2018.12.27-17.36.16:355][959]LogInit: WinSock: Socket queue 32768 / 32768
[2018.12.27-17.36.16:356][959]PacketHandlerLog: Loaded PacketHandler component: Engine.EngineHandlerComponentFactory (StatelessConnectHandlerComponent)
[2018.12.27-17.36.16:356][959]LogNet: Game client on port 17777, rate 10000
[2018.12.27-17.36.16:360][959]PIE: Play in editor start time for /Game/StarterContent/Maps/Minimal_Default -0.308
[2018.12.27-17.36.16:381][959]LogBlueprintUserMessages: Late PlayInEditor Detection: Level '/Game/StarterContent/Maps/Minimal_Default.Minimal_Default:PersistentLevel' has LevelScriptBlueprint '/Game/StarterContent/Maps/Minimal_Default.Minimal_Default:PersistentLevel.Minimal_Default' with GeneratedClass '/Game/StarterContent/Maps/Minimal_Default.Minimal_Default_C' with ClassGeneratedBy '/Game/StarterContent/Maps/Minimal_Default.Minimal_Default:PersistentLevel.Minimal_Default'
[2018.12.27-17.36.16:381][959]LogNet: NotifyAcceptingConnection accepted from: 127.0.0.1:54953
[2018.12.27-17.36.16:381][959]LogHandshake: SendConnectChallenge. Timestamp: 0.008334, Cookie: 170065214119029142161157167237091242131068120227137134141124
[2018.12.27-17.36.16:382][959]LogHandshake: SendChallengeResponse. Timestamp: 0.008334, Cookie: 170065214119029142161157167237091242131068120227137134141124
[2018.12.27-17.36.16:443][960]LogNet: NotifyAcceptingConnection accepted from: 127.0.0.1:54953
[2018.12.27-17.36.16:443][960]LogHandshake: SendChallengeAck. InCookie: 170065214119029142161157167237091242131068120227137134141124
[2018.12.27-17.36.16:443][960]LogNet: Server accepting post-challenge connection from: 127.0.0.1:54953
[2018.12.27-17.36.16:443][960]PacketHandlerLog: Loaded PacketHandler component: Engine.EngineHandlerComponentFactory (StatelessConnectHandlerComponent)
[2018.12.27-17.36.16:443][960]LogNet: NotifyAcceptedConnection: Name: Minimal_Default, TimeStamp: 12/27/18 17:36:16, [UNetConnection] RemoteAddr: 127.0.0.1:54953, Name: IpConnection_3, Driver: GameNetDriver IpNetDriver_2, IsServer: YES, PC: NULL, Owner: NULL, UniqueId: INVALID
[2018.12.27-17.36.16:444][960]LogNet: AddClientConnection: Added client connection: [UNetConnection] RemoteAddr: 127.0.0.1:54953, Name: IpConnection_3, Driver: GameNetDriver IpNetDriver_2, IsServer: YES, PC: NULL, Owner: NULL, UniqueId: INVALID
[2018.12.27-17.36.16:444][960]LogCharacterMovement: Warning: GetSimulationTimeStep() - Max iterations 8 hit while remaining time 0.074260 > MaxSimulationTimeStep (0.050) for 'TestPlayer_C_0', movement 'Walking'
[2018.12.27-17.36.16:445][960]LogNet: UPendingNetGame::SendInitialJoin: Sending hello. [UNetConnection] RemoteAddr: 127.0.0.1:17777, Name: IpConnection_2, Driver: PendingNetDriver IpNetDriver_3, IsServer: NO, PC: NULL, Owner: NULL, UniqueId: INVALID
[2018.12.27-17.36.16:458][961]LogNet: NotifyAcceptingChannel Control 0 server World /Game/StarterContent/Maps/UEDPIE_1_Minimal_Default.Minimal_Default: Accepted
[2018.12.27-17.36.16:458][961]LogNet: Remote platform little endian=1
[2018.12.27-17.36.16:458][961]LogNet: This platform little endian=1
[2018.12.27-17.36.16:484][962]LogNet: Login request: /Game/StarterContent/Maps/Minimal_Default?Name=Edward-02D602B64BA3DDE3E3DC6A96685AA56C userId: Edward-02D602B64BA3DDE3E3DC6A96685AA56C
[2018.12.27-17.36.16:485][962]LogNet: Welcomed by server (Level: /Game/StarterContent/Maps/UEDPIE_1_Minimal_Default, Game: /Game/FightingGameMode.FightingGameMode_C)
[2018.12.27-17.36.16:486][962]LogLoad: LoadMap: 127.0.0.1:17777//Game/StarterContent/Maps/UEDPIE_1_Minimal_Default?game=/Game/FightingGameMode.FightingGameMode_C
[2018.12.27-17.36.16:514][962]LogAIModule: Creating AISystem for world Minimal_Default
[2018.12.27-17.36.16:514][962]LogTemp: Display: ParseSettings for GameNetDriver
[2018.12.27-17.36.16:515][962]LogWorld: Bringing World /Game/StarterContent/Maps/UEDPIE_2_Minimal_Default.Minimal_Default up for play (max tick rate 0) at 2018.12.27-17.36.16
[2018.12.27-17.36.16:516][962]LogWorld: Bringing up level for play took: 0.000776
[2018.12.27-17.36.16:516][962]LogLoad: Took 0.031439 seconds to LoadMap(/Game/StarterContent/Maps/UEDPIE_1_Minimal_Default)
[2018.12.27-17.36.16:530][963]LogNet: Client netspeed is 10000
[2018.12.27-17.36.16:530][963]LogNet: Join request: /Game/StarterContent/Maps/Minimal_Default?Name=Edward-02D602B64BA3DDE3E3DC6A96685AA56C?SplitscreenCount=1
[2018.12.27-17.36.16:531][963]LogOnline: Warning: OSS: No game present to join for session (GameSession)
[2018.12.27-17.36.16:532][963]LogNet: Join succeeded: Edward-02D602B64BA3D
[2018.12.27-17.36.16:574][967]LogOnline: Warning: OSS: No game present to join for session (GameSession)
[2018.12.27-17.36.16:592][969]LogOnline: Warning: OSS: No game present to join for session (GameSession)
[2018.12.27-17.36.30:670][637]LogBlueprintUserMessages: Early EndPlayMap Detection: Level '/Game/StarterContent/Maps/Minimal_Default.Minimal_Default:PersistentLevel' has LevelScriptBlueprint '/Game/StarterContent/Maps/Minimal_Default.Minimal_Default:PersistentLevel.Minimal_Default' with GeneratedClass '/Game/StarterContent/Maps/Minimal_Default.Minimal_Default_C' with ClassGeneratedBy '/Game/StarterContent/Maps/Minimal_Default.Minimal_Default:PersistentLevel.Minimal_Default'
[2018.12.27-17.36.30:671][637]LogSlate: Updating window title bar state: overlay mode, drag disabled, window buttons hidden, title bar hidden
[2018.12.27-17.36.30:684][637]LogSlate: Window 'FightingGame Game Preview Client 1 (64-bit/PCD3D_SM5)' being destroyed
[2018.12.27-17.36.30:726][637]LogOnline: Warning: OSS: No game present to leave for session (GameSession)
[2018.12.27-17.36.30:726][637]LogSlate: Updating window title bar state: overlay mode, drag disabled, window buttons hidden, title bar hidden
[2018.12.27-17.36.30:765][637]LogPlayLevel: Display: Shutting down PIE online subsystems
[2018.12.27-17.36.30:765][637]LogBlueprintUserMessages: Late EndPlayMap Detection: Level '/Game/StarterContent/Maps/Minimal_Default.Minimal_Default:PersistentLevel' has LevelScriptBlueprint '/Game/StarterContent/Maps/Minimal_Default.Minimal_Default:PersistentLevel.Minimal_Default' with GeneratedClass '/Game/StarterContent/Maps/Minimal_Default.Minimal_Default_C' with ClassGeneratedBy '/Game/StarterContent/Maps/Minimal_Default.Minimal_Default:PersistentLevel.Minimal_Default'
[2018.12.27-17.36.30:789][637]LogNet: UChannel::CleanUp: ChIndex == 0. Closing connection. [UChannel] ChIndex: 0, Closing: 0 [UNetConnection] RemoteAddr: 127.0.0.1:54953, Name: IpConnection_3, Driver: GameNetDriver IpNetDriver_2, IsServer: YES, PC: None, Owner: None, UniqueId: NULL:Edward-02D602B64BA3DDE3E3DC6A96685AA56C
[2018.12.27-17.36.30:789][637]LogNet: UNetConnection::Close: [UNetConnection] RemoteAddr: 127.0.0.1:54953, Name: IpConnection_3, Driver: GameNetDriver IpNetDriver_2, IsServer: YES, PC: None, Owner: None, UniqueId: NULL:Edward-02D602B64BA3DDE3E3DC6A96685AA56C, Channels: 2, Time: 2018.12.27-17.36.30
[2018.12.27-17.36.30:789][637]LogNet: UChannel::Close: Sending CloseBunch. ChIndex == 0. Name: [UChannel] ChIndex: 0, Closing: 0 [UNetConnection] RemoteAddr: 127.0.0.1:54953, Name: IpConnection_3, Driver: GameNetDriver IpNetDriver_2, IsServer: YES, PC: None, Owner: None, UniqueId: NULL:Edward-02D602B64BA3DDE3E3DC6A96685AA56C
[2018.12.27-17.36.30:789][637]LogNet: UChannel::CleanUp: ChIndex == 0. Closing connection. [UChannel] ChIndex: 0, Closing: 0 [UNetConnection] RemoteAddr: 127.0.0.1:17777, Name: IpConnection_2, Driver: GameNetDriver IpNetDriver_3, IsServer: NO, PC: None, Owner: None, UniqueId: NULL:Edward-02D602B64BA3DDE3E3DC6A96685AA56C
[2018.12.27-17.36.30:789][637]LogNet: UNetConnection::Close: [UNetConnection] RemoteAddr: 127.0.0.1:17777, Name: IpConnection_2, Driver: GameNetDriver IpNetDriver_3, IsServer: NO, PC: None, Owner: None, UniqueId: NULL:Edward-02D602B64BA3DDE3E3DC6A96685AA56C, Channels: 3, Time: 2018.12.27-17.36.30
[2018.12.27-17.36.30:790][637]LogNet: UChannel::Close: Sending CloseBunch. ChIndex == 0. Name: [UChannel] ChIndex: 0, Closing: 0 [UNetConnection] RemoteAddr: 127.0.0.1:17777, Name: IpConnection_2, Driver: GameNetDriver IpNetDriver_3, IsServer: NO, PC: None, Owner: None, UniqueId: NULL:Edward-02D602B64BA3DDE3E3DC6A96685AA56C
[2018.12.27-17.36.30:794][637]LogSlate: Updating window title bar state: overlay mode, drag disabled, window buttons hidden, title bar hidden
[2018.12.27-17.36.30:794][637]LogExit: GameNetDriver None shut down
[2018.12.27-17.36.30:794][637]LogExit: GameNetDriver None shut down
[2018.12.27-17.36.30:818][638]LogPlayLevel: Display: Destroying online subsystem :Context_8
[2018.12.27-17.36.30:818][638]LogPlayLevel: Display: Destroying online subsystem :Context_7
[2018.12.27-17.36.31:273][689]LogSlate: FSceneViewport::OnFocusLost() reason 0
[2018.12.27-17.37.57:710][964]Cmd: OBJ SAVEPACKAGE PACKAGE="/Game/TestPlayer" FILE="../../../../../../Git/FightingGame/FightingGame/Content/TestPlayer.uasset" SILENT=true
[2018.12.27-17.37.57:757][964]LogSavePackage: Moving '../../../../../../Git/FightingGame/FightingGame/Saved/TestPlayer99B9938F40104CA60AAC3095F791099D.tmp' to '../../../../../../Git/FightingGame/FightingGame/Content/TestPlayer.uasset'
[2018.12.27-17.37.59:425][154]LogEditorViewport: Clicking on Actor (LMB): PlayerManager_BP_C (PlayerManager_BP)
[2018.12.27-17.37.59:576][167]LogSlate: FSceneViewport::OnFocusLost() reason 2
[2018.12.27-17.37.59:765][167]LogSavePackage: Moving '../../../../../../Git/FightingGame/FightingGame/Saved/Minimal_DefaultCB6DA7B94852372E4CD721BAE80C740D.tmp' to '../../../../../../Git/FightingGame/FightingGame/Content/StarterContent/Maps/Minimal_Default.umap'
[2018.12.27-17.38.00:377][233]LogSlate: FSceneViewport::OnFocusLost() reason 0
[2018.12.27-17.38.00:564][245]LogSlate: Window 'FightingGame - Unreal Editor' being destroyed
[2018.12.27-17.38.00:779][246]Cmd: QUIT_EDITOR
[2018.12.27-17.38.01:040][246]LogWindowsTextInputMethodSystem: Display: IME system now deactivated.
[2018.12.27-17.38.01:050][246]LogExit: Preparing to exit.
[2018.12.27-17.38.01:923][246]LogExit: Editor shut down
[2018.12.27-17.38.01:923][246]LogExit: Transaction tracking system shut down
