Log file open, 12/28/18 00:25:36
LogWindows: Failed to load 'aqProf.dll' (GetLastError=126)
LogWindows: File 'aqProf.dll' does not exist
LogWindows: Failed to load 'VSPerf140.dll' (GetLastError=126)
LogWindows: File 'VSPerf140.dll' does not exist
LogWindows: Failed to load 'VtuneApi.dll' (GetLastError=126)
LogWindows: File 'VtuneApi.dll' does not exist
LogWindows: Failed to load 'VtuneApi32e.dll' (GetLastError=126)
LogWindows: File 'VtuneApi32e.dll' does not exist
LogInit: Display: Running engine for game: FightingGame
LogPlatformFile: Not using cached read wrapper
LogTaskGraph: Started task graph with 5 named threads and 23 total threads with 3 sets of task threads.
LogStats: Stats thread started at 0.633397
LogD3D11RHI: Loaded GFSDK_Aftermath_Lib.x64.dll
LogICUInternationalization: Display: ICU TimeZone Detection - Raw Offset: +0:00, Platform Override: ''
LogPluginManager: Mounting plugin Paper2D
LogPluginManager: Mounting plugin AISupport
LogPluginManager: Mounting plugin LightPropagationVolume
LogPluginManager: Mounting plugin CLionSourceCodeAccess
LogPluginManager: Mounting plugin CodeLiteSourceCodeAccess
LogPluginManager: Mounting plugin GitSourceControl
LogPluginManager: Mounting plugin KDevelopSourceCodeAccess
LogPluginManager: Mounting plugin NullSourceCodeAccess
LogPluginManager: Mounting plugin PerforceSourceControl
LogPluginManager: Mounting plugin SubversionSourceControl
LogPluginManager: Mounting plugin UObjectPlugin
LogPluginManager: Mounting plugin VisualStudioCodeSourceCodeAccess
LogPluginManager: Mounting plugin VisualStudioSourceCodeAccess
LogPluginManager: Mounting plugin XCodeSourceCodeAccess
LogPluginManager: Mounting plugin AssetManagerEditor
LogPluginManager: Mounting plugin CryptoKeys
LogPluginManager: Mounting plugin DataValidation
LogPluginManager: Mounting plugin FacialAnimation
LogPluginManager: Mounting plugin GameplayTagsEditor
LogPluginManager: Mounting plugin MacGraphicsSwitching
LogPluginManager: Mounting plugin MeshEditor
LogPluginManager: Mounting plugin MobileLauncherProfileWizard
LogPluginManager: Mounting plugin PluginBrowser
LogPluginManager: Mounting plugin SpeedTreeImporter
LogPluginManager: Mounting plugin DatasmithContent
LogPluginManager: Mounting plugin AlembicImporter
LogPluginManager: Mounting plugin AppleImageUtils
LogPluginManager: Mounting plugin AppleVision
LogPluginManager: Mounting plugin BackChannel
LogPluginManager: Mounting plugin CharacterAI
LogPluginManager: Mounting plugin GeometryCache
LogPluginManager: Mounting plugin HTML5Networking
LogPluginManager: Mounting plugin ProxyLODPlugin
LogPluginManager: Mounting plugin MagicLeap
LogPluginManager: Mounting plugin MagicLeapEmulator
LogPluginManager: Mounting plugin MagicLeapMedia
LogPluginManager: Mounting plugin AndroidMedia
LogPluginManager: Mounting plugin AvfMedia
LogPluginManager: Mounting plugin ImgMedia
LogPluginManager: Mounting plugin LinearTimecode
LogPluginManager: Mounting plugin MediaCompositing
LogPluginManager: Mounting plugin MediaPlayerEditor
LogPluginManager: Mounting plugin WmfMedia
LogPluginManager: Mounting plugin TcpMessaging
LogPluginManager: Mounting plugin UdpMessaging
LogPluginManager: Mounting plugin ActorSequence
LogPluginManager: Mounting plugin LevelSequenceEditor
LogPluginManager: Mounting plugin MatineeToLevelSequence
LogPluginManager: Mounting plugin NetcodeUnitTest
LogPluginManager: Mounting plugin NUTUnrealEngine4
LogPluginManager: Mounting plugin OnlineSubsystemGooglePlay
LogPluginManager: Mounting plugin OnlineSubsystemIOS
LogPluginManager: Mounting plugin OnlineSubsystem
LogPluginManager: Mounting plugin OnlineSubsystemNull
LogPluginManager: Mounting plugin OnlineSubsystemUtils
LogPluginManager: Mounting plugin LauncherChunkInstaller
LogPluginManager: Mounting plugin AndroidDeviceProfileSelector
LogPluginManager: Mounting plugin AndroidMoviePlayer
LogPluginManager: Mounting plugin AndroidPermission
LogPluginManager: Mounting plugin AppleMoviePlayer
LogPluginManager: Mounting plugin ArchVisCharacter
LogPluginManager: Mounting plugin AudioCapture
LogPluginManager: Mounting plugin CableComponent
LogPluginManager: Mounting plugin CustomMeshComponent
LogPluginManager: Mounting plugin EditableMesh
LogPluginManager: Mounting plugin ExampleDeviceProfileSelector
LogPluginManager: Mounting plugin GoogleCloudMessaging
LogPluginManager: Mounting plugin ImmediatePhysics
LogPluginManager: Mounting plugin IOSDeviceProfileSelector
LogPluginManager: Mounting plugin LinuxDeviceProfileSelector
LogPluginManager: Mounting plugin LocationServicesBPLibrary
LogPluginManager: Mounting plugin MobilePatchingUtils
LogPluginManager: Mounting plugin OculusVR
LogPluginManager: Plugin shader directory ../../../Engine/Plugins/Runtime/Oculus/OculusVR/Shaders found
LogPluginManager: Mapping shader source directory ../../../Engine/Plugins/Runtime/Oculus/OculusVR/Shaders to virtual directory /Plugin/OculusVR
LogPluginManager: Mounting plugin PhysXVehicles
LogPluginManager: Mounting plugin ProceduralMeshComponent
LogPluginManager: Mounting plugin RuntimePhysXCooking
LogPluginManager: Mounting plugin SteamVR
LogPluginManager: Mounting plugin WindowsMoviePlayer
LogStreaming: Display: Took  0.250s to configure plugins.
LogInit: Using libcurl 7.55.1-DEV
LogInit:  - built for x86_64-pc-win32
LogInit:  - supports SSL with OpenSSL/1.0.2h
LogInit:  - supports HTTP deflate (compression) using libz 1.2.8
LogInit:  - other features:
LogInit:      CURL_VERSION_SSL
LogInit:      CURL_VERSION_LIBZ
LogInit:      CURL_VERSION_IPV6
LogInit:      CURL_VERSION_ASYNCHDNS
LogInit:      CURL_VERSION_LARGEFILE
LogInit:      CURL_VERSION_IDN
LogInit:  CurlRequestOptions (configurable via config and command line):
LogInit:  - bVerifyPeer = false  - Libcurl will NOT verify peer certificate
LogInit:  - bUseHttpProxy = false  - Libcurl will NOT use HTTP proxy
LogInit:  - bDontReuseConnections = false  - Libcurl will reuse connections
LogInit:  - CertBundlePath = nullptr  - Libcurl will use whatever was configured at build time.
LogInit:  - MaxHostConnections = 16  - Libcurl will limit the number of connections to a host
LogInit:  - LocalHostAddr = Default
LogInit:  - BufferSize = 65536
LogInit: WinSock: version 1.1 (2.2), MaxSocks=32767, MaxUdp=65467
LogInit: Build: ++UE4+Release-4.20-CL-4369336
LogInit: Engine Version: 4.20.3-4369336+++UE4+Release-4.20
LogInit: Compatible Engine Version: 4.20.0-4212847+++UE4+Release-4.20
LogInit: Net CL: 4212847
LogInit: OS: Windows 10 (), CPU: AMD FX(tm)-8320 Eight-Core Processor           , GPU: AMD Radeon HD 7800 Series
LogInit: Compiled (64-bit): Sep 17 2018 12:26:19
LogInit: Compiled with Visual C++: 19.13.26129.00
LogInit: Build Configuration: Development
LogInit: Branch Name: ++UE4+Release-4.20
LogInit: Command Line:  -skipcompile
LogInit: Base Directory: C:/Program Files/Epic Games/UE_4.20/Engine/Binaries/Win64/
LogInit: Installed Engine Build: 1
LogDevObjectVersion: Number of dev versions registered: 20
LogDevObjectVersion:   Dev-Blueprints (B0D832E4-1F89-4F0D-ACCF-7EB736FD4AA2): 10
LogDevObjectVersion:   Dev-Build (E1C64328-A22C-4D53-A36C-8E866417BD8C): 0
LogDevObjectVersion:   Dev-Core (375EC13C-06E4-48FB-B500-84F0262A717E): 2
LogDevObjectVersion:   Dev-Editor (E4B068ED-F494-42E9-A231-DA0B2E46BB41): 24
LogDevObjectVersion:   Dev-Framework (CFFC743F-43B0-4480-9391-14DF171D2073): 34
LogDevObjectVersion:   Dev-Mobile (B02B49B5-BB20-44E9-A304-32B752E40360): 2
LogDevObjectVersion:   Dev-Networking (A4E4105C-59A1-49B5-A7C5-40C4547EDFEE): 0
LogDevObjectVersion:   Dev-Online (39C831C9-5AE6-47DC-9A44-9C173E1C8E7C): 0
LogDevObjectVersion:   Dev-Physics (78F01B33-EBEA-4F98-B9B4-84EACCB95AA2): 0
LogDevObjectVersion:   Dev-Platform (6631380F-2D4D-43E0-8009-CF276956A95A): 0
LogDevObjectVersion:   Dev-Rendering (12F88B9F-8875-4AFC-A67C-D90C383ABD29): 26
LogDevObjectVersion:   Dev-Sequencer (7B5AE74C-D270-4C10-A958-57980B212A5A): 9
LogDevObjectVersion:   Dev-VR (D7296918-1DD6-4BDD-9DE2-64A83CC13884): 2
LogDevObjectVersion:   Dev-LoadTimes (C2A15278-BFE7-4AFE-6C17-90FF531DF755): 1
LogDevObjectVersion:   Private-Geometry (6EACA3D4-40EC-4CC1-B786-8BED09428FC5): 3
LogDevObjectVersion:   Dev-AnimPhys (29E575DD-E0A3-4627-9D10-D276232CDCEA): 17
LogDevObjectVersion:   Dev-ReflectionCapture (6B266CEC-1EC7-4B8F-A30B-E4D90942FC07): 1
LogDevObjectVersion:   Dev-Automation (0DF73D61-A23F-47EA-B727-89E90C41499A): 1
LogDevObjectVersion:   FortniteMain (601D1886-AC64-4F84-AA16-D3DE0DEAC7D6): 12
LogDevObjectVersion:   Dev-Enterprise (9DFFBCD6-494F-0158-E221-12823C92A888): 1
LogStreaming: Display: Took  0.003s to delete old logs.
LogInit: Presizing for max 8388607 objects, including 0 objects not considered by GC, pre-allocating 0 bytes for permanent pool.
LogInit: Object subsystem initialized
[2018.12.28-00.25.37:404][  0]LogInit: Selected Device Profile: [Windows]
[2018.12.28-00.25.37:404][  0]LogInit: Applying CVar settings loaded from the selected device profile: [Windows]
[2018.12.28-00.25.37:422][  0]LogHAL: Display: Platform has ~ 16 GB [17160523776 / 17179869184 / 16], which maps to Larger [LargestMinGB=32, LargerMinGB=12, DefaultMinGB=8, SmallerMinGB=6, SmallestMinGB=0)
[2018.12.28-00.25.37:422][  0]LogInit: Setting Device Profile CVar: [[r.Vulkan.UseRealUBs:1]]
[2018.12.28-00.25.37:423][  0]LogInit: Going up to parent DeviceProfile []
[2018.12.28-00.25.37:426][  0]LogInit: Computer: DESKTOP-OK86UV6
[2018.12.28-00.25.37:428][  0]LogInit: User: cynic
[2018.12.28-00.25.37:429][  0]LogInit: CPU Page size=4096, Cores=4
[2018.12.28-00.25.37:429][  0]LogInit: High frequency timer resolution =3.433156 MHz
[2018.12.28-00.25.37:430][  0]LogMemory: Memory total: Physical=16.0GB (16GB approx)
[2018.12.28-00.25.37:430][  0]LogMemory: Platform Memory Stats for Windows
[2018.12.28-00.25.37:430][  0]LogMemory: Process Physical Memory: 101.59 MB used, 101.59 MB peak
[2018.12.28-00.25.37:430][  0]LogMemory: Process Virtual Memory: 89.35 MB used, 89.35 MB peak
[2018.12.28-00.25.37:430][  0]LogMemory: Physical Memory: 8659.23 MB used,  7706.32 MB free, 16365.55 MB total
[2018.12.28-00.25.37:430][  0]LogMemory: Virtual Memory: 4624.50 MB used,  7706.32 MB free, 134217728.00 MB total
[2018.12.28-00.25.37:598][  0]LogInit: Using OS detected language (en-GB).
[2018.12.28-00.25.37:598][  0]LogInit: Using OS detected locale (en-GB).
[2018.12.28-00.25.37:600][  0]LogTextLocalizationManager: No specific localization for 'en-GB' exists, so the 'en' localization will be used.
[2018.12.28-00.25.38:121][  0]LogStreaming: Display: Took  0.524s to InitEngineTextLocalization.
[2018.12.28-00.25.38:122][  0]LogInit: Setting process to per monitor DPI aware
[2018.12.28-00.25.38:204][  0]LogSlate: New Slate User Created.  User Index 0, Is Virtual User: 0
[2018.12.28-00.25.38:204][  0]LogSlate: Slate User Registered.  User Index 0, Is Virtual User: 0
[2018.12.28-00.25.38:588][  0]LogHMD: Failed to initialize OpenVR with code 105
[2018.12.28-00.25.38:588][  0]LogD3D11RHI: D3D11 adapters:
[2018.12.28-00.25.38:656][  0]LogD3D11RHI:    0. 'AMD Radeon HD 7800 Series' (Feature Level 11_0)
[2018.12.28-00.25.38:656][  0]LogD3D11RHI:       2028/0/8182 MB DedicatedVideo/DedicatedSystem/SharedSystem, Outputs:1, VendorId:0x1002
[2018.12.28-00.25.38:664][  0]LogD3D11RHI:    1. 'Microsoft Basic Render Driver' (Feature Level 11_0)
[2018.12.28-00.25.38:664][  0]LogD3D11RHI:       0/0/8182 MB DedicatedVideo/DedicatedSystem/SharedSystem, Outputs:0, VendorId:0x1414
[2018.12.28-00.25.38:664][  0]LogD3D11RHI: Chosen D3D11 Adapter: 0
[2018.12.28-00.25.38:675][  0]LogD3D11RHI: Creating new Direct3DDevice
[2018.12.28-00.25.38:675][  0]LogD3D11RHI:     GPU DeviceId: 0x6818 (for the marketing name, search the web for "GPU Device Id")
[2018.12.28-00.25.38:675][  0]LogWindows: EnumDisplayDevices:
[2018.12.28-00.25.38:676][  0]LogWindows:    0. 'AMD Radeon HD 7800 Series' (P:1 D:1)
[2018.12.28-00.25.38:677][  0]LogWindows:    1. 'AMD Radeon HD 7800 Series' (P:0 D:0)
[2018.12.28-00.25.38:678][  0]LogWindows:    2. 'AMD Radeon HD 7800 Series' (P:0 D:0)
[2018.12.28-00.25.38:679][  0]LogWindows:    3. 'AMD Radeon HD 7800 Series' (P:0 D:0)
[2018.12.28-00.25.38:680][  0]LogWindows:    4. 'AMD Radeon HD 7800 Series' (P:0 D:0)
[2018.12.28-00.25.38:681][  0]LogWindows:    5. 'AMD Radeon HD 7800 Series' (P:0 D:0)
[2018.12.28-00.25.38:682][  0]LogWindows:    6. 'AMD Radeon HD 7800 Series' (P:0 D:0)
[2018.12.28-00.25.38:683][  0]LogWindows:    7. 'AMD Radeon HD 7800 Series' (P:0 D:0)
[2018.12.28-00.25.38:684][  0]LogWindows:    8. 'AMD Radeon HD 7800 Series' (P:0 D:0)
[2018.12.28-00.25.38:685][  0]LogWindows:    9. 'AMD Radeon HD 7800 Series' (P:0 D:0)
[2018.12.28-00.25.38:686][  0]LogWindows:    10. 'AMD Radeon HD 7800 Series' (P:0 D:0)
[2018.12.28-00.25.38:687][  0]LogWindows:    11. 'AMD Radeon HD 7800 Series' (P:0 D:0)
[2018.12.28-00.25.38:688][  0]LogWindows:    12. 'AMD Radeon HD 7800 Series' (P:0 D:0)
[2018.12.28-00.25.38:689][  0]LogWindows:    13. 'AMD Radeon HD 7800 Series' (P:0 D:0)
[2018.12.28-00.25.38:690][  0]LogWindows:    14. 'AMD Radeon HD 7800 Series' (P:0 D:0)
[2018.12.28-00.25.38:691][  0]LogWindows:    15. 'AMD Radeon HD 7800 Series' (P:0 D:0)
[2018.12.28-00.25.38:692][  0]LogWindows: DebugString: FoundDriverCount:16 
[2018.12.28-00.25.38:692][  0]LogD3D11RHI:     Adapter Name: AMD Radeon HD 7800 Series
[2018.12.28-00.25.38:692][  0]LogD3D11RHI:   Driver Version: Adrenalin 18.5.1 (internal:24.20.11016.4, unified:24.20.11016.4)
[2018.12.28-00.25.38:692][  0]LogD3D11RHI:      Driver Date: 5-16-2018
[2018.12.28-00.25.38:692][  0]LogRHI: Texture pool is 1419 MB (70% of 2028 MB)
[2018.12.28-00.25.38:802][  0]LogD3D11RHI: Async texture creation enabled
[2018.12.28-00.25.38:815][  0]LogD3D11RHI: GPU Timing Frequency: 27.000000 (Debug: 2 1)
[2018.12.28-00.25.38:817][  0]LogShaderCompilers: Guid format shader working directory is 6 characters bigger than the processId version (E:/Github Work/FightingGame/FightingGame/Intermediate/Shaders/WorkingDirectory/8948/).
[2018.12.28-00.25.38:818][  0]LogShaderCompilers: Cleaned the shader compiler working directory 'C:/Users/cynic/AppData/Local/Temp/UnrealShaderWorkingDir/97CB93E54A4FD3B7DAF9028EFE39EB6D/'.
[2018.12.28-00.25.39:239][  0]LogTemp: Display: Loaded TP AllDesktopTargetPlatform
[2018.12.28-00.25.39:267][  0]LogTemp: Display: Loaded TP MacClientTargetPlatform
[2018.12.28-00.25.39:296][  0]LogTemp: Display: Loaded TP MacNoEditorTargetPlatform
[2018.12.28-00.25.39:333][  0]LogTemp: Display: Loaded TP MacServerTargetPlatform
[2018.12.28-00.25.39:361][  0]LogTemp: Display: Loaded TP MacTargetPlatform
[2018.12.28-00.25.39:389][  0]LogTemp: Display: Loaded TP WindowsClientTargetPlatform
[2018.12.28-00.25.39:417][  0]LogTemp: Display: Loaded TP WindowsNoEditorTargetPlatform
[2018.12.28-00.25.39:444][  0]LogTemp: Display: Loaded TP WindowsServerTargetPlatform
[2018.12.28-00.25.39:458][  0]LogTemp: Display: Loaded TP WindowsTargetPlatform
[2018.12.28-00.25.39:604][  0]LogTemp: Display: Loaded TP AndroidTargetPlatform
[2018.12.28-00.25.39:604][  0]LogTemp: Display: Loaded TP AndroidTargetPlatform
[2018.12.28-00.25.39:604][  0]LogTemp: Display: Loaded TP AndroidTargetPlatform
[2018.12.28-00.25.39:604][  0]LogTemp: Display: Loaded TP AndroidTargetPlatform
[2018.12.28-00.25.39:604][  0]LogTemp: Display: Loaded TP AndroidTargetPlatform
[2018.12.28-00.25.39:604][  0]LogTemp: Display: Loaded TP AndroidTargetPlatform
[2018.12.28-00.25.39:604][  0]LogTemp: Display: Loaded TP AndroidTargetPlatform
[2018.12.28-00.25.39:604][  0]LogTemp: Display: Loaded TP AndroidTargetPlatform
[2018.12.28-00.25.39:604][  0]LogTemp: Display: Loaded TP AndroidTargetPlatform
[2018.12.28-00.25.39:604][  0]LogTemp: Display: Loaded TP AndroidTargetPlatform
[2018.12.28-00.25.39:604][  0]LogTemp: Display: Loaded TP AndroidTargetPlatform
[2018.12.28-00.25.39:604][  0]LogTemp: Display: Loaded TP AndroidTargetPlatform
[2018.12.28-00.25.39:605][  0]LogTemp: Display: Loaded TP AndroidTargetPlatform
[2018.12.28-00.25.39:605][  0]LogTemp: Display: Loaded TP AndroidTargetPlatform
[2018.12.28-00.25.39:605][  0]LogTemp: Display: Loaded TP AndroidTargetPlatform
[2018.12.28-00.25.39:605][  0]LogTemp: Display: Loaded TP AndroidTargetPlatform
[2018.12.28-00.25.39:605][  0]LogTemp: Display: Loaded TP AndroidTargetPlatform
[2018.12.28-00.25.39:605][  0]LogTemp: Display: Loaded TP AndroidTargetPlatform
[2018.12.28-00.25.39:610][  0]LogTemp: Display: Loaded TP HTML5TargetPlatform
[2018.12.28-00.25.39:710][  0]LogTemp: Display: Loaded TP IOSTargetPlatform
[2018.12.28-00.25.39:710][  0]LogTemp: Display: Loaded TP IOSTargetPlatform
[2018.12.28-00.25.39:760][  0]LogTemp: Display: Loaded TP TVOSTargetPlatform
[2018.12.28-00.25.39:760][  0]LogTemp: Display: Loaded TP TVOSTargetPlatform
[2018.12.28-00.25.39:786][  0]LogTemp: Display: Loaded TP LinuxClientTargetPlatform
[2018.12.28-00.25.39:811][  0]LogTemp: Display: Loaded TP LinuxNoEditorTargetPlatform
[2018.12.28-00.25.39:837][  0]LogTemp: Display: Loaded TP LinuxServerTargetPlatform
[2018.12.28-00.25.39:866][  0]LogTemp: Display: Loaded TP LinuxTargetPlatform
[2018.12.28-00.25.39:884][  0]LogTemp: Display: Loaded TP LuminTargetPlatform
[2018.12.28-00.25.39:884][  0]LogTargetPlatformManager: Display: Building Assets For Windows
[2018.12.28-00.25.40:051][  0]LogXGEController: Cannot use XGE Controller as Incredibuild is not installed on this machine.
[2018.12.28-00.25.40:051][  0]LogShaderCompilers: Cannot use XGE Shader Compiler as Incredibuild is not installed on this machine.
[2018.12.28-00.25.40:051][  0]LogShaderCompilers: Display: Using Local Shader Compiler.
[2018.12.28-00.25.41:457][  0]LogDerivedDataCache: Display: Max Cache Size: 512 MB
[2018.12.28-00.25.41:554][  0]LogDerivedDataCache: Loaded boot cache 0.10s 71MB C:/Users/cynic/AppData/Local/UnrealEngine/4.20/DerivedDataCache/Boot.ddc.
[2018.12.28-00.25.41:555][  0]LogDerivedDataCache: Display: Loaded Boot cache: C:/Users/cynic/AppData/Local/UnrealEngine/4.20/DerivedDataCache/Boot.ddc
[2018.12.28-00.25.41:555][  0]LogDerivedDataCache: FDerivedDataBackendGraph:  Pak pak cache file E:/Github Work/FightingGame/FightingGame/DerivedDataCache/DDC.ddp not found, will not use a pak cache.
[2018.12.28-00.25.41:555][  0]LogDerivedDataCache: Unable to find inner node Pak for hierarchical cache Hierarchy.
[2018.12.28-00.25.41:555][  0]LogDerivedDataCache: FDerivedDataBackendGraph:  CompressedPak pak cache file E:/Github Work/FightingGame/FightingGame/DerivedDataCache/Compressed.ddp not found, will not use a pak cache.
[2018.12.28-00.25.41:556][  0]LogDerivedDataCache: Unable to find inner node CompressedPak for hierarchical cache Hierarchy.
[2018.12.28-00.25.41:577][  0]LogDerivedDataCache: Display: Pak cache opened for reading ../../../Engine/DerivedDataCache/Compressed.ddp.
[2018.12.28-00.25.41:591][  0]LogDerivedDataCache: Using Local data cache path C:/Users/cynic/AppData/Local/UnrealEngine/Common/DerivedDataCache: Writable
[2018.12.28-00.25.41:591][  0]LogDerivedDataCache: Shared data cache path not found in *engine.ini, will not use an Shared cache.
[2018.12.28-00.25.41:591][  0]LogDerivedDataCache: Unable to find inner node Shared for hierarchical cache Hierarchy.
[2018.12.28-00.25.41:622][  0]LogMaterial: Verifying Global Shaders for PCD3D_SM5
[2018.12.28-00.25.41:624][  0]LogSlate: Using FreeType 2.6.0
[2018.12.28-00.25.41:625][  0]LogSlate: SlateFontServices - WITH_FREETYPE: 1, WITH_HARFBUZZ: 1
[2018.12.28-00.25.41:739][  0]LogAssetRegistry: FAssetRegistry took 0.0321 seconds to start up
[2018.12.28-00.25.42:326][  0]LogInit: Selected Device Profile: [Windows]
[2018.12.28-00.25.42:546][  0]LogSimplygon: Simplygon DLL not present - disabling.
[2018.12.28-00.25.42:559][  0]LogMeshReduction: Using SimplygonSwarm for distributed automatic mesh merging
[2018.12.28-00.25.42:559][  0]LogMeshReduction: Using ProxyLODMeshReduction for automatic mesh merging
[2018.12.28-00.25.42:559][  0]LogMeshReduction: Using QuadricMeshReduction for automatic static mesh reduction
[2018.12.28-00.25.42:559][  0]LogMeshReduction: No automatic skeletal mesh reduction module available
[2018.12.28-00.25.42:588][  0]LogNetVersion: FightingGame 1.0.0, NetCL: 4212847, EngineNetVer: 5, GameNetVer: 0 (Checksum: 156865789)
[2018.12.28-00.25.43:357][  0]LogPackageLocalizationCache: Processed 11 localized package path(s) for 2 prioritized culture(s) in 0.178142 seconds
[2018.12.28-00.25.43:366][  0]LogUObjectArray: 38425 objects as part of root set at end of initial load.
[2018.12.28-00.25.43:366][  0]LogUObjectAllocator: 6690864 out of 0 bytes used by permanent object pool.
[2018.12.28-00.25.43:367][  0]LogUObjectArray: CloseDisregardForGC: 0/0 objects in disregard for GC pool
[2018.12.28-00.25.44:890][  0]LogTcpMessaging: Initializing TcpMessaging bridge
[2018.12.28-00.25.44:909][  0]LogUdpMessaging: Initializing bridge on interface 0.0.0.0:0 to multicast group 230.0.0.1:6666.
[2018.12.28-00.25.45:183][  0]SourceControl: Source control is disabled
[2018.12.28-00.25.45:183][  0]SourceControl: Source control is disabled
[2018.12.28-00.25.45:187][  0]SourceControl: Source control is disabled
[2018.12.28-00.25.45:190][  0]SourceControl: Source control is disabled
[2018.12.28-00.25.45:483][  0]LogAndroidPermission: UAndroidPermissionCallbackProxy::GetInstance
[2018.12.28-00.25.45:712][  0]LogOcInput: OculusInput pre-init called
[2018.12.28-00.25.45:812][  0]LogEngine: Initializing Engine...
[2018.12.28-00.25.45:822][  0]LogHMD: Failed to initialize OpenVR with code 105
[2018.12.28-00.25.45:825][  0]LogStats: UGameplayTagsManager::ConstructGameplayTagTree: ImportINI prefixes -  0.000 s
[2018.12.28-00.25.45:825][  0]LogStats: UGameplayTagsManager::ConstructGameplayTagTree: Construct from data asset -  0.000 s
[2018.12.28-00.25.45:826][  0]LogStats: UGameplayTagsManager::ConstructGameplayTagTree: ImportINI -  0.000 s
[2018.12.28-00.25.45:826][  0]LogStats: UGameplayTagsManager::ConstructGameplayTagTree: GameplayTagTreeChangedEvent.Broadcast -  0.000 s
[2018.12.28-00.25.46:104][  0]LogInit: Initializing FReadOnlyCVARCache
[2018.12.28-00.25.46:134][  0]LogAIModule: Creating AISystem for world Untitled
[2018.12.28-00.25.46:178][  0]LogInit: XAudio2 using 'Digital Audio (S/PDIF) (2- High Definition Audio Device)' : 2 channels at 48 kHz using 16 bits per sample (channel mask 0x3)
[2018.12.28-00.25.46:209][  0]LogInit: FAudioDevice initialized.
[2018.12.28-00.25.46:209][  0]LogNetVersion: Set ProjectVersion to 1.0.0.0. Version Checksum will be recalculated on next use.
[2018.12.28-00.25.46:362][  0]LogDerivedDataCache: Saved boot cache 0.15s 71MB C:/Users/cynic/AppData/Local/UnrealEngine/4.20/DerivedDataCache/Boot.ddc.
[2018.12.28-00.25.46:375][  0]LogInit: Texture streaming: Enabled
[2018.12.28-00.25.46:419][  0]LogEngineSessionManager: EngineSessionManager initialized
[2018.12.28-00.25.46:436][  0]LogInit: Transaction tracking system initialized
[2018.12.28-00.25.46:494][  0]BlueprintLog: New page: Editor Load
[2018.12.28-00.25.46:676][  0]LocalizationService: Localization service is disabled
[2018.12.28-00.25.46:783][  0]LogLinker: Warning: Can't find file '/Game/TopDownBP/TopDownOverview'
[2018.12.28-00.25.46:783][  0]LogLinker: Warning: Can't find file '/Game/TopDownBP/TopDownOverview'
[2018.12.28-00.25.46:783][  0]LogUObjectGlobals: Warning: Failed to find object 'Class /Game/TopDownBP/TopDownOverview.TopDownOverview_C'
[2018.12.28-00.25.47:083][  0]LogCook: Display: Max memory allowance for cook 16384mb min free memory 0mb
[2018.12.28-00.25.47:084][  0]LogCook: Display: Mobile HDR setting 1
[2018.12.28-00.25.47:084][  0]LogGameplayTags: Display: UGameplayTagsManager::DoneAddingNativeTags. DelegateIsBound: 0
[2018.12.28-00.25.47:084][  0]LogStats: UGameplayTagsManager::ConstructGameplayTagTree: ImportINI prefixes -  0.000 s
[2018.12.28-00.25.47:084][  0]LogStats: UGameplayTagsManager::ConstructGameplayTagTree: Construct from data asset -  0.000 s
[2018.12.28-00.25.47:085][  0]LogStats: UGameplayTagsManager::ConstructGameplayTagTree: ImportINI -  0.000 s
[2018.12.28-00.25.47:085][  0]LogStats: UGameplayTagsManager::ConstructGameplayTagTree: GameplayTagTreeChangedEvent.Broadcast -  0.000 s
[2018.12.28-00.25.47:352][  0]LogFileCache: Scanning file cache for directory 'E:/Github Work/FightingGame/FightingGame/Content/' took 0.02s
[2018.12.28-00.25.47:352][  0]SourceControl: Source control is disabled
[2018.12.28-00.25.47:352][  0]Cmd: MAP LOAD FILE="E:/Github Work/FightingGame/FightingGame/Content/StarterContent/Maps/Minimal_Default.umap" TEMPLATE=0 SHOWPROGRESS=1 FEATURELEVEL=3
[2018.12.28-00.25.47:353][  0]LightingResults: New page: Lighting Build
[2018.12.28-00.25.47:360][  0]MapCheck: New page: Map Check
[2018.12.28-00.25.47:360][  0]LightingResults: New page: Lighting Build
[2018.12.28-00.25.47:985][  0]LogAIModule: Creating AISystem for world Minimal_Default
[2018.12.28-00.25.47:997][  0]LogEditorServer: Finished looking for orphan Actors (0.000 secs)
[2018.12.28-00.25.48:122][  0]Cmd: MAP CHECKDEP NOCLEARLOG
[2018.12.28-00.25.48:270][  0]MapCheck: Map check complete: 0 Error(s), 0 Warning(s), took 147.479ms to complete.
[2018.12.28-00.25.48:270][  0]LogFileHelpers: Loading map 'Minimal_Default' took 0.918
[2018.12.28-00.25.48:454][  0]LogSlate: Updating window title bar state: overlay mode, drag disabled, window buttons hidden, title bar hidden
[2018.12.28-00.25.48:467][  0]LogSlate: Updating window title bar state: overlay mode, drag disabled, window buttons hidden, title bar hidden
[2018.12.28-00.25.48:484][  0]LogSlate: Updating window title bar state: overlay mode, drag disabled, window buttons hidden, title bar hidden
[2018.12.28-00.25.48:496][  0]LogSlate: Updating window title bar state: overlay mode, drag disabled, window buttons hidden, title bar hidden
[2018.12.28-00.25.48:511][  0]LogCollectionManager: Loaded 0 collections in 0.004249 seconds
[2018.12.28-00.25.48:571][  0]LogFileCache: Scanning file cache for directory 'E:/Github Work/FightingGame/FightingGame/Saved/Collections/' took 0.01s
[2018.12.28-00.25.48:572][  0]LogFileCache: Scanning file cache for directory 'E:/Github Work/FightingGame/FightingGame/Content/Developers/cynic/Collections/' took 0.01s
[2018.12.28-00.25.48:572][  0]LogFileCache: Scanning file cache for directory 'E:/Github Work/FightingGame/FightingGame/Content/Collections/' took 0.01s
[2018.12.28-00.25.48:572][  0]LogCollectionManager: Rebuilt the GUID cache for 0 collections in 0.000000 seconds
[2018.12.28-00.25.48:594][  0]LogContentBrowser: Native class hierarchy populated in 0.0215 seconds. Added 2577 classes and 605 folders.
[2018.12.28-00.25.48:607][  0]LogContentBrowser: Native class hierarchy updated for 'WidgetCarousel' in 0.0009 seconds. Added 0 classes and 0 folders.
[2018.12.28-00.25.48:733][  0]LogContentBrowser: Native class hierarchy updated for 'AddContentDialog' in 0.0008 seconds. Added 0 classes and 0 folders.
[2018.12.28-00.25.48:745][  0]LogContentBrowser: Native class hierarchy updated for 'SceneOutliner' in 0.0010 seconds. Added 1 classes and 2 folders.
[2018.12.28-00.25.48:769][  0]LogSlate: Took 0.000500 seconds to synchronously load lazily loaded font '../../../Engine/Content/Slate/Fonts/Roboto-Regular.ttf' (155K)
[2018.12.28-00.25.48:773][  0]LogSlate: Took 0.000419 seconds to synchronously load lazily loaded font '../../../Engine/Content/Slate/Fonts/Roboto-Bold.ttf' (160K)
[2018.12.28-00.25.48:783][  0]LogSlate: Took 0.000595 seconds to synchronously load lazily loaded font '../../../Engine/Content/Editor/Slate/Fonts/FontAwesome.ttf' (139K)
[2018.12.28-00.25.48:904][  0]LogRenderer: Reallocating scene render targets to support 1208x576 Format 10 NumSamples 1 (Frame:1).
[2018.12.28-00.25.48:972][  0]LogSlate: Took 0.000299 seconds to synchronously load lazily loaded font '../../../Engine/Content/Slate/Fonts/Roboto-Light.ttf' (167K)
[2018.12.28-00.25.49:098][  0]LogContentBrowser: Native class hierarchy updated for 'HierarchicalLODOutliner' in 0.0009 seconds. Added 0 classes and 0 folders.
[2018.12.28-00.25.49:098][  0]LogLoad: (Engine Initialization) Total time: 15.70 seconds
[2018.12.28-00.25.49:099][  0]LogLoad: (Engine Initialization) Total Blueprint compile time: 0.00 seconds
[2018.12.28-00.25.49:110][  0]LogWindowsTextInputMethodSystem: Display: IME system now deactivated.
[2018.12.28-00.25.49:134][  0]LogContentStreaming: Texture pool size now 1000 MB
[2018.12.28-00.25.49:229][  2]LogAssetRegistry: Asset discovery search completed in 7.5144 seconds
[2018.12.28-00.25.49:232][  2]LogCollectionManager: Rebuilt the object cache for 0 collections in 0.000001 seconds (found 0 objects)
[2018.12.28-00.25.49:233][  2]LogCollectionManager: Fixed up redirectors for 0 collections in 0.000186 seconds (updated 0 objects)
[2018.12.28-00.28.22:874][294]LogSlate: FSceneViewport::OnFocusLost() reason 0
[2018.12.28-00.28.22:926][300]LogTemp: Repeating last play command: Selected Viewport
[2018.12.28-00.28.22:949][300]LogBlueprintUserMessages: Early PlayInEditor Detection: Level '/Game/StarterContent/Maps/Minimal_Default.Minimal_Default:PersistentLevel' has LevelScriptBlueprint '/Game/StarterContent/Maps/Minimal_Default.Minimal_Default:PersistentLevel.Minimal_Default' with GeneratedClass '/Game/StarterContent/Maps/Minimal_Default.Minimal_Default_C' with ClassGeneratedBy '/Game/StarterContent/Maps/Minimal_Default.Minimal_Default:PersistentLevel.Minimal_Default'
[2018.12.28-00.28.22:949][300]LogPlayLevel: PlayLevel: No blueprints needed recompiling
[2018.12.28-00.28.22:979][300]PIE: New page: PIE session: Minimal_Default (28 Dec 2018 00:28:22)
[2018.12.28-00.28.22:980][300]LogPlayLevel: Creating play world package: /Game/StarterContent/Maps/UEDPIE_1_Minimal_Default
[2018.12.28-00.28.22:988][300]LogPlayLevel: PIE: StaticDuplicateObject took: (0.008305s)
[2018.12.28-00.28.22:990][300]LogAIModule: Creating AISystem for world Minimal_Default
[2018.12.28-00.28.22:990][300]LogPlayLevel: PIE: World Init took: (0.001684s)
[2018.12.28-00.28.22:990][300]LogPlayLevel: PIE: Created PIE world by copying editor world from /Game/StarterContent/Maps/Minimal_Default.Minimal_Default to /Game/StarterContent/Maps/UEDPIE_1_Minimal_Default.Minimal_Default (0.010725s)
[2018.12.28-00.28.23:137][300]LogInit: XAudio2 using 'Digital Audio (S/PDIF) (2- High Definition Audio Device)' : 2 channels at 48 kHz using 16 bits per sample (channel mask 0x3)
[2018.12.28-00.28.23:157][300]LogInit: FAudioDevice initialized.
[2018.12.28-00.28.23:552][300]LogLoad: Game class is 'FightingGameMode_C'
[2018.12.28-00.28.23:556][300]LogWorld: Bringing World /Game/StarterContent/Maps/UEDPIE_1_Minimal_Default.Minimal_Default up for play (max tick rate 0) at 2018.12.28-00.28.23
[2018.12.28-00.28.23:557][300]LogWorld: Bringing up level for play took: 0.001945
[2018.12.28-00.28.23:584][300]LogContentBrowser: Native class hierarchy updated for 'MovieSceneCapture' in 0.0009 seconds. Added 10 classes and 0 folders.
[2018.12.28-00.28.23:588][300]LogTemp: Display: ParseSettings for GameNetDriver
[2018.12.28-00.28.23:588][300]LogTemp: Display: ParseSettings for IpNetDriver_0
[2018.12.28-00.28.23:588][300]LogTemp: Display: ParseSettings for GameNetDriver
[2018.12.28-00.28.23:588][300]LogNet: ReplicationDriverClass is null! Not using ReplicationDriver.
[2018.12.28-00.28.23:588][300]LogInit: WinSock: Socket queue 131072 / 131072
[2018.12.28-00.28.23:589][300]LogInit: WinSock: I am DESKTOP-OK86UV6 (192.168.0.10:0)
[2018.12.28-00.28.23:589][300]PacketHandlerLog: Loaded PacketHandler component: Engine.EngineHandlerComponentFactory (StatelessConnectHandlerComponent)
[2018.12.28-00.28.23:589][300]LogNet: GameNetDriver IpNetDriver_0 IpNetDriver listening on port 17777
[2018.12.28-00.28.23:592][300]PIE: Play in editor start time for /Game/StarterContent/Maps/UEDPIE_1_Minimal_Default 0.508
[2018.12.28-00.28.23:604][300]PIE: New page: PIE session: Minimal_Default (28 Dec 2018 00:28:23)
[2018.12.28-00.28.23:624][300]LogSlate: FSceneViewport::OnFocusLost() reason 2
[2018.12.28-00.28.23:633][300]LogSlate: Updating window title bar state: overlay mode, drag disabled, window buttons hidden, title bar hidden
[2018.12.28-00.28.23:709][300]LogNet: Browse: 127.0.0.1:17777//Game/StarterContent/Maps/Minimal_Default
[2018.12.28-00.28.23:710][300]LogTemp: Display: ParseSettings for GameNetDriver
[2018.12.28-00.28.23:710][300]LogTemp: Display: ParseSettings for IpNetDriver_1
[2018.12.28-00.28.23:710][300]LogTemp: Display: ParseSettings for PendingNetDriver
[2018.12.28-00.28.23:710][300]LogInit: WinSock: Socket queue 32768 / 32768
[2018.12.28-00.28.23:712][300]PacketHandlerLog: Loaded PacketHandler component: Engine.EngineHandlerComponentFactory (StatelessConnectHandlerComponent)
[2018.12.28-00.28.23:712][300]LogNet: Game client on port 17777, rate 10000
[2018.12.28-00.28.23:716][300]PIE: Play in editor start time for /Game/StarterContent/Maps/Minimal_Default 0.632
[2018.12.28-00.28.23:739][300]LogBlueprintUserMessages: Late PlayInEditor Detection: Level '/Game/StarterContent/Maps/Minimal_Default.Minimal_Default:PersistentLevel' has LevelScriptBlueprint '/Game/StarterContent/Maps/Minimal_Default.Minimal_Default:PersistentLevel.Minimal_Default' with GeneratedClass '/Game/StarterContent/Maps/Minimal_Default.Minimal_Default_C' with ClassGeneratedBy '/Game/StarterContent/Maps/Minimal_Default.Minimal_Default:PersistentLevel.Minimal_Default'
[2018.12.28-00.28.23:740][300]LogNet: NotifyAcceptingConnection accepted from: 127.0.0.1:50146
[2018.12.28-00.28.23:740][300]LogHandshake: SendConnectChallenge. Timestamp: 0.008333, Cookie: 212164197056247144099048190056185195212196254204184054243114
[2018.12.28-00.29.20:606][300]LogNet: UNetDriver::TickDispatch: Very long time between ticks. DeltaTime: 0.01, Realtime: 56.90. IpNetDriver_1
[2018.12.28-00.29.20:620][300]LogHandshake: SendChallengeResponse. Timestamp: 0.008333, Cookie: 212164197056247144099048190056185195212196254204184054243114
[2018.12.28-00.29.20:742][301]LogNet: UNetDriver::TickDispatch: Very long time between ticks. DeltaTime: 57.81, Realtime: 57.00. IpNetDriver_0
[2018.12.28-00.29.20:743][301]LogNet: NotifyAcceptingConnection accepted from: 127.0.0.1:50146
[2018.12.28-00.29.20:743][301]LogCharacterMovement: Warning: GetSimulationTimeStep() - Max iterations 8 hit while remaining time 0.074259 > MaxSimulationTimeStep (0.050) for 'TestPlayer_C_0', movement 'Walking'
[2018.12.28-00.29.23:740][301]LogNet: UNetDriver::TickDispatch: Very long time between ticks. DeltaTime: 57.81, Realtime: 3.13. IpNetDriver_1
[2018.12.28-00.29.23:758][302]LogNet: NotifyAcceptingConnection accepted from: 127.0.0.1:50146
[2018.12.28-00.29.23:758][302]LogHandshake: SendConnectChallenge. Timestamp: 60.834721, Cookie: 040074051030170062048017085068236177055051157119188231133088
[2018.12.28-00.29.23:760][302]LogHandshake: SendChallengeResponse. Timestamp: 60.834721, Cookie: 040074051030170062048017085068236177055051157119188231133088
[2018.12.28-00.29.24:172][303]LogNet: NotifyAcceptingConnection accepted from: 127.0.0.1:50146
[2018.12.28-00.29.24:172][303]LogHandshake: SendChallengeAck. InCookie: 040074051030170062048017085068236177055051157119188231133088
[2018.12.28-00.29.24:173][303]LogNet: Server accepting post-challenge connection from: 127.0.0.1:50146
[2018.12.28-00.29.24:174][303]PacketHandlerLog: Loaded PacketHandler component: Engine.EngineHandlerComponentFactory (StatelessConnectHandlerComponent)
[2018.12.28-00.29.24:174][303]LogNet: NotifyAcceptedConnection: Name: Minimal_Default, TimeStamp: 12/28/18 00:29:24, [UNetConnection] RemoteAddr: 127.0.0.1:50146, Name: IpConnection_1, Driver: GameNetDriver IpNetDriver_0, IsServer: YES, PC: NULL, Owner: NULL, UniqueId: INVALID
[2018.12.28-00.29.24:174][303]LogNet: AddClientConnection: Added client connection: [UNetConnection] RemoteAddr: 127.0.0.1:50146, Name: IpConnection_1, Driver: GameNetDriver IpNetDriver_0, IsServer: YES, PC: NULL, Owner: NULL, UniqueId: INVALID
[2018.12.28-00.29.24:176][303]LogNetVersion: FightingGame 1.0.0.0, NetCL: 4212847, EngineNetVer: 5, GameNetVer: 0 (Checksum: 4124689447)
[2018.12.28-00.29.24:176][303]LogNet: UPendingNetGame::SendInitialJoin: Sending hello. [UNetConnection] RemoteAddr: 127.0.0.1:17777, Name: IpConnection_0, Driver: PendingNetDriver IpNetDriver_1, IsServer: NO, PC: NULL, Owner: NULL, UniqueId: INVALID
[2018.12.28-00.29.24:429][304]LogNet: NotifyAcceptingChannel Control 0 server World /Game/StarterContent/Maps/UEDPIE_1_Minimal_Default.Minimal_Default: Accepted
[2018.12.28-00.29.24:429][304]LogNet: Remote platform little endian=1
[2018.12.28-00.29.24:430][304]LogNet: This platform little endian=1
[2018.12.28-00.29.24:756][305]LogNet: Login request: /Game/StarterContent/Maps/Minimal_Default?Name=DESKTOP-OK86UV6-0782D231411788A68044CE9FB3BAB276 userId: DESKTOP-OK86UV6-0782D231411788A68044CE9FB3BAB276
[2018.12.28-00.29.24:758][305]LogNet: Welcomed by server (Level: /Game/StarterContent/Maps/UEDPIE_1_Minimal_Default, Game: /Game/FightingGameMode.FightingGameMode_C)
[2018.12.28-00.29.24:759][305]LogLoad: LoadMap: 127.0.0.1:17777//Game/StarterContent/Maps/UEDPIE_1_Minimal_Default?game=/Game/FightingGameMode.FightingGameMode_C
[2018.12.28-00.29.24:878][305]LogAIModule: Creating AISystem for world Minimal_Default
[2018.12.28-00.29.24:878][305]LogTemp: Display: ParseSettings for GameNetDriver
[2018.12.28-00.29.24:880][305]LogWorld: Bringing World /Game/StarterContent/Maps/UEDPIE_2_Minimal_Default.Minimal_Default up for play (max tick rate 0) at 2018.12.28-00.29.24
[2018.12.28-00.29.24:880][305]LogWorld: Bringing up level for play took: 0.000996
[2018.12.28-00.29.24:881][305]LogLoad: Took 0.122278 seconds to LoadMap(/Game/StarterContent/Maps/UEDPIE_1_Minimal_Default)
[2018.12.28-00.29.24:896][306]LogNet: Client netspeed is 10000
[2018.12.28-00.29.24:897][306]LogNet: Join request: /Game/StarterContent/Maps/Minimal_Default?Name=DESKTOP-OK86UV6-0782D231411788A68044CE9FB3BAB276?SplitscreenCount=1
[2018.12.28-00.29.24:897][306]LogOnline: Warning: OSS: No game present to join for session (GameSession)
[2018.12.28-00.29.24:900][306]LogNet: Join succeeded: DESKTOP-OK86UV6-0782
[2018.12.28-00.29.24:912][307]LogRenderer: Reallocating scene render targets to support 1280x720 Format 10 NumSamples 1 (Frame:1).
[2018.12.28-00.29.24:941][307]LogOnline: Warning: OSS: No game present to join for session (GameSession)
[2018.12.28-00.29.24:944][307]LogOnline: Warning: OSS: No game present to join for session (GameSession)
[2018.12.28-00.29.34:136][948]LogBlueprintUserMessages: Early EndPlayMap Detection: Level '/Game/StarterContent/Maps/Minimal_Default.Minimal_Default:PersistentLevel' has LevelScriptBlueprint '/Game/StarterContent/Maps/Minimal_Default.Minimal_Default:PersistentLevel.Minimal_Default' with GeneratedClass '/Game/StarterContent/Maps/Minimal_Default.Minimal_Default_C' with ClassGeneratedBy '/Game/StarterContent/Maps/Minimal_Default.Minimal_Default:PersistentLevel.Minimal_Default'
[2018.12.28-00.29.34:136][948]LogSlate: Updating window title bar state: overlay mode, drag disabled, window buttons hidden, title bar hidden
[2018.12.28-00.29.34:158][948]LogSlate: Window 'FightingGame Game Preview Client 1 (64-bit/PCD3D_SM5)' being destroyed
[2018.12.28-00.29.34:198][948]LogOnline: Warning: OSS: No game present to leave for session (GameSession)
[2018.12.28-00.29.34:199][948]LogSlate: Updating window title bar state: overlay mode, drag disabled, window buttons hidden, title bar hidden
[2018.12.28-00.29.34:238][948]LogPlayLevel: Display: Shutting down PIE online subsystems
[2018.12.28-00.29.34:238][948]LogBlueprintUserMessages: Late EndPlayMap Detection: Level '/Game/StarterContent/Maps/Minimal_Default.Minimal_Default:PersistentLevel' has LevelScriptBlueprint '/Game/StarterContent/Maps/Minimal_Default.Minimal_Default:PersistentLevel.Minimal_Default' with GeneratedClass '/Game/StarterContent/Maps/Minimal_Default.Minimal_Default_C' with ClassGeneratedBy '/Game/StarterContent/Maps/Minimal_Default.Minimal_Default:PersistentLevel.Minimal_Default'
[2018.12.28-00.29.34:360][948]LogSlate: Updating window title bar state: overlay mode, drag disabled, window buttons hidden, title bar hidden
[2018.12.28-00.29.34:361][948]LogNet: UChannel::CleanUp: ChIndex == 0. Closing connection. [UChannel] ChIndex: 0, Closing: 0 [UNetConnection] RemoteAddr: 127.0.0.1:50146, Name: IpConnection_1, Driver: GameNetDriver IpNetDriver_0, IsServer: YES, PC: None, Owner: None, UniqueId: NULL:DESKTOP-OK86UV6-0782D231411788A68044CE9FB3BAB276
[2018.12.28-00.29.34:361][948]LogNet: UNetConnection::Close: [UNetConnection] RemoteAddr: 127.0.0.1:50146, Name: IpConnection_1, Driver: GameNetDriver IpNetDriver_0, IsServer: YES, PC: None, Owner: None, UniqueId: NULL:DESKTOP-OK86UV6-0782D231411788A68044CE9FB3BAB276, Channels: 2, Time: 2018.12.28-00.29.34
[2018.12.28-00.29.34:361][948]LogNet: UChannel::Close: Sending CloseBunch. ChIndex == 0. Name: [UChannel] ChIndex: 0, Closing: 0 [UNetConnection] RemoteAddr: 127.0.0.1:50146, Name: IpConnection_1, Driver: GameNetDriver IpNetDriver_0, IsServer: YES, PC: None, Owner: None, UniqueId: NULL:DESKTOP-OK86UV6-0782D231411788A68044CE9FB3BAB276
[2018.12.28-00.29.34:362][948]LogNet: UChannel::CleanUp: ChIndex == 0. Closing connection. [UChannel] ChIndex: 0, Closing: 0 [UNetConnection] RemoteAddr: 127.0.0.1:17777, Name: None, Driver: GameNetDriver None, IsServer: NO, PC: None, Owner: None, UniqueId: NULL:DESKTOP-OK86UV6-0782D231411788A68044CE9FB3BAB276
[2018.12.28-00.29.34:362][948]LogNet: UNetConnection::Close: [UNetConnection] RemoteAddr: 127.0.0.1:17777, Name: None, Driver: GameNetDriver None, IsServer: NO, PC: None, Owner: None, UniqueId: NULL:DESKTOP-OK86UV6-0782D231411788A68044CE9FB3BAB276, Channels: 1, Time: 2018.12.28-00.29.34
[2018.12.28-00.29.34:362][948]LogNet: UChannel::Close: Sending CloseBunch. ChIndex == 0. Name: [UChannel] ChIndex: 0, Closing: 0 [UNetConnection] RemoteAddr: 127.0.0.1:17777, Name: None, Driver: GameNetDriver None, IsServer: NO, PC: None, Owner: None, UniqueId: NULL:DESKTOP-OK86UV6-0782D231411788A68044CE9FB3BAB276
[2018.12.28-00.29.34:364][948]LogExit: GameNetDriver None shut down
[2018.12.28-00.29.34:365][948]LogExit: GameNetDriver None shut down
[2018.12.28-00.29.34:396][949]LogPlayLevel: Display: Destroying online subsystem :Context_2
[2018.12.28-00.29.34:396][949]LogPlayLevel: Display: Destroying online subsystem :Context_1
[2018.12.28-00.29.42:369][627]LogEditorViewport: Clicking on Actor (LMB): BP_Sky_Sphere_C (BP_Sky_Sphere)
