Log file open, 01/05/19 20:02:38
LogWindows: Failed to load 'aqProf.dll' (GetLastError=126)
LogWindows: File 'aqProf.dll' does not exist
LogWindows: Failed to load 'VSPerf140.dll' (GetLastError=126)
LogWindows: File 'VSPerf140.dll' does not exist
LogWindows: Failed to load 'VtuneApi.dll' (GetLastError=126)
LogWindows: File 'VtuneApi.dll' does not exist
LogWindows: Failed to load 'VtuneApi32e.dll' (GetLastError=126)
LogWindows: File 'VtuneApi32e.dll' does not exist
LogInit: Display: Running engine for game: FightingGame
LogPlatformFile: Not using cached read wrapper
LogTaskGraph: Started task graph with 5 named threads and 23 total threads with 3 sets of task threads.
LogStats: Stats thread started at 0.423601
LogD3D11RHI: Loaded GFSDK_Aftermath_Lib.x64.dll
LogICUInternationalization: Display: ICU TimeZone Detection - Raw Offset: +0:00, Platform Override: ''
LogPluginManager: Mounting plugin Paper2D
LogPluginManager: Mounting plugin AISupport
LogPluginManager: Mounting plugin LightPropagationVolume
LogPluginManager: Mounting plugin CLionSourceCodeAccess
LogPluginManager: Mounting plugin CodeLiteSourceCodeAccess
LogPluginManager: Mounting plugin GitSourceControl
LogPluginManager: Mounting plugin KDevelopSourceCodeAccess
LogPluginManager: Mounting plugin NullSourceCodeAccess
LogPluginManager: Mounting plugin PerforceSourceControl
LogPluginManager: Mounting plugin SubversionSourceControl
LogPluginManager: Mounting plugin UObjectPlugin
LogPluginManager: Mounting plugin VisualStudioCodeSourceCodeAccess
LogPluginManager: Mounting plugin VisualStudioSourceCodeAccess
LogPluginManager: Mounting plugin XCodeSourceCodeAccess
LogPluginManager: Mounting plugin AssetManagerEditor
LogPluginManager: Mounting plugin CryptoKeys
LogPluginManager: Mounting plugin DataValidation
LogPluginManager: Mounting plugin FacialAnimation
LogPluginManager: Mounting plugin GameplayTagsEditor
LogPluginManager: Mounting plugin MacGraphicsSwitching
LogPluginManager: Mounting plugin MeshEditor
LogPluginManager: Mounting plugin MobileLauncherProfileWizard
LogPluginManager: Mounting plugin PluginBrowser
LogPluginManager: Mounting plugin SpeedTreeImporter
LogPluginManager: Mounting plugin DatasmithContent
LogPluginManager: Mounting plugin AlembicImporter
LogPluginManager: Mounting plugin AppleImageUtils
LogPluginManager: Mounting plugin AppleVision
LogPluginManager: Mounting plugin BackChannel
LogPluginManager: Mounting plugin CharacterAI
LogPluginManager: Mounting plugin GeometryCache
LogPluginManager: Mounting plugin HTML5Networking
LogPluginManager: Mounting plugin ProxyLODPlugin
LogPluginManager: Mounting plugin MagicLeap
LogPluginManager: Mounting plugin MagicLeapEmulator
LogPluginManager: Mounting plugin MagicLeapMedia
LogPluginManager: Mounting plugin AndroidMedia
LogPluginManager: Mounting plugin AvfMedia
LogPluginManager: Mounting plugin ImgMedia
LogPluginManager: Mounting plugin LinearTimecode
LogPluginManager: Mounting plugin MediaCompositing
LogPluginManager: Mounting plugin MediaPlayerEditor
LogPluginManager: Mounting plugin WmfMedia
LogPluginManager: Mounting plugin TcpMessaging
LogPluginManager: Mounting plugin UdpMessaging
LogPluginManager: Mounting plugin ActorSequence
LogPluginManager: Mounting plugin LevelSequenceEditor
LogPluginManager: Mounting plugin MatineeToLevelSequence
LogPluginManager: Mounting plugin NetcodeUnitTest
LogPluginManager: Mounting plugin NUTUnrealEngine4
LogPluginManager: Mounting plugin OnlineSubsystemGooglePlay
LogPluginManager: Mounting plugin OnlineSubsystemIOS
LogPluginManager: Mounting plugin OnlineSubsystem
LogPluginManager: Mounting plugin OnlineSubsystemNull
LogPluginManager: Mounting plugin OnlineSubsystemUtils
LogPluginManager: Mounting plugin LauncherChunkInstaller
LogPluginManager: Mounting plugin AndroidDeviceProfileSelector
LogPluginManager: Mounting plugin AndroidMoviePlayer
LogPluginManager: Mounting plugin AndroidPermission
LogPluginManager: Mounting plugin AppleMoviePlayer
LogPluginManager: Mounting plugin ArchVisCharacter
LogPluginManager: Mounting plugin AudioCapture
LogPluginManager: Mounting plugin CableComponent
LogPluginManager: Mounting plugin CustomMeshComponent
LogPluginManager: Mounting plugin EditableMesh
LogPluginManager: Mounting plugin ExampleDeviceProfileSelector
LogPluginManager: Mounting plugin GoogleCloudMessaging
LogPluginManager: Mounting plugin ImmediatePhysics
LogPluginManager: Mounting plugin IOSDeviceProfileSelector
LogPluginManager: Mounting plugin LinuxDeviceProfileSelector
LogPluginManager: Mounting plugin LocationServicesBPLibrary
LogPluginManager: Mounting plugin MobilePatchingUtils
LogPluginManager: Mounting plugin OculusVR
LogPluginManager: Plugin shader directory ../../../Engine/Plugins/Runtime/Oculus/OculusVR/Shaders found
LogPluginManager: Mapping shader source directory ../../../Engine/Plugins/Runtime/Oculus/OculusVR/Shaders to virtual directory /Plugin/OculusVR
LogPluginManager: Mounting plugin PhysXVehicles
LogPluginManager: Mounting plugin ProceduralMeshComponent
LogPluginManager: Mounting plugin RuntimePhysXCooking
LogPluginManager: Mounting plugin SteamVR
LogPluginManager: Mounting plugin WindowsMoviePlayer
LogStreaming: Display: Took  0.295s to configure plugins.
LogInit: Using libcurl 7.55.1-DEV
LogInit:  - built for x86_64-pc-win32
LogInit:  - supports SSL with OpenSSL/1.0.2h
LogInit:  - supports HTTP deflate (compression) using libz 1.2.8
LogInit:  - other features:
LogInit:      CURL_VERSION_SSL
LogInit:      CURL_VERSION_LIBZ
LogInit:      CURL_VERSION_IPV6
LogInit:      CURL_VERSION_ASYNCHDNS
LogInit:      CURL_VERSION_LARGEFILE
LogInit:      CURL_VERSION_IDN
LogInit:  CurlRequestOptions (configurable via config and command line):
LogInit:  - bVerifyPeer = false  - Libcurl will NOT verify peer certificate
LogInit:  - bUseHttpProxy = false  - Libcurl will NOT use HTTP proxy
LogInit:  - bDontReuseConnections = false  - Libcurl will reuse connections
LogInit:  - CertBundlePath = nullptr  - Libcurl will use whatever was configured at build time.
LogInit:  - MaxHostConnections = 16  - Libcurl will limit the number of connections to a host
LogInit:  - LocalHostAddr = Default
LogInit:  - BufferSize = 65536
LogInit: WinSock: version 1.1 (2.2), MaxSocks=32767, MaxUdp=65467
LogInit: Build: ++UE4+Release-4.20-CL-4369336
LogInit: Engine Version: 4.20.3-4369336+++UE4+Release-4.20
LogInit: Compatible Engine Version: 4.20.0-4212847+++UE4+Release-4.20
LogInit: Net CL: 4212847
LogInit: OS: Windows 10 (), CPU: Intel(R) Core(TM) i7-6700K CPU @ 4.00GHz, GPU: NVIDIA GeForce GTX 1060 6GB
LogInit: Compiled (64-bit): Sep 17 2018 12:26:19
LogInit: Compiled with Visual C++: 19.13.26129.00
LogInit: Build Configuration: Development
LogInit: Branch Name: ++UE4+Release-4.20
LogInit: Command Line:  -skipcompile
LogInit: Base Directory: D:/Program Files/Epic Games/UE_4.20/Engine/Binaries/Win64/
LogInit: Installed Engine Build: 1
LogDevObjectVersion: Number of dev versions registered: 20
LogDevObjectVersion:   Dev-Blueprints (B0D832E4-1F89-4F0D-ACCF-7EB736FD4AA2): 10
LogDevObjectVersion:   Dev-Build (E1C64328-A22C-4D53-A36C-8E866417BD8C): 0
LogDevObjectVersion:   Dev-Core (375EC13C-06E4-48FB-B500-84F0262A717E): 2
LogDevObjectVersion:   Dev-Editor (E4B068ED-F494-42E9-A231-DA0B2E46BB41): 24
LogDevObjectVersion:   Dev-Framework (CFFC743F-43B0-4480-9391-14DF171D2073): 34
LogDevObjectVersion:   Dev-Mobile (B02B49B5-BB20-44E9-A304-32B752E40360): 2
LogDevObjectVersion:   Dev-Networking (A4E4105C-59A1-49B5-A7C5-40C4547EDFEE): 0
LogDevObjectVersion:   Dev-Online (39C831C9-5AE6-47DC-9A44-9C173E1C8E7C): 0
LogDevObjectVersion:   Dev-Physics (78F01B33-EBEA-4F98-B9B4-84EACCB95AA2): 0
LogDevObjectVersion:   Dev-Platform (6631380F-2D4D-43E0-8009-CF276956A95A): 0
LogDevObjectVersion:   Dev-Rendering (12F88B9F-8875-4AFC-A67C-D90C383ABD29): 26
LogDevObjectVersion:   Dev-Sequencer (7B5AE74C-D270-4C10-A958-57980B212A5A): 9
LogDevObjectVersion:   Dev-VR (D7296918-1DD6-4BDD-9DE2-64A83CC13884): 2
LogDevObjectVersion:   Dev-LoadTimes (C2A15278-BFE7-4AFE-6C17-90FF531DF755): 1
LogDevObjectVersion:   Private-Geometry (6EACA3D4-40EC-4CC1-B786-8BED09428FC5): 3
LogDevObjectVersion:   Dev-AnimPhys (29E575DD-E0A3-4627-9D10-D276232CDCEA): 17
LogDevObjectVersion:   Dev-ReflectionCapture (6B266CEC-1EC7-4B8F-A30B-E4D90942FC07): 1
LogDevObjectVersion:   Dev-Automation (0DF73D61-A23F-47EA-B727-89E90C41499A): 1
LogDevObjectVersion:   FortniteMain (601D1886-AC64-4F84-AA16-D3DE0DEAC7D6): 12
LogDevObjectVersion:   Dev-Enterprise (9DFFBCD6-494F-0158-E221-12823C92A888): 1
LogStreaming: Display: Took  0.008s to delete old logs.
LogInit: Presizing for max 8388607 objects, including 0 objects not considered by GC, pre-allocating 0 bytes for permanent pool.
LogInit: Object subsystem initialized
[2019.01.05-20.02.39:069][  0]LogInit: Selected Device Profile: [Windows]
[2019.01.05-20.02.39:069][  0]LogInit: Applying CVar settings loaded from the selected device profile: [Windows]
[2019.01.05-20.02.39:081][  0]LogHAL: Display: Platform has ~ 16 GB [17126547456 / 17179869184 / 16], which maps to Larger [LargestMinGB=32, LargerMinGB=12, DefaultMinGB=8, SmallerMinGB=6, SmallestMinGB=0)
[2019.01.05-20.02.39:081][  0]LogInit: Setting Device Profile CVar: [[r.Vulkan.UseRealUBs:1]]
[2019.01.05-20.02.39:081][  0]LogInit: Going up to parent DeviceProfile []
[2019.01.05-20.02.39:081][  0]LogInit: Computer: EDWARD
[2019.01.05-20.02.39:081][  0]LogInit: User: John
[2019.01.05-20.02.39:082][  0]LogInit: CPU Page size=4096, Cores=4
[2019.01.05-20.02.39:082][  0]LogInit: High frequency timer resolution =3.914064 MHz
[2019.01.05-20.02.39:082][  0]LogMemory: Memory total: Physical=16.0GB (16GB approx)
[2019.01.05-20.02.39:082][  0]LogMemory: Platform Memory Stats for Windows
[2019.01.05-20.02.39:082][  0]LogMemory: Process Physical Memory: 102.68 MB used, 102.68 MB peak
[2019.01.05-20.02.39:082][  0]LogMemory: Process Virtual Memory: 90.24 MB used, 90.24 MB peak
[2019.01.05-20.02.39:082][  0]LogMemory: Physical Memory: 8594.23 MB used,  7738.92 MB free, 16333.15 MB total
[2019.01.05-20.02.39:082][  0]LogMemory: Virtual Memory: 4638.83 MB used,  7738.92 MB free, 134217728.00 MB total
[2019.01.05-20.02.39:207][  0]LogInit: Using OS detected language (en-US).
[2019.01.05-20.02.39:207][  0]LogInit: Using OS detected locale (en-US).
[2019.01.05-20.02.39:208][  0]LogTextLocalizationManager: No specific localization for 'en-US' exists, so the 'en' localization will be used.
[2019.01.05-20.02.39:546][  0]LogStreaming: Display: Took  0.339s to InitEngineTextLocalization.
[2019.01.05-20.02.39:546][  0]LogInit: Setting process to per monitor DPI aware
[2019.01.05-20.02.39:589][  0]LogSlate: New Slate User Created.  User Index 0, Is Virtual User: 0
[2019.01.05-20.02.39:589][  0]LogSlate: Slate User Registered.  User Index 0, Is Virtual User: 0
[2019.01.05-20.02.39:866][  0]LogHMD: Failed to initialize OpenVR with code 102
[2019.01.05-20.02.39:866][  0]LogD3D11RHI: D3D11 adapters:
[2019.01.05-20.02.39:937][  0]LogD3D11RHI:    0. 'NVIDIA GeForce GTX 1060 6GB' (Feature Level 11_0)
[2019.01.05-20.02.39:937][  0]LogD3D11RHI:       6061/0/8166 MB DedicatedVideo/DedicatedSystem/SharedSystem, Outputs:2, VendorId:0x10de
[2019.01.05-20.02.39:943][  0]LogD3D11RHI:    1. 'Microsoft Basic Render Driver' (Feature Level 11_0)
[2019.01.05-20.02.39:943][  0]LogD3D11RHI:       0/0/8166 MB DedicatedVideo/DedicatedSystem/SharedSystem, Outputs:0, VendorId:0x1414
[2019.01.05-20.02.39:943][  0]LogD3D11RHI: Chosen D3D11 Adapter: 0
[2019.01.05-20.02.39:952][  0]LogD3D11RHI: Creating new Direct3DDevice
[2019.01.05-20.02.39:952][  0]LogD3D11RHI:     GPU DeviceId: 0x1c03 (for the marketing name, search the web for "GPU Device Id")
[2019.01.05-20.02.39:952][  0]LogWindows: EnumDisplayDevices:
[2019.01.05-20.02.39:952][  0]LogWindows:    0. 'NVIDIA GeForce GTX 1060 6GB' (P:1 D:1)
[2019.01.05-20.02.39:953][  0]LogWindows:    1. 'NVIDIA GeForce GTX 1060 6GB' (P:0 D:1)
[2019.01.05-20.02.39:953][  0]LogWindows:    2. 'NVIDIA GeForce GTX 1060 6GB' (P:0 D:0)
[2019.01.05-20.02.39:953][  0]LogWindows:    3. 'NVIDIA GeForce GTX 1060 6GB' (P:0 D:0)
[2019.01.05-20.02.39:954][  0]LogWindows: DebugString: FoundDriverCount:4 
[2019.01.05-20.02.39:954][  0]LogD3D11RHI:     Adapter Name: NVIDIA GeForce GTX 1060 6GB
[2019.01.05-20.02.39:954][  0]LogD3D11RHI:   Driver Version: 388.13 (internal:23.21.13.8813, unified:388.13)
[2019.01.05-20.02.39:954][  0]LogD3D11RHI:      Driver Date: 10-27-2017
[2019.01.05-20.02.39:954][  0]LogRHI: Texture pool is 4242 MB (70% of 6061 MB)
[2019.01.05-20.02.39:991][  0]LogD3D11RHI: Async texture creation enabled
[2019.01.05-20.02.40:006][  0]LogD3D11RHI: GPU Timing Frequency: 1000.000000 (Debug: 2 1)
[2019.01.05-20.02.40:102][  0]LogShaderCompilers: Guid format shader working directory is -3 characters bigger than the processId version (../../../../../../Git/FightingGame/FightingGame/Intermediate/Shaders/WorkingDirectory/21788/).
[2019.01.05-20.02.40:103][  0]LogShaderCompilers: Cleaned the shader compiler working directory 'C:/Users/John/AppData/Local/Temp/UnrealShaderWorkingDir/9EE593F44BA99716B404848DD4C88FE1/'.
[2019.01.05-20.02.40:617][  0]LogTemp: Display: Loaded TP AllDesktopTargetPlatform
[2019.01.05-20.02.40:637][  0]LogTemp: Display: Loaded TP MacClientTargetPlatform
[2019.01.05-20.02.40:658][  0]LogTemp: Display: Loaded TP MacNoEditorTargetPlatform
[2019.01.05-20.02.40:678][  0]LogTemp: Display: Loaded TP MacServerTargetPlatform
[2019.01.05-20.02.40:700][  0]LogTemp: Display: Loaded TP MacTargetPlatform
[2019.01.05-20.02.40:721][  0]LogTemp: Display: Loaded TP WindowsClientTargetPlatform
[2019.01.05-20.02.40:746][  0]LogTemp: Display: Loaded TP WindowsNoEditorTargetPlatform
[2019.01.05-20.02.40:772][  0]LogTemp: Display: Loaded TP WindowsServerTargetPlatform
[2019.01.05-20.02.40:785][  0]LogTemp: Display: Loaded TP WindowsTargetPlatform
[2019.01.05-20.02.40:871][  0]LogTemp: Display: Loaded TP AndroidTargetPlatform
[2019.01.05-20.02.40:871][  0]LogTemp: Display: Loaded TP AndroidTargetPlatform
[2019.01.05-20.02.40:871][  0]LogTemp: Display: Loaded TP AndroidTargetPlatform
[2019.01.05-20.02.40:871][  0]LogTemp: Display: Loaded TP AndroidTargetPlatform
[2019.01.05-20.02.40:871][  0]LogTemp: Display: Loaded TP AndroidTargetPlatform
[2019.01.05-20.02.40:872][  0]LogTemp: Display: Loaded TP AndroidTargetPlatform
[2019.01.05-20.02.40:872][  0]LogTemp: Display: Loaded TP AndroidTargetPlatform
[2019.01.05-20.02.40:872][  0]LogTemp: Display: Loaded TP AndroidTargetPlatform
[2019.01.05-20.02.40:872][  0]LogTemp: Display: Loaded TP AndroidTargetPlatform
[2019.01.05-20.02.40:872][  0]LogTemp: Display: Loaded TP AndroidTargetPlatform
[2019.01.05-20.02.40:872][  0]LogTemp: Display: Loaded TP AndroidTargetPlatform
[2019.01.05-20.02.40:872][  0]LogTemp: Display: Loaded TP AndroidTargetPlatform
[2019.01.05-20.02.40:872][  0]LogTemp: Display: Loaded TP AndroidTargetPlatform
[2019.01.05-20.02.40:872][  0]LogTemp: Display: Loaded TP AndroidTargetPlatform
[2019.01.05-20.02.40:872][  0]LogTemp: Display: Loaded TP AndroidTargetPlatform
[2019.01.05-20.02.40:872][  0]LogTemp: Display: Loaded TP AndroidTargetPlatform
[2019.01.05-20.02.40:872][  0]LogTemp: Display: Loaded TP AndroidTargetPlatform
[2019.01.05-20.02.40:872][  0]LogTemp: Display: Loaded TP AndroidTargetPlatform
[2019.01.05-20.02.40:879][  0]LogTemp: Display: Loaded TP HTML5TargetPlatform
[2019.01.05-20.02.40:964][  0]LogTemp: Display: Loaded TP IOSTargetPlatform
[2019.01.05-20.02.40:964][  0]LogTemp: Display: Loaded TP IOSTargetPlatform
[2019.01.05-20.02.40:993][  0]LogTemp: Display: Loaded TP TVOSTargetPlatform
[2019.01.05-20.02.40:993][  0]LogTemp: Display: Loaded TP TVOSTargetPlatform
[2019.01.05-20.02.41:012][  0]LogTemp: Display: Loaded TP LinuxClientTargetPlatform
[2019.01.05-20.02.41:029][  0]LogTemp: Display: Loaded TP LinuxNoEditorTargetPlatform
[2019.01.05-20.02.41:050][  0]LogTemp: Display: Loaded TP LinuxServerTargetPlatform
[2019.01.05-20.02.41:073][  0]LogTemp: Display: Loaded TP LinuxTargetPlatform
[2019.01.05-20.02.41:098][  0]LogTemp: Display: Loaded TP LuminTargetPlatform
[2019.01.05-20.02.41:098][  0]LogTargetPlatformManager: Display: Building Assets For Windows
[2019.01.05-20.02.41:302][  0]LogXGEController: Cleaning working directory: C:/Users/John/AppData/Local/Temp/UnrealXGEWorkingDir/
[2019.01.05-20.02.41:303][  0]LogXGEController: Cannot use XGE Controller as Incredibuild is not installed on this machine.
[2019.01.05-20.02.41:303][  0]LogShaderCompilers: Cannot use XGE Shader Compiler as Incredibuild is not installed on this machine.
[2019.01.05-20.02.41:303][  0]LogShaderCompilers: Display: Using Local Shader Compiler.
[2019.01.05-20.02.42:073][  0]LogDerivedDataCache: Display: Max Cache Size: 512 MB
[2019.01.05-20.02.42:122][  0]LogDerivedDataCache: Loaded boot cache 0.05s 71MB C:/Users/John/AppData/Local/UnrealEngine/4.20/DerivedDataCache/Boot.ddc.
[2019.01.05-20.02.42:123][  0]LogDerivedDataCache: Display: Loaded Boot cache: C:/Users/John/AppData/Local/UnrealEngine/4.20/DerivedDataCache/Boot.ddc
[2019.01.05-20.02.42:123][  0]LogDerivedDataCache: FDerivedDataBackendGraph:  Pak pak cache file ../../../../../../Git/FightingGame/FightingGame/DerivedDataCache/DDC.ddp not found, will not use a pak cache.
[2019.01.05-20.02.42:123][  0]LogDerivedDataCache: Unable to find inner node Pak for hierarchical cache Hierarchy.
[2019.01.05-20.02.42:123][  0]LogDerivedDataCache: FDerivedDataBackendGraph:  CompressedPak pak cache file ../../../../../../Git/FightingGame/FightingGame/DerivedDataCache/Compressed.ddp not found, will not use a pak cache.
[2019.01.05-20.02.42:123][  0]LogDerivedDataCache: Unable to find inner node CompressedPak for hierarchical cache Hierarchy.
[2019.01.05-20.02.42:135][  0]LogDerivedDataCache: Display: Pak cache opened for reading ../../../Engine/DerivedDataCache/Compressed.ddp.
[2019.01.05-20.02.42:149][  0]LogDerivedDataCache: Using Local data cache path C:/Users/John/AppData/Local/UnrealEngine/Common/DerivedDataCache: Writable
[2019.01.05-20.02.42:149][  0]LogDerivedDataCache: Shared data cache path not found in *engine.ini, will not use an Shared cache.
[2019.01.05-20.02.42:149][  0]LogDerivedDataCache: Unable to find inner node Shared for hierarchical cache Hierarchy.
[2019.01.05-20.02.42:166][  0]LogMaterial: Verifying Global Shaders for PCD3D_SM5
[2019.01.05-20.02.42:168][  0]LogSlate: Using FreeType 2.6.0
[2019.01.05-20.02.42:168][  0]LogSlate: SlateFontServices - WITH_FREETYPE: 1, WITH_HARFBUZZ: 1
[2019.01.05-20.02.42:246][  0]LogAssetRegistry: FAssetRegistry took 0.0286 seconds to start up
[2019.01.05-20.02.42:582][  0]LogInit: Selected Device Profile: [Windows]
[2019.01.05-20.02.42:760][  0]LogSimplygon: Simplygon DLL not present - disabling.
[2019.01.05-20.02.42:782][  0]LogMeshReduction: Using SimplygonSwarm for distributed automatic mesh merging
[2019.01.05-20.02.42:782][  0]LogMeshReduction: Using ProxyLODMeshReduction for automatic mesh merging
[2019.01.05-20.02.42:782][  0]LogMeshReduction: Using QuadricMeshReduction for automatic static mesh reduction
[2019.01.05-20.02.42:782][  0]LogMeshReduction: No automatic skeletal mesh reduction module available
[2019.01.05-20.02.42:805][  0]LogNetVersion: FightingGame 1.0.0, NetCL: 4212847, EngineNetVer: 5, GameNetVer: 0 (Checksum: 156865789)
[2019.01.05-20.02.43:424][  0]LogPackageLocalizationCache: Processed 11 localized package path(s) for 2 prioritized culture(s) in 0.210223 seconds
[2019.01.05-20.02.43:431][  0]LogUObjectArray: 38425 objects as part of root set at end of initial load.
[2019.01.05-20.02.43:431][  0]LogUObjectAllocator: 6690872 out of 0 bytes used by permanent object pool.
[2019.01.05-20.02.43:431][  0]LogUObjectArray: CloseDisregardForGC: 0/0 objects in disregard for GC pool
[2019.01.05-20.02.44:613][  0]LogTcpMessaging: Initializing TcpMessaging bridge
[2019.01.05-20.02.44:636][  0]LogUdpMessaging: Initializing bridge on interface 0.0.0.0:0 to multicast group 230.0.0.1:6666.
[2019.01.05-20.02.44:903][  0]SourceControl: Source control is disabled
[2019.01.05-20.02.44:903][  0]SourceControl: Source control is disabled
[2019.01.05-20.02.44:917][  0]SourceControl: Source control is disabled
[2019.01.05-20.02.44:923][  0]SourceControl: Source control is disabled
[2019.01.05-20.02.45:350][  0]LogAndroidPermission: UAndroidPermissionCallbackProxy::GetInstance
[2019.01.05-20.02.45:559][  0]LogOcInput: OculusInput pre-init called
[2019.01.05-20.02.45:651][  0]LogEngine: Initializing Engine...
[2019.01.05-20.02.45:653][  0]LogHMD: Failed to initialize OpenVR with code 102
[2019.01.05-20.02.45:655][  0]LogStats: UGameplayTagsManager::ConstructGameplayTagTree: ImportINI prefixes -  0.000 s
[2019.01.05-20.02.45:655][  0]LogStats: UGameplayTagsManager::ConstructGameplayTagTree: Construct from data asset -  0.000 s
[2019.01.05-20.02.45:655][  0]LogStats: UGameplayTagsManager::ConstructGameplayTagTree: ImportINI -  0.000 s
[2019.01.05-20.02.45:655][  0]LogStats: UGameplayTagsManager::ConstructGameplayTagTree: GameplayTagTreeChangedEvent.Broadcast -  0.000 s
[2019.01.05-20.02.45:857][  0]LogInit: Initializing FReadOnlyCVARCache
[2019.01.05-20.02.45:883][  0]LogAIModule: Creating AISystem for world Untitled
[2019.01.05-20.02.45:989][  0]LogInit: XAudio2 using 'Headset Earphone (Razer ManO'War)' : 2 channels at 48 kHz using 16 bits per sample (channel mask 0x3)
[2019.01.05-20.02.46:076][  0]LogInit: FAudioDevice initialized.
[2019.01.05-20.02.46:077][  0]LogNetVersion: Set ProjectVersion to 1.0.0.0. Version Checksum will be recalculated on next use.
[2019.01.05-20.02.46:224][  0]LogDerivedDataCache: Saved boot cache 0.15s 71MB C:/Users/John/AppData/Local/UnrealEngine/4.20/DerivedDataCache/Boot.ddc.
[2019.01.05-20.02.46:232][  0]LogInit: Texture streaming: Enabled
[2019.01.05-20.02.46:278][  0]LogEngineSessionManager: EngineSessionManager initialized
[2019.01.05-20.02.46:296][  0]LogInit: Transaction tracking system initialized
[2019.01.05-20.02.46:366][  0]BlueprintLog: New page: Editor Load
[2019.01.05-20.02.46:604][  0]LocalizationService: Localization service is disabled
[2019.01.05-20.02.47:002][  0]LogCook: Display: Max memory allowance for cook 16384mb min free memory 0mb
[2019.01.05-20.02.47:003][  0]LogCook: Display: Mobile HDR setting 1
[2019.01.05-20.02.47:003][  0]LogGameplayTags: Display: UGameplayTagsManager::DoneAddingNativeTags. DelegateIsBound: 0
[2019.01.05-20.02.47:003][  0]LogStats: UGameplayTagsManager::ConstructGameplayTagTree: ImportINI prefixes -  0.000 s
[2019.01.05-20.02.47:003][  0]LogStats: UGameplayTagsManager::ConstructGameplayTagTree: Construct from data asset -  0.000 s
[2019.01.05-20.02.47:003][  0]LogStats: UGameplayTagsManager::ConstructGameplayTagTree: ImportINI -  0.000 s
[2019.01.05-20.02.47:003][  0]LogStats: UGameplayTagsManager::ConstructGameplayTagTree: GameplayTagTreeChangedEvent.Broadcast -  0.000 s
[2019.01.05-20.02.47:164][  0]LogFileCache: Scanning file cache for directory 'D:/Git/FightingGame/FightingGame/Content/' took 0.02s
[2019.01.05-20.02.47:164][  0]LogLinker: Warning: Can't find file '/Engine/BasicShapes/Cylinder'
[2019.01.05-20.02.47:165][  0]LogLinker: Warning: Can't find file '/Engine/BasicShapes/Cylinder'
[2019.01.05-20.02.47:165][  0]LogUObjectGlobals: Warning: Failed to find object 'StaticMesh /Engine/BasicShapes/Cylinder.Cylinder'
[2019.01.05-20.02.47:322][  0]SourceControl: Source control is disabled
[2019.01.05-20.02.47:323][  0]Cmd: MAP LOAD FILE="../../../../../../Git/FightingGame/FightingGame/Content/StarterContent/Maps/Minimal_Default.umap" TEMPLATE=0 SHOWPROGRESS=1 FEATURELEVEL=3
[2019.01.05-20.02.47:323][  0]LightingResults: New page: Lighting Build
[2019.01.05-20.02.47:327][  0]MapCheck: New page: Map Check
[2019.01.05-20.02.47:327][  0]LightingResults: New page: Lighting Build
[2019.01.05-20.02.47:582][  0]LogAIModule: Creating AISystem for world Minimal_Default
[2019.01.05-20.02.47:593][  0]LogEditorServer: Finished looking for orphan Actors (0.000 secs)
[2019.01.05-20.02.47:614][  0]Cmd: MAP CHECKDEP NOCLEARLOG
[2019.01.05-20.02.47:758][  0]MapCheck: Map check complete: 0 Error(s), 0 Warning(s), took 143.81ms to complete.
[2019.01.05-20.02.47:758][  0]LogFileHelpers: Loading map 'Minimal_Default' took 0.435
[2019.01.05-20.02.47:879][  0]LogSlate: Updating window title bar state: overlay mode, drag disabled, window buttons hidden, title bar hidden
[2019.01.05-20.02.47:886][  0]LogSlate: Updating window title bar state: overlay mode, drag disabled, window buttons hidden, title bar hidden
[2019.01.05-20.02.47:893][  0]LogSlate: Updating window title bar state: overlay mode, drag disabled, window buttons hidden, title bar hidden
[2019.01.05-20.02.47:899][  0]LogSlate: Updating window title bar state: overlay mode, drag disabled, window buttons hidden, title bar hidden
[2019.01.05-20.02.47:912][  0]LogCollectionManager: Loaded 0 collections in 0.002408 seconds
[2019.01.05-20.02.47:968][  0]LogFileCache: Scanning file cache for directory 'D:/Git/FightingGame/FightingGame/Saved/Collections/' took 0.01s
[2019.01.05-20.02.47:968][  0]LogFileCache: Scanning file cache for directory 'D:/Git/FightingGame/FightingGame/Content/Developers/John/Collections/' took 0.01s
[2019.01.05-20.02.47:968][  0]LogFileCache: Scanning file cache for directory 'D:/Git/FightingGame/FightingGame/Content/Collections/' took 0.01s
[2019.01.05-20.02.47:968][  0]LogCollectionManager: Rebuilt the GUID cache for 0 collections in 0.000000 seconds
[2019.01.05-20.02.47:977][  0]LogContentBrowser: Native class hierarchy populated in 0.0087 seconds. Added 2579 classes and 605 folders.
[2019.01.05-20.02.47:985][  0]LogContentBrowser: Native class hierarchy updated for 'WidgetCarousel' in 0.0004 seconds. Added 0 classes and 0 folders.
[2019.01.05-20.02.48:041][  0]LogContentBrowser: Native class hierarchy updated for 'AddContentDialog' in 0.0004 seconds. Added 0 classes and 0 folders.
[2019.01.05-20.02.48:054][  0]LogContentBrowser: Native class hierarchy updated for 'SceneOutliner' in 0.0004 seconds. Added 1 classes and 2 folders.
[2019.01.05-20.02.48:109][  0]LogSlate: Took 0.000230 seconds to synchronously load lazily loaded font '../../../Engine/Content/Slate/Fonts/Roboto-Regular.ttf' (155K)
[2019.01.05-20.02.48:112][  0]LogSlate: Took 0.000282 seconds to synchronously load lazily loaded font '../../../Engine/Content/Slate/Fonts/Roboto-Bold.ttf' (160K)
[2019.01.05-20.02.48:117][  0]LogSlate: Took 0.000379 seconds to synchronously load lazily loaded font '../../../Engine/Content/Editor/Slate/Fonts/FontAwesome.ttf' (139K)
[2019.01.05-20.02.48:188][  0]LogRenderer: Reallocating scene render targets to support 1208x600 Format 10 NumSamples 1 (Frame:1).
[2019.01.05-20.02.48:234][  0]LogSlate: Took 0.000198 seconds to synchronously load lazily loaded font '../../../Engine/Content/Slate/Fonts/Roboto-Light.ttf' (167K)
[2019.01.05-20.02.48:365][  0]LogContentBrowser: Native class hierarchy updated for 'HierarchicalLODOutliner' in 0.0006 seconds. Added 0 classes and 0 folders.
[2019.01.05-20.02.48:365][  0]LogLoad: (Engine Initialization) Total time: 11.85 seconds
[2019.01.05-20.02.48:365][  0]LogLoad: (Engine Initialization) Total Blueprint compile time: 0.00 seconds
[2019.01.05-20.02.48:402][  0]LogContentStreaming: Texture pool size now 1000 MB
[2019.01.05-20.02.48:520][  1]LogAssetRegistry: Asset discovery search completed in 6.2991 seconds
[2019.01.05-20.02.48:522][  1]LogCollectionManager: Rebuilt the object cache for 0 collections in 0.000001 seconds (found 0 objects)
[2019.01.05-20.02.48:523][  1]LogCollectionManager: Fixed up redirectors for 0 collections in 0.000158 seconds (updated 0 objects)
[2019.01.05-20.02.52:163][ 76]LogSlate: FSceneViewport::OnFocusLost() reason 0
[2019.01.05-20.02.52:230][ 84]LogTemp: Repeating last play command: Selected Viewport
[2019.01.05-20.02.52:245][ 84]LogBlueprintUserMessages: Early PlayInEditor Detection: Level '/Game/StarterContent/Maps/Minimal_Default.Minimal_Default:PersistentLevel' has LevelScriptBlueprint '/Game/StarterContent/Maps/Minimal_Default.Minimal_Default:PersistentLevel.Minimal_Default' with GeneratedClass '/Game/StarterContent/Maps/Minimal_Default.Minimal_Default_C' with ClassGeneratedBy '/Game/StarterContent/Maps/Minimal_Default.Minimal_Default:PersistentLevel.Minimal_Default'
[2019.01.05-20.02.52:245][ 84]LogPlayLevel: PlayLevel: No blueprints needed recompiling
[2019.01.05-20.02.52:260][ 84]PIE: New page: PIE session: Minimal_Default (Jan 5, 2019, 8:02:52 PM)
[2019.01.05-20.02.52:260][ 84]LogPlayLevel: Creating play world package: /Game/StarterContent/Maps/UEDPIE_0_Minimal_Default
[2019.01.05-20.02.52:265][ 84]LogPlayLevel: PIE: StaticDuplicateObject took: (0.005371s)
[2019.01.05-20.02.52:266][ 84]LogAIModule: Creating AISystem for world Minimal_Default
[2019.01.05-20.02.52:266][ 84]LogPlayLevel: PIE: World Init took: (0.000936s)
[2019.01.05-20.02.52:267][ 84]LogPlayLevel: PIE: Created PIE world by copying editor world from /Game/StarterContent/Maps/Minimal_Default.Minimal_Default to /Game/StarterContent/Maps/UEDPIE_0_Minimal_Default.Minimal_Default (0.006712s)
[2019.01.05-20.02.52:346][ 84]LogInit: XAudio2 using 'Headset Earphone (Razer ManO'War)' : 2 channels at 48 kHz using 16 bits per sample (channel mask 0x3)
[2019.01.05-20.02.52:414][ 84]LogInit: FAudioDevice initialized.
[2019.01.05-20.02.52:881][ 84]LogLoad: Game class is 'FightingGameMode_C'
[2019.01.05-20.02.52:883][ 84]LogWorld: Bringing World /Game/StarterContent/Maps/UEDPIE_0_Minimal_Default.Minimal_Default up for play (max tick rate 0) at 2019.01.05-20.02.52
[2019.01.05-20.02.52:883][ 84]LogWorld: Bringing up level for play took: 0.000981
[2019.01.05-20.02.52:905][ 84]LogContentBrowser: Native class hierarchy updated for 'MovieSceneCapture' in 0.0006 seconds. Added 10 classes and 0 folders.
[2019.01.05-20.02.52:908][ 84]LogSlate: New Slate User Created.  User Index 1, Is Virtual User: 0
[2019.01.05-20.02.52:909][ 84]LogSlate: Slate User Registered.  User Index 1, Is Virtual User: 0
[2019.01.05-20.02.52:912][ 84]PIE: Play in editor start time for /Game/StarterContent/Maps/UEDPIE_0_Minimal_Default -0.237
[2019.01.05-20.02.52:913][ 84]LogBlueprintUserMessages: Late PlayInEditor Detection: Level '/Game/StarterContent/Maps/Minimal_Default.Minimal_Default:PersistentLevel' has LevelScriptBlueprint '/Game/StarterContent/Maps/Minimal_Default.Minimal_Default:PersistentLevel.Minimal_Default' with GeneratedClass '/Game/StarterContent/Maps/Minimal_Default.Minimal_Default_C' with ClassGeneratedBy '/Game/StarterContent/Maps/Minimal_Default.Minimal_Default:PersistentLevel.Minimal_Default'
[2019.01.05-20.03.17:889][ 64]LogBlueprintUserMessages: Early EndPlayMap Detection: Level '/Game/StarterContent/Maps/Minimal_Default.Minimal_Default:PersistentLevel' has LevelScriptBlueprint '/Game/StarterContent/Maps/Minimal_Default.Minimal_Default:PersistentLevel.Minimal_Default' with GeneratedClass '/Game/StarterContent/Maps/Minimal_Default.Minimal_Default_C' with ClassGeneratedBy '/Game/StarterContent/Maps/Minimal_Default.Minimal_Default:PersistentLevel.Minimal_Default'
[2019.01.05-20.03.17:890][ 64]LogSlate: Updating window title bar state: overlay mode, drag disabled, window buttons hidden, title bar hidden
[2019.01.05-20.03.17:930][ 64]LogPlayLevel: Display: Shutting down PIE online subsystems
[2019.01.05-20.03.17:930][ 64]LogBlueprintUserMessages: Late EndPlayMap Detection: Level '/Game/StarterContent/Maps/Minimal_Default.Minimal_Default:PersistentLevel' has LevelScriptBlueprint '/Game/StarterContent/Maps/Minimal_Default.Minimal_Default:PersistentLevel.Minimal_Default' with GeneratedClass '/Game/StarterContent/Maps/Minimal_Default.Minimal_Default_C' with ClassGeneratedBy '/Game/StarterContent/Maps/Minimal_Default.Minimal_Default:PersistentLevel.Minimal_Default'
[2019.01.05-20.03.17:950][ 64]LogSlate: Updating window title bar state: overlay mode, drag disabled, window buttons hidden, title bar hidden
[2019.01.05-20.03.17:991][ 66]LogPlayLevel: Display: Destroying online subsystem :Context_1
[2019.01.05-20.03.21:041][425]LogSlate: Took 0.000241 seconds to synchronously load lazily loaded font '../../../Engine/Content/Slate/Fonts/Roboto-Light.ttf' (167K)
[2019.01.05-20.03.21:046][425]LogSlate: FSceneViewport::OnFocusLost() reason 2
[2019.01.05-20.03.21:211][425]LogSavePackage: Moving '../../../../../../Git/FightingGame/FightingGame/Saved/Minimal_Default103DAA7245463BB8A962D0B27191BC41.tmp' to '../../../../../../Git/FightingGame/FightingGame/Content/StarterContent/Maps/Minimal_Default.umap'
[2019.01.05-20.03.21:306][425]LogSavePackage: Moving '../../../../../../Git/FightingGame/FightingGame/Saved/Minimal_Default_BuiltData3AFA27684DA40762EEFF999E6038ED67.tmp' to '../../../../../../Git/FightingGame/FightingGame/Content/StarterContent/Maps/Minimal_Default_BuiltData.uasset'
[2019.01.05-20.03.27:332][704]LogSlate: FSceneViewport::OnFocusLost() reason 2
[2019.01.05-20.03.27:505][704]LogSavePackage: Moving '../../../../../../Git/FightingGame/FightingGame/Saved/Minimal_Default9F8E541E4574BFCD2194F7B45DCBC894.tmp' to '../../../../../../Git/FightingGame/FightingGame/Content/StarterContent/Maps/Minimal_Default.umap'
[2019.01.05-20.03.27:598][704]LogSavePackage: Moving '../../../../../../Git/FightingGame/FightingGame/Saved/Minimal_Default_BuiltData3F63A819457A639F8233C3B046FFA2FE.tmp' to '../../../../../../Git/FightingGame/FightingGame/Content/StarterContent/Maps/Minimal_Default_BuiltData.uasset'
[2019.01.05-20.03.32:610][285]LogSlate: FSceneViewport::OnFocusLost() reason 2
[2019.01.05-20.03.32:765][285]LogSavePackage: Moving '../../../../../../Git/FightingGame/FightingGame/Saved/Minimal_Default423B862C4CDE93ED5D281499F566CEF4.tmp' to '../../../../../../Git/FightingGame/FightingGame/Content/StarterContent/Maps/Minimal_Default.umap'
[2019.01.05-20.03.32:851][285]LogSavePackage: Moving '../../../../../../Git/FightingGame/FightingGame/Saved/Minimal_Default_BuiltDataDB83319B4022AF0D52098A9B8666CA38.tmp' to '../../../../../../Git/FightingGame/FightingGame/Content/StarterContent/Maps/Minimal_Default_BuiltData.uasset'
[2019.01.05-20.03.34:045][400]LogSlate: FSceneViewport::OnFocusLost() reason 0
[2019.01.05-20.06.01:220][ 96]LogSavePackage: Moving '../../../../../../Git/FightingGame/FightingGame/Saved/Minimal_Default2AC749DE45556A8E0961D4AE1F5A2F4D.tmp' to '../../../../../../Git/FightingGame/FightingGame/Content/StarterContent/Maps/Minimal_Default.umap'
[2019.01.05-20.06.01:311][ 96]LogSavePackage: Moving '../../../../../../Git/FightingGame/FightingGame/Saved/Minimal_Default_BuiltDataB939E5464EB108B2D80D2FA7A8AFC464.tmp' to '../../../../../../Git/FightingGame/FightingGame/Content/StarterContent/Maps/Minimal_Default_BuiltData.uasset'
[2019.01.05-20.12.55:297][122]LogSavePackage: Moving '../../../../../../Git/FightingGame/FightingGame/Saved/Minimal_Default495BA25540C6599FC63F8BAF00ADAF86.tmp' to '../../../../../../Git/FightingGame/FightingGame/Content/StarterContent/Maps/Minimal_Default.umap'
[2019.01.05-20.12.55:390][122]LogSavePackage: Moving '../../../../../../Git/FightingGame/FightingGame/Saved/Minimal_Default_BuiltData40C307474E282D1B6159F4B646D38347.tmp' to '../../../../../../Git/FightingGame/FightingGame/Content/StarterContent/Maps/Minimal_Default_BuiltData.uasset'
[2019.01.05-20.13.09:806][827]LogSavePackage: Moving '../../../../../../Git/FightingGame/FightingGame/Saved/Minimal_Default5AD6926F4720BC50993569A062DB4C37.tmp' to '../../../../../../Git/FightingGame/FightingGame/Content/StarterContent/Maps/Minimal_Default.umap'
[2019.01.05-20.13.09:895][827]LogSavePackage: Moving '../../../../../../Git/FightingGame/FightingGame/Saved/Minimal_Default_BuiltData75F627994DAC7E770D2891BFB0BF10BB.tmp' to '../../../../../../Git/FightingGame/FightingGame/Content/StarterContent/Maps/Minimal_Default_BuiltData.uasset'
[2019.01.05-20.13.11:897][ 61]LogSlate: FSceneViewport::OnFocusLost() reason 2
[2019.01.05-20.13.12:052][ 61]LogSavePackage: Moving '../../../../../../Git/FightingGame/FightingGame/Saved/Minimal_DefaultFB85D24946B94BE03872369B6D9C4397.tmp' to '../../../../../../Git/FightingGame/FightingGame/Content/StarterContent/Maps/Minimal_Default.umap'
[2019.01.05-20.13.12:138][ 61]LogSavePackage: Moving '../../../../../../Git/FightingGame/FightingGame/Saved/Minimal_Default_BuiltDataD472A62648B880258A3BC8A16A6D8E75.tmp' to '../../../../../../Git/FightingGame/FightingGame/Content/StarterContent/Maps/Minimal_Default_BuiltData.uasset'
[2019.01.05-20.13.12:596][112]LogSlate: FSceneViewport::OnFocusLost() reason 0
[2019.01.05-20.13.25:117][162]LogEditorViewport: Clicking on Actor (LMB): PlayerStart (PlayerStart)
[2019.01.05-20.13.25:997][262]Cmd: DELETE
[2019.01.05-20.13.25:998][262]Cmd: ACTOR DELETE
[2019.01.05-20.13.26:052][262]LogEditorActor: Deleted Actor: PlayerStart
[2019.01.05-20.13.26:072][262]LogEditorActor: Deleted 1 Actors (0.062 secs)
[2019.01.05-20.13.26:593][322]LogEditorViewport: Clicking on Actor (LMB): PlayerStart (PlayerStart2)
[2019.01.05-20.13.26:778][342]Cmd: DELETE
[2019.01.05-20.13.26:778][342]Cmd: ACTOR DELETE
[2019.01.05-20.13.26:780][342]LogEditorActor: Deleted Actor: PlayerStart
[2019.01.05-20.13.26:798][342]LogEditorActor: Deleted 1 Actors (0.020 secs)
[2019.01.05-20.13.27:112][379]LogEditorViewport: Clicking on Actor (LMB): BP_Sky_Sphere_C (BP_Sky_Sphere)
[2019.01.05-20.13.27:556][428]LogSlate: FSceneViewport::OnFocusLost() reason 2
[2019.01.05-20.13.27:708][428]LogSavePackage: Moving '../../../../../../Git/FightingGame/FightingGame/Saved/Minimal_DefaultB772A25B48CEF4C256524FA006065530.tmp' to '../../../../../../Git/FightingGame/FightingGame/Content/StarterContent/Maps/Minimal_Default.umap'
[2019.01.05-20.13.27:798][428]LogSavePackage: Moving '../../../../../../Git/FightingGame/FightingGame/Saved/Minimal_Default_BuiltData9CE52290456223A925E1B5920F419909.tmp' to '../../../../../../Git/FightingGame/FightingGame/Content/StarterContent/Maps/Minimal_Default_BuiltData.uasset'
[2019.01.05-20.13.28:240][478]LogTemp: Repeating last play command: Selected Viewport
[2019.01.05-20.13.28:256][478]LogBlueprintUserMessages: Early PlayInEditor Detection: Level '/Game/StarterContent/Maps/Minimal_Default.Minimal_Default:PersistentLevel' has LevelScriptBlueprint '/Game/StarterContent/Maps/Minimal_Default.Minimal_Default:PersistentLevel.Minimal_Default' with GeneratedClass '/Game/StarterContent/Maps/Minimal_Default.Minimal_Default_C' with ClassGeneratedBy '/Game/StarterContent/Maps/Minimal_Default.Minimal_Default:PersistentLevel.Minimal_Default'
[2019.01.05-20.13.28:257][478]LogPlayLevel: PlayLevel: No blueprints needed recompiling
[2019.01.05-20.13.28:257][478]PIE: New page: PIE session: Minimal_Default (Jan 5, 2019, 8:13:28 PM)
[2019.01.05-20.13.28:257][478]LogPlayLevel: Creating play world package: /Game/StarterContent/Maps/UEDPIE_0_Minimal_Default
[2019.01.05-20.13.28:260][478]LogPlayLevel: PIE: StaticDuplicateObject took: (0.003160s)
[2019.01.05-20.13.28:261][478]LogAIModule: Creating AISystem for world Minimal_Default
[2019.01.05-20.13.28:262][478]LogPlayLevel: PIE: World Init took: (0.001228s)
[2019.01.05-20.13.28:262][478]LogPlayLevel: PIE: Created PIE world by copying editor world from /Game/StarterContent/Maps/Minimal_Default.Minimal_Default to /Game/StarterContent/Maps/UEDPIE_0_Minimal_Default.Minimal_Default (0.004800s)
[2019.01.05-20.13.28:337][478]LogInit: XAudio2 using 'Headset Earphone (Razer ManO'War)' : 2 channels at 48 kHz using 16 bits per sample (channel mask 0x3)
[2019.01.05-20.13.28:398][478]LogInit: FAudioDevice initialized.
[2019.01.05-20.13.28:434][478]LogLoad: Game class is 'FightingGameMode_C'
[2019.01.05-20.13.28:436][478]LogWorld: Bringing World /Game/StarterContent/Maps/UEDPIE_0_Minimal_Default.Minimal_Default up for play (max tick rate 0) at 2019.01.05-20.13.28
[2019.01.05-20.13.28:437][478]LogWorld: Bringing up level for play took: 0.001377
[2019.01.05-20.13.28:456][478]LogSpawn: Warning: SpawnActor failed because of collision at the spawn location [X=-1455.318 Y=847.640 Z=648.799] for [MyPlayer_Eve_C]
[2019.01.05-20.13.28:456][478]LogGameMode: Warning: SpawnDefaultPawnAtTransform: Couldn't spawn Pawn of type MyPlayer_Eve_C at Rotation: Pitch 0.000000 Yaw -15.000033 Roll 0.000000
Translation: -1455.317993 847.639526 648.799438
Scale3D: 1.000000 1.000000 1.000000

[2019.01.05-20.13.28:457][478]PIE: Play in editor start time for /Game/StarterContent/Maps/UEDPIE_0_Minimal_Default -0.692
[2019.01.05-20.13.28:457][478]LogBlueprintUserMessages: Late PlayInEditor Detection: Level '/Game/StarterContent/Maps/Minimal_Default.Minimal_Default:PersistentLevel' has LevelScriptBlueprint '/Game/StarterContent/Maps/Minimal_Default.Minimal_Default:PersistentLevel.Minimal_Default' with GeneratedClass '/Game/StarterContent/Maps/Minimal_Default.Minimal_Default_C' with ClassGeneratedBy '/Game/StarterContent/Maps/Minimal_Default.Minimal_Default:PersistentLevel.Minimal_Default'
[2019.01.05-20.13.44:091][348]LogBlueprintUserMessages: Early EndPlayMap Detection: Level '/Game/StarterContent/Maps/Minimal_Default.Minimal_Default:PersistentLevel' has LevelScriptBlueprint '/Game/StarterContent/Maps/Minimal_Default.Minimal_Default:PersistentLevel.Minimal_Default' with GeneratedClass '/Game/StarterContent/Maps/Minimal_Default.Minimal_Default_C' with ClassGeneratedBy '/Game/StarterContent/Maps/Minimal_Default.Minimal_Default:PersistentLevel.Minimal_Default'
[2019.01.05-20.13.44:092][348]LogSlate: Updating window title bar state: overlay mode, drag disabled, window buttons hidden, title bar hidden
[2019.01.05-20.13.44:129][348]LogPlayLevel: Display: Shutting down PIE online subsystems
[2019.01.05-20.13.44:129][348]LogBlueprintUserMessages: Late EndPlayMap Detection: Level '/Game/StarterContent/Maps/Minimal_Default.Minimal_Default:PersistentLevel' has LevelScriptBlueprint '/Game/StarterContent/Maps/Minimal_Default.Minimal_Default:PersistentLevel.Minimal_Default' with GeneratedClass '/Game/StarterContent/Maps/Minimal_Default.Minimal_Default_C' with ClassGeneratedBy '/Game/StarterContent/Maps/Minimal_Default.Minimal_Default:PersistentLevel.Minimal_Default'
[2019.01.05-20.13.44:150][348]LogSlate: Updating window title bar state: overlay mode, drag disabled, window buttons hidden, title bar hidden
[2019.01.05-20.13.44:194][352]LogPlayLevel: Display: Destroying online subsystem :Context_6
[2019.01.05-20.13.46:835][645]LogEditorViewport: Clicking on Actor (LMB): BP_Sky_Sphere_C (BP_Sky_Sphere)
[2019.01.05-20.13.48:238][803]Cmd: TRANSACTION UNDO
[2019.01.05-20.13.48:238][803]LogEditorTransaction: Undo Clicking on Actors
[2019.01.05-20.13.53:979][457]LogSlate: FSceneViewport::OnFocusLost() reason 0
[2019.01.05-20.14.01:553][330]LogNavigationPoint: PostEditMove Clear paths rebuilt
[2019.01.05-20.14.02:869][450]LogNavigationPoint: PostEditMove Clear paths rebuilt
[2019.01.05-20.14.03:945][577]Cmd: DUPLICATE
[2019.01.05-20.14.03:945][577]Cmd: ACTOR DUPLICATE
[2019.01.05-20.14.04:038][577]LogNavigationPoint: PostEditMove Clear paths rebuilt
[2019.01.05-20.14.05:566][759]LogNavigationPoint: PostEditMove Clear paths rebuilt
[2019.01.05-20.14.06:333][849]LogEditorViewport: Clicking on Actor (LMB): PlayerStart (PlayerStart)
[2019.01.05-20.14.08:488][104]LogEditorViewport: Clicking on Actor (CTRL LMB): PlayerStart (PlayerStart2)
[2019.01.05-20.14.10:099][294]LogSlate: FSceneViewport::OnFocusLost() reason 0
[2019.01.05-20.14.13:927][752]LogNavigationPoint: PostEditMove Clear paths rebuilt
[2019.01.05-20.14.13:927][752]LogNavigationPoint: PostEditMove Clear paths rebuilt
[2019.01.05-20.14.14:637][835]LogEditorViewport: Clicking on Actor (LMB): PlayerStart (PlayerStart)
[2019.01.05-20.14.16:341][ 37]LogNavigationPoint: PostEditMove Clear paths rebuilt
[2019.01.05-20.14.17:392][161]LogEditorViewport: Clicking on Actor (LMB): StaticMeshActor (Floor)
[2019.01.05-20.14.17:865][213]LogEditorViewport: Clicking on Actor (LMB): PlayerStart (PlayerStart2)
[2019.01.05-20.14.20:340][507]LogNavigationPoint: PostEditMove Clear paths rebuilt
[2019.01.05-20.14.20:965][579]LogEditorViewport: Clicking on Actor (LMB): BP_Sky_Sphere_C (BP_Sky_Sphere)
[2019.01.05-20.14.21:129][594]LogSlate: FSceneViewport::OnFocusLost() reason 2
[2019.01.05-20.14.21:287][594]LogSavePackage: Moving '../../../../../../Git/FightingGame/FightingGame/Saved/Minimal_Default3C852B37478AC03998F744B1588DFF23.tmp' to '../../../../../../Git/FightingGame/FightingGame/Content/StarterContent/Maps/Minimal_Default.umap'
[2019.01.05-20.14.21:378][594]LogSavePackage: Moving '../../../../../../Git/FightingGame/FightingGame/Saved/Minimal_Default_BuiltData538FBFC049DEFEE8102B3EB0C8ABF4F3.tmp' to '../../../../../../Git/FightingGame/FightingGame/Content/StarterContent/Maps/Minimal_Default_BuiltData.uasset'
[2019.01.05-20.14.22:820][763]LogTemp: Repeating last play command: Selected Viewport
[2019.01.05-20.14.22:835][763]LogBlueprintUserMessages: Early PlayInEditor Detection: Level '/Game/StarterContent/Maps/Minimal_Default.Minimal_Default:PersistentLevel' has LevelScriptBlueprint '/Game/StarterContent/Maps/Minimal_Default.Minimal_Default:PersistentLevel.Minimal_Default' with GeneratedClass '/Game/StarterContent/Maps/Minimal_Default.Minimal_Default_C' with ClassGeneratedBy '/Game/StarterContent/Maps/Minimal_Default.Minimal_Default:PersistentLevel.Minimal_Default'
[2019.01.05-20.14.22:835][763]LogPlayLevel: PlayLevel: No blueprints needed recompiling
[2019.01.05-20.14.22:836][763]PIE: New page: PIE session: Minimal_Default (Jan 5, 2019, 8:14:22 PM)
[2019.01.05-20.14.22:836][763]LogPlayLevel: Creating play world package: /Game/StarterContent/Maps/UEDPIE_0_Minimal_Default
[2019.01.05-20.14.22:840][763]LogPlayLevel: PIE: StaticDuplicateObject took: (0.003786s)
[2019.01.05-20.14.22:840][763]LogAIModule: Creating AISystem for world Minimal_Default
[2019.01.05-20.14.22:841][763]LogPlayLevel: PIE: World Init took: (0.000895s)
[2019.01.05-20.14.22:841][763]LogPlayLevel: PIE: Created PIE world by copying editor world from /Game/StarterContent/Maps/Minimal_Default.Minimal_Default to /Game/StarterContent/Maps/UEDPIE_0_Minimal_Default.Minimal_Default (0.005135s)
[2019.01.05-20.14.22:907][763]LogInit: XAudio2 using 'Headset Earphone (Razer ManO'War)' : 2 channels at 48 kHz using 16 bits per sample (channel mask 0x3)
[2019.01.05-20.14.22:964][763]LogInit: FAudioDevice initialized.
[2019.01.05-20.14.23:002][763]LogLoad: Game class is 'FightingGameMode_C'
[2019.01.05-20.14.23:004][763]LogWorld: Bringing World /Game/StarterContent/Maps/UEDPIE_0_Minimal_Default.Minimal_Default up for play (max tick rate 0) at 2019.01.05-20.14.23
[2019.01.05-20.14.23:004][763]LogWorld: Bringing up level for play took: 0.000944
[2019.01.05-20.14.23:023][763]PIE: Play in editor start time for /Game/StarterContent/Maps/UEDPIE_0_Minimal_Default -0.126
[2019.01.05-20.14.23:023][763]LogBlueprintUserMessages: Late PlayInEditor Detection: Level '/Game/StarterContent/Maps/Minimal_Default.Minimal_Default:PersistentLevel' has LevelScriptBlueprint '/Game/StarterContent/Maps/Minimal_Default.Minimal_Default:PersistentLevel.Minimal_Default' with GeneratedClass '/Game/StarterContent/Maps/Minimal_Default.Minimal_Default_C' with ClassGeneratedBy '/Game/StarterContent/Maps/Minimal_Default.Minimal_Default:PersistentLevel.Minimal_Default'
[2019.01.05-20.14.26:999][236]LogBlueprintUserMessages: Early EndPlayMap Detection: Level '/Game/StarterContent/Maps/Minimal_Default.Minimal_Default:PersistentLevel' has LevelScriptBlueprint '/Game/StarterContent/Maps/Minimal_Default.Minimal_Default:PersistentLevel.Minimal_Default' with GeneratedClass '/Game/StarterContent/Maps/Minimal_Default.Minimal_Default_C' with ClassGeneratedBy '/Game/StarterContent/Maps/Minimal_Default.Minimal_Default:PersistentLevel.Minimal_Default'
[2019.01.05-20.14.27:000][236]LogSlate: Updating window title bar state: overlay mode, drag disabled, window buttons hidden, title bar hidden
[2019.01.05-20.14.27:036][236]LogPlayLevel: Display: Shutting down PIE online subsystems
[2019.01.05-20.14.27:036][236]LogBlueprintUserMessages: Late EndPlayMap Detection: Level '/Game/StarterContent/Maps/Minimal_Default.Minimal_Default:PersistentLevel' has LevelScriptBlueprint '/Game/StarterContent/Maps/Minimal_Default.Minimal_Default:PersistentLevel.Minimal_Default' with GeneratedClass '/Game/StarterContent/Maps/Minimal_Default.Minimal_Default_C' with ClassGeneratedBy '/Game/StarterContent/Maps/Minimal_Default.Minimal_Default:PersistentLevel.Minimal_Default'
[2019.01.05-20.14.27:056][236]LogSlate: Updating window title bar state: overlay mode, drag disabled, window buttons hidden, title bar hidden
[2019.01.05-20.14.27:101][240]LogPlayLevel: Display: Destroying online subsystem :Context_11
[2019.01.05-20.14.36:280][303]LogSlate: FSceneViewport::OnFocusLost() reason 2
[2019.01.05-20.14.36:655][330]LogEditorViewport: Clicking on Actor (LMB): BP_Sky_Sphere_C (BP_Sky_Sphere)
[2019.01.05-20.14.36:765][339]LogSlate: FSceneViewport::OnFocusLost() reason 2
[2019.01.05-20.14.36:911][339]LogSavePackage: Moving '../../../../../../Git/FightingGame/FightingGame/Saved/Minimal_DefaultA4BC6CAB44A13FC9AAEEEEBA0DF4A09B.tmp' to '../../../../../../Git/FightingGame/FightingGame/Content/StarterContent/Maps/Minimal_Default.umap'
[2019.01.05-20.14.37:000][339]LogSavePackage: Moving '../../../../../../Git/FightingGame/FightingGame/Saved/Minimal_Default_BuiltData838FFC744065D955D2147389B6E3D5A6.tmp' to '../../../../../../Git/FightingGame/FightingGame/Content/StarterContent/Maps/Minimal_Default_BuiltData.uasset'
[2019.01.05-20.14.37:992][441]LogSlate: Window 'FightingGame - Unreal Editor' being destroyed
[2019.01.05-20.14.38:242][442]Cmd: QUIT_EDITOR
[2019.01.05-20.14.39:216][442]LogWindowsTextInputMethodSystem: Display: IME system now deactivated.
[2019.01.05-20.14.39:228][442]LogExit: Preparing to exit.
