Log file open, 01/02/19 17:54:40
LogWindows: Failed to load 'aqProf.dll' (GetLastError=126)
LogWindows: File 'aqProf.dll' does not exist
LogWindows: Failed to load 'VSPerf140.dll' (GetLastError=126)
LogWindows: File 'VSPerf140.dll' does not exist
LogWindows: Failed to load 'VtuneApi.dll' (GetLastError=126)
LogWindows: File 'VtuneApi.dll' does not exist
LogWindows: Failed to load 'VtuneApi32e.dll' (GetLastError=126)
LogWindows: File 'VtuneApi32e.dll' does not exist
LogInit: Display: Running engine for game: FightingGame
LogPlatformFile: Not using cached read wrapper
LogTaskGraph: Started task graph with 5 named threads and 23 total threads with 3 sets of task threads.
LogStats: Stats thread started at 0.390387
LogD3D11RHI: Loaded GFSDK_Aftermath_Lib.x64.dll
LogICUInternationalization: Display: ICU TimeZone Detection - Raw Offset: +0:00, Platform Override: ''
LogPluginManager: Mounting plugin Paper2D
LogPluginManager: Mounting plugin AISupport
LogPluginManager: Mounting plugin LightPropagationVolume
LogPluginManager: Mounting plugin CLionSourceCodeAccess
LogPluginManager: Mounting plugin CodeLiteSourceCodeAccess
LogPluginManager: Mounting plugin GitSourceControl
LogPluginManager: Mounting plugin KDevelopSourceCodeAccess
LogPluginManager: Mounting plugin NullSourceCodeAccess
LogPluginManager: Mounting plugin PerforceSourceControl
LogPluginManager: Mounting plugin SubversionSourceControl
LogPluginManager: Mounting plugin UObjectPlugin
LogPluginManager: Mounting plugin VisualStudioCodeSourceCodeAccess
LogPluginManager: Mounting plugin VisualStudioSourceCodeAccess
LogPluginManager: Mounting plugin XCodeSourceCodeAccess
LogPluginManager: Mounting plugin AssetManagerEditor
LogPluginManager: Mounting plugin CryptoKeys
LogPluginManager: Mounting plugin DataValidation
LogPluginManager: Mounting plugin FacialAnimation
LogPluginManager: Mounting plugin GameplayTagsEditor
LogPluginManager: Mounting plugin MacGraphicsSwitching
LogPluginManager: Mounting plugin MeshEditor
LogPluginManager: Mounting plugin MobileLauncherProfileWizard
LogPluginManager: Mounting plugin PluginBrowser
LogPluginManager: Mounting plugin SpeedTreeImporter
LogPluginManager: Mounting plugin DatasmithContent
LogPluginManager: Mounting plugin AlembicImporter
LogPluginManager: Mounting plugin AppleImageUtils
LogPluginManager: Mounting plugin AppleVision
LogPluginManager: Mounting plugin BackChannel
LogPluginManager: Mounting plugin CharacterAI
LogPluginManager: Mounting plugin GeometryCache
LogPluginManager: Mounting plugin HTML5Networking
LogPluginManager: Mounting plugin ProxyLODPlugin
LogPluginManager: Mounting plugin MagicLeap
LogPluginManager: Mounting plugin MagicLeapEmulator
LogPluginManager: Mounting plugin MagicLeapMedia
LogPluginManager: Mounting plugin AndroidMedia
LogPluginManager: Mounting plugin AvfMedia
LogPluginManager: Mounting plugin ImgMedia
LogPluginManager: Mounting plugin LinearTimecode
LogPluginManager: Mounting plugin MediaCompositing
LogPluginManager: Mounting plugin MediaPlayerEditor
LogPluginManager: Mounting plugin WmfMedia
LogPluginManager: Mounting plugin TcpMessaging
LogPluginManager: Mounting plugin UdpMessaging
LogPluginManager: Mounting plugin ActorSequence
LogPluginManager: Mounting plugin LevelSequenceEditor
LogPluginManager: Mounting plugin MatineeToLevelSequence
LogPluginManager: Mounting plugin NetcodeUnitTest
LogPluginManager: Mounting plugin NUTUnrealEngine4
LogPluginManager: Mounting plugin OnlineSubsystemGooglePlay
LogPluginManager: Mounting plugin OnlineSubsystemIOS
LogPluginManager: Mounting plugin OnlineSubsystem
LogPluginManager: Mounting plugin OnlineSubsystemNull
LogPluginManager: Mounting plugin OnlineSubsystemUtils
LogPluginManager: Mounting plugin LauncherChunkInstaller
LogPluginManager: Mounting plugin AndroidDeviceProfileSelector
LogPluginManager: Mounting plugin AndroidMoviePlayer
LogPluginManager: Mounting plugin AndroidPermission
LogPluginManager: Mounting plugin AppleMoviePlayer
LogPluginManager: Mounting plugin ArchVisCharacter
LogPluginManager: Mounting plugin AudioCapture
LogPluginManager: Mounting plugin CableComponent
LogPluginManager: Mounting plugin CustomMeshComponent
LogPluginManager: Mounting plugin EditableMesh
LogPluginManager: Mounting plugin ExampleDeviceProfileSelector
LogPluginManager: Mounting plugin GoogleCloudMessaging
LogPluginManager: Mounting plugin ImmediatePhysics
LogPluginManager: Mounting plugin IOSDeviceProfileSelector
LogPluginManager: Mounting plugin LinuxDeviceProfileSelector
LogPluginManager: Mounting plugin LocationServicesBPLibrary
LogPluginManager: Mounting plugin MobilePatchingUtils
LogPluginManager: Mounting plugin OculusVR
LogPluginManager: Plugin shader directory ../../../Engine/Plugins/Runtime/Oculus/OculusVR/Shaders found
LogPluginManager: Mapping shader source directory ../../../Engine/Plugins/Runtime/Oculus/OculusVR/Shaders to virtual directory /Plugin/OculusVR
LogPluginManager: Mounting plugin PhysXVehicles
LogPluginManager: Mounting plugin ProceduralMeshComponent
LogPluginManager: Mounting plugin RuntimePhysXCooking
LogPluginManager: Mounting plugin SteamVR
LogPluginManager: Mounting plugin WindowsMoviePlayer
LogStreaming: Display: Took  0.243s to configure plugins.
LogInit: Using libcurl 7.55.1-DEV
LogInit:  - built for x86_64-pc-win32
LogInit:  - supports SSL with OpenSSL/1.0.2h
LogInit:  - supports HTTP deflate (compression) using libz 1.2.8
LogInit:  - other features:
LogInit:      CURL_VERSION_SSL
LogInit:      CURL_VERSION_LIBZ
LogInit:      CURL_VERSION_IPV6
LogInit:      CURL_VERSION_ASYNCHDNS
LogInit:      CURL_VERSION_LARGEFILE
LogInit:      CURL_VERSION_IDN
LogInit:  CurlRequestOptions (configurable via config and command line):
LogInit:  - bVerifyPeer = false  - Libcurl will NOT verify peer certificate
LogInit:  - bUseHttpProxy = false  - Libcurl will NOT use HTTP proxy
LogInit:  - bDontReuseConnections = false  - Libcurl will reuse connections
LogInit:  - CertBundlePath = nullptr  - Libcurl will use whatever was configured at build time.
LogInit:  - MaxHostConnections = 16  - Libcurl will limit the number of connections to a host
LogInit:  - LocalHostAddr = Default
LogInit:  - BufferSize = 65536
LogInit: WinSock: version 1.1 (2.2), MaxSocks=32767, MaxUdp=65467
LogInit: Build: ++UE4+Release-4.20-CL-4369336
LogInit: Engine Version: 4.20.3-4369336+++UE4+Release-4.20
LogInit: Compatible Engine Version: 4.20.0-4212847+++UE4+Release-4.20
LogInit: Net CL: 4212847
LogInit: OS: Windows 10 (), CPU: Intel(R) Core(TM) i7-6700K CPU @ 4.00GHz, GPU: NVIDIA GeForce GTX 1060 6GB
LogInit: Compiled (64-bit): Sep 17 2018 12:26:19
LogInit: Compiled with Visual C++: 19.13.26129.00
LogInit: Build Configuration: Development
LogInit: Branch Name: ++UE4+Release-4.20
LogInit: Command Line:  -skipcompile
LogInit: Base Directory: D:/Program Files/Epic Games/UE_4.20/Engine/Binaries/Win64/
LogInit: Installed Engine Build: 1
LogDevObjectVersion: Number of dev versions registered: 20
LogDevObjectVersion:   Dev-Blueprints (B0D832E4-1F89-4F0D-ACCF-7EB736FD4AA2): 10
LogDevObjectVersion:   Dev-Build (E1C64328-A22C-4D53-A36C-8E866417BD8C): 0
LogDevObjectVersion:   Dev-Core (375EC13C-06E4-48FB-B500-84F0262A717E): 2
LogDevObjectVersion:   Dev-Editor (E4B068ED-F494-42E9-A231-DA0B2E46BB41): 24
LogDevObjectVersion:   Dev-Framework (CFFC743F-43B0-4480-9391-14DF171D2073): 34
LogDevObjectVersion:   Dev-Mobile (B02B49B5-BB20-44E9-A304-32B752E40360): 2
LogDevObjectVersion:   Dev-Networking (A4E4105C-59A1-49B5-A7C5-40C4547EDFEE): 0
LogDevObjectVersion:   Dev-Online (39C831C9-5AE6-47DC-9A44-9C173E1C8E7C): 0
LogDevObjectVersion:   Dev-Physics (78F01B33-EBEA-4F98-B9B4-84EACCB95AA2): 0
LogDevObjectVersion:   Dev-Platform (6631380F-2D4D-43E0-8009-CF276956A95A): 0
LogDevObjectVersion:   Dev-Rendering (12F88B9F-8875-4AFC-A67C-D90C383ABD29): 26
LogDevObjectVersion:   Dev-Sequencer (7B5AE74C-D270-4C10-A958-57980B212A5A): 9
LogDevObjectVersion:   Dev-VR (D7296918-1DD6-4BDD-9DE2-64A83CC13884): 2
LogDevObjectVersion:   Dev-LoadTimes (C2A15278-BFE7-4AFE-6C17-90FF531DF755): 1
LogDevObjectVersion:   Private-Geometry (6EACA3D4-40EC-4CC1-B786-8BED09428FC5): 3
LogDevObjectVersion:   Dev-AnimPhys (29E575DD-E0A3-4627-9D10-D276232CDCEA): 17
LogDevObjectVersion:   Dev-ReflectionCapture (6B266CEC-1EC7-4B8F-A30B-E4D90942FC07): 1
LogDevObjectVersion:   Dev-Automation (0DF73D61-A23F-47EA-B727-89E90C41499A): 1
LogDevObjectVersion:   FortniteMain (601D1886-AC64-4F84-AA16-D3DE0DEAC7D6): 12
LogDevObjectVersion:   Dev-Enterprise (9DFFBCD6-494F-0158-E221-12823C92A888): 1
LogStreaming: Display: Took  0.006s to delete old logs.
LogInit: Presizing for max 8388607 objects, including 0 objects not considered by GC, pre-allocating 0 bytes for permanent pool.
LogInit: Object subsystem initialized
[2019.01.02-17.54.40:957][  0]LogInit: Selected Device Profile: [Windows]
[2019.01.02-17.54.40:957][  0]LogInit: Applying CVar settings loaded from the selected device profile: [Windows]
[2019.01.02-17.54.40:969][  0]LogHAL: Display: Platform has ~ 16 GB [17126547456 / 17179869184 / 16], which maps to Larger [LargestMinGB=32, LargerMinGB=12, DefaultMinGB=8, SmallerMinGB=6, SmallestMinGB=0)
[2019.01.02-17.54.40:969][  0]LogInit: Setting Device Profile CVar: [[r.Vulkan.UseRealUBs:1]]
[2019.01.02-17.54.40:969][  0]LogInit: Going up to parent DeviceProfile []
[2019.01.02-17.54.40:970][  0]LogInit: Computer: EDWARD
[2019.01.02-17.54.40:970][  0]LogInit: User: John
[2019.01.02-17.54.40:970][  0]LogInit: CPU Page size=4096, Cores=4
[2019.01.02-17.54.40:970][  0]LogInit: High frequency timer resolution =3.914064 MHz
[2019.01.02-17.54.40:970][  0]LogMemory: Memory total: Physical=16.0GB (16GB approx)
[2019.01.02-17.54.40:970][  0]LogMemory: Platform Memory Stats for Windows
[2019.01.02-17.54.40:970][  0]LogMemory: Process Physical Memory: 102.30 MB used, 102.30 MB peak
[2019.01.02-17.54.40:970][  0]LogMemory: Process Virtual Memory: 93.62 MB used, 93.62 MB peak
[2019.01.02-17.54.40:970][  0]LogMemory: Physical Memory: 6886.73 MB used,  9446.41 MB free, 16333.15 MB total
[2019.01.02-17.54.40:970][  0]LogMemory: Virtual Memory: 4642.46 MB used,  9446.41 MB free, 134217728.00 MB total
[2019.01.02-17.54.41:091][  0]LogInit: Using OS detected language (en-US).
[2019.01.02-17.54.41:091][  0]LogInit: Using OS detected locale (en-US).
[2019.01.02-17.54.41:092][  0]LogTextLocalizationManager: No specific localization for 'en-US' exists, so the 'en' localization will be used.
[2019.01.02-17.54.41:399][  0]LogStreaming: Display: Took  0.309s to InitEngineTextLocalization.
[2019.01.02-17.54.41:399][  0]LogInit: Setting process to per monitor DPI aware
[2019.01.02-17.54.41:488][  0]LogSlate: New Slate User Created.  User Index 0, Is Virtual User: 0
[2019.01.02-17.54.41:488][  0]LogSlate: Slate User Registered.  User Index 0, Is Virtual User: 0
[2019.01.02-17.54.41:773][  0]LogHMD: Failed to initialize OpenVR with code 102
[2019.01.02-17.54.41:773][  0]LogD3D11RHI: D3D11 adapters:
[2019.01.02-17.54.41:853][  0]LogD3D11RHI:    0. 'NVIDIA GeForce GTX 1060 6GB' (Feature Level 11_0)
[2019.01.02-17.54.41:853][  0]LogD3D11RHI:       6061/0/8166 MB DedicatedVideo/DedicatedSystem/SharedSystem, Outputs:3, VendorId:0x10de
[2019.01.02-17.54.41:858][  0]LogD3D11RHI:    1. 'Microsoft Basic Render Driver' (Feature Level 11_0)
[2019.01.02-17.54.41:858][  0]LogD3D11RHI:       0/0/8166 MB DedicatedVideo/DedicatedSystem/SharedSystem, Outputs:0, VendorId:0x1414
[2019.01.02-17.54.41:858][  0]LogD3D11RHI: Chosen D3D11 Adapter: 0
[2019.01.02-17.54.41:867][  0]LogD3D11RHI: Creating new Direct3DDevice
[2019.01.02-17.54.41:867][  0]LogD3D11RHI:     GPU DeviceId: 0x1c03 (for the marketing name, search the web for "GPU Device Id")
[2019.01.02-17.54.41:867][  0]LogWindows: EnumDisplayDevices:
[2019.01.02-17.54.41:867][  0]LogWindows:    0. 'NVIDIA GeForce GTX 1060 6GB' (P:1 D:1)
[2019.01.02-17.54.41:868][  0]LogWindows:    1. 'NVIDIA GeForce GTX 1060 6GB' (P:0 D:1)
[2019.01.02-17.54.41:868][  0]LogWindows:    2. 'NVIDIA GeForce GTX 1060 6GB' (P:0 D:1)
[2019.01.02-17.54.41:869][  0]LogWindows:    3. 'NVIDIA GeForce GTX 1060 6GB' (P:0 D:0)
[2019.01.02-17.54.41:869][  0]LogWindows: DebugString: FoundDriverCount:4 
[2019.01.02-17.54.41:869][  0]LogD3D11RHI:     Adapter Name: NVIDIA GeForce GTX 1060 6GB
[2019.01.02-17.54.41:869][  0]LogD3D11RHI:   Driver Version: 388.13 (internal:23.21.13.8813, unified:388.13)
[2019.01.02-17.54.41:869][  0]LogD3D11RHI:      Driver Date: 10-27-2017
[2019.01.02-17.54.41:869][  0]LogRHI: Texture pool is 4242 MB (70% of 6061 MB)
[2019.01.02-17.54.41:904][  0]LogD3D11RHI: Async texture creation enabled
[2019.01.02-17.54.41:919][  0]LogD3D11RHI: GPU Timing Frequency: 1000.000000 (Debug: 2 1)
[2019.01.02-17.54.42:021][  0]LogShaderCompilers: Guid format shader working directory is -2 characters bigger than the processId version (../../../../../../Git/FightingGame/FightingGame/Intermediate/Shaders/WorkingDirectory/6648/).
[2019.01.02-17.54.42:022][  0]LogShaderCompilers: Cleaned the shader compiler working directory 'C:/Users/John/AppData/Local/Temp/UnrealShaderWorkingDir/E7742A8245A666C2F27743BAA7DC82A5/'.
[2019.01.02-17.54.42:315][  0]LogTemp: Display: Loaded TP AllDesktopTargetPlatform
[2019.01.02-17.54.42:334][  0]LogTemp: Display: Loaded TP MacClientTargetPlatform
[2019.01.02-17.54.42:352][  0]LogTemp: Display: Loaded TP MacNoEditorTargetPlatform
[2019.01.02-17.54.42:371][  0]LogTemp: Display: Loaded TP MacServerTargetPlatform
[2019.01.02-17.54.42:390][  0]LogTemp: Display: Loaded TP MacTargetPlatform
[2019.01.02-17.54.42:409][  0]LogTemp: Display: Loaded TP WindowsClientTargetPlatform
[2019.01.02-17.54.42:430][  0]LogTemp: Display: Loaded TP WindowsNoEditorTargetPlatform
[2019.01.02-17.54.42:450][  0]LogTemp: Display: Loaded TP WindowsServerTargetPlatform
[2019.01.02-17.54.42:464][  0]LogTemp: Display: Loaded TP WindowsTargetPlatform
[2019.01.02-17.54.42:548][  0]LogTemp: Display: Loaded TP AndroidTargetPlatform
[2019.01.02-17.54.42:548][  0]LogTemp: Display: Loaded TP AndroidTargetPlatform
[2019.01.02-17.54.42:548][  0]LogTemp: Display: Loaded TP AndroidTargetPlatform
[2019.01.02-17.54.42:548][  0]LogTemp: Display: Loaded TP AndroidTargetPlatform
[2019.01.02-17.54.42:548][  0]LogTemp: Display: Loaded TP AndroidTargetPlatform
[2019.01.02-17.54.42:548][  0]LogTemp: Display: Loaded TP AndroidTargetPlatform
[2019.01.02-17.54.42:548][  0]LogTemp: Display: Loaded TP AndroidTargetPlatform
[2019.01.02-17.54.42:548][  0]LogTemp: Display: Loaded TP AndroidTargetPlatform
[2019.01.02-17.54.42:548][  0]LogTemp: Display: Loaded TP AndroidTargetPlatform
[2019.01.02-17.54.42:548][  0]LogTemp: Display: Loaded TP AndroidTargetPlatform
[2019.01.02-17.54.42:548][  0]LogTemp: Display: Loaded TP AndroidTargetPlatform
[2019.01.02-17.54.42:548][  0]LogTemp: Display: Loaded TP AndroidTargetPlatform
[2019.01.02-17.54.42:548][  0]LogTemp: Display: Loaded TP AndroidTargetPlatform
[2019.01.02-17.54.42:549][  0]LogTemp: Display: Loaded TP AndroidTargetPlatform
[2019.01.02-17.54.42:549][  0]LogTemp: Display: Loaded TP AndroidTargetPlatform
[2019.01.02-17.54.42:549][  0]LogTemp: Display: Loaded TP AndroidTargetPlatform
[2019.01.02-17.54.42:549][  0]LogTemp: Display: Loaded TP AndroidTargetPlatform
[2019.01.02-17.54.42:549][  0]LogTemp: Display: Loaded TP AndroidTargetPlatform
[2019.01.02-17.54.42:555][  0]LogTemp: Display: Loaded TP HTML5TargetPlatform
[2019.01.02-17.54.42:633][  0]LogTemp: Display: Loaded TP IOSTargetPlatform
[2019.01.02-17.54.42:633][  0]LogTemp: Display: Loaded TP IOSTargetPlatform
[2019.01.02-17.54.42:661][  0]LogTemp: Display: Loaded TP TVOSTargetPlatform
[2019.01.02-17.54.42:661][  0]LogTemp: Display: Loaded TP TVOSTargetPlatform
[2019.01.02-17.54.42:679][  0]LogTemp: Display: Loaded TP LinuxClientTargetPlatform
[2019.01.02-17.54.42:695][  0]LogTemp: Display: Loaded TP LinuxNoEditorTargetPlatform
[2019.01.02-17.54.42:710][  0]LogTemp: Display: Loaded TP LinuxServerTargetPlatform
[2019.01.02-17.54.42:728][  0]LogTemp: Display: Loaded TP LinuxTargetPlatform
[2019.01.02-17.54.42:740][  0]LogTemp: Display: Loaded TP LuminTargetPlatform
[2019.01.02-17.54.42:741][  0]LogTargetPlatformManager: Display: Building Assets For Windows
[2019.01.02-17.54.42:947][  0]LogXGEController: Cleaning working directory: C:/Users/John/AppData/Local/Temp/UnrealXGEWorkingDir/
[2019.01.02-17.54.42:947][  0]LogXGEController: Cannot use XGE Controller as Incredibuild is not installed on this machine.
[2019.01.02-17.54.42:947][  0]LogShaderCompilers: Cannot use XGE Shader Compiler as Incredibuild is not installed on this machine.
[2019.01.02-17.54.42:947][  0]LogShaderCompilers: Display: Using Local Shader Compiler.
[2019.01.02-17.54.43:700][  0]LogDerivedDataCache: Display: Max Cache Size: 512 MB
[2019.01.02-17.54.43:747][  0]LogDerivedDataCache: Loaded boot cache 0.05s 71MB C:/Users/John/AppData/Local/UnrealEngine/4.20/DerivedDataCache/Boot.ddc.
[2019.01.02-17.54.43:747][  0]LogDerivedDataCache: Display: Loaded Boot cache: C:/Users/John/AppData/Local/UnrealEngine/4.20/DerivedDataCache/Boot.ddc
[2019.01.02-17.54.43:747][  0]LogDerivedDataCache: FDerivedDataBackendGraph:  Pak pak cache file ../../../../../../Git/FightingGame/FightingGame/DerivedDataCache/DDC.ddp not found, will not use a pak cache.
[2019.01.02-17.54.43:747][  0]LogDerivedDataCache: Unable to find inner node Pak for hierarchical cache Hierarchy.
[2019.01.02-17.54.43:747][  0]LogDerivedDataCache: FDerivedDataBackendGraph:  CompressedPak pak cache file ../../../../../../Git/FightingGame/FightingGame/DerivedDataCache/Compressed.ddp not found, will not use a pak cache.
[2019.01.02-17.54.43:747][  0]LogDerivedDataCache: Unable to find inner node CompressedPak for hierarchical cache Hierarchy.
[2019.01.02-17.54.43:758][  0]LogDerivedDataCache: Display: Pak cache opened for reading ../../../Engine/DerivedDataCache/Compressed.ddp.
[2019.01.02-17.54.43:772][  0]LogDerivedDataCache: Using Local data cache path C:/Users/John/AppData/Local/UnrealEngine/Common/DerivedDataCache: Writable
[2019.01.02-17.54.43:772][  0]LogDerivedDataCache: Shared data cache path not found in *engine.ini, will not use an Shared cache.
[2019.01.02-17.54.43:772][  0]LogDerivedDataCache: Unable to find inner node Shared for hierarchical cache Hierarchy.
[2019.01.02-17.54.43:789][  0]LogMaterial: Verifying Global Shaders for PCD3D_SM5
[2019.01.02-17.54.43:790][  0]LogSlate: Using FreeType 2.6.0
[2019.01.02-17.54.43:791][  0]LogSlate: SlateFontServices - WITH_FREETYPE: 1, WITH_HARFBUZZ: 1
[2019.01.02-17.54.43:866][  0]LogAssetRegistry: FAssetRegistry took 0.0283 seconds to start up
[2019.01.02-17.54.44:185][  0]LogInit: Selected Device Profile: [Windows]
[2019.01.02-17.54.44:367][  0]LogSimplygon: Simplygon DLL not present - disabling.
[2019.01.02-17.54.44:387][  0]LogMeshReduction: Using SimplygonSwarm for distributed automatic mesh merging
[2019.01.02-17.54.44:387][  0]LogMeshReduction: Using ProxyLODMeshReduction for automatic mesh merging
[2019.01.02-17.54.44:387][  0]LogMeshReduction: Using QuadricMeshReduction for automatic static mesh reduction
[2019.01.02-17.54.44:387][  0]LogMeshReduction: No automatic skeletal mesh reduction module available
[2019.01.02-17.54.44:413][  0]LogNetVersion: FightingGame 1.0.0, NetCL: 4212847, EngineNetVer: 5, GameNetVer: 0 (Checksum: 156865789)
[2019.01.02-17.54.44:982][  0]LogPackageLocalizationCache: Processed 11 localized package path(s) for 2 prioritized culture(s) in 0.180052 seconds
[2019.01.02-17.54.44:987][  0]LogUObjectArray: 38425 objects as part of root set at end of initial load.
[2019.01.02-17.54.44:987][  0]LogUObjectAllocator: 6690872 out of 0 bytes used by permanent object pool.
[2019.01.02-17.54.44:988][  0]LogUObjectArray: CloseDisregardForGC: 0/0 objects in disregard for GC pool
[2019.01.02-17.54.46:150][  0]LogTcpMessaging: Initializing TcpMessaging bridge
[2019.01.02-17.54.46:170][  0]LogUdpMessaging: Initializing bridge on interface 0.0.0.0:0 to multicast group 230.0.0.1:6666.
[2019.01.02-17.54.46:435][  0]SourceControl: Source control is disabled
[2019.01.02-17.54.46:436][  0]SourceControl: Source control is disabled
[2019.01.02-17.54.46:449][  0]SourceControl: Source control is disabled
[2019.01.02-17.54.46:456][  0]SourceControl: Source control is disabled
[2019.01.02-17.54.46:891][  0]LogAndroidPermission: UAndroidPermissionCallbackProxy::GetInstance
[2019.01.02-17.54.47:112][  0]LogOcInput: OculusInput pre-init called
[2019.01.02-17.54.47:202][  0]LogEngine: Initializing Engine...
[2019.01.02-17.54.47:204][  0]LogHMD: Failed to initialize OpenVR with code 102
[2019.01.02-17.54.47:205][  0]LogStats: UGameplayTagsManager::ConstructGameplayTagTree: ImportINI prefixes -  0.000 s
[2019.01.02-17.54.47:205][  0]LogStats: UGameplayTagsManager::ConstructGameplayTagTree: Construct from data asset -  0.000 s
[2019.01.02-17.54.47:206][  0]LogStats: UGameplayTagsManager::ConstructGameplayTagTree: ImportINI -  0.000 s
[2019.01.02-17.54.47:206][  0]LogStats: UGameplayTagsManager::ConstructGameplayTagTree: GameplayTagTreeChangedEvent.Broadcast -  0.000 s
[2019.01.02-17.54.47:408][  0]LogInit: Initializing FReadOnlyCVARCache
[2019.01.02-17.54.47:430][  0]LogAIModule: Creating AISystem for world Untitled
[2019.01.02-17.54.47:493][  0]LogInit: XAudio2 using 'Headset Earphone (Razer ManO'War)' : 2 channels at 48 kHz using 16 bits per sample (channel mask 0x3)
[2019.01.02-17.54.47:583][  0]LogInit: FAudioDevice initialized.
[2019.01.02-17.54.47:584][  0]LogNetVersion: Set ProjectVersion to 1.0.0.0. Version Checksum will be recalculated on next use.
[2019.01.02-17.54.47:898][  0]LogDerivedDataCache: Saved boot cache 0.32s 71MB C:/Users/John/AppData/Local/UnrealEngine/4.20/DerivedDataCache/Boot.ddc.
[2019.01.02-17.54.47:910][  0]LogInit: Texture streaming: Enabled
[2019.01.02-17.54.47:958][  0]LogEngineSessionManager: EngineSessionManager initialized
[2019.01.02-17.54.47:958][  0]LogEngineSessionManager: EngineSessionManager sent abnormal shutdown report. Type=Debugger, SessionId={0FF8CCA2-4432-B42B-874C-C7BE21420AA2}
[2019.01.02-17.54.47:958][  0]LogEngineSessionManager: EngineSessionManager sent abnormal shutdown report. Type=Debugger, SessionId={B820A26B-4530-98EC-ED14-438C8FE27CC0}
[2019.01.02-17.54.47:975][  0]LogInit: Transaction tracking system initialized
[2019.01.02-17.54.48:041][  0]BlueprintLog: New page: Editor Load
[2019.01.02-17.54.48:281][  0]LocalizationService: Localization service is disabled
[2019.01.02-17.54.48:655][  0]LogCook: Display: Max memory allowance for cook 16384mb min free memory 0mb
[2019.01.02-17.54.48:655][  0]LogCook: Display: Mobile HDR setting 1
[2019.01.02-17.54.48:656][  0]LogGameplayTags: Display: UGameplayTagsManager::DoneAddingNativeTags. DelegateIsBound: 0
[2019.01.02-17.54.48:656][  0]LogStats: UGameplayTagsManager::ConstructGameplayTagTree: ImportINI prefixes -  0.000 s
[2019.01.02-17.54.48:656][  0]LogStats: UGameplayTagsManager::ConstructGameplayTagTree: Construct from data asset -  0.000 s
[2019.01.02-17.54.48:656][  0]LogStats: UGameplayTagsManager::ConstructGameplayTagTree: ImportINI -  0.000 s
[2019.01.02-17.54.48:656][  0]LogStats: UGameplayTagsManager::ConstructGameplayTagTree: GameplayTagTreeChangedEvent.Broadcast -  0.000 s
[2019.01.02-17.54.48:812][  0]LogFileCache: Scanning file cache for directory 'D:/Git/FightingGame/FightingGame/Content/' took 0.02s
[2019.01.02-17.54.48:812][  0]LogLinker: Warning: Can't find file '/Engine/BasicShapes/Cylinder'
[2019.01.02-17.54.48:813][  0]LogLinker: Warning: Can't find file '/Engine/BasicShapes/Cylinder'
[2019.01.02-17.54.48:813][  0]LogUObjectGlobals: Warning: Failed to find object 'StaticMesh /Engine/BasicShapes/Cylinder.Cylinder'
[2019.01.02-17.54.48:964][  0]SourceControl: Source control is disabled
[2019.01.02-17.54.48:964][  0]Cmd: MAP LOAD FILE="../../../../../../Git/FightingGame/FightingGame/Content/StarterContent/Maps/Minimal_Default.umap" TEMPLATE=0 SHOWPROGRESS=1 FEATURELEVEL=3
[2019.01.02-17.54.48:965][  0]LightingResults: New page: Lighting Build
[2019.01.02-17.54.48:969][  0]MapCheck: New page: Map Check
[2019.01.02-17.54.48:969][  0]LightingResults: New page: Lighting Build
[2019.01.02-17.54.49:095][  0]LogBlueprint: Warning: [Compiler PlayerManager_BP] 'Player Base' does not inherit from 'Player Controller' ( Cast To Player_Base  would always fail).
[2019.01.02-17.54.49:096][  0]LogBlueprint: Warning: [Compiler PlayerManager_BP] 'Player Base' does not inherit from 'Player Controller' ( Cast To Player_Base  would always fail).
[2019.01.02-17.54.49:097][  0]LogBlueprint: Warning: [Compiler PlayerManager_BP] [0010.62] Compile of PlayerManager_BP successful, but with 2 Warning(s) [in 2 ms] (/Game/PlayerManager_BP.PlayerManager_BP)
[2019.01.02-17.54.49:233][  0]LogAIModule: Creating AISystem for world Minimal_Default
[2019.01.02-17.54.49:247][  0]LogEditorServer: Finished looking for orphan Actors (0.000 secs)
[2019.01.02-17.54.49:269][  0]Cmd: MAP CHECKDEP NOCLEARLOG
[2019.01.02-17.54.49:411][  0]MapCheck: Map check complete: 0 Error(s), 0 Warning(s), took 141.536ms to complete.
[2019.01.02-17.54.49:411][  0]LogFileHelpers: Loading map 'Minimal_Default' took 0.447
[2019.01.02-17.54.49:680][  0]LogSlate: Updating window title bar state: overlay mode, drag disabled, window buttons hidden, title bar hidden
[2019.01.02-17.54.49:689][  0]LogSlate: Updating window title bar state: overlay mode, drag disabled, window buttons hidden, title bar hidden
[2019.01.02-17.54.49:696][  0]LogSlate: Updating window title bar state: overlay mode, drag disabled, window buttons hidden, title bar hidden
[2019.01.02-17.54.49:705][  0]LogSlate: Updating window title bar state: overlay mode, drag disabled, window buttons hidden, title bar hidden
[2019.01.02-17.54.49:718][  0]LogCollectionManager: Loaded 0 collections in 0.002476 seconds
[2019.01.02-17.54.49:783][  0]LogFileCache: Scanning file cache for directory 'D:/Git/FightingGame/FightingGame/Saved/Collections/' took 0.01s
[2019.01.02-17.54.49:783][  0]LogFileCache: Scanning file cache for directory 'D:/Git/FightingGame/FightingGame/Content/Developers/John/Collections/' took 0.01s
[2019.01.02-17.54.49:784][  0]LogFileCache: Scanning file cache for directory 'D:/Git/FightingGame/FightingGame/Content/Collections/' took 0.01s
[2019.01.02-17.54.49:784][  0]LogCollectionManager: Rebuilt the GUID cache for 0 collections in 0.000000 seconds
[2019.01.02-17.54.49:794][  0]LogContentBrowser: Native class hierarchy populated in 0.0097 seconds. Added 2578 classes and 605 folders.
[2019.01.02-17.54.49:802][  0]LogContentBrowser: Native class hierarchy updated for 'WidgetCarousel' in 0.0007 seconds. Added 0 classes and 0 folders.
[2019.01.02-17.54.49:860][  0]LogContentBrowser: Native class hierarchy updated for 'AddContentDialog' in 0.0004 seconds. Added 0 classes and 0 folders.
[2019.01.02-17.54.49:873][  0]LogContentBrowser: Native class hierarchy updated for 'SceneOutliner' in 0.0004 seconds. Added 1 classes and 2 folders.
[2019.01.02-17.54.49:930][  0]LogSlate: Took 0.000274 seconds to synchronously load lazily loaded font '../../../Engine/Content/Slate/Fonts/Roboto-Regular.ttf' (155K)
[2019.01.02-17.54.49:933][  0]LogSlate: Took 0.000207 seconds to synchronously load lazily loaded font '../../../Engine/Content/Slate/Fonts/Roboto-Bold.ttf' (160K)
[2019.01.02-17.54.49:940][  0]LogSlate: Took 0.000320 seconds to synchronously load lazily loaded font '../../../Engine/Content/Editor/Slate/Fonts/FontAwesome.ttf' (139K)
[2019.01.02-17.54.50:009][  0]LogRenderer: Reallocating scene render targets to support 1208x680 Format 10 NumSamples 1 (Frame:1).
[2019.01.02-17.54.50:063][  0]LogSlate: Took 0.000148 seconds to synchronously load lazily loaded font '../../../Engine/Content/Slate/Fonts/Roboto-Light.ttf' (167K)
[2019.01.02-17.54.50:133][  0]LogContentBrowser: Native class hierarchy updated for 'HierarchicalLODOutliner' in 0.0004 seconds. Added 0 classes and 0 folders.
[2019.01.02-17.54.50:133][  0]LogLoad: (Engine Initialization) Total time: 11.65 seconds
[2019.01.02-17.54.50:133][  0]LogLoad: (Engine Initialization) Total Blueprint compile time: 0.00 seconds
[2019.01.02-17.54.50:145][  0]LogWindowsTextInputMethodSystem: Display: IME system now deactivated.
[2019.01.02-17.54.50:167][  0]LogContentStreaming: Texture pool size now 1000 MB
[2019.01.02-17.54.50:211][  1]LogAssetRegistry: Asset discovery search completed in 6.3702 seconds
[2019.01.02-17.54.50:213][  1]LogCollectionManager: Rebuilt the object cache for 0 collections in 0.000001 seconds (found 0 objects)
[2019.01.02-17.54.50:213][  1]LogCollectionManager: Fixed up redirectors for 0 collections in 0.000150 seconds (updated 0 objects)
[2019.01.02-17.54.53:821][417]LogSlate: FSceneViewport::OnFocusLost() reason 0
[2019.01.02-17.54.53:896][426]LogTemp: Repeating last play command: Selected Viewport
[2019.01.02-17.54.53:910][426]LogBlueprintUserMessages: Early PlayInEditor Detection: Level '/Game/StarterContent/Maps/Minimal_Default.Minimal_Default:PersistentLevel' has LevelScriptBlueprint '/Game/StarterContent/Maps/Minimal_Default.Minimal_Default:PersistentLevel.Minimal_Default' with GeneratedClass '/Game/StarterContent/Maps/Minimal_Default.Minimal_Default_C' with ClassGeneratedBy '/Game/StarterContent/Maps/Minimal_Default.Minimal_Default:PersistentLevel.Minimal_Default'
[2019.01.02-17.54.53:910][426]LogPlayLevel: PlayLevel: No blueprints needed recompiling
[2019.01.02-17.54.53:925][426]PIE: New page: PIE session: Minimal_Default (Jan 2, 2019, 5:54:53 PM)
[2019.01.02-17.54.53:925][426]LogPlayLevel: Creating play world package: /Game/StarterContent/Maps/UEDPIE_0_Minimal_Default
[2019.01.02-17.54.53:930][426]LogPlayLevel: PIE: StaticDuplicateObject took: (0.004858s)
[2019.01.02-17.54.53:931][426]LogAIModule: Creating AISystem for world Minimal_Default
[2019.01.02-17.54.53:931][426]LogPlayLevel: PIE: World Init took: (0.001041s)
[2019.01.02-17.54.53:931][426]LogPlayLevel: PIE: Created PIE world by copying editor world from /Game/StarterContent/Maps/Minimal_Default.Minimal_Default to /Game/StarterContent/Maps/UEDPIE_0_Minimal_Default.Minimal_Default (0.006292s)
[2019.01.02-17.54.54:016][426]LogInit: XAudio2 using 'Headset Earphone (Razer ManO'War)' : 2 channels at 48 kHz using 16 bits per sample (channel mask 0x3)
[2019.01.02-17.54.54:084][426]LogInit: FAudioDevice initialized.
[2019.01.02-17.54.54:319][426]LogLoad: Game class is 'FightingGameMode_C'
[2019.01.02-17.54.54:321][426]LogWorld: Bringing World /Game/StarterContent/Maps/UEDPIE_0_Minimal_Default.Minimal_Default up for play (max tick rate 0) at 2019.01.02-17.54.54
[2019.01.02-17.54.54:322][426]LogWorld: Bringing up level for play took: 0.001301
[2019.01.02-17.54.54:343][426]LogContentBrowser: Native class hierarchy updated for 'MovieSceneCapture' in 0.0004 seconds. Added 10 classes and 0 folders.
[2019.01.02-17.54.54:345][426]LogSlate: New Slate User Created.  User Index 1, Is Virtual User: 0
[2019.01.02-17.54.54:345][426]LogSlate: Slate User Registered.  User Index 1, Is Virtual User: 0
[2019.01.02-17.54.54:349][426]PIE: Play in editor start time for /Game/StarterContent/Maps/UEDPIE_0_Minimal_Default -0.249
[2019.01.02-17.54.54:349][426]LogBlueprintUserMessages: Late PlayInEditor Detection: Level '/Game/StarterContent/Maps/Minimal_Default.Minimal_Default:PersistentLevel' has LevelScriptBlueprint '/Game/StarterContent/Maps/Minimal_Default.Minimal_Default:PersistentLevel.Minimal_Default' with GeneratedClass '/Game/StarterContent/Maps/Minimal_Default.Minimal_Default_C' with ClassGeneratedBy '/Game/StarterContent/Maps/Minimal_Default.Minimal_Default:PersistentLevel.Minimal_Default'
[2019.01.02-17.56.27:755][482]LogBlueprintUserMessages: Early EndPlayMap Detection: Level '/Game/StarterContent/Maps/Minimal_Default.Minimal_Default:PersistentLevel' has LevelScriptBlueprint '/Game/StarterContent/Maps/Minimal_Default.Minimal_Default:PersistentLevel.Minimal_Default' with GeneratedClass '/Game/StarterContent/Maps/Minimal_Default.Minimal_Default_C' with ClassGeneratedBy '/Game/StarterContent/Maps/Minimal_Default.Minimal_Default:PersistentLevel.Minimal_Default'
[2019.01.02-17.56.27:756][482]LogSlate: Updating window title bar state: overlay mode, drag disabled, window buttons hidden, title bar hidden
[2019.01.02-17.56.27:795][482]LogPlayLevel: Display: Shutting down PIE online subsystems
[2019.01.02-17.56.27:795][482]LogBlueprintUserMessages: Late EndPlayMap Detection: Level '/Game/StarterContent/Maps/Minimal_Default.Minimal_Default:PersistentLevel' has LevelScriptBlueprint '/Game/StarterContent/Maps/Minimal_Default.Minimal_Default:PersistentLevel.Minimal_Default' with GeneratedClass '/Game/StarterContent/Maps/Minimal_Default.Minimal_Default_C' with ClassGeneratedBy '/Game/StarterContent/Maps/Minimal_Default.Minimal_Default:PersistentLevel.Minimal_Default'
[2019.01.02-17.56.27:818][482]LogSlate: Updating window title bar state: overlay mode, drag disabled, window buttons hidden, title bar hidden
[2019.01.02-17.56.27:864][486]LogPlayLevel: Display: Destroying online subsystem :Context_1
[2019.01.02-17.56.28:545][564]LogSlate: FSceneViewport::OnFocusLost() reason 0
[2019.01.02-17.56.28:837][597]LogSlate: Took 0.000197 seconds to synchronously load lazily loaded font '../../../Engine/Content/Slate/Fonts/Roboto-Light.ttf' (167K)
[2019.01.02-17.56.28:846][597]LogAssetEditorManager: Opening Asset editor for Blueprint /Game/MyPlayer_Eve.MyPlayer_Eve
[2019.01.02-17.56.29:206][597]LogContentBrowser: Native class hierarchy updated for 'BlueprintGraph' in 0.0006 seconds. Added 116 classes and 0 folders.
[2019.01.02-17.56.29:884][597]LogSlate: Took 0.000306 seconds to synchronously load lazily loaded font '../../../Engine/Content/Slate/Fonts/Roboto-BoldCondensed.ttf' (158K)
[2019.01.02-17.56.29:962][598]LogSlate: Took 0.000226 seconds to synchronously load lazily loaded font '../../../Engine/Content/Slate/Fonts/Roboto-Italic.ttf' (157K)
[2019.01.02-17.57.00:866][203]LogSlate: FSceneViewport::OnFocusLost() reason 0
[2019.01.02-17.57.07:805][982]Cmd: OBJ SAVEPACKAGE PACKAGE="/Game/MyPlayer_Eve" FILE="../../../../../../Git/FightingGame/FightingGame/Content/MyPlayer_Eve.uasset" SILENT=true
[2019.01.02-17.57.07:859][982]LogSavePackage: Moving '../../../../../../Git/FightingGame/FightingGame/Saved/MyPlayer_EveDD2A19CA440377FAA1410096E0F43C5E.tmp' to '../../../../../../Git/FightingGame/FightingGame/Content/MyPlayer_Eve.uasset'
[2019.01.02-17.57.08:583][ 67]BlueprintLog: New page: Compile MyPlayer_Eve
