Log file open, 01/06/19 15:43:07
LogWindows: Failed to load 'aqProf.dll' (GetLastError=126)
LogWindows: File 'aqProf.dll' does not exist
LogWindows: Failed to load 'VSPerf140.dll' (GetLastError=126)
LogWindows: File 'VSPerf140.dll' does not exist
LogWindows: Failed to load 'VtuneApi.dll' (GetLastError=126)
LogWindows: File 'VtuneApi.dll' does not exist
LogWindows: Failed to load 'VtuneApi32e.dll' (GetLastError=126)
LogWindows: File 'VtuneApi32e.dll' does not exist
LogInit: Display: Running engine for game: FightingGame
LogPlatformFile: Not using cached read wrapper
LogTaskGraph: Started task graph with 5 named threads and 23 total threads with 3 sets of task threads.
LogStats: Stats thread started at 6.449053
LogD3D11RHI: Loaded GFSDK_Aftermath_Lib.x64.dll
LogICUInternationalization: Display: ICU TimeZone Detection - Raw Offset: +0:00, Platform Override: ''
LogPluginManager: Mounting plugin Paper2D
LogPluginManager: Mounting plugin AISupport
LogPluginManager: Mounting plugin LightPropagationVolume
LogPluginManager: Mounting plugin CLionSourceCodeAccess
LogPluginManager: Mounting plugin CodeLiteSourceCodeAccess
LogPluginManager: Mounting plugin GitSourceControl
LogPluginManager: Mounting plugin KDevelopSourceCodeAccess
LogPluginManager: Mounting plugin NullSourceCodeAccess
LogPluginManager: Mounting plugin PerforceSourceControl
LogPluginManager: Mounting plugin SubversionSourceControl
LogPluginManager: Mounting plugin UObjectPlugin
LogPluginManager: Mounting plugin VisualStudioCodeSourceCodeAccess
LogPluginManager: Mounting plugin VisualStudioSourceCodeAccess
LogPluginManager: Mounting plugin XCodeSourceCodeAccess
LogPluginManager: Mounting plugin AssetManagerEditor
LogPluginManager: Mounting plugin CryptoKeys
LogPluginManager: Mounting plugin DataValidation
LogPluginManager: Mounting plugin FacialAnimation
LogPluginManager: Mounting plugin GameplayTagsEditor
LogPluginManager: Mounting plugin MacGraphicsSwitching
LogPluginManager: Mounting plugin MeshEditor
LogPluginManager: Mounting plugin MobileLauncherProfileWizard
LogPluginManager: Mounting plugin PluginBrowser
LogPluginManager: Mounting plugin SpeedTreeImporter
LogPluginManager: Mounting plugin DatasmithContent
LogPluginManager: Mounting plugin AlembicImporter
LogPluginManager: Mounting plugin AppleImageUtils
LogPluginManager: Mounting plugin AppleVision
LogPluginManager: Mounting plugin BackChannel
LogPluginManager: Mounting plugin CharacterAI
LogPluginManager: Mounting plugin GeometryCache
LogPluginManager: Mounting plugin HTML5Networking
LogPluginManager: Mounting plugin ProxyLODPlugin
LogPluginManager: Mounting plugin MagicLeap
LogPluginManager: Mounting plugin MagicLeapEmulator
LogPluginManager: Mounting plugin MagicLeapMedia
LogPluginManager: Mounting plugin AndroidMedia
LogPluginManager: Mounting plugin AvfMedia
LogPluginManager: Mounting plugin ImgMedia
LogPluginManager: Mounting plugin LinearTimecode
LogPluginManager: Mounting plugin MediaCompositing
LogPluginManager: Mounting plugin MediaPlayerEditor
LogPluginManager: Mounting plugin WmfMedia
LogPluginManager: Mounting plugin TcpMessaging
LogPluginManager: Mounting plugin UdpMessaging
LogPluginManager: Mounting plugin ActorSequence
LogPluginManager: Mounting plugin LevelSequenceEditor
LogPluginManager: Mounting plugin MatineeToLevelSequence
LogPluginManager: Mounting plugin NetcodeUnitTest
LogPluginManager: Mounting plugin NUTUnrealEngine4
LogPluginManager: Mounting plugin OnlineSubsystemGooglePlay
LogPluginManager: Mounting plugin OnlineSubsystemIOS
LogPluginManager: Mounting plugin OnlineSubsystem
LogPluginManager: Mounting plugin OnlineSubsystemNull
LogPluginManager: Mounting plugin OnlineSubsystemUtils
LogPluginManager: Mounting plugin LauncherChunkInstaller
LogPluginManager: Mounting plugin AndroidDeviceProfileSelector
LogPluginManager: Mounting plugin AndroidMoviePlayer
LogPluginManager: Mounting plugin AndroidPermission
LogPluginManager: Mounting plugin AppleMoviePlayer
LogPluginManager: Mounting plugin ArchVisCharacter
LogPluginManager: Mounting plugin AudioCapture
LogPluginManager: Mounting plugin CableComponent
LogPluginManager: Mounting plugin CustomMeshComponent
LogPluginManager: Mounting plugin EditableMesh
LogPluginManager: Mounting plugin ExampleDeviceProfileSelector
LogPluginManager: Mounting plugin GoogleCloudMessaging
LogPluginManager: Mounting plugin ImmediatePhysics
LogPluginManager: Mounting plugin IOSDeviceProfileSelector
LogPluginManager: Mounting plugin LinuxDeviceProfileSelector
LogPluginManager: Mounting plugin LocationServicesBPLibrary
LogPluginManager: Mounting plugin MobilePatchingUtils
LogPluginManager: Mounting plugin OculusVR
LogPluginManager: Plugin shader directory ../../../Engine/Plugins/Runtime/Oculus/OculusVR/Shaders found
LogPluginManager: Mapping shader source directory ../../../Engine/Plugins/Runtime/Oculus/OculusVR/Shaders to virtual directory /Plugin/OculusVR
LogPluginManager: Mounting plugin PhysXVehicles
LogPluginManager: Mounting plugin ProceduralMeshComponent
LogPluginManager: Mounting plugin RuntimePhysXCooking
LogPluginManager: Mounting plugin SteamVR
LogPluginManager: Mounting plugin WindowsMoviePlayer
LogStreaming: Display: Took  0.399s to configure plugins.
LogInit: Using libcurl 7.55.1-DEV
LogInit:  - built for x86_64-pc-win32
LogInit:  - supports SSL with OpenSSL/1.0.2h
LogInit:  - supports HTTP deflate (compression) using libz 1.2.8
LogInit:  - other features:
LogInit:      CURL_VERSION_SSL
LogInit:      CURL_VERSION_LIBZ
LogInit:      CURL_VERSION_IPV6
LogInit:      CURL_VERSION_ASYNCHDNS
LogInit:      CURL_VERSION_LARGEFILE
LogInit:      CURL_VERSION_IDN
LogInit:  CurlRequestOptions (configurable via config and command line):
LogInit:  - bVerifyPeer = false  - Libcurl will NOT verify peer certificate
LogInit:  - bUseHttpProxy = false  - Libcurl will NOT use HTTP proxy
LogInit:  - bDontReuseConnections = false  - Libcurl will reuse connections
LogInit:  - CertBundlePath = nullptr  - Libcurl will use whatever was configured at build time.
LogInit:  - MaxHostConnections = 16  - Libcurl will limit the number of connections to a host
LogInit:  - LocalHostAddr = Default
LogInit:  - BufferSize = 65536
LogInit: WinSock: version 1.1 (2.2), MaxSocks=32767, MaxUdp=65467
LogInit: Build: ++UE4+Release-4.20-CL-4369336
LogInit: Engine Version: 4.20.3-4369336+++UE4+Release-4.20
LogInit: Compatible Engine Version: 4.20.0-4212847+++UE4+Release-4.20
LogInit: Net CL: 4212847
LogInit: OS: Windows 10 (), CPU: Intel(R) Core(TM) i7-6700K CPU @ 4.00GHz, GPU: NVIDIA GeForce GTX 1060 6GB
LogInit: Compiled (64-bit): Sep 17 2018 12:26:19
LogInit: Compiled with Visual C++: 19.13.26129.00
LogInit: Build Configuration: Development
LogInit: Branch Name: ++UE4+Release-4.20
LogInit: Command Line:  -skipcompile
LogInit: Base Directory: D:/Program Files/Epic Games/UE_4.20/Engine/Binaries/Win64/
LogInit: Installed Engine Build: 1
LogDevObjectVersion: Number of dev versions registered: 20
LogDevObjectVersion:   Dev-Blueprints (B0D832E4-1F89-4F0D-ACCF-7EB736FD4AA2): 10
LogDevObjectVersion:   Dev-Build (E1C64328-A22C-4D53-A36C-8E866417BD8C): 0
LogDevObjectVersion:   Dev-Core (375EC13C-06E4-48FB-B500-84F0262A717E): 2
LogDevObjectVersion:   Dev-Editor (E4B068ED-F494-42E9-A231-DA0B2E46BB41): 24
LogDevObjectVersion:   Dev-Framework (CFFC743F-43B0-4480-9391-14DF171D2073): 34
LogDevObjectVersion:   Dev-Mobile (B02B49B5-BB20-44E9-A304-32B752E40360): 2
LogDevObjectVersion:   Dev-Networking (A4E4105C-59A1-49B5-A7C5-40C4547EDFEE): 0
LogDevObjectVersion:   Dev-Online (39C831C9-5AE6-47DC-9A44-9C173E1C8E7C): 0
LogDevObjectVersion:   Dev-Physics (78F01B33-EBEA-4F98-B9B4-84EACCB95AA2): 0
LogDevObjectVersion:   Dev-Platform (6631380F-2D4D-43E0-8009-CF276956A95A): 0
LogDevObjectVersion:   Dev-Rendering (12F88B9F-8875-4AFC-A67C-D90C383ABD29): 26
LogDevObjectVersion:   Dev-Sequencer (7B5AE74C-D270-4C10-A958-57980B212A5A): 9
LogDevObjectVersion:   Dev-VR (D7296918-1DD6-4BDD-9DE2-64A83CC13884): 2
LogDevObjectVersion:   Dev-LoadTimes (C2A15278-BFE7-4AFE-6C17-90FF531DF755): 1
LogDevObjectVersion:   Private-Geometry (6EACA3D4-40EC-4CC1-B786-8BED09428FC5): 3
LogDevObjectVersion:   Dev-AnimPhys (29E575DD-E0A3-4627-9D10-D276232CDCEA): 17
LogDevObjectVersion:   Dev-ReflectionCapture (6B266CEC-1EC7-4B8F-A30B-E4D90942FC07): 1
LogDevObjectVersion:   Dev-Automation (0DF73D61-A23F-47EA-B727-89E90C41499A): 1
LogDevObjectVersion:   FortniteMain (601D1886-AC64-4F84-AA16-D3DE0DEAC7D6): 12
LogDevObjectVersion:   Dev-Enterprise (9DFFBCD6-494F-0158-E221-12823C92A888): 1
LogStreaming: Display: Took  0.043s to delete old logs.
LogInit: Presizing for max 8388607 objects, including 0 objects not considered by GC, pre-allocating 0 bytes for permanent pool.
LogInit: Object subsystem initialized
[2019.01.06-15.43.11:101][  0]LogInit: Selected Device Profile: [Windows]
[2019.01.06-15.43.11:102][  0]LogInit: Applying CVar settings loaded from the selected device profile: [Windows]
[2019.01.06-15.43.11:124][  0]LogHAL: Display: Platform has ~ 16 GB [17126547456 / 17179869184 / 16], which maps to Larger [LargestMinGB=32, LargerMinGB=12, DefaultMinGB=8, SmallerMinGB=6, SmallestMinGB=0)
[2019.01.06-15.43.11:127][  0]LogInit: Setting Device Profile CVar: [[r.Vulkan.UseRealUBs:1]]
[2019.01.06-15.43.11:128][  0]LogInit: Going up to parent DeviceProfile []
[2019.01.06-15.43.11:164][  0]LogInit: Computer: EDWARD
[2019.01.06-15.43.11:164][  0]LogInit: User: John
[2019.01.06-15.43.11:164][  0]LogInit: CPU Page size=4096, Cores=4
[2019.01.06-15.43.11:164][  0]LogInit: High frequency timer resolution =3.914059 MHz
[2019.01.06-15.43.11:165][  0]LogMemory: Memory total: Physical=16.0GB (16GB approx)
[2019.01.06-15.43.11:165][  0]LogMemory: Platform Memory Stats for Windows
[2019.01.06-15.43.11:165][  0]LogMemory: Process Physical Memory: 103.07 MB used, 103.07 MB peak
[2019.01.06-15.43.11:165][  0]LogMemory: Process Virtual Memory: 92.02 MB used, 92.02 MB peak
[2019.01.06-15.43.11:165][  0]LogMemory: Physical Memory: 6515.61 MB used,  9817.54 MB free, 16333.15 MB total
[2019.01.06-15.43.11:165][  0]LogMemory: Virtual Memory: 4640.89 MB used,  9817.54 MB free, 134217728.00 MB total
[2019.01.06-15.43.12:562][  0]LogInit: Using OS detected language (en-US).
[2019.01.06-15.43.12:562][  0]LogInit: Using OS detected locale (en-US).
[2019.01.06-15.43.12:655][  0]LogTextLocalizationManager: No specific localization for 'en-US' exists, so the 'en' localization will be used.
[2019.01.06-15.43.13:260][  0]LogStreaming: Display: Took  0.679s to InitEngineTextLocalization.
[2019.01.06-15.43.13:272][  0]LogInit: Setting process to per monitor DPI aware
[2019.01.06-15.43.14:004][  0]LogSlate: New Slate User Created.  User Index 0, Is Virtual User: 0
[2019.01.06-15.43.14:005][  0]LogSlate: Slate User Registered.  User Index 0, Is Virtual User: 0
[2019.01.06-15.43.14:950][  0]LogHMD: Failed to initialize OpenVR with code 102
[2019.01.06-15.43.14:950][  0]LogD3D11RHI: D3D11 adapters:
[2019.01.06-15.43.15:027][  0]LogD3D11RHI:    0. 'NVIDIA GeForce GTX 1060 6GB' (Feature Level 11_0)
[2019.01.06-15.43.15:027][  0]LogD3D11RHI:       6061/0/8166 MB DedicatedVideo/DedicatedSystem/SharedSystem, Outputs:2, VendorId:0x10de
[2019.01.06-15.43.15:067][  0]LogD3D11RHI:    1. 'Microsoft Basic Render Driver' (Feature Level 11_0)
[2019.01.06-15.43.15:067][  0]LogD3D11RHI:       0/0/8166 MB DedicatedVideo/DedicatedSystem/SharedSystem, Outputs:0, VendorId:0x1414
[2019.01.06-15.43.15:067][  0]LogD3D11RHI: Chosen D3D11 Adapter: 0
[2019.01.06-15.43.15:076][  0]LogD3D11RHI: Creating new Direct3DDevice
[2019.01.06-15.43.15:076][  0]LogD3D11RHI:     GPU DeviceId: 0x1c03 (for the marketing name, search the web for "GPU Device Id")
[2019.01.06-15.43.15:084][  0]LogWindows: EnumDisplayDevices:
[2019.01.06-15.43.15:085][  0]LogWindows:    0. 'NVIDIA GeForce GTX 1060 6GB' (P:1 D:1)
[2019.01.06-15.43.15:085][  0]LogWindows:    1. 'NVIDIA GeForce GTX 1060 6GB' (P:0 D:1)
[2019.01.06-15.43.15:086][  0]LogWindows:    2. 'NVIDIA GeForce GTX 1060 6GB' (P:0 D:0)
[2019.01.06-15.43.15:086][  0]LogWindows:    3. 'NVIDIA GeForce GTX 1060 6GB' (P:0 D:0)
[2019.01.06-15.43.15:087][  0]LogWindows: DebugString: FoundDriverCount:4 
[2019.01.06-15.43.15:087][  0]LogD3D11RHI:     Adapter Name: NVIDIA GeForce GTX 1060 6GB
[2019.01.06-15.43.15:096][  0]LogD3D11RHI:   Driver Version: 388.13 (internal:23.21.13.8813, unified:388.13)
[2019.01.06-15.43.15:097][  0]LogD3D11RHI:      Driver Date: 10-27-2017
[2019.01.06-15.43.15:097][  0]LogRHI: Texture pool is 4242 MB (70% of 6061 MB)
[2019.01.06-15.43.15:159][  0]LogD3D11RHI: Async texture creation enabled
[2019.01.06-15.43.15:380][  0]LogD3D11RHI: GPU Timing Frequency: 1000.000000 (Debug: 2 1)
[2019.01.06-15.43.15:520][  0]LogShaderCompilers: Guid format shader working directory is -3 characters bigger than the processId version (../../../../../../Git/FightingGame/FightingGame/Intermediate/Shaders/WorkingDirectory/10524/).
[2019.01.06-15.43.15:520][  0]LogShaderCompilers: Cleaned the shader compiler working directory 'C:/Users/John/AppData/Local/Temp/UnrealShaderWorkingDir/020C312A4AAC39480C241CA2E6607E25/'.
[2019.01.06-15.43.15:869][  0]LogTemp: Display: Loaded TP AllDesktopTargetPlatform
[2019.01.06-15.43.15:925][  0]LogTemp: Display: Loaded TP MacClientTargetPlatform
[2019.01.06-15.43.16:024][  0]LogTemp: Display: Loaded TP MacNoEditorTargetPlatform
[2019.01.06-15.43.16:098][  0]LogTemp: Display: Loaded TP MacServerTargetPlatform
[2019.01.06-15.43.16:213][  0]LogTemp: Display: Loaded TP MacTargetPlatform
[2019.01.06-15.43.16:304][  0]LogTemp: Display: Loaded TP WindowsClientTargetPlatform
[2019.01.06-15.43.16:358][  0]LogTemp: Display: Loaded TP WindowsNoEditorTargetPlatform
[2019.01.06-15.43.16:420][  0]LogTemp: Display: Loaded TP WindowsServerTargetPlatform
[2019.01.06-15.43.16:467][  0]LogTemp: Display: Loaded TP WindowsTargetPlatform
[2019.01.06-15.43.16:594][  0]LogTemp: Display: Loaded TP AndroidTargetPlatform
[2019.01.06-15.43.16:594][  0]LogTemp: Display: Loaded TP AndroidTargetPlatform
[2019.01.06-15.43.16:594][  0]LogTemp: Display: Loaded TP AndroidTargetPlatform
[2019.01.06-15.43.16:595][  0]LogTemp: Display: Loaded TP AndroidTargetPlatform
[2019.01.06-15.43.16:595][  0]LogTemp: Display: Loaded TP AndroidTargetPlatform
[2019.01.06-15.43.16:595][  0]LogTemp: Display: Loaded TP AndroidTargetPlatform
[2019.01.06-15.43.16:595][  0]LogTemp: Display: Loaded TP AndroidTargetPlatform
[2019.01.06-15.43.16:595][  0]LogTemp: Display: Loaded TP AndroidTargetPlatform
[2019.01.06-15.43.16:595][  0]LogTemp: Display: Loaded TP AndroidTargetPlatform
[2019.01.06-15.43.16:595][  0]LogTemp: Display: Loaded TP AndroidTargetPlatform
[2019.01.06-15.43.16:595][  0]LogTemp: Display: Loaded TP AndroidTargetPlatform
[2019.01.06-15.43.16:595][  0]LogTemp: Display: Loaded TP AndroidTargetPlatform
[2019.01.06-15.43.16:595][  0]LogTemp: Display: Loaded TP AndroidTargetPlatform
[2019.01.06-15.43.16:595][  0]LogTemp: Display: Loaded TP AndroidTargetPlatform
[2019.01.06-15.43.16:595][  0]LogTemp: Display: Loaded TP AndroidTargetPlatform
[2019.01.06-15.43.16:595][  0]LogTemp: Display: Loaded TP AndroidTargetPlatform
[2019.01.06-15.43.16:595][  0]LogTemp: Display: Loaded TP AndroidTargetPlatform
[2019.01.06-15.43.16:595][  0]LogTemp: Display: Loaded TP AndroidTargetPlatform
[2019.01.06-15.43.16:634][  0]LogTemp: Display: Loaded TP HTML5TargetPlatform
[2019.01.06-15.43.17:367][  0]LogTemp: Display: Loaded TP IOSTargetPlatform
[2019.01.06-15.43.17:367][  0]LogTemp: Display: Loaded TP IOSTargetPlatform
[2019.01.06-15.43.17:423][  0]LogTemp: Display: Loaded TP TVOSTargetPlatform
[2019.01.06-15.43.17:423][  0]LogTemp: Display: Loaded TP TVOSTargetPlatform
[2019.01.06-15.43.17:456][  0]LogTemp: Display: Loaded TP LinuxClientTargetPlatform
[2019.01.06-15.43.17:505][  0]LogTemp: Display: Loaded TP LinuxNoEditorTargetPlatform
[2019.01.06-15.43.17:538][  0]LogTemp: Display: Loaded TP LinuxServerTargetPlatform
[2019.01.06-15.43.17:596][  0]LogTemp: Display: Loaded TP LinuxTargetPlatform
[2019.01.06-15.43.17:634][  0]LogTemp: Display: Loaded TP LuminTargetPlatform
[2019.01.06-15.43.17:634][  0]LogTargetPlatformManager: Display: Building Assets For Windows
[2019.01.06-15.43.18:995][  0]LogXGEController: Cleaning working directory: C:/Users/John/AppData/Local/Temp/UnrealXGEWorkingDir/
[2019.01.06-15.43.18:996][  0]LogXGEController: Cannot use XGE Controller as Incredibuild is not installed on this machine.
[2019.01.06-15.43.18:996][  0]LogShaderCompilers: Cannot use XGE Shader Compiler as Incredibuild is not installed on this machine.
[2019.01.06-15.43.18:996][  0]LogShaderCompilers: Display: Using Local Shader Compiler.
[2019.01.06-15.43.21:123][  0]LogDerivedDataCache: Display: Max Cache Size: 512 MB
[2019.01.06-15.43.21:831][  0]LogDerivedDataCache: Loaded boot cache 0.71s 71MB C:/Users/John/AppData/Local/UnrealEngine/4.20/DerivedDataCache/Boot.ddc.
[2019.01.06-15.43.21:832][  0]LogDerivedDataCache: Display: Loaded Boot cache: C:/Users/John/AppData/Local/UnrealEngine/4.20/DerivedDataCache/Boot.ddc
[2019.01.06-15.43.21:832][  0]LogDerivedDataCache: FDerivedDataBackendGraph:  Pak pak cache file ../../../../../../Git/FightingGame/FightingGame/DerivedDataCache/DDC.ddp not found, will not use a pak cache.
[2019.01.06-15.43.21:832][  0]LogDerivedDataCache: Unable to find inner node Pak for hierarchical cache Hierarchy.
[2019.01.06-15.43.21:832][  0]LogDerivedDataCache: FDerivedDataBackendGraph:  CompressedPak pak cache file ../../../../../../Git/FightingGame/FightingGame/DerivedDataCache/Compressed.ddp not found, will not use a pak cache.
[2019.01.06-15.43.21:833][  0]LogDerivedDataCache: Unable to find inner node CompressedPak for hierarchical cache Hierarchy.
[2019.01.06-15.43.22:196][  0]LogDerivedDataCache: Display: Pak cache opened for reading ../../../Engine/DerivedDataCache/Compressed.ddp.
[2019.01.06-15.43.22:211][  0]LogDerivedDataCache: Using Local data cache path C:/Users/John/AppData/Local/UnrealEngine/Common/DerivedDataCache: Writable
[2019.01.06-15.43.22:211][  0]LogDerivedDataCache: Shared data cache path not found in *engine.ini, will not use an Shared cache.
[2019.01.06-15.43.22:211][  0]LogDerivedDataCache: Unable to find inner node Shared for hierarchical cache Hierarchy.
[2019.01.06-15.43.22:289][  0]LogMaterial: Verifying Global Shaders for PCD3D_SM5
[2019.01.06-15.43.22:362][  0]LogSlate: Using FreeType 2.6.0
[2019.01.06-15.43.22:443][  0]LogSlate: SlateFontServices - WITH_FREETYPE: 1, WITH_HARFBUZZ: 1
[2019.01.06-15.43.23:470][  0]LogAssetRegistry: FAssetRegistry took 0.0445 seconds to start up
[2019.01.06-15.43.29:223][  0]LogInit: Selected Device Profile: [Windows]
[2019.01.06-15.43.32:507][  0]LogSimplygon: Simplygon DLL not present - disabling.
[2019.01.06-15.43.32:781][  0]LogMeshReduction: Using SimplygonSwarm for distributed automatic mesh merging
[2019.01.06-15.43.32:781][  0]LogMeshReduction: Using ProxyLODMeshReduction for automatic mesh merging
[2019.01.06-15.43.32:781][  0]LogMeshReduction: Using QuadricMeshReduction for automatic static mesh reduction
[2019.01.06-15.43.32:781][  0]LogMeshReduction: No automatic skeletal mesh reduction module available
[2019.01.06-15.43.33:107][  0]LogNetVersion: FightingGame 1.0.0, NetCL: 4212847, EngineNetVer: 5, GameNetVer: 0 (Checksum: 156865789)
[2019.01.06-15.43.36:811][  0]LogPackageLocalizationCache: Processed 11 localized package path(s) for 2 prioritized culture(s) in 0.181380 seconds
[2019.01.06-15.43.36:845][  0]LogUObjectArray: 38425 objects as part of root set at end of initial load.
[2019.01.06-15.43.36:846][  0]LogUObjectAllocator: 6690872 out of 0 bytes used by permanent object pool.
[2019.01.06-15.43.36:846][  0]LogUObjectArray: CloseDisregardForGC: 0/0 objects in disregard for GC pool
[2019.01.06-15.43.54:157][  0]LogTcpMessaging: Initializing TcpMessaging bridge
[2019.01.06-15.43.54:221][  0]LogUdpMessaging: Initializing bridge on interface 0.0.0.0:0 to multicast group 230.0.0.1:6666.
[2019.01.06-15.43.55:850][  0]SourceControl: Source control is disabled
[2019.01.06-15.43.55:850][  0]SourceControl: Source control is disabled
[2019.01.06-15.43.55:990][  0]SourceControl: Source control is disabled
[2019.01.06-15.43.56:041][  0]SourceControl: Source control is disabled
[2019.01.06-15.43.58:699][  0]LogAndroidPermission: UAndroidPermissionCallbackProxy::GetInstance
[2019.01.06-15.43.59:289][  0]LogOcInput: OculusInput pre-init called
[2019.01.06-15.44.00:049][  0]LogEngine: Initializing Engine...
[2019.01.06-15.44.00:076][  0]LogHMD: Failed to initialize OpenVR with code 102
[2019.01.06-15.44.00:100][  0]LogStats: UGameplayTagsManager::ConstructGameplayTagTree: ImportINI prefixes -  0.000 s
[2019.01.06-15.44.00:100][  0]LogStats: UGameplayTagsManager::ConstructGameplayTagTree: Construct from data asset -  0.000 s
[2019.01.06-15.44.00:101][  0]LogStats: UGameplayTagsManager::ConstructGameplayTagTree: ImportINI -  0.000 s
[2019.01.06-15.44.00:101][  0]LogStats: UGameplayTagsManager::ConstructGameplayTagTree: GameplayTagTreeChangedEvent.Broadcast -  0.000 s
[2019.01.06-15.44.00:749][  0]LogInit: Initializing FReadOnlyCVARCache
[2019.01.06-15.44.01:153][  0]LogAIModule: Creating AISystem for world Untitled
[2019.01.06-15.44.01:314][  0]LogInit: XAudio2 using 'Headset Earphone (Razer ManO'War)' : 2 channels at 48 kHz using 16 bits per sample (channel mask 0x3)
[2019.01.06-15.44.01:412][  0]LogInit: FAudioDevice initialized.
[2019.01.06-15.44.01:413][  0]LogNetVersion: Set ProjectVersion to 1.0.0.0. Version Checksum will be recalculated on next use.
[2019.01.06-15.44.01:534][  0]LogDerivedDataCache: Saved boot cache 0.12s 71MB C:/Users/John/AppData/Local/UnrealEngine/4.20/DerivedDataCache/Boot.ddc.
[2019.01.06-15.44.01:545][  0]LogInit: Texture streaming: Enabled
[2019.01.06-15.44.01:786][  0]LogEngineSessionManager: EngineSessionManager initialized
[2019.01.06-15.44.01:953][  0]LogInit: Transaction tracking system initialized
[2019.01.06-15.44.02:478][  0]BlueprintLog: New page: Editor Load
[2019.01.06-15.44.04:619][  0]LocalizationService: Localization service is disabled
[2019.01.06-15.44.07:145][  0]LogFileCache: Scanning file cache for directory 'D:/Git/FightingGame/FightingGame/Content/' took 0.02s
[2019.01.06-15.44.07:145][  0]LogCook: Display: Max memory allowance for cook 16384mb min free memory 0mb
[2019.01.06-15.44.07:161][  0]LogCook: Display: Mobile HDR setting 1
[2019.01.06-15.44.07:167][  0]LogGameplayTags: Display: UGameplayTagsManager::DoneAddingNativeTags. DelegateIsBound: 0
[2019.01.06-15.44.07:167][  0]LogStats: UGameplayTagsManager::ConstructGameplayTagTree: ImportINI prefixes -  0.000 s
[2019.01.06-15.44.07:167][  0]LogStats: UGameplayTagsManager::ConstructGameplayTagTree: Construct from data asset -  0.000 s
[2019.01.06-15.44.07:167][  0]LogStats: UGameplayTagsManager::ConstructGameplayTagTree: ImportINI -  0.000 s
[2019.01.06-15.44.07:167][  0]LogStats: UGameplayTagsManager::ConstructGameplayTagTree: GameplayTagTreeChangedEvent.Broadcast -  0.000 s
[2019.01.06-15.44.08:542][  0]LogLinker: Warning: Can't find file '/Engine/BasicShapes/Cylinder'
[2019.01.06-15.44.08:543][  0]LogLinker: Warning: Can't find file '/Engine/BasicShapes/Cylinder'
[2019.01.06-15.44.08:543][  0]LogUObjectGlobals: Warning: Failed to find object 'StaticMesh /Engine/BasicShapes/Cylinder.Cylinder'
[2019.01.06-15.44.09:824][  0]SourceControl: Source control is disabled
[2019.01.06-15.44.09:840][  0]Cmd: MAP LOAD FILE="../../../../../../Git/FightingGame/FightingGame/Content/StarterContent/Maps/Minimal_Default.umap" TEMPLATE=0 SHOWPROGRESS=1 FEATURELEVEL=3
[2019.01.06-15.44.09:845][  0]LightingResults: New page: Lighting Build
[2019.01.06-15.44.09:964][  0]MapCheck: New page: Map Check
[2019.01.06-15.44.09:964][  0]LightingResults: New page: Lighting Build
[2019.01.06-15.44.11:479][  0]LogAIModule: Creating AISystem for world Minimal_Default
[2019.01.06-15.44.11:861][  0]LogEditorServer: Finished looking for orphan Actors (0.000 secs)
[2019.01.06-15.44.11:949][  0]Cmd: MAP CHECKDEP NOCLEARLOG
[2019.01.06-15.44.12:089][  0]MapCheck: Map check complete: 0 Error(s), 0 Warning(s), took 140.649ms to complete.
[2019.01.06-15.44.12:089][  0]LogFileHelpers: Loading map 'Minimal_Default' took 2.257
[2019.01.06-15.44.13:278][  0]LogSlate: Updating window title bar state: overlay mode, drag disabled, window buttons hidden, title bar hidden
[2019.01.06-15.44.13:286][  0]LogSlate: Updating window title bar state: overlay mode, drag disabled, window buttons hidden, title bar hidden
[2019.01.06-15.44.13:293][  0]LogSlate: Updating window title bar state: overlay mode, drag disabled, window buttons hidden, title bar hidden
[2019.01.06-15.44.13:304][  0]LogSlate: Updating window title bar state: overlay mode, drag disabled, window buttons hidden, title bar hidden
[2019.01.06-15.44.13:431][  0]LogCollectionManager: Loaded 0 collections in 0.002266 seconds
[2019.01.06-15.44.13:577][  0]LogFileCache: Scanning file cache for directory 'D:/Git/FightingGame/FightingGame/Saved/Collections/' took 0.01s
[2019.01.06-15.44.13:578][  0]LogFileCache: Scanning file cache for directory 'D:/Git/FightingGame/FightingGame/Content/Developers/John/Collections/' took 0.01s
[2019.01.06-15.44.13:578][  0]LogFileCache: Scanning file cache for directory 'D:/Git/FightingGame/FightingGame/Content/Collections/' took 0.01s
[2019.01.06-15.44.13:578][  0]LogCollectionManager: Rebuilt the GUID cache for 0 collections in 0.000001 seconds
[2019.01.06-15.44.13:608][  0]LogContentBrowser: Native class hierarchy populated in 0.0290 seconds. Added 2579 classes and 605 folders.
[2019.01.06-15.44.13:665][  0]LogContentBrowser: Native class hierarchy updated for 'WidgetCarousel' in 0.0005 seconds. Added 0 classes and 0 folders.
[2019.01.06-15.44.15:280][  0]LogContentBrowser: Native class hierarchy updated for 'AddContentDialog' in 0.0004 seconds. Added 0 classes and 0 folders.
[2019.01.06-15.44.15:392][  0]LogContentBrowser: Native class hierarchy updated for 'SceneOutliner' in 0.0004 seconds. Added 1 classes and 2 folders.
[2019.01.06-15.44.16:255][  0]LogSlate: Took 0.009780 seconds to synchronously load lazily loaded font '../../../Engine/Content/Slate/Fonts/Roboto-Regular.ttf' (155K)
[2019.01.06-15.44.16:290][  0]LogSlate: Took 0.018376 seconds to synchronously load lazily loaded font '../../../Engine/Content/Slate/Fonts/Roboto-Bold.ttf' (160K)
[2019.01.06-15.44.16:336][  0]LogSlate: Took 0.006052 seconds to synchronously load lazily loaded font '../../../Engine/Content/Editor/Slate/Fonts/FontAwesome.ttf' (139K)
[2019.01.06-15.44.16:676][  0]LogRenderer: Reallocating scene render targets to support 1208x600 Format 10 NumSamples 1 (Frame:1).
[2019.01.06-15.44.17:051][  0]LogSlate: Took 0.010239 seconds to synchronously load lazily loaded font '../../../Engine/Content/Slate/Fonts/Roboto-Light.ttf' (167K)
[2019.01.06-15.44.17:360][  0]LogContentBrowser: Native class hierarchy updated for 'HierarchicalLODOutliner' in 0.0004 seconds. Added 0 classes and 0 folders.
[2019.01.06-15.44.17:360][  0]LogLoad: (Engine Initialization) Total time: 94.28 seconds
[2019.01.06-15.44.17:360][  0]LogLoad: (Engine Initialization) Total Blueprint compile time: 0.00 seconds
[2019.01.06-15.44.17:484][  0]LogContentStreaming: Texture pool size now 1000 MB
[2019.01.06-15.44.17:845][  2]LogAssetRegistry: Asset discovery search completed in 54.4145 seconds
[2019.01.06-15.44.17:847][  2]LogCollectionManager: Rebuilt the object cache for 0 collections in 0.000001 seconds (found 0 objects)
[2019.01.06-15.44.17:847][  2]LogCollectionManager: Fixed up redirectors for 0 collections in 0.000161 seconds (updated 0 objects)
[2019.01.06-15.44.20:188][  9]LogSlate: FSceneViewport::OnFocusLost() reason 0
[2019.01.06-15.44.20:188][  9]LogTemp: Repeating last play command: Selected Viewport
[2019.01.06-15.44.20:211][  9]LogBlueprintUserMessages: Early PlayInEditor Detection: Level '/Game/StarterContent/Maps/Minimal_Default.Minimal_Default:PersistentLevel' has LevelScriptBlueprint '/Game/StarterContent/Maps/Minimal_Default.Minimal_Default:PersistentLevel.Minimal_Default' with GeneratedClass '/Game/StarterContent/Maps/Minimal_Default.Minimal_Default_C' with ClassGeneratedBy '/Game/StarterContent/Maps/Minimal_Default.Minimal_Default:PersistentLevel.Minimal_Default'
[2019.01.06-15.44.20:211][  9]LogPlayLevel: PlayLevel: No blueprints needed recompiling
[2019.01.06-15.44.20:280][  9]PIE: New page: PIE session: Minimal_Default (Jan 6, 2019, 3:44:20 PM)
[2019.01.06-15.44.20:280][  9]LogPlayLevel: Creating play world package: /Game/StarterContent/Maps/UEDPIE_0_Minimal_Default
[2019.01.06-15.44.20:298][  9]LogPlayLevel: PIE: StaticDuplicateObject took: (0.017509s)
[2019.01.06-15.44.20:299][  9]LogAIModule: Creating AISystem for world Minimal_Default
[2019.01.06-15.44.20:299][  9]LogPlayLevel: PIE: World Init took: (0.000902s)
[2019.01.06-15.44.20:299][  9]LogPlayLevel: PIE: Created PIE world by copying editor world from /Game/StarterContent/Maps/Minimal_Default.Minimal_Default to /Game/StarterContent/Maps/UEDPIE_0_Minimal_Default.Minimal_Default (0.018794s)
[2019.01.06-15.44.20:362][  9]LogInit: XAudio2 using 'Headset Earphone (Razer ManO'War)' : 2 channels at 48 kHz using 16 bits per sample (channel mask 0x3)
[2019.01.06-15.44.20:424][  9]LogInit: FAudioDevice initialized.
[2019.01.06-15.44.22:959][  9]LogLinker: Error: HOTRELOADED_Player_Base_0 has an inappropriate outermost, it was probably saved with a deprecated outer (file: ../../../../../../Git/FightingGame/FightingGame/Content/FightingGameMode.uasset)
[2019.01.06-15.44.22:959][  9]LogLinker: Error: HOTRELOADED_Player_Base_0 has an inappropriate outermost, it was probably saved with a deprecated outer (file: ../../../../../../Git/FightingGame/FightingGame/Content/FightingGameMode.uasset)
[2019.01.06-15.44.22:960][  9]LogLinker: Error: HOTRELOADED_Player_Base_0 has an inappropriate outermost, it was probably saved with a deprecated outer (file: ../../../../../../Git/FightingGame/FightingGame/Content/FightingGameMode.uasset)
[2019.01.06-15.44.23:076][  9]LogLinker: Error: HOTRELOADED_Player_Base_0 has an inappropriate outermost, it was probably saved with a deprecated outer (file: ../../../../../../Git/FightingGame/FightingGame/Content/FightingGameMode.uasset)
[2019.01.06-15.44.23:078][  9]LogLinker: Error: HOTRELOADED_Player_Base_0 has an inappropriate outermost, it was probably saved with a deprecated outer (file: ../../../../../../Git/FightingGame/FightingGame/Content/FightingGameMode.uasset)
[2019.01.06-15.44.23:079][  9]LogLinker: Error: HOTRELOADED_Player_Base_0 has an inappropriate outermost, it was probably saved with a deprecated outer (file: ../../../../../../Git/FightingGame/FightingGame/Content/FightingGameMode.uasset)
[2019.01.06-15.44.23:642][  9]LogLoad: Game class is 'FightingGameMode_C'
[2019.01.06-15.44.23:661][  9]LogWorld: Bringing World /Game/StarterContent/Maps/UEDPIE_0_Minimal_Default.Minimal_Default up for play (max tick rate 0) at 2019.01.06-15.44.23
[2019.01.06-15.44.23:683][  9]LogWorld: Bringing up level for play took: 0.023696
[2019.01.06-15.44.23:789][  9]LogContentBrowser: Native class hierarchy updated for 'MovieSceneCapture' in 0.0005 seconds. Added 10 classes and 0 folders.
[2019.01.06-15.44.23:879][  9]PIE: Play in editor start time for /Game/StarterContent/Maps/UEDPIE_0_Minimal_Default 3.731
[2019.01.06-15.44.23:879][  9]LogBlueprintUserMessages: Late PlayInEditor Detection: Level '/Game/StarterContent/Maps/Minimal_Default.Minimal_Default:PersistentLevel' has LevelScriptBlueprint '/Game/StarterContent/Maps/Minimal_Default.Minimal_Default:PersistentLevel.Minimal_Default' with GeneratedClass '/Game/StarterContent/Maps/Minimal_Default.Minimal_Default_C' with ClassGeneratedBy '/Game/StarterContent/Maps/Minimal_Default.Minimal_Default:PersistentLevel.Minimal_Default'
[2019.01.06-15.44.27:432][399]LogSlate: New Slate User Created.  User Index 1, Is Virtual User: 0
[2019.01.06-15.44.27:432][399]LogSlate: Slate User Registered.  User Index 1, Is Virtual User: 0
[2019.01.06-15.44.34:912][260]LogBlueprintUserMessages: Early EndPlayMap Detection: Level '/Game/StarterContent/Maps/Minimal_Default.Minimal_Default:PersistentLevel' has LevelScriptBlueprint '/Game/StarterContent/Maps/Minimal_Default.Minimal_Default:PersistentLevel.Minimal_Default' with GeneratedClass '/Game/StarterContent/Maps/Minimal_Default.Minimal_Default_C' with ClassGeneratedBy '/Game/StarterContent/Maps/Minimal_Default.Minimal_Default:PersistentLevel.Minimal_Default'
[2019.01.06-15.44.34:921][260]LogSlate: Updating window title bar state: overlay mode, drag disabled, window buttons hidden, title bar hidden
[2019.01.06-15.44.34:959][260]LogPlayLevel: Display: Shutting down PIE online subsystems
[2019.01.06-15.44.34:959][260]LogBlueprintUserMessages: Late EndPlayMap Detection: Level '/Game/StarterContent/Maps/Minimal_Default.Minimal_Default:PersistentLevel' has LevelScriptBlueprint '/Game/StarterContent/Maps/Minimal_Default.Minimal_Default:PersistentLevel.Minimal_Default' with GeneratedClass '/Game/StarterContent/Maps/Minimal_Default.Minimal_Default_C' with ClassGeneratedBy '/Game/StarterContent/Maps/Minimal_Default.Minimal_Default:PersistentLevel.Minimal_Default'
[2019.01.06-15.44.34:989][260]LogSlate: Updating window title bar state: overlay mode, drag disabled, window buttons hidden, title bar hidden
[2019.01.06-15.44.35:030][261]LogPlayLevel: Display: Destroying online subsystem :Context_1
[2019.01.06-15.44.36:702][450]LogSlate: FSceneViewport::OnFocusLost() reason 0
[2019.01.06-15.44.36:734][454]LogTemp: Repeating last play command: Selected Viewport
[2019.01.06-15.44.36:748][454]LogBlueprintUserMessages: Early PlayInEditor Detection: Level '/Game/StarterContent/Maps/Minimal_Default.Minimal_Default:PersistentLevel' has LevelScriptBlueprint '/Game/StarterContent/Maps/Minimal_Default.Minimal_Default:PersistentLevel.Minimal_Default' with GeneratedClass '/Game/StarterContent/Maps/Minimal_Default.Minimal_Default_C' with ClassGeneratedBy '/Game/StarterContent/Maps/Minimal_Default.Minimal_Default:PersistentLevel.Minimal_Default'
[2019.01.06-15.44.36:749][454]LogPlayLevel: PlayLevel: No blueprints needed recompiling
[2019.01.06-15.44.36:749][454]PIE: New page: PIE session: Minimal_Default (Jan 6, 2019, 3:44:36 PM)
[2019.01.06-15.44.36:749][454]LogPlayLevel: Creating play world package: /Game/StarterContent/Maps/UEDPIE_0_Minimal_Default
[2019.01.06-15.44.36:752][454]LogPlayLevel: PIE: StaticDuplicateObject took: (0.002783s)
[2019.01.06-15.44.36:753][454]LogAIModule: Creating AISystem for world Minimal_Default
[2019.01.06-15.44.36:753][454]LogPlayLevel: PIE: World Init took: (0.000927s)
[2019.01.06-15.44.36:753][454]LogPlayLevel: PIE: Created PIE world by copying editor world from /Game/StarterContent/Maps/Minimal_Default.Minimal_Default to /Game/StarterContent/Maps/UEDPIE_0_Minimal_Default.Minimal_Default (0.004073s)
[2019.01.06-15.44.36:825][454]LogInit: XAudio2 using 'Headset Earphone (Razer ManO'War)' : 2 channels at 48 kHz using 16 bits per sample (channel mask 0x3)
[2019.01.06-15.44.36:886][454]LogInit: FAudioDevice initialized.
[2019.01.06-15.44.36:935][454]LogLoad: Game class is 'FightingGameMode_C'
[2019.01.06-15.44.36:936][454]LogWorld: Bringing World /Game/StarterContent/Maps/UEDPIE_0_Minimal_Default.Minimal_Default up for play (max tick rate 0) at 2019.01.06-15.44.36
[2019.01.06-15.44.36:936][454]LogWorld: Bringing up level for play took: 0.000864
[2019.01.06-15.44.36:951][454]PIE: Play in editor start time for /Game/StarterContent/Maps/UEDPIE_0_Minimal_Default 0.803
[2019.01.06-15.44.36:951][454]LogBlueprintUserMessages: Late PlayInEditor Detection: Level '/Game/StarterContent/Maps/Minimal_Default.Minimal_Default:PersistentLevel' has LevelScriptBlueprint '/Game/StarterContent/Maps/Minimal_Default.Minimal_Default:PersistentLevel.Minimal_Default' with GeneratedClass '/Game/StarterContent/Maps/Minimal_Default.Minimal_Default_C' with ClassGeneratedBy '/Game/StarterContent/Maps/Minimal_Default.Minimal_Default:PersistentLevel.Minimal_Default'
[2019.01.06-15.44.44:734][352]LogBlueprintUserMessages: Early EndPlayMap Detection: Level '/Game/StarterContent/Maps/Minimal_Default.Minimal_Default:PersistentLevel' has LevelScriptBlueprint '/Game/StarterContent/Maps/Minimal_Default.Minimal_Default:PersistentLevel.Minimal_Default' with GeneratedClass '/Game/StarterContent/Maps/Minimal_Default.Minimal_Default_C' with ClassGeneratedBy '/Game/StarterContent/Maps/Minimal_Default.Minimal_Default:PersistentLevel.Minimal_Default'
[2019.01.06-15.44.44:735][352]LogSlate: Updating window title bar state: overlay mode, drag disabled, window buttons hidden, title bar hidden
[2019.01.06-15.44.44:773][352]LogPlayLevel: Display: Shutting down PIE online subsystems
[2019.01.06-15.44.44:773][352]LogBlueprintUserMessages: Late EndPlayMap Detection: Level '/Game/StarterContent/Maps/Minimal_Default.Minimal_Default:PersistentLevel' has LevelScriptBlueprint '/Game/StarterContent/Maps/Minimal_Default.Minimal_Default:PersistentLevel.Minimal_Default' with GeneratedClass '/Game/StarterContent/Maps/Minimal_Default.Minimal_Default_C' with ClassGeneratedBy '/Game/StarterContent/Maps/Minimal_Default.Minimal_Default:PersistentLevel.Minimal_Default'
[2019.01.06-15.44.44:794][352]LogSlate: Updating window title bar state: overlay mode, drag disabled, window buttons hidden, title bar hidden
[2019.01.06-15.44.44:837][356]LogPlayLevel: Display: Destroying online subsystem :Context_2
[2019.01.06-15.44.46:342][525]LogSlate: FSceneViewport::OnFocusLost() reason 0
[2019.01.06-15.44.46:512][533]LogSlate: Window 'FightingGame - Unreal Editor' being destroyed
[2019.01.06-15.44.46:514][533]LogWindowsTextInputMethodSystem: Display: IME system now deactivated.
[2019.01.06-15.44.46:783][534]Cmd: QUIT_EDITOR
[2019.01.06-15.44.47:752][534]LogExit: Preparing to exit.
