Log file open, 11/23/18 19:38:34
LogWindows: Failed to load 'aqProf.dll' (GetLastError=126)
LogWindows: File 'aqProf.dll' does not exist
LogWindows: Failed to load 'VSPerf140.dll' (GetLastError=126)
LogWindows: File 'VSPerf140.dll' does not exist
LogWindows: Failed to load 'VtuneApi.dll' (GetLastError=126)
LogWindows: File 'VtuneApi.dll' does not exist
LogWindows: Failed to load 'VtuneApi32e.dll' (GetLastError=126)
LogWindows: File 'VtuneApi32e.dll' does not exist
LogInit: Display: Running engine for game: FightingGame
LogPlatformFile: Not using cached read wrapper
LogTaskGraph: Started task graph with 5 named threads and 23 total threads with 3 sets of task threads.
LogStats: Stats thread started at 0.442181
LogD3D11RHI: Loaded GFSDK_Aftermath_Lib.x64.dll
LogICUInternationalization: Display: ICU TimeZone Detection - Raw Offset: +0:00, Platform Override: ''
LogPluginManager: Mounting plugin Paper2D
LogPluginManager: Mounting plugin AISupport
LogPluginManager: Mounting plugin LightPropagationVolume
LogPluginManager: Mounting plugin CLionSourceCodeAccess
LogPluginManager: Mounting plugin CodeLiteSourceCodeAccess
LogPluginManager: Mounting plugin GitSourceControl
LogPluginManager: Mounting plugin KDevelopSourceCodeAccess
LogPluginManager: Mounting plugin NullSourceCodeAccess
LogPluginManager: Mounting plugin PerforceSourceControl
LogPluginManager: Mounting plugin SubversionSourceControl
LogPluginManager: Mounting plugin UObjectPlugin
LogPluginManager: Mounting plugin VisualStudioCodeSourceCodeAccess
LogPluginManager: Mounting plugin VisualStudioSourceCodeAccess
LogPluginManager: Mounting plugin XCodeSourceCodeAccess
LogPluginManager: Mounting plugin AssetManagerEditor
LogPluginManager: Mounting plugin CryptoKeys
LogPluginManager: Mounting plugin DataValidation
LogPluginManager: Mounting plugin FacialAnimation
LogPluginManager: Mounting plugin GameplayTagsEditor
LogPluginManager: Mounting plugin MacGraphicsSwitching
LogPluginManager: Mounting plugin MeshEditor
LogPluginManager: Mounting plugin MobileLauncherProfileWizard
LogPluginManager: Mounting plugin PluginBrowser
LogPluginManager: Mounting plugin SpeedTreeImporter
LogPluginManager: Mounting plugin DatasmithContent
LogPluginManager: Mounting plugin AlembicImporter
LogPluginManager: Mounting plugin AppleImageUtils
LogPluginManager: Mounting plugin AppleVision
LogPluginManager: Mounting plugin BackChannel
LogPluginManager: Mounting plugin CharacterAI
LogPluginManager: Mounting plugin GeometryCache
LogPluginManager: Mounting plugin HTML5Networking
LogPluginManager: Mounting plugin ProxyLODPlugin
LogPluginManager: Mounting plugin MagicLeap
LogPluginManager: Mounting plugin MagicLeapEmulator
LogPluginManager: Mounting plugin MagicLeapMedia
LogPluginManager: Mounting plugin AndroidMedia
LogPluginManager: Mounting plugin AvfMedia
LogPluginManager: Mounting plugin ImgMedia
LogPluginManager: Mounting plugin LinearTimecode
LogPluginManager: Mounting plugin MediaCompositing
LogPluginManager: Mounting plugin MediaPlayerEditor
LogPluginManager: Mounting plugin WmfMedia
LogPluginManager: Mounting plugin TcpMessaging
LogPluginManager: Mounting plugin UdpMessaging
LogPluginManager: Mounting plugin ActorSequence
LogPluginManager: Mounting plugin LevelSequenceEditor
LogPluginManager: Mounting plugin MatineeToLevelSequence
LogPluginManager: Mounting plugin NetcodeUnitTest
LogPluginManager: Mounting plugin NUTUnrealEngine4
LogPluginManager: Mounting plugin OnlineSubsystemGooglePlay
LogPluginManager: Mounting plugin OnlineSubsystemIOS
LogPluginManager: Mounting plugin OnlineSubsystem
LogPluginManager: Mounting plugin OnlineSubsystemNull
LogPluginManager: Mounting plugin OnlineSubsystemUtils
LogPluginManager: Mounting plugin LauncherChunkInstaller
LogPluginManager: Mounting plugin AndroidDeviceProfileSelector
LogPluginManager: Mounting plugin AndroidMoviePlayer
LogPluginManager: Mounting plugin AndroidPermission
LogPluginManager: Mounting plugin AppleMoviePlayer
LogPluginManager: Mounting plugin ArchVisCharacter
LogPluginManager: Mounting plugin AudioCapture
LogPluginManager: Mounting plugin CableComponent
LogPluginManager: Mounting plugin CustomMeshComponent
LogPluginManager: Mounting plugin EditableMesh
LogPluginManager: Mounting plugin ExampleDeviceProfileSelector
LogPluginManager: Mounting plugin GoogleCloudMessaging
LogPluginManager: Mounting plugin ImmediatePhysics
LogPluginManager: Mounting plugin IOSDeviceProfileSelector
LogPluginManager: Mounting plugin LinuxDeviceProfileSelector
LogPluginManager: Mounting plugin LocationServicesBPLibrary
LogPluginManager: Mounting plugin MobilePatchingUtils
LogPluginManager: Mounting plugin OculusVR
LogPluginManager: Plugin shader directory ../../../Engine/Plugins/Runtime/Oculus/OculusVR/Shaders found
LogPluginManager: Mapping shader source directory ../../../Engine/Plugins/Runtime/Oculus/OculusVR/Shaders to virtual directory /Plugin/OculusVR
LogPluginManager: Mounting plugin PhysXVehicles
LogPluginManager: Mounting plugin ProceduralMeshComponent
LogPluginManager: Mounting plugin RuntimePhysXCooking
LogPluginManager: Mounting plugin SteamVR
LogPluginManager: Mounting plugin WindowsMoviePlayer
LogStreaming: Display: Took  0.281s to configure plugins.
LogInit: Using libcurl 7.55.1-DEV
LogInit:  - built for x86_64-pc-win32
LogInit:  - supports SSL with OpenSSL/1.0.2h
LogInit:  - supports HTTP deflate (compression) using libz 1.2.8
LogInit:  - other features:
LogInit:      CURL_VERSION_SSL
LogInit:      CURL_VERSION_LIBZ
LogInit:      CURL_VERSION_IPV6
LogInit:      CURL_VERSION_ASYNCHDNS
LogInit:      CURL_VERSION_LARGEFILE
LogInit:      CURL_VERSION_IDN
LogInit:  CurlRequestOptions (configurable via config and command line):
LogInit:  - bVerifyPeer = false  - Libcurl will NOT verify peer certificate
LogInit:  - bUseHttpProxy = false  - Libcurl will NOT use HTTP proxy
LogInit:  - bDontReuseConnections = false  - Libcurl will reuse connections
LogInit:  - CertBundlePath = nullptr  - Libcurl will use whatever was configured at build time.
LogInit:  - MaxHostConnections = 16  - Libcurl will limit the number of connections to a host
LogInit:  - LocalHostAddr = Default
LogInit:  - BufferSize = 65536
LogInit: WinSock: version 1.1 (2.2), MaxSocks=32767, MaxUdp=65467
LogInit: Build: ++UE4+Release-4.20-CL-4369336
LogInit: Engine Version: 4.20.3-4369336+++UE4+Release-4.20
LogInit: Compatible Engine Version: 4.20.0-4212847+++UE4+Release-4.20
LogInit: Net CL: 4212847
LogInit: OS: Windows 10 (), CPU: Intel(R) Xeon(R) CPU E5-1620 v3 @ 3.50GHz, GPU: NVIDIA GeForce GTX 970
LogInit: Compiled (64-bit): Sep 17 2018 12:26:19
LogInit: Compiled with Visual C++: 19.13.26129.00
LogInit: Build Configuration: Development
LogInit: Branch Name: ++UE4+Release-4.20
LogInit: Command Line:  -skipcompile
LogInit: Base Directory: C:/Epic/UE4/UE_4.20/Engine/Binaries/Win64/
LogInit: Installed Engine Build: 1
LogDevObjectVersion: Number of dev versions registered: 20
LogDevObjectVersion:   Dev-Blueprints (B0D832E4-1F89-4F0D-ACCF-7EB736FD4AA2): 10
LogDevObjectVersion:   Dev-Build (E1C64328-A22C-4D53-A36C-8E866417BD8C): 0
LogDevObjectVersion:   Dev-Core (375EC13C-06E4-48FB-B500-84F0262A717E): 2
LogDevObjectVersion:   Dev-Editor (E4B068ED-F494-42E9-A231-DA0B2E46BB41): 24
LogDevObjectVersion:   Dev-Framework (CFFC743F-43B0-4480-9391-14DF171D2073): 34
LogDevObjectVersion:   Dev-Mobile (B02B49B5-BB20-44E9-A304-32B752E40360): 2
LogDevObjectVersion:   Dev-Networking (A4E4105C-59A1-49B5-A7C5-40C4547EDFEE): 0
LogDevObjectVersion:   Dev-Online (39C831C9-5AE6-47DC-9A44-9C173E1C8E7C): 0
LogDevObjectVersion:   Dev-Physics (78F01B33-EBEA-4F98-B9B4-84EACCB95AA2): 0
LogDevObjectVersion:   Dev-Platform (6631380F-2D4D-43E0-8009-CF276956A95A): 0
LogDevObjectVersion:   Dev-Rendering (12F88B9F-8875-4AFC-A67C-D90C383ABD29): 26
LogDevObjectVersion:   Dev-Sequencer (7B5AE74C-D270-4C10-A958-57980B212A5A): 9
LogDevObjectVersion:   Dev-VR (D7296918-1DD6-4BDD-9DE2-64A83CC13884): 2
LogDevObjectVersion:   Dev-LoadTimes (C2A15278-BFE7-4AFE-6C17-90FF531DF755): 1
LogDevObjectVersion:   Private-Geometry (6EACA3D4-40EC-4CC1-B786-8BED09428FC5): 3
LogDevObjectVersion:   Dev-AnimPhys (29E575DD-E0A3-4627-9D10-D276232CDCEA): 17
LogDevObjectVersion:   Dev-ReflectionCapture (6B266CEC-1EC7-4B8F-A30B-E4D90942FC07): 1
LogDevObjectVersion:   Dev-Automation (0DF73D61-A23F-47EA-B727-89E90C41499A): 1
LogDevObjectVersion:   FortniteMain (601D1886-AC64-4F84-AA16-D3DE0DEAC7D6): 12
LogDevObjectVersion:   Dev-Enterprise (9DFFBCD6-494F-0158-E221-12823C92A888): 1
LogStreaming: Display: Took  0.016s to delete old logs.
LogInit: Presizing for max 8388607 objects, including 0 objects not considered by GC, pre-allocating 0 bytes for permanent pool.
LogInit: Object subsystem initialized
[2018.11.23-19.38.35:011][  0]LogInit: Selected Device Profile: [Windows]
[2018.11.23-19.38.35:011][  0]LogInit: Applying CVar settings loaded from the selected device profile: [Windows]
[2018.11.23-19.38.35:044][  0]LogHAL: Display: Platform has ~ 16 GB [17082683392 / 17179869184 / 16], which maps to Larger [LargestMinGB=32, LargerMinGB=12, DefaultMinGB=8, SmallerMinGB=6, SmallestMinGB=0)
[2018.11.23-19.38.35:044][  0]LogInit: Setting Device Profile CVar: [[r.Vulkan.UseRealUBs:1]]
[2018.11.23-19.38.35:044][  0]LogInit: Going up to parent DeviceProfile []
[2018.11.23-19.38.35:045][  0]LogInit: Computer: D120-08
[2018.11.23-19.38.35:045][  0]LogInit: User: c016193g
[2018.11.23-19.38.35:045][  0]LogInit: CPU Page size=4096, Cores=4
[2018.11.23-19.38.35:045][  0]LogInit: High frequency timer resolution =3.410073 MHz
[2018.11.23-19.38.35:045][  0]LogMemory: Memory total: Physical=15.9GB (16GB approx)
[2018.11.23-19.38.35:045][  0]LogMemory: Platform Memory Stats for Windows
[2018.11.23-19.38.35:046][  0]LogMemory: Process Physical Memory: 100.96 MB used, 100.96 MB peak
[2018.11.23-19.38.35:046][  0]LogMemory: Process Virtual Memory: 91.01 MB used, 91.01 MB peak
[2018.11.23-19.38.35:046][  0]LogMemory: Physical Memory: 6693.44 MB used,  9597.88 MB free, 16291.32 MB total
[2018.11.23-19.38.35:046][  0]LogMemory: Virtual Memory: 4640.09 MB used,  9597.88 MB free, 134217728.00 MB total
[2018.11.23-19.38.35:169][  0]LogInit: Using OS detected language (en-US).
[2018.11.23-19.38.35:169][  0]LogInit: Using OS detected locale (en-GB).
[2018.11.23-19.38.35:171][  0]LogTextLocalizationManager: No specific localization for 'en-US' exists, so the 'en' localization will be used.
[2018.11.23-19.38.35:589][  0]LogStreaming: Display: Took  0.419s to InitEngineTextLocalization.
[2018.11.23-19.38.35:589][  0]LogInit: Setting process to per monitor DPI aware
[2018.11.23-19.38.35:654][  0]LogSlate: New Slate User Created.  User Index 0, Is Virtual User: 0
[2018.11.23-19.38.35:654][  0]LogSlate: Slate User Registered.  User Index 0, Is Virtual User: 0
[2018.11.23-19.38.36:005][  0]LogHMD: Failed to initialize OpenVR with code 110
[2018.11.23-19.38.36:005][  0]LogD3D11RHI: D3D11 adapters:
[2018.11.23-19.38.36:091][  0]LogD3D11RHI:    0. 'NVIDIA GeForce GTX 970' (Feature Level 11_0)
[2018.11.23-19.38.36:091][  0]LogD3D11RHI:       4043/0/8145 MB DedicatedVideo/DedicatedSystem/SharedSystem, Outputs:2, VendorId:0x10de
[2018.11.23-19.38.36:098][  0]LogD3D11RHI:    1. 'Microsoft Basic Render Driver' (Feature Level 11_0)
[2018.11.23-19.38.36:098][  0]LogD3D11RHI:       0/0/8145 MB DedicatedVideo/DedicatedSystem/SharedSystem, Outputs:0, VendorId:0x1414
[2018.11.23-19.38.36:098][  0]LogD3D11RHI: Chosen D3D11 Adapter: 0
[2018.11.23-19.38.36:107][  0]LogD3D11RHI: Creating new Direct3DDevice
[2018.11.23-19.38.36:107][  0]LogD3D11RHI:     GPU DeviceId: 0x13c2 (for the marketing name, search the web for "GPU Device Id")
[2018.11.23-19.38.36:107][  0]LogWindows: EnumDisplayDevices:
[2018.11.23-19.38.36:108][  0]LogWindows:    0. 'NVIDIA GeForce GTX 970' (P:1 D:1)
[2018.11.23-19.38.36:108][  0]LogWindows:    1. 'NVIDIA GeForce GTX 970' (P:0 D:1)
[2018.11.23-19.38.36:109][  0]LogWindows:    2. 'NVIDIA GeForce GTX 970' (P:0 D:0)
[2018.11.23-19.38.36:109][  0]LogWindows:    3. 'NVIDIA GeForce GTX 970' (P:0 D:0)
[2018.11.23-19.38.36:109][  0]LogWindows: DebugString: FoundDriverCount:4 
[2018.11.23-19.38.36:109][  0]LogD3D11RHI:     Adapter Name: NVIDIA GeForce GTX 970
[2018.11.23-19.38.36:109][  0]LogD3D11RHI:   Driver Version: 398.82 (internal:24.21.13.9882, unified:398.82)
[2018.11.23-19.38.36:109][  0]LogD3D11RHI:      Driver Date: 7-30-2018
[2018.11.23-19.38.36:110][  0]LogRHI: Texture pool is 2830 MB (70% of 4043 MB)
[2018.11.23-19.38.36:158][  0]LogD3D11RHI: Async texture creation enabled
[2018.11.23-19.38.36:175][  0]LogD3D11RHI: GPU Timing Frequency: 1000.000000 (Debug: 2 2)
[2018.11.23-19.38.36:178][  0]LogShaderCompilers: Guid format shader working directory is -26 characters bigger than the processId version (../../../../../../Users/c016193g/Documents/GitHub/FightingGame/FightingGame/Intermediate/Shaders/WorkingDirectory/8632/).
[2018.11.23-19.38.36:179][  0]LogShaderCompilers: Cleaned the shader compiler working directory 'C:/Users/c016193g/AppData/Local/Temp/UnrealShaderWorkingDir/F09865EB49E009F2E226949A8188452C/'.
[2018.11.23-19.38.36:689][  0]LogTemp: Display: Loaded TP AllDesktopTargetPlatform
[2018.11.23-19.38.36:710][  0]LogTemp: Display: Loaded TP MacClientTargetPlatform
[2018.11.23-19.38.36:729][  0]LogTemp: Display: Loaded TP MacNoEditorTargetPlatform
[2018.11.23-19.38.36:748][  0]LogTemp: Display: Loaded TP MacServerTargetPlatform
[2018.11.23-19.38.36:772][  0]LogTemp: Display: Loaded TP MacTargetPlatform
[2018.11.23-19.38.36:792][  0]LogTemp: Display: Loaded TP WindowsClientTargetPlatform
[2018.11.23-19.38.36:813][  0]LogTemp: Display: Loaded TP WindowsNoEditorTargetPlatform
[2018.11.23-19.38.36:848][  0]LogTemp: Display: Loaded TP WindowsServerTargetPlatform
[2018.11.23-19.38.36:860][  0]LogTemp: Display: Loaded TP WindowsTargetPlatform
[2018.11.23-19.38.36:959][  0]LogTemp: Display: Loaded TP AndroidTargetPlatform
[2018.11.23-19.38.36:959][  0]LogTemp: Display: Loaded TP AndroidTargetPlatform
[2018.11.23-19.38.36:959][  0]LogTemp: Display: Loaded TP AndroidTargetPlatform
[2018.11.23-19.38.36:959][  0]LogTemp: Display: Loaded TP AndroidTargetPlatform
[2018.11.23-19.38.36:959][  0]LogTemp: Display: Loaded TP AndroidTargetPlatform
[2018.11.23-19.38.36:960][  0]LogTemp: Display: Loaded TP AndroidTargetPlatform
[2018.11.23-19.38.36:960][  0]LogTemp: Display: Loaded TP AndroidTargetPlatform
[2018.11.23-19.38.36:960][  0]LogTemp: Display: Loaded TP AndroidTargetPlatform
[2018.11.23-19.38.36:960][  0]LogTemp: Display: Loaded TP AndroidTargetPlatform
[2018.11.23-19.38.36:960][  0]LogTemp: Display: Loaded TP AndroidTargetPlatform
[2018.11.23-19.38.36:960][  0]LogTemp: Display: Loaded TP AndroidTargetPlatform
[2018.11.23-19.38.36:960][  0]LogTemp: Display: Loaded TP AndroidTargetPlatform
[2018.11.23-19.38.36:960][  0]LogTemp: Display: Loaded TP AndroidTargetPlatform
[2018.11.23-19.38.36:960][  0]LogTemp: Display: Loaded TP AndroidTargetPlatform
[2018.11.23-19.38.36:960][  0]LogTemp: Display: Loaded TP AndroidTargetPlatform
[2018.11.23-19.38.36:960][  0]LogTemp: Display: Loaded TP AndroidTargetPlatform
[2018.11.23-19.38.36:960][  0]LogTemp: Display: Loaded TP AndroidTargetPlatform
[2018.11.23-19.38.36:960][  0]LogTemp: Display: Loaded TP AndroidTargetPlatform
[2018.11.23-19.38.36:965][  0]LogTemp: Display: Loaded TP HTML5TargetPlatform
[2018.11.23-19.38.37:044][  0]LogTemp: Display: Loaded TP IOSTargetPlatform
[2018.11.23-19.38.37:044][  0]LogTemp: Display: Loaded TP IOSTargetPlatform
[2018.11.23-19.38.37:075][  0]LogTemp: Display: Loaded TP TVOSTargetPlatform
[2018.11.23-19.38.37:075][  0]LogTemp: Display: Loaded TP TVOSTargetPlatform
[2018.11.23-19.38.37:095][  0]LogTemp: Display: Loaded TP LinuxClientTargetPlatform
[2018.11.23-19.38.37:113][  0]LogTemp: Display: Loaded TP LinuxNoEditorTargetPlatform
[2018.11.23-19.38.37:129][  0]LogTemp: Display: Loaded TP LinuxServerTargetPlatform
[2018.11.23-19.38.37:148][  0]LogTemp: Display: Loaded TP LinuxTargetPlatform
[2018.11.23-19.38.37:161][  0]LogTemp: Display: Loaded TP LuminTargetPlatform
[2018.11.23-19.38.37:161][  0]LogTargetPlatformManager: Display: Building Assets For Windows
[2018.11.23-19.38.37:331][  0]LogXGEController: Cleaning working directory: C:/Users/c016193g/AppData/Local/Temp/UnrealXGEWorkingDir/
[2018.11.23-19.38.37:331][  0]LogXGEController: Cannot use XGE Controller as Incredibuild is not installed on this machine.
[2018.11.23-19.38.37:331][  0]LogShaderCompilers: Cannot use XGE Shader Compiler as Incredibuild is not installed on this machine.
[2018.11.23-19.38.37:331][  0]LogShaderCompilers: Display: Using Local Shader Compiler.
[2018.11.23-19.38.38:552][  0]LogDerivedDataCache: Display: Max Cache Size: 512 MB
[2018.11.23-19.38.38:654][  0]LogDerivedDataCache: Loaded boot cache 0.10s 71MB C:/Users/c016193g/AppData/Local/UnrealEngine/4.20/DerivedDataCache/Boot.ddc.
[2018.11.23-19.38.38:655][  0]LogDerivedDataCache: Display: Loaded Boot cache: C:/Users/c016193g/AppData/Local/UnrealEngine/4.20/DerivedDataCache/Boot.ddc
[2018.11.23-19.38.38:655][  0]LogDerivedDataCache: FDerivedDataBackendGraph:  Pak pak cache file ../../../../../../Users/c016193g/Documents/GitHub/FightingGame/FightingGame/DerivedDataCache/DDC.ddp not found, will not use a pak cache.
[2018.11.23-19.38.38:655][  0]LogDerivedDataCache: Unable to find inner node Pak for hierarchical cache Hierarchy.
[2018.11.23-19.38.38:655][  0]LogDerivedDataCache: FDerivedDataBackendGraph:  CompressedPak pak cache file ../../../../../../Users/c016193g/Documents/GitHub/FightingGame/FightingGame/DerivedDataCache/Compressed.ddp not found, will not use a pak cache.
[2018.11.23-19.38.38:655][  0]LogDerivedDataCache: Unable to find inner node CompressedPak for hierarchical cache Hierarchy.
[2018.11.23-19.38.38:669][  0]LogDerivedDataCache: Display: Pak cache opened for reading ../../../Engine/DerivedDataCache/Compressed.ddp.
[2018.11.23-19.38.38:683][  0]LogDerivedDataCache: Using Local data cache path C:/Users/c016193g/AppData/Local/UnrealEngine/Common/DerivedDataCache: Writable
[2018.11.23-19.38.38:683][  0]LogDerivedDataCache: Shared data cache path not found in *engine.ini, will not use an Shared cache.
[2018.11.23-19.38.38:683][  0]LogDerivedDataCache: Unable to find inner node Shared for hierarchical cache Hierarchy.
[2018.11.23-19.38.38:706][  0]LogMaterial: Verifying Global Shaders for PCD3D_SM5
[2018.11.23-19.38.38:708][  0]LogSlate: Using FreeType 2.6.0
[2018.11.23-19.38.38:710][  0]LogSlate: SlateFontServices - WITH_FREETYPE: 1, WITH_HARFBUZZ: 1
[2018.11.23-19.38.38:811][  0]LogAssetRegistry: FAssetRegistry took 0.0314 seconds to start up
[2018.11.23-19.38.39:267][  0]LogInit: Selected Device Profile: [Windows]
[2018.11.23-19.38.39:490][  0]LogSimplygon: Simplygon DLL not present - disabling.
[2018.11.23-19.38.39:504][  0]LogMeshReduction: Using SimplygonSwarm for distributed automatic mesh merging
[2018.11.23-19.38.39:504][  0]LogMeshReduction: Using ProxyLODMeshReduction for automatic mesh merging
[2018.11.23-19.38.39:504][  0]LogMeshReduction: Using QuadricMeshReduction for automatic static mesh reduction
[2018.11.23-19.38.39:504][  0]LogMeshReduction: No automatic skeletal mesh reduction module available
[2018.11.23-19.38.39:530][  0]LogNetVersion: FightingGame 1.0.0, NetCL: 4212847, EngineNetVer: 5, GameNetVer: 0 (Checksum: 156865789)
[2018.11.23-19.38.40:275][  0]LogPackageLocalizationCache: Processed 11 localized package path(s) for 2 prioritized culture(s) in 0.198364 seconds
[2018.11.23-19.38.40:286][  0]LogUObjectArray: 38425 objects as part of root set at end of initial load.
[2018.11.23-19.38.40:287][  0]LogUObjectAllocator: 6690872 out of 0 bytes used by permanent object pool.
[2018.11.23-19.38.40:287][  0]LogUObjectArray: CloseDisregardForGC: 0/0 objects in disregard for GC pool
[2018.11.23-19.38.41:604][  0]LogTcpMessaging: Initializing TcpMessaging bridge
[2018.11.23-19.38.41:623][  0]LogUdpMessaging: Initializing bridge on interface 0.0.0.0:0 to multicast group 230.0.0.1:6666.
[2018.11.23-19.38.41:885][  0]SourceControl: Source control is disabled
[2018.11.23-19.38.41:885][  0]SourceControl: Source control is disabled
[2018.11.23-19.38.41:889][  0]SourceControl: Source control is disabled
[2018.11.23-19.38.41:893][  0]SourceControl: Source control is disabled
[2018.11.23-19.38.42:235][  0]LogAndroidPermission: UAndroidPermissionCallbackProxy::GetInstance
[2018.11.23-19.38.42:346][  0]LogOcInput: OculusInput pre-init called
[2018.11.23-19.38.42:428][  0]LogEngine: Initializing Engine...
[2018.11.23-19.38.42:429][  0]LogHMD: Failed to initialize OpenVR with code 110
[2018.11.23-19.38.42:431][  0]LogStats: UGameplayTagsManager::ConstructGameplayTagTree: ImportINI prefixes -  0.000 s
[2018.11.23-19.38.42:431][  0]LogStats: UGameplayTagsManager::ConstructGameplayTagTree: Construct from data asset -  0.000 s
[2018.11.23-19.38.42:431][  0]LogStats: UGameplayTagsManager::ConstructGameplayTagTree: ImportINI -  0.000 s
[2018.11.23-19.38.42:431][  0]LogStats: UGameplayTagsManager::ConstructGameplayTagTree: GameplayTagTreeChangedEvent.Broadcast -  0.000 s
[2018.11.23-19.38.42:674][  0]LogInit: Initializing FReadOnlyCVARCache
[2018.11.23-19.38.42:709][  0]LogAIModule: Creating AISystem for world Untitled
[2018.11.23-19.38.42:724][  0]LogInit: XAudio2 using 'Speakers (Realtek High Definition Audio)' : 2 channels at 48 kHz using 32 bits per sample (channel mask 0x3)
[2018.11.23-19.38.42:771][  0]LogInit: FAudioDevice initialized.
[2018.11.23-19.38.42:772][  0]LogNetVersion: Set ProjectVersion to 1.0.0.0. Version Checksum will be recalculated on next use.
[2018.11.23-19.38.42:933][  0]LogDerivedDataCache: Saved boot cache 0.16s 71MB C:/Users/c016193g/AppData/Local/UnrealEngine/4.20/DerivedDataCache/Boot.ddc.
[2018.11.23-19.38.42:977][  0]LogInit: Texture streaming: Enabled
[2018.11.23-19.38.43:055][  0]LogEngineSessionManager: EngineSessionManager initialized
[2018.11.23-19.38.43:055][  0]LogEngineSessionManager: EngineSessionManager sent abnormal shutdown report. Type=Debugger, SessionId={173AE4F7-49B3-5D22-25C3-76A8380971DC}
[2018.11.23-19.38.43:089][  0]LogInit: Transaction tracking system initialized
[2018.11.23-19.38.43:158][  0]BlueprintLog: New page: Editor Load
[2018.11.23-19.38.43:373][  0]LocalizationService: Localization service is disabled
[2018.11.23-19.38.43:773][  0]LogCook: Display: Max memory allowance for cook 16384mb min free memory 0mb
[2018.11.23-19.38.43:774][  0]LogCook: Display: Mobile HDR setting 1
[2018.11.23-19.38.43:774][  0]LogGameplayTags: Display: UGameplayTagsManager::DoneAddingNativeTags. DelegateIsBound: 0
[2018.11.23-19.38.43:774][  0]LogStats: UGameplayTagsManager::ConstructGameplayTagTree: ImportINI prefixes -  0.000 s
[2018.11.23-19.38.43:774][  0]LogStats: UGameplayTagsManager::ConstructGameplayTagTree: Construct from data asset -  0.000 s
[2018.11.23-19.38.43:774][  0]LogStats: UGameplayTagsManager::ConstructGameplayTagTree: ImportINI -  0.000 s
[2018.11.23-19.38.43:774][  0]LogStats: UGameplayTagsManager::ConstructGameplayTagTree: GameplayTagTreeChangedEvent.Broadcast -  0.000 s
[2018.11.23-19.38.44:024][  0]LogFileCache: Scanning file cache for directory 'C:/Users/c016193g/Documents/GitHub/FightingGame/FightingGame/Content/' took 0.02s
[2018.11.23-19.38.44:024][  0]SourceControl: Source control is disabled
[2018.11.23-19.38.44:025][  0]Cmd: MAP LOAD FILE="../../../../../../Users/c016193g/Documents/GitHub/FightingGame/FightingGame/Content/StarterContent/Maps/Minimal_Default.umap" TEMPLATE=0 SHOWPROGRESS=1 FEATURELEVEL=3
[2018.11.23-19.38.44:026][  0]LightingResults: New page: Lighting Build
[2018.11.23-19.38.44:032][  0]MapCheck: New page: Map Check
[2018.11.23-19.38.44:032][  0]LightingResults: New page: Lighting Build
[2018.11.23-19.38.44:414][  0]LogAIModule: Creating AISystem for world Minimal_Default
[2018.11.23-19.38.44:425][  0]LogEditorServer: Finished looking for orphan Actors (0.000 secs)
[2018.11.23-19.38.44:448][  0]Cmd: MAP CHECKDEP NOCLEARLOG
[2018.11.23-19.38.44:654][  0]MapCheck: Map check complete: 0 Error(s), 0 Warning(s), took 204.945ms to complete.
[2018.11.23-19.38.44:654][  0]LogFileHelpers: Loading map 'Minimal_Default' took 0.629
[2018.11.23-19.38.44:810][  0]LogSlate: Updating window title bar state: overlay mode, drag disabled, window buttons hidden, title bar hidden
[2018.11.23-19.38.44:818][  0]LogSlate: Updating window title bar state: overlay mode, drag disabled, window buttons hidden, title bar hidden
[2018.11.23-19.38.44:826][  0]LogSlate: Updating window title bar state: overlay mode, drag disabled, window buttons hidden, title bar hidden
[2018.11.23-19.38.44:835][  0]LogSlate: Updating window title bar state: overlay mode, drag disabled, window buttons hidden, title bar hidden
[2018.11.23-19.38.44:851][  0]LogCollectionManager: Loaded 0 collections in 0.005299 seconds
[2018.11.23-19.38.44:906][  0]LogFileCache: Scanning file cache for directory 'C:/Users/c016193g/Documents/GitHub/FightingGame/FightingGame/Saved/Collections/' took 0.01s
[2018.11.23-19.38.44:906][  0]LogFileCache: Scanning file cache for directory 'C:/Users/c016193g/Documents/GitHub/FightingGame/FightingGame/Content/Developers/c016193g/Collections/' took 0.01s
[2018.11.23-19.38.44:906][  0]LogFileCache: Scanning file cache for directory 'C:/Users/c016193g/Documents/GitHub/FightingGame/FightingGame/Content/Collections/' took 0.01s
[2018.11.23-19.38.44:906][  0]LogCollectionManager: Rebuilt the GUID cache for 0 collections in 0.000001 seconds
[2018.11.23-19.38.44:918][  0]LogContentBrowser: Native class hierarchy populated in 0.0116 seconds. Added 2575 classes and 605 folders.
[2018.11.23-19.38.44:930][  0]LogContentBrowser: Native class hierarchy updated for 'WidgetCarousel' in 0.0008 seconds. Added 0 classes and 0 folders.
[2018.11.23-19.38.45:061][  0]LogContentBrowser: Native class hierarchy updated for 'AddContentDialog' in 0.0011 seconds. Added 0 classes and 0 folders.
[2018.11.23-19.38.45:073][  0]LogContentBrowser: Native class hierarchy updated for 'SceneOutliner' in 0.0007 seconds. Added 1 classes and 2 folders.
[2018.11.23-19.38.45:093][  0]LogSlate: Took 0.000409 seconds to synchronously load lazily loaded font '../../../Engine/Content/Slate/Fonts/Roboto-Regular.ttf' (155K)
[2018.11.23-19.38.45:096][  0]LogSlate: Took 0.000302 seconds to synchronously load lazily loaded font '../../../Engine/Content/Slate/Fonts/Roboto-Bold.ttf' (160K)
[2018.11.23-19.38.45:105][  0]LogSlate: Took 0.000421 seconds to synchronously load lazily loaded font '../../../Engine/Content/Editor/Slate/Fonts/FontAwesome.ttf' (139K)
[2018.11.23-19.38.45:201][  0]LogRenderer: Reallocating scene render targets to support 1208x576 Format 10 NumSamples 1 (Frame:1).
[2018.11.23-19.38.45:319][  0]LogSlate: FSceneViewport::OnFocusLost() reason 2
[2018.11.23-19.38.45:340][  0]LogSlate: Window 'Tutorials' being destroyed
[2018.11.23-19.38.45:382][  0]LogContentBrowser: Native class hierarchy updated for 'HierarchicalLODOutliner' in 0.0008 seconds. Added 0 classes and 0 folders.
[2018.11.23-19.38.45:382][  0]LogLoad: (Engine Initialization) Total time: 14.00 seconds
[2018.11.23-19.38.45:382][  0]LogLoad: (Engine Initialization) Total Blueprint compile time: 0.00 seconds
[2018.11.23-19.38.45:394][  0]LogWindowsTextInputMethodSystem: Display: IME system now deactivated.
[2018.11.23-19.38.45:416][  0]LogContentStreaming: Texture pool size now 1000 MB
[2018.11.23-19.38.45:444][  0]LogSlate: Took 0.000250 seconds to synchronously load lazily loaded font '../../../Engine/Content/Slate/Fonts/Roboto-Light.ttf' (167K)
[2018.11.23-19.38.45:463][  1]LogAssetRegistry: Asset discovery search completed in 6.6763 seconds
[2018.11.23-19.38.45:466][  1]LogCollectionManager: Rebuilt the object cache for 0 collections in 0.000001 seconds (found 0 objects)
[2018.11.23-19.38.45:466][  1]LogCollectionManager: Fixed up redirectors for 0 collections in 0.000168 seconds (updated 0 objects)
[2018.11.23-19.38.48:137][310]LogSlate: FSceneViewport::OnFocusLost() reason 0
[2018.11.23-19.38.48:245][323]LogTemp: Repeating last play command: Selected Viewport
[2018.11.23-19.38.48:262][323]LogBlueprintUserMessages: Early PlayInEditor Detection: Level '/Game/StarterContent/Maps/Minimal_Default.Minimal_Default:PersistentLevel' has LevelScriptBlueprint '/Game/StarterContent/Maps/Minimal_Default.Minimal_Default:PersistentLevel.Minimal_Default' with GeneratedClass '/Game/StarterContent/Maps/Minimal_Default.Minimal_Default_C' with ClassGeneratedBy '/Game/StarterContent/Maps/Minimal_Default.Minimal_Default:PersistentLevel.Minimal_Default'
[2018.11.23-19.38.48:262][323]LogPlayLevel: PlayLevel: No blueprints needed recompiling
[2018.11.23-19.38.48:282][323]PIE: New page: PIE session: Minimal_Default (23 Nov 2018 19:38:48)
[2018.11.23-19.38.48:282][323]LogPlayLevel: Creating play world package: /Game/StarterContent/Maps/UEDPIE_1_Minimal_Default
[2018.11.23-19.38.48:287][323]LogPlayLevel: PIE: StaticDuplicateObject took: (0.004232s)
[2018.11.23-19.38.48:287][323]LogAIModule: Creating AISystem for world Minimal_Default
[2018.11.23-19.38.48:288][323]LogPlayLevel: PIE: World Init took: (0.000869s)
[2018.11.23-19.38.48:288][323]LogPlayLevel: PIE: Created PIE world by copying editor world from /Game/StarterContent/Maps/Minimal_Default.Minimal_Default to /Game/StarterContent/Maps/UEDPIE_1_Minimal_Default.Minimal_Default (0.005518s)
[2018.11.23-19.38.48:316][323]LogInit: XAudio2 using 'Speakers (Realtek High Definition Audio)' : 2 channels at 48 kHz using 32 bits per sample (channel mask 0x3)
[2018.11.23-19.38.48:332][323]LogInit: FAudioDevice initialized.
[2018.11.23-19.38.48:404][323]LogLoad: Game class is 'FightingGameMode_C'
[2018.11.23-19.38.48:407][323]LogWorld: Bringing World /Game/StarterContent/Maps/UEDPIE_1_Minimal_Default.Minimal_Default up for play (max tick rate 0) at 2018.11.23-19.38.48
[2018.11.23-19.38.48:407][323]LogWorld: Bringing up level for play took: 0.001114
[2018.11.23-19.38.48:430][323]LogContentBrowser: Native class hierarchy updated for 'MovieSceneCapture' in 0.0005 seconds. Added 10 classes and 0 folders.
[2018.11.23-19.38.48:431][323]LogTemp: Display: ParseSettings for GameNetDriver
[2018.11.23-19.38.48:431][323]LogTemp: Display: ParseSettings for IpNetDriver_0
[2018.11.23-19.38.48:431][323]LogTemp: Display: ParseSettings for GameNetDriver
[2018.11.23-19.38.48:432][323]LogNet: ReplicationDriverClass is null! Not using ReplicationDriver.
[2018.11.23-19.38.48:432][323]LogInit: WinSock: Socket queue 131072 / 131072
[2018.11.23-19.38.48:437][323]LogInit: WinSock: I am d120-08 (10.6.113.53:0)
[2018.11.23-19.38.48:437][323]PacketHandlerLog: Loaded PacketHandler component: Engine.EngineHandlerComponentFactory (StatelessConnectHandlerComponent)
[2018.11.23-19.38.48:437][323]LogNet: GameNetDriver IpNetDriver_0 IpNetDriver listening on port 17777
[2018.11.23-19.38.48:438][323]PIE: Play in editor start time for /Game/StarterContent/Maps/UEDPIE_1_Minimal_Default 0.979
[2018.11.23-19.38.48:444][323]PIE: New page: PIE session: Minimal_Default (23 Nov 2018 19:38:48)
[2018.11.23-19.38.48:452][323]LogSlate: FSceneViewport::OnFocusLost() reason 2
[2018.11.23-19.38.48:455][323]LogSlate: Updating window title bar state: overlay mode, drag disabled, window buttons hidden, title bar hidden
[2018.11.23-19.38.48:504][323]LogNet: Browse: 127.0.0.1:17777//Game/StarterContent/Maps/Minimal_Default
[2018.11.23-19.38.48:504][323]LogTemp: Display: ParseSettings for GameNetDriver
[2018.11.23-19.38.48:505][323]LogTemp: Display: ParseSettings for IpNetDriver_1
[2018.11.23-19.38.48:505][323]LogTemp: Display: ParseSettings for PendingNetDriver
[2018.11.23-19.38.48:505][323]LogInit: WinSock: Socket queue 32768 / 32768
[2018.11.23-19.38.48:506][323]PacketHandlerLog: Loaded PacketHandler component: Engine.EngineHandlerComponentFactory (StatelessConnectHandlerComponent)
[2018.11.23-19.38.48:507][323]LogNet: Game client on port 17777, rate 10000
[2018.11.23-19.38.48:510][323]PIE: Play in editor start time for /Game/StarterContent/Maps/Minimal_Default 1.051
[2018.11.23-19.38.48:519][323]LogBlueprintUserMessages: Late PlayInEditor Detection: Level '/Game/StarterContent/Maps/Minimal_Default.Minimal_Default:PersistentLevel' has LevelScriptBlueprint '/Game/StarterContent/Maps/Minimal_Default.Minimal_Default:PersistentLevel.Minimal_Default' with GeneratedClass '/Game/StarterContent/Maps/Minimal_Default.Minimal_Default_C' with ClassGeneratedBy '/Game/StarterContent/Maps/Minimal_Default.Minimal_Default:PersistentLevel.Minimal_Default'
[2018.11.23-19.38.48:519][323]LogNet: NotifyAcceptingConnection accepted from: 127.0.0.1:64300
[2018.11.23-19.38.48:519][323]LogHandshake: SendConnectChallenge. Timestamp: 0.008334, Cookie: 167191105199185182191193197115231065004151059093076059148200
[2018.11.23-19.38.48:527][323]LogHandshake: SendChallengeResponse. Timestamp: 0.008334, Cookie: 167191105199185182191193197115231065004151059093076059148200
[2018.11.23-19.38.48:594][324]LogNet: NotifyAcceptingConnection accepted from: 127.0.0.1:64300
[2018.11.23-19.38.48:594][324]LogHandshake: SendChallengeAck. InCookie: 167191105199185182191193197115231065004151059093076059148200
[2018.11.23-19.38.48:594][324]LogNet: Server accepting post-challenge connection from: 127.0.0.1:64300
[2018.11.23-19.38.48:595][324]PacketHandlerLog: Loaded PacketHandler component: Engine.EngineHandlerComponentFactory (StatelessConnectHandlerComponent)
[2018.11.23-19.38.48:595][324]LogNet: NotifyAcceptedConnection: Name: Minimal_Default, TimeStamp: 11/23/18 19:38:48, [UNetConnection] RemoteAddr: 127.0.0.1:64300, Name: IpConnection_1, Driver: GameNetDriver IpNetDriver_0, IsServer: YES, PC: NULL, Owner: NULL, UniqueId: INVALID
[2018.11.23-19.38.48:596][324]LogNet: AddClientConnection: Added client connection: [UNetConnection] RemoteAddr: 127.0.0.1:64300, Name: IpConnection_1, Driver: GameNetDriver IpNetDriver_0, IsServer: YES, PC: NULL, Owner: NULL, UniqueId: INVALID
[2018.11.23-19.38.48:597][324]LogNetVersion: FightingGame 1.0.0.0, NetCL: 4212847, EngineNetVer: 5, GameNetVer: 0 (Checksum: 4124689447)
[2018.11.23-19.38.48:597][324]LogNet: UPendingNetGame::SendInitialJoin: Sending hello. [UNetConnection] RemoteAddr: 127.0.0.1:17777, Name: IpConnection_0, Driver: PendingNetDriver IpNetDriver_1, IsServer: NO, PC: NULL, Owner: NULL, UniqueId: INVALID
[2018.11.23-19.38.48:614][325]LogNet: NotifyAcceptingChannel Control 0 server World /Game/StarterContent/Maps/UEDPIE_1_Minimal_Default.Minimal_Default: Accepted
[2018.11.23-19.38.48:614][325]LogNet: Remote platform little endian=1
[2018.11.23-19.38.48:614][325]LogNet: This platform little endian=1
[2018.11.23-19.38.48:636][326]LogNet: Login request: /Game/StarterContent/Maps/Minimal_Default?Name=d120-08-E4BF3108481F17419E2522A83B8DE96F userId: d120-08-E4BF3108481F17419E2522A83B8DE96F
[2018.11.23-19.38.48:637][326]LogNet: Welcomed by server (Level: /Game/StarterContent/Maps/UEDPIE_1_Minimal_Default, Game: /Game/FightingGameMode.FightingGameMode_C)
[2018.11.23-19.38.48:637][326]LogLoad: LoadMap: 127.0.0.1:17777//Game/StarterContent/Maps/UEDPIE_1_Minimal_Default?game=/Game/FightingGameMode.FightingGameMode_C
[2018.11.23-19.38.48:665][326]LogAIModule: Creating AISystem for world Minimal_Default
[2018.11.23-19.38.48:666][326]LogTemp: Display: ParseSettings for GameNetDriver
[2018.11.23-19.38.48:667][326]LogWorld: Bringing World /Game/StarterContent/Maps/UEDPIE_2_Minimal_Default.Minimal_Default up for play (max tick rate 0) at 2018.11.23-19.38.48
[2018.11.23-19.38.48:667][326]LogWorld: Bringing up level for play took: 0.000816
[2018.11.23-19.38.48:668][326]LogLoad: Took 0.030358 seconds to LoadMap(/Game/StarterContent/Maps/UEDPIE_1_Minimal_Default)
[2018.11.23-19.38.48:682][327]LogRenderer: Reallocating scene render targets to support 1280x720 Format 10 NumSamples 1 (Frame:1).
[2018.11.23-19.38.48:683][327]LogNet: Client netspeed is 10000
[2018.11.23-19.38.48:683][327]LogNet: Join request: /Game/StarterContent/Maps/Minimal_Default?Name=d120-08-E4BF3108481F17419E2522A83B8DE96F?SplitscreenCount=1
[2018.11.23-19.38.48:684][327]LogOnline: Warning: OSS: No game present to join for session (GameSession)
[2018.11.23-19.38.48:686][327]LogNet: Join succeeded: d120-08-E4BF3108481F
[2018.11.23-19.38.48:746][332]LogOnline: Warning: OSS: No game present to join for session (GameSession)
[2018.11.23-19.38.48:768][334]LogOnline: Warning: OSS: No game present to join for session (GameSession)
[2018.11.23-19.38.57:366][343]LogSlate: FSceneViewport::OnFocusLost() reason 2
[2018.11.23-19.39.00:117][623]LogEditorViewport: Clicking on Actor (LMB): TestPlayer_C (TestPlayer1)
[2018.11.23-19.39.04:673][ 31]LogEditorViewport: Clicking on Actor (LMB): TestPlayer_C (TestPlayer)
[2018.11.23-19.39.09:248][442]LogEditorViewport: Clicking on Actor (LMB): TestPlayer_C (TestPlayer1)
[2018.11.23-19.39.12:678][769]LogEditorViewport: Clicking on Actor (LMB): BP_Sky_Sphere_C (BP_Sky_Sphere)
[2018.11.23-19.39.13:461][831]LogEditorViewport: Clicking on Actor (LMB): TestPlayer_C (TestPlayer1)
[2018.11.23-19.39.29:363][438]LogSlate: FSceneViewport::OnFocusLost() reason 0
[2018.11.23-19.39.29:451][448]LogBlueprintUserMessages: Early EndPlayMap Detection: Level '/Game/StarterContent/Maps/Minimal_Default.Minimal_Default:PersistentLevel' has LevelScriptBlueprint '/Game/StarterContent/Maps/Minimal_Default.Minimal_Default:PersistentLevel.Minimal_Default' with GeneratedClass '/Game/StarterContent/Maps/Minimal_Default.Minimal_Default_C' with ClassGeneratedBy '/Game/StarterContent/Maps/Minimal_Default.Minimal_Default:PersistentLevel.Minimal_Default'
[2018.11.23-19.39.29:451][448]LogSlate: Updating window title bar state: overlay mode, drag disabled, window buttons hidden, title bar hidden
[2018.11.23-19.39.29:469][448]LogSlate: Window 'FightingGame Game Preview Client 1 (64-bit/PCD3D_SM5)' being destroyed
[2018.11.23-19.39.29:503][448]LogOnline: Warning: OSS: No game present to leave for session (GameSession)
[2018.11.23-19.39.29:503][448]LogSlate: Updating window title bar state: overlay mode, drag disabled, window buttons hidden, title bar hidden
[2018.11.23-19.39.29:540][448]LogPlayLevel: Display: Shutting down PIE online subsystems
[2018.11.23-19.39.29:541][448]LogBlueprintUserMessages: Late EndPlayMap Detection: Level '/Game/StarterContent/Maps/Minimal_Default.Minimal_Default:PersistentLevel' has LevelScriptBlueprint '/Game/StarterContent/Maps/Minimal_Default.Minimal_Default:PersistentLevel.Minimal_Default' with GeneratedClass '/Game/StarterContent/Maps/Minimal_Default.Minimal_Default_C' with ClassGeneratedBy '/Game/StarterContent/Maps/Minimal_Default.Minimal_Default:PersistentLevel.Minimal_Default'
[2018.11.23-19.39.29:568][448]LogNet: UChannel::CleanUp: ChIndex == 0. Closing connection. [UChannel] ChIndex: 0, Closing: 0 [UNetConnection] RemoteAddr: 127.0.0.1:64300, Name: IpConnection_1, Driver: GameNetDriver IpNetDriver_0, IsServer: YES, PC: PlayerController_1, Owner: PlayerController_1, UniqueId: NULL:d120-08-E4BF3108481F17419E2522A83B8DE96F
[2018.11.23-19.39.29:568][448]LogNet: UNetConnection::Close: [UNetConnection] RemoteAddr: 127.0.0.1:64300, Name: IpConnection_1, Driver: GameNetDriver IpNetDriver_0, IsServer: YES, PC: PlayerController_1, Owner: PlayerController_1, UniqueId: NULL:d120-08-E4BF3108481F17419E2522A83B8DE96F, Channels: 2, Time: 2018.11.23-19.39.29
[2018.11.23-19.39.29:569][448]LogNet: UChannel::Close: Sending CloseBunch. ChIndex == 0. Name: [UChannel] ChIndex: 0, Closing: 0 [UNetConnection] RemoteAddr: 127.0.0.1:64300, Name: IpConnection_1, Driver: GameNetDriver IpNetDriver_0, IsServer: YES, PC: PlayerController_1, Owner: PlayerController_1, UniqueId: NULL:d120-08-E4BF3108481F17419E2522A83B8DE96F
[2018.11.23-19.39.29:569][448]LogNet: UChannel::CleanUp: ChIndex == 0. Closing connection. [UChannel] ChIndex: 0, Closing: 0 [UNetConnection] RemoteAddr: 127.0.0.1:17777, Name: IpConnection_0, Driver: GameNetDriver IpNetDriver_1, IsServer: NO, PC: None, Owner: None, UniqueId: NULL:d120-08-E4BF3108481F17419E2522A83B8DE96F
[2018.11.23-19.39.29:569][448]LogNet: UNetConnection::Close: [UNetConnection] RemoteAddr: 127.0.0.1:17777, Name: IpConnection_0, Driver: GameNetDriver IpNetDriver_1, IsServer: NO, PC: None, Owner: None, UniqueId: NULL:d120-08-E4BF3108481F17419E2522A83B8DE96F, Channels: 2, Time: 2018.11.23-19.39.29
[2018.11.23-19.39.29:569][448]LogNet: UChannel::Close: Sending CloseBunch. ChIndex == 0. Name: [UChannel] ChIndex: 0, Closing: 0 [UNetConnection] RemoteAddr: 127.0.0.1:17777, Name: IpConnection_0, Driver: GameNetDriver IpNetDriver_1, IsServer: NO, PC: None, Owner: None, UniqueId: NULL:d120-08-E4BF3108481F17419E2522A83B8DE96F
[2018.11.23-19.39.29:574][448]LogSlate: Updating window title bar state: overlay mode, drag disabled, window buttons hidden, title bar hidden
[2018.11.23-19.39.29:575][448]LogExit: GameNetDriver None shut down
[2018.11.23-19.39.29:575][448]LogExit: GameNetDriver None shut down
[2018.11.23-19.39.29:594][449]LogPlayLevel: Display: Destroying online subsystem :Context_2
[2018.11.23-19.39.29:594][449]LogPlayLevel: Display: Destroying online subsystem :Context_1
[2018.11.23-19.39.32:081][724]LogSlate: FSceneViewport::OnFocusLost() reason 0
[2018.11.23-19.39.32:222][740]LogSlate: Took 0.000235 seconds to synchronously load lazily loaded font '../../../Engine/Content/Slate/Fonts/Roboto-Light.ttf' (167K)
[2018.11.23-19.39.32:231][740]LogAssetEditorManager: Opening Asset editor for Blueprint /Game/TestPlayer.TestPlayer
[2018.11.23-19.39.33:631][740]LogContentBrowser: Native class hierarchy updated for 'BlueprintGraph' in 0.0023 seconds. Added 116 classes and 0 folders.
[2018.11.23-19.39.35:849][740]LogSlate: Took 0.020349 seconds to synchronously load lazily loaded font '../../../Engine/Content/Slate/Fonts/Roboto-BoldCondensed.ttf' (158K)
[2018.11.23-19.39.47:530][105]LogAssetEditorManager: Opening Asset editor for Class /Script/FightingGame.Player_Base
[2018.11.23-19.40.32:279][644]LogAssetEditorManager: Opening Asset editor for Class /Script/FightingGame.Player_Base
[2018.11.23-19.40.32:462][644]LogVSAccessor: Warning: Couldn't goto line number '1' in 'C:/Users/c016193g/Documents/GitHub/FightingGame/FightingGame/Source/FightingGame/Player_Base.cpp'
[2018.11.23-19.40.41:473][529]LogSlate: Took 0.020320 seconds to synchronously load lazily loaded font '../../../Engine/Content/Slate/Fonts/Roboto-Italic.ttf' (157K)
[2018.11.23-19.40.52:213][527]LogSlate: FSceneViewport::OnFocusLost() reason 0
[2018.11.23-19.40.54:674][782]LogTemp: Repeating last play command: Selected Viewport
[2018.11.23-19.40.54:694][782]LogBlueprintUserMessages: Early PlayInEditor Detection: Level '/Game/StarterContent/Maps/Minimal_Default.Minimal_Default:PersistentLevel' has LevelScriptBlueprint '/Game/StarterContent/Maps/Minimal_Default.Minimal_Default:PersistentLevel.Minimal_Default' with GeneratedClass '/Game/StarterContent/Maps/Minimal_Default.Minimal_Default_C' with ClassGeneratedBy '/Game/StarterContent/Maps/Minimal_Default.Minimal_Default:PersistentLevel.Minimal_Default'
[2018.11.23-19.40.54:694][782]BlueprintLog: New page: Pre-Play auto-recompile
[2018.11.23-19.40.54:696][782]LogPlayLevel: [PlayLevel] Compiling TestPlayer before play...
[2018.11.23-19.40.54:966][782]LogPlayLevel: PlayLevel: Blueprint regeneration took 271 ms (1 blueprints)
[2018.11.23-19.40.54:972][782]PIE: New page: PIE session: Minimal_Default (23 Nov 2018 19:40:54)
[2018.11.23-19.40.54:973][782]LogPlayLevel: Creating play world package: /Game/StarterContent/Maps/UEDPIE_1_Minimal_Default
[2018.11.23-19.40.54:979][782]LogPlayLevel: PIE: StaticDuplicateObject took: (0.006512s)
[2018.11.23-19.40.54:981][782]LogAIModule: Creating AISystem for world Minimal_Default
[2018.11.23-19.40.54:982][782]LogPlayLevel: PIE: World Init took: (0.002080s)
[2018.11.23-19.40.54:982][782]LogPlayLevel: PIE: Created PIE world by copying editor world from /Game/StarterContent/Maps/Minimal_Default.Minimal_Default to /Game/StarterContent/Maps/UEDPIE_1_Minimal_Default.Minimal_Default (0.009183s)
[2018.11.23-19.40.55:019][782]LogInit: XAudio2 using 'Speakers (Realtek High Definition Audio)' : 2 channels at 48 kHz using 32 bits per sample (channel mask 0x3)
[2018.11.23-19.40.55:035][782]LogInit: FAudioDevice initialized.
[2018.11.23-19.40.55:075][782]LogLoad: Game class is 'FightingGameMode_C'
[2018.11.23-19.40.55:078][782]LogWorld: Bringing World /Game/StarterContent/Maps/UEDPIE_1_Minimal_Default.Minimal_Default up for play (max tick rate 0) at 2018.11.23-19.40.55
[2018.11.23-19.40.55:079][782]LogWorld: Bringing up level for play took: 0.001837
[2018.11.23-19.40.55:095][782]LogTemp: Display: ParseSettings for GameNetDriver
[2018.11.23-19.40.55:095][782]LogTemp: Display: ParseSettings for IpNetDriver_2
[2018.11.23-19.40.55:095][782]LogTemp: Display: ParseSettings for GameNetDriver
[2018.11.23-19.40.55:096][782]LogNet: ReplicationDriverClass is null! Not using ReplicationDriver.
[2018.11.23-19.40.55:096][782]LogInit: WinSock: Socket queue 131072 / 131072
[2018.11.23-19.40.55:097][782]PacketHandlerLog: Loaded PacketHandler component: Engine.EngineHandlerComponentFactory (StatelessConnectHandlerComponent)
[2018.11.23-19.40.55:097][782]LogNet: GameNetDriver IpNetDriver_2 IpNetDriver listening on port 17777
[2018.11.23-19.40.55:099][782]PIE: Play in editor start time for /Game/StarterContent/Maps/UEDPIE_1_Minimal_Default -0.362
[2018.11.23-19.40.55:111][782]PIE: New page: PIE session: Minimal_Default (23 Nov 2018 19:40:55)
[2018.11.23-19.40.55:128][782]LogSlate: FSceneViewport::OnFocusLost() reason 2
[2018.11.23-19.40.55:136][782]LogSlate: Updating window title bar state: overlay mode, drag disabled, window buttons hidden, title bar hidden
[2018.11.23-19.40.55:192][782]LogNet: Browse: 127.0.0.1:17777//Game/StarterContent/Maps/Minimal_Default
[2018.11.23-19.40.55:192][782]LogTemp: Display: ParseSettings for GameNetDriver
[2018.11.23-19.40.55:193][782]LogTemp: Display: ParseSettings for IpNetDriver_3
[2018.11.23-19.40.55:193][782]LogTemp: Display: ParseSettings for PendingNetDriver
[2018.11.23-19.40.55:193][782]LogInit: WinSock: Socket queue 32768 / 32768
[2018.11.23-19.40.55:194][782]PacketHandlerLog: Loaded PacketHandler component: Engine.EngineHandlerComponentFactory (StatelessConnectHandlerComponent)
[2018.11.23-19.40.55:194][782]LogNet: Game client on port 17777, rate 10000
[2018.11.23-19.40.55:200][782]PIE: Play in editor start time for /Game/StarterContent/Maps/Minimal_Default -0.26
[2018.11.23-19.40.55:211][782]LogBlueprintUserMessages: Late PlayInEditor Detection: Level '/Game/StarterContent/Maps/Minimal_Default.Minimal_Default:PersistentLevel' has LevelScriptBlueprint '/Game/StarterContent/Maps/Minimal_Default.Minimal_Default:PersistentLevel.Minimal_Default' with GeneratedClass '/Game/StarterContent/Maps/Minimal_Default.Minimal_Default_C' with ClassGeneratedBy '/Game/StarterContent/Maps/Minimal_Default.Minimal_Default:PersistentLevel.Minimal_Default'
[2018.11.23-19.40.55:211][782]LogNet: NotifyAcceptingConnection accepted from: 127.0.0.1:52421
[2018.11.23-19.40.55:212][782]LogHandshake: SendConnectChallenge. Timestamp: 0.008335, Cookie: 235022184128043141149156142096180221079151114010039231002201
[2018.11.23-19.40.55:213][782]LogHandshake: SendChallengeResponse. Timestamp: 0.008335, Cookie: 235022184128043141149156142096180221079151114010039231002201
[2018.11.23-19.40.55:278][783]LogNet: NotifyAcceptingConnection accepted from: 127.0.0.1:52421
[2018.11.23-19.40.55:278][783]LogHandshake: SendChallengeAck. InCookie: 235022184128043141149156142096180221079151114010039231002201
[2018.11.23-19.40.55:279][783]LogNet: Server accepting post-challenge connection from: 127.0.0.1:52421
[2018.11.23-19.40.55:279][783]PacketHandlerLog: Loaded PacketHandler component: Engine.EngineHandlerComponentFactory (StatelessConnectHandlerComponent)
[2018.11.23-19.40.55:280][783]LogNet: NotifyAcceptedConnection: Name: Minimal_Default, TimeStamp: 11/23/18 19:40:55, [UNetConnection] RemoteAddr: 127.0.0.1:52421, Name: IpConnection_3, Driver: GameNetDriver IpNetDriver_2, IsServer: YES, PC: NULL, Owner: NULL, UniqueId: INVALID
[2018.11.23-19.40.55:280][783]LogNet: AddClientConnection: Added client connection: [UNetConnection] RemoteAddr: 127.0.0.1:52421, Name: IpConnection_3, Driver: GameNetDriver IpNetDriver_2, IsServer: YES, PC: NULL, Owner: NULL, UniqueId: INVALID
[2018.11.23-19.40.55:281][783]LogNet: UPendingNetGame::SendInitialJoin: Sending hello. [UNetConnection] RemoteAddr: 127.0.0.1:17777, Name: IpConnection_2, Driver: PendingNetDriver IpNetDriver_3, IsServer: NO, PC: NULL, Owner: NULL, UniqueId: INVALID
[2018.11.23-19.40.55:303][784]LogNet: NotifyAcceptingChannel Control 0 server World /Game/StarterContent/Maps/UEDPIE_1_Minimal_Default.Minimal_Default: Accepted
[2018.11.23-19.40.55:303][784]LogNet: Remote platform little endian=1
[2018.11.23-19.40.55:303][784]LogNet: This platform little endian=1
[2018.11.23-19.40.55:324][785]LogNet: Login request: /Game/StarterContent/Maps/Minimal_Default?Name=d120-08-F74CB4A644225738C5010CB71D076BC9 userId: d120-08-F74CB4A644225738C5010CB71D076BC9
[2018.11.23-19.40.55:325][785]LogNet: Welcomed by server (Level: /Game/StarterContent/Maps/UEDPIE_1_Minimal_Default, Game: /Game/FightingGameMode.FightingGameMode_C)
[2018.11.23-19.40.55:325][785]LogLoad: LoadMap: 127.0.0.1:17777//Game/StarterContent/Maps/UEDPIE_1_Minimal_Default?game=/Game/FightingGameMode.FightingGameMode_C
[2018.11.23-19.40.55:361][785]LogAIModule: Creating AISystem for world Minimal_Default
[2018.11.23-19.40.55:362][785]LogTemp: Display: ParseSettings for GameNetDriver
[2018.11.23-19.40.55:364][785]LogWorld: Bringing World /Game/StarterContent/Maps/UEDPIE_2_Minimal_Default.Minimal_Default up for play (max tick rate 0) at 2018.11.23-19.40.55
[2018.11.23-19.40.55:364][785]LogWorld: Bringing up level for play took: 0.001578
[2018.11.23-19.40.55:365][785]LogLoad: Took 0.039557 seconds to LoadMap(/Game/StarterContent/Maps/UEDPIE_1_Minimal_Default)
[2018.11.23-19.40.55:382][786]LogNet: Client netspeed is 10000
[2018.11.23-19.40.55:382][786]LogNet: Join request: /Game/StarterContent/Maps/Minimal_Default?Name=d120-08-F74CB4A644225738C5010CB71D076BC9?SplitscreenCount=1
[2018.11.23-19.40.55:383][786]LogOnline: Warning: OSS: No game present to join for session (GameSession)
[2018.11.23-19.40.55:385][786]LogNet: Join succeeded: d120-08-F74CB4A64422
[2018.11.23-19.40.55:420][789]LogOnline: Warning: OSS: No game present to join for session (GameSession)
[2018.11.23-19.40.55:437][791]LogOnline: Warning: OSS: No game present to join for session (GameSession)
[2018.11.23-19.41.00:069][327]LogSlate: FSceneViewport::OnFocusLost() reason 2
[2018.11.23-19.41.01:970][512]LogEditorViewport: Clicking on Actor (LMB): TestPlayer_C (TestPlayer1)
[2018.11.23-19.41.11:381][495]LogSlate: FSceneViewport::OnFocusLost() reason 0
[2018.11.23-19.41.23:376][815]LogSlate: FSceneViewport::OnFocusLost() reason 0
[2018.11.23-19.41.30:716][621]LogEditorViewport: Clicking on Actor (LMB): BP_Sky_Sphere_C (BP_Sky_Sphere)
[2018.11.23-19.41.34:825][ 17]LogSlate: FSceneViewport::OnFocusLost() reason 0
[2018.11.23-19.41.34:908][ 26]LogBlueprintUserMessages: Early EndPlayMap Detection: Level '/Game/StarterContent/Maps/Minimal_Default.Minimal_Default:PersistentLevel' has LevelScriptBlueprint '/Game/StarterContent/Maps/Minimal_Default.Minimal_Default:PersistentLevel.Minimal_Default' with GeneratedClass '/Game/StarterContent/Maps/Minimal_Default.Minimal_Default_C' with ClassGeneratedBy '/Game/StarterContent/Maps/Minimal_Default.Minimal_Default:PersistentLevel.Minimal_Default'
[2018.11.23-19.41.34:908][ 26]LogSlate: Updating window title bar state: overlay mode, drag disabled, window buttons hidden, title bar hidden
[2018.11.23-19.41.34:928][ 26]LogSlate: Window 'FightingGame Game Preview Client 1 (64-bit/PCD3D_SM5)' being destroyed
[2018.11.23-19.41.34:961][ 26]LogOnline: Warning: OSS: No game present to leave for session (GameSession)
[2018.11.23-19.41.34:961][ 26]LogSlate: Updating window title bar state: overlay mode, drag disabled, window buttons hidden, title bar hidden
[2018.11.23-19.41.35:001][ 26]LogPlayLevel: Display: Shutting down PIE online subsystems
[2018.11.23-19.41.35:001][ 26]LogBlueprintUserMessages: Late EndPlayMap Detection: Level '/Game/StarterContent/Maps/Minimal_Default.Minimal_Default:PersistentLevel' has LevelScriptBlueprint '/Game/StarterContent/Maps/Minimal_Default.Minimal_Default:PersistentLevel.Minimal_Default' with GeneratedClass '/Game/StarterContent/Maps/Minimal_Default.Minimal_Default_C' with ClassGeneratedBy '/Game/StarterContent/Maps/Minimal_Default.Minimal_Default:PersistentLevel.Minimal_Default'
[2018.11.23-19.41.35:045][ 26]LogNet: UChannel::CleanUp: ChIndex == 0. Closing connection. [UChannel] ChIndex: 0, Closing: 0 [UNetConnection] RemoteAddr: 127.0.0.1:52421, Name: IpConnection_3, Driver: GameNetDriver IpNetDriver_2, IsServer: YES, PC: None, Owner: None, UniqueId: NULL:d120-08-F74CB4A644225738C5010CB71D076BC9
[2018.11.23-19.41.35:045][ 26]LogNet: UNetConnection::Close: [UNetConnection] RemoteAddr: 127.0.0.1:52421, Name: IpConnection_3, Driver: GameNetDriver IpNetDriver_2, IsServer: YES, PC: None, Owner: None, UniqueId: NULL:d120-08-F74CB4A644225738C5010CB71D076BC9, Channels: 2, Time: 2018.11.23-19.41.35
[2018.11.23-19.41.35:045][ 26]LogNet: UChannel::Close: Sending CloseBunch. ChIndex == 0. Name: [UChannel] ChIndex: 0, Closing: 0 [UNetConnection] RemoteAddr: 127.0.0.1:52421, Name: IpConnection_3, Driver: GameNetDriver IpNetDriver_2, IsServer: YES, PC: None, Owner: None, UniqueId: NULL:d120-08-F74CB4A644225738C5010CB71D076BC9
[2018.11.23-19.41.35:045][ 26]LogNet: UChannel::CleanUp: ChIndex == 0. Closing connection. [UChannel] ChIndex: 0, Closing: 0 [UNetConnection] RemoteAddr: 127.0.0.1:17777, Name: IpConnection_2, Driver: GameNetDriver IpNetDriver_3, IsServer: NO, PC: None, Owner: None, UniqueId: NULL:d120-08-F74CB4A644225738C5010CB71D076BC9
[2018.11.23-19.41.35:046][ 26]LogNet: UNetConnection::Close: [UNetConnection] RemoteAddr: 127.0.0.1:17777, Name: IpConnection_2, Driver: GameNetDriver IpNetDriver_3, IsServer: NO, PC: None, Owner: None, UniqueId: NULL:d120-08-F74CB4A644225738C5010CB71D076BC9, Channels: 2, Time: 2018.11.23-19.41.35
[2018.11.23-19.41.35:046][ 26]LogNet: UChannel::Close: Sending CloseBunch. ChIndex == 0. Name: [UChannel] ChIndex: 0, Closing: 0 [UNetConnection] RemoteAddr: 127.0.0.1:17777, Name: IpConnection_2, Driver: GameNetDriver IpNetDriver_3, IsServer: NO, PC: None, Owner: None, UniqueId: NULL:d120-08-F74CB4A644225738C5010CB71D076BC9
[2018.11.23-19.41.35:050][ 26]LogSlate: Updating window title bar state: overlay mode, drag disabled, window buttons hidden, title bar hidden
[2018.11.23-19.41.35:051][ 26]LogExit: GameNetDriver None shut down
[2018.11.23-19.41.35:051][ 26]LogExit: GameNetDriver None shut down
[2018.11.23-19.41.35:067][ 27]LogPlayLevel: Display: Destroying online subsystem :Context_8
[2018.11.23-19.41.35:067][ 27]LogPlayLevel: Display: Destroying online subsystem :Context_7
[2018.11.23-19.42.09:707][608]LogSlate: FSceneViewport::OnFocusLost() reason 0
[2018.11.23-19.42.19:730][654]LogSlate: FSceneViewport::OnFocusLost() reason 0
[2018.11.23-19.42.19:813][664]LogTemp: Repeating last play command: Selected Viewport
[2018.11.23-19.42.19:834][664]LogBlueprintUserMessages: Early PlayInEditor Detection: Level '/Game/StarterContent/Maps/Minimal_Default.Minimal_Default:PersistentLevel' has LevelScriptBlueprint '/Game/StarterContent/Maps/Minimal_Default.Minimal_Default:PersistentLevel.Minimal_Default' with GeneratedClass '/Game/StarterContent/Maps/Minimal_Default.Minimal_Default_C' with ClassGeneratedBy '/Game/StarterContent/Maps/Minimal_Default.Minimal_Default:PersistentLevel.Minimal_Default'
[2018.11.23-19.42.19:835][664]BlueprintLog: New page: Pre-Play auto-recompile
[2018.11.23-19.42.19:837][664]LogPlayLevel: [PlayLevel] Compiling TestPlayer before play...
[2018.11.23-19.42.19:981][664]LogPlayLevel: PlayLevel: Blueprint regeneration took 145 ms (1 blueprints)
[2018.11.23-19.42.19:987][664]PIE: New page: PIE session: Minimal_Default (23 Nov 2018 19:42:19)
[2018.11.23-19.42.19:987][664]LogPlayLevel: Creating play world package: /Game/StarterContent/Maps/UEDPIE_1_Minimal_Default
[2018.11.23-19.42.19:990][664]LogPlayLevel: PIE: StaticDuplicateObject took: (0.003155s)
[2018.11.23-19.42.19:991][664]LogAIModule: Creating AISystem for world Minimal_Default
[2018.11.23-19.42.19:991][664]LogPlayLevel: PIE: World Init took: (0.000859s)
[2018.11.23-19.42.19:991][664]LogPlayLevel: PIE: Created PIE world by copying editor world from /Game/StarterContent/Maps/Minimal_Default.Minimal_Default to /Game/StarterContent/Maps/UEDPIE_1_Minimal_Default.Minimal_Default (0.004349s)
[2018.11.23-19.42.20:024][664]LogInit: XAudio2 using 'Speakers (Realtek High Definition Audio)' : 2 channels at 48 kHz using 32 bits per sample (channel mask 0x3)
[2018.11.23-19.42.20:039][664]LogInit: FAudioDevice initialized.
[2018.11.23-19.42.20:076][664]LogLoad: Game class is 'FightingGameMode_C'
[2018.11.23-19.42.20:078][664]LogWorld: Bringing World /Game/StarterContent/Maps/UEDPIE_1_Minimal_Default.Minimal_Default up for play (max tick rate 0) at 2018.11.23-19.42.20
[2018.11.23-19.42.20:078][664]LogWorld: Bringing up level for play took: 0.000926
[2018.11.23-19.42.20:092][664]LogTemp: Display: ParseSettings for GameNetDriver
[2018.11.23-19.42.20:093][664]LogTemp: Display: ParseSettings for IpNetDriver_4
[2018.11.23-19.42.20:093][664]LogTemp: Display: ParseSettings for GameNetDriver
[2018.11.23-19.42.20:093][664]LogNet: ReplicationDriverClass is null! Not using ReplicationDriver.
[2018.11.23-19.42.20:093][664]LogInit: WinSock: Socket queue 131072 / 131072
[2018.11.23-19.42.20:093][664]PacketHandlerLog: Loaded PacketHandler component: Engine.EngineHandlerComponentFactory (StatelessConnectHandlerComponent)
[2018.11.23-19.42.20:093][664]LogNet: GameNetDriver IpNetDriver_4 IpNetDriver listening on port 17777
[2018.11.23-19.42.20:094][664]PIE: Play in editor start time for /Game/StarterContent/Maps/UEDPIE_1_Minimal_Default 0.633
[2018.11.23-19.42.20:099][664]PIE: New page: PIE session: Minimal_Default (23 Nov 2018 19:42:20)
[2018.11.23-19.42.20:107][664]LogSlate: FSceneViewport::OnFocusLost() reason 2
[2018.11.23-19.42.20:110][664]LogSlate: Updating window title bar state: overlay mode, drag disabled, window buttons hidden, title bar hidden
[2018.11.23-19.42.20:159][664]LogNet: Browse: 127.0.0.1:17777//Game/StarterContent/Maps/Minimal_Default
[2018.11.23-19.42.20:159][664]LogTemp: Display: ParseSettings for GameNetDriver
[2018.11.23-19.42.20:159][664]LogTemp: Display: ParseSettings for IpNetDriver_5
[2018.11.23-19.42.20:159][664]LogTemp: Display: ParseSettings for PendingNetDriver
[2018.11.23-19.42.20:159][664]LogInit: WinSock: Socket queue 32768 / 32768
[2018.11.23-19.42.20:160][664]PacketHandlerLog: Loaded PacketHandler component: Engine.EngineHandlerComponentFactory (StatelessConnectHandlerComponent)
[2018.11.23-19.42.20:160][664]LogNet: Game client on port 17777, rate 10000
[2018.11.23-19.42.20:164][664]PIE: Play in editor start time for /Game/StarterContent/Maps/Minimal_Default 0.703
[2018.11.23-19.42.20:172][664]LogBlueprintUserMessages: Late PlayInEditor Detection: Level '/Game/StarterContent/Maps/Minimal_Default.Minimal_Default:PersistentLevel' has LevelScriptBlueprint '/Game/StarterContent/Maps/Minimal_Default.Minimal_Default:PersistentLevel.Minimal_Default' with GeneratedClass '/Game/StarterContent/Maps/Minimal_Default.Minimal_Default_C' with ClassGeneratedBy '/Game/StarterContent/Maps/Minimal_Default.Minimal_Default:PersistentLevel.Minimal_Default'
[2018.11.23-19.42.20:173][664]LogNet: NotifyAcceptingConnection accepted from: 127.0.0.1:55570
[2018.11.23-19.42.20:173][664]LogHandshake: SendConnectChallenge. Timestamp: 0.008334, Cookie: 254004070250199134197033069007067200085041124001012110249111
[2018.11.23-19.42.20:174][664]LogHandshake: SendChallengeResponse. Timestamp: 0.008334, Cookie: 254004070250199134197033069007067200085041124001012110249111
[2018.11.23-19.42.20:228][665]LogNet: NotifyAcceptingConnection accepted from: 127.0.0.1:55570
[2018.11.23-19.42.20:228][665]LogHandshake: SendChallengeAck. InCookie: 254004070250199134197033069007067200085041124001012110249111
[2018.11.23-19.42.20:228][665]LogNet: Server accepting post-challenge connection from: 127.0.0.1:55570
[2018.11.23-19.42.20:229][665]PacketHandlerLog: Loaded PacketHandler component: Engine.EngineHandlerComponentFactory (StatelessConnectHandlerComponent)
[2018.11.23-19.42.20:229][665]LogNet: NotifyAcceptedConnection: Name: Minimal_Default, TimeStamp: 11/23/18 19:42:20, [UNetConnection] RemoteAddr: 127.0.0.1:55570, Name: IpConnection_5, Driver: GameNetDriver IpNetDriver_4, IsServer: YES, PC: NULL, Owner: NULL, UniqueId: INVALID
[2018.11.23-19.42.20:229][665]LogNet: AddClientConnection: Added client connection: [UNetConnection] RemoteAddr: 127.0.0.1:55570, Name: IpConnection_5, Driver: GameNetDriver IpNetDriver_4, IsServer: YES, PC: NULL, Owner: NULL, UniqueId: INVALID
[2018.11.23-19.42.20:230][665]LogNet: UPendingNetGame::SendInitialJoin: Sending hello. [UNetConnection] RemoteAddr: 127.0.0.1:17777, Name: IpConnection_4, Driver: PendingNetDriver IpNetDriver_5, IsServer: NO, PC: NULL, Owner: NULL, UniqueId: INVALID
[2018.11.23-19.42.20:251][666]LogNet: NotifyAcceptingChannel Control 0 server World /Game/StarterContent/Maps/UEDPIE_1_Minimal_Default.Minimal_Default: Accepted
[2018.11.23-19.42.20:251][666]LogNet: Remote platform little endian=1
[2018.11.23-19.42.20:251][666]LogNet: This platform little endian=1
[2018.11.23-19.42.20:275][667]LogNet: Login request: /Game/StarterContent/Maps/Minimal_Default?Name=d120-08-40FE7D484D3F1E1EE03A628D29891AC2 userId: d120-08-40FE7D484D3F1E1EE03A628D29891AC2
[2018.11.23-19.42.20:276][667]LogNet: Welcomed by server (Level: /Game/StarterContent/Maps/UEDPIE_1_Minimal_Default, Game: /Game/FightingGameMode.FightingGameMode_C)
[2018.11.23-19.42.20:276][667]LogLoad: LoadMap: 127.0.0.1:17777//Game/StarterContent/Maps/UEDPIE_1_Minimal_Default?game=/Game/FightingGameMode.FightingGameMode_C
[2018.11.23-19.42.20:310][667]LogAIModule: Creating AISystem for world Minimal_Default
[2018.11.23-19.42.20:310][667]LogTemp: Display: ParseSettings for GameNetDriver
[2018.11.23-19.42.20:311][667]LogWorld: Bringing World /Game/StarterContent/Maps/UEDPIE_2_Minimal_Default.Minimal_Default up for play (max tick rate 0) at 2018.11.23-19.42.20
[2018.11.23-19.42.20:312][667]LogWorld: Bringing up level for play took: 0.000906
[2018.11.23-19.42.20:312][667]LogLoad: Took 0.035668 seconds to LoadMap(/Game/StarterContent/Maps/UEDPIE_1_Minimal_Default)
[2018.11.23-19.42.20:324][668]LogNet: Client netspeed is 10000
[2018.11.23-19.42.20:324][668]LogNet: Join request: /Game/StarterContent/Maps/Minimal_Default?Name=d120-08-40FE7D484D3F1E1EE03A628D29891AC2?SplitscreenCount=1
[2018.11.23-19.42.20:325][668]LogOnline: Warning: OSS: No game present to join for session (GameSession)
[2018.11.23-19.42.20:326][668]LogNet: Join succeeded: d120-08-40FE7D484D3F
[2018.11.23-19.42.20:372][673]LogOnline: Warning: OSS: No game present to join for session (GameSession)
[2018.11.23-19.42.20:397][676]LogOnline: Warning: OSS: No game present to join for session (GameSession)
[2018.11.23-19.42.26:719][431]LogBlueprintUserMessages: Early EndPlayMap Detection: Level '/Game/StarterContent/Maps/Minimal_Default.Minimal_Default:PersistentLevel' has LevelScriptBlueprint '/Game/StarterContent/Maps/Minimal_Default.Minimal_Default:PersistentLevel.Minimal_Default' with GeneratedClass '/Game/StarterContent/Maps/Minimal_Default.Minimal_Default_C' with ClassGeneratedBy '/Game/StarterContent/Maps/Minimal_Default.Minimal_Default:PersistentLevel.Minimal_Default'
[2018.11.23-19.42.26:719][431]LogSlate: Updating window title bar state: overlay mode, drag disabled, window buttons hidden, title bar hidden
[2018.11.23-19.42.26:736][431]LogSlate: Window 'FightingGame Game Preview Client 1 (64-bit/PCD3D_SM5)' being destroyed
[2018.11.23-19.42.26:769][431]LogOnline: Warning: OSS: No game present to leave for session (GameSession)
[2018.11.23-19.42.26:769][431]LogSlate: Updating window title bar state: overlay mode, drag disabled, window buttons hidden, title bar hidden
[2018.11.23-19.42.26:806][431]LogPlayLevel: Display: Shutting down PIE online subsystems
[2018.11.23-19.42.26:806][431]LogBlueprintUserMessages: Late EndPlayMap Detection: Level '/Game/StarterContent/Maps/Minimal_Default.Minimal_Default:PersistentLevel' has LevelScriptBlueprint '/Game/StarterContent/Maps/Minimal_Default.Minimal_Default:PersistentLevel.Minimal_Default' with GeneratedClass '/Game/StarterContent/Maps/Minimal_Default.Minimal_Default_C' with ClassGeneratedBy '/Game/StarterContent/Maps/Minimal_Default.Minimal_Default:PersistentLevel.Minimal_Default'
[2018.11.23-19.42.26:840][431]LogSlate: Updating window title bar state: overlay mode, drag disabled, window buttons hidden, title bar hidden
[2018.11.23-19.42.26:841][431]LogNet: UChannel::CleanUp: ChIndex == 0. Closing connection. [UChannel] ChIndex: 0, Closing: 0 [UNetConnection] RemoteAddr: 127.0.0.1:55570, Name: IpConnection_5, Driver: GameNetDriver IpNetDriver_4, IsServer: YES, PC: None, Owner: None, UniqueId: NULL:d120-08-40FE7D484D3F1E1EE03A628D29891AC2
[2018.11.23-19.42.26:841][431]LogNet: UNetConnection::Close: [UNetConnection] RemoteAddr: 127.0.0.1:55570, Name: IpConnection_5, Driver: GameNetDriver IpNetDriver_4, IsServer: YES, PC: None, Owner: None, UniqueId: NULL:d120-08-40FE7D484D3F1E1EE03A628D29891AC2, Channels: 2, Time: 2018.11.23-19.42.26
[2018.11.23-19.42.26:841][431]LogNet: UChannel::Close: Sending CloseBunch. ChIndex == 0. Name: [UChannel] ChIndex: 0, Closing: 0 [UNetConnection] RemoteAddr: 127.0.0.1:55570, Name: IpConnection_5, Driver: GameNetDriver IpNetDriver_4, IsServer: YES, PC: None, Owner: None, UniqueId: NULL:d120-08-40FE7D484D3F1E1EE03A628D29891AC2
[2018.11.23-19.42.26:841][431]LogNet: UChannel::CleanUp: ChIndex == 0. Closing connection. [UChannel] ChIndex: 0, Closing: 0 [UNetConnection] RemoteAddr: 127.0.0.1:17777, Name: IpConnection_4, Driver: GameNetDriver IpNetDriver_5, IsServer: NO, PC: None, Owner: None, UniqueId: NULL:d120-08-40FE7D484D3F1E1EE03A628D29891AC2
[2018.11.23-19.42.26:841][431]LogNet: UNetConnection::Close: [UNetConnection] RemoteAddr: 127.0.0.1:17777, Name: IpConnection_4, Driver: GameNetDriver IpNetDriver_5, IsServer: NO, PC: None, Owner: None, UniqueId: NULL:d120-08-40FE7D484D3F1E1EE03A628D29891AC2, Channels: 2, Time: 2018.11.23-19.42.26
[2018.11.23-19.42.26:841][431]LogNet: UChannel::Close: Sending CloseBunch. ChIndex == 0. Name: [UChannel] ChIndex: 0, Closing: 0 [UNetConnection] RemoteAddr: 127.0.0.1:17777, Name: IpConnection_4, Driver: GameNetDriver IpNetDriver_5, IsServer: NO, PC: None, Owner: None, UniqueId: NULL:d120-08-40FE7D484D3F1E1EE03A628D29891AC2
[2018.11.23-19.42.26:842][431]LogExit: GameNetDriver None shut down
[2018.11.23-19.42.26:842][431]LogExit: GameNetDriver None shut down
[2018.11.23-19.42.26:865][432]LogPlayLevel: Display: Destroying online subsystem :Context_10
[2018.11.23-19.42.26:865][432]LogPlayLevel: Display: Destroying online subsystem :Context_9
