Log file open, 11/23/18 19:13:04
LogWindows: Failed to load 'aqProf.dll' (GetLastError=126)
LogWindows: File 'aqProf.dll' does not exist
LogWindows: Failed to load 'VSPerf140.dll' (GetLastError=126)
LogWindows: File 'VSPerf140.dll' does not exist
LogWindows: Failed to load 'VtuneApi.dll' (GetLastError=126)
LogWindows: File 'VtuneApi.dll' does not exist
LogWindows: Failed to load 'VtuneApi32e.dll' (GetLastError=126)
LogWindows: File 'VtuneApi32e.dll' does not exist
LogInit: Display: Running engine for game: FightingGame
LogPlatformFile: Not using cached read wrapper
LogTaskGraph: Started task graph with 5 named threads and 23 total threads with 3 sets of task threads.
LogStats: Stats thread started at 0.791971
LogD3D11RHI: Loaded GFSDK_Aftermath_Lib.x64.dll
LogICUInternationalization: Display: ICU TimeZone Detection - Raw Offset: +0:00, Platform Override: ''
LogPluginManager: Mounting plugin Paper2D
LogPluginManager: Mounting plugin AISupport
LogPluginManager: Mounting plugin LightPropagationVolume
LogPluginManager: Mounting plugin CLionSourceCodeAccess
LogPluginManager: Mounting plugin CodeLiteSourceCodeAccess
LogPluginManager: Mounting plugin GitSourceControl
LogPluginManager: Mounting plugin KDevelopSourceCodeAccess
LogPluginManager: Mounting plugin NullSourceCodeAccess
LogPluginManager: Mounting plugin PerforceSourceControl
LogPluginManager: Mounting plugin SubversionSourceControl
LogPluginManager: Mounting plugin UObjectPlugin
LogPluginManager: Mounting plugin VisualStudioCodeSourceCodeAccess
LogPluginManager: Mounting plugin VisualStudioSourceCodeAccess
LogPluginManager: Mounting plugin XCodeSourceCodeAccess
LogPluginManager: Mounting plugin AssetManagerEditor
LogPluginManager: Mounting plugin CryptoKeys
LogPluginManager: Mounting plugin DataValidation
LogPluginManager: Mounting plugin FacialAnimation
LogPluginManager: Mounting plugin GameplayTagsEditor
LogPluginManager: Mounting plugin MacGraphicsSwitching
LogPluginManager: Mounting plugin MeshEditor
LogPluginManager: Mounting plugin MobileLauncherProfileWizard
LogPluginManager: Mounting plugin PluginBrowser
LogPluginManager: Mounting plugin SpeedTreeImporter
LogPluginManager: Mounting plugin DatasmithContent
LogPluginManager: Mounting plugin AlembicImporter
LogPluginManager: Mounting plugin AppleImageUtils
LogPluginManager: Mounting plugin AppleVision
LogPluginManager: Mounting plugin BackChannel
LogPluginManager: Mounting plugin CharacterAI
LogPluginManager: Mounting plugin GeometryCache
LogPluginManager: Mounting plugin HTML5Networking
LogPluginManager: Mounting plugin ProxyLODPlugin
LogPluginManager: Mounting plugin MagicLeap
LogPluginManager: Mounting plugin MagicLeapEmulator
LogPluginManager: Mounting plugin MagicLeapMedia
LogPluginManager: Mounting plugin AndroidMedia
LogPluginManager: Mounting plugin AvfMedia
LogPluginManager: Mounting plugin ImgMedia
LogPluginManager: Mounting plugin LinearTimecode
LogPluginManager: Mounting plugin MediaCompositing
LogPluginManager: Mounting plugin MediaPlayerEditor
LogPluginManager: Mounting plugin WmfMedia
LogPluginManager: Mounting plugin TcpMessaging
LogPluginManager: Mounting plugin UdpMessaging
LogPluginManager: Mounting plugin ActorSequence
LogPluginManager: Mounting plugin LevelSequenceEditor
LogPluginManager: Mounting plugin MatineeToLevelSequence
LogPluginManager: Mounting plugin NetcodeUnitTest
LogPluginManager: Mounting plugin NUTUnrealEngine4
LogPluginManager: Mounting plugin OnlineSubsystemGooglePlay
LogPluginManager: Mounting plugin OnlineSubsystemIOS
LogPluginManager: Mounting plugin OnlineSubsystem
LogPluginManager: Mounting plugin OnlineSubsystemNull
LogPluginManager: Mounting plugin OnlineSubsystemUtils
LogPluginManager: Mounting plugin LauncherChunkInstaller
LogPluginManager: Mounting plugin AndroidDeviceProfileSelector
LogPluginManager: Mounting plugin AndroidMoviePlayer
LogPluginManager: Mounting plugin AndroidPermission
LogPluginManager: Mounting plugin AppleMoviePlayer
LogPluginManager: Mounting plugin ArchVisCharacter
LogPluginManager: Mounting plugin AudioCapture
LogPluginManager: Mounting plugin CableComponent
LogPluginManager: Mounting plugin CustomMeshComponent
LogPluginManager: Mounting plugin EditableMesh
LogPluginManager: Mounting plugin ExampleDeviceProfileSelector
LogPluginManager: Mounting plugin GoogleCloudMessaging
LogPluginManager: Mounting plugin ImmediatePhysics
LogPluginManager: Mounting plugin IOSDeviceProfileSelector
LogPluginManager: Mounting plugin LinuxDeviceProfileSelector
LogPluginManager: Mounting plugin LocationServicesBPLibrary
LogPluginManager: Mounting plugin MobilePatchingUtils
LogPluginManager: Mounting plugin OculusVR
LogPluginManager: Plugin shader directory ../../../Engine/Plugins/Runtime/Oculus/OculusVR/Shaders found
LogPluginManager: Mapping shader source directory ../../../Engine/Plugins/Runtime/Oculus/OculusVR/Shaders to virtual directory /Plugin/OculusVR
LogPluginManager: Mounting plugin PhysXVehicles
LogPluginManager: Mounting plugin ProceduralMeshComponent
LogPluginManager: Mounting plugin RuntimePhysXCooking
LogPluginManager: Mounting plugin SteamVR
LogPluginManager: Mounting plugin WindowsMoviePlayer
LogStreaming: Display: Took  0.367s to configure plugins.
LogInit: Using libcurl 7.55.1-DEV
LogInit:  - built for x86_64-pc-win32
LogInit:  - supports SSL with OpenSSL/1.0.2h
LogInit:  - supports HTTP deflate (compression) using libz 1.2.8
LogInit:  - other features:
LogInit:      CURL_VERSION_SSL
LogInit:      CURL_VERSION_LIBZ
LogInit:      CURL_VERSION_IPV6
LogInit:      CURL_VERSION_ASYNCHDNS
LogInit:      CURL_VERSION_LARGEFILE
LogInit:      CURL_VERSION_IDN
LogInit:  CurlRequestOptions (configurable via config and command line):
LogInit:  - bVerifyPeer = false  - Libcurl will NOT verify peer certificate
LogInit:  - bUseHttpProxy = false  - Libcurl will NOT use HTTP proxy
LogInit:  - bDontReuseConnections = false  - Libcurl will reuse connections
LogInit:  - CertBundlePath = nullptr  - Libcurl will use whatever was configured at build time.
LogInit:  - MaxHostConnections = 16  - Libcurl will limit the number of connections to a host
LogInit:  - LocalHostAddr = Default
LogInit:  - BufferSize = 65536
LogInit: WinSock: version 1.1 (2.2), MaxSocks=32767, MaxUdp=65467
LogInit: Build: ++UE4+Release-4.20-CL-4369336
LogInit: Engine Version: 4.20.3-4369336+++UE4+Release-4.20
LogInit: Compatible Engine Version: 4.20.0-4212847+++UE4+Release-4.20
LogInit: Net CL: 4212847
LogInit: OS: Windows 10 (), CPU: Intel(R) Xeon(R) CPU E5-1620 v3 @ 3.50GHz, GPU: NVIDIA GeForce GTX 970
LogInit: Compiled (64-bit): Sep 17 2018 12:26:19
LogInit: Compiled with Visual C++: 19.13.26129.00
LogInit: Build Configuration: Development
LogInit: Branch Name: ++UE4+Release-4.20
LogInit: Command Line:  -skipcompile
LogInit: Base Directory: C:/Epic/UE4/UE_4.20/Engine/Binaries/Win64/
LogInit: Installed Engine Build: 1
LogDevObjectVersion: Number of dev versions registered: 20
LogDevObjectVersion:   Dev-Blueprints (B0D832E4-1F89-4F0D-ACCF-7EB736FD4AA2): 10
LogDevObjectVersion:   Dev-Build (E1C64328-A22C-4D53-A36C-8E866417BD8C): 0
LogDevObjectVersion:   Dev-Core (375EC13C-06E4-48FB-B500-84F0262A717E): 2
LogDevObjectVersion:   Dev-Editor (E4B068ED-F494-42E9-A231-DA0B2E46BB41): 24
LogDevObjectVersion:   Dev-Framework (CFFC743F-43B0-4480-9391-14DF171D2073): 34
LogDevObjectVersion:   Dev-Mobile (B02B49B5-BB20-44E9-A304-32B752E40360): 2
LogDevObjectVersion:   Dev-Networking (A4E4105C-59A1-49B5-A7C5-40C4547EDFEE): 0
LogDevObjectVersion:   Dev-Online (39C831C9-5AE6-47DC-9A44-9C173E1C8E7C): 0
LogDevObjectVersion:   Dev-Physics (78F01B33-EBEA-4F98-B9B4-84EACCB95AA2): 0
LogDevObjectVersion:   Dev-Platform (6631380F-2D4D-43E0-8009-CF276956A95A): 0
LogDevObjectVersion:   Dev-Rendering (12F88B9F-8875-4AFC-A67C-D90C383ABD29): 26
LogDevObjectVersion:   Dev-Sequencer (7B5AE74C-D270-4C10-A958-57980B212A5A): 9
LogDevObjectVersion:   Dev-VR (D7296918-1DD6-4BDD-9DE2-64A83CC13884): 2
LogDevObjectVersion:   Dev-LoadTimes (C2A15278-BFE7-4AFE-6C17-90FF531DF755): 1
LogDevObjectVersion:   Private-Geometry (6EACA3D4-40EC-4CC1-B786-8BED09428FC5): 3
LogDevObjectVersion:   Dev-AnimPhys (29E575DD-E0A3-4627-9D10-D276232CDCEA): 17
LogDevObjectVersion:   Dev-ReflectionCapture (6B266CEC-1EC7-4B8F-A30B-E4D90942FC07): 1
LogDevObjectVersion:   Dev-Automation (0DF73D61-A23F-47EA-B727-89E90C41499A): 1
LogDevObjectVersion:   FortniteMain (601D1886-AC64-4F84-AA16-D3DE0DEAC7D6): 12
LogDevObjectVersion:   Dev-Enterprise (9DFFBCD6-494F-0158-E221-12823C92A888): 1
LogStreaming: Display: Took  0.026s to delete old logs.
LogInit: Presizing for max 8388607 objects, including 0 objects not considered by GC, pre-allocating 0 bytes for permanent pool.
LogInit: Object subsystem initialized
[2018.11.23-19.13.06:175][  0]LogInit: Selected Device Profile: [Windows]
[2018.11.23-19.13.06:175][  0]LogInit: Applying CVar settings loaded from the selected device profile: [Windows]
[2018.11.23-19.13.06:209][  0]LogHAL: Display: Platform has ~ 16 GB [17082683392 / 17179869184 / 16], which maps to Larger [LargestMinGB=32, LargerMinGB=12, DefaultMinGB=8, SmallerMinGB=6, SmallestMinGB=0)
[2018.11.23-19.13.06:209][  0]LogInit: Setting Device Profile CVar: [[r.Vulkan.UseRealUBs:1]]
[2018.11.23-19.13.06:209][  0]LogInit: Going up to parent DeviceProfile []
[2018.11.23-19.13.06:230][  0]LogInit: Computer: D120-08
[2018.11.23-19.13.06:230][  0]LogInit: User: c016193g
[2018.11.23-19.13.06:230][  0]LogInit: CPU Page size=4096, Cores=4
[2018.11.23-19.13.06:230][  0]LogInit: High frequency timer resolution =3.410073 MHz
[2018.11.23-19.13.06:230][  0]LogMemory: Memory total: Physical=15.9GB (16GB approx)
[2018.11.23-19.13.06:230][  0]LogMemory: Platform Memory Stats for Windows
[2018.11.23-19.13.06:230][  0]LogMemory: Process Physical Memory: 100.96 MB used, 100.96 MB peak
[2018.11.23-19.13.06:230][  0]LogMemory: Process Virtual Memory: 90.93 MB used, 90.93 MB peak
[2018.11.23-19.13.06:230][  0]LogMemory: Physical Memory: 7135.36 MB used,  9155.95 MB free, 16291.32 MB total
[2018.11.23-19.13.06:230][  0]LogMemory: Virtual Memory: 4640.09 MB used,  9155.95 MB free, 134217728.00 MB total
[2018.11.23-19.13.07:671][  0]LogInit: Using OS detected language (en-US).
[2018.11.23-19.13.07:671][  0]LogInit: Using OS detected locale (en-GB).
[2018.11.23-19.13.07:677][  0]LogTextLocalizationManager: No specific localization for 'en-US' exists, so the 'en' localization will be used.
[2018.11.23-19.13.08:442][  0]LogStreaming: Display: Took  0.772s to InitEngineTextLocalization.
[2018.11.23-19.13.08:442][  0]LogInit: Setting process to per monitor DPI aware
[2018.11.23-19.13.08:670][  0]LogSlate: New Slate User Created.  User Index 0, Is Virtual User: 0
[2018.11.23-19.13.08:670][  0]LogSlate: Slate User Registered.  User Index 0, Is Virtual User: 0
[2018.11.23-19.13.14:460][  0]LogHMD: Failed to initialize OpenVR with code 110
[2018.11.23-19.13.14:461][  0]LogD3D11RHI: D3D11 adapters:
[2018.11.23-19.13.14:598][  0]LogD3D11RHI:    0. 'NVIDIA GeForce GTX 970' (Feature Level 11_0)
[2018.11.23-19.13.14:598][  0]LogD3D11RHI:       4043/0/8145 MB DedicatedVideo/DedicatedSystem/SharedSystem, Outputs:2, VendorId:0x10de
[2018.11.23-19.13.14:632][  0]LogD3D11RHI:    1. 'Microsoft Basic Render Driver' (Feature Level 11_0)
[2018.11.23-19.13.14:632][  0]LogD3D11RHI:       0/0/8145 MB DedicatedVideo/DedicatedSystem/SharedSystem, Outputs:0, VendorId:0x1414
[2018.11.23-19.13.14:632][  0]LogD3D11RHI: Chosen D3D11 Adapter: 0
[2018.11.23-19.13.14:643][  0]LogD3D11RHI: Creating new Direct3DDevice
[2018.11.23-19.13.14:643][  0]LogD3D11RHI:     GPU DeviceId: 0x13c2 (for the marketing name, search the web for "GPU Device Id")
[2018.11.23-19.13.14:643][  0]LogWindows: EnumDisplayDevices:
[2018.11.23-19.13.14:643][  0]LogWindows:    0. 'NVIDIA GeForce GTX 970' (P:1 D:1)
[2018.11.23-19.13.14:644][  0]LogWindows:    1. 'NVIDIA GeForce GTX 970' (P:0 D:1)
[2018.11.23-19.13.14:644][  0]LogWindows:    2. 'NVIDIA GeForce GTX 970' (P:0 D:0)
[2018.11.23-19.13.14:645][  0]LogWindows:    3. 'NVIDIA GeForce GTX 970' (P:0 D:0)
[2018.11.23-19.13.14:645][  0]LogWindows: DebugString: FoundDriverCount:4 
[2018.11.23-19.13.14:645][  0]LogD3D11RHI:     Adapter Name: NVIDIA GeForce GTX 970
[2018.11.23-19.13.14:645][  0]LogD3D11RHI:   Driver Version: 398.82 (internal:24.21.13.9882, unified:398.82)
[2018.11.23-19.13.14:645][  0]LogD3D11RHI:      Driver Date: 7-30-2018
[2018.11.23-19.13.14:645][  0]LogRHI: Texture pool is 2830 MB (70% of 4043 MB)
[2018.11.23-19.13.14:702][  0]LogD3D11RHI: Async texture creation enabled
[2018.11.23-19.13.14:720][  0]LogD3D11RHI: GPU Timing Frequency: 1000.000000 (Debug: 2 2)
[2018.11.23-19.13.14:725][  0]LogShaderCompilers: Guid format shader working directory is -27 characters bigger than the processId version (../../../../../../Users/c016193g/Documents/GitHub/FightingGame/FightingGame/Intermediate/Shaders/WorkingDirectory/17632/).
[2018.11.23-19.13.14:725][  0]LogShaderCompilers: Cleaned the shader compiler working directory 'C:/Users/c016193g/AppData/Local/Temp/UnrealShaderWorkingDir/50441D634C20D817BE1205AF133DB899/'.
[2018.11.23-19.13.15:153][  0]LogTemp: Display: Loaded TP AllDesktopTargetPlatform
[2018.11.23-19.13.15:188][  0]LogTemp: Display: Loaded TP MacClientTargetPlatform
[2018.11.23-19.13.15:216][  0]LogTemp: Display: Loaded TP MacNoEditorTargetPlatform
[2018.11.23-19.13.15:244][  0]LogTemp: Display: Loaded TP MacServerTargetPlatform
[2018.11.23-19.13.15:313][  0]LogTemp: Display: Loaded TP MacTargetPlatform
[2018.11.23-19.13.15:345][  0]LogTemp: Display: Loaded TP WindowsClientTargetPlatform
[2018.11.23-19.13.15:398][  0]LogTemp: Display: Loaded TP WindowsNoEditorTargetPlatform
[2018.11.23-19.13.15:419][  0]LogTemp: Display: Loaded TP WindowsServerTargetPlatform
[2018.11.23-19.13.15:443][  0]LogTemp: Display: Loaded TP WindowsTargetPlatform
[2018.11.23-19.13.15:571][  0]LogTemp: Display: Loaded TP AndroidTargetPlatform
[2018.11.23-19.13.15:571][  0]LogTemp: Display: Loaded TP AndroidTargetPlatform
[2018.11.23-19.13.15:572][  0]LogTemp: Display: Loaded TP AndroidTargetPlatform
[2018.11.23-19.13.15:572][  0]LogTemp: Display: Loaded TP AndroidTargetPlatform
[2018.11.23-19.13.15:572][  0]LogTemp: Display: Loaded TP AndroidTargetPlatform
[2018.11.23-19.13.15:572][  0]LogTemp: Display: Loaded TP AndroidTargetPlatform
[2018.11.23-19.13.15:572][  0]LogTemp: Display: Loaded TP AndroidTargetPlatform
[2018.11.23-19.13.15:572][  0]LogTemp: Display: Loaded TP AndroidTargetPlatform
[2018.11.23-19.13.15:572][  0]LogTemp: Display: Loaded TP AndroidTargetPlatform
[2018.11.23-19.13.15:572][  0]LogTemp: Display: Loaded TP AndroidTargetPlatform
[2018.11.23-19.13.15:572][  0]LogTemp: Display: Loaded TP AndroidTargetPlatform
[2018.11.23-19.13.15:572][  0]LogTemp: Display: Loaded TP AndroidTargetPlatform
[2018.11.23-19.13.15:572][  0]LogTemp: Display: Loaded TP AndroidTargetPlatform
[2018.11.23-19.13.15:572][  0]LogTemp: Display: Loaded TP AndroidTargetPlatform
[2018.11.23-19.13.15:572][  0]LogTemp: Display: Loaded TP AndroidTargetPlatform
[2018.11.23-19.13.15:572][  0]LogTemp: Display: Loaded TP AndroidTargetPlatform
[2018.11.23-19.13.15:572][  0]LogTemp: Display: Loaded TP AndroidTargetPlatform
[2018.11.23-19.13.15:572][  0]LogTemp: Display: Loaded TP AndroidTargetPlatform
[2018.11.23-19.13.15:584][  0]LogTemp: Display: Loaded TP HTML5TargetPlatform
[2018.11.23-19.13.15:711][  0]LogTemp: Display: Loaded TP IOSTargetPlatform
[2018.11.23-19.13.15:711][  0]LogTemp: Display: Loaded TP IOSTargetPlatform
[2018.11.23-19.13.15:752][  0]LogTemp: Display: Loaded TP TVOSTargetPlatform
[2018.11.23-19.13.15:752][  0]LogTemp: Display: Loaded TP TVOSTargetPlatform
[2018.11.23-19.13.15:770][  0]LogTemp: Display: Loaded TP LinuxClientTargetPlatform
[2018.11.23-19.13.15:801][  0]LogTemp: Display: Loaded TP LinuxNoEditorTargetPlatform
[2018.11.23-19.13.15:824][  0]LogTemp: Display: Loaded TP LinuxServerTargetPlatform
[2018.11.23-19.13.15:862][  0]LogTemp: Display: Loaded TP LinuxTargetPlatform
[2018.11.23-19.13.15:883][  0]LogTemp: Display: Loaded TP LuminTargetPlatform
[2018.11.23-19.13.15:883][  0]LogTargetPlatformManager: Display: Building Assets For Windows
[2018.11.23-19.13.16:268][  0]LogXGEController: Cannot use XGE Controller as Incredibuild is not installed on this machine.
[2018.11.23-19.13.16:269][  0]LogShaderCompilers: Cannot use XGE Shader Compiler as Incredibuild is not installed on this machine.
[2018.11.23-19.13.16:269][  0]LogShaderCompilers: Display: Using Local Shader Compiler.
[2018.11.23-19.13.19:213][  0]LogDerivedDataCache: Display: Max Cache Size: 512 MB
[2018.11.23-19.13.19:528][  0]LogDerivedDataCache: Loaded boot cache 0.31s 87MB C:/Users/c016193g/AppData/Local/UnrealEngine/4.20/DerivedDataCache/Boot.ddc.
[2018.11.23-19.13.19:529][  0]LogDerivedDataCache: Display: Loaded Boot cache: C:/Users/c016193g/AppData/Local/UnrealEngine/4.20/DerivedDataCache/Boot.ddc
[2018.11.23-19.13.19:529][  0]LogDerivedDataCache: FDerivedDataBackendGraph:  Pak pak cache file ../../../../../../Users/c016193g/Documents/GitHub/FightingGame/FightingGame/DerivedDataCache/DDC.ddp not found, will not use a pak cache.
[2018.11.23-19.13.19:529][  0]LogDerivedDataCache: Unable to find inner node Pak for hierarchical cache Hierarchy.
[2018.11.23-19.13.19:529][  0]LogDerivedDataCache: FDerivedDataBackendGraph:  CompressedPak pak cache file ../../../../../../Users/c016193g/Documents/GitHub/FightingGame/FightingGame/DerivedDataCache/Compressed.ddp not found, will not use a pak cache.
[2018.11.23-19.13.19:529][  0]LogDerivedDataCache: Unable to find inner node CompressedPak for hierarchical cache Hierarchy.
[2018.11.23-19.13.19:542][  0]LogDerivedDataCache: Display: Pak cache opened for reading ../../../Engine/DerivedDataCache/Compressed.ddp.
[2018.11.23-19.13.19:557][  0]LogDerivedDataCache: Using Local data cache path C:/Users/c016193g/AppData/Local/UnrealEngine/Common/DerivedDataCache: Writable
[2018.11.23-19.13.19:557][  0]LogDerivedDataCache: Shared data cache path not found in *engine.ini, will not use an Shared cache.
[2018.11.23-19.13.19:557][  0]LogDerivedDataCache: Unable to find inner node Shared for hierarchical cache Hierarchy.
[2018.11.23-19.13.19:579][  0]LogMaterial: Verifying Global Shaders for PCD3D_SM5
[2018.11.23-19.13.19:581][  0]LogSlate: Using FreeType 2.6.0
[2018.11.23-19.13.19:616][  0]LogSlate: SlateFontServices - WITH_FREETYPE: 1, WITH_HARFBUZZ: 1
[2018.11.23-19.13.20:751][  0]LogAssetRegistry: FAssetRegistry took 0.0306 seconds to start up
[2018.11.23-19.13.21:233][  0]LogInit: Selected Device Profile: [Windows]
[2018.11.23-19.13.21:550][  0]LogSimplygon: Simplygon DLL not present - disabling.
[2018.11.23-19.13.21:578][  0]LogMeshReduction: Using SimplygonSwarm for distributed automatic mesh merging
[2018.11.23-19.13.21:579][  0]LogMeshReduction: Using ProxyLODMeshReduction for automatic mesh merging
[2018.11.23-19.13.21:579][  0]LogMeshReduction: Using QuadricMeshReduction for automatic static mesh reduction
[2018.11.23-19.13.21:579][  0]LogMeshReduction: No automatic skeletal mesh reduction module available
[2018.11.23-19.13.21:601][  0]LogNetVersion: FightingGame 1.0.0, NetCL: 4212847, EngineNetVer: 5, GameNetVer: 0 (Checksum: 156865789)
[2018.11.23-19.13.22:343][  0]LogPackageLocalizationCache: Processed 11 localized package path(s) for 2 prioritized culture(s) in 0.186721 seconds
[2018.11.23-19.13.22:353][  0]LogUObjectArray: 38425 objects as part of root set at end of initial load.
[2018.11.23-19.13.22:354][  0]LogUObjectAllocator: 6690872 out of 0 bytes used by permanent object pool.
[2018.11.23-19.13.22:354][  0]LogUObjectArray: CloseDisregardForGC: 0/0 objects in disregard for GC pool
[2018.11.23-19.13.44:050][  0]LogTcpMessaging: Initializing TcpMessaging bridge
[2018.11.23-19.13.44:119][  0]LogUdpMessaging: Initializing bridge on interface 0.0.0.0:0 to multicast group 230.0.0.1:6666.
[2018.11.23-19.13.44:981][  0]SourceControl: Source control is disabled
[2018.11.23-19.13.44:981][  0]SourceControl: Source control is disabled
[2018.11.23-19.13.44:998][  0]SourceControl: Source control is disabled
[2018.11.23-19.13.45:016][  0]SourceControl: Source control is disabled
[2018.11.23-19.13.46:034][  0]LogAndroidPermission: UAndroidPermissionCallbackProxy::GetInstance
[2018.11.23-19.13.46:280][  0]LogOcInput: OculusInput pre-init called
[2018.11.23-19.13.46:467][  0]LogEngine: Initializing Engine...
[2018.11.23-19.13.46:469][  0]LogHMD: Failed to initialize OpenVR with code 110
[2018.11.23-19.13.46:490][  0]LogStats: UGameplayTagsManager::ConstructGameplayTagTree: ImportINI prefixes -  0.000 s
[2018.11.23-19.13.46:491][  0]LogStats: UGameplayTagsManager::ConstructGameplayTagTree: Construct from data asset -  0.000 s
[2018.11.23-19.13.46:491][  0]LogStats: UGameplayTagsManager::ConstructGameplayTagTree: ImportINI -  0.000 s
[2018.11.23-19.13.46:491][  0]LogStats: UGameplayTagsManager::ConstructGameplayTagTree: GameplayTagTreeChangedEvent.Broadcast -  0.000 s
[2018.11.23-19.13.46:777][  0]LogInit: Initializing FReadOnlyCVARCache
[2018.11.23-19.13.46:818][  0]LogAIModule: Creating AISystem for world Untitled
[2018.11.23-19.13.46:834][  0]LogInit: XAudio2 using 'Speakers (Realtek High Definition Audio)' : 2 channels at 48 kHz using 32 bits per sample (channel mask 0x3)
[2018.11.23-19.13.46:865][  0]LogInit: FAudioDevice initialized.
[2018.11.23-19.13.46:866][  0]LogNetVersion: Set ProjectVersion to 1.0.0.0. Version Checksum will be recalculated on next use.
[2018.11.23-19.13.47:052][  0]LogDerivedDataCache: Saved boot cache 0.19s 87MB C:/Users/c016193g/AppData/Local/UnrealEngine/4.20/DerivedDataCache/Boot.ddc.
[2018.11.23-19.13.47:089][  0]LogInit: Texture streaming: Enabled
[2018.11.23-19.13.47:172][  0]LogEngineSessionManager: EngineSessionManager initialized
[2018.11.23-19.13.47:202][  0]LogInit: Transaction tracking system initialized
[2018.11.23-19.13.47:360][  0]BlueprintLog: New page: Editor Load
[2018.11.23-19.13.48:036][  0]LocalizationService: Localization service is disabled
[2018.11.23-19.13.48:868][  0]LogCook: Display: Max memory allowance for cook 16384mb min free memory 0mb
[2018.11.23-19.13.48:869][  0]LogCook: Display: Mobile HDR setting 1
[2018.11.23-19.13.48:869][  0]LogGameplayTags: Display: UGameplayTagsManager::DoneAddingNativeTags. DelegateIsBound: 0
[2018.11.23-19.13.48:869][  0]LogStats: UGameplayTagsManager::ConstructGameplayTagTree: ImportINI prefixes -  0.000 s
[2018.11.23-19.13.48:869][  0]LogStats: UGameplayTagsManager::ConstructGameplayTagTree: Construct from data asset -  0.000 s
[2018.11.23-19.13.48:870][  0]LogStats: UGameplayTagsManager::ConstructGameplayTagTree: ImportINI -  0.000 s
[2018.11.23-19.13.48:870][  0]LogStats: UGameplayTagsManager::ConstructGameplayTagTree: GameplayTagTreeChangedEvent.Broadcast -  0.000 s
[2018.11.23-19.13.49:999][  0]LogFileCache: Scanning file cache for directory 'C:/Users/c016193g/Documents/GitHub/FightingGame/FightingGame/Content/' took 0.03s
[2018.11.23-19.13.50:020][  0]SourceControl: Source control is disabled
[2018.11.23-19.13.50:020][  0]Cmd: MAP LOAD FILE="../../../../../../Users/c016193g/Documents/GitHub/FightingGame/FightingGame/Content/StarterContent/Maps/Minimal_Default.umap" TEMPLATE=0 SHOWPROGRESS=1 FEATURELEVEL=3
[2018.11.23-19.13.50:021][  0]LightingResults: New page: Lighting Build
[2018.11.23-19.13.50:026][  0]MapCheck: New page: Map Check
[2018.11.23-19.13.50:028][  0]LightingResults: New page: Lighting Build
[2018.11.23-19.13.50:477][  0]LogAIModule: Creating AISystem for world Minimal_Default
[2018.11.23-19.13.50:493][  0]LogEditorServer: Finished looking for orphan Actors (0.000 secs)
[2018.11.23-19.13.50:523][  0]Cmd: MAP CHECKDEP NOCLEARLOG
[2018.11.23-19.13.50:757][  0]MapCheck: Map check complete: 0 Error(s), 0 Warning(s), took 233.932ms to complete.
[2018.11.23-19.13.50:757][  0]LogFileHelpers: Loading map 'Minimal_Default' took 0.736
[2018.11.23-19.13.50:981][  0]LogSlate: Updating window title bar state: overlay mode, drag disabled, window buttons hidden, title bar hidden
[2018.11.23-19.13.50:997][  0]LogSlate: Updating window title bar state: overlay mode, drag disabled, window buttons hidden, title bar hidden
[2018.11.23-19.13.51:009][  0]LogSlate: Updating window title bar state: overlay mode, drag disabled, window buttons hidden, title bar hidden
[2018.11.23-19.13.51:021][  0]LogSlate: Updating window title bar state: overlay mode, drag disabled, window buttons hidden, title bar hidden
[2018.11.23-19.13.51:056][  0]LogCollectionManager: Loaded 0 collections in 0.006085 seconds
[2018.11.23-19.13.51:115][  0]LogFileCache: Scanning file cache for directory 'C:/Users/c016193g/Documents/GitHub/FightingGame/FightingGame/Saved/Collections/' took 0.01s
[2018.11.23-19.13.51:115][  0]LogFileCache: Scanning file cache for directory 'C:/Users/c016193g/Documents/GitHub/FightingGame/FightingGame/Content/Developers/c016193g/Collections/' took 0.01s
[2018.11.23-19.13.51:115][  0]LogFileCache: Scanning file cache for directory 'C:/Users/c016193g/Documents/GitHub/FightingGame/FightingGame/Content/Collections/' took 0.01s
[2018.11.23-19.13.51:116][  0]LogCollectionManager: Rebuilt the GUID cache for 0 collections in 0.000000 seconds
[2018.11.23-19.13.51:133][  0]LogContentBrowser: Native class hierarchy populated in 0.0166 seconds. Added 2575 classes and 605 folders.
[2018.11.23-19.13.51:147][  0]LogContentBrowser: Native class hierarchy updated for 'WidgetCarousel' in 0.0006 seconds. Added 0 classes and 0 folders.
[2018.11.23-19.13.52:174][  0]LogContentBrowser: Native class hierarchy updated for 'AddContentDialog' in 0.0009 seconds. Added 0 classes and 0 folders.
[2018.11.23-19.13.52:218][  0]LogContentBrowser: Native class hierarchy updated for 'SceneOutliner' in 0.0010 seconds. Added 1 classes and 2 folders.
[2018.11.23-19.13.52:308][  0]LogSlate: Took 0.028121 seconds to synchronously load lazily loaded font '../../../Engine/Content/Slate/Fonts/Roboto-Regular.ttf' (155K)
[2018.11.23-19.13.52:329][  0]LogSlate: Took 0.017885 seconds to synchronously load lazily loaded font '../../../Engine/Content/Slate/Fonts/Roboto-Bold.ttf' (160K)
[2018.11.23-19.13.52:353][  0]LogSlate: Took 0.017985 seconds to synchronously load lazily loaded font '../../../Engine/Content/Editor/Slate/Fonts/FontAwesome.ttf' (139K)
[2018.11.23-19.13.52:473][  0]LogRenderer: Reallocating scene render targets to support 1208x576 Format 10 NumSamples 1 (Frame:1).
[2018.11.23-19.13.52:645][  0]LogSlate: FSceneViewport::OnFocusLost() reason 2
[2018.11.23-19.13.52:665][  0]LogSlate: Window 'Tutorials' being destroyed
[2018.11.23-19.13.52:722][  0]LogContentBrowser: Native class hierarchy updated for 'HierarchicalLODOutliner' in 0.0006 seconds. Added 0 classes and 0 folders.
[2018.11.23-19.13.52:722][  0]LogLoad: (Engine Initialization) Total time: 55.28 seconds
[2018.11.23-19.13.52:723][  0]LogLoad: (Engine Initialization) Total Blueprint compile time: 0.00 seconds
[2018.11.23-19.13.52:758][  0]LogContentStreaming: Texture pool size now 1000 MB
[2018.11.23-19.13.52:823][  0]LogSlate: Took 0.019133 seconds to synchronously load lazily loaded font '../../../Engine/Content/Slate/Fonts/Roboto-Light.ttf' (167K)
[2018.11.23-19.13.52:884][  1]LogAssetRegistry: Asset discovery search completed in 32.1573 seconds
[2018.11.23-19.13.52:888][  1]LogCollectionManager: Rebuilt the object cache for 0 collections in 0.000001 seconds (found 0 objects)
[2018.11.23-19.13.52:888][  1]LogCollectionManager: Fixed up redirectors for 0 collections in 0.000206 seconds (updated 0 objects)
[2018.11.23-19.15.17:886][259]LogSlate: FSceneViewport::OnFocusLost() reason 0
