Log file open, 11/22/18 10:49:49
LogWindows: Failed to load 'aqProf.dll' (GetLastError=126)
LogWindows: File 'aqProf.dll' does not exist
LogWindows: Failed to load 'VSPerf140.dll' (GetLastError=126)
LogWindows: File 'VSPerf140.dll' does not exist
LogWindows: Failed to load 'VtuneApi.dll' (GetLastError=126)
LogWindows: File 'VtuneApi.dll' does not exist
LogWindows: Failed to load 'VtuneApi32e.dll' (GetLastError=126)
LogWindows: File 'VtuneApi32e.dll' does not exist
LogInit: Display: Running engine for game: FightingGame
LogPlatformFile: Not using cached read wrapper
LogTaskGraph: Started task graph with 5 named threads and 23 total threads with 3 sets of task threads.
LogStats: Stats thread started at 0.380349
LogD3D11RHI: Loaded GFSDK_Aftermath_Lib.x64.dll
LogICUInternationalization: Display: ICU TimeZone Detection - Raw Offset: +0:00, Platform Override: ''
LogPluginManager: Mounting plugin Paper2D
LogPluginManager: Mounting plugin AISupport
LogPluginManager: Mounting plugin LightPropagationVolume
LogPluginManager: Mounting plugin CLionSourceCodeAccess
LogPluginManager: Mounting plugin CodeLiteSourceCodeAccess
LogPluginManager: Mounting plugin GitSourceControl
LogPluginManager: Mounting plugin KDevelopSourceCodeAccess
LogPluginManager: Mounting plugin NullSourceCodeAccess
LogPluginManager: Mounting plugin PerforceSourceControl
LogPluginManager: Mounting plugin SubversionSourceControl
LogPluginManager: Mounting plugin UObjectPlugin
LogPluginManager: Mounting plugin VisualStudioCodeSourceCodeAccess
LogPluginManager: Mounting plugin VisualStudioSourceCodeAccess
LogPluginManager: Mounting plugin XCodeSourceCodeAccess
LogPluginManager: Mounting plugin AssetManagerEditor
LogPluginManager: Mounting plugin CryptoKeys
LogPluginManager: Mounting plugin DataValidation
LogPluginManager: Mounting plugin FacialAnimation
LogPluginManager: Mounting plugin GameplayTagsEditor
LogPluginManager: Mounting plugin MacGraphicsSwitching
LogPluginManager: Mounting plugin MeshEditor
LogPluginManager: Mounting plugin MobileLauncherProfileWizard
LogPluginManager: Mounting plugin PluginBrowser
LogPluginManager: Mounting plugin SpeedTreeImporter
LogPluginManager: Mounting plugin DatasmithContent
LogPluginManager: Mounting plugin AlembicImporter
LogPluginManager: Mounting plugin AppleImageUtils
LogPluginManager: Mounting plugin AppleVision
LogPluginManager: Mounting plugin BackChannel
LogPluginManager: Mounting plugin CharacterAI
LogPluginManager: Mounting plugin GeometryCache
LogPluginManager: Mounting plugin HTML5Networking
LogPluginManager: Mounting plugin ProxyLODPlugin
LogPluginManager: Mounting plugin MagicLeap
LogPluginManager: Mounting plugin MagicLeapEmulator
LogPluginManager: Mounting plugin MagicLeapMedia
LogPluginManager: Mounting plugin AndroidMedia
LogPluginManager: Mounting plugin AvfMedia
LogPluginManager: Mounting plugin ImgMedia
LogPluginManager: Mounting plugin LinearTimecode
LogPluginManager: Mounting plugin MediaCompositing
LogPluginManager: Mounting plugin MediaPlayerEditor
LogPluginManager: Mounting plugin WmfMedia
LogPluginManager: Mounting plugin TcpMessaging
LogPluginManager: Mounting plugin UdpMessaging
LogPluginManager: Mounting plugin ActorSequence
LogPluginManager: Mounting plugin LevelSequenceEditor
LogPluginManager: Mounting plugin MatineeToLevelSequence
LogPluginManager: Mounting plugin NetcodeUnitTest
LogPluginManager: Mounting plugin NUTUnrealEngine4
LogPluginManager: Mounting plugin OnlineSubsystemGooglePlay
LogPluginManager: Mounting plugin OnlineSubsystemIOS
LogPluginManager: Mounting plugin OnlineSubsystem
LogPluginManager: Mounting plugin OnlineSubsystemNull
LogPluginManager: Mounting plugin OnlineSubsystemUtils
LogPluginManager: Mounting plugin LauncherChunkInstaller
LogPluginManager: Mounting plugin AndroidDeviceProfileSelector
LogPluginManager: Mounting plugin AndroidMoviePlayer
LogPluginManager: Mounting plugin AndroidPermission
LogPluginManager: Mounting plugin AppleMoviePlayer
LogPluginManager: Mounting plugin ArchVisCharacter
LogPluginManager: Mounting plugin AudioCapture
LogPluginManager: Mounting plugin CableComponent
LogPluginManager: Mounting plugin CustomMeshComponent
LogPluginManager: Mounting plugin EditableMesh
LogPluginManager: Mounting plugin ExampleDeviceProfileSelector
LogPluginManager: Mounting plugin GoogleCloudMessaging
LogPluginManager: Mounting plugin ImmediatePhysics
LogPluginManager: Mounting plugin IOSDeviceProfileSelector
LogPluginManager: Mounting plugin LinuxDeviceProfileSelector
LogPluginManager: Mounting plugin LocationServicesBPLibrary
LogPluginManager: Mounting plugin MobilePatchingUtils
LogPluginManager: Mounting plugin OculusVR
LogPluginManager: Plugin shader directory ../../../Engine/Plugins/Runtime/Oculus/OculusVR/Shaders found
LogPluginManager: Mapping shader source directory ../../../Engine/Plugins/Runtime/Oculus/OculusVR/Shaders to virtual directory /Plugin/OculusVR
LogPluginManager: Mounting plugin PhysXVehicles
LogPluginManager: Mounting plugin ProceduralMeshComponent
LogPluginManager: Mounting plugin RuntimePhysXCooking
LogPluginManager: Mounting plugin SteamVR
LogPluginManager: Mounting plugin WindowsMoviePlayer
LogStreaming: Display: Took  0.210s to configure plugins.
LogInit: Using libcurl 7.55.1-DEV
LogInit:  - built for x86_64-pc-win32
LogInit:  - supports SSL with OpenSSL/1.0.2h
LogInit:  - supports HTTP deflate (compression) using libz 1.2.8
LogInit:  - other features:
LogInit:      CURL_VERSION_SSL
LogInit:      CURL_VERSION_LIBZ
LogInit:      CURL_VERSION_IPV6
LogInit:      CURL_VERSION_ASYNCHDNS
LogInit:      CURL_VERSION_LARGEFILE
LogInit:      CURL_VERSION_IDN
LogInit:  CurlRequestOptions (configurable via config and command line):
LogInit:  - bVerifyPeer = false  - Libcurl will NOT verify peer certificate
LogInit:  - bUseHttpProxy = false  - Libcurl will NOT use HTTP proxy
LogInit:  - bDontReuseConnections = false  - Libcurl will reuse connections
LogInit:  - CertBundlePath = nullptr  - Libcurl will use whatever was configured at build time.
LogInit:  - MaxHostConnections = 16  - Libcurl will limit the number of connections to a host
LogInit:  - LocalHostAddr = Default
LogInit:  - BufferSize = 65536
LogInit: WinSock: version 1.1 (2.2), MaxSocks=32767, MaxUdp=65467
LogInit: Build: ++UE4+Release-4.20-CL-4369336
LogInit: Engine Version: 4.20.3-4369336+++UE4+Release-4.20
LogInit: Compatible Engine Version: 4.20.0-4212847+++UE4+Release-4.20
LogInit: Net CL: 4212847
LogInit: OS: Windows 10 (), CPU: Intel(R) Xeon(R) W-2123 CPU @ 3.60GHz, GPU: NVIDIA GeForce GTX 1070
LogInit: Compiled (64-bit): Sep 17 2018 12:26:19
LogInit: Compiled with Visual C++: 19.13.26129.00
LogInit: Build Configuration: Development
LogInit: Branch Name: ++UE4+Release-4.20
LogInit: Command Line:  -skipcompile
LogInit: Base Directory: C:/Epic/UE4/UE_4.20/Engine/Binaries/Win64/
LogInit: Installed Engine Build: 1
LogDevObjectVersion: Number of dev versions registered: 20
LogDevObjectVersion:   Dev-Blueprints (B0D832E4-1F89-4F0D-ACCF-7EB736FD4AA2): 10
LogDevObjectVersion:   Dev-Build (E1C64328-A22C-4D53-A36C-8E866417BD8C): 0
LogDevObjectVersion:   Dev-Core (375EC13C-06E4-48FB-B500-84F0262A717E): 2
LogDevObjectVersion:   Dev-Editor (E4B068ED-F494-42E9-A231-DA0B2E46BB41): 24
LogDevObjectVersion:   Dev-Framework (CFFC743F-43B0-4480-9391-14DF171D2073): 34
LogDevObjectVersion:   Dev-Mobile (B02B49B5-BB20-44E9-A304-32B752E40360): 2
LogDevObjectVersion:   Dev-Networking (A4E4105C-59A1-49B5-A7C5-40C4547EDFEE): 0
LogDevObjectVersion:   Dev-Online (39C831C9-5AE6-47DC-9A44-9C173E1C8E7C): 0
LogDevObjectVersion:   Dev-Physics (78F01B33-EBEA-4F98-B9B4-84EACCB95AA2): 0
LogDevObjectVersion:   Dev-Platform (6631380F-2D4D-43E0-8009-CF276956A95A): 0
LogDevObjectVersion:   Dev-Rendering (12F88B9F-8875-4AFC-A67C-D90C383ABD29): 26
LogDevObjectVersion:   Dev-Sequencer (7B5AE74C-D270-4C10-A958-57980B212A5A): 9
LogDevObjectVersion:   Dev-VR (D7296918-1DD6-4BDD-9DE2-64A83CC13884): 2
LogDevObjectVersion:   Dev-LoadTimes (C2A15278-BFE7-4AFE-6C17-90FF531DF755): 1
LogDevObjectVersion:   Private-Geometry (6EACA3D4-40EC-4CC1-B786-8BED09428FC5): 3
LogDevObjectVersion:   Dev-AnimPhys (29E575DD-E0A3-4627-9D10-D276232CDCEA): 17
LogDevObjectVersion:   Dev-ReflectionCapture (6B266CEC-1EC7-4B8F-A30B-E4D90942FC07): 1
LogDevObjectVersion:   Dev-Automation (0DF73D61-A23F-47EA-B727-89E90C41499A): 1
LogDevObjectVersion:   FortniteMain (601D1886-AC64-4F84-AA16-D3DE0DEAC7D6): 12
LogDevObjectVersion:   Dev-Enterprise (9DFFBCD6-494F-0158-E221-12823C92A888): 1
LogStreaming: Display: Took  0.006s to delete old logs.
LogInit: Presizing for max 8388607 objects, including 0 objects not considered by GC, pre-allocating 0 bytes for permanent pool.
LogInit: Object subsystem initialized
[2018.11.22-10.49.49:793][  0]LogInit: Selected Device Profile: [Windows]
[2018.11.22-10.49.49:793][  0]LogInit: Applying CVar settings loaded from the selected device profile: [Windows]
[2018.11.22-10.49.49:812][  0]LogHAL: Display: Platform has ~ 32 GB [34065870848 / 34359738368 / 32], which maps to Largest [LargestMinGB=32, LargerMinGB=12, DefaultMinGB=8, SmallerMinGB=6, SmallestMinGB=0)
[2018.11.22-10.49.49:813][  0]LogInit: Setting Device Profile CVar: [[r.Vulkan.UseRealUBs:1]]
[2018.11.22-10.49.49:813][  0]LogInit: Going up to parent DeviceProfile []
[2018.11.22-10.49.49:813][  0]LogInit: Computer: C117B-06
[2018.11.22-10.49.49:813][  0]LogInit: User: c016193g
[2018.11.22-10.49.49:813][  0]LogInit: CPU Page size=4096, Cores=4
[2018.11.22-10.49.49:813][  0]LogInit: High frequency timer resolution =3.515631 MHz
[2018.11.22-10.49.49:814][  0]LogMemory: Memory total: Physical=31.7GB (32GB approx)
[2018.11.22-10.49.49:814][  0]LogMemory: Platform Memory Stats for Windows
[2018.11.22-10.49.49:814][  0]LogMemory: Process Physical Memory: 100.81 MB used, 100.81 MB peak
[2018.11.22-10.49.49:814][  0]LogMemory: Process Virtual Memory: 90.96 MB used, 90.96 MB peak
[2018.11.22-10.49.49:814][  0]LogMemory: Physical Memory: 8103.56 MB used,  24384.18 MB free, 32487.75 MB total
[2018.11.22-10.49.49:814][  0]LogMemory: Virtual Memory: 4640.09 MB used,  24384.18 MB free, 134217728.00 MB total
[2018.11.22-10.49.49:928][  0]LogInit: Using OS detected language (en-US).
[2018.11.22-10.49.49:928][  0]LogInit: Using OS detected locale (en-GB).
[2018.11.22-10.49.49:929][  0]LogTextLocalizationManager: No specific localization for 'en-US' exists, so the 'en' localization will be used.
[2018.11.22-10.49.50:301][  0]LogStreaming: Display: Took  0.373s to InitEngineTextLocalization.
[2018.11.22-10.49.50:301][  0]LogInit: Setting process to per monitor DPI aware
[2018.11.22-10.49.50:360][  0]LogSlate: New Slate User Created.  User Index 0, Is Virtual User: 0
[2018.11.22-10.49.50:360][  0]LogSlate: Slate User Registered.  User Index 0, Is Virtual User: 0
[2018.11.22-10.49.50:593][  0]LogHMD: Failed to initialize OpenVR with code 110
[2018.11.22-10.49.50:593][  0]LogD3D11RHI: D3D11 adapters:
[2018.11.22-10.49.50:676][  0]LogD3D11RHI:    0. 'NVIDIA GeForce GTX 1070' (Feature Level 11_0)
[2018.11.22-10.49.50:676][  0]LogD3D11RHI:       8088/0/16243 MB DedicatedVideo/DedicatedSystem/SharedSystem, Outputs:2, VendorId:0x10de
[2018.11.22-10.49.50:682][  0]LogD3D11RHI:    1. 'Microsoft Basic Render Driver' (Feature Level 11_0)
[2018.11.22-10.49.50:682][  0]LogD3D11RHI:       0/0/16243 MB DedicatedVideo/DedicatedSystem/SharedSystem, Outputs:0, VendorId:0x1414
[2018.11.22-10.49.50:682][  0]LogD3D11RHI: Chosen D3D11 Adapter: 0
[2018.11.22-10.49.50:689][  0]LogD3D11RHI: Creating new Direct3DDevice
[2018.11.22-10.49.50:689][  0]LogD3D11RHI:     GPU DeviceId: 0x1b81 (for the marketing name, search the web for "GPU Device Id")
[2018.11.22-10.49.50:689][  0]LogWindows: EnumDisplayDevices:
[2018.11.22-10.49.50:689][  0]LogWindows:    0. 'NVIDIA GeForce GTX 1070' (P:0 D:1)
[2018.11.22-10.49.50:690][  0]LogWindows:    1. 'NVIDIA GeForce GTX 1070' (P:1 D:1)
[2018.11.22-10.49.50:690][  0]LogWindows:    2. 'NVIDIA GeForce GTX 1070' (P:0 D:0)
[2018.11.22-10.49.50:690][  0]LogWindows:    3. 'NVIDIA GeForce GTX 1070' (P:0 D:0)
[2018.11.22-10.49.50:690][  0]LogWindows: DebugString: FoundDriverCount:4 
[2018.11.22-10.49.50:690][  0]LogD3D11RHI:     Adapter Name: NVIDIA GeForce GTX 1070
[2018.11.22-10.49.50:690][  0]LogD3D11RHI:   Driver Version: 399.24 (internal:24.21.13.9924, unified:399.24)
[2018.11.22-10.49.50:690][  0]LogD3D11RHI:      Driver Date: 9-5-2018
[2018.11.22-10.49.50:691][  0]LogRHI: Texture pool is 5661 MB (70% of 8088 MB)
[2018.11.22-10.49.50:733][  0]LogD3D11RHI: Async texture creation enabled
[2018.11.22-10.49.50:751][  0]LogD3D11RHI: GPU Timing Frequency: 1000.000000 (Debug: 2 2)
[2018.11.22-10.49.50:757][  0]LogShaderCompilers: Guid format shader working directory is -27 characters bigger than the processId version (../../../../../../Users/c016193g/Documents/Github/FightingGame/FightingGame/Intermediate/Shaders/WorkingDirectory/14352/).
[2018.11.22-10.49.50:757][  0]LogShaderCompilers: Cleaned the shader compiler working directory 'C:/Users/c016193g/AppData/Local/Temp/UnrealShaderWorkingDir/21BA686448CFEF8F4A8FEAA810AEC305/'.
[2018.11.22-10.49.51:072][  0]LogTemp: Display: Loaded TP AllDesktopTargetPlatform
[2018.11.22-10.49.51:089][  0]LogTemp: Display: Loaded TP MacClientTargetPlatform
[2018.11.22-10.49.51:106][  0]LogTemp: Display: Loaded TP MacNoEditorTargetPlatform
[2018.11.22-10.49.51:121][  0]LogTemp: Display: Loaded TP MacServerTargetPlatform
[2018.11.22-10.49.51:136][  0]LogTemp: Display: Loaded TP MacTargetPlatform
[2018.11.22-10.49.51:154][  0]LogTemp: Display: Loaded TP WindowsClientTargetPlatform
[2018.11.22-10.49.51:169][  0]LogTemp: Display: Loaded TP WindowsNoEditorTargetPlatform
[2018.11.22-10.49.51:185][  0]LogTemp: Display: Loaded TP WindowsServerTargetPlatform
[2018.11.22-10.49.51:194][  0]LogTemp: Display: Loaded TP WindowsTargetPlatform
[2018.11.22-10.49.51:278][  0]LogTemp: Display: Loaded TP AndroidTargetPlatform
[2018.11.22-10.49.51:278][  0]LogTemp: Display: Loaded TP AndroidTargetPlatform
[2018.11.22-10.49.51:278][  0]LogTemp: Display: Loaded TP AndroidTargetPlatform
[2018.11.22-10.49.51:278][  0]LogTemp: Display: Loaded TP AndroidTargetPlatform
[2018.11.22-10.49.51:278][  0]LogTemp: Display: Loaded TP AndroidTargetPlatform
[2018.11.22-10.49.51:278][  0]LogTemp: Display: Loaded TP AndroidTargetPlatform
[2018.11.22-10.49.51:278][  0]LogTemp: Display: Loaded TP AndroidTargetPlatform
[2018.11.22-10.49.51:278][  0]LogTemp: Display: Loaded TP AndroidTargetPlatform
[2018.11.22-10.49.51:278][  0]LogTemp: Display: Loaded TP AndroidTargetPlatform
[2018.11.22-10.49.51:278][  0]LogTemp: Display: Loaded TP AndroidTargetPlatform
[2018.11.22-10.49.51:278][  0]LogTemp: Display: Loaded TP AndroidTargetPlatform
[2018.11.22-10.49.51:278][  0]LogTemp: Display: Loaded TP AndroidTargetPlatform
[2018.11.22-10.49.51:278][  0]LogTemp: Display: Loaded TP AndroidTargetPlatform
[2018.11.22-10.49.51:278][  0]LogTemp: Display: Loaded TP AndroidTargetPlatform
[2018.11.22-10.49.51:278][  0]LogTemp: Display: Loaded TP AndroidTargetPlatform
[2018.11.22-10.49.51:279][  0]LogTemp: Display: Loaded TP AndroidTargetPlatform
[2018.11.22-10.49.51:279][  0]LogTemp: Display: Loaded TP AndroidTargetPlatform
[2018.11.22-10.49.51:279][  0]LogTemp: Display: Loaded TP AndroidTargetPlatform
[2018.11.22-10.49.51:283][  0]LogTemp: Display: Loaded TP HTML5TargetPlatform
[2018.11.22-10.49.51:359][  0]LogTemp: Display: Loaded TP IOSTargetPlatform
[2018.11.22-10.49.51:359][  0]LogTemp: Display: Loaded TP IOSTargetPlatform
[2018.11.22-10.49.51:385][  0]LogTemp: Display: Loaded TP TVOSTargetPlatform
[2018.11.22-10.49.51:385][  0]LogTemp: Display: Loaded TP TVOSTargetPlatform
[2018.11.22-10.49.51:399][  0]LogTemp: Display: Loaded TP LinuxClientTargetPlatform
[2018.11.22-10.49.51:417][  0]LogTemp: Display: Loaded TP LinuxNoEditorTargetPlatform
[2018.11.22-10.49.51:438][  0]LogTemp: Display: Loaded TP LinuxServerTargetPlatform
[2018.11.22-10.49.51:452][  0]LogTemp: Display: Loaded TP LinuxTargetPlatform
[2018.11.22-10.49.51:464][  0]LogTemp: Display: Loaded TP LuminTargetPlatform
[2018.11.22-10.49.51:464][  0]LogTargetPlatformManager: Display: Building Assets For Windows
[2018.11.22-10.49.51:586][  0]LogXGEController: Cleaning working directory: C:/Users/c016193g/AppData/Local/Temp/UnrealXGEWorkingDir/
[2018.11.22-10.49.51:586][  0]LogXGEController: Cannot use XGE Controller as Incredibuild is not installed on this machine.
[2018.11.22-10.49.51:586][  0]LogShaderCompilers: Cannot use XGE Shader Compiler as Incredibuild is not installed on this machine.
[2018.11.22-10.49.51:586][  0]LogShaderCompilers: Display: Using Local Shader Compiler.
[2018.11.22-10.49.52:366][  0]LogDerivedDataCache: Display: Max Cache Size: 512 MB
[2018.11.22-10.49.52:436][  0]LogDerivedDataCache: Loaded boot cache 0.07s 71MB C:/Users/c016193g/AppData/Local/UnrealEngine/4.20/DerivedDataCache/Boot.ddc.
[2018.11.22-10.49.52:437][  0]LogDerivedDataCache: Display: Loaded Boot cache: C:/Users/c016193g/AppData/Local/UnrealEngine/4.20/DerivedDataCache/Boot.ddc
[2018.11.22-10.49.52:437][  0]LogDerivedDataCache: FDerivedDataBackendGraph:  Pak pak cache file ../../../../../../Users/c016193g/Documents/Github/FightingGame/FightingGame/DerivedDataCache/DDC.ddp not found, will not use a pak cache.
[2018.11.22-10.49.52:437][  0]LogDerivedDataCache: Unable to find inner node Pak for hierarchical cache Hierarchy.
[2018.11.22-10.49.52:437][  0]LogDerivedDataCache: FDerivedDataBackendGraph:  CompressedPak pak cache file ../../../../../../Users/c016193g/Documents/Github/FightingGame/FightingGame/DerivedDataCache/Compressed.ddp not found, will not use a pak cache.
[2018.11.22-10.49.52:437][  0]LogDerivedDataCache: Unable to find inner node CompressedPak for hierarchical cache Hierarchy.
[2018.11.22-10.49.52:472][  0]LogDerivedDataCache: Display: Pak cache opened for reading ../../../Engine/DerivedDataCache/Compressed.ddp.
[2018.11.22-10.49.52:487][  0]LogDerivedDataCache: Using Local data cache path C:/Users/c016193g/AppData/Local/UnrealEngine/Common/DerivedDataCache: Writable
[2018.11.22-10.49.52:487][  0]LogDerivedDataCache: Shared data cache path not found in *engine.ini, will not use an Shared cache.
[2018.11.22-10.49.52:488][  0]LogDerivedDataCache: Unable to find inner node Shared for hierarchical cache Hierarchy.
[2018.11.22-10.49.52:505][  0]LogMaterial: Verifying Global Shaders for PCD3D_SM5
[2018.11.22-10.49.52:508][  0]LogSlate: Using FreeType 2.6.0
[2018.11.22-10.49.52:509][  0]LogSlate: SlateFontServices - WITH_FREETYPE: 1, WITH_HARFBUZZ: 1
[2018.11.22-10.49.52:598][  0]LogAssetRegistry: FAssetRegistry took 0.0352 seconds to start up
[2018.11.22-10.49.52:950][  0]LogInit: Selected Device Profile: [Windows]
[2018.11.22-10.49.53:119][  0]LogSimplygon: Simplygon DLL not present - disabling.
[2018.11.22-10.49.53:127][  0]LogMeshReduction: Using SimplygonSwarm for distributed automatic mesh merging
[2018.11.22-10.49.53:127][  0]LogMeshReduction: Using ProxyLODMeshReduction for automatic mesh merging
[2018.11.22-10.49.53:128][  0]LogMeshReduction: Using QuadricMeshReduction for automatic static mesh reduction
[2018.11.22-10.49.53:128][  0]LogMeshReduction: No automatic skeletal mesh reduction module available
[2018.11.22-10.49.53:145][  0]LogNetVersion: FightingGame 1.0.0, NetCL: 4212847, EngineNetVer: 5, GameNetVer: 0 (Checksum: 156865789)
[2018.11.22-10.49.53:730][  0]LogPackageLocalizationCache: Processed 11 localized package path(s) for 2 prioritized culture(s) in 0.137863 seconds
[2018.11.22-10.49.53:738][  0]LogUObjectArray: 38425 objects as part of root set at end of initial load.
[2018.11.22-10.49.53:738][  0]LogUObjectAllocator: 6690872 out of 0 bytes used by permanent object pool.
[2018.11.22-10.49.53:738][  0]LogUObjectArray: CloseDisregardForGC: 0/0 objects in disregard for GC pool
[2018.11.22-10.49.54:728][  0]LogTcpMessaging: Initializing TcpMessaging bridge
[2018.11.22-10.49.54:748][  0]LogUdpMessaging: Initializing bridge on interface 0.0.0.0:0 to multicast group 230.0.0.1:6666.
[2018.11.22-10.49.54:986][  0]SourceControl: Source control is disabled
[2018.11.22-10.49.54:986][  0]SourceControl: Source control is disabled
[2018.11.22-10.49.54:989][  0]SourceControl: Source control is disabled
[2018.11.22-10.49.54:992][  0]SourceControl: Source control is disabled
[2018.11.22-10.49.55:270][  0]LogAndroidPermission: UAndroidPermissionCallbackProxy::GetInstance
[2018.11.22-10.49.55:346][  0]LogOcInput: OculusInput pre-init called
[2018.11.22-10.49.55:431][  0]LogEngine: Initializing Engine...
[2018.11.22-10.49.55:433][  0]LogHMD: Failed to initialize OpenVR with code 110
[2018.11.22-10.49.55:437][  0]LogStats: UGameplayTagsManager::ConstructGameplayTagTree: ImportINI prefixes -  0.000 s
[2018.11.22-10.49.55:437][  0]LogStats: UGameplayTagsManager::ConstructGameplayTagTree: Construct from data asset -  0.000 s
[2018.11.22-10.49.55:438][  0]LogStats: UGameplayTagsManager::ConstructGameplayTagTree: ImportINI -  0.001 s
[2018.11.22-10.49.55:438][  0]LogStats: UGameplayTagsManager::ConstructGameplayTagTree: GameplayTagTreeChangedEvent.Broadcast -  0.000 s
[2018.11.22-10.49.55:651][  0]LogInit: Initializing FReadOnlyCVARCache
[2018.11.22-10.49.55:679][  0]LogAIModule: Creating AISystem for world Untitled
[2018.11.22-10.49.55:690][  0]LogInit: XAudio2 using 'Speakers (High Definition Audio Device)' : 2 channels at 48 kHz using 16 bits per sample (channel mask 0x3)
[2018.11.22-10.49.55:720][  0]LogInit: FAudioDevice initialized.
[2018.11.22-10.49.55:720][  0]LogNetVersion: Set ProjectVersion to 1.0.0.0. Version Checksum will be recalculated on next use.
[2018.11.22-10.49.55:769][  0]LogDerivedDataCache: Saved boot cache 0.05s 71MB C:/Users/c016193g/AppData/Local/UnrealEngine/4.20/DerivedDataCache/Boot.ddc.
[2018.11.22-10.49.55:810][  0]LogInit: Texture streaming: Enabled
[2018.11.22-10.49.55:852][  0]LogEngineSessionManager: EngineSessionManager initialized
[2018.11.22-10.49.55:867][  0]LogInit: Transaction tracking system initialized
[2018.11.22-10.49.55:904][  0]BlueprintLog: New page: Editor Load
[2018.11.22-10.49.56:049][  0]LocalizationService: Localization service is disabled
[2018.11.22-10.49.56:361][  0]LogCook: Display: Max memory allowance for cook 16384mb min free memory 0mb
[2018.11.22-10.49.56:361][  0]LogCook: Display: Mobile HDR setting 1
[2018.11.22-10.49.56:361][  0]LogGameplayTags: Display: UGameplayTagsManager::DoneAddingNativeTags. DelegateIsBound: 0
[2018.11.22-10.49.56:362][  0]LogStats: UGameplayTagsManager::ConstructGameplayTagTree: ImportINI prefixes -  0.000 s
[2018.11.22-10.49.56:362][  0]LogStats: UGameplayTagsManager::ConstructGameplayTagTree: Construct from data asset -  0.000 s
[2018.11.22-10.49.56:362][  0]LogStats: UGameplayTagsManager::ConstructGameplayTagTree: ImportINI -  0.000 s
[2018.11.22-10.49.56:362][  0]LogStats: UGameplayTagsManager::ConstructGameplayTagTree: GameplayTagTreeChangedEvent.Broadcast -  0.000 s
[2018.11.22-10.49.56:556][  0]LogFileCache: Scanning file cache for directory 'C:/Users/c016193g/Documents/Github/FightingGame/FightingGame/Content/' took 0.02s
[2018.11.22-10.49.56:568][  0]SourceControl: Source control is disabled
[2018.11.22-10.49.56:568][  0]Cmd: MAP LOAD FILE="../../../../../../Users/c016193g/Documents/Github/FightingGame/FightingGame/Content/StarterContent/Maps/Minimal_Default.umap" TEMPLATE=0 SHOWPROGRESS=1 FEATURELEVEL=3
[2018.11.22-10.49.56:569][  0]LightingResults: New page: Lighting Build
[2018.11.22-10.49.56:573][  0]MapCheck: New page: Map Check
[2018.11.22-10.49.56:573][  0]LightingResults: New page: Lighting Build
[2018.11.22-10.49.56:929][  0]LogAIModule: Creating AISystem for world Minimal_Default
[2018.11.22-10.49.56:942][  0]LogEditorServer: Finished looking for orphan Actors (0.000 secs)
[2018.11.22-10.49.56:978][  0]Cmd: MAP CHECKDEP NOCLEARLOG
[2018.11.22-10.49.57:091][  0]MapCheck: Map check complete: 0 Error(s), 0 Warning(s), took 111.898ms to complete.
[2018.11.22-10.49.57:091][  0]LogFileHelpers: Loading map 'Minimal_Default' took 0.522
[2018.11.22-10.49.57:220][  0]LogSlate: Updating window title bar state: overlay mode, drag disabled, window buttons hidden, title bar hidden
[2018.11.22-10.49.57:227][  0]LogSlate: Updating window title bar state: overlay mode, drag disabled, window buttons hidden, title bar hidden
[2018.11.22-10.49.57:234][  0]LogSlate: Updating window title bar state: overlay mode, drag disabled, window buttons hidden, title bar hidden
[2018.11.22-10.49.57:241][  0]LogSlate: Updating window title bar state: overlay mode, drag disabled, window buttons hidden, title bar hidden
[2018.11.22-10.49.57:250][  0]LogCollectionManager: Loaded 0 collections in 0.002489 seconds
[2018.11.22-10.49.57:300][  0]LogFileCache: Scanning file cache for directory 'C:/Users/c016193g/Documents/Github/FightingGame/FightingGame/Saved/Collections/' took 0.01s
[2018.11.22-10.49.57:300][  0]LogFileCache: Scanning file cache for directory 'C:/Users/c016193g/Documents/Github/FightingGame/FightingGame/Content/Developers/c016193g/Collections/' took 0.01s
[2018.11.22-10.49.57:301][  0]LogFileCache: Scanning file cache for directory 'C:/Users/c016193g/Documents/Github/FightingGame/FightingGame/Content/Collections/' took 0.01s
[2018.11.22-10.49.57:301][  0]LogCollectionManager: Rebuilt the GUID cache for 0 collections in 0.000000 seconds
[2018.11.22-10.49.57:310][  0]LogContentBrowser: Native class hierarchy populated in 0.0092 seconds. Added 2575 classes and 605 folders.
[2018.11.22-10.49.57:317][  0]LogContentBrowser: Native class hierarchy updated for 'WidgetCarousel' in 0.0004 seconds. Added 0 classes and 0 folders.
[2018.11.22-10.49.57:375][  0]LogContentBrowser: Native class hierarchy updated for 'AddContentDialog' in 0.0004 seconds. Added 0 classes and 0 folders.
[2018.11.22-10.49.57:383][  0]LogContentBrowser: Native class hierarchy updated for 'SceneOutliner' in 0.0005 seconds. Added 1 classes and 2 folders.
[2018.11.22-10.49.57:402][  0]LogSlate: Took 0.000306 seconds to synchronously load lazily loaded font '../../../Engine/Content/Slate/Fonts/Roboto-Regular.ttf' (155K)
[2018.11.22-10.49.57:405][  0]LogSlate: Took 0.000222 seconds to synchronously load lazily loaded font '../../../Engine/Content/Slate/Fonts/Roboto-Bold.ttf' (160K)
[2018.11.22-10.49.57:411][  0]LogSlate: Took 0.000301 seconds to synchronously load lazily loaded font '../../../Engine/Content/Editor/Slate/Fonts/FontAwesome.ttf' (139K)
[2018.11.22-10.49.57:487][  0]LogRenderer: Reallocating scene render targets to support 1208x576 Format 10 NumSamples 1 (Frame:1).
[2018.11.22-10.49.57:645][  0]LogContentBrowser: Native class hierarchy updated for 'HierarchicalLODOutliner' in 0.0006 seconds. Added 0 classes and 0 folders.
[2018.11.22-10.49.57:645][  0]LogLoad: (Engine Initialization) Total time: 10.25 seconds
[2018.11.22-10.49.57:645][  0]LogLoad: (Engine Initialization) Total Blueprint compile time: 0.00 seconds
[2018.11.22-10.49.57:679][  0]LogContentStreaming: Texture pool size now 1000 MB
[2018.11.22-10.49.57:787][  0]LogSlate: Took 0.000212 seconds to synchronously load lazily loaded font '../../../Engine/Content/Slate/Fonts/Roboto-Light.ttf' (167K)
[2018.11.22-10.49.57:825][  1]LogAssetRegistry: Asset discovery search completed in 5.2528 seconds
[2018.11.22-10.49.57:827][  1]LogCollectionManager: Rebuilt the object cache for 0 collections in 0.000001 seconds (found 0 objects)
[2018.11.22-10.49.57:827][  1]LogCollectionManager: Fixed up redirectors for 0 collections in 0.000228 seconds (updated 0 objects)
[2018.11.22-10.49.59:473][193]LogSlate: FSceneViewport::OnFocusLost() reason 0
[2018.11.22-10.49.59:772][229]LogTemp: Repeating last play command: Selected Viewport
[2018.11.22-10.49.59:789][229]LogBlueprintUserMessages: Early PlayInEditor Detection: Level '/Game/StarterContent/Maps/Minimal_Default.Minimal_Default:PersistentLevel' has LevelScriptBlueprint '/Game/StarterContent/Maps/Minimal_Default.Minimal_Default:PersistentLevel.Minimal_Default' with GeneratedClass '/Game/StarterContent/Maps/Minimal_Default.Minimal_Default_C' with ClassGeneratedBy '/Game/StarterContent/Maps/Minimal_Default.Minimal_Default:PersistentLevel.Minimal_Default'
[2018.11.22-10.49.59:789][229]LogPlayLevel: PlayLevel: No blueprints needed recompiling
[2018.11.22-10.49.59:813][229]PIE: New page: PIE session: Minimal_Default (22 Nov 2018 10:49:59)
[2018.11.22-10.49.59:813][229]LogPlayLevel: Creating play world package: /Game/StarterContent/Maps/UEDPIE_1_Minimal_Default
[2018.11.22-10.49.59:822][229]LogPlayLevel: PIE: StaticDuplicateObject took: (0.008156s)
[2018.11.22-10.49.59:823][229]LogAIModule: Creating AISystem for world Minimal_Default
[2018.11.22-10.49.59:823][229]LogPlayLevel: PIE: World Init took: (0.001118s)
[2018.11.22-10.49.59:823][229]LogPlayLevel: PIE: Created PIE world by copying editor world from /Game/StarterContent/Maps/Minimal_Default.Minimal_Default to /Game/StarterContent/Maps/UEDPIE_1_Minimal_Default.Minimal_Default (0.010045s)
[2018.11.22-10.49.59:864][229]LogInit: XAudio2 using 'Speakers (High Definition Audio Device)' : 2 channels at 48 kHz using 16 bits per sample (channel mask 0x3)
[2018.11.22-10.49.59:874][229]LogInit: FAudioDevice initialized.
[2018.11.22-10.49.59:963][229]LogLoad: Game class is 'FightingGameMode_C'
[2018.11.22-10.49.59:966][229]LogWorld: Bringing World /Game/StarterContent/Maps/UEDPIE_1_Minimal_Default.Minimal_Default up for play (max tick rate 0) at 2018.11.22-10.49.59
[2018.11.22-10.49.59:967][229]LogWorld: Bringing up level for play took: 0.001052
[2018.11.22-10.49.59:987][229]LogContentBrowser: Native class hierarchy updated for 'MovieSceneCapture' in 0.0004 seconds. Added 10 classes and 0 folders.
[2018.11.22-10.49.59:989][229]LogTemp: Display: ParseSettings for GameNetDriver
[2018.11.22-10.49.59:990][229]LogTemp: Display: ParseSettings for IpNetDriver_0
[2018.11.22-10.49.59:990][229]LogTemp: Display: ParseSettings for GameNetDriver
[2018.11.22-10.49.59:990][229]LogNet: ReplicationDriverClass is null! Not using ReplicationDriver.
[2018.11.22-10.49.59:990][229]LogInit: WinSock: Socket queue 131072 / 131072
[2018.11.22-10.50.00:000][229]LogInit: WinSock: I am c117b-06 (10.6.118.48:0)
[2018.11.22-10.50.00:001][229]PacketHandlerLog: Loaded PacketHandler component: Engine.EngineHandlerComponentFactory (StatelessConnectHandlerComponent)
[2018.11.22-10.50.00:001][229]LogNet: GameNetDriver IpNetDriver_0 IpNetDriver listening on port 17777
[2018.11.22-10.50.00:003][229]PIE: Play in editor start time for /Game/StarterContent/Maps/UEDPIE_1_Minimal_Default 0.965
[2018.11.22-10.50.00:013][229]PIE: New page: PIE session: Minimal_Default (22 Nov 2018 10:50:00)
[2018.11.22-10.50.00:020][229]LogSlate: FSceneViewport::OnFocusLost() reason 2
[2018.11.22-10.50.00:024][229]LogSlate: Updating window title bar state: overlay mode, drag disabled, window buttons hidden, title bar hidden
[2018.11.22-10.50.00:092][229]LogNet: Browse: 127.0.0.1:17777//Game/StarterContent/Maps/Minimal_Default
[2018.11.22-10.50.00:092][229]LogTemp: Display: ParseSettings for GameNetDriver
[2018.11.22-10.50.00:092][229]LogTemp: Display: ParseSettings for IpNetDriver_1
[2018.11.22-10.50.00:093][229]LogTemp: Display: ParseSettings for PendingNetDriver
[2018.11.22-10.50.00:093][229]LogInit: WinSock: Socket queue 32768 / 32768
[2018.11.22-10.50.00:095][229]PacketHandlerLog: Loaded PacketHandler component: Engine.EngineHandlerComponentFactory (StatelessConnectHandlerComponent)
[2018.11.22-10.50.00:096][229]LogNet: Game client on port 17777, rate 10000
[2018.11.22-10.50.00:102][229]PIE: Play in editor start time for /Game/StarterContent/Maps/Minimal_Default 1.063
[2018.11.22-10.50.00:113][229]LogBlueprintUserMessages: Late PlayInEditor Detection: Level '/Game/StarterContent/Maps/Minimal_Default.Minimal_Default:PersistentLevel' has LevelScriptBlueprint '/Game/StarterContent/Maps/Minimal_Default.Minimal_Default:PersistentLevel.Minimal_Default' with GeneratedClass '/Game/StarterContent/Maps/Minimal_Default.Minimal_Default_C' with ClassGeneratedBy '/Game/StarterContent/Maps/Minimal_Default.Minimal_Default:PersistentLevel.Minimal_Default'
[2018.11.22-10.50.00:114][229]LogNet: NotifyAcceptingConnection accepted from: 127.0.0.1:59128
[2018.11.22-10.50.00:114][229]LogHandshake: SendConnectChallenge. Timestamp: 0.008334, Cookie: 250030095207087155167041049087078081112050095142160218200062
[2018.11.22-10.50.00:121][229]LogHandshake: SendChallengeResponse. Timestamp: 0.008334, Cookie: 250030095207087155167041049087078081112050095142160218200062
[2018.11.22-10.50.00:212][230]LogNet: NotifyAcceptingConnection accepted from: 127.0.0.1:59128
[2018.11.22-10.50.00:213][230]LogHandshake: SendChallengeAck. InCookie: 250030095207087155167041049087078081112050095142160218200062
[2018.11.22-10.50.00:213][230]LogNet: Server accepting post-challenge connection from: 127.0.0.1:59128
[2018.11.22-10.50.00:214][230]PacketHandlerLog: Loaded PacketHandler component: Engine.EngineHandlerComponentFactory (StatelessConnectHandlerComponent)
[2018.11.22-10.50.00:215][230]LogNet: NotifyAcceptedConnection: Name: Minimal_Default, TimeStamp: 11/22/18 10:50:00, [UNetConnection] RemoteAddr: 127.0.0.1:59128, Name: IpConnection_1, Driver: GameNetDriver IpNetDriver_0, IsServer: YES, PC: NULL, Owner: NULL, UniqueId: INVALID
[2018.11.22-10.50.00:215][230]LogNet: AddClientConnection: Added client connection: [UNetConnection] RemoteAddr: 127.0.0.1:59128, Name: IpConnection_1, Driver: GameNetDriver IpNetDriver_0, IsServer: YES, PC: NULL, Owner: NULL, UniqueId: INVALID
[2018.11.22-10.50.00:217][230]LogNetVersion: FightingGame 1.0.0.0, NetCL: 4212847, EngineNetVer: 5, GameNetVer: 0 (Checksum: 4124689447)
[2018.11.22-10.50.00:217][230]LogNet: UPendingNetGame::SendInitialJoin: Sending hello. [UNetConnection] RemoteAddr: 127.0.0.1:17777, Name: IpConnection_0, Driver: PendingNetDriver IpNetDriver_1, IsServer: NO, PC: NULL, Owner: NULL, UniqueId: INVALID
[2018.11.22-10.50.00:239][231]LogNet: NotifyAcceptingChannel Control 0 server World /Game/StarterContent/Maps/UEDPIE_1_Minimal_Default.Minimal_Default: Accepted
[2018.11.22-10.50.00:239][231]LogNet: Remote platform little endian=1
[2018.11.22-10.50.00:239][231]LogNet: This platform little endian=1
[2018.11.22-10.50.00:258][232]LogNet: Login request: /Game/StarterContent/Maps/Minimal_Default?Name=c117b-06-E3593A3641085E059F03BCAFC497B681 userId: c117b-06-E3593A3641085E059F03BCAFC497B681
[2018.11.22-10.50.00:259][232]LogNet: Welcomed by server (Level: /Game/StarterContent/Maps/UEDPIE_1_Minimal_Default, Game: /Game/FightingGameMode.FightingGameMode_C)
[2018.11.22-10.50.00:260][232]LogLoad: LoadMap: 127.0.0.1:17777//Game/StarterContent/Maps/UEDPIE_1_Minimal_Default?game=/Game/FightingGameMode.FightingGameMode_C
[2018.11.22-10.50.00:290][232]LogAIModule: Creating AISystem for world Minimal_Default
[2018.11.22-10.50.00:291][232]LogTemp: Display: ParseSettings for GameNetDriver
[2018.11.22-10.50.00:293][232]LogWorld: Bringing World /Game/StarterContent/Maps/UEDPIE_2_Minimal_Default.Minimal_Default up for play (max tick rate 0) at 2018.11.22-10.50.00
[2018.11.22-10.50.00:293][232]LogWorld: Bringing up level for play took: 0.001133
[2018.11.22-10.50.00:293][232]LogLoad: Took 0.033905 seconds to LoadMap(/Game/StarterContent/Maps/UEDPIE_1_Minimal_Default)
[2018.11.22-10.50.00:305][233]LogNet: Client netspeed is 10000
[2018.11.22-10.50.00:305][233]LogNet: Join request: /Game/StarterContent/Maps/Minimal_Default?Name=c117b-06-E3593A3641085E059F03BCAFC497B681?SplitscreenCount=1
[2018.11.22-10.50.00:305][233]LogOnline: Warning: OSS: No game present to join for session (GameSession)
[2018.11.22-10.50.00:307][233]LogNet: Join succeeded: c117b-06-E3593A36410
[2018.11.22-10.50.00:316][234]LogRenderer: Reallocating scene render targets to support 1280x720 Format 10 NumSamples 1 (Frame:1).
[2018.11.22-10.50.00:370][239]LogOnline: Warning: OSS: No game present to join for session (GameSession)
[2018.11.22-10.50.00:395][242]LogOnline: Warning: OSS: No game present to join for session (GameSession)
[2018.11.22-10.50.08:343][176]LogBlueprintUserMessages: Early EndPlayMap Detection: Level '/Game/StarterContent/Maps/Minimal_Default.Minimal_Default:PersistentLevel' has LevelScriptBlueprint '/Game/StarterContent/Maps/Minimal_Default.Minimal_Default:PersistentLevel.Minimal_Default' with GeneratedClass '/Game/StarterContent/Maps/Minimal_Default.Minimal_Default_C' with ClassGeneratedBy '/Game/StarterContent/Maps/Minimal_Default.Minimal_Default:PersistentLevel.Minimal_Default'
[2018.11.22-10.50.08:343][176]LogSlate: Updating window title bar state: overlay mode, drag disabled, window buttons hidden, title bar hidden
[2018.11.22-10.50.08:361][176]LogSlate: Window 'FightingGame Game Preview Client 1 (64-bit/PCD3D_SM5)' being destroyed
[2018.11.22-10.50.08:399][176]LogOnline: Warning: OSS: No game present to leave for session (GameSession)
[2018.11.22-10.50.08:400][176]LogSlate: Updating window title bar state: overlay mode, drag disabled, window buttons hidden, title bar hidden
[2018.11.22-10.50.08:441][176]LogPlayLevel: Display: Shutting down PIE online subsystems
[2018.11.22-10.50.08:441][176]LogBlueprintUserMessages: Late EndPlayMap Detection: Level '/Game/StarterContent/Maps/Minimal_Default.Minimal_Default:PersistentLevel' has LevelScriptBlueprint '/Game/StarterContent/Maps/Minimal_Default.Minimal_Default:PersistentLevel.Minimal_Default' with GeneratedClass '/Game/StarterContent/Maps/Minimal_Default.Minimal_Default_C' with ClassGeneratedBy '/Game/StarterContent/Maps/Minimal_Default.Minimal_Default:PersistentLevel.Minimal_Default'
[2018.11.22-10.50.08:477][176]LogNet: UChannel::CleanUp: ChIndex == 0. Closing connection. [UChannel] ChIndex: 0, Closing: 0 [UNetConnection] RemoteAddr: 127.0.0.1:59128, Name: IpConnection_1, Driver: GameNetDriver IpNetDriver_0, IsServer: YES, PC: PlayerController_1, Owner: PlayerController_1, UniqueId: NULL:c117b-06-E3593A3641085E059F03BCAFC497B681
[2018.11.22-10.50.08:478][176]LogNet: UNetConnection::Close: [UNetConnection] RemoteAddr: 127.0.0.1:59128, Name: IpConnection_1, Driver: GameNetDriver IpNetDriver_0, IsServer: YES, PC: PlayerController_1, Owner: PlayerController_1, UniqueId: NULL:c117b-06-E3593A3641085E059F03BCAFC497B681, Channels: 2, Time: 2018.11.22-10.50.08
[2018.11.22-10.50.08:478][176]LogNet: UChannel::Close: Sending CloseBunch. ChIndex == 0. Name: [UChannel] ChIndex: 0, Closing: 0 [UNetConnection] RemoteAddr: 127.0.0.1:59128, Name: IpConnection_1, Driver: GameNetDriver IpNetDriver_0, IsServer: YES, PC: PlayerController_1, Owner: PlayerController_1, UniqueId: NULL:c117b-06-E3593A3641085E059F03BCAFC497B681
[2018.11.22-10.50.08:478][176]LogNet: UChannel::CleanUp: ChIndex == 0. Closing connection. [UChannel] ChIndex: 0, Closing: 0 [UNetConnection] RemoteAddr: 127.0.0.1:17777, Name: IpConnection_0, Driver: GameNetDriver IpNetDriver_1, IsServer: NO, PC: None, Owner: None, UniqueId: NULL:c117b-06-E3593A3641085E059F03BCAFC497B681
[2018.11.22-10.50.08:478][176]LogNet: UNetConnection::Close: [UNetConnection] RemoteAddr: 127.0.0.1:17777, Name: IpConnection_0, Driver: GameNetDriver IpNetDriver_1, IsServer: NO, PC: None, Owner: None, UniqueId: NULL:c117b-06-E3593A3641085E059F03BCAFC497B681, Channels: 2, Time: 2018.11.22-10.50.08
[2018.11.22-10.50.08:478][176]LogNet: UChannel::Close: Sending CloseBunch. ChIndex == 0. Name: [UChannel] ChIndex: 0, Closing: 0 [UNetConnection] RemoteAddr: 127.0.0.1:17777, Name: IpConnection_0, Driver: GameNetDriver IpNetDriver_1, IsServer: NO, PC: None, Owner: None, UniqueId: NULL:c117b-06-E3593A3641085E059F03BCAFC497B681
[2018.11.22-10.50.08:481][176]LogSlate: Updating window title bar state: overlay mode, drag disabled, window buttons hidden, title bar hidden
[2018.11.22-10.50.08:482][176]LogExit: GameNetDriver None shut down
[2018.11.22-10.50.08:482][176]LogExit: GameNetDriver None shut down
[2018.11.22-10.50.08:501][177]LogPlayLevel: Display: Destroying online subsystem :Context_2
[2018.11.22-10.50.08:501][177]LogPlayLevel: Display: Destroying online subsystem :Context_1
[2018.11.22-10.50.48:420][702]LogSlate: FSceneViewport::OnFocusLost() reason 0
[2018.11.22-10.50.48:464][707]LogTemp: Repeating last play command: Selected Viewport
[2018.11.22-10.50.48:479][707]LogBlueprintUserMessages: Early PlayInEditor Detection: Level '/Game/StarterContent/Maps/Minimal_Default.Minimal_Default:PersistentLevel' has LevelScriptBlueprint '/Game/StarterContent/Maps/Minimal_Default.Minimal_Default:PersistentLevel.Minimal_Default' with GeneratedClass '/Game/StarterContent/Maps/Minimal_Default.Minimal_Default_C' with ClassGeneratedBy '/Game/StarterContent/Maps/Minimal_Default.Minimal_Default:PersistentLevel.Minimal_Default'
[2018.11.22-10.50.48:480][707]LogPlayLevel: PlayLevel: No blueprints needed recompiling
[2018.11.22-10.50.48:483][707]PIE: New page: PIE session: Minimal_Default (22 Nov 2018 10:50:48)
[2018.11.22-10.50.48:483][707]LogPlayLevel: Creating play world package: /Game/StarterContent/Maps/UEDPIE_1_Minimal_Default
[2018.11.22-10.50.48:486][707]LogPlayLevel: PIE: StaticDuplicateObject took: (0.002996s)
[2018.11.22-10.50.48:487][707]LogAIModule: Creating AISystem for world Minimal_Default
[2018.11.22-10.50.48:487][707]LogPlayLevel: PIE: World Init took: (0.000844s)
[2018.11.22-10.50.48:488][707]LogPlayLevel: PIE: Created PIE world by copying editor world from /Game/StarterContent/Maps/Minimal_Default.Minimal_Default to /Game/StarterContent/Maps/UEDPIE_1_Minimal_Default.Minimal_Default (0.004167s)
[2018.11.22-10.50.48:516][707]LogInit: XAudio2 using 'Speakers (High Definition Audio Device)' : 2 channels at 48 kHz using 16 bits per sample (channel mask 0x3)
[2018.11.22-10.50.48:524][707]LogInit: FAudioDevice initialized.
[2018.11.22-10.50.48:565][707]LogLoad: Game class is 'FightingGameMode_C'
[2018.11.22-10.50.48:568][707]LogWorld: Bringing World /Game/StarterContent/Maps/UEDPIE_1_Minimal_Default.Minimal_Default up for play (max tick rate 0) at 2018.11.22-10.50.48
[2018.11.22-10.50.48:569][707]LogWorld: Bringing up level for play took: 0.001862
[2018.11.22-10.50.48:586][707]LogTemp: Display: ParseSettings for GameNetDriver
[2018.11.22-10.50.48:586][707]LogTemp: Display: ParseSettings for IpNetDriver_2
[2018.11.22-10.50.48:587][707]LogTemp: Display: ParseSettings for GameNetDriver
[2018.11.22-10.50.48:587][707]LogNet: ReplicationDriverClass is null! Not using ReplicationDriver.
[2018.11.22-10.50.48:587][707]LogInit: WinSock: Socket queue 131072 / 131072
[2018.11.22-10.50.48:588][707]PacketHandlerLog: Loaded PacketHandler component: Engine.EngineHandlerComponentFactory (StatelessConnectHandlerComponent)
[2018.11.22-10.50.48:589][707]LogNet: GameNetDriver IpNetDriver_2 IpNetDriver listening on port 17777
[2018.11.22-10.50.48:590][707]PIE: Play in editor start time for /Game/StarterContent/Maps/UEDPIE_1_Minimal_Default -0.448
[2018.11.22-10.50.48:596][707]PIE: New page: PIE session: Minimal_Default (22 Nov 2018 10:50:48)
[2018.11.22-10.50.48:606][707]LogSlate: FSceneViewport::OnFocusLost() reason 2
[2018.11.22-10.50.48:611][707]LogSlate: Updating window title bar state: overlay mode, drag disabled, window buttons hidden, title bar hidden
[2018.11.22-10.50.48:672][707]LogNet: Browse: 127.0.0.1:17777//Game/StarterContent/Maps/Minimal_Default
[2018.11.22-10.50.48:673][707]LogTemp: Display: ParseSettings for GameNetDriver
[2018.11.22-10.50.48:673][707]LogTemp: Display: ParseSettings for IpNetDriver_3
[2018.11.22-10.50.48:673][707]LogTemp: Display: ParseSettings for PendingNetDriver
[2018.11.22-10.50.48:674][707]LogInit: WinSock: Socket queue 32768 / 32768
[2018.11.22-10.50.48:675][707]PacketHandlerLog: Loaded PacketHandler component: Engine.EngineHandlerComponentFactory (StatelessConnectHandlerComponent)
[2018.11.22-10.50.48:675][707]LogNet: Game client on port 17777, rate 10000
[2018.11.22-10.50.48:681][707]PIE: Play in editor start time for /Game/StarterContent/Maps/Minimal_Default -0.356
[2018.11.22-10.50.48:693][707]LogBlueprintUserMessages: Late PlayInEditor Detection: Level '/Game/StarterContent/Maps/Minimal_Default.Minimal_Default:PersistentLevel' has LevelScriptBlueprint '/Game/StarterContent/Maps/Minimal_Default.Minimal_Default:PersistentLevel.Minimal_Default' with GeneratedClass '/Game/StarterContent/Maps/Minimal_Default.Minimal_Default_C' with ClassGeneratedBy '/Game/StarterContent/Maps/Minimal_Default.Minimal_Default:PersistentLevel.Minimal_Default'
[2018.11.22-10.50.48:693][707]LogNet: NotifyAcceptingConnection accepted from: 127.0.0.1:61101
[2018.11.22-10.50.48:694][707]LogHandshake: SendConnectChallenge. Timestamp: 0.008334, Cookie: 226186241117210195102193085004159165060194230224231045162137
[2018.11.22-10.50.48:695][707]LogHandshake: SendChallengeResponse. Timestamp: 0.008334, Cookie: 226186241117210195102193085004159165060194230224231045162137
[2018.11.22-10.50.48:771][708]LogNet: NotifyAcceptingConnection accepted from: 127.0.0.1:61101
[2018.11.22-10.50.48:771][708]LogHandshake: SendChallengeAck. InCookie: 226186241117210195102193085004159165060194230224231045162137
[2018.11.22-10.50.48:771][708]LogNet: Server accepting post-challenge connection from: 127.0.0.1:61101
[2018.11.22-10.50.48:772][708]PacketHandlerLog: Loaded PacketHandler component: Engine.EngineHandlerComponentFactory (StatelessConnectHandlerComponent)
[2018.11.22-10.50.48:772][708]LogNet: NotifyAcceptedConnection: Name: Minimal_Default, TimeStamp: 11/22/18 10:50:48, [UNetConnection] RemoteAddr: 127.0.0.1:61101, Name: IpConnection_3, Driver: GameNetDriver IpNetDriver_2, IsServer: YES, PC: NULL, Owner: NULL, UniqueId: INVALID
[2018.11.22-10.50.48:772][708]LogNet: AddClientConnection: Added client connection: [UNetConnection] RemoteAddr: 127.0.0.1:61101, Name: IpConnection_3, Driver: GameNetDriver IpNetDriver_2, IsServer: YES, PC: NULL, Owner: NULL, UniqueId: INVALID
[2018.11.22-10.50.48:774][708]LogNet: UPendingNetGame::SendInitialJoin: Sending hello. [UNetConnection] RemoteAddr: 127.0.0.1:17777, Name: IpConnection_2, Driver: PendingNetDriver IpNetDriver_3, IsServer: NO, PC: NULL, Owner: NULL, UniqueId: INVALID
[2018.11.22-10.50.48:783][709]LogNet: NotifyAcceptingChannel Control 0 server World /Game/StarterContent/Maps/UEDPIE_1_Minimal_Default.Minimal_Default: Accepted
[2018.11.22-10.50.48:783][709]LogNet: Remote platform little endian=1
[2018.11.22-10.50.48:783][709]LogNet: This platform little endian=1
[2018.11.22-10.50.48:803][710]LogNet: Login request: /Game/StarterContent/Maps/Minimal_Default?Name=c117b-06-807FB216424CB3D2F436348502B56EBF userId: c117b-06-807FB216424CB3D2F436348502B56EBF
[2018.11.22-10.50.48:805][710]LogNet: Welcomed by server (Level: /Game/StarterContent/Maps/UEDPIE_1_Minimal_Default, Game: /Game/FightingGameMode.FightingGameMode_C)
[2018.11.22-10.50.48:805][710]LogLoad: LoadMap: 127.0.0.1:17777//Game/StarterContent/Maps/UEDPIE_1_Minimal_Default?game=/Game/FightingGameMode.FightingGameMode_C
[2018.11.22-10.50.48:836][710]LogAIModule: Creating AISystem for world Minimal_Default
[2018.11.22-10.50.48:836][710]LogTemp: Display: ParseSettings for GameNetDriver
[2018.11.22-10.50.48:837][710]LogWorld: Bringing World /Game/StarterContent/Maps/UEDPIE_2_Minimal_Default.Minimal_Default up for play (max tick rate 0) at 2018.11.22-10.50.48
[2018.11.22-10.50.48:838][710]LogWorld: Bringing up level for play took: 0.000863
[2018.11.22-10.50.48:838][710]LogLoad: Took 0.033428 seconds to LoadMap(/Game/StarterContent/Maps/UEDPIE_1_Minimal_Default)
[2018.11.22-10.50.48:847][711]LogNet: Client netspeed is 10000
[2018.11.22-10.50.48:848][711]LogNet: Join request: /Game/StarterContent/Maps/Minimal_Default?Name=c117b-06-807FB216424CB3D2F436348502B56EBF?SplitscreenCount=1
[2018.11.22-10.50.48:848][711]LogOnline: Warning: OSS: No game present to join for session (GameSession)
[2018.11.22-10.50.48:849][711]LogNet: Join succeeded: c117b-06-807FB216424
[2018.11.22-10.50.48:901][717]LogOnline: Warning: OSS: No game present to join for session (GameSession)
[2018.11.22-10.50.48:917][719]LogOnline: Warning: OSS: No game present to join for session (GameSession)
[2018.11.22-10.51.07:086][868]LogSlate: FSceneViewport::OnFocusLost() reason 0
[2018.11.22-10.51.07:205][882]LogBlueprintUserMessages: Early EndPlayMap Detection: Level '/Game/StarterContent/Maps/Minimal_Default.Minimal_Default:PersistentLevel' has LevelScriptBlueprint '/Game/StarterContent/Maps/Minimal_Default.Minimal_Default:PersistentLevel.Minimal_Default' with GeneratedClass '/Game/StarterContent/Maps/Minimal_Default.Minimal_Default_C' with ClassGeneratedBy '/Game/StarterContent/Maps/Minimal_Default.Minimal_Default:PersistentLevel.Minimal_Default'
[2018.11.22-10.51.07:205][882]LogSlate: Updating window title bar state: overlay mode, drag disabled, window buttons hidden, title bar hidden
[2018.11.22-10.51.07:221][882]LogSlate: Window 'FightingGame Game Preview Client 1 (64-bit/PCD3D_SM5)' being destroyed
[2018.11.22-10.51.07:255][882]LogOnline: Warning: OSS: No game present to leave for session (GameSession)
[2018.11.22-10.51.07:255][882]LogSlate: Updating window title bar state: overlay mode, drag disabled, window buttons hidden, title bar hidden
[2018.11.22-10.51.07:299][882]LogPlayLevel: Display: Shutting down PIE online subsystems
[2018.11.22-10.51.07:300][882]LogBlueprintUserMessages: Late EndPlayMap Detection: Level '/Game/StarterContent/Maps/Minimal_Default.Minimal_Default:PersistentLevel' has LevelScriptBlueprint '/Game/StarterContent/Maps/Minimal_Default.Minimal_Default:PersistentLevel.Minimal_Default' with GeneratedClass '/Game/StarterContent/Maps/Minimal_Default.Minimal_Default_C' with ClassGeneratedBy '/Game/StarterContent/Maps/Minimal_Default.Minimal_Default:PersistentLevel.Minimal_Default'
[2018.11.22-10.51.07:336][882]LogNet: UChannel::CleanUp: ChIndex == 0. Closing connection. [UChannel] ChIndex: 0, Closing: 0 [UNetConnection] RemoteAddr: 127.0.0.1:61101, Name: IpConnection_3, Driver: GameNetDriver IpNetDriver_2, IsServer: YES, PC: None, Owner: None, UniqueId: NULL:c117b-06-807FB216424CB3D2F436348502B56EBF
[2018.11.22-10.51.07:336][882]LogNet: UNetConnection::Close: [UNetConnection] RemoteAddr: 127.0.0.1:61101, Name: IpConnection_3, Driver: GameNetDriver IpNetDriver_2, IsServer: YES, PC: None, Owner: None, UniqueId: NULL:c117b-06-807FB216424CB3D2F436348502B56EBF, Channels: 2, Time: 2018.11.22-10.51.07
[2018.11.22-10.51.07:336][882]LogNet: UChannel::Close: Sending CloseBunch. ChIndex == 0. Name: [UChannel] ChIndex: 0, Closing: 0 [UNetConnection] RemoteAddr: 127.0.0.1:61101, Name: IpConnection_3, Driver: GameNetDriver IpNetDriver_2, IsServer: YES, PC: None, Owner: None, UniqueId: NULL:c117b-06-807FB216424CB3D2F436348502B56EBF
[2018.11.22-10.51.07:337][882]LogNet: UChannel::CleanUp: ChIndex == 0. Closing connection. [UChannel] ChIndex: 0, Closing: 0 [UNetConnection] RemoteAddr: 127.0.0.1:17777, Name: IpConnection_2, Driver: GameNetDriver IpNetDriver_3, IsServer: NO, PC: None, Owner: None, UniqueId: NULL:c117b-06-807FB216424CB3D2F436348502B56EBF
[2018.11.22-10.51.07:337][882]LogNet: UNetConnection::Close: [UNetConnection] RemoteAddr: 127.0.0.1:17777, Name: IpConnection_2, Driver: GameNetDriver IpNetDriver_3, IsServer: NO, PC: None, Owner: None, UniqueId: NULL:c117b-06-807FB216424CB3D2F436348502B56EBF, Channels: 2, Time: 2018.11.22-10.51.07
[2018.11.22-10.51.07:337][882]LogNet: UChannel::Close: Sending CloseBunch. ChIndex == 0. Name: [UChannel] ChIndex: 0, Closing: 0 [UNetConnection] RemoteAddr: 127.0.0.1:17777, Name: IpConnection_2, Driver: GameNetDriver IpNetDriver_3, IsServer: NO, PC: None, Owner: None, UniqueId: NULL:c117b-06-807FB216424CB3D2F436348502B56EBF
[2018.11.22-10.51.07:340][882]LogSlate: Updating window title bar state: overlay mode, drag disabled, window buttons hidden, title bar hidden
[2018.11.22-10.51.07:341][882]LogExit: GameNetDriver None shut down
[2018.11.22-10.51.07:341][882]LogExit: GameNetDriver None shut down
[2018.11.22-10.51.07:359][883]LogPlayLevel: Display: Destroying online subsystem :Context_5
[2018.11.22-10.51.07:359][883]LogPlayLevel: Display: Destroying online subsystem :Context_4
