Log file open, 01/02/19 20:53:20
LogWindows: Failed to load 'aqProf.dll' (GetLastError=126)
LogWindows: File 'aqProf.dll' does not exist
LogWindows: Failed to load 'VSPerf140.dll' (GetLastError=126)
LogWindows: File 'VSPerf140.dll' does not exist
LogWindows: Failed to load 'VtuneApi.dll' (GetLastError=126)
LogWindows: File 'VtuneApi.dll' does not exist
LogWindows: Failed to load 'VtuneApi32e.dll' (GetLastError=126)
LogWindows: File 'VtuneApi32e.dll' does not exist
LogInit: Display: Running engine for game: FightingGame
LogPlatformFile: Not using cached read wrapper
LogTaskGraph: Started task graph with 5 named threads and 23 total threads with 3 sets of task threads.
LogStats: Stats thread started at 0.387695
LogD3D11RHI: Loaded GFSDK_Aftermath_Lib.x64.dll
LogICUInternationalization: Display: ICU TimeZone Detection - Raw Offset: +0:00, Platform Override: ''
LogPluginManager: Mounting plugin Paper2D
LogPluginManager: Mounting plugin AISupport
LogPluginManager: Mounting plugin LightPropagationVolume
LogPluginManager: Mounting plugin CLionSourceCodeAccess
LogPluginManager: Mounting plugin CodeLiteSourceCodeAccess
LogPluginManager: Mounting plugin GitSourceControl
LogPluginManager: Mounting plugin KDevelopSourceCodeAccess
LogPluginManager: Mounting plugin NullSourceCodeAccess
LogPluginManager: Mounting plugin PerforceSourceControl
LogPluginManager: Mounting plugin SubversionSourceControl
LogPluginManager: Mounting plugin UObjectPlugin
LogPluginManager: Mounting plugin VisualStudioCodeSourceCodeAccess
LogPluginManager: Mounting plugin VisualStudioSourceCodeAccess
LogPluginManager: Mounting plugin XCodeSourceCodeAccess
LogPluginManager: Mounting plugin AssetManagerEditor
LogPluginManager: Mounting plugin CryptoKeys
LogPluginManager: Mounting plugin DataValidation
LogPluginManager: Mounting plugin FacialAnimation
LogPluginManager: Mounting plugin GameplayTagsEditor
LogPluginManager: Mounting plugin MacGraphicsSwitching
LogPluginManager: Mounting plugin MeshEditor
LogPluginManager: Mounting plugin MobileLauncherProfileWizard
LogPluginManager: Mounting plugin PluginBrowser
LogPluginManager: Mounting plugin SpeedTreeImporter
LogPluginManager: Mounting plugin DatasmithContent
LogPluginManager: Mounting plugin AlembicImporter
LogPluginManager: Mounting plugin AppleImageUtils
LogPluginManager: Mounting plugin AppleVision
LogPluginManager: Mounting plugin BackChannel
LogPluginManager: Mounting plugin CharacterAI
LogPluginManager: Mounting plugin GeometryCache
LogPluginManager: Mounting plugin HTML5Networking
LogPluginManager: Mounting plugin ProxyLODPlugin
LogPluginManager: Mounting plugin MagicLeap
LogPluginManager: Mounting plugin MagicLeapEmulator
LogPluginManager: Mounting plugin MagicLeapMedia
LogPluginManager: Mounting plugin AndroidMedia
LogPluginManager: Mounting plugin AvfMedia
LogPluginManager: Mounting plugin ImgMedia
LogPluginManager: Mounting plugin LinearTimecode
LogPluginManager: Mounting plugin MediaCompositing
LogPluginManager: Mounting plugin MediaPlayerEditor
LogPluginManager: Mounting plugin WmfMedia
LogPluginManager: Mounting plugin TcpMessaging
LogPluginManager: Mounting plugin UdpMessaging
LogPluginManager: Mounting plugin ActorSequence
LogPluginManager: Mounting plugin LevelSequenceEditor
LogPluginManager: Mounting plugin MatineeToLevelSequence
LogPluginManager: Mounting plugin NetcodeUnitTest
LogPluginManager: Mounting plugin NUTUnrealEngine4
LogPluginManager: Mounting plugin OnlineSubsystemGooglePlay
LogPluginManager: Mounting plugin OnlineSubsystemIOS
LogPluginManager: Mounting plugin OnlineSubsystem
LogPluginManager: Mounting plugin OnlineSubsystemNull
LogPluginManager: Mounting plugin OnlineSubsystemUtils
LogPluginManager: Mounting plugin LauncherChunkInstaller
LogPluginManager: Mounting plugin AndroidDeviceProfileSelector
LogPluginManager: Mounting plugin AndroidMoviePlayer
LogPluginManager: Mounting plugin AndroidPermission
LogPluginManager: Mounting plugin AppleMoviePlayer
LogPluginManager: Mounting plugin ArchVisCharacter
LogPluginManager: Mounting plugin AudioCapture
LogPluginManager: Mounting plugin CableComponent
LogPluginManager: Mounting plugin CustomMeshComponent
LogPluginManager: Mounting plugin EditableMesh
LogPluginManager: Mounting plugin ExampleDeviceProfileSelector
LogPluginManager: Mounting plugin GoogleCloudMessaging
LogPluginManager: Mounting plugin ImmediatePhysics
LogPluginManager: Mounting plugin IOSDeviceProfileSelector
LogPluginManager: Mounting plugin LinuxDeviceProfileSelector
LogPluginManager: Mounting plugin LocationServicesBPLibrary
LogPluginManager: Mounting plugin MobilePatchingUtils
LogPluginManager: Mounting plugin OculusVR
LogPluginManager: Plugin shader directory ../../../Engine/Plugins/Runtime/Oculus/OculusVR/Shaders found
LogPluginManager: Mapping shader source directory ../../../Engine/Plugins/Runtime/Oculus/OculusVR/Shaders to virtual directory /Plugin/OculusVR
LogPluginManager: Mounting plugin PhysXVehicles
LogPluginManager: Mounting plugin ProceduralMeshComponent
LogPluginManager: Mounting plugin RuntimePhysXCooking
LogPluginManager: Mounting plugin SteamVR
LogPluginManager: Mounting plugin WindowsMoviePlayer
LogStreaming: Display: Took  0.235s to configure plugins.
LogInit: Using libcurl 7.55.1-DEV
LogInit:  - built for x86_64-pc-win32
LogInit:  - supports SSL with OpenSSL/1.0.2h
LogInit:  - supports HTTP deflate (compression) using libz 1.2.8
LogInit:  - other features:
LogInit:      CURL_VERSION_SSL
LogInit:      CURL_VERSION_LIBZ
LogInit:      CURL_VERSION_IPV6
LogInit:      CURL_VERSION_ASYNCHDNS
LogInit:      CURL_VERSION_LARGEFILE
LogInit:      CURL_VERSION_IDN
LogInit:  CurlRequestOptions (configurable via config and command line):
LogInit:  - bVerifyPeer = false  - Libcurl will NOT verify peer certificate
LogInit:  - bUseHttpProxy = false  - Libcurl will NOT use HTTP proxy
LogInit:  - bDontReuseConnections = false  - Libcurl will reuse connections
LogInit:  - CertBundlePath = nullptr  - Libcurl will use whatever was configured at build time.
LogInit:  - MaxHostConnections = 16  - Libcurl will limit the number of connections to a host
LogInit:  - LocalHostAddr = Default
LogInit:  - BufferSize = 65536
LogInit: WinSock: version 1.1 (2.2), MaxSocks=32767, MaxUdp=65467
LogInit: Build: ++UE4+Release-4.20-CL-4369336
LogInit: Engine Version: 4.20.3-4369336+++UE4+Release-4.20
LogInit: Compatible Engine Version: 4.20.0-4212847+++UE4+Release-4.20
LogInit: Net CL: 4212847
LogInit: OS: Windows 10 (), CPU: Intel(R) Core(TM) i7-6700K CPU @ 4.00GHz, GPU: NVIDIA GeForce GTX 1060 6GB
LogInit: Compiled (64-bit): Sep 17 2018 12:26:19
LogInit: Compiled with Visual C++: 19.13.26129.00
LogInit: Build Configuration: Development
LogInit: Branch Name: ++UE4+Release-4.20
LogInit: Command Line:  -skipcompile
LogInit: Base Directory: D:/Program Files/Epic Games/UE_4.20/Engine/Binaries/Win64/
LogInit: Installed Engine Build: 1
LogDevObjectVersion: Number of dev versions registered: 20
LogDevObjectVersion:   Dev-Blueprints (B0D832E4-1F89-4F0D-ACCF-7EB736FD4AA2): 10
LogDevObjectVersion:   Dev-Build (E1C64328-A22C-4D53-A36C-8E866417BD8C): 0
LogDevObjectVersion:   Dev-Core (375EC13C-06E4-48FB-B500-84F0262A717E): 2
LogDevObjectVersion:   Dev-Editor (E4B068ED-F494-42E9-A231-DA0B2E46BB41): 24
LogDevObjectVersion:   Dev-Framework (CFFC743F-43B0-4480-9391-14DF171D2073): 34
LogDevObjectVersion:   Dev-Mobile (B02B49B5-BB20-44E9-A304-32B752E40360): 2
LogDevObjectVersion:   Dev-Networking (A4E4105C-59A1-49B5-A7C5-40C4547EDFEE): 0
LogDevObjectVersion:   Dev-Online (39C831C9-5AE6-47DC-9A44-9C173E1C8E7C): 0
LogDevObjectVersion:   Dev-Physics (78F01B33-EBEA-4F98-B9B4-84EACCB95AA2): 0
LogDevObjectVersion:   Dev-Platform (6631380F-2D4D-43E0-8009-CF276956A95A): 0
LogDevObjectVersion:   Dev-Rendering (12F88B9F-8875-4AFC-A67C-D90C383ABD29): 26
LogDevObjectVersion:   Dev-Sequencer (7B5AE74C-D270-4C10-A958-57980B212A5A): 9
LogDevObjectVersion:   Dev-VR (D7296918-1DD6-4BDD-9DE2-64A83CC13884): 2
LogDevObjectVersion:   Dev-LoadTimes (C2A15278-BFE7-4AFE-6C17-90FF531DF755): 1
LogDevObjectVersion:   Private-Geometry (6EACA3D4-40EC-4CC1-B786-8BED09428FC5): 3
LogDevObjectVersion:   Dev-AnimPhys (29E575DD-E0A3-4627-9D10-D276232CDCEA): 17
LogDevObjectVersion:   Dev-ReflectionCapture (6B266CEC-1EC7-4B8F-A30B-E4D90942FC07): 1
LogDevObjectVersion:   Dev-Automation (0DF73D61-A23F-47EA-B727-89E90C41499A): 1
LogDevObjectVersion:   FortniteMain (601D1886-AC64-4F84-AA16-D3DE0DEAC7D6): 12
LogDevObjectVersion:   Dev-Enterprise (9DFFBCD6-494F-0158-E221-12823C92A888): 1
LogStreaming: Display: Took  0.008s to delete old logs.
LogInit: Presizing for max 8388607 objects, including 0 objects not considered by GC, pre-allocating 0 bytes for permanent pool.
LogInit: Object subsystem initialized
[2019.01.02-20.53.21:428][  0]LogInit: Selected Device Profile: [Windows]
[2019.01.02-20.53.21:428][  0]LogInit: Applying CVar settings loaded from the selected device profile: [Windows]
[2019.01.02-20.53.21:442][  0]LogHAL: Display: Platform has ~ 16 GB [17126547456 / 17179869184 / 16], which maps to Larger [LargestMinGB=32, LargerMinGB=12, DefaultMinGB=8, SmallerMinGB=6, SmallestMinGB=0)
[2019.01.02-20.53.21:442][  0]LogInit: Setting Device Profile CVar: [[r.Vulkan.UseRealUBs:1]]
[2019.01.02-20.53.21:442][  0]LogInit: Going up to parent DeviceProfile []
[2019.01.02-20.53.21:442][  0]LogInit: Computer: EDWARD
[2019.01.02-20.53.21:442][  0]LogInit: User: John
[2019.01.02-20.53.21:443][  0]LogInit: CPU Page size=4096, Cores=4
[2019.01.02-20.53.21:443][  0]LogInit: High frequency timer resolution =3.914064 MHz
[2019.01.02-20.53.21:443][  0]LogMemory: Memory total: Physical=16.0GB (16GB approx)
[2019.01.02-20.53.21:443][  0]LogMemory: Platform Memory Stats for Windows
[2019.01.02-20.53.21:443][  0]LogMemory: Process Physical Memory: 102.19 MB used, 102.19 MB peak
[2019.01.02-20.53.21:443][  0]LogMemory: Process Virtual Memory: 93.45 MB used, 93.45 MB peak
[2019.01.02-20.53.21:443][  0]LogMemory: Physical Memory: 8414.91 MB used,  7918.23 MB free, 16333.15 MB total
[2019.01.02-20.53.21:443][  0]LogMemory: Virtual Memory: 4642.46 MB used,  7918.23 MB free, 134217728.00 MB total
[2019.01.02-20.53.21:566][  0]LogInit: Using OS detected language (en-US).
[2019.01.02-20.53.21:566][  0]LogInit: Using OS detected locale (en-US).
[2019.01.02-20.53.21:567][  0]LogTextLocalizationManager: No specific localization for 'en-US' exists, so the 'en' localization will be used.
[2019.01.02-20.53.21:894][  0]LogStreaming: Display: Took  0.328s to InitEngineTextLocalization.
[2019.01.02-20.53.21:894][  0]LogInit: Setting process to per monitor DPI aware
[2019.01.02-20.53.21:972][  0]LogSlate: New Slate User Created.  User Index 0, Is Virtual User: 0
[2019.01.02-20.53.21:972][  0]LogSlate: Slate User Registered.  User Index 0, Is Virtual User: 0
[2019.01.02-20.53.22:309][  0]LogHMD: Failed to initialize OpenVR with code 102
[2019.01.02-20.53.22:309][  0]LogD3D11RHI: D3D11 adapters:
[2019.01.02-20.53.22:383][  0]LogD3D11RHI:    0. 'NVIDIA GeForce GTX 1060 6GB' (Feature Level 11_0)
[2019.01.02-20.53.22:383][  0]LogD3D11RHI:       6061/0/8166 MB DedicatedVideo/DedicatedSystem/SharedSystem, Outputs:3, VendorId:0x10de
[2019.01.02-20.53.22:389][  0]LogD3D11RHI:    1. 'Microsoft Basic Render Driver' (Feature Level 11_0)
[2019.01.02-20.53.22:389][  0]LogD3D11RHI:       0/0/8166 MB DedicatedVideo/DedicatedSystem/SharedSystem, Outputs:0, VendorId:0x1414
[2019.01.02-20.53.22:389][  0]LogD3D11RHI: Chosen D3D11 Adapter: 0
[2019.01.02-20.53.22:401][  0]LogD3D11RHI: Creating new Direct3DDevice
[2019.01.02-20.53.22:401][  0]LogD3D11RHI:     GPU DeviceId: 0x1c03 (for the marketing name, search the web for "GPU Device Id")
[2019.01.02-20.53.22:401][  0]LogWindows: EnumDisplayDevices:
[2019.01.02-20.53.22:401][  0]LogWindows:    0. 'NVIDIA GeForce GTX 1060 6GB' (P:1 D:1)
[2019.01.02-20.53.22:402][  0]LogWindows:    1. 'NVIDIA GeForce GTX 1060 6GB' (P:0 D:1)
[2019.01.02-20.53.22:403][  0]LogWindows:    2. 'NVIDIA GeForce GTX 1060 6GB' (P:0 D:1)
[2019.01.02-20.53.22:403][  0]LogWindows:    3. 'NVIDIA GeForce GTX 1060 6GB' (P:0 D:0)
[2019.01.02-20.53.22:404][  0]LogWindows: DebugString: FoundDriverCount:4 
[2019.01.02-20.53.22:404][  0]LogD3D11RHI:     Adapter Name: NVIDIA GeForce GTX 1060 6GB
[2019.01.02-20.53.22:404][  0]LogD3D11RHI:   Driver Version: 388.13 (internal:23.21.13.8813, unified:388.13)
[2019.01.02-20.53.22:404][  0]LogD3D11RHI:      Driver Date: 10-27-2017
[2019.01.02-20.53.22:404][  0]LogRHI: Texture pool is 4242 MB (70% of 6061 MB)
[2019.01.02-20.53.22:451][  0]LogD3D11RHI: Async texture creation enabled
[2019.01.02-20.53.22:468][  0]LogD3D11RHI: GPU Timing Frequency: 1000.000000 (Debug: 2 1)
[2019.01.02-20.53.22:568][  0]LogShaderCompilers: Guid format shader working directory is -1 characters bigger than the processId version (../../../../../../Git/FightingGame/FightingGame/Intermediate/Shaders/WorkingDirectory/324/).
[2019.01.02-20.53.22:568][  0]LogShaderCompilers: Cleaned the shader compiler working directory 'C:/Users/John/AppData/Local/Temp/UnrealShaderWorkingDir/BC398BAA4829A07872F99C94AE1D1DC4/'.
[2019.01.02-20.53.22:881][  0]LogTemp: Display: Loaded TP AllDesktopTargetPlatform
[2019.01.02-20.53.22:900][  0]LogTemp: Display: Loaded TP MacClientTargetPlatform
[2019.01.02-20.53.22:919][  0]LogTemp: Display: Loaded TP MacNoEditorTargetPlatform
[2019.01.02-20.53.22:941][  0]LogTemp: Display: Loaded TP MacServerTargetPlatform
[2019.01.02-20.53.22:962][  0]LogTemp: Display: Loaded TP MacTargetPlatform
[2019.01.02-20.53.22:982][  0]LogTemp: Display: Loaded TP WindowsClientTargetPlatform
[2019.01.02-20.53.23:003][  0]LogTemp: Display: Loaded TP WindowsNoEditorTargetPlatform
[2019.01.02-20.53.23:025][  0]LogTemp: Display: Loaded TP WindowsServerTargetPlatform
[2019.01.02-20.53.23:042][  0]LogTemp: Display: Loaded TP WindowsTargetPlatform
[2019.01.02-20.53.23:122][  0]LogTemp: Display: Loaded TP AndroidTargetPlatform
[2019.01.02-20.53.23:122][  0]LogTemp: Display: Loaded TP AndroidTargetPlatform
[2019.01.02-20.53.23:122][  0]LogTemp: Display: Loaded TP AndroidTargetPlatform
[2019.01.02-20.53.23:122][  0]LogTemp: Display: Loaded TP AndroidTargetPlatform
[2019.01.02-20.53.23:122][  0]LogTemp: Display: Loaded TP AndroidTargetPlatform
[2019.01.02-20.53.23:122][  0]LogTemp: Display: Loaded TP AndroidTargetPlatform
[2019.01.02-20.53.23:122][  0]LogTemp: Display: Loaded TP AndroidTargetPlatform
[2019.01.02-20.53.23:122][  0]LogTemp: Display: Loaded TP AndroidTargetPlatform
[2019.01.02-20.53.23:122][  0]LogTemp: Display: Loaded TP AndroidTargetPlatform
[2019.01.02-20.53.23:122][  0]LogTemp: Display: Loaded TP AndroidTargetPlatform
[2019.01.02-20.53.23:122][  0]LogTemp: Display: Loaded TP AndroidTargetPlatform
[2019.01.02-20.53.23:123][  0]LogTemp: Display: Loaded TP AndroidTargetPlatform
[2019.01.02-20.53.23:123][  0]LogTemp: Display: Loaded TP AndroidTargetPlatform
[2019.01.02-20.53.23:123][  0]LogTemp: Display: Loaded TP AndroidTargetPlatform
[2019.01.02-20.53.23:123][  0]LogTemp: Display: Loaded TP AndroidTargetPlatform
[2019.01.02-20.53.23:123][  0]LogTemp: Display: Loaded TP AndroidTargetPlatform
[2019.01.02-20.53.23:123][  0]LogTemp: Display: Loaded TP AndroidTargetPlatform
[2019.01.02-20.53.23:123][  0]LogTemp: Display: Loaded TP AndroidTargetPlatform
[2019.01.02-20.53.23:128][  0]LogTemp: Display: Loaded TP HTML5TargetPlatform
[2019.01.02-20.53.23:229][  0]LogTemp: Display: Loaded TP IOSTargetPlatform
[2019.01.02-20.53.23:229][  0]LogTemp: Display: Loaded TP IOSTargetPlatform
[2019.01.02-20.53.23:279][  0]LogTemp: Display: Loaded TP TVOSTargetPlatform
[2019.01.02-20.53.23:280][  0]LogTemp: Display: Loaded TP TVOSTargetPlatform
[2019.01.02-20.53.23:306][  0]LogTemp: Display: Loaded TP LinuxClientTargetPlatform
[2019.01.02-20.53.23:336][  0]LogTemp: Display: Loaded TP LinuxNoEditorTargetPlatform
[2019.01.02-20.53.23:358][  0]LogTemp: Display: Loaded TP LinuxServerTargetPlatform
[2019.01.02-20.53.23:381][  0]LogTemp: Display: Loaded TP LinuxTargetPlatform
[2019.01.02-20.53.23:394][  0]LogTemp: Display: Loaded TP LuminTargetPlatform
[2019.01.02-20.53.23:395][  0]LogTargetPlatformManager: Display: Building Assets For Windows
[2019.01.02-20.53.23:610][  0]LogXGEController: Cleaning working directory: C:/Users/John/AppData/Local/Temp/UnrealXGEWorkingDir/
[2019.01.02-20.53.23:611][  0]LogXGEController: Cannot use XGE Controller as Incredibuild is not installed on this machine.
[2019.01.02-20.53.23:611][  0]LogShaderCompilers: Cannot use XGE Shader Compiler as Incredibuild is not installed on this machine.
[2019.01.02-20.53.23:612][  0]LogShaderCompilers: Display: Using Local Shader Compiler.
[2019.01.02-20.53.24:423][  0]LogDerivedDataCache: Display: Max Cache Size: 512 MB
[2019.01.02-20.53.24:484][  0]LogDerivedDataCache: Loaded boot cache 0.06s 71MB C:/Users/John/AppData/Local/UnrealEngine/4.20/DerivedDataCache/Boot.ddc.
[2019.01.02-20.53.24:485][  0]LogDerivedDataCache: Display: Loaded Boot cache: C:/Users/John/AppData/Local/UnrealEngine/4.20/DerivedDataCache/Boot.ddc
[2019.01.02-20.53.24:485][  0]LogDerivedDataCache: FDerivedDataBackendGraph:  Pak pak cache file ../../../../../../Git/FightingGame/FightingGame/DerivedDataCache/DDC.ddp not found, will not use a pak cache.
[2019.01.02-20.53.24:485][  0]LogDerivedDataCache: Unable to find inner node Pak for hierarchical cache Hierarchy.
[2019.01.02-20.53.24:485][  0]LogDerivedDataCache: FDerivedDataBackendGraph:  CompressedPak pak cache file ../../../../../../Git/FightingGame/FightingGame/DerivedDataCache/Compressed.ddp not found, will not use a pak cache.
[2019.01.02-20.53.24:485][  0]LogDerivedDataCache: Unable to find inner node CompressedPak for hierarchical cache Hierarchy.
[2019.01.02-20.53.24:498][  0]LogDerivedDataCache: Display: Pak cache opened for reading ../../../Engine/DerivedDataCache/Compressed.ddp.
[2019.01.02-20.53.24:512][  0]LogDerivedDataCache: Using Local data cache path C:/Users/John/AppData/Local/UnrealEngine/Common/DerivedDataCache: Writable
[2019.01.02-20.53.24:512][  0]LogDerivedDataCache: Shared data cache path not found in *engine.ini, will not use an Shared cache.
[2019.01.02-20.53.24:512][  0]LogDerivedDataCache: Unable to find inner node Shared for hierarchical cache Hierarchy.
[2019.01.02-20.53.24:529][  0]LogMaterial: Verifying Global Shaders for PCD3D_SM5
[2019.01.02-20.53.24:530][  0]LogSlate: Using FreeType 2.6.0
[2019.01.02-20.53.24:531][  0]LogSlate: SlateFontServices - WITH_FREETYPE: 1, WITH_HARFBUZZ: 1
[2019.01.02-20.53.24:614][  0]LogAssetRegistry: FAssetRegistry took 0.0296 seconds to start up
[2019.01.02-20.53.24:990][  0]LogInit: Selected Device Profile: [Windows]
[2019.01.02-20.53.25:172][  0]LogSimplygon: Simplygon DLL not present - disabling.
[2019.01.02-20.53.25:195][  0]LogMeshReduction: Using SimplygonSwarm for distributed automatic mesh merging
[2019.01.02-20.53.25:195][  0]LogMeshReduction: Using ProxyLODMeshReduction for automatic mesh merging
[2019.01.02-20.53.25:195][  0]LogMeshReduction: Using QuadricMeshReduction for automatic static mesh reduction
[2019.01.02-20.53.25:196][  0]LogMeshReduction: No automatic skeletal mesh reduction module available
[2019.01.02-20.53.25:226][  0]LogNetVersion: FightingGame 1.0.0, NetCL: 4212847, EngineNetVer: 5, GameNetVer: 0 (Checksum: 156865789)
[2019.01.02-20.53.25:853][  0]LogPackageLocalizationCache: Processed 11 localized package path(s) for 2 prioritized culture(s) in 0.178409 seconds
[2019.01.02-20.53.25:858][  0]LogUObjectArray: 38425 objects as part of root set at end of initial load.
[2019.01.02-20.53.25:858][  0]LogUObjectAllocator: 6690872 out of 0 bytes used by permanent object pool.
[2019.01.02-20.53.25:858][  0]LogUObjectArray: CloseDisregardForGC: 0/0 objects in disregard for GC pool
[2019.01.02-20.53.27:087][  0]LogTcpMessaging: Initializing TcpMessaging bridge
[2019.01.02-20.53.27:107][  0]LogUdpMessaging: Initializing bridge on interface 0.0.0.0:0 to multicast group 230.0.0.1:6666.
[2019.01.02-20.53.27:377][  0]SourceControl: Source control is disabled
[2019.01.02-20.53.27:377][  0]SourceControl: Source control is disabled
[2019.01.02-20.53.27:392][  0]SourceControl: Source control is disabled
[2019.01.02-20.53.27:400][  0]SourceControl: Source control is disabled
[2019.01.02-20.53.27:855][  0]LogAndroidPermission: UAndroidPermissionCallbackProxy::GetInstance
[2019.01.02-20.53.28:087][  0]LogOcInput: OculusInput pre-init called
[2019.01.02-20.53.28:184][  0]LogEngine: Initializing Engine...
[2019.01.02-20.53.28:186][  0]LogHMD: Failed to initialize OpenVR with code 102
[2019.01.02-20.53.28:187][  0]LogStats: UGameplayTagsManager::ConstructGameplayTagTree: ImportINI prefixes -  0.000 s
[2019.01.02-20.53.28:188][  0]LogStats: UGameplayTagsManager::ConstructGameplayTagTree: Construct from data asset -  0.000 s
[2019.01.02-20.53.28:188][  0]LogStats: UGameplayTagsManager::ConstructGameplayTagTree: ImportINI -  0.000 s
[2019.01.02-20.53.28:188][  0]LogStats: UGameplayTagsManager::ConstructGameplayTagTree: GameplayTagTreeChangedEvent.Broadcast -  0.000 s
[2019.01.02-20.53.28:369][  0]LogInit: Initializing FReadOnlyCVARCache
[2019.01.02-20.53.28:394][  0]LogAIModule: Creating AISystem for world Untitled
[2019.01.02-20.53.28:494][  0]LogInit: XAudio2 using 'Headset Earphone (Razer ManO'War)' : 2 channels at 48 kHz using 16 bits per sample (channel mask 0x3)
[2019.01.02-20.53.28:573][  0]LogInit: FAudioDevice initialized.
[2019.01.02-20.53.28:573][  0]LogNetVersion: Set ProjectVersion to 1.0.0.0. Version Checksum will be recalculated on next use.
[2019.01.02-20.53.30:756][  0]LogDerivedDataCache: Saved boot cache 2.18s 71MB C:/Users/John/AppData/Local/UnrealEngine/4.20/DerivedDataCache/Boot.ddc.
[2019.01.02-20.53.30:764][  0]LogInit: Texture streaming: Enabled
[2019.01.02-20.53.30:804][  0]LogEngineSessionManager: EngineSessionManager initialized
[2019.01.02-20.53.30:804][  0]LogEngineSessionManager: EngineSessionManager sent abnormal shutdown report. Type=Debugger, SessionId={6E81AF17-4C16-603D-35B0-52B02D98839B}
[2019.01.02-20.53.30:821][  0]LogInit: Transaction tracking system initialized
[2019.01.02-20.53.30:882][  0]BlueprintLog: New page: Editor Load
[2019.01.02-20.53.31:104][  0]LocalizationService: Localization service is disabled
[2019.01.02-20.53.31:490][  0]LogCook: Display: Max memory allowance for cook 16384mb min free memory 0mb
[2019.01.02-20.53.31:491][  0]LogCook: Display: Mobile HDR setting 1
[2019.01.02-20.53.31:491][  0]LogGameplayTags: Display: UGameplayTagsManager::DoneAddingNativeTags. DelegateIsBound: 0
[2019.01.02-20.53.31:491][  0]LogStats: UGameplayTagsManager::ConstructGameplayTagTree: ImportINI prefixes -  0.000 s
[2019.01.02-20.53.31:491][  0]LogStats: UGameplayTagsManager::ConstructGameplayTagTree: Construct from data asset -  0.000 s
[2019.01.02-20.53.31:491][  0]LogStats: UGameplayTagsManager::ConstructGameplayTagTree: ImportINI -  0.000 s
[2019.01.02-20.53.31:491][  0]LogStats: UGameplayTagsManager::ConstructGameplayTagTree: GameplayTagTreeChangedEvent.Broadcast -  0.000 s
[2019.01.02-20.53.31:654][  0]LogFileCache: Scanning file cache for directory 'D:/Git/FightingGame/FightingGame/Content/' took 0.02s
[2019.01.02-20.53.31:654][  0]LogLinker: Warning: Can't find file '/Engine/BasicShapes/Cylinder'
[2019.01.02-20.53.31:654][  0]LogLinker: Warning: Can't find file '/Engine/BasicShapes/Cylinder'
[2019.01.02-20.53.31:654][  0]LogUObjectGlobals: Warning: Failed to find object 'StaticMesh /Engine/BasicShapes/Cylinder.Cylinder'
[2019.01.02-20.53.31:796][  0]SourceControl: Source control is disabled
[2019.01.02-20.53.31:796][  0]Cmd: MAP LOAD FILE="../../../../../../Git/FightingGame/FightingGame/Content/StarterContent/Maps/Minimal_Default.umap" TEMPLATE=0 SHOWPROGRESS=1 FEATURELEVEL=3
[2019.01.02-20.53.31:797][  0]LightingResults: New page: Lighting Build
[2019.01.02-20.53.31:801][  0]MapCheck: New page: Map Check
[2019.01.02-20.53.31:801][  0]LightingResults: New page: Lighting Build
[2019.01.02-20.53.31:920][  0]LogBlueprint: Warning: [Compiler PlayerManager_BP] 'Player Base' does not inherit from 'Player Controller' ( Cast To Player_Base  would always fail).
[2019.01.02-20.53.31:921][  0]LogBlueprint: Warning: [Compiler PlayerManager_BP] 'Player Base' does not inherit from 'Player Controller' ( Cast To Player_Base  would always fail).
[2019.01.02-20.53.31:922][  0]LogBlueprint: Warning: [Compiler PlayerManager_BP] [0013.01] Compile of PlayerManager_BP successful, but with 2 Warning(s) [in 3 ms] (/Game/PlayerManager_BP.PlayerManager_BP)
[2019.01.02-20.53.32:049][  0]LogAIModule: Creating AISystem for world Minimal_Default
[2019.01.02-20.53.32:060][  0]LogEditorServer: Finished looking for orphan Actors (0.000 secs)
[2019.01.02-20.53.32:080][  0]Cmd: MAP CHECKDEP NOCLEARLOG
[2019.01.02-20.53.32:209][  0]MapCheck: Map check complete: 0 Error(s), 0 Warning(s), took 128.801ms to complete.
[2019.01.02-20.53.32:209][  0]LogFileHelpers: Loading map 'Minimal_Default' took 0.412
[2019.01.02-20.53.32:354][  0]LogSlate: Updating window title bar state: overlay mode, drag disabled, window buttons hidden, title bar hidden
[2019.01.02-20.53.32:360][  0]LogSlate: Updating window title bar state: overlay mode, drag disabled, window buttons hidden, title bar hidden
[2019.01.02-20.53.32:367][  0]LogSlate: Updating window title bar state: overlay mode, drag disabled, window buttons hidden, title bar hidden
[2019.01.02-20.53.32:373][  0]LogSlate: Updating window title bar state: overlay mode, drag disabled, window buttons hidden, title bar hidden
[2019.01.02-20.53.32:386][  0]LogCollectionManager: Loaded 0 collections in 0.002181 seconds
[2019.01.02-20.53.32:446][  0]LogFileCache: Scanning file cache for directory 'D:/Git/FightingGame/FightingGame/Saved/Collections/' took 0.01s
[2019.01.02-20.53.32:446][  0]LogFileCache: Scanning file cache for directory 'D:/Git/FightingGame/FightingGame/Content/Developers/John/Collections/' took 0.01s
[2019.01.02-20.53.32:446][  0]LogFileCache: Scanning file cache for directory 'D:/Git/FightingGame/FightingGame/Content/Collections/' took 0.01s
[2019.01.02-20.53.32:447][  0]LogCollectionManager: Rebuilt the GUID cache for 0 collections in 0.000000 seconds
[2019.01.02-20.53.32:455][  0]LogContentBrowser: Native class hierarchy populated in 0.0084 seconds. Added 2578 classes and 605 folders.
[2019.01.02-20.53.32:463][  0]LogContentBrowser: Native class hierarchy updated for 'WidgetCarousel' in 0.0004 seconds. Added 0 classes and 0 folders.
[2019.01.02-20.53.32:518][  0]LogContentBrowser: Native class hierarchy updated for 'AddContentDialog' in 0.0003 seconds. Added 0 classes and 0 folders.
[2019.01.02-20.53.32:530][  0]LogContentBrowser: Native class hierarchy updated for 'SceneOutliner' in 0.0004 seconds. Added 1 classes and 2 folders.
[2019.01.02-20.53.32:585][  0]LogSlate: Took 0.000229 seconds to synchronously load lazily loaded font '../../../Engine/Content/Slate/Fonts/Roboto-Regular.ttf' (155K)
[2019.01.02-20.53.32:587][  0]LogSlate: Took 0.000277 seconds to synchronously load lazily loaded font '../../../Engine/Content/Slate/Fonts/Roboto-Bold.ttf' (160K)
[2019.01.02-20.53.32:592][  0]LogSlate: Took 0.000215 seconds to synchronously load lazily loaded font '../../../Engine/Content/Editor/Slate/Fonts/FontAwesome.ttf' (139K)
[2019.01.02-20.53.32:669][  0]LogRenderer: Reallocating scene render targets to support 1208x680 Format 10 NumSamples 1 (Frame:1).
[2019.01.02-20.53.32:722][  0]LogSlate: Took 0.000203 seconds to synchronously load lazily loaded font '../../../Engine/Content/Slate/Fonts/Roboto-Light.ttf' (167K)
[2019.01.02-20.53.32:824][  0]LogContentBrowser: Native class hierarchy updated for 'HierarchicalLODOutliner' in 0.0004 seconds. Added 0 classes and 0 folders.
[2019.01.02-20.53.32:824][  0]LogLoad: (Engine Initialization) Total time: 13.91 seconds
[2019.01.02-20.53.32:825][  0]LogLoad: (Engine Initialization) Total Blueprint compile time: 0.00 seconds
[2019.01.02-20.53.32:834][  0]LogWindowsTextInputMethodSystem: Display: IME system now deactivated.
[2019.01.02-20.53.32:858][  0]LogContentStreaming: Texture pool size now 1000 MB
[2019.01.02-20.53.32:905][  1]LogAssetRegistry: Asset discovery search completed in 8.3153 seconds
[2019.01.02-20.53.32:907][  1]LogCollectionManager: Rebuilt the object cache for 0 collections in 0.000001 seconds (found 0 objects)
[2019.01.02-20.53.32:907][  1]LogCollectionManager: Fixed up redirectors for 0 collections in 0.000146 seconds (updated 0 objects)
[2019.01.02-20.53.50:765][323]LogSlate: FSceneViewport::OnFocusLost() reason 0
[2019.01.02-20.53.58:983][261]LogSlate: Took 0.000210 seconds to synchronously load lazily loaded font '../../../Engine/Content/Slate/Fonts/Roboto-Light.ttf' (167K)
[2019.01.02-20.53.58:993][261]LogAssetEditorManager: Opening Asset editor for AnimBlueprint /Game/Eve/Animations/Controllers/Eve_AnimationController.Eve_AnimationController
[2019.01.02-20.53.59:059][261]LogContentBrowser: Native class hierarchy updated for 'SkeletonEditor' in 0.0004 seconds. Added 1 classes and 2 folders.
[2019.01.02-20.53.59:252][261]LogActorComponent: RegisterComponentWithWorld: (/Engine/Transient.World_1:PersistentLevel.AnimationEditorPreviewActor_0.DebugSkelMeshComponent_0) Already registered. Aborting.
[2019.01.02-20.53.59:256][261]LogContentBrowser: Native class hierarchy updated for 'PinnedCommandList' in 0.0003 seconds. Added 1 classes and 0 folders.
[2019.01.02-20.53.59:621][261]LogContentBrowser: Native class hierarchy updated for 'BlueprintGraph' in 0.0007 seconds. Added 116 classes and 0 folders.
[2019.01.02-20.54.00:228][261]LogSkeletalMesh: USkeletalMeshComponent::InitArticulated : Bodies already created (/Engine/Transient.World_1:PersistentLevel.AnimationEditorPreviewActor_0.DebugSkelMeshComponent_0) - call TermArticulated first.
[2019.01.02-20.54.00:517][261]LogSlate: Took 0.000232 seconds to synchronously load lazily loaded font '../../../Engine/Content/Slate/Fonts/Roboto-BoldCondensed.ttf' (158K)
[2019.01.02-20.54.00:564][261]LogContentBrowser: Native class hierarchy updated for 'ClothingSystemEditorInterface' in 0.0005 seconds. Added 1 classes and 0 folders.
[2019.01.02-20.54.00:623][261]LogContentBrowser: Verbose: The majority of assets in the view are of type: AnimSequence
[2019.01.02-20.54.00:644][262]LogSlate: Took 0.000214 seconds to synchronously load lazily loaded font '../../../Engine/Content/Slate/Fonts/Roboto-Italic.ttf' (157K)
[2019.01.02-20.54.05:442][813]LogAssetEditorManager: Opening Asset editor for AnimSequence /Game/Eve/Animations/Gunplay_Anim_mixamo_com.Gunplay_Anim_mixamo_com
[2019.01.02-20.54.05:459][813]LogActorComponent: RegisterComponentWithWorld: (/Engine/Transient.World_7:PersistentLevel.AnimationEditorPreviewActor_0.DebugSkelMeshComponent_0) Already registered. Aborting.
[2019.01.02-20.54.05:500][813]LogSkeletalMesh: USkeletalMeshComponent::InitArticulated : Bodies already created (/Engine/Transient.World_7:PersistentLevel.AnimationEditorPreviewActor_0.DebugSkelMeshComponent_0) - call TermArticulated first.
[2019.01.02-20.54.05:894][813]LogContentBrowser: Verbose: The majority of assets in the view are of type: AnimSequence
[2019.01.02-20.54.51:773][201]LogSlate: Window 'Gunplay_Anim_mixamo_com' being destroyed
[2019.01.02-20.54.54:791][522]LogAssetEditorManager: Opening Asset editor for AnimSequence /Game/Eve/Animations/Shooting_Gun_Anim_mixamo_com.Shooting_Gun_Anim_mixamo_com
[2019.01.02-20.54.54:796][522]LogActorComponent: RegisterComponentWithWorld: (/Engine/Transient.World_11:PersistentLevel.AnimationEditorPreviewActor_0.DebugSkelMeshComponent_0) Already registered. Aborting.
[2019.01.02-20.54.54:837][522]LogSkeletalMesh: USkeletalMeshComponent::InitArticulated : Bodies already created (/Engine/Transient.World_11:PersistentLevel.AnimationEditorPreviewActor_0.DebugSkelMeshComponent_0) - call TermArticulated first.
[2019.01.02-20.54.55:162][522]LogContentBrowser: Verbose: The majority of assets in the view are of type: AnimSequence
[2019.01.02-20.56.14:546][186]LogSlate: Window 'Shooting_Gun_Anim_mixamo_com' being destroyed
[2019.01.02-20.56.17:792][539]LogAssetEditorManager: Opening Asset editor for AnimSequence /Game/Eve/Animations/Mma_Kick_Anim_mixamo_com.Mma_Kick_Anim_mixamo_com
[2019.01.02-20.56.17:797][539]LogActorComponent: RegisterComponentWithWorld: (/Engine/Transient.World_14:PersistentLevel.AnimationEditorPreviewActor_0.DebugSkelMeshComponent_0) Already registered. Aborting.
[2019.01.02-20.56.17:839][539]LogSkeletalMesh: USkeletalMeshComponent::InitArticulated : Bodies already created (/Engine/Transient.World_14:PersistentLevel.AnimationEditorPreviewActor_0.DebugSkelMeshComponent_0) - call TermArticulated first.
[2019.01.02-20.56.18:172][539]LogContentBrowser: Verbose: The majority of assets in the view are of type: AnimSequence
[2019.01.02-20.56.56:994][918]LogSlate: FSceneViewport::OnFocusLost() reason 0
[2019.01.02-20.56.57:248][918]LogSlate: Window 'Mma_Kick_Anim_mixamo_com' being destroyed
[2019.01.02-20.57.00:310][240]LogAssetEditorManager: Opening Asset editor for AnimSequence /Game/Eve/Animations/Kicking_Anim_mixamo_com.Kicking_Anim_mixamo_com
[2019.01.02-20.57.00:316][240]LogActorComponent: RegisterComponentWithWorld: (/Engine/Transient.World_17:PersistentLevel.AnimationEditorPreviewActor_0.DebugSkelMeshComponent_0) Already registered. Aborting.
[2019.01.02-20.57.00:359][240]LogSkeletalMesh: USkeletalMeshComponent::InitArticulated : Bodies already created (/Engine/Transient.World_17:PersistentLevel.AnimationEditorPreviewActor_0.DebugSkelMeshComponent_0) - call TermArticulated first.
[2019.01.02-20.57.00:681][240]LogContentBrowser: Verbose: The majority of assets in the view are of type: AnimSequence
[2019.01.02-20.57.12:508][466]LogSlate: FSceneViewport::OnFocusLost() reason 0
[2019.01.02-21.01.50:608][977]LogWindowsTextInputMethodSystem: Display: IME system now deactivated.
[2019.01.02-21.01.50:608][977]LogWindowsTextInputMethodSystem: Display: IME system now deactivated.
[2019.01.02-21.01.51:920][ 95]LogSlate: Window 'Kicking_Anim_mixamo_com' being destroyed
[2019.01.02-21.01.53:641][245]LogSlate: Window 'FightingGame - Unreal Editor' being destroyed
[2019.01.02-21.01.53:643][245]LogWindowsTextInputMethodSystem: Display: IME system now deactivated.
[2019.01.02-21.01.53:874][246]Cmd: QUIT_EDITOR
[2019.01.02-21.01.53:901][246]LogExit: Preparing to exit.
[2019.01.02-21.01.54:513][246]LogExit: Editor shut down
[2019.01.02-21.01.54:513][246]LogExit: Transaction tracking system shut down
[2019.01.02-21.01.55:154][246]LogExit: Object subsystem successfully closed.
[2019.01.02-21.01.55:200][246]LogShaderCompilers: Display: Shaders left to compile 0
[2019.01.02-21.01.55:205][246]LogD3D11RHI: Shutdown
[2019.01.02-21.01.55:205][246]LogD3D11RHI: CleanupD3DDevice
[2019.01.02-21.01.55:208][246]LogD3D11RHI: ~FD3D11DynamicRHI
[2019.01.02-21.01.55:781][246]LogModuleManager: Shutting down and abandoning module AnimationEditor (624)
[2019.01.02-21.01.55:781][246]LogModuleManager: Shutting down and abandoning module ClothingSystemEditorInterface (622)
[2019.01.02-21.01.55:781][246]LogModuleManager: Shutting down and abandoning module BlueprintGraph (620)
[2019.01.02-21.01.55:781][246]LogModuleManager: Shutting down and abandoning module PinnedCommandList (618)
[2019.01.02-21.01.55:781][246]LogModuleManager: Shutting down and abandoning module SkeletonEditor (616)
[2019.01.02-21.01.55:782][246]LogModuleManager: Shutting down and abandoning module AnimationBlueprintEditor (614)
[2019.01.02-21.01.55:782][246]LogModuleManager: Shutting down and abandoning module HierarchicalLODOutliner (612)
[2019.01.02-21.01.55:792][246]LogModuleManager: Shutting down and abandoning module SceneOutliner (610)
[2019.01.02-21.01.55:792][246]LogModuleManager: Shutting down and abandoning module AddContentDialog (608)
[2019.01.02-21.01.55:803][246]LogModuleManager: Shutting down and abandoning module WidgetCarousel (607)
[2019.01.02-21.01.55:804][246]LogModuleManager: Shutting down and abandoning module EditorWidgets (604)
[2019.01.02-21.01.55:804][246]LogModuleManager: Shutting down and abandoning module CollectionManager (602)
[2019.01.02-21.01.55:831][246]LogModuleManager: Shutting down and abandoning module StatsViewer (600)
[2019.01.02-21.01.55:862][246]LogModuleManager: Shutting down and abandoning module FoliageEdit (598)
[2019.01.02-21.01.55:866][246]LogModuleManager: Shutting down and abandoning module LandscapeEditor (596)
[2019.01.02-21.01.55:909][246]LogModuleManager: Shutting down and abandoning module MeshPaintMode (594)
[2019.01.02-21.01.55:919][246]LogModuleManager: Shutting down and abandoning module SceneDepthPickerMode (592)
[2019.01.02-21.01.55:919][246]LogModuleManager: Shutting down and abandoning module ActorPickerMode (590)
[2019.01.02-21.01.55:919][246]LogModuleManager: Shutting down and abandoning module GeometryMode (588)
[2019.01.02-21.01.55:919][246]LogModuleManager: Shutting down and abandoning module TextureAlignMode (586)
[2019.01.02-21.01.55:919][246]LogModuleManager: Shutting down and abandoning module BspMode (584)
[2019.01.02-21.01.55:931][246]LogModuleManager: Shutting down and abandoning module PIEPreviewDeviceProfileSelector (582)
[2019.01.02-21.01.55:938][246]LogModuleManager: Shutting down and abandoning module SequenceRecorderSections (580)
[2019.01.02-21.01.55:949][246]LogModuleManager: Shutting down and abandoning module AutomationWorker (578)
[2019.01.02-21.01.55:950][246]LogModuleManager: Shutting down and abandoning module AudioCaptureEditor (576)
[2019.01.02-21.01.55:962][246]LogModuleManager: Shutting down and abandoning module SequenceRecorder (575)
[2019.01.02-21.01.55:976][246]LogModuleManager: Shutting down and abandoning module MatineeToLevelSequence (572)
[2019.01.02-21.01.55:991][246]LogModuleManager: Shutting down and abandoning module LevelSequenceEditor (570)
[2019.01.02-21.01.56:019][246]LogModuleManager: Shutting down and abandoning module PlacementMode (569)
[2019.01.02-21.01.56:019][246]LogModuleManager: Shutting down and abandoning module MaterialEditor (568)
[2019.01.02-21.01.56:052][246]LogModuleManager: Shutting down and abandoning module WmfMediaFactory (564)
[2019.01.02-21.01.56:053][246]LogModuleManager: Shutting down and abandoning module WmfMediaEditor (562)
[2019.01.02-21.01.56:053][246]LogModuleManager: Shutting down and abandoning module MediaPlayerEditor (560)
[2019.01.02-21.01.56:105][246]LogModuleManager: Shutting down and abandoning module OpenExrWrapper (558)
[2019.01.02-21.01.56:106][246]LogModuleManager: Shutting down and abandoning module ImgMediaFactory (556)
[2019.01.02-21.01.56:106][246]LogModuleManager: Shutting down and abandoning module ImgMediaEditor (554)
[2019.01.02-21.01.56:106][246]LogModuleManager: Shutting down and abandoning module AvfMediaFactory (552)
[2019.01.02-21.01.56:106][246]LogModuleManager: Shutting down and abandoning module AvfMediaEditor (550)
[2019.01.02-21.01.56:106][246]LogModuleManager: Shutting down and abandoning module AndroidMediaFactory (548)
[2019.01.02-21.01.56:106][246]LogModuleManager: Shutting down and abandoning module AndroidMediaEditor (546)
[2019.01.02-21.01.56:106][246]LogModuleManager: Shutting down and abandoning module MagicLeapCameraPreviewFactory (544)
[2019.01.02-21.01.56:106][246]LogModuleManager: Shutting down and abandoning module MagicLeapMediaFactory (542)
[2019.01.02-21.01.56:106][246]LogModuleManager: Shutting down and abandoning module MagicLeapMediaEditor (540)
[2019.01.02-21.01.56:106][246]LogModuleManager: Shutting down and abandoning module CharacterAI (538)
[2019.01.02-21.01.56:106][246]LogModuleManager: Shutting down and abandoning module SmartSnapping (536)
[2019.01.02-21.01.56:106][246]LogModuleManager: Shutting down and abandoning module SessionServices (534)
[2019.01.02-21.01.56:106][246]LogModuleManager: Shutting down and abandoning module ViewportSnapping (532)
[2019.01.02-21.01.56:106][246]LogModuleManager: Shutting down and abandoning module ViewportInteraction (530)
[2019.01.02-21.01.56:115][246]LogModuleManager: Shutting down and abandoning module ClothPainter (528)
[2019.01.02-21.01.56:153][246]LogModuleManager: Shutting down and abandoning module SkeletalMeshEditor (527)
[2019.01.02-21.01.56:195][246]LogModuleManager: Shutting down and abandoning module LogVisualizer (524)
[2019.01.02-21.01.56:215][246]LogModuleManager: Shutting down and abandoning module IntroTutorials (522)
[2019.01.02-21.01.56:237][246]LogModuleManager: Shutting down and abandoning module GameProjectGeneration (521)
[2019.01.02-21.01.56:237][246]LogModuleManager: Shutting down and abandoning module LuminPlatformEditor (518)
[2019.01.02-21.01.56:237][246]LogModuleManager: Shutting down and abandoning module IOSPlatformEditor (516)
[2019.01.02-21.01.56:237][246]LogModuleManager: Shutting down and abandoning module HTML5PlatformEditor (514)
[2019.01.02-21.01.56:237][246]LogModuleManager: Shutting down and abandoning module AndroidPlatformEditor (512)
[2019.01.02-21.01.56:237][246]LogModuleManager: Shutting down and abandoning module AndroidDeviceDetection (511)
