Log file open, 11/23/18 20:08:11
LogWindows: Failed to load 'aqProf.dll' (GetLastError=126)
LogWindows: File 'aqProf.dll' does not exist
LogWindows: Failed to load 'VSPerf140.dll' (GetLastError=126)
LogWindows: File 'VSPerf140.dll' does not exist
LogWindows: Failed to load 'VtuneApi.dll' (GetLastError=126)
LogWindows: File 'VtuneApi.dll' does not exist
LogWindows: Failed to load 'VtuneApi32e.dll' (GetLastError=126)
LogWindows: File 'VtuneApi32e.dll' does not exist
LogInit: Display: Running engine for game: FightingGame
LogPlatformFile: Not using cached read wrapper
LogTaskGraph: Started task graph with 5 named threads and 23 total threads with 3 sets of task threads.
LogStats: Stats thread started at 0.463715
LogD3D11RHI: Loaded GFSDK_Aftermath_Lib.x64.dll
LogICUInternationalization: Display: ICU TimeZone Detection - Raw Offset: +0:00, Platform Override: ''
LogPluginManager: Mounting plugin Paper2D
LogPluginManager: Mounting plugin AISupport
LogPluginManager: Mounting plugin LightPropagationVolume
LogPluginManager: Mounting plugin CLionSourceCodeAccess
LogPluginManager: Mounting plugin CodeLiteSourceCodeAccess
LogPluginManager: Mounting plugin GitSourceControl
LogPluginManager: Mounting plugin KDevelopSourceCodeAccess
LogPluginManager: Mounting plugin NullSourceCodeAccess
LogPluginManager: Mounting plugin PerforceSourceControl
LogPluginManager: Mounting plugin SubversionSourceControl
LogPluginManager: Mounting plugin UObjectPlugin
LogPluginManager: Mounting plugin VisualStudioCodeSourceCodeAccess
LogPluginManager: Mounting plugin VisualStudioSourceCodeAccess
LogPluginManager: Mounting plugin XCodeSourceCodeAccess
LogPluginManager: Mounting plugin AssetManagerEditor
LogPluginManager: Mounting plugin CryptoKeys
LogPluginManager: Mounting plugin DataValidation
LogPluginManager: Mounting plugin FacialAnimation
LogPluginManager: Mounting plugin GameplayTagsEditor
LogPluginManager: Mounting plugin MacGraphicsSwitching
LogPluginManager: Mounting plugin MeshEditor
LogPluginManager: Mounting plugin MobileLauncherProfileWizard
LogPluginManager: Mounting plugin PluginBrowser
LogPluginManager: Mounting plugin SpeedTreeImporter
LogPluginManager: Mounting plugin DatasmithContent
LogPluginManager: Mounting plugin AlembicImporter
LogPluginManager: Mounting plugin AppleImageUtils
LogPluginManager: Mounting plugin AppleVision
LogPluginManager: Mounting plugin BackChannel
LogPluginManager: Mounting plugin CharacterAI
LogPluginManager: Mounting plugin GeometryCache
LogPluginManager: Mounting plugin HTML5Networking
LogPluginManager: Mounting plugin ProxyLODPlugin
LogPluginManager: Mounting plugin MagicLeap
LogPluginManager: Mounting plugin MagicLeapEmulator
LogPluginManager: Mounting plugin MagicLeapMedia
LogPluginManager: Mounting plugin AndroidMedia
LogPluginManager: Mounting plugin AvfMedia
LogPluginManager: Mounting plugin ImgMedia
LogPluginManager: Mounting plugin LinearTimecode
LogPluginManager: Mounting plugin MediaCompositing
LogPluginManager: Mounting plugin MediaPlayerEditor
LogPluginManager: Mounting plugin WmfMedia
LogPluginManager: Mounting plugin TcpMessaging
LogPluginManager: Mounting plugin UdpMessaging
LogPluginManager: Mounting plugin ActorSequence
LogPluginManager: Mounting plugin LevelSequenceEditor
LogPluginManager: Mounting plugin MatineeToLevelSequence
LogPluginManager: Mounting plugin NetcodeUnitTest
LogPluginManager: Mounting plugin NUTUnrealEngine4
LogPluginManager: Mounting plugin OnlineSubsystemGooglePlay
LogPluginManager: Mounting plugin OnlineSubsystemIOS
LogPluginManager: Mounting plugin OnlineSubsystem
LogPluginManager: Mounting plugin OnlineSubsystemNull
LogPluginManager: Mounting plugin OnlineSubsystemUtils
LogPluginManager: Mounting plugin LauncherChunkInstaller
LogPluginManager: Mounting plugin AndroidDeviceProfileSelector
LogPluginManager: Mounting plugin AndroidMoviePlayer
LogPluginManager: Mounting plugin AndroidPermission
LogPluginManager: Mounting plugin AppleMoviePlayer
LogPluginManager: Mounting plugin ArchVisCharacter
LogPluginManager: Mounting plugin AudioCapture
LogPluginManager: Mounting plugin CableComponent
LogPluginManager: Mounting plugin CustomMeshComponent
LogPluginManager: Mounting plugin EditableMesh
LogPluginManager: Mounting plugin ExampleDeviceProfileSelector
LogPluginManager: Mounting plugin GoogleCloudMessaging
LogPluginManager: Mounting plugin ImmediatePhysics
LogPluginManager: Mounting plugin IOSDeviceProfileSelector
LogPluginManager: Mounting plugin LinuxDeviceProfileSelector
LogPluginManager: Mounting plugin LocationServicesBPLibrary
LogPluginManager: Mounting plugin MobilePatchingUtils
LogPluginManager: Mounting plugin OculusVR
LogPluginManager: Plugin shader directory ../../../Engine/Plugins/Runtime/Oculus/OculusVR/Shaders found
LogPluginManager: Mapping shader source directory ../../../Engine/Plugins/Runtime/Oculus/OculusVR/Shaders to virtual directory /Plugin/OculusVR
LogPluginManager: Mounting plugin PhysXVehicles
LogPluginManager: Mounting plugin ProceduralMeshComponent
LogPluginManager: Mounting plugin RuntimePhysXCooking
LogPluginManager: Mounting plugin SteamVR
LogPluginManager: Mounting plugin WindowsMoviePlayer
LogStreaming: Display: Took  0.292s to configure plugins.
LogInit: Using libcurl 7.55.1-DEV
LogInit:  - built for x86_64-pc-win32
LogInit:  - supports SSL with OpenSSL/1.0.2h
LogInit:  - supports HTTP deflate (compression) using libz 1.2.8
LogInit:  - other features:
LogInit:      CURL_VERSION_SSL
LogInit:      CURL_VERSION_LIBZ
LogInit:      CURL_VERSION_IPV6
LogInit:      CURL_VERSION_ASYNCHDNS
LogInit:      CURL_VERSION_LARGEFILE
LogInit:      CURL_VERSION_IDN
LogInit:  CurlRequestOptions (configurable via config and command line):
LogInit:  - bVerifyPeer = false  - Libcurl will NOT verify peer certificate
LogInit:  - bUseHttpProxy = false  - Libcurl will NOT use HTTP proxy
LogInit:  - bDontReuseConnections = false  - Libcurl will reuse connections
LogInit:  - CertBundlePath = nullptr  - Libcurl will use whatever was configured at build time.
LogInit:  - MaxHostConnections = 16  - Libcurl will limit the number of connections to a host
LogInit:  - LocalHostAddr = Default
LogInit:  - BufferSize = 65536
LogInit: WinSock: version 1.1 (2.2), MaxSocks=32767, MaxUdp=65467
LogInit: Build: ++UE4+Release-4.20-CL-4369336
LogInit: Engine Version: 4.20.3-4369336+++UE4+Release-4.20
LogInit: Compatible Engine Version: 4.20.0-4212847+++UE4+Release-4.20
LogInit: Net CL: 4212847
LogInit: OS: Windows 10 (), CPU: Intel(R) Xeon(R) CPU E5-1620 v3 @ 3.50GHz, GPU: NVIDIA GeForce GTX 970
LogInit: Compiled (64-bit): Sep 17 2018 12:26:19
LogInit: Compiled with Visual C++: 19.13.26129.00
LogInit: Build Configuration: Development
LogInit: Branch Name: ++UE4+Release-4.20
LogInit: Command Line:  -skipcompile
LogInit: Base Directory: C:/Epic/UE4/UE_4.20/Engine/Binaries/Win64/
LogInit: Installed Engine Build: 1
LogDevObjectVersion: Number of dev versions registered: 20
LogDevObjectVersion:   Dev-Blueprints (B0D832E4-1F89-4F0D-ACCF-7EB736FD4AA2): 10
LogDevObjectVersion:   Dev-Build (E1C64328-A22C-4D53-A36C-8E866417BD8C): 0
LogDevObjectVersion:   Dev-Core (375EC13C-06E4-48FB-B500-84F0262A717E): 2
LogDevObjectVersion:   Dev-Editor (E4B068ED-F494-42E9-A231-DA0B2E46BB41): 24
LogDevObjectVersion:   Dev-Framework (CFFC743F-43B0-4480-9391-14DF171D2073): 34
LogDevObjectVersion:   Dev-Mobile (B02B49B5-BB20-44E9-A304-32B752E40360): 2
LogDevObjectVersion:   Dev-Networking (A4E4105C-59A1-49B5-A7C5-40C4547EDFEE): 0
LogDevObjectVersion:   Dev-Online (39C831C9-5AE6-47DC-9A44-9C173E1C8E7C): 0
LogDevObjectVersion:   Dev-Physics (78F01B33-EBEA-4F98-B9B4-84EACCB95AA2): 0
LogDevObjectVersion:   Dev-Platform (6631380F-2D4D-43E0-8009-CF276956A95A): 0
LogDevObjectVersion:   Dev-Rendering (12F88B9F-8875-4AFC-A67C-D90C383ABD29): 26
LogDevObjectVersion:   Dev-Sequencer (7B5AE74C-D270-4C10-A958-57980B212A5A): 9
LogDevObjectVersion:   Dev-VR (D7296918-1DD6-4BDD-9DE2-64A83CC13884): 2
LogDevObjectVersion:   Dev-LoadTimes (C2A15278-BFE7-4AFE-6C17-90FF531DF755): 1
LogDevObjectVersion:   Private-Geometry (6EACA3D4-40EC-4CC1-B786-8BED09428FC5): 3
LogDevObjectVersion:   Dev-AnimPhys (29E575DD-E0A3-4627-9D10-D276232CDCEA): 17
LogDevObjectVersion:   Dev-ReflectionCapture (6B266CEC-1EC7-4B8F-A30B-E4D90942FC07): 1
LogDevObjectVersion:   Dev-Automation (0DF73D61-A23F-47EA-B727-89E90C41499A): 1
LogDevObjectVersion:   FortniteMain (601D1886-AC64-4F84-AA16-D3DE0DEAC7D6): 12
LogDevObjectVersion:   Dev-Enterprise (9DFFBCD6-494F-0158-E221-12823C92A888): 1
LogStreaming: Display: Took  0.017s to delete old logs.
LogInit: Presizing for max 8388607 objects, including 0 objects not considered by GC, pre-allocating 0 bytes for permanent pool.
LogInit: Object subsystem initialized
[2018.11.23-20.08.12:007][  0]LogInit: Selected Device Profile: [Windows]
[2018.11.23-20.08.12:007][  0]LogInit: Applying CVar settings loaded from the selected device profile: [Windows]
[2018.11.23-20.08.12:025][  0]LogHAL: Display: Platform has ~ 16 GB [17082683392 / 17179869184 / 16], which maps to Larger [LargestMinGB=32, LargerMinGB=12, DefaultMinGB=8, SmallerMinGB=6, SmallestMinGB=0)
[2018.11.23-20.08.12:026][  0]LogInit: Setting Device Profile CVar: [[r.Vulkan.UseRealUBs:1]]
[2018.11.23-20.08.12:026][  0]LogInit: Going up to parent DeviceProfile []
[2018.11.23-20.08.12:026][  0]LogInit: Computer: D120-08
[2018.11.23-20.08.12:027][  0]LogInit: User: c016193g
[2018.11.23-20.08.12:027][  0]LogInit: CPU Page size=4096, Cores=4
[2018.11.23-20.08.12:027][  0]LogInit: High frequency timer resolution =3.410073 MHz
[2018.11.23-20.08.12:027][  0]LogMemory: Memory total: Physical=15.9GB (16GB approx)
[2018.11.23-20.08.12:027][  0]LogMemory: Platform Memory Stats for Windows
[2018.11.23-20.08.12:027][  0]LogMemory: Process Physical Memory: 100.93 MB used, 100.93 MB peak
[2018.11.23-20.08.12:027][  0]LogMemory: Process Virtual Memory: 91.00 MB used, 91.00 MB peak
[2018.11.23-20.08.12:027][  0]LogMemory: Physical Memory: 6944.96 MB used,  9346.36 MB free, 16291.32 MB total
[2018.11.23-20.08.12:028][  0]LogMemory: Virtual Memory: 4640.09 MB used,  9346.36 MB free, 134217728.00 MB total
[2018.11.23-20.08.12:177][  0]LogInit: Using OS detected language (en-US).
[2018.11.23-20.08.12:177][  0]LogInit: Using OS detected locale (en-GB).
[2018.11.23-20.08.12:179][  0]LogTextLocalizationManager: No specific localization for 'en-US' exists, so the 'en' localization will be used.
[2018.11.23-20.08.12:586][  0]LogStreaming: Display: Took  0.410s to InitEngineTextLocalization.
[2018.11.23-20.08.12:587][  0]LogInit: Setting process to per monitor DPI aware
[2018.11.23-20.08.12:663][  0]LogSlate: New Slate User Created.  User Index 0, Is Virtual User: 0
[2018.11.23-20.08.12:664][  0]LogSlate: Slate User Registered.  User Index 0, Is Virtual User: 0
[2018.11.23-20.08.13:003][  0]LogHMD: Failed to initialize OpenVR with code 110
[2018.11.23-20.08.13:003][  0]LogD3D11RHI: D3D11 adapters:
[2018.11.23-20.08.13:093][  0]LogD3D11RHI:    0. 'NVIDIA GeForce GTX 970' (Feature Level 11_0)
[2018.11.23-20.08.13:093][  0]LogD3D11RHI:       4043/0/8145 MB DedicatedVideo/DedicatedSystem/SharedSystem, Outputs:2, VendorId:0x10de
[2018.11.23-20.08.13:105][  0]LogD3D11RHI:    1. 'Microsoft Basic Render Driver' (Feature Level 11_0)
[2018.11.23-20.08.13:105][  0]LogD3D11RHI:       0/0/8145 MB DedicatedVideo/DedicatedSystem/SharedSystem, Outputs:0, VendorId:0x1414
[2018.11.23-20.08.13:106][  0]LogD3D11RHI: Chosen D3D11 Adapter: 0
[2018.11.23-20.08.13:114][  0]LogD3D11RHI: Creating new Direct3DDevice
[2018.11.23-20.08.13:115][  0]LogD3D11RHI:     GPU DeviceId: 0x13c2 (for the marketing name, search the web for "GPU Device Id")
[2018.11.23-20.08.13:115][  0]LogWindows: EnumDisplayDevices:
[2018.11.23-20.08.13:115][  0]LogWindows:    0. 'NVIDIA GeForce GTX 970' (P:1 D:1)
[2018.11.23-20.08.13:115][  0]LogWindows:    1. 'NVIDIA GeForce GTX 970' (P:0 D:1)
[2018.11.23-20.08.13:116][  0]LogWindows:    2. 'NVIDIA GeForce GTX 970' (P:0 D:0)
[2018.11.23-20.08.13:116][  0]LogWindows:    3. 'NVIDIA GeForce GTX 970' (P:0 D:0)
[2018.11.23-20.08.13:117][  0]LogWindows: DebugString: FoundDriverCount:4 
[2018.11.23-20.08.13:117][  0]LogD3D11RHI:     Adapter Name: NVIDIA GeForce GTX 970
[2018.11.23-20.08.13:117][  0]LogD3D11RHI:   Driver Version: 398.82 (internal:24.21.13.9882, unified:398.82)
[2018.11.23-20.08.13:117][  0]LogD3D11RHI:      Driver Date: 7-30-2018
[2018.11.23-20.08.13:117][  0]LogRHI: Texture pool is 2830 MB (70% of 4043 MB)
[2018.11.23-20.08.13:170][  0]LogD3D11RHI: Async texture creation enabled
[2018.11.23-20.08.13:189][  0]LogD3D11RHI: GPU Timing Frequency: 1000.000000 (Debug: 2 2)
[2018.11.23-20.08.13:193][  0]LogShaderCompilers: Guid format shader working directory is -27 characters bigger than the processId version (../../../../../../Users/c016193g/Documents/GitHub/FightingGame/FightingGame/Intermediate/Shaders/WorkingDirectory/16896/).
[2018.11.23-20.08.13:193][  0]LogShaderCompilers: Cleaned the shader compiler working directory 'C:/Users/c016193g/AppData/Local/Temp/UnrealShaderWorkingDir/574BE83A44D10FF5D0E0B4AB8A7818F6/'.
[2018.11.23-20.08.13:665][  0]LogTemp: Display: Loaded TP AllDesktopTargetPlatform
[2018.11.23-20.08.13:693][  0]LogTemp: Display: Loaded TP MacClientTargetPlatform
[2018.11.23-20.08.13:718][  0]LogTemp: Display: Loaded TP MacNoEditorTargetPlatform
[2018.11.23-20.08.13:741][  0]LogTemp: Display: Loaded TP MacServerTargetPlatform
[2018.11.23-20.08.13:764][  0]LogTemp: Display: Loaded TP MacTargetPlatform
[2018.11.23-20.08.13:784][  0]LogTemp: Display: Loaded TP WindowsClientTargetPlatform
[2018.11.23-20.08.13:805][  0]LogTemp: Display: Loaded TP WindowsNoEditorTargetPlatform
[2018.11.23-20.08.13:824][  0]LogTemp: Display: Loaded TP WindowsServerTargetPlatform
[2018.11.23-20.08.13:836][  0]LogTemp: Display: Loaded TP WindowsTargetPlatform
[2018.11.23-20.08.13:938][  0]LogTemp: Display: Loaded TP AndroidTargetPlatform
[2018.11.23-20.08.13:939][  0]LogTemp: Display: Loaded TP AndroidTargetPlatform
[2018.11.23-20.08.13:939][  0]LogTemp: Display: Loaded TP AndroidTargetPlatform
[2018.11.23-20.08.13:939][  0]LogTemp: Display: Loaded TP AndroidTargetPlatform
[2018.11.23-20.08.13:939][  0]LogTemp: Display: Loaded TP AndroidTargetPlatform
[2018.11.23-20.08.13:939][  0]LogTemp: Display: Loaded TP AndroidTargetPlatform
[2018.11.23-20.08.13:939][  0]LogTemp: Display: Loaded TP AndroidTargetPlatform
[2018.11.23-20.08.13:939][  0]LogTemp: Display: Loaded TP AndroidTargetPlatform
[2018.11.23-20.08.13:939][  0]LogTemp: Display: Loaded TP AndroidTargetPlatform
[2018.11.23-20.08.13:939][  0]LogTemp: Display: Loaded TP AndroidTargetPlatform
[2018.11.23-20.08.13:939][  0]LogTemp: Display: Loaded TP AndroidTargetPlatform
[2018.11.23-20.08.13:939][  0]LogTemp: Display: Loaded TP AndroidTargetPlatform
[2018.11.23-20.08.13:939][  0]LogTemp: Display: Loaded TP AndroidTargetPlatform
[2018.11.23-20.08.13:939][  0]LogTemp: Display: Loaded TP AndroidTargetPlatform
[2018.11.23-20.08.13:939][  0]LogTemp: Display: Loaded TP AndroidTargetPlatform
[2018.11.23-20.08.13:939][  0]LogTemp: Display: Loaded TP AndroidTargetPlatform
[2018.11.23-20.08.13:939][  0]LogTemp: Display: Loaded TP AndroidTargetPlatform
[2018.11.23-20.08.13:939][  0]LogTemp: Display: Loaded TP AndroidTargetPlatform
[2018.11.23-20.08.13:945][  0]LogTemp: Display: Loaded TP HTML5TargetPlatform
[2018.11.23-20.08.14:024][  0]LogTemp: Display: Loaded TP IOSTargetPlatform
[2018.11.23-20.08.14:024][  0]LogTemp: Display: Loaded TP IOSTargetPlatform
[2018.11.23-20.08.14:072][  0]LogTemp: Display: Loaded TP TVOSTargetPlatform
[2018.11.23-20.08.14:072][  0]LogTemp: Display: Loaded TP TVOSTargetPlatform
[2018.11.23-20.08.14:090][  0]LogTemp: Display: Loaded TP LinuxClientTargetPlatform
[2018.11.23-20.08.14:108][  0]LogTemp: Display: Loaded TP LinuxNoEditorTargetPlatform
[2018.11.23-20.08.14:126][  0]LogTemp: Display: Loaded TP LinuxServerTargetPlatform
[2018.11.23-20.08.14:146][  0]LogTemp: Display: Loaded TP LinuxTargetPlatform
[2018.11.23-20.08.14:161][  0]LogTemp: Display: Loaded TP LuminTargetPlatform
[2018.11.23-20.08.14:161][  0]LogTargetPlatformManager: Display: Building Assets For Windows
[2018.11.23-20.08.14:342][  0]LogXGEController: Cleaning working directory: C:/Users/c016193g/AppData/Local/Temp/UnrealXGEWorkingDir/
[2018.11.23-20.08.14:343][  0]LogXGEController: Cannot use XGE Controller as Incredibuild is not installed on this machine.
[2018.11.23-20.08.14:343][  0]LogShaderCompilers: Cannot use XGE Shader Compiler as Incredibuild is not installed on this machine.
[2018.11.23-20.08.14:343][  0]LogShaderCompilers: Display: Using Local Shader Compiler.
[2018.11.23-20.08.15:527][  0]LogDerivedDataCache: Display: Max Cache Size: 512 MB
[2018.11.23-20.08.15:643][  0]LogDerivedDataCache: Loaded boot cache 0.12s 71MB C:/Users/c016193g/AppData/Local/UnrealEngine/4.20/DerivedDataCache/Boot.ddc.
[2018.11.23-20.08.15:643][  0]LogDerivedDataCache: Display: Loaded Boot cache: C:/Users/c016193g/AppData/Local/UnrealEngine/4.20/DerivedDataCache/Boot.ddc
[2018.11.23-20.08.15:644][  0]LogDerivedDataCache: FDerivedDataBackendGraph:  Pak pak cache file ../../../../../../Users/c016193g/Documents/GitHub/FightingGame/FightingGame/DerivedDataCache/DDC.ddp not found, will not use a pak cache.
[2018.11.23-20.08.15:644][  0]LogDerivedDataCache: Unable to find inner node Pak for hierarchical cache Hierarchy.
[2018.11.23-20.08.15:644][  0]LogDerivedDataCache: FDerivedDataBackendGraph:  CompressedPak pak cache file ../../../../../../Users/c016193g/Documents/GitHub/FightingGame/FightingGame/DerivedDataCache/Compressed.ddp not found, will not use a pak cache.
[2018.11.23-20.08.15:644][  0]LogDerivedDataCache: Unable to find inner node CompressedPak for hierarchical cache Hierarchy.
[2018.11.23-20.08.15:658][  0]LogDerivedDataCache: Display: Pak cache opened for reading ../../../Engine/DerivedDataCache/Compressed.ddp.
[2018.11.23-20.08.15:672][  0]LogDerivedDataCache: Using Local data cache path C:/Users/c016193g/AppData/Local/UnrealEngine/Common/DerivedDataCache: Writable
[2018.11.23-20.08.15:672][  0]LogDerivedDataCache: Shared data cache path not found in *engine.ini, will not use an Shared cache.
[2018.11.23-20.08.15:672][  0]LogDerivedDataCache: Unable to find inner node Shared for hierarchical cache Hierarchy.
[2018.11.23-20.08.15:693][  0]LogMaterial: Verifying Global Shaders for PCD3D_SM5
[2018.11.23-20.08.15:694][  0]LogSlate: Using FreeType 2.6.0
[2018.11.23-20.08.15:696][  0]LogSlate: SlateFontServices - WITH_FREETYPE: 1, WITH_HARFBUZZ: 1
[2018.11.23-20.08.15:783][  0]LogAssetRegistry: FAssetRegistry took 0.0294 seconds to start up
[2018.11.23-20.08.16:204][  0]LogInit: Selected Device Profile: [Windows]
[2018.11.23-20.08.16:403][  0]LogSimplygon: Simplygon DLL not present - disabling.
[2018.11.23-20.08.16:415][  0]LogMeshReduction: Using SimplygonSwarm for distributed automatic mesh merging
[2018.11.23-20.08.16:416][  0]LogMeshReduction: Using ProxyLODMeshReduction for automatic mesh merging
[2018.11.23-20.08.16:416][  0]LogMeshReduction: Using QuadricMeshReduction for automatic static mesh reduction
[2018.11.23-20.08.16:416][  0]LogMeshReduction: No automatic skeletal mesh reduction module available
[2018.11.23-20.08.16:439][  0]LogNetVersion: FightingGame 1.0.0, NetCL: 4212847, EngineNetVer: 5, GameNetVer: 0 (Checksum: 156865789)
[2018.11.23-20.08.17:141][  0]LogPackageLocalizationCache: Processed 11 localized package path(s) for 2 prioritized culture(s) in 0.178330 seconds
[2018.11.23-20.08.17:148][  0]LogUObjectArray: 38425 objects as part of root set at end of initial load.
[2018.11.23-20.08.17:148][  0]LogUObjectAllocator: 6690872 out of 0 bytes used by permanent object pool.
[2018.11.23-20.08.17:148][  0]LogUObjectArray: CloseDisregardForGC: 0/0 objects in disregard for GC pool
[2018.11.23-20.08.18:398][  0]LogTcpMessaging: Initializing TcpMessaging bridge
[2018.11.23-20.08.18:416][  0]LogUdpMessaging: Initializing bridge on interface 0.0.0.0:0 to multicast group 230.0.0.1:6666.
[2018.11.23-20.08.18:637][  0]SourceControl: Source control is disabled
[2018.11.23-20.08.18:638][  0]SourceControl: Source control is disabled
[2018.11.23-20.08.18:642][  0]SourceControl: Source control is disabled
[2018.11.23-20.08.18:647][  0]SourceControl: Source control is disabled
[2018.11.23-20.08.18:976][  0]LogAndroidPermission: UAndroidPermissionCallbackProxy::GetInstance
[2018.11.23-20.08.19:085][  0]LogOcInput: OculusInput pre-init called
[2018.11.23-20.08.19:176][  0]LogEngine: Initializing Engine...
[2018.11.23-20.08.19:178][  0]LogHMD: Failed to initialize OpenVR with code 110
[2018.11.23-20.08.19:179][  0]LogStats: UGameplayTagsManager::ConstructGameplayTagTree: ImportINI prefixes -  0.000 s
[2018.11.23-20.08.19:180][  0]LogStats: UGameplayTagsManager::ConstructGameplayTagTree: Construct from data asset -  0.000 s
[2018.11.23-20.08.19:180][  0]LogStats: UGameplayTagsManager::ConstructGameplayTagTree: ImportINI -  0.000 s
[2018.11.23-20.08.19:180][  0]LogStats: UGameplayTagsManager::ConstructGameplayTagTree: GameplayTagTreeChangedEvent.Broadcast -  0.000 s
[2018.11.23-20.08.19:464][  0]LogInit: Initializing FReadOnlyCVARCache
[2018.11.23-20.08.19:498][  0]LogAIModule: Creating AISystem for world Untitled
[2018.11.23-20.08.19:518][  0]LogInit: XAudio2 using 'Speakers (Realtek High Definition Audio)' : 2 channels at 48 kHz using 32 bits per sample (channel mask 0x3)
[2018.11.23-20.08.19:562][  0]LogInit: FAudioDevice initialized.
[2018.11.23-20.08.19:562][  0]LogNetVersion: Set ProjectVersion to 1.0.0.0. Version Checksum will be recalculated on next use.
[2018.11.23-20.08.19:727][  0]LogDerivedDataCache: Saved boot cache 0.17s 71MB C:/Users/c016193g/AppData/Local/UnrealEngine/4.20/DerivedDataCache/Boot.ddc.
[2018.11.23-20.08.19:736][  0]LogInit: Texture streaming: Enabled
[2018.11.23-20.08.19:791][  0]LogEngineSessionManager: EngineSessionManager initialized
[2018.11.23-20.08.19:813][  0]LogInit: Transaction tracking system initialized
[2018.11.23-20.08.19:876][  0]BlueprintLog: New page: Editor Load
[2018.11.23-20.08.20:119][  0]LocalizationService: Localization service is disabled
[2018.11.23-20.08.20:562][  0]LogCook: Display: Max memory allowance for cook 16384mb min free memory 0mb
[2018.11.23-20.08.20:562][  0]LogCook: Display: Mobile HDR setting 1
[2018.11.23-20.08.20:563][  0]LogGameplayTags: Display: UGameplayTagsManager::DoneAddingNativeTags. DelegateIsBound: 0
[2018.11.23-20.08.20:563][  0]LogStats: UGameplayTagsManager::ConstructGameplayTagTree: ImportINI prefixes -  0.000 s
[2018.11.23-20.08.20:563][  0]LogStats: UGameplayTagsManager::ConstructGameplayTagTree: Construct from data asset -  0.000 s
[2018.11.23-20.08.20:563][  0]LogStats: UGameplayTagsManager::ConstructGameplayTagTree: ImportINI -  0.000 s
[2018.11.23-20.08.20:563][  0]LogStats: UGameplayTagsManager::ConstructGameplayTagTree: GameplayTagTreeChangedEvent.Broadcast -  0.000 s
[2018.11.23-20.08.20:816][  0]LogFileCache: Scanning file cache for directory 'C:/Users/c016193g/Documents/GitHub/FightingGame/FightingGame/Content/' took 0.02s
[2018.11.23-20.08.20:817][  0]SourceControl: Source control is disabled
[2018.11.23-20.08.20:817][  0]Cmd: MAP LOAD FILE="../../../../../../Users/c016193g/Documents/GitHub/FightingGame/FightingGame/Content/StarterContent/Maps/Minimal_Default.umap" TEMPLATE=0 SHOWPROGRESS=1 FEATURELEVEL=3
[2018.11.23-20.08.20:818][  0]LightingResults: New page: Lighting Build
[2018.11.23-20.08.20:824][  0]MapCheck: New page: Map Check
[2018.11.23-20.08.20:824][  0]LightingResults: New page: Lighting Build
[2018.11.23-20.08.21:251][  0]LogAIModule: Creating AISystem for world Minimal_Default
[2018.11.23-20.08.21:263][  0]LogEditorServer: Finished looking for orphan Actors (0.000 secs)
[2018.11.23-20.08.21:287][  0]Cmd: MAP CHECKDEP NOCLEARLOG
[2018.11.23-20.08.21:495][  0]MapCheck: Map check complete: 0 Error(s), 0 Warning(s), took 208.594ms to complete.
[2018.11.23-20.08.21:495][  0]LogFileHelpers: Loading map 'Minimal_Default' took 0.679
[2018.11.23-20.08.21:669][  0]LogSlate: Updating window title bar state: overlay mode, drag disabled, window buttons hidden, title bar hidden
[2018.11.23-20.08.21:679][  0]LogSlate: Updating window title bar state: overlay mode, drag disabled, window buttons hidden, title bar hidden
[2018.11.23-20.08.21:687][  0]LogSlate: Updating window title bar state: overlay mode, drag disabled, window buttons hidden, title bar hidden
[2018.11.23-20.08.21:696][  0]LogSlate: Updating window title bar state: overlay mode, drag disabled, window buttons hidden, title bar hidden
[2018.11.23-20.08.21:712][  0]LogCollectionManager: Loaded 0 collections in 0.004739 seconds
[2018.11.23-20.08.21:766][  0]LogFileCache: Scanning file cache for directory 'C:/Users/c016193g/Documents/GitHub/FightingGame/FightingGame/Saved/Collections/' took 0.01s
[2018.11.23-20.08.21:766][  0]LogFileCache: Scanning file cache for directory 'C:/Users/c016193g/Documents/GitHub/FightingGame/FightingGame/Content/Developers/c016193g/Collections/' took 0.01s
[2018.11.23-20.08.21:766][  0]LogFileCache: Scanning file cache for directory 'C:/Users/c016193g/Documents/GitHub/FightingGame/FightingGame/Content/Collections/' took 0.01s
[2018.11.23-20.08.21:766][  0]LogCollectionManager: Rebuilt the GUID cache for 0 collections in 0.000000 seconds
[2018.11.23-20.08.21:779][  0]LogContentBrowser: Native class hierarchy populated in 0.0119 seconds. Added 2575 classes and 605 folders.
[2018.11.23-20.08.21:790][  0]LogContentBrowser: Native class hierarchy updated for 'WidgetCarousel' in 0.0005 seconds. Added 0 classes and 0 folders.
[2018.11.23-20.08.21:885][  0]LogContentBrowser: Native class hierarchy updated for 'AddContentDialog' in 0.0005 seconds. Added 0 classes and 0 folders.
[2018.11.23-20.08.21:896][  0]LogContentBrowser: Native class hierarchy updated for 'SceneOutliner' in 0.0008 seconds. Added 1 classes and 2 folders.
[2018.11.23-20.08.21:912][  0]LogSlate: Took 0.000314 seconds to synchronously load lazily loaded font '../../../Engine/Content/Slate/Fonts/Roboto-Regular.ttf' (155K)
[2018.11.23-20.08.21:916][  0]LogSlate: Took 0.000314 seconds to synchronously load lazily loaded font '../../../Engine/Content/Slate/Fonts/Roboto-Bold.ttf' (160K)
[2018.11.23-20.08.21:922][  0]LogSlate: Took 0.000414 seconds to synchronously load lazily loaded font '../../../Engine/Content/Editor/Slate/Fonts/FontAwesome.ttf' (139K)
[2018.11.23-20.08.22:013][  0]LogRenderer: Reallocating scene render targets to support 1208x576 Format 10 NumSamples 1 (Frame:1).
[2018.11.23-20.08.22:124][  0]LogSlate: FSceneViewport::OnFocusLost() reason 2
[2018.11.23-20.08.22:142][  0]LogSlate: Window 'Tutorials' being destroyed
[2018.11.23-20.08.22:182][  0]LogContentBrowser: Native class hierarchy updated for 'HierarchicalLODOutliner' in 0.0006 seconds. Added 0 classes and 0 folders.
[2018.11.23-20.08.22:182][  0]LogLoad: (Engine Initialization) Total time: 14.05 seconds
[2018.11.23-20.08.22:183][  0]LogLoad: (Engine Initialization) Total Blueprint compile time: 0.00 seconds
[2018.11.23-20.08.22:200][  0]LogWindowsTextInputMethodSystem: Display: IME system now deactivated.
[2018.11.23-20.08.22:221][  0]LogContentStreaming: Texture pool size now 1000 MB
[2018.11.23-20.08.22:243][  0]LogSlate: Took 0.000285 seconds to synchronously load lazily loaded font '../../../Engine/Content/Slate/Fonts/Roboto-Light.ttf' (167K)
[2018.11.23-20.08.22:275][  1]LogAssetRegistry: Asset discovery search completed in 6.5168 seconds
[2018.11.23-20.08.22:277][  1]LogCollectionManager: Rebuilt the object cache for 0 collections in 0.000001 seconds (found 0 objects)
[2018.11.23-20.08.22:277][  1]LogCollectionManager: Fixed up redirectors for 0 collections in 0.000120 seconds (updated 0 objects)
[2018.11.23-20.09.13:275][911]LogEditorViewport: Clicking on Actor (LMB): BP_Sky_Sphere_C (BP_Sky_Sphere)
[2018.11.23-20.09.13:921][948]LogSlate: FSceneViewport::OnFocusLost() reason 0
[2018.11.23-20.09.13:980][955]LogTemp: Repeating last play command: Selected Viewport
[2018.11.23-20.09.13:999][955]LogBlueprintUserMessages: Early PlayInEditor Detection: Level '/Game/StarterContent/Maps/Minimal_Default.Minimal_Default:PersistentLevel' has LevelScriptBlueprint '/Game/StarterContent/Maps/Minimal_Default.Minimal_Default:PersistentLevel.Minimal_Default' with GeneratedClass '/Game/StarterContent/Maps/Minimal_Default.Minimal_Default_C' with ClassGeneratedBy '/Game/StarterContent/Maps/Minimal_Default.Minimal_Default:PersistentLevel.Minimal_Default'
[2018.11.23-20.09.13:999][955]LogPlayLevel: PlayLevel: No blueprints needed recompiling
[2018.11.23-20.09.14:019][955]PIE: New page: PIE session: Minimal_Default (23 Nov 2018 20:09:14)
[2018.11.23-20.09.14:019][955]LogPlayLevel: Creating play world package: /Game/StarterContent/Maps/UEDPIE_1_Minimal_Default
[2018.11.23-20.09.14:025][955]LogPlayLevel: PIE: StaticDuplicateObject took: (0.005148s)
[2018.11.23-20.09.14:026][955]LogAIModule: Creating AISystem for world Minimal_Default
[2018.11.23-20.09.14:026][955]LogPlayLevel: PIE: World Init took: (0.001253s)
[2018.11.23-20.09.14:026][955]LogPlayLevel: PIE: Created PIE world by copying editor world from /Game/StarterContent/Maps/Minimal_Default.Minimal_Default to /Game/StarterContent/Maps/UEDPIE_1_Minimal_Default.Minimal_Default (0.006856s)
[2018.11.23-20.09.14:062][955]LogInit: XAudio2 using 'Speakers (Realtek High Definition Audio)' : 2 channels at 48 kHz using 32 bits per sample (channel mask 0x3)
[2018.11.23-20.09.14:079][955]LogInit: FAudioDevice initialized.
[2018.11.23-20.09.14:154][955]LogLoad: Game class is 'FightingGameMode_C'
[2018.11.23-20.09.14:158][955]LogWorld: Bringing World /Game/StarterContent/Maps/UEDPIE_1_Minimal_Default.Minimal_Default up for play (max tick rate 0) at 2018.11.23-20.09.14
[2018.11.23-20.09.14:158][955]LogWorld: Bringing up level for play took: 0.001129
[2018.11.23-20.09.14:184][955]LogContentBrowser: Native class hierarchy updated for 'MovieSceneCapture' in 0.0006 seconds. Added 10 classes and 0 folders.
[2018.11.23-20.09.14:186][955]LogTemp: Display: ParseSettings for GameNetDriver
[2018.11.23-20.09.14:186][955]LogTemp: Display: ParseSettings for IpNetDriver_0
[2018.11.23-20.09.14:186][955]LogTemp: Display: ParseSettings for GameNetDriver
[2018.11.23-20.09.14:187][955]LogNet: ReplicationDriverClass is null! Not using ReplicationDriver.
[2018.11.23-20.09.14:187][955]LogInit: WinSock: Socket queue 131072 / 131072
[2018.11.23-20.09.14:197][955]LogInit: WinSock: I am d120-08 (10.6.113.53:0)
[2018.11.23-20.09.14:197][955]PacketHandlerLog: Loaded PacketHandler component: Engine.EngineHandlerComponentFactory (StatelessConnectHandlerComponent)
[2018.11.23-20.09.14:198][955]LogNet: GameNetDriver IpNetDriver_0 IpNetDriver listening on port 17777
[2018.11.23-20.09.14:199][955]PIE: Play in editor start time for /Game/StarterContent/Maps/UEDPIE_1_Minimal_Default 0.725
[2018.11.23-20.09.14:206][955]PIE: New page: PIE session: Minimal_Default (23 Nov 2018 20:09:14)
[2018.11.23-20.09.14:217][955]LogSlate: FSceneViewport::OnFocusLost() reason 2
[2018.11.23-20.09.14:222][955]LogSlate: Updating window title bar state: overlay mode, drag disabled, window buttons hidden, title bar hidden
[2018.11.23-20.09.14:280][955]LogNet: Browse: 127.0.0.1:17777//Game/StarterContent/Maps/Minimal_Default
[2018.11.23-20.09.14:280][955]LogTemp: Display: ParseSettings for GameNetDriver
[2018.11.23-20.09.14:281][955]LogTemp: Display: ParseSettings for IpNetDriver_1
[2018.11.23-20.09.14:281][955]LogTemp: Display: ParseSettings for PendingNetDriver
[2018.11.23-20.09.14:281][955]LogInit: WinSock: Socket queue 32768 / 32768
[2018.11.23-20.09.14:283][955]PacketHandlerLog: Loaded PacketHandler component: Engine.EngineHandlerComponentFactory (StatelessConnectHandlerComponent)
[2018.11.23-20.09.14:283][955]LogNet: Game client on port 17777, rate 10000
[2018.11.23-20.09.14:287][955]PIE: Play in editor start time for /Game/StarterContent/Maps/Minimal_Default 0.814
[2018.11.23-20.09.14:298][955]LogBlueprintUserMessages: Late PlayInEditor Detection: Level '/Game/StarterContent/Maps/Minimal_Default.Minimal_Default:PersistentLevel' has LevelScriptBlueprint '/Game/StarterContent/Maps/Minimal_Default.Minimal_Default:PersistentLevel.Minimal_Default' with GeneratedClass '/Game/StarterContent/Maps/Minimal_Default.Minimal_Default_C' with ClassGeneratedBy '/Game/StarterContent/Maps/Minimal_Default.Minimal_Default:PersistentLevel.Minimal_Default'
[2018.11.23-20.09.14:299][955]LogNet: NotifyAcceptingConnection accepted from: 127.0.0.1:56625
[2018.11.23-20.09.14:299][955]LogHandshake: SendConnectChallenge. Timestamp: 0.008334, Cookie: 134102225151183202182156086242081219110144167153013068106023
[2018.11.23-20.09.14:308][955]LogHandshake: SendChallengeResponse. Timestamp: 0.008334, Cookie: 134102225151183202182156086242081219110144167153013068106023
[2018.11.23-20.09.14:404][956]LogNet: NotifyAcceptingConnection accepted from: 127.0.0.1:56625
[2018.11.23-20.09.14:404][956]LogHandshake: SendChallengeAck. InCookie: 134102225151183202182156086242081219110144167153013068106023
[2018.11.23-20.09.14:404][956]LogNet: Server accepting post-challenge connection from: 127.0.0.1:56625
[2018.11.23-20.09.14:406][956]PacketHandlerLog: Loaded PacketHandler component: Engine.EngineHandlerComponentFactory (StatelessConnectHandlerComponent)
[2018.11.23-20.09.14:406][956]LogNet: NotifyAcceptedConnection: Name: Minimal_Default, TimeStamp: 11/23/18 20:09:14, [UNetConnection] RemoteAddr: 127.0.0.1:56625, Name: IpConnection_1, Driver: GameNetDriver IpNetDriver_0, IsServer: YES, PC: NULL, Owner: NULL, UniqueId: INVALID
[2018.11.23-20.09.14:406][956]LogNet: AddClientConnection: Added client connection: [UNetConnection] RemoteAddr: 127.0.0.1:56625, Name: IpConnection_1, Driver: GameNetDriver IpNetDriver_0, IsServer: YES, PC: NULL, Owner: NULL, UniqueId: INVALID
[2018.11.23-20.09.14:422][956]LogCharacterMovement: Warning: GetSimulationTimeStep() - Max iterations 8 hit while remaining time 0.074260 > MaxSimulationTimeStep (0.050) for 'TestPlayer_C_0', movement 'Walking'
[2018.11.23-20.09.14:423][956]LogNetVersion: FightingGame 1.0.0.0, NetCL: 4212847, EngineNetVer: 5, GameNetVer: 0 (Checksum: 4124689447)
[2018.11.23-20.09.14:423][956]LogNet: UPendingNetGame::SendInitialJoin: Sending hello. [UNetConnection] RemoteAddr: 127.0.0.1:17777, Name: IpConnection_0, Driver: PendingNetDriver IpNetDriver_1, IsServer: NO, PC: NULL, Owner: NULL, UniqueId: INVALID
[2018.11.23-20.09.14:439][957]LogNet: NotifyAcceptingChannel Control 0 server World /Game/StarterContent/Maps/UEDPIE_1_Minimal_Default.Minimal_Default: Accepted
[2018.11.23-20.09.14:439][957]LogNet: Remote platform little endian=1
[2018.11.23-20.09.14:439][957]LogNet: This platform little endian=1
[2018.11.23-20.09.14:461][958]LogNet: Login request: /Game/StarterContent/Maps/Minimal_Default?Name=d120-08-BD2299004FF18D7B3FC850B3BA4C154D userId: d120-08-BD2299004FF18D7B3FC850B3BA4C154D
[2018.11.23-20.09.14:462][958]LogNet: Welcomed by server (Level: /Game/StarterContent/Maps/UEDPIE_1_Minimal_Default, Game: /Game/FightingGameMode.FightingGameMode_C)
[2018.11.23-20.09.14:463][958]LogLoad: LoadMap: 127.0.0.1:17777//Game/StarterContent/Maps/UEDPIE_1_Minimal_Default?game=/Game/FightingGameMode.FightingGameMode_C
[2018.11.23-20.09.14:498][958]LogAIModule: Creating AISystem for world Minimal_Default
[2018.11.23-20.09.14:498][958]LogTemp: Display: ParseSettings for GameNetDriver
[2018.11.23-20.09.14:500][958]LogWorld: Bringing World /Game/StarterContent/Maps/UEDPIE_2_Minimal_Default.Minimal_Default up for play (max tick rate 0) at 2018.11.23-20.09.14
[2018.11.23-20.09.14:500][958]LogWorld: Bringing up level for play took: 0.001129
[2018.11.23-20.09.14:500][958]LogLoad: Took 0.037784 seconds to LoadMap(/Game/StarterContent/Maps/UEDPIE_1_Minimal_Default)
[2018.11.23-20.09.14:514][959]LogNet: Client netspeed is 10000
[2018.11.23-20.09.14:514][959]LogNet: Join request: /Game/StarterContent/Maps/Minimal_Default?Name=d120-08-BD2299004FF18D7B3FC850B3BA4C154D?SplitscreenCount=1
[2018.11.23-20.09.14:515][959]LogOnline: Warning: OSS: No game present to join for session (GameSession)
[2018.11.23-20.09.14:517][959]LogNet: Join succeeded: d120-08-BD2299004FF1
[2018.11.23-20.09.14:526][960]LogRenderer: Reallocating scene render targets to support 1280x720 Format 10 NumSamples 1 (Frame:1).
[2018.11.23-20.09.14:570][962]LogOnline: Warning: OSS: No game present to join for session (GameSession)
[2018.11.23-20.09.14:590][964]LogOnline: Warning: OSS: No game present to join for session (GameSession)
[2018.11.23-20.09.17:826][329]LogSlate: FSceneViewport::OnFocusLost() reason 2
[2018.11.23-20.09.19:079][445]LogGameplayDebugReplication: Error: Category count mismtach! received:5 expected:0
[2018.11.23-20.09.19:079][445]LogNet: Error: ReceivedBunch: NetDeltaSerialize - Reader.IsError() == true. Property: ReplicatedData, Object: GameplayDebuggerCategoryReplicator /Game/StarterContent/Maps/UEDPIE_2_Minimal_Default.Minimal_Default:PersistentLevel.GameplayDebuggerCategoryReplicator_0
[2018.11.23-20.09.20:558][601]LogEditorViewport: Clicking on Actor (LMB): TestPlayer_C (TestPlayer1)
[2018.11.23-20.09.39:343][478]LogEditorViewport: Clicking on Actor (LMB): BP_Sky_Sphere_C (BP_Sky_Sphere)
[2018.11.23-20.09.40:554][577]LogEditorViewport: Clicking on Actor (LMB): TestPlayer_C (TestPlayer)
[2018.11.23-20.09.43:492][867]LogEditorViewport: Clicking on Actor (LMB): TestPlayer_C (TestPlayer1)
[2018.11.23-20.09.49:002][401]LogEditorViewport: Clicking on Actor (LMB): TestPlayer_C (TestPlayer)
[2018.11.23-20.11.17:104][145]LogSlate: FSceneViewport::OnFocusLost() reason 0
[2018.11.23-20.11.17:167][152]LogBlueprintUserMessages: Early EndPlayMap Detection: Level '/Game/StarterContent/Maps/Minimal_Default.Minimal_Default:PersistentLevel' has LevelScriptBlueprint '/Game/StarterContent/Maps/Minimal_Default.Minimal_Default:PersistentLevel.Minimal_Default' with GeneratedClass '/Game/StarterContent/Maps/Minimal_Default.Minimal_Default_C' with ClassGeneratedBy '/Game/StarterContent/Maps/Minimal_Default.Minimal_Default:PersistentLevel.Minimal_Default'
[2018.11.23-20.11.17:168][152]LogSlate: Updating window title bar state: overlay mode, drag disabled, window buttons hidden, title bar hidden
[2018.11.23-20.11.17:185][152]LogSlate: Window 'FightingGame Game Preview Client 1 (64-bit/PCD3D_SM5)' being destroyed
[2018.11.23-20.11.17:220][152]LogOnline: Warning: OSS: No game present to leave for session (GameSession)
[2018.11.23-20.11.17:220][152]LogSlate: Updating window title bar state: overlay mode, drag disabled, window buttons hidden, title bar hidden
[2018.11.23-20.11.17:257][152]LogPlayLevel: Display: Shutting down PIE online subsystems
[2018.11.23-20.11.17:258][152]LogBlueprintUserMessages: Late EndPlayMap Detection: Level '/Game/StarterContent/Maps/Minimal_Default.Minimal_Default:PersistentLevel' has LevelScriptBlueprint '/Game/StarterContent/Maps/Minimal_Default.Minimal_Default:PersistentLevel.Minimal_Default' with GeneratedClass '/Game/StarterContent/Maps/Minimal_Default.Minimal_Default_C' with ClassGeneratedBy '/Game/StarterContent/Maps/Minimal_Default.Minimal_Default:PersistentLevel.Minimal_Default'
[2018.11.23-20.11.17:285][152]LogNet: UChannel::CleanUp: ChIndex == 0. Closing connection. [UChannel] ChIndex: 0, Closing: 0 [UNetConnection] RemoteAddr: 127.0.0.1:56625, Name: IpConnection_1, Driver: GameNetDriver IpNetDriver_0, IsServer: YES, PC: PlayerController_1, Owner: PlayerController_1, UniqueId: NULL:d120-08-BD2299004FF18D7B3FC850B3BA4C154D
[2018.11.23-20.11.17:286][152]LogNet: UNetConnection::Close: [UNetConnection] RemoteAddr: 127.0.0.1:56625, Name: IpConnection_1, Driver: GameNetDriver IpNetDriver_0, IsServer: YES, PC: PlayerController_1, Owner: PlayerController_1, UniqueId: NULL:d120-08-BD2299004FF18D7B3FC850B3BA4C154D, Channels: 2, Time: 2018.11.23-20.11.17
[2018.11.23-20.11.17:286][152]LogNet: UChannel::Close: Sending CloseBunch. ChIndex == 0. Name: [UChannel] ChIndex: 0, Closing: 0 [UNetConnection] RemoteAddr: 127.0.0.1:56625, Name: IpConnection_1, Driver: GameNetDriver IpNetDriver_0, IsServer: YES, PC: PlayerController_1, Owner: PlayerController_1, UniqueId: NULL:d120-08-BD2299004FF18D7B3FC850B3BA4C154D
[2018.11.23-20.11.17:286][152]LogNet: UChannel::CleanUp: ChIndex == 0. Closing connection. [UChannel] ChIndex: 0, Closing: 0 [UNetConnection] RemoteAddr: 127.0.0.1:17777, Name: IpConnection_0, Driver: GameNetDriver IpNetDriver_1, IsServer: NO, PC: None, Owner: None, UniqueId: NULL:d120-08-BD2299004FF18D7B3FC850B3BA4C154D
[2018.11.23-20.11.17:286][152]LogNet: UNetConnection::Close: [UNetConnection] RemoteAddr: 127.0.0.1:17777, Name: IpConnection_0, Driver: GameNetDriver IpNetDriver_1, IsServer: NO, PC: None, Owner: None, UniqueId: NULL:d120-08-BD2299004FF18D7B3FC850B3BA4C154D, Channels: 2, Time: 2018.11.23-20.11.17
[2018.11.23-20.11.17:286][152]LogNet: UChannel::Close: Sending CloseBunch. ChIndex == 0. Name: [UChannel] ChIndex: 0, Closing: 0 [UNetConnection] RemoteAddr: 127.0.0.1:17777, Name: IpConnection_0, Driver: GameNetDriver IpNetDriver_1, IsServer: NO, PC: None, Owner: None, UniqueId: NULL:d120-08-BD2299004FF18D7B3FC850B3BA4C154D
[2018.11.23-20.11.17:292][152]LogSlate: Updating window title bar state: overlay mode, drag disabled, window buttons hidden, title bar hidden
[2018.11.23-20.11.17:293][152]LogExit: GameNetDriver None shut down
[2018.11.23-20.11.17:293][152]LogExit: GameNetDriver None shut down
[2018.11.23-20.11.17:312][153]LogPlayLevel: Display: Destroying online subsystem :Context_2
[2018.11.23-20.11.17:312][153]LogPlayLevel: Display: Destroying online subsystem :Context_1
[2018.11.23-20.11.23:239][842]LogSlate: FSceneViewport::OnFocusLost() reason 0
[2018.11.23-20.11.25:101][ 49]LogSlate: FSceneViewport::OnFocusLost() reason 0
[2018.11.23-20.11.25:171][ 57]LogTemp: Repeating last play command: Selected Viewport
[2018.11.23-20.11.25:189][ 57]LogBlueprintUserMessages: Early PlayInEditor Detection: Level '/Game/StarterContent/Maps/Minimal_Default.Minimal_Default:PersistentLevel' has LevelScriptBlueprint '/Game/StarterContent/Maps/Minimal_Default.Minimal_Default:PersistentLevel.Minimal_Default' with GeneratedClass '/Game/StarterContent/Maps/Minimal_Default.Minimal_Default_C' with ClassGeneratedBy '/Game/StarterContent/Maps/Minimal_Default.Minimal_Default:PersistentLevel.Minimal_Default'
[2018.11.23-20.11.25:189][ 57]LogPlayLevel: PlayLevel: No blueprints needed recompiling
[2018.11.23-20.11.25:194][ 57]PIE: New page: PIE session: Minimal_Default (23 Nov 2018 20:11:25)
[2018.11.23-20.11.25:195][ 57]LogPlayLevel: Creating play world package: /Game/StarterContent/Maps/UEDPIE_1_Minimal_Default
[2018.11.23-20.11.25:199][ 57]LogPlayLevel: PIE: StaticDuplicateObject took: (0.004077s)
[2018.11.23-20.11.25:200][ 57]LogAIModule: Creating AISystem for world Minimal_Default
[2018.11.23-20.11.25:200][ 57]LogPlayLevel: PIE: World Init took: (0.001191s)
[2018.11.23-20.11.25:200][ 57]LogPlayLevel: PIE: Created PIE world by copying editor world from /Game/StarterContent/Maps/Minimal_Default.Minimal_Default to /Game/StarterContent/Maps/UEDPIE_1_Minimal_Default.Minimal_Default (0.005669s)
[2018.11.23-20.11.25:228][ 57]LogInit: XAudio2 using 'Speakers (Realtek High Definition Audio)' : 2 channels at 48 kHz using 32 bits per sample (channel mask 0x3)
[2018.11.23-20.11.25:244][ 57]LogInit: FAudioDevice initialized.
[2018.11.23-20.11.25:280][ 57]LogLoad: Game class is 'FightingGameMode_C'
[2018.11.23-20.11.25:282][ 57]LogWorld: Bringing World /Game/StarterContent/Maps/UEDPIE_1_Minimal_Default.Minimal_Default up for play (max tick rate 0) at 2018.11.23-20.11.25
[2018.11.23-20.11.25:282][ 57]LogWorld: Bringing up level for play took: 0.001245
[2018.11.23-20.11.25:296][ 57]LogTemp: Display: ParseSettings for GameNetDriver
[2018.11.23-20.11.25:297][ 57]LogTemp: Display: ParseSettings for IpNetDriver_2
[2018.11.23-20.11.25:297][ 57]LogTemp: Display: ParseSettings for GameNetDriver
[2018.11.23-20.11.25:297][ 57]LogNet: ReplicationDriverClass is null! Not using ReplicationDriver.
[2018.11.23-20.11.25:297][ 57]LogInit: WinSock: Socket queue 131072 / 131072
[2018.11.23-20.11.25:298][ 57]PacketHandlerLog: Loaded PacketHandler component: Engine.EngineHandlerComponentFactory (StatelessConnectHandlerComponent)
[2018.11.23-20.11.25:298][ 57]LogNet: GameNetDriver IpNetDriver_2 IpNetDriver listening on port 17777
[2018.11.23-20.11.25:298][ 57]PIE: Play in editor start time for /Game/StarterContent/Maps/UEDPIE_1_Minimal_Default -0.175
[2018.11.23-20.11.25:304][ 57]PIE: New page: PIE session: Minimal_Default (23 Nov 2018 20:11:25)
[2018.11.23-20.11.25:313][ 57]LogSlate: FSceneViewport::OnFocusLost() reason 2
[2018.11.23-20.11.25:317][ 57]LogSlate: Updating window title bar state: overlay mode, drag disabled, window buttons hidden, title bar hidden
[2018.11.23-20.11.25:362][ 57]LogNet: Browse: 127.0.0.1:17777//Game/StarterContent/Maps/Minimal_Default
[2018.11.23-20.11.25:363][ 57]LogTemp: Display: ParseSettings for GameNetDriver
[2018.11.23-20.11.25:363][ 57]LogTemp: Display: ParseSettings for IpNetDriver_3
[2018.11.23-20.11.25:363][ 57]LogTemp: Display: ParseSettings for PendingNetDriver
[2018.11.23-20.11.25:363][ 57]LogInit: WinSock: Socket queue 32768 / 32768
[2018.11.23-20.11.25:364][ 57]PacketHandlerLog: Loaded PacketHandler component: Engine.EngineHandlerComponentFactory (StatelessConnectHandlerComponent)
[2018.11.23-20.11.25:364][ 57]LogNet: Game client on port 17777, rate 10000
[2018.11.23-20.11.25:368][ 57]PIE: Play in editor start time for /Game/StarterContent/Maps/Minimal_Default -0.105
[2018.11.23-20.11.25:377][ 57]LogBlueprintUserMessages: Late PlayInEditor Detection: Level '/Game/StarterContent/Maps/Minimal_Default.Minimal_Default:PersistentLevel' has LevelScriptBlueprint '/Game/StarterContent/Maps/Minimal_Default.Minimal_Default:PersistentLevel.Minimal_Default' with GeneratedClass '/Game/StarterContent/Maps/Minimal_Default.Minimal_Default_C' with ClassGeneratedBy '/Game/StarterContent/Maps/Minimal_Default.Minimal_Default:PersistentLevel.Minimal_Default'
[2018.11.23-20.11.25:377][ 57]LogNet: NotifyAcceptingConnection accepted from: 127.0.0.1:50361
[2018.11.23-20.11.25:377][ 57]LogHandshake: SendConnectChallenge. Timestamp: 0.008334, Cookie: 095114203084074204205204065072150049045212053199191035193240
[2018.11.23-20.11.25:378][ 57]LogHandshake: SendChallengeResponse. Timestamp: 0.008334, Cookie: 095114203084074204205204065072150049045212053199191035193240
[2018.11.23-20.11.25:444][ 58]LogNet: NotifyAcceptingConnection accepted from: 127.0.0.1:50361
[2018.11.23-20.11.25:444][ 58]LogHandshake: SendChallengeAck. InCookie: 095114203084074204205204065072150049045212053199191035193240
[2018.11.23-20.11.25:444][ 58]LogNet: Server accepting post-challenge connection from: 127.0.0.1:50361
[2018.11.23-20.11.25:445][ 58]PacketHandlerLog: Loaded PacketHandler component: Engine.EngineHandlerComponentFactory (StatelessConnectHandlerComponent)
[2018.11.23-20.11.25:445][ 58]LogNet: NotifyAcceptedConnection: Name: Minimal_Default, TimeStamp: 11/23/18 20:11:25, [UNetConnection] RemoteAddr: 127.0.0.1:50361, Name: IpConnection_3, Driver: GameNetDriver IpNetDriver_2, IsServer: YES, PC: NULL, Owner: NULL, UniqueId: INVALID
[2018.11.23-20.11.25:445][ 58]LogNet: AddClientConnection: Added client connection: [UNetConnection] RemoteAddr: 127.0.0.1:50361, Name: IpConnection_3, Driver: GameNetDriver IpNetDriver_2, IsServer: YES, PC: NULL, Owner: NULL, UniqueId: INVALID
[2018.11.23-20.11.25:447][ 58]LogNet: UPendingNetGame::SendInitialJoin: Sending hello. [UNetConnection] RemoteAddr: 127.0.0.1:17777, Name: IpConnection_2, Driver: PendingNetDriver IpNetDriver_3, IsServer: NO, PC: NULL, Owner: NULL, UniqueId: INVALID
[2018.11.23-20.11.25:463][ 59]LogNet: NotifyAcceptingChannel Control 0 server World /Game/StarterContent/Maps/UEDPIE_1_Minimal_Default.Minimal_Default: Accepted
[2018.11.23-20.11.25:464][ 59]LogNet: Remote platform little endian=1
[2018.11.23-20.11.25:464][ 59]LogNet: This platform little endian=1
[2018.11.23-20.11.25:486][ 60]LogNet: Login request: /Game/StarterContent/Maps/Minimal_Default?Name=d120-08-8565873E430FA236371EDE898AC849CC userId: d120-08-8565873E430FA236371EDE898AC849CC
[2018.11.23-20.11.25:487][ 60]LogNet: Welcomed by server (Level: /Game/StarterContent/Maps/UEDPIE_1_Minimal_Default, Game: /Game/FightingGameMode.FightingGameMode_C)
[2018.11.23-20.11.25:488][ 60]LogLoad: LoadMap: 127.0.0.1:17777//Game/StarterContent/Maps/UEDPIE_1_Minimal_Default?game=/Game/FightingGameMode.FightingGameMode_C
[2018.11.23-20.11.25:514][ 60]LogAIModule: Creating AISystem for world Minimal_Default
[2018.11.23-20.11.25:514][ 60]LogTemp: Display: ParseSettings for GameNetDriver
[2018.11.23-20.11.25:516][ 60]LogWorld: Bringing World /Game/StarterContent/Maps/UEDPIE_2_Minimal_Default.Minimal_Default up for play (max tick rate 0) at 2018.11.23-20.11.25
[2018.11.23-20.11.25:516][ 60]LogWorld: Bringing up level for play took: 0.000858
[2018.11.23-20.11.25:516][ 60]LogLoad: Took 0.028855 seconds to LoadMap(/Game/StarterContent/Maps/UEDPIE_1_Minimal_Default)
[2018.11.23-20.11.25:531][ 61]LogNet: Client netspeed is 10000
[2018.11.23-20.11.25:531][ 61]LogNet: Join request: /Game/StarterContent/Maps/Minimal_Default?Name=d120-08-8565873E430FA236371EDE898AC849CC?SplitscreenCount=1
[2018.11.23-20.11.25:532][ 61]LogOnline: Warning: OSS: No game present to join for session (GameSession)
[2018.11.23-20.11.25:534][ 61]LogNet: Join succeeded: d120-08-8565873E430F
[2018.11.23-20.11.25:598][ 68]LogOnline: Warning: OSS: No game present to join for session (GameSession)
[2018.11.23-20.11.25:640][ 73]LogOnline: Warning: OSS: No game present to join for session (GameSession)
[2018.11.23-20.11.26:839][215]LogSlate: FSceneViewport::OnFocusLost() reason 0
[2018.11.23-20.11.30:241][589]LogGameplayDebugReplication: Error: Category count mismtach! received:5 expected:0
[2018.11.23-20.11.30:241][589]LogNet: Error: ReceivedBunch: NetDeltaSerialize - Reader.IsError() == true. Property: ReplicatedData, Object: GameplayDebuggerCategoryReplicator /Game/StarterContent/Maps/UEDPIE_2_Minimal_Default.Minimal_Default:PersistentLevel.GameplayDebuggerCategoryReplicator_0
[2018.11.23-20.11.34:086][ 13]LogSlate: FSceneViewport::OnFocusLost() reason 0
[2018.11.23-20.11.36:716][308]LogEditorViewport: Clicking on Actor (LMB): TestPlayer_C (TestPlayer)
[2018.11.23-20.11.54:205][147]LogSlate: Took 0.000288 seconds to synchronously load lazily loaded font '../../../Engine/Content/Slate/Fonts/Roboto-Italic.ttf' (157K)
[2018.11.23-20.13.36:280][535]LogEditorViewport: Clicking on Actor (LMB): BP_Sky_Sphere_C (BP_Sky_Sphere)
[2018.11.23-20.13.36:834][554]LogEditorViewport: Clicking on Actor (LMB): TestPlayer_C (TestPlayer)
