Log file open, 12/28/18 16:16:49
LogWindows: Failed to load 'aqProf.dll' (GetLastError=126)
LogWindows: File 'aqProf.dll' does not exist
LogWindows: Failed to load 'VSPerf140.dll' (GetLastError=126)
LogWindows: File 'VSPerf140.dll' does not exist
LogWindows: Failed to load 'VtuneApi.dll' (GetLastError=126)
LogWindows: File 'VtuneApi.dll' does not exist
LogWindows: Failed to load 'VtuneApi32e.dll' (GetLastError=126)
LogWindows: File 'VtuneApi32e.dll' does not exist
LogInit: Display: Running engine for game: FightingGame
LogPlatformFile: Not using cached read wrapper
LogTaskGraph: Started task graph with 5 named threads and 23 total threads with 3 sets of task threads.
LogStats: Stats thread started at 0.596970
LogD3D11RHI: Loaded GFSDK_Aftermath_Lib.x64.dll
LogICUInternationalization: Display: ICU TimeZone Detection - Raw Offset: +0:00, Platform Override: ''
LogPluginManager: Mounting plugin Paper2D
LogPluginManager: Mounting plugin AISupport
LogPluginManager: Mounting plugin LightPropagationVolume
LogPluginManager: Mounting plugin CLionSourceCodeAccess
LogPluginManager: Mounting plugin CodeLiteSourceCodeAccess
LogPluginManager: Mounting plugin GitSourceControl
LogPluginManager: Mounting plugin KDevelopSourceCodeAccess
LogPluginManager: Mounting plugin NullSourceCodeAccess
LogPluginManager: Mounting plugin PerforceSourceControl
LogPluginManager: Mounting plugin SubversionSourceControl
LogPluginManager: Mounting plugin UObjectPlugin
LogPluginManager: Mounting plugin VisualStudioCodeSourceCodeAccess
LogPluginManager: Mounting plugin VisualStudioSourceCodeAccess
LogPluginManager: Mounting plugin XCodeSourceCodeAccess
LogPluginManager: Mounting plugin AssetManagerEditor
LogPluginManager: Mounting plugin CryptoKeys
LogPluginManager: Mounting plugin DataValidation
LogPluginManager: Mounting plugin FacialAnimation
LogPluginManager: Mounting plugin GameplayTagsEditor
LogPluginManager: Mounting plugin MacGraphicsSwitching
LogPluginManager: Mounting plugin MeshEditor
LogPluginManager: Mounting plugin MobileLauncherProfileWizard
LogPluginManager: Mounting plugin PluginBrowser
LogPluginManager: Mounting plugin SpeedTreeImporter
LogPluginManager: Mounting plugin DatasmithContent
LogPluginManager: Mounting plugin AlembicImporter
LogPluginManager: Mounting plugin AppleImageUtils
LogPluginManager: Mounting plugin AppleVision
LogPluginManager: Mounting plugin BackChannel
LogPluginManager: Mounting plugin CharacterAI
LogPluginManager: Mounting plugin GeometryCache
LogPluginManager: Mounting plugin HTML5Networking
LogPluginManager: Mounting plugin ProxyLODPlugin
LogPluginManager: Mounting plugin MagicLeap
LogPluginManager: Mounting plugin MagicLeapEmulator
LogPluginManager: Mounting plugin MagicLeapMedia
LogPluginManager: Mounting plugin AndroidMedia
LogPluginManager: Mounting plugin AvfMedia
LogPluginManager: Mounting plugin ImgMedia
LogPluginManager: Mounting plugin LinearTimecode
LogPluginManager: Mounting plugin MediaCompositing
LogPluginManager: Mounting plugin MediaPlayerEditor
LogPluginManager: Mounting plugin WmfMedia
LogPluginManager: Mounting plugin TcpMessaging
LogPluginManager: Mounting plugin UdpMessaging
LogPluginManager: Mounting plugin ActorSequence
LogPluginManager: Mounting plugin LevelSequenceEditor
LogPluginManager: Mounting plugin MatineeToLevelSequence
LogPluginManager: Mounting plugin NetcodeUnitTest
LogPluginManager: Mounting plugin NUTUnrealEngine4
LogPluginManager: Mounting plugin OnlineSubsystemGooglePlay
LogPluginManager: Mounting plugin OnlineSubsystemIOS
LogPluginManager: Mounting plugin OnlineSubsystem
LogPluginManager: Mounting plugin OnlineSubsystemNull
LogPluginManager: Mounting plugin OnlineSubsystemUtils
LogPluginManager: Mounting plugin LauncherChunkInstaller
LogPluginManager: Mounting plugin AndroidDeviceProfileSelector
LogPluginManager: Mounting plugin AndroidMoviePlayer
LogPluginManager: Mounting plugin AndroidPermission
LogPluginManager: Mounting plugin AppleMoviePlayer
LogPluginManager: Mounting plugin ArchVisCharacter
LogPluginManager: Mounting plugin AudioCapture
LogPluginManager: Mounting plugin CableComponent
LogPluginManager: Mounting plugin CustomMeshComponent
LogPluginManager: Mounting plugin EditableMesh
LogPluginManager: Mounting plugin ExampleDeviceProfileSelector
LogPluginManager: Mounting plugin GoogleCloudMessaging
LogPluginManager: Mounting plugin ImmediatePhysics
LogPluginManager: Mounting plugin IOSDeviceProfileSelector
LogPluginManager: Mounting plugin LinuxDeviceProfileSelector
LogPluginManager: Mounting plugin LocationServicesBPLibrary
LogPluginManager: Mounting plugin MobilePatchingUtils
LogPluginManager: Mounting plugin OculusVR
LogPluginManager: Plugin shader directory ../../../Engine/Plugins/Runtime/Oculus/OculusVR/Shaders found
LogPluginManager: Mapping shader source directory ../../../Engine/Plugins/Runtime/Oculus/OculusVR/Shaders to virtual directory /Plugin/OculusVR
LogPluginManager: Mounting plugin PhysXVehicles
LogPluginManager: Mounting plugin ProceduralMeshComponent
LogPluginManager: Mounting plugin RuntimePhysXCooking
LogPluginManager: Mounting plugin SteamVR
LogPluginManager: Mounting plugin WindowsMoviePlayer
LogStreaming: Display: Took  0.210s to configure plugins.
LogInit: Using libcurl 7.55.1-DEV
LogInit:  - built for x86_64-pc-win32
LogInit:  - supports SSL with OpenSSL/1.0.2h
LogInit:  - supports HTTP deflate (compression) using libz 1.2.8
LogInit:  - other features:
LogInit:      CURL_VERSION_SSL
LogInit:      CURL_VERSION_LIBZ
LogInit:      CURL_VERSION_IPV6
LogInit:      CURL_VERSION_ASYNCHDNS
LogInit:      CURL_VERSION_LARGEFILE
LogInit:      CURL_VERSION_IDN
LogInit:  CurlRequestOptions (configurable via config and command line):
LogInit:  - bVerifyPeer = false  - Libcurl will NOT verify peer certificate
LogInit:  - bUseHttpProxy = false  - Libcurl will NOT use HTTP proxy
LogInit:  - bDontReuseConnections = false  - Libcurl will reuse connections
LogInit:  - CertBundlePath = nullptr  - Libcurl will use whatever was configured at build time.
LogInit:  - MaxHostConnections = 16  - Libcurl will limit the number of connections to a host
LogInit:  - LocalHostAddr = Default
LogInit:  - BufferSize = 65536
LogInit: WinSock: version 1.1 (2.2), MaxSocks=32767, MaxUdp=65467
LogInit: Build: ++UE4+Release-4.20-CL-4369336
LogInit: Engine Version: 4.20.3-4369336+++UE4+Release-4.20
LogInit: Compatible Engine Version: 4.20.0-4212847+++UE4+Release-4.20
LogInit: Net CL: 4212847
LogInit: OS: Windows 10 (), CPU: Intel(R) Core(TM) i7-6700K CPU @ 4.00GHz, GPU: NVIDIA GeForce GTX 1060 6GB
LogInit: Compiled (64-bit): Sep 17 2018 12:26:19
LogInit: Compiled with Visual C++: 19.13.26129.00
LogInit: Build Configuration: Development
LogInit: Branch Name: ++UE4+Release-4.20
LogInit: Command Line:  -skipcompile
LogInit: Base Directory: D:/Program Files/Epic Games/UE_4.20/Engine/Binaries/Win64/
LogInit: Installed Engine Build: 1
LogDevObjectVersion: Number of dev versions registered: 20
LogDevObjectVersion:   Dev-Blueprints (B0D832E4-1F89-4F0D-ACCF-7EB736FD4AA2): 10
LogDevObjectVersion:   Dev-Build (E1C64328-A22C-4D53-A36C-8E866417BD8C): 0
LogDevObjectVersion:   Dev-Core (375EC13C-06E4-48FB-B500-84F0262A717E): 2
LogDevObjectVersion:   Dev-Editor (E4B068ED-F494-42E9-A231-DA0B2E46BB41): 24
LogDevObjectVersion:   Dev-Framework (CFFC743F-43B0-4480-9391-14DF171D2073): 34
LogDevObjectVersion:   Dev-Mobile (B02B49B5-BB20-44E9-A304-32B752E40360): 2
LogDevObjectVersion:   Dev-Networking (A4E4105C-59A1-49B5-A7C5-40C4547EDFEE): 0
LogDevObjectVersion:   Dev-Online (39C831C9-5AE6-47DC-9A44-9C173E1C8E7C): 0
LogDevObjectVersion:   Dev-Physics (78F01B33-EBEA-4F98-B9B4-84EACCB95AA2): 0
LogDevObjectVersion:   Dev-Platform (6631380F-2D4D-43E0-8009-CF276956A95A): 0
LogDevObjectVersion:   Dev-Rendering (12F88B9F-8875-4AFC-A67C-D90C383ABD29): 26
LogDevObjectVersion:   Dev-Sequencer (7B5AE74C-D270-4C10-A958-57980B212A5A): 9
LogDevObjectVersion:   Dev-VR (D7296918-1DD6-4BDD-9DE2-64A83CC13884): 2
LogDevObjectVersion:   Dev-LoadTimes (C2A15278-BFE7-4AFE-6C17-90FF531DF755): 1
LogDevObjectVersion:   Private-Geometry (6EACA3D4-40EC-4CC1-B786-8BED09428FC5): 3
LogDevObjectVersion:   Dev-AnimPhys (29E575DD-E0A3-4627-9D10-D276232CDCEA): 17
LogDevObjectVersion:   Dev-ReflectionCapture (6B266CEC-1EC7-4B8F-A30B-E4D90942FC07): 1
LogDevObjectVersion:   Dev-Automation (0DF73D61-A23F-47EA-B727-89E90C41499A): 1
LogDevObjectVersion:   FortniteMain (601D1886-AC64-4F84-AA16-D3DE0DEAC7D6): 12
LogDevObjectVersion:   Dev-Enterprise (9DFFBCD6-494F-0158-E221-12823C92A888): 1
LogStreaming: Display: Took  0.007s to delete old logs.
LogInit: Presizing for max 8388607 objects, including 0 objects not considered by GC, pre-allocating 0 bytes for permanent pool.
LogInit: Object subsystem initialized
[2018.12.28-16.16.49:878][  0]LogInit: Selected Device Profile: [Windows]
[2018.12.28-16.16.49:878][  0]LogInit: Applying CVar settings loaded from the selected device profile: [Windows]
[2018.12.28-16.16.49:886][  0]LogHAL: Display: Platform has ~ 16 GB [17126547456 / 17179869184 / 16], which maps to Larger [LargestMinGB=32, LargerMinGB=12, DefaultMinGB=8, SmallerMinGB=6, SmallestMinGB=0)
[2018.12.28-16.16.49:886][  0]LogInit: Setting Device Profile CVar: [[r.Vulkan.UseRealUBs:1]]
[2018.12.28-16.16.49:886][  0]LogInit: Going up to parent DeviceProfile []
[2018.12.28-16.16.49:887][  0]LogInit: Computer: EDWARD
[2018.12.28-16.16.49:887][  0]LogInit: User: John
[2018.12.28-16.16.49:887][  0]LogInit: CPU Page size=4096, Cores=4
[2018.12.28-16.16.49:887][  0]LogInit: High frequency timer resolution =3.914061 MHz
[2018.12.28-16.16.49:887][  0]LogMemory: Memory total: Physical=16.0GB (16GB approx)
[2018.12.28-16.16.49:887][  0]LogMemory: Platform Memory Stats for Windows
[2018.12.28-16.16.49:887][  0]LogMemory: Process Physical Memory: 101.83 MB used, 101.83 MB peak
[2018.12.28-16.16.49:887][  0]LogMemory: Process Virtual Memory: 90.05 MB used, 90.05 MB peak
[2018.12.28-16.16.49:887][  0]LogMemory: Physical Memory: 8355.27 MB used,  7977.88 MB free, 16333.15 MB total
[2018.12.28-16.16.49:887][  0]LogMemory: Virtual Memory: 4638.83 MB used,  7977.88 MB free, 134217728.00 MB total
[2018.12.28-16.16.50:002][  0]LogInit: Using OS detected language (en-US).
[2018.12.28-16.16.50:002][  0]LogInit: Using OS detected locale (en-US).
[2018.12.28-16.16.50:004][  0]LogTextLocalizationManager: No specific localization for 'en-US' exists, so the 'en' localization will be used.
[2018.12.28-16.16.50:311][  0]LogStreaming: Display: Took  0.309s to InitEngineTextLocalization.
[2018.12.28-16.16.50:311][  0]LogInit: Setting process to per monitor DPI aware
[2018.12.28-16.16.50:388][  0]LogSlate: New Slate User Created.  User Index 0, Is Virtual User: 0
[2018.12.28-16.16.50:388][  0]LogSlate: Slate User Registered.  User Index 0, Is Virtual User: 0
[2018.12.28-16.16.50:695][  0]LogHMD: Failed to initialize OpenVR with code 102
[2018.12.28-16.16.50:695][  0]LogD3D11RHI: D3D11 adapters:
[2018.12.28-16.16.50:889][  0]LogD3D11RHI:    0. 'NVIDIA GeForce GTX 1060 6GB' (Feature Level 11_0)
[2018.12.28-16.16.50:889][  0]LogD3D11RHI:       6061/0/8166 MB DedicatedVideo/DedicatedSystem/SharedSystem, Outputs:3, VendorId:0x10de
[2018.12.28-16.16.50:895][  0]LogD3D11RHI:    1. 'Microsoft Basic Render Driver' (Feature Level 11_0)
[2018.12.28-16.16.50:895][  0]LogD3D11RHI:       0/0/8166 MB DedicatedVideo/DedicatedSystem/SharedSystem, Outputs:0, VendorId:0x1414
[2018.12.28-16.16.50:895][  0]LogD3D11RHI: Chosen D3D11 Adapter: 0
[2018.12.28-16.16.50:902][  0]LogD3D11RHI: Creating new Direct3DDevice
[2018.12.28-16.16.50:903][  0]LogD3D11RHI:     GPU DeviceId: 0x1c03 (for the marketing name, search the web for "GPU Device Id")
[2018.12.28-16.16.50:903][  0]LogWindows: EnumDisplayDevices:
[2018.12.28-16.16.50:903][  0]LogWindows:    0. 'NVIDIA GeForce GTX 1060 6GB' (P:1 D:1)
[2018.12.28-16.16.50:904][  0]LogWindows:    1. 'NVIDIA GeForce GTX 1060 6GB' (P:0 D:1)
[2018.12.28-16.16.50:904][  0]LogWindows:    2. 'NVIDIA GeForce GTX 1060 6GB' (P:0 D:1)
[2018.12.28-16.16.50:905][  0]LogWindows:    3. 'NVIDIA GeForce GTX 1060 6GB' (P:0 D:0)
[2018.12.28-16.16.50:905][  0]LogWindows: DebugString: FoundDriverCount:4 
[2018.12.28-16.16.50:905][  0]LogD3D11RHI:     Adapter Name: NVIDIA GeForce GTX 1060 6GB
[2018.12.28-16.16.50:905][  0]LogD3D11RHI:   Driver Version: 388.13 (internal:23.21.13.8813, unified:388.13)
[2018.12.28-16.16.50:905][  0]LogD3D11RHI:      Driver Date: 10-27-2017
[2018.12.28-16.16.50:905][  0]LogRHI: Texture pool is 4242 MB (70% of 6061 MB)
[2018.12.28-16.16.50:940][  0]LogD3D11RHI: Async texture creation enabled
[2018.12.28-16.16.50:955][  0]LogD3D11RHI: GPU Timing Frequency: 1000.000000 (Debug: 2 1)
[2018.12.28-16.16.51:053][  0]LogShaderCompilers: Guid format shader working directory is -2 characters bigger than the processId version (../../../../../../Git/FightingGame/FightingGame/Intermediate/Shaders/WorkingDirectory/8956/).
[2018.12.28-16.16.51:054][  0]LogShaderCompilers: Cleaned the shader compiler working directory 'C:/Users/John/AppData/Local/Temp/UnrealShaderWorkingDir/B51AB2B74D768B16C7FE48913AE14F73/'.
[2018.12.28-16.16.51:344][  0]LogTemp: Display: Loaded TP AllDesktopTargetPlatform
[2018.12.28-16.16.51:363][  0]LogTemp: Display: Loaded TP MacClientTargetPlatform
[2018.12.28-16.16.51:383][  0]LogTemp: Display: Loaded TP MacNoEditorTargetPlatform
[2018.12.28-16.16.51:402][  0]LogTemp: Display: Loaded TP MacServerTargetPlatform
[2018.12.28-16.16.51:423][  0]LogTemp: Display: Loaded TP MacTargetPlatform
[2018.12.28-16.16.51:442][  0]LogTemp: Display: Loaded TP WindowsClientTargetPlatform
[2018.12.28-16.16.51:461][  0]LogTemp: Display: Loaded TP WindowsNoEditorTargetPlatform
[2018.12.28-16.16.51:481][  0]LogTemp: Display: Loaded TP WindowsServerTargetPlatform
[2018.12.28-16.16.51:495][  0]LogTemp: Display: Loaded TP WindowsTargetPlatform
[2018.12.28-16.16.51:584][  0]LogTemp: Display: Loaded TP AndroidTargetPlatform
[2018.12.28-16.16.51:584][  0]LogTemp: Display: Loaded TP AndroidTargetPlatform
[2018.12.28-16.16.51:584][  0]LogTemp: Display: Loaded TP AndroidTargetPlatform
[2018.12.28-16.16.51:584][  0]LogTemp: Display: Loaded TP AndroidTargetPlatform
[2018.12.28-16.16.51:584][  0]LogTemp: Display: Loaded TP AndroidTargetPlatform
[2018.12.28-16.16.51:584][  0]LogTemp: Display: Loaded TP AndroidTargetPlatform
[2018.12.28-16.16.51:584][  0]LogTemp: Display: Loaded TP AndroidTargetPlatform
[2018.12.28-16.16.51:584][  0]LogTemp: Display: Loaded TP AndroidTargetPlatform
[2018.12.28-16.16.51:584][  0]LogTemp: Display: Loaded TP AndroidTargetPlatform
[2018.12.28-16.16.51:585][  0]LogTemp: Display: Loaded TP AndroidTargetPlatform
[2018.12.28-16.16.51:585][  0]LogTemp: Display: Loaded TP AndroidTargetPlatform
[2018.12.28-16.16.51:585][  0]LogTemp: Display: Loaded TP AndroidTargetPlatform
[2018.12.28-16.16.51:585][  0]LogTemp: Display: Loaded TP AndroidTargetPlatform
[2018.12.28-16.16.51:585][  0]LogTemp: Display: Loaded TP AndroidTargetPlatform
[2018.12.28-16.16.51:585][  0]LogTemp: Display: Loaded TP AndroidTargetPlatform
[2018.12.28-16.16.51:585][  0]LogTemp: Display: Loaded TP AndroidTargetPlatform
[2018.12.28-16.16.51:585][  0]LogTemp: Display: Loaded TP AndroidTargetPlatform
[2018.12.28-16.16.51:585][  0]LogTemp: Display: Loaded TP AndroidTargetPlatform
[2018.12.28-16.16.51:750][  0]LogTemp: Display: Loaded TP HTML5TargetPlatform
[2018.12.28-16.16.51:918][  0]LogTemp: Display: Loaded TP IOSTargetPlatform
[2018.12.28-16.16.51:918][  0]LogTemp: Display: Loaded TP IOSTargetPlatform
[2018.12.28-16.16.51:970][  0]LogTemp: Display: Loaded TP TVOSTargetPlatform
[2018.12.28-16.16.51:970][  0]LogTemp: Display: Loaded TP TVOSTargetPlatform
[2018.12.28-16.16.52:037][  0]LogTemp: Display: Loaded TP LinuxClientTargetPlatform
[2018.12.28-16.16.52:054][  0]LogTemp: Display: Loaded TP LinuxNoEditorTargetPlatform
[2018.12.28-16.16.52:071][  0]LogTemp: Display: Loaded TP LinuxServerTargetPlatform
[2018.12.28-16.16.52:088][  0]LogTemp: Display: Loaded TP LinuxTargetPlatform
[2018.12.28-16.16.52:101][  0]LogTemp: Display: Loaded TP LuminTargetPlatform
[2018.12.28-16.16.52:101][  0]LogTargetPlatformManager: Display: Building Assets For Windows
[2018.12.28-16.16.52:305][  0]LogXGEController: Cleaning working directory: C:/Users/John/AppData/Local/Temp/UnrealXGEWorkingDir/
[2018.12.28-16.16.52:306][  0]LogXGEController: Cannot use XGE Controller as Incredibuild is not installed on this machine.
[2018.12.28-16.16.52:306][  0]LogShaderCompilers: Cannot use XGE Shader Compiler as Incredibuild is not installed on this machine.
[2018.12.28-16.16.52:306][  0]LogShaderCompilers: Display: Using Local Shader Compiler.
[2018.12.28-16.16.53:095][  0]LogDerivedDataCache: Display: Max Cache Size: 512 MB
[2018.12.28-16.16.53:148][  0]LogDerivedDataCache: Loaded boot cache 0.05s 71MB C:/Users/John/AppData/Local/UnrealEngine/4.20/DerivedDataCache/Boot.ddc.
[2018.12.28-16.16.53:148][  0]LogDerivedDataCache: Display: Loaded Boot cache: C:/Users/John/AppData/Local/UnrealEngine/4.20/DerivedDataCache/Boot.ddc
[2018.12.28-16.16.53:149][  0]LogDerivedDataCache: FDerivedDataBackendGraph:  Pak pak cache file ../../../../../../Git/FightingGame/FightingGame/DerivedDataCache/DDC.ddp not found, will not use a pak cache.
[2018.12.28-16.16.53:149][  0]LogDerivedDataCache: Unable to find inner node Pak for hierarchical cache Hierarchy.
[2018.12.28-16.16.53:149][  0]LogDerivedDataCache: FDerivedDataBackendGraph:  CompressedPak pak cache file ../../../../../../Git/FightingGame/FightingGame/DerivedDataCache/Compressed.ddp not found, will not use a pak cache.
[2018.12.28-16.16.53:149][  0]LogDerivedDataCache: Unable to find inner node CompressedPak for hierarchical cache Hierarchy.
[2018.12.28-16.16.53:160][  0]LogDerivedDataCache: Display: Pak cache opened for reading ../../../Engine/DerivedDataCache/Compressed.ddp.
[2018.12.28-16.16.53:174][  0]LogDerivedDataCache: Using Local data cache path C:/Users/John/AppData/Local/UnrealEngine/Common/DerivedDataCache: Writable
[2018.12.28-16.16.53:174][  0]LogDerivedDataCache: Shared data cache path not found in *engine.ini, will not use an Shared cache.
[2018.12.28-16.16.53:174][  0]LogDerivedDataCache: Unable to find inner node Shared for hierarchical cache Hierarchy.
[2018.12.28-16.16.53:190][  0]LogMaterial: Verifying Global Shaders for PCD3D_SM5
[2018.12.28-16.16.53:191][  0]LogSlate: Using FreeType 2.6.0
[2018.12.28-16.16.53:192][  0]LogSlate: SlateFontServices - WITH_FREETYPE: 1, WITH_HARFBUZZ: 1
[2018.12.28-16.16.53:269][  0]LogAssetRegistry: FAssetRegistry took 0.0284 seconds to start up
[2018.12.28-16.16.53:587][  0]LogInit: Selected Device Profile: [Windows]
[2018.12.28-16.16.53:755][  0]LogSimplygon: Simplygon DLL not present - disabling.
[2018.12.28-16.16.53:791][  0]LogMeshReduction: Using SimplygonSwarm for distributed automatic mesh merging
[2018.12.28-16.16.53:791][  0]LogMeshReduction: Using ProxyLODMeshReduction for automatic mesh merging
[2018.12.28-16.16.53:791][  0]LogMeshReduction: Using QuadricMeshReduction for automatic static mesh reduction
[2018.12.28-16.16.53:792][  0]LogMeshReduction: No automatic skeletal mesh reduction module available
[2018.12.28-16.16.53:933][  0]LogNetVersion: FightingGame 1.0.0, NetCL: 4212847, EngineNetVer: 5, GameNetVer: 0 (Checksum: 156865789)
[2018.12.28-16.16.54:599][  0]LogPackageLocalizationCache: Processed 11 localized package path(s) for 2 prioritized culture(s) in 0.133619 seconds
[2018.12.28-16.16.54:605][  0]LogUObjectArray: 38425 objects as part of root set at end of initial load.
[2018.12.28-16.16.54:605][  0]LogUObjectAllocator: 6690864 out of 0 bytes used by permanent object pool.
[2018.12.28-16.16.54:605][  0]LogUObjectArray: CloseDisregardForGC: 0/0 objects in disregard for GC pool
[2018.12.28-16.16.55:815][  0]LogTcpMessaging: Initializing TcpMessaging bridge
[2018.12.28-16.16.55:835][  0]LogUdpMessaging: Initializing bridge on interface 0.0.0.0:0 to multicast group 230.0.0.1:6666.
[2018.12.28-16.16.56:253][  0]SourceControl: Source control is disabled
[2018.12.28-16.16.56:254][  0]SourceControl: Source control is disabled
[2018.12.28-16.16.56:309][  0]SourceControl: Source control is disabled
[2018.12.28-16.16.56:332][  0]SourceControl: Source control is disabled
[2018.12.28-16.16.56:779][  0]LogAndroidPermission: UAndroidPermissionCallbackProxy::GetInstance
[2018.12.28-16.16.56:982][  0]LogOcInput: OculusInput pre-init called
[2018.12.28-16.16.57:094][  0]LogEngine: Initializing Engine...
[2018.12.28-16.16.57:096][  0]LogHMD: Failed to initialize OpenVR with code 102
[2018.12.28-16.16.57:098][  0]LogStats: UGameplayTagsManager::ConstructGameplayTagTree: ImportINI prefixes -  0.000 s
[2018.12.28-16.16.57:098][  0]LogStats: UGameplayTagsManager::ConstructGameplayTagTree: Construct from data asset -  0.000 s
[2018.12.28-16.16.57:098][  0]LogStats: UGameplayTagsManager::ConstructGameplayTagTree: ImportINI -  0.000 s
[2018.12.28-16.16.57:098][  0]LogStats: UGameplayTagsManager::ConstructGameplayTagTree: GameplayTagTreeChangedEvent.Broadcast -  0.000 s
[2018.12.28-16.16.57:301][  0]LogInit: Initializing FReadOnlyCVARCache
[2018.12.28-16.16.57:347][  0]LogAIModule: Creating AISystem for world Untitled
[2018.12.28-16.16.57:452][  0]LogInit: XAudio2 using 'Headset Earphone (Razer ManO'War)' : 2 channels at 48 kHz using 16 bits per sample (channel mask 0x3)
[2018.12.28-16.16.57:530][  0]LogInit: FAudioDevice initialized.
[2018.12.28-16.16.57:530][  0]LogNetVersion: Set ProjectVersion to 1.0.0.0. Version Checksum will be recalculated on next use.
[2018.12.28-16.16.57:662][  0]LogDerivedDataCache: Saved boot cache 0.13s 71MB C:/Users/John/AppData/Local/UnrealEngine/4.20/DerivedDataCache/Boot.ddc.
[2018.12.28-16.16.57:669][  0]LogInit: Texture streaming: Enabled
[2018.12.28-16.16.57:712][  0]LogEngineSessionManager: EngineSessionManager initialized
[2018.12.28-16.16.57:712][  0]LogEngineSessionManager: EngineSessionManager sent abnormal shutdown report. Type=Debugger, SessionId={72B19931-40D7-B0DA-CAA0-0C806897BE1F}
[2018.12.28-16.16.57:730][  0]LogInit: Transaction tracking system initialized
[2018.12.28-16.16.57:799][  0]BlueprintLog: New page: Editor Load
[2018.12.28-16.16.58:024][  0]LocalizationService: Localization service is disabled
[2018.12.28-16.16.58:496][  0]LogCook: Display: Max memory allowance for cook 16384mb min free memory 0mb
[2018.12.28-16.16.58:496][  0]LogCook: Display: Mobile HDR setting 1
[2018.12.28-16.16.58:496][  0]LogGameplayTags: Display: UGameplayTagsManager::DoneAddingNativeTags. DelegateIsBound: 0
[2018.12.28-16.16.58:497][  0]LogStats: UGameplayTagsManager::ConstructGameplayTagTree: ImportINI prefixes -  0.000 s
[2018.12.28-16.16.58:497][  0]LogStats: UGameplayTagsManager::ConstructGameplayTagTree: Construct from data asset -  0.000 s
[2018.12.28-16.16.58:497][  0]LogStats: UGameplayTagsManager::ConstructGameplayTagTree: ImportINI -  0.000 s
[2018.12.28-16.16.58:497][  0]LogStats: UGameplayTagsManager::ConstructGameplayTagTree: GameplayTagTreeChangedEvent.Broadcast -  0.000 s
[2018.12.28-16.16.58:682][  0]LogFileCache: Scanning file cache for directory 'D:/Git/FightingGame/FightingGame/Content/' took 0.03s
[2018.12.28-16.16.58:682][  0]LogLinker: Warning: Can't find file '/Engine/BasicShapes/Cylinder'
[2018.12.28-16.16.58:683][  0]LogLinker: Warning: Can't find file '/Engine/BasicShapes/Cylinder'
[2018.12.28-16.16.58:683][  0]LogUObjectGlobals: Warning: Failed to find object 'StaticMesh /Engine/BasicShapes/Cylinder.Cylinder'
[2018.12.28-16.16.58:834][  0]SourceControl: Source control is disabled
[2018.12.28-16.16.58:834][  0]Cmd: MAP LOAD FILE="../../../../../../Git/FightingGame/FightingGame/Content/StarterContent/Maps/Minimal_Default.umap" TEMPLATE=0 SHOWPROGRESS=1 FEATURELEVEL=3
[2018.12.28-16.16.58:835][  0]LightingResults: New page: Lighting Build
[2018.12.28-16.16.58:840][  0]MapCheck: New page: Map Check
[2018.12.28-16.16.58:840][  0]LightingResults: New page: Lighting Build
[2018.12.28-16.16.59:142][  0]LogAIModule: Creating AISystem for world Minimal_Default
[2018.12.28-16.16.59:153][  0]LogEditorServer: Finished looking for orphan Actors (0.000 secs)
[2018.12.28-16.16.59:171][  0]Cmd: MAP CHECKDEP NOCLEARLOG
[2018.12.28-16.16.59:312][  0]MapCheck: Map check complete: 0 Error(s), 0 Warning(s), took 140.902ms to complete.
[2018.12.28-16.16.59:313][  0]LogFileHelpers: Loading map 'Minimal_Default' took 0.479
[2018.12.28-16.16.59:737][  0]LogSlate: Updating window title bar state: overlay mode, drag disabled, window buttons hidden, title bar hidden
[2018.12.28-16.16.59:744][  0]LogSlate: Updating window title bar state: overlay mode, drag disabled, window buttons hidden, title bar hidden
[2018.12.28-16.16.59:751][  0]LogSlate: Updating window title bar state: overlay mode, drag disabled, window buttons hidden, title bar hidden
[2018.12.28-16.16.59:758][  0]LogSlate: Updating window title bar state: overlay mode, drag disabled, window buttons hidden, title bar hidden
[2018.12.28-16.16.59:771][  0]LogCollectionManager: Loaded 0 collections in 0.002696 seconds
[2018.12.28-16.16.59:832][  0]LogFileCache: Scanning file cache for directory 'D:/Git/FightingGame/FightingGame/Saved/Collections/' took 0.01s
[2018.12.28-16.16.59:832][  0]LogFileCache: Scanning file cache for directory 'D:/Git/FightingGame/FightingGame/Content/Developers/John/Collections/' took 0.01s
[2018.12.28-16.16.59:832][  0]LogFileCache: Scanning file cache for directory 'D:/Git/FightingGame/FightingGame/Content/Collections/' took 0.01s
[2018.12.28-16.16.59:832][  0]LogCollectionManager: Rebuilt the GUID cache for 0 collections in 0.000001 seconds
[2018.12.28-16.16.59:841][  0]LogContentBrowser: Native class hierarchy populated in 0.0090 seconds. Added 2577 classes and 605 folders.
[2018.12.28-16.16.59:850][  0]LogContentBrowser: Native class hierarchy updated for 'WidgetCarousel' in 0.0003 seconds. Added 0 classes and 0 folders.
[2018.12.28-16.16.59:905][  0]LogContentBrowser: Native class hierarchy updated for 'AddContentDialog' in 0.0003 seconds. Added 0 classes and 0 folders.
[2018.12.28-16.16.59:918][  0]LogContentBrowser: Native class hierarchy updated for 'SceneOutliner' in 0.0004 seconds. Added 1 classes and 2 folders.
[2018.12.28-16.16.59:974][  0]LogSlate: Took 0.000181 seconds to synchronously load lazily loaded font '../../../Engine/Content/Slate/Fonts/Roboto-Regular.ttf' (155K)
[2018.12.28-16.16.59:976][  0]LogSlate: Took 0.000187 seconds to synchronously load lazily loaded font '../../../Engine/Content/Slate/Fonts/Roboto-Bold.ttf' (160K)
[2018.12.28-16.16.59:982][  0]LogSlate: Took 0.000224 seconds to synchronously load lazily loaded font '../../../Engine/Content/Editor/Slate/Fonts/FontAwesome.ttf' (139K)
[2018.12.28-16.17.00:058][  0]LogRenderer: Reallocating scene render targets to support 1208x680 Format 10 NumSamples 1 (Frame:1).
[2018.12.28-16.17.00:112][  0]LogSlate: Took 0.000211 seconds to synchronously load lazily loaded font '../../../Engine/Content/Slate/Fonts/Roboto-Light.ttf' (167K)
[2018.12.28-16.17.00:235][  0]LogContentBrowser: Native class hierarchy updated for 'HierarchicalLODOutliner' in 0.0005 seconds. Added 0 classes and 0 folders.
[2018.12.28-16.17.00:235][  0]LogLoad: (Engine Initialization) Total time: 13.24 seconds
[2018.12.28-16.17.00:235][  0]LogLoad: (Engine Initialization) Total Blueprint compile time: 0.00 seconds
[2018.12.28-16.17.00:247][  0]LogWindowsTextInputMethodSystem: Display: IME system now deactivated.
[2018.12.28-16.17.00:269][  0]LogContentStreaming: Texture pool size now 1000 MB
[2018.12.28-16.17.00:332][  1]LogAssetRegistry: Asset discovery search completed in 7.0871 seconds
[2018.12.28-16.17.00:333][  1]LogCollectionManager: Rebuilt the object cache for 0 collections in 0.000001 seconds (found 0 objects)
[2018.12.28-16.17.00:334][  1]LogCollectionManager: Fixed up redirectors for 0 collections in 0.000101 seconds (updated 0 objects)
[2018.12.28-16.17.02:420][166]LogSlate: FSceneViewport::OnFocusLost() reason 0
[2018.12.28-16.17.02:534][170]LogTemp: Repeating last play command: Selected Viewport
[2018.12.28-16.17.02:586][170]LogBlueprintUserMessages: Early PlayInEditor Detection: Level '/Game/StarterContent/Maps/Minimal_Default.Minimal_Default:PersistentLevel' has LevelScriptBlueprint '/Game/StarterContent/Maps/Minimal_Default.Minimal_Default:PersistentLevel.Minimal_Default' with GeneratedClass '/Game/StarterContent/Maps/Minimal_Default.Minimal_Default_C' with ClassGeneratedBy '/Game/StarterContent/Maps/Minimal_Default.Minimal_Default:PersistentLevel.Minimal_Default'
[2018.12.28-16.17.02:587][170]LogPlayLevel: PlayLevel: No blueprints needed recompiling
[2018.12.28-16.17.02:726][170]PIE: New page: PIE session: Minimal_Default (Dec 28, 2018, 4:17:02 PM)
[2018.12.28-16.17.02:726][170]LogPlayLevel: Creating play world package: /Game/StarterContent/Maps/UEDPIE_1_Minimal_Default
[2018.12.28-16.17.02:731][170]LogPlayLevel: PIE: StaticDuplicateObject took: (0.004157s)
[2018.12.28-16.17.02:732][170]LogAIModule: Creating AISystem for world Minimal_Default
[2018.12.28-16.17.02:732][170]LogPlayLevel: PIE: World Init took: (0.001202s)
[2018.12.28-16.17.02:732][170]LogPlayLevel: PIE: Created PIE world by copying editor world from /Game/StarterContent/Maps/Minimal_Default.Minimal_Default to /Game/StarterContent/Maps/UEDPIE_1_Minimal_Default.Minimal_Default (0.005807s)
[2018.12.28-16.17.02:800][170]LogInit: XAudio2 using 'Headset Earphone (Razer ManO'War)' : 2 channels at 48 kHz using 16 bits per sample (channel mask 0x3)
[2018.12.28-16.17.02:878][170]LogInit: FAudioDevice initialized.
[2018.12.28-16.17.03:101][170]LogLoad: Game class is 'FightingGameMode_C'
[2018.12.28-16.17.03:103][170]LogWorld: Bringing World /Game/StarterContent/Maps/UEDPIE_1_Minimal_Default.Minimal_Default up for play (max tick rate 0) at 2018.12.28-16.17.03
[2018.12.28-16.17.03:104][170]LogWorld: Bringing up level for play took: 0.000906
[2018.12.28-16.17.03:124][170]LogContentBrowser: Native class hierarchy updated for 'MovieSceneCapture' in 0.0004 seconds. Added 10 classes and 0 folders.
[2018.12.28-16.17.03:126][170]LogTemp: Display: ParseSettings for GameNetDriver
[2018.12.28-16.17.03:126][170]LogTemp: Display: ParseSettings for IpNetDriver_0
[2018.12.28-16.17.03:126][170]LogTemp: Display: ParseSettings for GameNetDriver
[2018.12.28-16.17.03:126][170]LogNet: ReplicationDriverClass is null! Not using ReplicationDriver.
[2018.12.28-16.17.03:126][170]LogInit: WinSock: Socket queue 131072 / 131072
[2018.12.28-16.17.03:132][170]LogInit: WinSock: I am Edward (192.168.43.111:0)
[2018.12.28-16.17.03:133][170]PacketHandlerLog: Loaded PacketHandler component: Engine.EngineHandlerComponentFactory (StatelessConnectHandlerComponent)
[2018.12.28-16.17.03:133][170]LogNet: GameNetDriver IpNetDriver_0 IpNetDriver listening on port 17777
[2018.12.28-16.17.03:135][170]PIE: Play in editor start time for /Game/StarterContent/Maps/UEDPIE_1_Minimal_Default 1.184
[2018.12.28-16.17.03:145][170]PIE: New page: PIE session: Minimal_Default (Dec 28, 2018, 4:17:03 PM)
[2018.12.28-16.17.03:161][170]LogSlate: FSceneViewport::OnFocusLost() reason 2
[2018.12.28-16.17.03:166][170]LogSlate: Updating window title bar state: overlay mode, drag disabled, window buttons hidden, title bar hidden
[2018.12.28-16.17.03:242][170]LogNet: Browse: 127.0.0.1:17777//Game/StarterContent/Maps/Minimal_Default
[2018.12.28-16.17.03:242][170]LogTemp: Display: ParseSettings for GameNetDriver
[2018.12.28-16.17.03:242][170]LogTemp: Display: ParseSettings for IpNetDriver_1
[2018.12.28-16.17.03:242][170]LogTemp: Display: ParseSettings for PendingNetDriver
[2018.12.28-16.17.03:242][170]LogInit: WinSock: Socket queue 32768 / 32768
[2018.12.28-16.17.03:243][170]PacketHandlerLog: Loaded PacketHandler component: Engine.EngineHandlerComponentFactory (StatelessConnectHandlerComponent)
[2018.12.28-16.17.03:243][170]LogNet: Game client on port 17777, rate 10000
[2018.12.28-16.17.03:245][170]PIE: Play in editor start time for /Game/StarterContent/Maps/Minimal_Default 1.295
[2018.12.28-16.17.03:263][170]LogBlueprintUserMessages: Late PlayInEditor Detection: Level '/Game/StarterContent/Maps/Minimal_Default.Minimal_Default:PersistentLevel' has LevelScriptBlueprint '/Game/StarterContent/Maps/Minimal_Default.Minimal_Default:PersistentLevel.Minimal_Default' with GeneratedClass '/Game/StarterContent/Maps/Minimal_Default.Minimal_Default_C' with ClassGeneratedBy '/Game/StarterContent/Maps/Minimal_Default.Minimal_Default:PersistentLevel.Minimal_Default'
[2018.12.28-16.17.03:263][170]LogNet: NotifyAcceptingConnection accepted from: 127.0.0.1:55479
[2018.12.28-16.17.03:263][170]LogHandshake: SendConnectChallenge. Timestamp: 0.088247, Cookie: 151149250074091245066188139177231082114187145141169248022223
[2018.12.28-16.17.03:270][170]LogHandshake: SendChallengeResponse. Timestamp: 0.088247, Cookie: 151149250074091245066188139177231082114187145141169248022223
[2018.12.28-16.17.03:344][171]LogNet: NotifyAcceptingConnection accepted from: 127.0.0.1:55479
[2018.12.28-16.17.03:344][171]LogHandshake: SendChallengeAck. InCookie: 151149250074091245066188139177231082114187145141169248022223
[2018.12.28-16.17.03:344][171]LogNet: Server accepting post-challenge connection from: 127.0.0.1:55479
[2018.12.28-16.17.03:346][171]PacketHandlerLog: Loaded PacketHandler component: Engine.EngineHandlerComponentFactory (StatelessConnectHandlerComponent)
[2018.12.28-16.17.03:346][171]LogNet: NotifyAcceptedConnection: Name: Minimal_Default, TimeStamp: 12/28/18 16:17:03, [UNetConnection] RemoteAddr: 127.0.0.1:55479, Name: IpConnection_1, Driver: GameNetDriver IpNetDriver_0, IsServer: YES, PC: NULL, Owner: NULL, UniqueId: INVALID
[2018.12.28-16.17.03:346][171]LogNet: AddClientConnection: Added client connection: [UNetConnection] RemoteAddr: 127.0.0.1:55479, Name: IpConnection_1, Driver: GameNetDriver IpNetDriver_0, IsServer: YES, PC: NULL, Owner: NULL, UniqueId: INVALID
[2018.12.28-16.17.03:348][171]LogNetVersion: FightingGame 1.0.0.0, NetCL: 4212847, EngineNetVer: 5, GameNetVer: 0 (Checksum: 4124689447)
[2018.12.28-16.17.03:348][171]LogNet: UPendingNetGame::SendInitialJoin: Sending hello. [UNetConnection] RemoteAddr: 127.0.0.1:17777, Name: IpConnection_0, Driver: PendingNetDriver IpNetDriver_1, IsServer: NO, PC: NULL, Owner: NULL, UniqueId: INVALID
[2018.12.28-16.17.03:365][172]LogNet: NotifyAcceptingChannel Control 0 server World /Game/StarterContent/Maps/UEDPIE_1_Minimal_Default.Minimal_Default: Accepted
[2018.12.28-16.17.03:365][172]LogNet: Remote platform little endian=1
[2018.12.28-16.17.03:365][172]LogNet: This platform little endian=1
[2018.12.28-16.17.03:388][173]LogNet: Login request: /Game/StarterContent/Maps/Minimal_Default?Name=Edward-A8D0D43046A91F88634A5490451668A4 userId: Edward-A8D0D43046A91F88634A5490451668A4
[2018.12.28-16.17.03:389][173]LogNet: Welcomed by server (Level: /Game/StarterContent/Maps/UEDPIE_1_Minimal_Default, Game: /Game/FightingGameMode.FightingGameMode_C)
[2018.12.28-16.17.03:389][173]LogLoad: LoadMap: 127.0.0.1:17777//Game/StarterContent/Maps/UEDPIE_1_Minimal_Default?game=/Game/FightingGameMode.FightingGameMode_C
[2018.12.28-16.17.03:414][173]LogAIModule: Creating AISystem for world Minimal_Default
[2018.12.28-16.17.03:414][173]LogTemp: Display: ParseSettings for GameNetDriver
[2018.12.28-16.17.03:415][173]LogWorld: Bringing World /Game/StarterContent/Maps/UEDPIE_2_Minimal_Default.Minimal_Default up for play (max tick rate 0) at 2018.12.28-16.17.03
[2018.12.28-16.17.03:416][173]LogWorld: Bringing up level for play took: 0.000932
[2018.12.28-16.17.03:416][173]LogLoad: Took 0.026615 seconds to LoadMap(/Game/StarterContent/Maps/UEDPIE_1_Minimal_Default)
[2018.12.28-16.17.03:430][174]LogNet: Client netspeed is 10000
[2018.12.28-16.17.03:431][174]LogNet: Join request: /Game/StarterContent/Maps/Minimal_Default?Name=Edward-A8D0D43046A91F88634A5490451668A4?SplitscreenCount=1
[2018.12.28-16.17.03:431][174]LogOnline: Warning: OSS: No game present to join for session (GameSession)
[2018.12.28-16.17.03:434][174]LogNet: Join succeeded: Edward-A8D0D43046A91
[2018.12.28-16.17.03:443][175]LogRenderer: Reallocating scene render targets to support 1280x720 Format 10 NumSamples 1 (Frame:1).
[2018.12.28-16.17.03:484][178]LogOnline: Warning: OSS: No game present to join for session (GameSession)
[2018.12.28-16.17.03:506][180]LogOnline: Warning: OSS: No game present to join for session (GameSession)
[2018.12.28-16.17.54:350][121]LogSlate: FSceneViewport::OnFocusLost() reason 0
[2018.12.28-16.17.54:650][121]LogBlueprintUserMessages: Early EndPlayMap Detection: Level '/Game/StarterContent/Maps/Minimal_Default.Minimal_Default:PersistentLevel' has LevelScriptBlueprint '/Game/StarterContent/Maps/Minimal_Default.Minimal_Default:PersistentLevel.Minimal_Default' with GeneratedClass '/Game/StarterContent/Maps/Minimal_Default.Minimal_Default_C' with ClassGeneratedBy '/Game/StarterContent/Maps/Minimal_Default.Minimal_Default:PersistentLevel.Minimal_Default'
[2018.12.28-16.17.54:650][121]LogSlate: Updating window title bar state: overlay mode, drag disabled, window buttons hidden, title bar hidden
[2018.12.28-16.17.54:671][121]LogSlate: Window 'FightingGame Game Preview Client 1 (64-bit/PCD3D_SM5)' being destroyed
[2018.12.28-16.17.54:726][121]LogOnline: Warning: OSS: No game present to leave for session (GameSession)
[2018.12.28-16.17.54:726][121]LogSlate: Updating window title bar state: overlay mode, drag disabled, window buttons hidden, title bar hidden
[2018.12.28-16.17.54:871][121]LogPlayLevel: Display: Shutting down PIE online subsystems
[2018.12.28-16.17.54:871][121]LogBlueprintUserMessages: Late EndPlayMap Detection: Level '/Game/StarterContent/Maps/Minimal_Default.Minimal_Default:PersistentLevel' has LevelScriptBlueprint '/Game/StarterContent/Maps/Minimal_Default.Minimal_Default:PersistentLevel.Minimal_Default' with GeneratedClass '/Game/StarterContent/Maps/Minimal_Default.Minimal_Default_C' with ClassGeneratedBy '/Game/StarterContent/Maps/Minimal_Default.Minimal_Default:PersistentLevel.Minimal_Default'
[2018.12.28-16.17.54:899][121]LogSlate: Updating window title bar state: overlay mode, drag disabled, window buttons hidden, title bar hidden
[2018.12.28-16.17.54:900][121]LogNet: UChannel::CleanUp: ChIndex == 0. Closing connection. [UChannel] ChIndex: 0, Closing: 0 [UNetConnection] RemoteAddr: 127.0.0.1:17777, Name: None, Driver: GameNetDriver None, IsServer: NO, PC: None, Owner: None, UniqueId: NULL:Edward-A8D0D43046A91F88634A5490451668A4
[2018.12.28-16.17.54:900][121]LogNet: UNetConnection::Close: [UNetConnection] RemoteAddr: 127.0.0.1:17777, Name: None, Driver: GameNetDriver None, IsServer: NO, PC: None, Owner: None, UniqueId: NULL:Edward-A8D0D43046A91F88634A5490451668A4, Channels: 1, Time: 2018.12.28-16.17.54
[2018.12.28-16.17.54:900][121]LogNet: UChannel::Close: Sending CloseBunch. ChIndex == 0. Name: [UChannel] ChIndex: 0, Closing: 0 [UNetConnection] RemoteAddr: 127.0.0.1:17777, Name: None, Driver: GameNetDriver None, IsServer: NO, PC: None, Owner: None, UniqueId: NULL:Edward-A8D0D43046A91F88634A5490451668A4
[2018.12.28-16.17.54:901][121]LogNet: UChannel::CleanUp: ChIndex == 0. Closing connection. [UChannel] ChIndex: 0, Closing: 0 [UNetConnection] RemoteAddr: 127.0.0.1:55479, Name: None, Driver: GameNetDriver None, IsServer: YES, PC: None, Owner: None, UniqueId: NULL:Edward-A8D0D43046A91F88634A5490451668A4
[2018.12.28-16.17.54:901][121]LogNet: UNetConnection::Close: [UNetConnection] RemoteAddr: 127.0.0.1:55479, Name: None, Driver: GameNetDriver None, IsServer: YES, PC: None, Owner: None, UniqueId: NULL:Edward-A8D0D43046A91F88634A5490451668A4, Channels: 1, Time: 2018.12.28-16.17.54
[2018.12.28-16.17.54:901][121]LogNet: UChannel::Close: Sending CloseBunch. ChIndex == 0. Name: [UChannel] ChIndex: 0, Closing: 0 [UNetConnection] RemoteAddr: 127.0.0.1:55479, Name: None, Driver: GameNetDriver None, IsServer: YES, PC: None, Owner: None, UniqueId: NULL:Edward-A8D0D43046A91F88634A5490451668A4
[2018.12.28-16.17.54:911][121]LogExit: GameNetDriver None shut down
[2018.12.28-16.17.54:911][121]LogExit: GameNetDriver None shut down
[2018.12.28-16.17.55:022][122]LogPlayLevel: Display: Destroying online subsystem :Context_2
[2018.12.28-16.17.55:022][122]LogPlayLevel: Display: Destroying online subsystem :Context_1
[2018.12.28-16.17.58:995][440]LogSlate: Took 0.000219 seconds to synchronously load lazily loaded font '../../../Engine/Content/Slate/Fonts/Roboto-Light.ttf' (167K)
[2018.12.28-16.17.59:003][440]LogAssetEditorManager: Opening Asset editor for WidgetBlueprint /Game/UI/CharacterUI.CharacterUI
[2018.12.28-16.17.59:486][440]LogContentBrowser: Native class hierarchy updated for 'BlueprintGraph' in 0.0007 seconds. Added 116 classes and 0 folders.
[2018.12.28-16.18.00:428][440]LogSlate: Took 0.000344 seconds to synchronously load lazily loaded font '../../../Engine/Content/Slate/Fonts/Roboto-BoldCondensed.ttf' (158K)
[2018.12.28-16.18.51:484][153]BlueprintLog: New page: Compile CharacterUI
[2018.12.28-16.18.53:203][221]Cmd: OBJ SAVEPACKAGE PACKAGE="/Game/UI/CharacterUI" FILE="../../../../../../Git/FightingGame/FightingGame/Content/UI/CharacterUI.uasset" SILENT=true
[2018.12.28-16.18.53:241][221]LogSavePackage: Moving '../../../../../../Git/FightingGame/FightingGame/Saved/CharacterUI81EAAF2C4E8D7CBDFBAD21B9AB4BFB79.tmp' to '../../../../../../Git/FightingGame/FightingGame/Content/UI/CharacterUI.uasset'
[2018.12.28-16.20.49:458][ 98]LogTemp: Repeating last play command: Selected Viewport
[2018.12.28-16.20.49:584][ 98]LogBlueprintUserMessages: Early PlayInEditor Detection: Level '/Game/StarterContent/Maps/Minimal_Default.Minimal_Default:PersistentLevel' has LevelScriptBlueprint '/Game/StarterContent/Maps/Minimal_Default.Minimal_Default:PersistentLevel.Minimal_Default' with GeneratedClass '/Game/StarterContent/Maps/Minimal_Default.Minimal_Default_C' with ClassGeneratedBy '/Game/StarterContent/Maps/Minimal_Default.Minimal_Default:PersistentLevel.Minimal_Default'
[2018.12.28-16.20.49:585][ 98]LogPlayLevel: PlayLevel: No blueprints needed recompiling
[2018.12.28-16.20.49:598][ 98]PIE: New page: PIE session: Minimal_Default (Dec 28, 2018, 4:20:49 PM)
[2018.12.28-16.20.49:598][ 98]LogPlayLevel: Creating play world package: /Game/StarterContent/Maps/UEDPIE_1_Minimal_Default
[2018.12.28-16.20.49:602][ 98]LogPlayLevel: PIE: StaticDuplicateObject took: (0.003357s)
[2018.12.28-16.20.49:603][ 98]LogAIModule: Creating AISystem for world Minimal_Default
[2018.12.28-16.20.49:603][ 98]LogPlayLevel: PIE: World Init took: (0.001185s)
[2018.12.28-16.20.49:603][ 98]LogPlayLevel: PIE: Created PIE world by copying editor world from /Game/StarterContent/Maps/Minimal_Default.Minimal_Default to /Game/StarterContent/Maps/UEDPIE_1_Minimal_Default.Minimal_Default (0.004995s)
[2018.12.28-16.20.49:684][ 98]LogInit: XAudio2 using 'Headset Earphone (Razer ManO'War)' : 2 channels at 48 kHz using 16 bits per sample (channel mask 0x3)
[2018.12.28-16.20.49:741][ 98]LogInit: FAudioDevice initialized.
[2018.12.28-16.20.49:777][ 98]LogLoad: Game class is 'FightingGameMode_C'
[2018.12.28-16.20.49:778][ 98]LogWorld: Bringing World /Game/StarterContent/Maps/UEDPIE_1_Minimal_Default.Minimal_Default up for play (max tick rate 0) at 2018.12.28-16.20.49
[2018.12.28-16.20.49:779][ 98]LogWorld: Bringing up level for play took: 0.000820
[2018.12.28-16.20.49:792][ 98]LogTemp: Display: ParseSettings for GameNetDriver
[2018.12.28-16.20.49:793][ 98]LogTemp: Display: ParseSettings for IpNetDriver_2
[2018.12.28-16.20.49:793][ 98]LogTemp: Display: ParseSettings for GameNetDriver
[2018.12.28-16.20.49:793][ 98]LogNet: ReplicationDriverClass is null! Not using ReplicationDriver.
[2018.12.28-16.20.49:793][ 98]LogInit: WinSock: Socket queue 131072 / 131072
[2018.12.28-16.20.49:793][ 98]PacketHandlerLog: Loaded PacketHandler component: Engine.EngineHandlerComponentFactory (StatelessConnectHandlerComponent)
[2018.12.28-16.20.49:793][ 98]LogNet: GameNetDriver IpNetDriver_2 IpNetDriver listening on port 17777
[2018.12.28-16.20.49:794][ 98]PIE: Play in editor start time for /Game/StarterContent/Maps/UEDPIE_1_Minimal_Default -0.156
[2018.12.28-16.20.49:804][ 98]PIE: New page: PIE session: Minimal_Default (Dec 28, 2018, 4:20:49 PM)
[2018.12.28-16.20.49:819][ 98]LogSlate: FSceneViewport::OnFocusLost() reason 2
[2018.12.28-16.20.49:825][ 98]LogSlate: Updating window title bar state: overlay mode, drag disabled, window buttons hidden, title bar hidden
[2018.12.28-16.20.49:889][ 98]LogNet: Browse: 127.0.0.1:17777//Game/StarterContent/Maps/Minimal_Default
[2018.12.28-16.20.49:889][ 98]LogTemp: Display: ParseSettings for GameNetDriver
[2018.12.28-16.20.49:889][ 98]LogTemp: Display: ParseSettings for IpNetDriver_3
[2018.12.28-16.20.49:889][ 98]LogTemp: Display: ParseSettings for PendingNetDriver
[2018.12.28-16.20.49:889][ 98]LogInit: WinSock: Socket queue 32768 / 32768
[2018.12.28-16.20.49:890][ 98]PacketHandlerLog: Loaded PacketHandler component: Engine.EngineHandlerComponentFactory (StatelessConnectHandlerComponent)
[2018.12.28-16.20.49:890][ 98]LogNet: Game client on port 17777, rate 10000
[2018.12.28-16.20.49:893][ 98]PIE: Play in editor start time for /Game/StarterContent/Maps/Minimal_Default -0.058
[2018.12.28-16.20.49:910][ 98]LogBlueprintUserMessages: Late PlayInEditor Detection: Level '/Game/StarterContent/Maps/Minimal_Default.Minimal_Default:PersistentLevel' has LevelScriptBlueprint '/Game/StarterContent/Maps/Minimal_Default.Minimal_Default:PersistentLevel.Minimal_Default' with GeneratedClass '/Game/StarterContent/Maps/Minimal_Default.Minimal_Default_C' with ClassGeneratedBy '/Game/StarterContent/Maps/Minimal_Default.Minimal_Default:PersistentLevel.Minimal_Default'
[2018.12.28-16.20.49:910][ 98]LogNet: NotifyAcceptingConnection accepted from: 127.0.0.1:58037
[2018.12.28-16.20.49:910][ 98]LogHandshake: SendConnectChallenge. Timestamp: 0.333334, Cookie: 158214129149179235099164228020171158021146206060236119104198
[2018.12.28-16.20.49:911][ 98]LogHandshake: SendChallengeResponse. Timestamp: 0.333334, Cookie: 158214129149179235099164228020171158021146206060236119104198
[2018.12.28-16.20.49:972][ 99]LogNet: NotifyAcceptingConnection accepted from: 127.0.0.1:58037
[2018.12.28-16.20.49:972][ 99]LogHandshake: SendChallengeAck. InCookie: 158214129149179235099164228020171158021146206060236119104198
[2018.12.28-16.20.49:972][ 99]LogNet: Server accepting post-challenge connection from: 127.0.0.1:58037
[2018.12.28-16.20.49:973][ 99]PacketHandlerLog: Loaded PacketHandler component: Engine.EngineHandlerComponentFactory (StatelessConnectHandlerComponent)
[2018.12.28-16.20.49:973][ 99]LogNet: NotifyAcceptedConnection: Name: Minimal_Default, TimeStamp: 12/28/18 16:20:49, [UNetConnection] RemoteAddr: 127.0.0.1:58037, Name: IpConnection_3, Driver: GameNetDriver IpNetDriver_2, IsServer: YES, PC: NULL, Owner: NULL, UniqueId: INVALID
[2018.12.28-16.20.49:973][ 99]LogNet: AddClientConnection: Added client connection: [UNetConnection] RemoteAddr: 127.0.0.1:58037, Name: IpConnection_3, Driver: GameNetDriver IpNetDriver_2, IsServer: YES, PC: NULL, Owner: NULL, UniqueId: INVALID
[2018.12.28-16.20.49:974][ 99]LogNet: UPendingNetGame::SendInitialJoin: Sending hello. [UNetConnection] RemoteAddr: 127.0.0.1:17777, Name: IpConnection_2, Driver: PendingNetDriver IpNetDriver_3, IsServer: NO, PC: NULL, Owner: NULL, UniqueId: INVALID
[2018.12.28-16.20.49:988][100]LogNet: NotifyAcceptingChannel Control 0 server World /Game/StarterContent/Maps/UEDPIE_1_Minimal_Default.Minimal_Default: Accepted
[2018.12.28-16.20.49:988][100]LogNet: Remote platform little endian=1
[2018.12.28-16.20.49:988][100]LogNet: This platform little endian=1
[2018.12.28-16.20.50:011][101]LogNet: Login request: /Game/StarterContent/Maps/Minimal_Default?Name=Edward-EAB40E3A4FDE73F267AEBF8AC5BFF3EA userId: Edward-EAB40E3A4FDE73F267AEBF8AC5BFF3EA
[2018.12.28-16.20.50:012][101]LogNet: Welcomed by server (Level: /Game/StarterContent/Maps/UEDPIE_1_Minimal_Default, Game: /Game/FightingGameMode.FightingGameMode_C)
[2018.12.28-16.20.50:012][101]LogLoad: LoadMap: 127.0.0.1:17777//Game/StarterContent/Maps/UEDPIE_1_Minimal_Default?game=/Game/FightingGameMode.FightingGameMode_C
[2018.12.28-16.20.50:035][101]LogAIModule: Creating AISystem for world Minimal_Default
[2018.12.28-16.20.50:036][101]LogTemp: Display: ParseSettings for GameNetDriver
[2018.12.28-16.20.50:037][101]LogWorld: Bringing World /Game/StarterContent/Maps/UEDPIE_2_Minimal_Default.Minimal_Default up for play (max tick rate 0) at 2018.12.28-16.20.50
[2018.12.28-16.20.50:038][101]LogWorld: Bringing up level for play took: 0.001025
[2018.12.28-16.20.50:038][101]LogLoad: Took 0.025679 seconds to LoadMap(/Game/StarterContent/Maps/UEDPIE_1_Minimal_Default)
[2018.12.28-16.20.50:051][102]LogNet: Client netspeed is 10000
[2018.12.28-16.20.50:051][102]LogNet: Join request: /Game/StarterContent/Maps/Minimal_Default?Name=Edward-EAB40E3A4FDE73F267AEBF8AC5BFF3EA?SplitscreenCount=1
[2018.12.28-16.20.50:052][102]LogOnline: Warning: OSS: No game present to join for session (GameSession)
[2018.12.28-16.20.50:055][102]LogNet: Join succeeded: Edward-EAB40E3A4FDE7
[2018.12.28-16.20.50:108][108]LogOnline: Warning: OSS: No game present to join for session (GameSession)
[2018.12.28-16.20.50:125][110]LogOnline: Warning: OSS: No game present to join for session (GameSession)
[2018.12.28-16.21.57:585][217]LogSlate: FSceneViewport::OnFocusLost() reason 0
[2018.12.28-16.24.01:272][ 35]LogSlate: FSceneViewport::OnFocusLost() reason 0
[2018.12.28-16.24.50:692][188]LogBlueprintUserMessages: Early EndPlayMap Detection: Level '/Game/StarterContent/Maps/Minimal_Default.Minimal_Default:PersistentLevel' has LevelScriptBlueprint '/Game/StarterContent/Maps/Minimal_Default.Minimal_Default:PersistentLevel.Minimal_Default' with GeneratedClass '/Game/StarterContent/Maps/Minimal_Default.Minimal_Default_C' with ClassGeneratedBy '/Game/StarterContent/Maps/Minimal_Default.Minimal_Default:PersistentLevel.Minimal_Default'
[2018.12.28-16.24.50:692][188]LogSlate: Updating window title bar state: overlay mode, drag disabled, window buttons hidden, title bar hidden
[2018.12.28-16.24.50:706][188]LogSlate: Window 'FightingGame Game Preview Client 1 (64-bit/PCD3D_SM5)' being destroyed
[2018.12.28-16.24.50:749][188]LogOnline: Warning: OSS: No game present to leave for session (GameSession)
[2018.12.28-16.24.50:750][188]LogSlate: Updating window title bar state: overlay mode, drag disabled, window buttons hidden, title bar hidden
[2018.12.28-16.24.50:788][188]LogPlayLevel: Display: Shutting down PIE online subsystems
[2018.12.28-16.24.50:789][188]LogBlueprintUserMessages: Late EndPlayMap Detection: Level '/Game/StarterContent/Maps/Minimal_Default.Minimal_Default:PersistentLevel' has LevelScriptBlueprint '/Game/StarterContent/Maps/Minimal_Default.Minimal_Default:PersistentLevel.Minimal_Default' with GeneratedClass '/Game/StarterContent/Maps/Minimal_Default.Minimal_Default_C' with ClassGeneratedBy '/Game/StarterContent/Maps/Minimal_Default.Minimal_Default:PersistentLevel.Minimal_Default'
[2018.12.28-16.24.50:810][188]LogNet: UChannel::CleanUp: ChIndex == 0. Closing connection. [UChannel] ChIndex: 0, Closing: 0 [UNetConnection] RemoteAddr: 127.0.0.1:58037, Name: IpConnection_3, Driver: GameNetDriver IpNetDriver_2, IsServer: YES, PC: None, Owner: None, UniqueId: NULL:Edward-EAB40E3A4FDE73F267AEBF8AC5BFF3EA
[2018.12.28-16.24.50:810][188]LogNet: UNetConnection::Close: [UNetConnection] RemoteAddr: 127.0.0.1:58037, Name: IpConnection_3, Driver: GameNetDriver IpNetDriver_2, IsServer: YES, PC: None, Owner: None, UniqueId: NULL:Edward-EAB40E3A4FDE73F267AEBF8AC5BFF3EA, Channels: 2, Time: 2018.12.28-16.24.50
[2018.12.28-16.24.50:810][188]LogNet: UChannel::Close: Sending CloseBunch. ChIndex == 0. Name: [UChannel] ChIndex: 0, Closing: 0 [UNetConnection] RemoteAddr: 127.0.0.1:58037, Name: IpConnection_3, Driver: GameNetDriver IpNetDriver_2, IsServer: YES, PC: None, Owner: None, UniqueId: NULL:Edward-EAB40E3A4FDE73F267AEBF8AC5BFF3EA
[2018.12.28-16.24.50:811][188]LogNet: UChannel::CleanUp: ChIndex == 0. Closing connection. [UChannel] ChIndex: 0, Closing: 0 [UNetConnection] RemoteAddr: 127.0.0.1:17777, Name: IpConnection_2, Driver: GameNetDriver IpNetDriver_3, IsServer: NO, PC: None, Owner: None, UniqueId: NULL:Edward-EAB40E3A4FDE73F267AEBF8AC5BFF3EA
[2018.12.28-16.24.50:811][188]LogNet: UNetConnection::Close: [UNetConnection] RemoteAddr: 127.0.0.1:17777, Name: IpConnection_2, Driver: GameNetDriver IpNetDriver_3, IsServer: NO, PC: None, Owner: None, UniqueId: NULL:Edward-EAB40E3A4FDE73F267AEBF8AC5BFF3EA, Channels: 2, Time: 2018.12.28-16.24.50
[2018.12.28-16.24.50:811][188]LogNet: UChannel::Close: Sending CloseBunch. ChIndex == 0. Name: [UChannel] ChIndex: 0, Closing: 0 [UNetConnection] RemoteAddr: 127.0.0.1:17777, Name: IpConnection_2, Driver: GameNetDriver IpNetDriver_3, IsServer: NO, PC: None, Owner: None, UniqueId: NULL:Edward-EAB40E3A4FDE73F267AEBF8AC5BFF3EA
[2018.12.28-16.24.50:814][188]LogSlate: Updating window title bar state: overlay mode, drag disabled, window buttons hidden, title bar hidden
[2018.12.28-16.24.50:814][188]LogExit: GameNetDriver None shut down
[2018.12.28-16.24.50:815][188]LogExit: GameNetDriver None shut down
[2018.12.28-16.24.50:828][189]LogPlayLevel: Display: Destroying online subsystem :Context_8
[2018.12.28-16.24.50:828][189]LogPlayLevel: Display: Destroying online subsystem :Context_7
[2018.12.28-16.24.58:661][334]LogSlate: FSceneViewport::OnFocusLost() reason 0
[2018.12.28-16.30.10:770][290]LogSavePackage: Moving '../../../../../../Git/FightingGame/FightingGame/Saved/Minimal_Default80358B444EF0C5048ABADD8A2B051A78.tmp' to '../../../../../../Git/FightingGame/FightingGame/Content/StarterContent/Maps/Minimal_Default.umap'
[2018.12.28-16.30.10:831][290]LogSavePackage: Moving '../../../../../../Git/FightingGame/FightingGame/Saved/Minimal_Default_BuiltDataCD57075E4A370637EC48898DDD934DB2.tmp' to '../../../../../../Git/FightingGame/FightingGame/Content/StarterContent/Maps/Minimal_Default_BuiltData.uasset'
[2018.12.28-16.30.11:468][342]LogSlate: Window 'FightingGame - Unreal Editor' being destroyed
[2018.12.28-16.30.11:520][342]LogWindowsTextInputMethodSystem: Display: IME system now deactivated.
[2018.12.28-16.30.11:797][343]Cmd: QUIT_EDITOR
[2018.12.28-16.30.11:849][343]LogExit: Preparing to exit.
[2018.12.28-16.30.12:312][343]LogExit: Editor shut down
[2018.12.28-16.30.12:313][343]LogExit: Transaction tracking system shut down
