Log file open, 01/02/19 21:02:17
LogWindows: Failed to load 'aqProf.dll' (GetLastError=126)
LogWindows: File 'aqProf.dll' does not exist
LogWindows: Failed to load 'VSPerf140.dll' (GetLastError=126)
LogWindows: File 'VSPerf140.dll' does not exist
LogWindows: Failed to load 'VtuneApi.dll' (GetLastError=126)
LogWindows: File 'VtuneApi.dll' does not exist
LogWindows: Failed to load 'VtuneApi32e.dll' (GetLastError=126)
LogWindows: File 'VtuneApi32e.dll' does not exist
LogInit: Display: Running engine for game: FightingGame
LogPlatformFile: Not using cached read wrapper
LogTaskGraph: Started task graph with 5 named threads and 23 total threads with 3 sets of task threads.
LogStats: Stats thread started at 0.396932
LogD3D11RHI: Loaded GFSDK_Aftermath_Lib.x64.dll
LogICUInternationalization: Display: ICU TimeZone Detection - Raw Offset: +0:00, Platform Override: ''
LogPluginManager: Mounting plugin Paper2D
LogPluginManager: Mounting plugin AISupport
LogPluginManager: Mounting plugin LightPropagationVolume
LogPluginManager: Mounting plugin CLionSourceCodeAccess
LogPluginManager: Mounting plugin CodeLiteSourceCodeAccess
LogPluginManager: Mounting plugin GitSourceControl
LogPluginManager: Mounting plugin KDevelopSourceCodeAccess
LogPluginManager: Mounting plugin NullSourceCodeAccess
LogPluginManager: Mounting plugin PerforceSourceControl
LogPluginManager: Mounting plugin SubversionSourceControl
LogPluginManager: Mounting plugin UObjectPlugin
LogPluginManager: Mounting plugin VisualStudioCodeSourceCodeAccess
LogPluginManager: Mounting plugin VisualStudioSourceCodeAccess
LogPluginManager: Mounting plugin XCodeSourceCodeAccess
LogPluginManager: Mounting plugin AssetManagerEditor
LogPluginManager: Mounting plugin CryptoKeys
LogPluginManager: Mounting plugin DataValidation
LogPluginManager: Mounting plugin FacialAnimation
LogPluginManager: Mounting plugin GameplayTagsEditor
LogPluginManager: Mounting plugin MacGraphicsSwitching
LogPluginManager: Mounting plugin MeshEditor
LogPluginManager: Mounting plugin MobileLauncherProfileWizard
LogPluginManager: Mounting plugin PluginBrowser
LogPluginManager: Mounting plugin SpeedTreeImporter
LogPluginManager: Mounting plugin DatasmithContent
LogPluginManager: Mounting plugin AlembicImporter
LogPluginManager: Mounting plugin AppleImageUtils
LogPluginManager: Mounting plugin AppleVision
LogPluginManager: Mounting plugin BackChannel
LogPluginManager: Mounting plugin CharacterAI
LogPluginManager: Mounting plugin GeometryCache
LogPluginManager: Mounting plugin HTML5Networking
LogPluginManager: Mounting plugin ProxyLODPlugin
LogPluginManager: Mounting plugin MagicLeap
LogPluginManager: Mounting plugin MagicLeapEmulator
LogPluginManager: Mounting plugin MagicLeapMedia
LogPluginManager: Mounting plugin AndroidMedia
LogPluginManager: Mounting plugin AvfMedia
LogPluginManager: Mounting plugin ImgMedia
LogPluginManager: Mounting plugin LinearTimecode
LogPluginManager: Mounting plugin MediaCompositing
LogPluginManager: Mounting plugin MediaPlayerEditor
LogPluginManager: Mounting plugin WmfMedia
LogPluginManager: Mounting plugin TcpMessaging
LogPluginManager: Mounting plugin UdpMessaging
LogPluginManager: Mounting plugin ActorSequence
LogPluginManager: Mounting plugin LevelSequenceEditor
LogPluginManager: Mounting plugin MatineeToLevelSequence
LogPluginManager: Mounting plugin NetcodeUnitTest
LogPluginManager: Mounting plugin NUTUnrealEngine4
LogPluginManager: Mounting plugin OnlineSubsystemGooglePlay
LogPluginManager: Mounting plugin OnlineSubsystemIOS
LogPluginManager: Mounting plugin OnlineSubsystem
LogPluginManager: Mounting plugin OnlineSubsystemNull
LogPluginManager: Mounting plugin OnlineSubsystemUtils
LogPluginManager: Mounting plugin LauncherChunkInstaller
LogPluginManager: Mounting plugin AndroidDeviceProfileSelector
LogPluginManager: Mounting plugin AndroidMoviePlayer
LogPluginManager: Mounting plugin AndroidPermission
LogPluginManager: Mounting plugin AppleMoviePlayer
LogPluginManager: Mounting plugin ArchVisCharacter
LogPluginManager: Mounting plugin AudioCapture
LogPluginManager: Mounting plugin CableComponent
LogPluginManager: Mounting plugin CustomMeshComponent
LogPluginManager: Mounting plugin EditableMesh
LogPluginManager: Mounting plugin ExampleDeviceProfileSelector
LogPluginManager: Mounting plugin GoogleCloudMessaging
LogPluginManager: Mounting plugin ImmediatePhysics
LogPluginManager: Mounting plugin IOSDeviceProfileSelector
LogPluginManager: Mounting plugin LinuxDeviceProfileSelector
LogPluginManager: Mounting plugin LocationServicesBPLibrary
LogPluginManager: Mounting plugin MobilePatchingUtils
LogPluginManager: Mounting plugin OculusVR
LogPluginManager: Plugin shader directory ../../../Engine/Plugins/Runtime/Oculus/OculusVR/Shaders found
LogPluginManager: Mapping shader source directory ../../../Engine/Plugins/Runtime/Oculus/OculusVR/Shaders to virtual directory /Plugin/OculusVR
LogPluginManager: Mounting plugin PhysXVehicles
LogPluginManager: Mounting plugin ProceduralMeshComponent
LogPluginManager: Mounting plugin RuntimePhysXCooking
LogPluginManager: Mounting plugin SteamVR
LogPluginManager: Mounting plugin WindowsMoviePlayer
LogStreaming: Display: Took  0.228s to configure plugins.
LogInit: Using libcurl 7.55.1-DEV
LogInit:  - built for x86_64-pc-win32
LogInit:  - supports SSL with OpenSSL/1.0.2h
LogInit:  - supports HTTP deflate (compression) using libz 1.2.8
LogInit:  - other features:
LogInit:      CURL_VERSION_SSL
LogInit:      CURL_VERSION_LIBZ
LogInit:      CURL_VERSION_IPV6
LogInit:      CURL_VERSION_ASYNCHDNS
LogInit:      CURL_VERSION_LARGEFILE
LogInit:      CURL_VERSION_IDN
LogInit:  CurlRequestOptions (configurable via config and command line):
LogInit:  - bVerifyPeer = false  - Libcurl will NOT verify peer certificate
LogInit:  - bUseHttpProxy = false  - Libcurl will NOT use HTTP proxy
LogInit:  - bDontReuseConnections = false  - Libcurl will reuse connections
LogInit:  - CertBundlePath = nullptr  - Libcurl will use whatever was configured at build time.
LogInit:  - MaxHostConnections = 16  - Libcurl will limit the number of connections to a host
LogInit:  - LocalHostAddr = Default
LogInit:  - BufferSize = 65536
LogInit: WinSock: version 1.1 (2.2), MaxSocks=32767, MaxUdp=65467
LogInit: Build: ++UE4+Release-4.20-CL-4369336
LogInit: Engine Version: 4.20.3-4369336+++UE4+Release-4.20
LogInit: Compatible Engine Version: 4.20.0-4212847+++UE4+Release-4.20
LogInit: Net CL: 4212847
LogInit: OS: Windows 10 (), CPU: Intel(R) Core(TM) i7-6700K CPU @ 4.00GHz, GPU: NVIDIA GeForce GTX 1060 6GB
LogInit: Compiled (64-bit): Sep 17 2018 12:26:19
LogInit: Compiled with Visual C++: 19.13.26129.00
LogInit: Build Configuration: Development
LogInit: Branch Name: ++UE4+Release-4.20
LogInit: Command Line:  -skipcompile
LogInit: Base Directory: D:/Program Files/Epic Games/UE_4.20/Engine/Binaries/Win64/
LogInit: Installed Engine Build: 1
LogDevObjectVersion: Number of dev versions registered: 20
LogDevObjectVersion:   Dev-Blueprints (B0D832E4-1F89-4F0D-ACCF-7EB736FD4AA2): 10
LogDevObjectVersion:   Dev-Build (E1C64328-A22C-4D53-A36C-8E866417BD8C): 0
LogDevObjectVersion:   Dev-Core (375EC13C-06E4-48FB-B500-84F0262A717E): 2
LogDevObjectVersion:   Dev-Editor (E4B068ED-F494-42E9-A231-DA0B2E46BB41): 24
LogDevObjectVersion:   Dev-Framework (CFFC743F-43B0-4480-9391-14DF171D2073): 34
LogDevObjectVersion:   Dev-Mobile (B02B49B5-BB20-44E9-A304-32B752E40360): 2
LogDevObjectVersion:   Dev-Networking (A4E4105C-59A1-49B5-A7C5-40C4547EDFEE): 0
LogDevObjectVersion:   Dev-Online (39C831C9-5AE6-47DC-9A44-9C173E1C8E7C): 0
LogDevObjectVersion:   Dev-Physics (78F01B33-EBEA-4F98-B9B4-84EACCB95AA2): 0
LogDevObjectVersion:   Dev-Platform (6631380F-2D4D-43E0-8009-CF276956A95A): 0
LogDevObjectVersion:   Dev-Rendering (12F88B9F-8875-4AFC-A67C-D90C383ABD29): 26
LogDevObjectVersion:   Dev-Sequencer (7B5AE74C-D270-4C10-A958-57980B212A5A): 9
LogDevObjectVersion:   Dev-VR (D7296918-1DD6-4BDD-9DE2-64A83CC13884): 2
LogDevObjectVersion:   Dev-LoadTimes (C2A15278-BFE7-4AFE-6C17-90FF531DF755): 1
LogDevObjectVersion:   Private-Geometry (6EACA3D4-40EC-4CC1-B786-8BED09428FC5): 3
LogDevObjectVersion:   Dev-AnimPhys (29E575DD-E0A3-4627-9D10-D276232CDCEA): 17
LogDevObjectVersion:   Dev-ReflectionCapture (6B266CEC-1EC7-4B8F-A30B-E4D90942FC07): 1
LogDevObjectVersion:   Dev-Automation (0DF73D61-A23F-47EA-B727-89E90C41499A): 1
LogDevObjectVersion:   FortniteMain (601D1886-AC64-4F84-AA16-D3DE0DEAC7D6): 12
LogDevObjectVersion:   Dev-Enterprise (9DFFBCD6-494F-0158-E221-12823C92A888): 1
LogStreaming: Display: Took  0.007s to delete old logs.
LogInit: Presizing for max 8388607 objects, including 0 objects not considered by GC, pre-allocating 0 bytes for permanent pool.
LogInit: Object subsystem initialized
[2019.01.02-21.02.17:699][  0]LogInit: Selected Device Profile: [Windows]
[2019.01.02-21.02.17:699][  0]LogInit: Applying CVar settings loaded from the selected device profile: [Windows]
[2019.01.02-21.02.17:713][  0]LogHAL: Display: Platform has ~ 16 GB [17126547456 / 17179869184 / 16], which maps to Larger [LargestMinGB=32, LargerMinGB=12, DefaultMinGB=8, SmallerMinGB=6, SmallestMinGB=0)
[2019.01.02-21.02.17:713][  0]LogInit: Setting Device Profile CVar: [[r.Vulkan.UseRealUBs:1]]
[2019.01.02-21.02.17:714][  0]LogInit: Going up to parent DeviceProfile []
[2019.01.02-21.02.17:714][  0]LogInit: Computer: EDWARD
[2019.01.02-21.02.17:714][  0]LogInit: User: John
[2019.01.02-21.02.17:714][  0]LogInit: CPU Page size=4096, Cores=4
[2019.01.02-21.02.17:714][  0]LogInit: High frequency timer resolution =3.914064 MHz
[2019.01.02-21.02.17:714][  0]LogMemory: Memory total: Physical=16.0GB (16GB approx)
[2019.01.02-21.02.17:714][  0]LogMemory: Platform Memory Stats for Windows
[2019.01.02-21.02.17:715][  0]LogMemory: Process Physical Memory: 102.27 MB used, 102.27 MB peak
[2019.01.02-21.02.17:715][  0]LogMemory: Process Virtual Memory: 93.52 MB used, 93.52 MB peak
[2019.01.02-21.02.17:715][  0]LogMemory: Physical Memory: 8535.38 MB used,  7797.77 MB free, 16333.15 MB total
[2019.01.02-21.02.17:715][  0]LogMemory: Virtual Memory: 4642.46 MB used,  7797.77 MB free, 134217728.00 MB total
[2019.01.02-21.02.17:836][  0]LogInit: Using OS detected language (en-US).
[2019.01.02-21.02.17:836][  0]LogInit: Using OS detected locale (en-US).
[2019.01.02-21.02.17:837][  0]LogTextLocalizationManager: No specific localization for 'en-US' exists, so the 'en' localization will be used.
[2019.01.02-21.02.18:161][  0]LogStreaming: Display: Took  0.325s to InitEngineTextLocalization.
[2019.01.02-21.02.18:162][  0]LogInit: Setting process to per monitor DPI aware
[2019.01.02-21.02.18:241][  0]LogSlate: New Slate User Created.  User Index 0, Is Virtual User: 0
[2019.01.02-21.02.18:241][  0]LogSlate: Slate User Registered.  User Index 0, Is Virtual User: 0
[2019.01.02-21.02.18:518][  0]LogHMD: Failed to initialize OpenVR with code 102
[2019.01.02-21.02.18:518][  0]LogD3D11RHI: D3D11 adapters:
[2019.01.02-21.02.18:583][  0]LogD3D11RHI:    0. 'NVIDIA GeForce GTX 1060 6GB' (Feature Level 11_0)
[2019.01.02-21.02.18:583][  0]LogD3D11RHI:       6061/0/8166 MB DedicatedVideo/DedicatedSystem/SharedSystem, Outputs:3, VendorId:0x10de
[2019.01.02-21.02.18:588][  0]LogD3D11RHI:    1. 'Microsoft Basic Render Driver' (Feature Level 11_0)
[2019.01.02-21.02.18:588][  0]LogD3D11RHI:       0/0/8166 MB DedicatedVideo/DedicatedSystem/SharedSystem, Outputs:0, VendorId:0x1414
[2019.01.02-21.02.18:588][  0]LogD3D11RHI: Chosen D3D11 Adapter: 0
[2019.01.02-21.02.18:600][  0]LogD3D11RHI: Creating new Direct3DDevice
[2019.01.02-21.02.18:600][  0]LogD3D11RHI:     GPU DeviceId: 0x1c03 (for the marketing name, search the web for "GPU Device Id")
[2019.01.02-21.02.18:600][  0]LogWindows: EnumDisplayDevices:
[2019.01.02-21.02.18:600][  0]LogWindows:    0. 'NVIDIA GeForce GTX 1060 6GB' (P:1 D:1)
[2019.01.02-21.02.18:601][  0]LogWindows:    1. 'NVIDIA GeForce GTX 1060 6GB' (P:0 D:1)
[2019.01.02-21.02.18:601][  0]LogWindows:    2. 'NVIDIA GeForce GTX 1060 6GB' (P:0 D:1)
[2019.01.02-21.02.18:602][  0]LogWindows:    3. 'NVIDIA GeForce GTX 1060 6GB' (P:0 D:0)
[2019.01.02-21.02.18:602][  0]LogWindows: DebugString: FoundDriverCount:4 
[2019.01.02-21.02.18:602][  0]LogD3D11RHI:     Adapter Name: NVIDIA GeForce GTX 1060 6GB
[2019.01.02-21.02.18:602][  0]LogD3D11RHI:   Driver Version: 388.13 (internal:23.21.13.8813, unified:388.13)
[2019.01.02-21.02.18:602][  0]LogD3D11RHI:      Driver Date: 10-27-2017
[2019.01.02-21.02.18:602][  0]LogRHI: Texture pool is 4242 MB (70% of 6061 MB)
[2019.01.02-21.02.18:641][  0]LogD3D11RHI: Async texture creation enabled
[2019.01.02-21.02.18:658][  0]LogD3D11RHI: GPU Timing Frequency: 1000.000000 (Debug: 2 1)
[2019.01.02-21.02.18:756][  0]LogShaderCompilers: Guid format shader working directory is -3 characters bigger than the processId version (../../../../../../Git/FightingGame/FightingGame/Intermediate/Shaders/WorkingDirectory/25288/).
[2019.01.02-21.02.18:757][  0]LogShaderCompilers: Cleaned the shader compiler working directory 'C:/Users/John/AppData/Local/Temp/UnrealShaderWorkingDir/D49CCD5B48D4D0C0EB296B824311B145/'.
[2019.01.02-21.02.19:046][  0]LogTemp: Display: Loaded TP AllDesktopTargetPlatform
[2019.01.02-21.02.19:066][  0]LogTemp: Display: Loaded TP MacClientTargetPlatform
[2019.01.02-21.02.19:090][  0]LogTemp: Display: Loaded TP MacNoEditorTargetPlatform
[2019.01.02-21.02.19:110][  0]LogTemp: Display: Loaded TP MacServerTargetPlatform
[2019.01.02-21.02.19:133][  0]LogTemp: Display: Loaded TP MacTargetPlatform
[2019.01.02-21.02.19:155][  0]LogTemp: Display: Loaded TP WindowsClientTargetPlatform
[2019.01.02-21.02.19:178][  0]LogTemp: Display: Loaded TP WindowsNoEditorTargetPlatform
[2019.01.02-21.02.19:200][  0]LogTemp: Display: Loaded TP WindowsServerTargetPlatform
[2019.01.02-21.02.19:213][  0]LogTemp: Display: Loaded TP WindowsTargetPlatform
[2019.01.02-21.02.19:289][  0]LogTemp: Display: Loaded TP AndroidTargetPlatform
[2019.01.02-21.02.19:289][  0]LogTemp: Display: Loaded TP AndroidTargetPlatform
[2019.01.02-21.02.19:289][  0]LogTemp: Display: Loaded TP AndroidTargetPlatform
[2019.01.02-21.02.19:289][  0]LogTemp: Display: Loaded TP AndroidTargetPlatform
[2019.01.02-21.02.19:289][  0]LogTemp: Display: Loaded TP AndroidTargetPlatform
[2019.01.02-21.02.19:289][  0]LogTemp: Display: Loaded TP AndroidTargetPlatform
[2019.01.02-21.02.19:289][  0]LogTemp: Display: Loaded TP AndroidTargetPlatform
[2019.01.02-21.02.19:289][  0]LogTemp: Display: Loaded TP AndroidTargetPlatform
[2019.01.02-21.02.19:289][  0]LogTemp: Display: Loaded TP AndroidTargetPlatform
[2019.01.02-21.02.19:289][  0]LogTemp: Display: Loaded TP AndroidTargetPlatform
[2019.01.02-21.02.19:289][  0]LogTemp: Display: Loaded TP AndroidTargetPlatform
[2019.01.02-21.02.19:289][  0]LogTemp: Display: Loaded TP AndroidTargetPlatform
[2019.01.02-21.02.19:289][  0]LogTemp: Display: Loaded TP AndroidTargetPlatform
[2019.01.02-21.02.19:290][  0]LogTemp: Display: Loaded TP AndroidTargetPlatform
[2019.01.02-21.02.19:290][  0]LogTemp: Display: Loaded TP AndroidTargetPlatform
[2019.01.02-21.02.19:290][  0]LogTemp: Display: Loaded TP AndroidTargetPlatform
[2019.01.02-21.02.19:290][  0]LogTemp: Display: Loaded TP AndroidTargetPlatform
[2019.01.02-21.02.19:290][  0]LogTemp: Display: Loaded TP AndroidTargetPlatform
[2019.01.02-21.02.19:295][  0]LogTemp: Display: Loaded TP HTML5TargetPlatform
[2019.01.02-21.02.19:373][  0]LogTemp: Display: Loaded TP IOSTargetPlatform
[2019.01.02-21.02.19:374][  0]LogTemp: Display: Loaded TP IOSTargetPlatform
[2019.01.02-21.02.19:400][  0]LogTemp: Display: Loaded TP TVOSTargetPlatform
[2019.01.02-21.02.19:401][  0]LogTemp: Display: Loaded TP TVOSTargetPlatform
[2019.01.02-21.02.19:417][  0]LogTemp: Display: Loaded TP LinuxClientTargetPlatform
[2019.01.02-21.02.19:433][  0]LogTemp: Display: Loaded TP LinuxNoEditorTargetPlatform
[2019.01.02-21.02.19:449][  0]LogTemp: Display: Loaded TP LinuxServerTargetPlatform
[2019.01.02-21.02.19:466][  0]LogTemp: Display: Loaded TP LinuxTargetPlatform
[2019.01.02-21.02.19:478][  0]LogTemp: Display: Loaded TP LuminTargetPlatform
[2019.01.02-21.02.19:479][  0]LogTargetPlatformManager: Display: Building Assets For Windows
[2019.01.02-21.02.19:690][  0]LogXGEController: Cleaning working directory: C:/Users/John/AppData/Local/Temp/UnrealXGEWorkingDir/
[2019.01.02-21.02.19:690][  0]LogXGEController: Cannot use XGE Controller as Incredibuild is not installed on this machine.
[2019.01.02-21.02.19:690][  0]LogShaderCompilers: Cannot use XGE Shader Compiler as Incredibuild is not installed on this machine.
[2019.01.02-21.02.19:690][  0]LogShaderCompilers: Display: Using Local Shader Compiler.
[2019.01.02-21.02.20:477][  0]LogDerivedDataCache: Display: Max Cache Size: 512 MB
[2019.01.02-21.02.20:524][  0]LogDerivedDataCache: Loaded boot cache 0.05s 71MB C:/Users/John/AppData/Local/UnrealEngine/4.20/DerivedDataCache/Boot.ddc.
[2019.01.02-21.02.20:525][  0]LogDerivedDataCache: Display: Loaded Boot cache: C:/Users/John/AppData/Local/UnrealEngine/4.20/DerivedDataCache/Boot.ddc
[2019.01.02-21.02.20:525][  0]LogDerivedDataCache: FDerivedDataBackendGraph:  Pak pak cache file ../../../../../../Git/FightingGame/FightingGame/DerivedDataCache/DDC.ddp not found, will not use a pak cache.
[2019.01.02-21.02.20:525][  0]LogDerivedDataCache: Unable to find inner node Pak for hierarchical cache Hierarchy.
[2019.01.02-21.02.20:525][  0]LogDerivedDataCache: FDerivedDataBackendGraph:  CompressedPak pak cache file ../../../../../../Git/FightingGame/FightingGame/DerivedDataCache/Compressed.ddp not found, will not use a pak cache.
[2019.01.02-21.02.20:525][  0]LogDerivedDataCache: Unable to find inner node CompressedPak for hierarchical cache Hierarchy.
[2019.01.02-21.02.20:537][  0]LogDerivedDataCache: Display: Pak cache opened for reading ../../../Engine/DerivedDataCache/Compressed.ddp.
[2019.01.02-21.02.20:552][  0]LogDerivedDataCache: Using Local data cache path C:/Users/John/AppData/Local/UnrealEngine/Common/DerivedDataCache: Writable
[2019.01.02-21.02.20:552][  0]LogDerivedDataCache: Shared data cache path not found in *engine.ini, will not use an Shared cache.
[2019.01.02-21.02.20:552][  0]LogDerivedDataCache: Unable to find inner node Shared for hierarchical cache Hierarchy.
[2019.01.02-21.02.20:568][  0]LogMaterial: Verifying Global Shaders for PCD3D_SM5
[2019.01.02-21.02.20:570][  0]LogSlate: Using FreeType 2.6.0
[2019.01.02-21.02.20:570][  0]LogSlate: SlateFontServices - WITH_FREETYPE: 1, WITH_HARFBUZZ: 1
[2019.01.02-21.02.20:650][  0]LogAssetRegistry: FAssetRegistry took 0.0286 seconds to start up
[2019.01.02-21.02.20:978][  0]LogInit: Selected Device Profile: [Windows]
[2019.01.02-21.02.21:144][  0]LogSimplygon: Simplygon DLL not present - disabling.
[2019.01.02-21.02.21:165][  0]LogMeshReduction: Using SimplygonSwarm for distributed automatic mesh merging
[2019.01.02-21.02.21:165][  0]LogMeshReduction: Using ProxyLODMeshReduction for automatic mesh merging
[2019.01.02-21.02.21:165][  0]LogMeshReduction: Using QuadricMeshReduction for automatic static mesh reduction
[2019.01.02-21.02.21:165][  0]LogMeshReduction: No automatic skeletal mesh reduction module available
[2019.01.02-21.02.21:191][  0]LogNetVersion: FightingGame 1.0.0, NetCL: 4212847, EngineNetVer: 5, GameNetVer: 0 (Checksum: 156865789)
[2019.01.02-21.02.21:797][  0]LogPackageLocalizationCache: Processed 11 localized package path(s) for 2 prioritized culture(s) in 0.187654 seconds
[2019.01.02-21.02.21:803][  0]LogUObjectArray: 38425 objects as part of root set at end of initial load.
[2019.01.02-21.02.21:803][  0]LogUObjectAllocator: 6690872 out of 0 bytes used by permanent object pool.
[2019.01.02-21.02.21:803][  0]LogUObjectArray: CloseDisregardForGC: 0/0 objects in disregard for GC pool
[2019.01.02-21.02.23:004][  0]LogTcpMessaging: Initializing TcpMessaging bridge
[2019.01.02-21.02.23:026][  0]LogUdpMessaging: Initializing bridge on interface 0.0.0.0:0 to multicast group 230.0.0.1:6666.
[2019.01.02-21.02.23:287][  0]SourceControl: Source control is disabled
[2019.01.02-21.02.23:287][  0]SourceControl: Source control is disabled
[2019.01.02-21.02.23:300][  0]SourceControl: Source control is disabled
[2019.01.02-21.02.23:307][  0]SourceControl: Source control is disabled
[2019.01.02-21.02.23:731][  0]LogAndroidPermission: UAndroidPermissionCallbackProxy::GetInstance
[2019.01.02-21.02.23:951][  0]LogOcInput: OculusInput pre-init called
[2019.01.02-21.02.24:038][  0]LogEngine: Initializing Engine...
[2019.01.02-21.02.24:040][  0]LogHMD: Failed to initialize OpenVR with code 102
[2019.01.02-21.02.24:042][  0]LogStats: UGameplayTagsManager::ConstructGameplayTagTree: ImportINI prefixes -  0.000 s
[2019.01.02-21.02.24:042][  0]LogStats: UGameplayTagsManager::ConstructGameplayTagTree: Construct from data asset -  0.000 s
[2019.01.02-21.02.24:042][  0]LogStats: UGameplayTagsManager::ConstructGameplayTagTree: ImportINI -  0.000 s
[2019.01.02-21.02.24:042][  0]LogStats: UGameplayTagsManager::ConstructGameplayTagTree: GameplayTagTreeChangedEvent.Broadcast -  0.000 s
[2019.01.02-21.02.24:232][  0]LogInit: Initializing FReadOnlyCVARCache
[2019.01.02-21.02.24:255][  0]LogAIModule: Creating AISystem for world Untitled
[2019.01.02-21.02.24:362][  0]LogInit: XAudio2 using 'Headset Earphone (Razer ManO'War)' : 2 channels at 48 kHz using 16 bits per sample (channel mask 0x3)
[2019.01.02-21.02.24:494][  0]LogInit: FAudioDevice initialized.
[2019.01.02-21.02.24:495][  0]LogNetVersion: Set ProjectVersion to 1.0.0.0. Version Checksum will be recalculated on next use.
[2019.01.02-21.02.24:641][  0]LogDerivedDataCache: Saved boot cache 0.15s 71MB C:/Users/John/AppData/Local/UnrealEngine/4.20/DerivedDataCache/Boot.ddc.
[2019.01.02-21.02.24:652][  0]LogInit: Texture streaming: Enabled
[2019.01.02-21.02.24:713][  0]LogEngineSessionManager: EngineSessionManager initialized
[2019.01.02-21.02.24:714][  0]LogEngineSessionManager: EngineSessionManager sent abnormal shutdown report. Type=Debugger, SessionId={0C0842E0-4461-F39A-D8D4-509DCACE970A}
[2019.01.02-21.02.24:736][  0]LogInit: Transaction tracking system initialized
[2019.01.02-21.02.24:812][  0]BlueprintLog: New page: Editor Load
[2019.01.02-21.02.25:091][  0]LocalizationService: Localization service is disabled
[2019.01.02-21.02.25:560][  0]LogCook: Display: Max memory allowance for cook 16384mb min free memory 0mb
[2019.01.02-21.02.25:560][  0]LogCook: Display: Mobile HDR setting 1
[2019.01.02-21.02.25:560][  0]LogGameplayTags: Display: UGameplayTagsManager::DoneAddingNativeTags. DelegateIsBound: 0
[2019.01.02-21.02.25:561][  0]LogStats: UGameplayTagsManager::ConstructGameplayTagTree: ImportINI prefixes -  0.000 s
[2019.01.02-21.02.25:561][  0]LogStats: UGameplayTagsManager::ConstructGameplayTagTree: Construct from data asset -  0.000 s
[2019.01.02-21.02.25:561][  0]LogStats: UGameplayTagsManager::ConstructGameplayTagTree: ImportINI -  0.000 s
[2019.01.02-21.02.25:561][  0]LogStats: UGameplayTagsManager::ConstructGameplayTagTree: GameplayTagTreeChangedEvent.Broadcast -  0.000 s
[2019.01.02-21.02.25:738][  0]LogFileCache: Scanning file cache for directory 'D:/Git/FightingGame/FightingGame/Content/' took 0.02s
[2019.01.02-21.02.25:739][  0]LogLinker: Warning: Can't find file '/Engine/BasicShapes/Cylinder'
[2019.01.02-21.02.25:739][  0]LogLinker: Warning: Can't find file '/Engine/BasicShapes/Cylinder'
[2019.01.02-21.02.25:739][  0]LogUObjectGlobals: Warning: Failed to find object 'StaticMesh /Engine/BasicShapes/Cylinder.Cylinder'
[2019.01.02-21.02.25:906][  0]SourceControl: Source control is disabled
[2019.01.02-21.02.25:907][  0]Cmd: MAP LOAD FILE="../../../../../../Git/FightingGame/FightingGame/Content/StarterContent/Maps/Minimal_Default.umap" TEMPLATE=0 SHOWPROGRESS=1 FEATURELEVEL=3
[2019.01.02-21.02.25:907][  0]LightingResults: New page: Lighting Build
[2019.01.02-21.02.25:913][  0]MapCheck: New page: Map Check
[2019.01.02-21.02.25:913][  0]LightingResults: New page: Lighting Build
[2019.01.02-21.02.26:040][  0]LogBlueprint: Warning: [Compiler PlayerManager_BP] 'Player Base' does not inherit from 'Player Controller' ( Cast To Player_Base  would always fail).
[2019.01.02-21.02.26:041][  0]LogBlueprint: Warning: [Compiler PlayerManager_BP] 'Player Base' does not inherit from 'Player Controller' ( Cast To Player_Base  would always fail).
[2019.01.02-21.02.26:042][  0]LogBlueprint: Warning: [Compiler PlayerManager_BP] [0010.76] Compile of PlayerManager_BP successful, but with 2 Warning(s) [in 3 ms] (/Game/PlayerManager_BP.PlayerManager_BP)
[2019.01.02-21.02.26:181][  0]LogAIModule: Creating AISystem for world Minimal_Default
[2019.01.02-21.02.26:191][  0]LogEditorServer: Finished looking for orphan Actors (0.000 secs)
[2019.01.02-21.02.26:213][  0]Cmd: MAP CHECKDEP NOCLEARLOG
[2019.01.02-21.02.26:357][  0]MapCheck: Map check complete: 0 Error(s), 0 Warning(s), took 143.498ms to complete.
[2019.01.02-21.02.26:357][  0]LogFileHelpers: Loading map 'Minimal_Default' took 0.451
[2019.01.02-21.02.26:530][  0]LogSlate: Updating window title bar state: overlay mode, drag disabled, window buttons hidden, title bar hidden
[2019.01.02-21.02.26:542][  0]LogSlate: Updating window title bar state: overlay mode, drag disabled, window buttons hidden, title bar hidden
[2019.01.02-21.02.26:553][  0]LogSlate: Updating window title bar state: overlay mode, drag disabled, window buttons hidden, title bar hidden
[2019.01.02-21.02.26:564][  0]LogSlate: Updating window title bar state: overlay mode, drag disabled, window buttons hidden, title bar hidden
[2019.01.02-21.02.26:585][  0]LogCollectionManager: Loaded 0 collections in 0.003837 seconds
[2019.01.02-21.02.26:652][  0]LogFileCache: Scanning file cache for directory 'D:/Git/FightingGame/FightingGame/Saved/Collections/' took 0.01s
[2019.01.02-21.02.26:652][  0]LogFileCache: Scanning file cache for directory 'D:/Git/FightingGame/FightingGame/Content/Developers/John/Collections/' took 0.01s
[2019.01.02-21.02.26:652][  0]LogFileCache: Scanning file cache for directory 'D:/Git/FightingGame/FightingGame/Content/Collections/' took 0.01s
[2019.01.02-21.02.26:652][  0]LogCollectionManager: Rebuilt the GUID cache for 0 collections in 0.000001 seconds
[2019.01.02-21.02.26:661][  0]LogContentBrowser: Native class hierarchy populated in 0.0092 seconds. Added 2578 classes and 605 folders.
[2019.01.02-21.02.26:669][  0]LogContentBrowser: Native class hierarchy updated for 'WidgetCarousel' in 0.0003 seconds. Added 0 classes and 0 folders.
[2019.01.02-21.02.26:732][  0]LogContentBrowser: Native class hierarchy updated for 'AddContentDialog' in 0.0004 seconds. Added 0 classes and 0 folders.
[2019.01.02-21.02.26:747][  0]LogContentBrowser: Native class hierarchy updated for 'SceneOutliner' in 0.0004 seconds. Added 1 classes and 2 folders.
[2019.01.02-21.02.26:827][  0]LogSlate: Took 0.000379 seconds to synchronously load lazily loaded font '../../../Engine/Content/Slate/Fonts/Roboto-Regular.ttf' (155K)
[2019.01.02-21.02.26:830][  0]LogSlate: Took 0.000327 seconds to synchronously load lazily loaded font '../../../Engine/Content/Slate/Fonts/Roboto-Bold.ttf' (160K)
[2019.01.02-21.02.26:838][  0]LogSlate: Took 0.000316 seconds to synchronously load lazily loaded font '../../../Engine/Content/Editor/Slate/Fonts/FontAwesome.ttf' (139K)
[2019.01.02-21.02.26:959][  0]LogRenderer: Reallocating scene render targets to support 1208x680 Format 10 NumSamples 1 (Frame:1).
[2019.01.02-21.02.27:031][  0]LogSlate: Took 0.000263 seconds to synchronously load lazily loaded font '../../../Engine/Content/Slate/Fonts/Roboto-Light.ttf' (167K)
[2019.01.02-21.02.27:175][  0]LogContentBrowser: Native class hierarchy updated for 'HierarchicalLODOutliner' in 0.0006 seconds. Added 0 classes and 0 folders.
[2019.01.02-21.02.27:175][  0]LogLoad: (Engine Initialization) Total time: 11.90 seconds
[2019.01.02-21.02.27:175][  0]LogLoad: (Engine Initialization) Total Blueprint compile time: 0.00 seconds
[2019.01.02-21.02.27:186][  0]LogWindowsTextInputMethodSystem: Display: IME system now deactivated.
[2019.01.02-21.02.27:211][  0]LogContentStreaming: Texture pool size now 1000 MB
[2019.01.02-21.02.27:251][  1]LogAssetRegistry: Asset discovery search completed in 6.6255 seconds
[2019.01.02-21.02.27:253][  1]LogCollectionManager: Rebuilt the object cache for 0 collections in 0.000000 seconds (found 0 objects)
[2019.01.02-21.02.27:253][  1]LogCollectionManager: Fixed up redirectors for 0 collections in 0.000125 seconds (updated 0 objects)
[2019.01.02-21.02.51:166][327]LogSlate: FSceneViewport::OnFocusLost() reason 0
[2019.01.02-21.03.04:537][841]LogSlate: Took 0.000220 seconds to synchronously load lazily loaded font '../../../Engine/Content/Slate/Fonts/Roboto-Light.ttf' (167K)
[2019.01.02-21.03.04:547][841]LogAssetEditorManager: Opening Asset editor for Blueprint /Game/MyPlayer_Eve.MyPlayer_Eve
[2019.01.02-21.03.04:921][841]LogContentBrowser: Native class hierarchy updated for 'BlueprintGraph' in 0.0007 seconds. Added 116 classes and 0 folders.
[2019.01.02-21.03.05:569][841]LogSlate: Took 0.000185 seconds to synchronously load lazily loaded font '../../../Engine/Content/Slate/Fonts/Roboto-BoldCondensed.ttf' (158K)
[2019.01.02-21.03.05:658][842]LogSlate: Took 0.000266 seconds to synchronously load lazily loaded font '../../../Engine/Content/Slate/Fonts/Roboto-Italic.ttf' (157K)
[2019.01.02-21.04.14:687][111]LogSlate: FSceneViewport::OnFocusLost() reason 0
[2019.01.02-21.04.42:753][235]LogSlate: Window 'Event Graph' being destroyed
[2019.01.02-21.04.44:644][440]LogSlate: Window 'Event Graph' being destroyed
[2019.01.02-21.04.47:027][665]LogSlate: Window 'Event Graph' being destroyed
[2019.01.02-21.05.00:795][207]Cmd: OBJ SAVEPACKAGE PACKAGE="/Game/MyPlayer_Eve" FILE="../../../../../../Git/FightingGame/FightingGame/Content/MyPlayer_Eve.uasset" SILENT=true
[2019.01.02-21.05.00:865][207]LogSavePackage: Moving '../../../../../../Git/FightingGame/FightingGame/Saved/MyPlayer_Eve1DFBFC0744C711D6A5851790B3935D5B.tmp' to '../../../../../../Git/FightingGame/FightingGame/Content/MyPlayer_Eve.uasset'
[2019.01.02-21.05.18:936][244]Cmd: OBJ SAVEPACKAGE PACKAGE="/Game/MyPlayer_Eve" FILE="../../../../../../Git/FightingGame/FightingGame/Content/MyPlayer_Eve.uasset" SILENT=true
[2019.01.02-21.05.18:999][244]LogSavePackage: Moving '../../../../../../Git/FightingGame/FightingGame/Saved/MyPlayer_Eve0B1A01C64546AD57ABB8959208092615.tmp' to '../../../../../../Git/FightingGame/FightingGame/Content/MyPlayer_Eve.uasset'
[2019.01.02-21.05.19:881][339]BlueprintLog: New page: Compile MyPlayer_Eve
[2019.01.02-21.05.23:457][724]LogSlate: Window 'MyPlayer_Eve' being destroyed
[2019.01.02-21.05.28:163][273]LogRenderer: Reallocating scene render targets to support 1208x744 Format 10 NumSamples 1 (Frame:1369).
[2019.01.02-21.05.33:878][941]LogAssetEditorManager: Opening Asset editor for Skeleton /Game/Eve/eve_j_gonzales_Skeleton.eve_j_gonzales_Skeleton
[2019.01.02-21.05.33:898][941]LogContentBrowser: Native class hierarchy updated for 'SkeletonEditor' in 0.0004 seconds. Added 1 classes and 2 folders.
[2019.01.02-21.05.34:083][941]LogActorComponent: RegisterComponentWithWorld: (/Engine/Transient.World_6:PersistentLevel.AnimationEditorPreviewActor_0.DebugSkelMeshComponent_0) Already registered. Aborting.
[2019.01.02-21.05.34:102][941]LogContentBrowser: Native class hierarchy updated for 'PinnedCommandList' in 0.0004 seconds. Added 1 classes and 0 folders.
[2019.01.02-21.05.34:158][941]LogSkeletalMesh: USkeletalMeshComponent::InitArticulated : Bodies already created (/Engine/Transient.World_6:PersistentLevel.AnimationEditorPreviewActor_0.DebugSkelMeshComponent_0) - call TermArticulated first.
[2019.01.02-21.05.34:550][941]LogContentBrowser: Native class hierarchy updated for 'ClothingSystemEditorInterface' in 0.0005 seconds. Added 1 classes and 0 folders.
[2019.01.02-21.05.39:681][479]LogRenderer: Reallocating scene render targets to support 1208x928 Format 10 NumSamples 1 (Frame:540).
[2019.01.02-21.05.39:734][485]LogSlate: Window 'eve_j_gonzales_Skeleton' being destroyed
[2019.01.02-21.05.49:598][635]LogSlate: FSceneViewport::OnFocusLost() reason 0
[2019.01.02-21.05.56:121][413]BlueprintLog: New page: Compile MyPlayer_Eve
[2019.01.02-21.05.57:625][570]LogTemp: Repeating last play command: Selected Viewport
[2019.01.02-21.05.57:641][570]LogBlueprintUserMessages: Early PlayInEditor Detection: Level '/Game/StarterContent/Maps/Minimal_Default.Minimal_Default:PersistentLevel' has LevelScriptBlueprint '/Game/StarterContent/Maps/Minimal_Default.Minimal_Default:PersistentLevel.Minimal_Default' with GeneratedClass '/Game/StarterContent/Maps/Minimal_Default.Minimal_Default_C' with ClassGeneratedBy '/Game/StarterContent/Maps/Minimal_Default.Minimal_Default:PersistentLevel.Minimal_Default'
[2019.01.02-21.05.57:641][570]LogPlayLevel: PlayLevel: No blueprints needed recompiling
[2019.01.02-21.05.57:656][570]PIE: New page: PIE session: Minimal_Default (Jan 2, 2019, 9:05:57 PM)
[2019.01.02-21.05.57:656][570]LogPlayLevel: Creating play world package: /Game/StarterContent/Maps/UEDPIE_0_Minimal_Default
[2019.01.02-21.05.57:662][570]LogPlayLevel: PIE: StaticDuplicateObject took: (0.005690s)
[2019.01.02-21.05.57:663][570]LogAIModule: Creating AISystem for world Minimal_Default
[2019.01.02-21.05.57:663][570]LogPlayLevel: PIE: World Init took: (0.001225s)
[2019.01.02-21.05.57:663][570]LogPlayLevel: PIE: Created PIE world by copying editor world from /Game/StarterContent/Maps/Minimal_Default.Minimal_Default to /Game/StarterContent/Maps/UEDPIE_0_Minimal_Default.Minimal_Default (0.007376s)
[2019.01.02-21.05.57:746][570]LogInit: XAudio2 using 'Headset Earphone (Razer ManO'War)' : 2 channels at 48 kHz using 16 bits per sample (channel mask 0x3)
[2019.01.02-21.05.57:807][570]LogInit: FAudioDevice initialized.
[2019.01.02-21.05.58:067][570]LogLoad: Game class is 'FightingGameMode_C'
[2019.01.02-21.05.58:069][570]LogWorld: Bringing World /Game/StarterContent/Maps/UEDPIE_0_Minimal_Default.Minimal_Default up for play (max tick rate 0) at 2019.01.02-21.05.58
[2019.01.02-21.05.58:069][570]LogWorld: Bringing up level for play took: 0.001238
[2019.01.02-21.05.58:094][570]LogContentBrowser: Native class hierarchy updated for 'MovieSceneCapture' in 0.0006 seconds. Added 10 classes and 0 folders.
[2019.01.02-21.05.58:096][570]LogSlate: New Slate User Created.  User Index 1, Is Virtual User: 0
[2019.01.02-21.05.58:096][570]LogSlate: Slate User Registered.  User Index 1, Is Virtual User: 0
[2019.01.02-21.05.58:100][570]PIE: Play in editor start time for /Game/StarterContent/Maps/UEDPIE_0_Minimal_Default -0.498
[2019.01.02-21.05.58:100][570]LogBlueprintUserMessages: Late PlayInEditor Detection: Level '/Game/StarterContent/Maps/Minimal_Default.Minimal_Default:PersistentLevel' has LevelScriptBlueprint '/Game/StarterContent/Maps/Minimal_Default.Minimal_Default:PersistentLevel.Minimal_Default' with GeneratedClass '/Game/StarterContent/Maps/Minimal_Default.Minimal_Default_C' with ClassGeneratedBy '/Game/StarterContent/Maps/Minimal_Default.Minimal_Default:PersistentLevel.Minimal_Default'
[2019.01.02-21.05.59:242][701]LogBlueprintUserMessages: Early EndPlayMap Detection: Level '/Game/StarterContent/Maps/Minimal_Default.Minimal_Default:PersistentLevel' has LevelScriptBlueprint '/Game/StarterContent/Maps/Minimal_Default.Minimal_Default:PersistentLevel.Minimal_Default' with GeneratedClass '/Game/StarterContent/Maps/Minimal_Default.Minimal_Default_C' with ClassGeneratedBy '/Game/StarterContent/Maps/Minimal_Default.Minimal_Default:PersistentLevel.Minimal_Default'
[2019.01.02-21.05.59:243][701]LogSlate: Updating window title bar state: overlay mode, drag disabled, window buttons hidden, title bar hidden
[2019.01.02-21.05.59:281][701]LogPlayLevel: Display: Shutting down PIE online subsystems
[2019.01.02-21.05.59:281][701]LogBlueprintUserMessages: Late EndPlayMap Detection: Level '/Game/StarterContent/Maps/Minimal_Default.Minimal_Default:PersistentLevel' has LevelScriptBlueprint '/Game/StarterContent/Maps/Minimal_Default.Minimal_Default:PersistentLevel.Minimal_Default' with GeneratedClass '/Game/StarterContent/Maps/Minimal_Default.Minimal_Default_C' with ClassGeneratedBy '/Game/StarterContent/Maps/Minimal_Default.Minimal_Default:PersistentLevel.Minimal_Default'
[2019.01.02-21.05.59:308][701]LogSlate: Updating window title bar state: overlay mode, drag disabled, window buttons hidden, title bar hidden
[2019.01.02-21.05.59:352][703]LogPlayLevel: Display: Destroying online subsystem :Context_10
[2019.01.02-21.06.02:367][947]LogSlate: Only BGRA pngs, bmps or icos are supported in by External Image Picker
[2019.01.02-21.06.02:480][950]LogTemp: Executing iPhonePackager certificates Engine -bundlename com.YourCompany.FightingGame
[2019.01.02-21.06.02:480][950]LogTemp: CWD: D:\Program Files\Epic Games\UE_4.20\Engine\Binaries\DotNET\IOS
[2019.01.02-21.06.02:480][950]LogTemp: Initial Dir: D:\Program Files\Epic Games\UE_4.20
[2019.01.02-21.06.02:480][950]LogTemp: Env CWD: D:\Program Files\Epic Games\UE_4.20\Engine\Binaries\DotNET\IOS
[2019.01.02-21.06.02:486][950]LogTemp: BranchPath = EDWARD/D/Program Files/Epic Games/UE_4.20/Engine/Binaries --- GameBranchPath = EDWARD/D/Program Files/Epic Games/UE_4.20/Engine/Binaries
[2019.01.02-21.06.02:504][951]LogTemp: IPP ERROR: Could not find provision directory 'C:\Users\John\AppData\Local/Apple Computer/MobileDevice/Provisioning Profiles/'.
[2019.01.02-21.06.14:381][348]Cmd: OBJ SAVEPACKAGE PACKAGE="/Game/MyPlayer_Eve" FILE="../../../../../../Git/FightingGame/FightingGame/Content/MyPlayer_Eve.uasset" SILENT=true
[2019.01.02-21.06.14:441][348]LogSavePackage: Moving '../../../../../../Git/FightingGame/FightingGame/Saved/MyPlayer_Eve57AA093944249F8C2805CF83DBBF4514.tmp' to '../../../../../../Git/FightingGame/FightingGame/Content/MyPlayer_Eve.uasset'
[2019.01.02-21.06.15:437][462]LogTemp: Repeating last play command: Selected Viewport
[2019.01.02-21.06.15:454][462]LogBlueprintUserMessages: Early PlayInEditor Detection: Level '/Game/StarterContent/Maps/Minimal_Default.Minimal_Default:PersistentLevel' has LevelScriptBlueprint '/Game/StarterContent/Maps/Minimal_Default.Minimal_Default:PersistentLevel.Minimal_Default' with GeneratedClass '/Game/StarterContent/Maps/Minimal_Default.Minimal_Default_C' with ClassGeneratedBy '/Game/StarterContent/Maps/Minimal_Default.Minimal_Default:PersistentLevel.Minimal_Default'
[2019.01.02-21.06.15:454][462]BlueprintLog: New page: Pre-Play auto-recompile
[2019.01.02-21.06.15:459][462]LogPlayLevel: [PlayLevel] Compiling FightingGameMode before play...
[2019.01.02-21.06.15:492][462]LogPlayLevel: PlayLevel: Blueprint regeneration took 37 ms (1 blueprints)
[2019.01.02-21.06.15:492][462]PIE: New page: PIE session: Minimal_Default (Jan 2, 2019, 9:06:15 PM)
[2019.01.02-21.06.15:492][462]LogPlayLevel: Creating play world package: /Game/StarterContent/Maps/UEDPIE_0_Minimal_Default
[2019.01.02-21.06.15:495][462]LogPlayLevel: PIE: StaticDuplicateObject took: (0.002770s)
[2019.01.02-21.06.15:496][462]LogAIModule: Creating AISystem for world Minimal_Default
[2019.01.02-21.06.15:496][462]LogPlayLevel: PIE: World Init took: (0.000839s)
[2019.01.02-21.06.15:496][462]LogPlayLevel: PIE: Created PIE world by copying editor world from /Game/StarterContent/Maps/Minimal_Default.Minimal_Default to /Game/StarterContent/Maps/UEDPIE_0_Minimal_Default.Minimal_Default (0.003932s)
[2019.01.02-21.06.15:575][462]LogInit: XAudio2 using 'Headset Earphone (Razer ManO'War)' : 2 channels at 48 kHz using 16 bits per sample (channel mask 0x3)
[2019.01.02-21.06.15:634][462]LogInit: FAudioDevice initialized.
[2019.01.02-21.06.15:668][462]LogLoad: Game class is 'FightingGameMode_C'
[2019.01.02-21.06.15:670][462]LogWorld: Bringing World /Game/StarterContent/Maps/UEDPIE_0_Minimal_Default.Minimal_Default up for play (max tick rate 0) at 2019.01.02-21.06.15
[2019.01.02-21.06.15:670][462]LogWorld: Bringing up level for play took: 0.000857
[2019.01.02-21.06.15:715][462]PIE: Play in editor start time for /Game/StarterContent/Maps/UEDPIE_0_Minimal_Default 1.117
[2019.01.02-21.06.15:716][462]LogBlueprintUserMessages: Late PlayInEditor Detection: Level '/Game/StarterContent/Maps/Minimal_Default.Minimal_Default:PersistentLevel' has LevelScriptBlueprint '/Game/StarterContent/Maps/Minimal_Default.Minimal_Default:PersistentLevel.Minimal_Default' with GeneratedClass '/Game/StarterContent/Maps/Minimal_Default.Minimal_Default_C' with ClassGeneratedBy '/Game/StarterContent/Maps/Minimal_Default.Minimal_Default:PersistentLevel.Minimal_Default'
[2019.01.02-21.06.20:002][974]LogSlate: FSceneViewport::OnFocusLost() reason 2
[2019.01.02-21.06.39:067][282]LogSlate: FSceneViewport::OnFocusLost() reason 0
[2019.01.02-21.06.50:091][852]LogBlueprintUserMessages: Early EndPlayMap Detection: Level '/Game/StarterContent/Maps/Minimal_Default.Minimal_Default:PersistentLevel' has LevelScriptBlueprint '/Game/StarterContent/Maps/Minimal_Default.Minimal_Default:PersistentLevel.Minimal_Default' with GeneratedClass '/Game/StarterContent/Maps/Minimal_Default.Minimal_Default_C' with ClassGeneratedBy '/Game/StarterContent/Maps/Minimal_Default.Minimal_Default:PersistentLevel.Minimal_Default'
[2019.01.02-21.06.50:091][852]LogSlate: Updating window title bar state: overlay mode, drag disabled, window buttons hidden, title bar hidden
[2019.01.02-21.06.50:133][852]LogPlayLevel: Display: Shutting down PIE online subsystems
[2019.01.02-21.06.50:133][852]LogBlueprintUserMessages: Late EndPlayMap Detection: Level '/Game/StarterContent/Maps/Minimal_Default.Minimal_Default:PersistentLevel' has LevelScriptBlueprint '/Game/StarterContent/Maps/Minimal_Default.Minimal_Default:PersistentLevel.Minimal_Default' with GeneratedClass '/Game/StarterContent/Maps/Minimal_Default.Minimal_Default_C' with ClassGeneratedBy '/Game/StarterContent/Maps/Minimal_Default.Minimal_Default:PersistentLevel.Minimal_Default'
[2019.01.02-21.06.50:164][852]LogSlate: Updating window title bar state: overlay mode, drag disabled, window buttons hidden, title bar hidden
[2019.01.02-21.06.50:190][855]LogPlayLevel: Display: Destroying online subsystem :Context_11
[2019.01.02-21.06.55:892][519]LogSlate: FSceneViewport::OnFocusLost() reason 0
[2019.01.02-21.07.36:672][692]Cmd: OBJ SAVEPACKAGE PACKAGE="/Game/MyPlayer_Eve" FILE="../../../../../../Git/FightingGame/FightingGame/Content/MyPlayer_Eve.uasset" SILENT=true
[2019.01.02-21.07.36:742][692]LogSavePackage: Moving '../../../../../../Git/FightingGame/FightingGame/Saved/MyPlayer_Eve8BEF82544D64F1A616DBD880A3DC441E.tmp' to '../../../../../../Git/FightingGame/FightingGame/Content/MyPlayer_Eve.uasset'
[2019.01.02-21.07.37:475][778]BlueprintLog: New page: Compile MyPlayer_Eve
[2019.01.02-21.07.41:226][202]LogTemp: Repeating last play command: Selected Viewport
[2019.01.02-21.07.41:244][202]LogBlueprintUserMessages: Early PlayInEditor Detection: Level '/Game/StarterContent/Maps/Minimal_Default.Minimal_Default:PersistentLevel' has LevelScriptBlueprint '/Game/StarterContent/Maps/Minimal_Default.Minimal_Default:PersistentLevel.Minimal_Default' with GeneratedClass '/Game/StarterContent/Maps/Minimal_Default.Minimal_Default_C' with ClassGeneratedBy '/Game/StarterContent/Maps/Minimal_Default.Minimal_Default:PersistentLevel.Minimal_Default'
[2019.01.02-21.07.41:244][202]LogPlayLevel: PlayLevel: No blueprints needed recompiling
[2019.01.02-21.07.41:244][202]PIE: New page: PIE session: Minimal_Default (Jan 2, 2019, 9:07:41 PM)
[2019.01.02-21.07.41:244][202]LogPlayLevel: Creating play world package: /Game/StarterContent/Maps/UEDPIE_0_Minimal_Default
[2019.01.02-21.07.41:248][202]LogPlayLevel: PIE: StaticDuplicateObject took: (0.003311s)
[2019.01.02-21.07.41:249][202]LogAIModule: Creating AISystem for world Minimal_Default
[2019.01.02-21.07.41:249][202]LogPlayLevel: PIE: World Init took: (0.001091s)
[2019.01.02-21.07.41:249][202]LogPlayLevel: PIE: Created PIE world by copying editor world from /Game/StarterContent/Maps/Minimal_Default.Minimal_Default to /Game/StarterContent/Maps/UEDPIE_0_Minimal_Default.Minimal_Default (0.004810s)
[2019.01.02-21.07.41:338][202]LogInit: XAudio2 using 'Headset Earphone (Razer ManO'War)' : 2 channels at 48 kHz using 16 bits per sample (channel mask 0x3)
[2019.01.02-21.07.41:411][202]LogInit: FAudioDevice initialized.
[2019.01.02-21.07.41:447][202]LogLoad: Game class is 'FightingGameMode_C'
[2019.01.02-21.07.41:448][202]LogWorld: Bringing World /Game/StarterContent/Maps/UEDPIE_0_Minimal_Default.Minimal_Default up for play (max tick rate 0) at 2019.01.02-21.07.41
[2019.01.02-21.07.41:448][202]LogWorld: Bringing up level for play took: 0.000968
[2019.01.02-21.07.41:479][202]PIE: Play in editor start time for /Game/StarterContent/Maps/UEDPIE_0_Minimal_Default 0.881
[2019.01.02-21.07.41:479][202]LogBlueprintUserMessages: Late PlayInEditor Detection: Level '/Game/StarterContent/Maps/Minimal_Default.Minimal_Default:PersistentLevel' has LevelScriptBlueprint '/Game/StarterContent/Maps/Minimal_Default.Minimal_Default:PersistentLevel.Minimal_Default' with GeneratedClass '/Game/StarterContent/Maps/Minimal_Default.Minimal_Default_C' with ClassGeneratedBy '/Game/StarterContent/Maps/Minimal_Default.Minimal_Default:PersistentLevel.Minimal_Default'
[2019.01.02-21.07.44:743][591]LogSlate: FSceneViewport::OnFocusLost() reason 2
[2019.01.02-21.07.51:728][414]LogBlueprintUserMessages: Early EndPlayMap Detection: Level '/Game/StarterContent/Maps/Minimal_Default.Minimal_Default:PersistentLevel' has LevelScriptBlueprint '/Game/StarterContent/Maps/Minimal_Default.Minimal_Default:PersistentLevel.Minimal_Default' with GeneratedClass '/Game/StarterContent/Maps/Minimal_Default.Minimal_Default_C' with ClassGeneratedBy '/Game/StarterContent/Maps/Minimal_Default.Minimal_Default:PersistentLevel.Minimal_Default'
[2019.01.02-21.07.51:728][414]LogSlate: Updating window title bar state: overlay mode, drag disabled, window buttons hidden, title bar hidden
[2019.01.02-21.07.51:771][414]LogPlayLevel: Display: Shutting down PIE online subsystems
[2019.01.02-21.07.51:771][414]LogBlueprintUserMessages: Late EndPlayMap Detection: Level '/Game/StarterContent/Maps/Minimal_Default.Minimal_Default:PersistentLevel' has LevelScriptBlueprint '/Game/StarterContent/Maps/Minimal_Default.Minimal_Default:PersistentLevel.Minimal_Default' with GeneratedClass '/Game/StarterContent/Maps/Minimal_Default.Minimal_Default_C' with ClassGeneratedBy '/Game/StarterContent/Maps/Minimal_Default.Minimal_Default:PersistentLevel.Minimal_Default'
[2019.01.02-21.07.51:793][414]LogSlate: Updating window title bar state: overlay mode, drag disabled, window buttons hidden, title bar hidden
[2019.01.02-21.07.51:830][418]LogPlayLevel: Display: Destroying online subsystem :Context_12
[2019.01.02-21.08.07:601][561]LogSlate: FSceneViewport::OnFocusLost() reason 0
[2019.01.02-21.08.51:910][548]LogSlate: FSceneViewport::OnFocusLost() reason 0
[2019.01.02-21.09.00:215][526]LogSlate: FSceneViewport::OnFocusLost() reason 0
[2019.01.02-21.09.17:310][557]LogSlate: FSceneViewport::OnFocusLost() reason 2
[2019.01.02-21.09.17:316][557]Cmd: OBJ SAVEPACKAGE PACKAGE="/Game/Eve/eve_j_gonzales_Skeleton" FILE="../../../../../../Git/FightingGame/FightingGame/Content/Eve/eve_j_gonzales_Skeleton.uasset" SILENT=true
[2019.01.02-21.09.17:349][557]LogSavePackage: Moving '../../../../../../Git/FightingGame/FightingGame/Saved/eve_j_gonzales_SkeletonF9E2848547F04C24F59BD3AD7B4D5139.tmp' to '../../../../../../Git/FightingGame/FightingGame/Content/Eve/eve_j_gonzales_Skeleton.uasset'
[2019.01.02-21.09.19:477][772]LogSlate: FSceneViewport::OnFocusLost() reason 0
[2019.01.02-21.09.19:564][780]Cmd: OBJ SAVEPACKAGE PACKAGE="/Game/Eve/eve_j_gonzales_Skeleton" FILE="../../../../../../Git/FightingGame/FightingGame/Content/Eve/eve_j_gonzales_Skeleton.uasset" SILENT=true
[2019.01.02-21.09.19:602][780]LogSavePackage: Moving '../../../../../../Git/FightingGame/FightingGame/Saved/eve_j_gonzales_SkeletonCC714FA04D91466B971CF1946474D4BF.tmp' to '../../../../../../Git/FightingGame/FightingGame/Content/Eve/eve_j_gonzales_Skeleton.uasset'
[2019.01.02-21.09.24:502][342]LogAssetEditorManager: Opening Asset editor for Blueprint /Game/MyPlayer_Eve.MyPlayer_Eve
[2019.01.02-21.09.28:014][703]LogSlate: FSceneViewport::OnFocusLost() reason 0
[2019.01.02-21.09.28:804][796]LogTemp: Repeating last play command: Selected Viewport
[2019.01.02-21.09.28:821][796]LogBlueprintUserMessages: Early PlayInEditor Detection: Level '/Game/StarterContent/Maps/Minimal_Default.Minimal_Default:PersistentLevel' has LevelScriptBlueprint '/Game/StarterContent/Maps/Minimal_Default.Minimal_Default:PersistentLevel.Minimal_Default' with GeneratedClass '/Game/StarterContent/Maps/Minimal_Default.Minimal_Default_C' with ClassGeneratedBy '/Game/StarterContent/Maps/Minimal_Default.Minimal_Default:PersistentLevel.Minimal_Default'
[2019.01.02-21.09.28:821][796]LogPlayLevel: PlayLevel: No blueprints needed recompiling
[2019.01.02-21.09.28:821][796]PIE: New page: PIE session: Minimal_Default (Jan 2, 2019, 9:09:28 PM)
[2019.01.02-21.09.28:822][796]LogPlayLevel: Creating play world package: /Game/StarterContent/Maps/UEDPIE_0_Minimal_Default
[2019.01.02-21.09.28:825][796]LogPlayLevel: PIE: StaticDuplicateObject took: (0.002922s)
[2019.01.02-21.09.28:825][796]LogAIModule: Creating AISystem for world Minimal_Default
[2019.01.02-21.09.28:826][796]LogPlayLevel: PIE: World Init took: (0.000956s)
[2019.01.02-21.09.28:826][796]LogPlayLevel: PIE: Created PIE world by copying editor world from /Game/StarterContent/Maps/Minimal_Default.Minimal_Default to /Game/StarterContent/Maps/UEDPIE_0_Minimal_Default.Minimal_Default (0.004296s)
[2019.01.02-21.09.28:910][796]LogInit: XAudio2 using 'Headset Earphone (Razer ManO'War)' : 2 channels at 48 kHz using 16 bits per sample (channel mask 0x3)
[2019.01.02-21.09.28:979][796]LogInit: FAudioDevice initialized.
[2019.01.02-21.09.29:014][796]LogLoad: Game class is 'FightingGameMode_C'
[2019.01.02-21.09.29:016][796]LogWorld: Bringing World /Game/StarterContent/Maps/UEDPIE_0_Minimal_Default.Minimal_Default up for play (max tick rate 0) at 2019.01.02-21.09.29
[2019.01.02-21.09.29:016][796]LogWorld: Bringing up level for play took: 0.000956
[2019.01.02-21.09.29:036][796]PIE: Play in editor start time for /Game/StarterContent/Maps/UEDPIE_0_Minimal_Default 0.438
[2019.01.02-21.09.29:036][796]LogBlueprintUserMessages: Late PlayInEditor Detection: Level '/Game/StarterContent/Maps/Minimal_Default.Minimal_Default:PersistentLevel' has LevelScriptBlueprint '/Game/StarterContent/Maps/Minimal_Default.Minimal_Default:PersistentLevel.Minimal_Default' with GeneratedClass '/Game/StarterContent/Maps/Minimal_Default.Minimal_Default_C' with ClassGeneratedBy '/Game/StarterContent/Maps/Minimal_Default.Minimal_Default:PersistentLevel.Minimal_Default'
[2019.01.02-21.09.31:942][142]LogSlate: FSceneViewport::OnFocusLost() reason 2
[2019.01.02-21.09.59:225][971]LogSlate: FSceneViewport::OnFocusLost() reason 0
[2019.01.02-21.10.40:777][680]LogBlueprintUserMessages: Early EndPlayMap Detection: Level '/Game/StarterContent/Maps/Minimal_Default.Minimal_Default:PersistentLevel' has LevelScriptBlueprint '/Game/StarterContent/Maps/Minimal_Default.Minimal_Default:PersistentLevel.Minimal_Default' with GeneratedClass '/Game/StarterContent/Maps/Minimal_Default.Minimal_Default_C' with ClassGeneratedBy '/Game/StarterContent/Maps/Minimal_Default.Minimal_Default:PersistentLevel.Minimal_Default'
[2019.01.02-21.10.40:777][680]LogSlate: Updating window title bar state: overlay mode, drag disabled, window buttons hidden, title bar hidden
[2019.01.02-21.10.40:816][680]LogPlayLevel: Display: Shutting down PIE online subsystems
[2019.01.02-21.10.40:816][680]LogBlueprintUserMessages: Late EndPlayMap Detection: Level '/Game/StarterContent/Maps/Minimal_Default.Minimal_Default:PersistentLevel' has LevelScriptBlueprint '/Game/StarterContent/Maps/Minimal_Default.Minimal_Default:PersistentLevel.Minimal_Default' with GeneratedClass '/Game/StarterContent/Maps/Minimal_Default.Minimal_Default_C' with ClassGeneratedBy '/Game/StarterContent/Maps/Minimal_Default.Minimal_Default:PersistentLevel.Minimal_Default'
[2019.01.02-21.10.40:842][680]LogSlate: Updating window title bar state: overlay mode, drag disabled, window buttons hidden, title bar hidden
[2019.01.02-21.10.40:880][683]LogPlayLevel: Display: Destroying online subsystem :Context_15
[2019.01.02-21.10.47:302][122]LogSlate: FSceneViewport::OnFocusLost() reason 0
[2019.01.02-21.10.49:370][339]LogSlate: FSceneViewport::OnFocusLost() reason 0
[2019.01.02-21.11.12:253][ 35]LogAssetEditorManager: Opening Asset editor for AnimSequence /Game/Eve/Animations/Shooting_Gun_Anim_mixamo_com.Shooting_Gun_Anim_mixamo_com
[2019.01.02-21.11.12:287][ 35]LogActorComponent: RegisterComponentWithWorld: (/Engine/Transient.World_12:PersistentLevel.AnimationEditorPreviewActor_0.DebugSkelMeshComponent_0) Already registered. Aborting.
[2019.01.02-21.11.12:296][ 35]LogSkeletalMesh: USkeletalMeshComponent::InitArticulated : Bodies already created (/Engine/Transient.World_12:PersistentLevel.AnimationEditorPreviewActor_0.DebugSkelMeshComponent_0) - call TermArticulated first.
[2019.01.02-21.11.12:669][ 35]LogContentBrowser: Verbose: The majority of assets in the view are of type: AnimSequence
[2019.01.02-21.11.16:031][366]LogSlate: FSceneViewport::OnFocusLost() reason 0
[2019.01.02-21.11.26:220][512]LogSlate: FSceneViewport::OnFocusLost() reason 2
[2019.01.02-21.11.26:317][512]LogSavePackage: Moving '../../../../../../Git/FightingGame/FightingGame/Saved/Shooting_Gun_Anim_mixamo_com6B830F6F4A6E28C20C3755BDD4A98DE4.tmp' to '../../../../../../Git/FightingGame/FightingGame/Content/Eve/Animations/Shooting_Gun_Anim_mixamo_com.uasset'
[2019.01.02-21.11.27:672][653]LogSavePackage: Moving '../../../../../../Git/FightingGame/FightingGame/Saved/Shooting_Gun_Anim_mixamo_com9CD956BC4B3037F55631A090685CE892.tmp' to '../../../../../../Git/FightingGame/FightingGame/Content/Eve/Animations/Shooting_Gun_Anim_mixamo_com.uasset'
[2019.01.02-21.11.28:959][800]LogTemp: Repeating last play command: Selected Viewport
[2019.01.02-21.11.28:975][800]LogBlueprintUserMessages: Early PlayInEditor Detection: Level '/Game/StarterContent/Maps/Minimal_Default.Minimal_Default:PersistentLevel' has LevelScriptBlueprint '/Game/StarterContent/Maps/Minimal_Default.Minimal_Default:PersistentLevel.Minimal_Default' with GeneratedClass '/Game/StarterContent/Maps/Minimal_Default.Minimal_Default_C' with ClassGeneratedBy '/Game/StarterContent/Maps/Minimal_Default.Minimal_Default:PersistentLevel.Minimal_Default'
[2019.01.02-21.11.28:975][800]LogPlayLevel: PlayLevel: No blueprints needed recompiling
[2019.01.02-21.11.28:975][800]PIE: New page: PIE session: Minimal_Default (Jan 2, 2019, 9:11:28 PM)
[2019.01.02-21.11.28:975][800]LogPlayLevel: Creating play world package: /Game/StarterContent/Maps/UEDPIE_0_Minimal_Default
[2019.01.02-21.11.28:978][800]LogPlayLevel: PIE: StaticDuplicateObject took: (0.002918s)
[2019.01.02-21.11.28:979][800]LogAIModule: Creating AISystem for world Minimal_Default
[2019.01.02-21.11.28:979][800]LogPlayLevel: PIE: World Init took: (0.000751s)
[2019.01.02-21.11.28:979][800]LogPlayLevel: PIE: Created PIE world by copying editor world from /Game/StarterContent/Maps/Minimal_Default.Minimal_Default to /Game/StarterContent/Maps/UEDPIE_0_Minimal_Default.Minimal_Default (0.004002s)
[2019.01.02-21.11.29:051][800]LogInit: XAudio2 using 'Headset Earphone (Razer ManO'War)' : 2 channels at 48 kHz using 16 bits per sample (channel mask 0x3)
[2019.01.02-21.11.29:110][800]LogInit: FAudioDevice initialized.
[2019.01.02-21.11.29:147][800]LogLoad: Game class is 'FightingGameMode_C'
[2019.01.02-21.11.29:149][800]LogWorld: Bringing World /Game/StarterContent/Maps/UEDPIE_0_Minimal_Default.Minimal_Default up for play (max tick rate 0) at 2019.01.02-21.11.29
[2019.01.02-21.11.29:149][800]LogWorld: Bringing up level for play took: 0.000874
[2019.01.02-21.11.29:168][800]PIE: Play in editor start time for /Game/StarterContent/Maps/UEDPIE_0_Minimal_Default 0.569
[2019.01.02-21.11.29:168][800]LogBlueprintUserMessages: Late PlayInEditor Detection: Level '/Game/StarterContent/Maps/Minimal_Default.Minimal_Default:PersistentLevel' has LevelScriptBlueprint '/Game/StarterContent/Maps/Minimal_Default.Minimal_Default:PersistentLevel.Minimal_Default' with GeneratedClass '/Game/StarterContent/Maps/Minimal_Default.Minimal_Default_C' with ClassGeneratedBy '/Game/StarterContent/Maps/Minimal_Default.Minimal_Default:PersistentLevel.Minimal_Default'
[2019.01.02-21.11.35:198][518]LogBlueprintUserMessages: Early EndPlayMap Detection: Level '/Game/StarterContent/Maps/Minimal_Default.Minimal_Default:PersistentLevel' has LevelScriptBlueprint '/Game/StarterContent/Maps/Minimal_Default.Minimal_Default:PersistentLevel.Minimal_Default' with GeneratedClass '/Game/StarterContent/Maps/Minimal_Default.Minimal_Default_C' with ClassGeneratedBy '/Game/StarterContent/Maps/Minimal_Default.Minimal_Default:PersistentLevel.Minimal_Default'
[2019.01.02-21.11.35:198][518]LogSlate: Updating window title bar state: overlay mode, drag disabled, window buttons hidden, title bar hidden
[2019.01.02-21.11.35:237][518]LogPlayLevel: Display: Shutting down PIE online subsystems
[2019.01.02-21.11.35:238][518]LogBlueprintUserMessages: Late EndPlayMap Detection: Level '/Game/StarterContent/Maps/Minimal_Default.Minimal_Default:PersistentLevel' has LevelScriptBlueprint '/Game/StarterContent/Maps/Minimal_Default.Minimal_Default:PersistentLevel.Minimal_Default' with GeneratedClass '/Game/StarterContent/Maps/Minimal_Default.Minimal_Default_C' with ClassGeneratedBy '/Game/StarterContent/Maps/Minimal_Default.Minimal_Default:PersistentLevel.Minimal_Default'
[2019.01.02-21.11.35:266][518]LogSlate: Updating window title bar state: overlay mode, drag disabled, window buttons hidden, title bar hidden
[2019.01.02-21.11.35:307][520]LogPlayLevel: Display: Destroying online subsystem :Context_20
[2019.01.02-21.11.35:726][569]LogSlate: FSceneViewport::OnFocusLost() reason 0
[2019.01.02-21.11.37:816][791]LogSlate: FSceneViewport::OnFocusLost() reason 2
[2019.01.02-21.11.37:886][791]LogSavePackage: Moving '../../../../../../Git/FightingGame/FightingGame/Saved/Shooting_Gun_Anim_mixamo_comB2F62C7E46F1F6A218A912B433961715.tmp' to '../../../../../../Git/FightingGame/FightingGame/Content/Eve/Animations/Shooting_Gun_Anim_mixamo_com.uasset'
[2019.01.02-21.11.44:369][547]Cmd: TRANSACTION UNDO
[2019.01.02-21.11.44:369][547]LogEditorTransaction: Undo Rotate Bone
[2019.01.02-21.11.44:548][547]LogActorComponent: RegisterComponentWithWorld: (/Engine/Transient.World_6:PersistentLevel.AnimationEditorPreviewActor_0.DebugSkelMeshComponent_0) Already registered. Aborting.
[2019.01.02-21.11.44:567][547]LogActorComponent: RegisterComponentWithWorld: (/Engine/Transient.World_12:PersistentLevel.AnimationEditorPreviewActor_0.DebugSkelMeshComponent_0) Already registered. Aborting.
[2019.01.02-21.11.45:928][671]LogSlate: FSceneViewport::OnFocusLost() reason 2
[2019.01.02-21.11.45:987][671]LogSavePackage: Moving '../../../../../../Git/FightingGame/FightingGame/Saved/Shooting_Gun_Anim_mixamo_com825DD40F4E1FB6790F4C03BDC76E39DC.tmp' to '../../../../../../Git/FightingGame/FightingGame/Content/Eve/Animations/Shooting_Gun_Anim_mixamo_com.uasset'
[2019.01.02-21.12.09:423][404]LogSlate: FSceneViewport::OnFocusLost() reason 0
[2019.01.02-21.12.12:428][729]LogSlate: FSceneViewport::OnFocusLost() reason 0
[2019.01.02-21.12.30:840][901]LogSlate: FSceneViewport::OnFocusLost() reason 0
[2019.01.02-21.12.46:103][559]Cmd: TRANSACTION UNDO
[2019.01.02-21.12.46:104][559]LogEditorTransaction: Undo Translate Bone
[2019.01.02-21.12.46:249][559]LogActorComponent: RegisterComponentWithWorld: (/Engine/Transient.World_6:PersistentLevel.AnimationEditorPreviewActor_0.DebugSkelMeshComponent_0) Already registered. Aborting.
[2019.01.02-21.12.46:255][559]LogActorComponent: RegisterComponentWithWorld: (/Engine/Transient.World_12:PersistentLevel.AnimationEditorPreviewActor_0.DebugSkelMeshComponent_0) Already registered. Aborting.
[2019.01.02-21.12.48:051][745]LogSlate: FSceneViewport::OnFocusLost() reason 0
[2019.01.02-21.12.53:665][368]LogSlate: FSceneViewport::OnFocusLost() reason 2
[2019.01.02-21.12.53:671][368]Cmd: OBJ SAVEPACKAGE PACKAGE="/Game/Eve/eve_j_gonzales_Skeleton" FILE="../../../../../../Git/FightingGame/FightingGame/Content/Eve/eve_j_gonzales_Skeleton.uasset" SILENT=true
[2019.01.02-21.12.53:701][368]LogSavePackage: Moving '../../../../../../Git/FightingGame/FightingGame/Saved/eve_j_gonzales_SkeletonD3E26832410CF145560969AC6EC6D0AF.tmp' to '../../../../../../Git/FightingGame/FightingGame/Content/Eve/eve_j_gonzales_Skeleton.uasset'
[2019.01.02-21.12.56:013][625]LogTemp: Repeating last play command: Selected Viewport
[2019.01.02-21.12.56:030][625]LogBlueprintUserMessages: Early PlayInEditor Detection: Level '/Game/StarterContent/Maps/Minimal_Default.Minimal_Default:PersistentLevel' has LevelScriptBlueprint '/Game/StarterContent/Maps/Minimal_Default.Minimal_Default:PersistentLevel.Minimal_Default' with GeneratedClass '/Game/StarterContent/Maps/Minimal_Default.Minimal_Default_C' with ClassGeneratedBy '/Game/StarterContent/Maps/Minimal_Default.Minimal_Default:PersistentLevel.Minimal_Default'
[2019.01.02-21.12.56:030][625]LogPlayLevel: PlayLevel: No blueprints needed recompiling
[2019.01.02-21.12.56:030][625]PIE: New page: PIE session: Minimal_Default (Jan 2, 2019, 9:12:56 PM)
[2019.01.02-21.12.56:030][625]LogPlayLevel: Creating play world package: /Game/StarterContent/Maps/UEDPIE_0_Minimal_Default
[2019.01.02-21.12.56:033][625]LogPlayLevel: PIE: StaticDuplicateObject took: (0.002931s)
[2019.01.02-21.12.56:034][625]LogAIModule: Creating AISystem for world Minimal_Default
[2019.01.02-21.12.56:035][625]LogPlayLevel: PIE: World Init took: (0.001033s)
[2019.01.02-21.12.56:035][625]LogPlayLevel: PIE: Created PIE world by copying editor world from /Game/StarterContent/Maps/Minimal_Default.Minimal_Default to /Game/StarterContent/Maps/UEDPIE_0_Minimal_Default.Minimal_Default (0.004781s)
[2019.01.02-21.12.56:122][625]LogInit: XAudio2 using 'Headset Earphone (Razer ManO'War)' : 2 channels at 48 kHz using 16 bits per sample (channel mask 0x3)
[2019.01.02-21.12.56:187][625]LogInit: FAudioDevice initialized.
[2019.01.02-21.12.56:221][625]LogLoad: Game class is 'FightingGameMode_C'
[2019.01.02-21.12.56:223][625]LogWorld: Bringing World /Game/StarterContent/Maps/UEDPIE_0_Minimal_Default.Minimal_Default up for play (max tick rate 0) at 2019.01.02-21.12.56
[2019.01.02-21.12.56:223][625]LogWorld: Bringing up level for play took: 0.001023
[2019.01.02-21.12.56:241][625]PIE: Play in editor start time for /Game/StarterContent/Maps/UEDPIE_0_Minimal_Default -0.357
[2019.01.02-21.12.56:241][625]LogBlueprintUserMessages: Late PlayInEditor Detection: Level '/Game/StarterContent/Maps/Minimal_Default.Minimal_Default:PersistentLevel' has LevelScriptBlueprint '/Game/StarterContent/Maps/Minimal_Default.Minimal_Default:PersistentLevel.Minimal_Default' with GeneratedClass '/Game/StarterContent/Maps/Minimal_Default.Minimal_Default_C' with ClassGeneratedBy '/Game/StarterContent/Maps/Minimal_Default.Minimal_Default:PersistentLevel.Minimal_Default'
[2019.01.02-21.12.59:729][ 37]LogSlate: FSceneViewport::OnFocusLost() reason 2
[2019.01.02-21.13.05:194][656]LogSlate: FSceneViewport::OnFocusLost() reason 0
[2019.01.02-21.13.07:989][990]LogSlate: FSceneViewport::OnFocusLost() reason 2
[2019.01.02-21.13.08:543][ 56]LogBlueprintUserMessages: Early EndPlayMap Detection: Level '/Game/StarterContent/Maps/Minimal_Default.Minimal_Default:PersistentLevel' has LevelScriptBlueprint '/Game/StarterContent/Maps/Minimal_Default.Minimal_Default:PersistentLevel.Minimal_Default' with GeneratedClass '/Game/StarterContent/Maps/Minimal_Default.Minimal_Default_C' with ClassGeneratedBy '/Game/StarterContent/Maps/Minimal_Default.Minimal_Default:PersistentLevel.Minimal_Default'
[2019.01.02-21.13.08:544][ 56]LogSlate: Updating window title bar state: overlay mode, drag disabled, window buttons hidden, title bar hidden
[2019.01.02-21.13.08:583][ 56]LogPlayLevel: Display: Shutting down PIE online subsystems
[2019.01.02-21.13.08:583][ 56]LogBlueprintUserMessages: Late EndPlayMap Detection: Level '/Game/StarterContent/Maps/Minimal_Default.Minimal_Default:PersistentLevel' has LevelScriptBlueprint '/Game/StarterContent/Maps/Minimal_Default.Minimal_Default:PersistentLevel.Minimal_Default' with GeneratedClass '/Game/StarterContent/Maps/Minimal_Default.Minimal_Default_C' with ClassGeneratedBy '/Game/StarterContent/Maps/Minimal_Default.Minimal_Default:PersistentLevel.Minimal_Default'
[2019.01.02-21.13.08:608][ 56]LogSlate: Updating window title bar state: overlay mode, drag disabled, window buttons hidden, title bar hidden
[2019.01.02-21.13.08:646][ 60]LogPlayLevel: Display: Destroying online subsystem :Context_21
[2019.01.02-21.13.09:956][215]LogTemp: Repeating last play command: Selected Viewport
[2019.01.02-21.13.09:975][215]LogBlueprintUserMessages: Early PlayInEditor Detection: Level '/Game/StarterContent/Maps/Minimal_Default.Minimal_Default:PersistentLevel' has LevelScriptBlueprint '/Game/StarterContent/Maps/Minimal_Default.Minimal_Default:PersistentLevel.Minimal_Default' with GeneratedClass '/Game/StarterContent/Maps/Minimal_Default.Minimal_Default_C' with ClassGeneratedBy '/Game/StarterContent/Maps/Minimal_Default.Minimal_Default:PersistentLevel.Minimal_Default'
[2019.01.02-21.13.09:975][215]LogPlayLevel: PlayLevel: No blueprints needed recompiling
[2019.01.02-21.13.09:976][215]PIE: New page: PIE session: Minimal_Default (Jan 2, 2019, 9:13:09 PM)
[2019.01.02-21.13.09:976][215]LogPlayLevel: Creating play world package: /Game/StarterContent/Maps/UEDPIE_0_Minimal_Default
[2019.01.02-21.13.09:979][215]LogPlayLevel: PIE: StaticDuplicateObject took: (0.003169s)
[2019.01.02-21.13.09:980][215]LogAIModule: Creating AISystem for world Minimal_Default
[2019.01.02-21.13.09:980][215]LogPlayLevel: PIE: World Init took: (0.001062s)
[2019.01.02-21.13.09:980][215]LogPlayLevel: PIE: Created PIE world by copying editor world from /Game/StarterContent/Maps/Minimal_Default.Minimal_Default to /Game/StarterContent/Maps/UEDPIE_0_Minimal_Default.Minimal_Default (0.004650s)
[2019.01.02-21.13.10:064][215]LogInit: XAudio2 using 'Headset Earphone (Razer ManO'War)' : 2 channels at 48 kHz using 16 bits per sample (channel mask 0x3)
[2019.01.02-21.13.10:128][215]LogInit: FAudioDevice initialized.
[2019.01.02-21.13.10:166][215]LogLoad: Game class is 'FightingGameMode_C'
[2019.01.02-21.13.10:168][215]LogWorld: Bringing World /Game/StarterContent/Maps/UEDPIE_0_Minimal_Default.Minimal_Default up for play (max tick rate 0) at 2019.01.02-21.13.10
[2019.01.02-21.13.10:168][215]LogWorld: Bringing up level for play took: 0.001125
[2019.01.02-21.13.10:187][215]PIE: Play in editor start time for /Game/StarterContent/Maps/UEDPIE_0_Minimal_Default -0.411
[2019.01.02-21.13.10:188][215]LogBlueprintUserMessages: Late PlayInEditor Detection: Level '/Game/StarterContent/Maps/Minimal_Default.Minimal_Default:PersistentLevel' has LevelScriptBlueprint '/Game/StarterContent/Maps/Minimal_Default.Minimal_Default:PersistentLevel.Minimal_Default' with GeneratedClass '/Game/StarterContent/Maps/Minimal_Default.Minimal_Default_C' with ClassGeneratedBy '/Game/StarterContent/Maps/Minimal_Default.Minimal_Default:PersistentLevel.Minimal_Default'
[2019.01.02-21.13.14:353][712]LogSlate: FSceneViewport::OnFocusLost() reason 2
[2019.01.02-21.13.18:560][214]LogSlate: FSceneViewport::OnFocusLost() reason 2
[2019.01.02-21.13.26:188][119]LogBlueprintUserMessages: Early EndPlayMap Detection: Level '/Game/StarterContent/Maps/Minimal_Default.Minimal_Default:PersistentLevel' has LevelScriptBlueprint '/Game/StarterContent/Maps/Minimal_Default.Minimal_Default:PersistentLevel.Minimal_Default' with GeneratedClass '/Game/StarterContent/Maps/Minimal_Default.Minimal_Default_C' with ClassGeneratedBy '/Game/StarterContent/Maps/Minimal_Default.Minimal_Default:PersistentLevel.Minimal_Default'
[2019.01.02-21.13.26:189][119]LogSlate: Updating window title bar state: overlay mode, drag disabled, window buttons hidden, title bar hidden
[2019.01.02-21.13.26:231][119]LogPlayLevel: Display: Shutting down PIE online subsystems
[2019.01.02-21.13.26:231][119]LogBlueprintUserMessages: Late EndPlayMap Detection: Level '/Game/StarterContent/Maps/Minimal_Default.Minimal_Default:PersistentLevel' has LevelScriptBlueprint '/Game/StarterContent/Maps/Minimal_Default.Minimal_Default:PersistentLevel.Minimal_Default' with GeneratedClass '/Game/StarterContent/Maps/Minimal_Default.Minimal_Default_C' with ClassGeneratedBy '/Game/StarterContent/Maps/Minimal_Default.Minimal_Default:PersistentLevel.Minimal_Default'
[2019.01.02-21.13.26:257][119]LogSlate: Updating window title bar state: overlay mode, drag disabled, window buttons hidden, title bar hidden
[2019.01.02-21.13.26:293][121]LogPlayLevel: Display: Destroying online subsystem :Context_22
[2019.01.02-21.13.26:763][167]LogSlate: FSceneViewport::OnFocusLost() reason 0
[2019.01.02-21.13.29:586][478]LogSlate: FSceneViewport::OnFocusLost() reason 2
[2019.01.02-21.13.29:599][478]Cmd: OBJ SAVEPACKAGE PACKAGE="/Game/MyPlayer_Eve" FILE="../../../../../../Git/FightingGame/FightingGame/Content/MyPlayer_Eve.uasset" SILENT=true
[2019.01.02-21.13.29:663][478]LogSavePackage: Moving '../../../../../../Git/FightingGame/FightingGame/Saved/MyPlayer_Eve0F859DBE4A562B1C060E72BDF162D991.tmp' to '../../../../../../Git/FightingGame/FightingGame/Content/MyPlayer_Eve.uasset'
[2019.01.02-21.13.33:778][945]LogSlate: FSceneViewport::OnFocusLost() reason 2
[2019.01.02-21.13.33:841][945]LogSavePackage: Moving '../../../../../../Git/FightingGame/FightingGame/Saved/Shooting_Gun_Anim_mixamo_comA45B468947F186ACC060BDAABF82557B.tmp' to '../../../../../../Git/FightingGame/FightingGame/Content/Eve/Animations/Shooting_Gun_Anim_mixamo_com.uasset'
[2019.01.02-21.13.37:695][377]Cmd: OBJ SAVEPACKAGE PACKAGE="/Game/MyPlayer_Eve" FILE="../../../../../../Git/FightingGame/FightingGame/Content/MyPlayer_Eve.uasset" SILENT=true
[2019.01.02-21.13.37:740][377]LogSavePackage: Moving '../../../../../../Git/FightingGame/FightingGame/Saved/MyPlayer_Eve39141A164DBDDE7FA04CB084C47DB085.tmp' to '../../../../../../Git/FightingGame/FightingGame/Content/MyPlayer_Eve.uasset'
[2019.01.02-21.14.26:821][ 89]Cmd: OBJ SAVEPACKAGE PACKAGE="/Game/MyPlayer_Eve" FILE="../../../../../../Git/FightingGame/FightingGame/Content/MyPlayer_Eve.uasset" SILENT=true
[2019.01.02-21.14.26:877][ 89]LogSavePackage: Moving '../../../../../../Git/FightingGame/FightingGame/Saved/MyPlayer_Eve27F43ED048191033F1F1A18725897B89.tmp' to '../../../../../../Git/FightingGame/FightingGame/Content/MyPlayer_Eve.uasset'
[2019.01.02-21.15.06:211][747]Cmd: OBJ SAVEPACKAGE PACKAGE="/Game/MyPlayer_Eve" FILE="../../../../../../Git/FightingGame/FightingGame/Content/MyPlayer_Eve.uasset" SILENT=true
[2019.01.02-21.15.06:270][747]LogSavePackage: Moving '../../../../../../Git/FightingGame/FightingGame/Saved/MyPlayer_EveE22DADAE4BCC70240E0E2BBCA8225E15.tmp' to '../../../../../../Git/FightingGame/FightingGame/Content/MyPlayer_Eve.uasset'
[2019.01.02-21.15.16:220][915]Cmd: OBJ SAVEPACKAGE PACKAGE="/Game/MyPlayer_Eve" FILE="../../../../../../Git/FightingGame/FightingGame/Content/MyPlayer_Eve.uasset" SILENT=true
[2019.01.02-21.15.16:285][915]LogSavePackage: Moving '../../../../../../Git/FightingGame/FightingGame/Saved/MyPlayer_Eve598F8BF1423EED06CB34CC8796C76379.tmp' to '../../../../../../Git/FightingGame/FightingGame/Content/MyPlayer_Eve.uasset'
[2019.01.02-21.15.18:495][175]Cmd: OBJ SAVEPACKAGE PACKAGE="/Game/MyPlayer_Eve" FILE="../../../../../../Git/FightingGame/FightingGame/Content/MyPlayer_Eve.uasset" SILENT=true
[2019.01.02-21.15.18:558][175]LogSavePackage: Moving '../../../../../../Git/FightingGame/FightingGame/Saved/MyPlayer_Eve8F14C3284B2942A82316D8B49681A421.tmp' to '../../../../../../Git/FightingGame/FightingGame/Content/MyPlayer_Eve.uasset'
[2019.01.02-21.15.19:428][275]Cmd: OBJ SAVEPACKAGE PACKAGE="/Game/MyPlayer_Eve" FILE="../../../../../../Git/FightingGame/FightingGame/Content/MyPlayer_Eve.uasset" SILENT=true
[2019.01.02-21.15.19:479][275]LogSavePackage: Moving '../../../../../../Git/FightingGame/FightingGame/Saved/MyPlayer_Eve906463F044BD085B503B06840BCBA45E.tmp' to '../../../../../../Git/FightingGame/FightingGame/Content/MyPlayer_Eve.uasset'
[2019.01.02-21.15.22:559][638]LogTemp: Repeating last play command: Selected Viewport
[2019.01.02-21.15.22:575][638]LogBlueprintUserMessages: Early PlayInEditor Detection: Level '/Game/StarterContent/Maps/Minimal_Default.Minimal_Default:PersistentLevel' has LevelScriptBlueprint '/Game/StarterContent/Maps/Minimal_Default.Minimal_Default:PersistentLevel.Minimal_Default' with GeneratedClass '/Game/StarterContent/Maps/Minimal_Default.Minimal_Default_C' with ClassGeneratedBy '/Game/StarterContent/Maps/Minimal_Default.Minimal_Default:PersistentLevel.Minimal_Default'
[2019.01.02-21.15.22:575][638]BlueprintLog: New page: Pre-Play auto-recompile
[2019.01.02-21.15.22:586][638]LogPlayLevel: [PlayLevel] Compiling MyPlayer_Eve before play...
[2019.01.02-21.15.22:752][638]LogPlayLevel: PlayLevel: Blueprint regeneration took 177 ms (1 blueprints)
[2019.01.02-21.15.22:752][638]PIE: New page: PIE session: Minimal_Default (Jan 2, 2019, 9:15:22 PM)
[2019.01.02-21.15.22:752][638]LogPlayLevel: Creating play world package: /Game/StarterContent/Maps/UEDPIE_0_Minimal_Default
[2019.01.02-21.15.22:755][638]LogPlayLevel: PIE: StaticDuplicateObject took: (0.002723s)
[2019.01.02-21.15.22:756][638]LogAIModule: Creating AISystem for world Minimal_Default
[2019.01.02-21.15.22:756][638]LogPlayLevel: PIE: World Init took: (0.000987s)
[2019.01.02-21.15.22:756][638]LogPlayLevel: PIE: Created PIE world by copying editor world from /Game/StarterContent/Maps/Minimal_Default.Minimal_Default to /Game/StarterContent/Maps/UEDPIE_0_Minimal_Default.Minimal_Default (0.004136s)
[2019.01.02-21.15.22:839][638]LogInit: XAudio2 using 'Headset Earphone (Razer ManO'War)' : 2 channels at 48 kHz using 16 bits per sample (channel mask 0x3)
[2019.01.02-21.15.22:904][638]LogInit: FAudioDevice initialized.
[2019.01.02-21.15.22:943][638]LogLoad: Game class is 'FightingGameMode_C'
[2019.01.02-21.15.22:945][638]LogWorld: Bringing World /Game/StarterContent/Maps/UEDPIE_0_Minimal_Default.Minimal_Default up for play (max tick rate 0) at 2019.01.02-21.15.22
[2019.01.02-21.15.22:945][638]LogWorld: Bringing up level for play took: 0.001080
[2019.01.02-21.15.22:966][638]PIE: Play in editor start time for /Game/StarterContent/Maps/UEDPIE_0_Minimal_Default 0.368
[2019.01.02-21.15.22:966][638]LogBlueprintUserMessages: Late PlayInEditor Detection: Level '/Game/StarterContent/Maps/Minimal_Default.Minimal_Default:PersistentLevel' has LevelScriptBlueprint '/Game/StarterContent/Maps/Minimal_Default.Minimal_Default:PersistentLevel.Minimal_Default' with GeneratedClass '/Game/StarterContent/Maps/Minimal_Default.Minimal_Default_C' with ClassGeneratedBy '/Game/StarterContent/Maps/Minimal_Default.Minimal_Default:PersistentLevel.Minimal_Default'
[2019.01.02-21.15.26:583][ 70]LogSlate: FSceneViewport::OnFocusLost() reason 2
[2019.01.02-21.15.29:781][452]LogSlate: FSceneViewport::OnFocusLost() reason 2
[2019.01.02-21.15.31:853][679]LogEditorViewport: Clicking on Actor (LMB): MyPlayer_Eve_C (MyPlayer_Eve)
[2019.01.02-21.15.42:716][790]LogSlate: FSceneViewport::OnFocusLost() reason 0
[2019.01.02-21.15.49:577][555]LogBlueprintUserMessages: Early EndPlayMap Detection: Level '/Game/StarterContent/Maps/Minimal_Default.Minimal_Default:PersistentLevel' has LevelScriptBlueprint '/Game/StarterContent/Maps/Minimal_Default.Minimal_Default:PersistentLevel.Minimal_Default' with GeneratedClass '/Game/StarterContent/Maps/Minimal_Default.Minimal_Default_C' with ClassGeneratedBy '/Game/StarterContent/Maps/Minimal_Default.Minimal_Default:PersistentLevel.Minimal_Default'
[2019.01.02-21.15.49:577][555]LogSlate: Updating window title bar state: overlay mode, drag disabled, window buttons hidden, title bar hidden
[2019.01.02-21.15.49:613][555]LogPlayLevel: Display: Shutting down PIE online subsystems
[2019.01.02-21.15.49:613][555]LogBlueprintUserMessages: Late EndPlayMap Detection: Level '/Game/StarterContent/Maps/Minimal_Default.Minimal_Default:PersistentLevel' has LevelScriptBlueprint '/Game/StarterContent/Maps/Minimal_Default.Minimal_Default:PersistentLevel.Minimal_Default' with GeneratedClass '/Game/StarterContent/Maps/Minimal_Default.Minimal_Default_C' with ClassGeneratedBy '/Game/StarterContent/Maps/Minimal_Default.Minimal_Default:PersistentLevel.Minimal_Default'
[2019.01.02-21.15.49:639][555]LogSlate: Updating window title bar state: overlay mode, drag disabled, window buttons hidden, title bar hidden
[2019.01.02-21.15.49:683][560]LogPlayLevel: Display: Destroying online subsystem :Context_23
[2019.01.02-21.16.09:799][933]Cmd: OBJ SAVEPACKAGE PACKAGE="/Game/MyPlayer_Eve" FILE="../../../../../../Git/FightingGame/FightingGame/Content/MyPlayer_Eve.uasset" SILENT=true
[2019.01.02-21.16.09:870][933]LogSavePackage: Moving '../../../../../../Git/FightingGame/FightingGame/Saved/MyPlayer_Eve936BA358465774A518CAD380FAA275F1.tmp' to '../../../../../../Git/FightingGame/FightingGame/Content/MyPlayer_Eve.uasset'
[2019.01.02-21.16.10:625][ 21]BlueprintLog: New page: Compile MyPlayer_Eve
[2019.01.02-21.16.12:332][199]LogTemp: Repeating last play command: Selected Viewport
[2019.01.02-21.16.12:353][199]LogBlueprintUserMessages: Early PlayInEditor Detection: Level '/Game/StarterContent/Maps/Minimal_Default.Minimal_Default:PersistentLevel' has LevelScriptBlueprint '/Game/StarterContent/Maps/Minimal_Default.Minimal_Default:PersistentLevel.Minimal_Default' with GeneratedClass '/Game/StarterContent/Maps/Minimal_Default.Minimal_Default_C' with ClassGeneratedBy '/Game/StarterContent/Maps/Minimal_Default.Minimal_Default:PersistentLevel.Minimal_Default'
[2019.01.02-21.16.12:353][199]LogPlayLevel: PlayLevel: No blueprints needed recompiling
[2019.01.02-21.16.12:354][199]PIE: New page: PIE session: Minimal_Default (Jan 2, 2019, 9:16:12 PM)
[2019.01.02-21.16.12:354][199]LogPlayLevel: Creating play world package: /Game/StarterContent/Maps/UEDPIE_0_Minimal_Default
[2019.01.02-21.16.12:357][199]LogPlayLevel: PIE: StaticDuplicateObject took: (0.003168s)
[2019.01.02-21.16.12:358][199]LogAIModule: Creating AISystem for world Minimal_Default
[2019.01.02-21.16.12:358][199]LogPlayLevel: PIE: World Init took: (0.000938s)
[2019.01.02-21.16.12:358][199]LogPlayLevel: PIE: Created PIE world by copying editor world from /Game/StarterContent/Maps/Minimal_Default.Minimal_Default to /Game/StarterContent/Maps/UEDPIE_0_Minimal_Default.Minimal_Default (0.004540s)
[2019.01.02-21.16.12:441][199]LogInit: XAudio2 using 'Headset Earphone (Razer ManO'War)' : 2 channels at 48 kHz using 16 bits per sample (channel mask 0x3)
[2019.01.02-21.16.12:500][199]LogInit: FAudioDevice initialized.
[2019.01.02-21.16.12:534][199]LogLoad: Game class is 'FightingGameMode_C'
[2019.01.02-21.16.12:535][199]LogWorld: Bringing World /Game/StarterContent/Maps/UEDPIE_0_Minimal_Default.Minimal_Default up for play (max tick rate 0) at 2019.01.02-21.16.12
[2019.01.02-21.16.12:536][199]LogWorld: Bringing up level for play took: 0.001218
[2019.01.02-21.16.12:555][199]PIE: Play in editor start time for /Game/StarterContent/Maps/UEDPIE_0_Minimal_Default -0.044
[2019.01.02-21.16.12:555][199]LogBlueprintUserMessages: Late PlayInEditor Detection: Level '/Game/StarterContent/Maps/Minimal_Default.Minimal_Default:PersistentLevel' has LevelScriptBlueprint '/Game/StarterContent/Maps/Minimal_Default.Minimal_Default:PersistentLevel.Minimal_Default' with GeneratedClass '/Game/StarterContent/Maps/Minimal_Default.Minimal_Default_C' with ClassGeneratedBy '/Game/StarterContent/Maps/Minimal_Default.Minimal_Default:PersistentLevel.Minimal_Default'
[2019.01.02-21.16.21:808][304]LogSlate: FSceneViewport::OnFocusLost() reason 2
[2019.01.02-21.16.24:814][663]LogSlate: FSceneViewport::OnFocusLost() reason 2
[2019.01.02-21.16.26:347][824]LogEditorViewport: Clicking on Actor (LMB): MyPlayer_Eve_C (MyPlayer_Eve)
[2019.01.02-21.16.43:800][808]LogBlueprintUserMessages: Early EndPlayMap Detection: Level '/Game/StarterContent/Maps/Minimal_Default.Minimal_Default:PersistentLevel' has LevelScriptBlueprint '/Game/StarterContent/Maps/Minimal_Default.Minimal_Default:PersistentLevel.Minimal_Default' with GeneratedClass '/Game/StarterContent/Maps/Minimal_Default.Minimal_Default_C' with ClassGeneratedBy '/Game/StarterContent/Maps/Minimal_Default.Minimal_Default:PersistentLevel.Minimal_Default'
[2019.01.02-21.16.43:801][808]LogSlate: Updating window title bar state: overlay mode, drag disabled, window buttons hidden, title bar hidden
[2019.01.02-21.16.43:843][808]LogPlayLevel: Display: Shutting down PIE online subsystems
[2019.01.02-21.16.43:844][808]LogBlueprintUserMessages: Late EndPlayMap Detection: Level '/Game/StarterContent/Maps/Minimal_Default.Minimal_Default:PersistentLevel' has LevelScriptBlueprint '/Game/StarterContent/Maps/Minimal_Default.Minimal_Default:PersistentLevel.Minimal_Default' with GeneratedClass '/Game/StarterContent/Maps/Minimal_Default.Minimal_Default_C' with ClassGeneratedBy '/Game/StarterContent/Maps/Minimal_Default.Minimal_Default:PersistentLevel.Minimal_Default'
[2019.01.02-21.16.43:871][808]LogSlate: Updating window title bar state: overlay mode, drag disabled, window buttons hidden, title bar hidden
[2019.01.02-21.16.43:905][811]LogPlayLevel: Display: Destroying online subsystem :Context_24
[2019.01.02-21.16.44:624][893]LogSlate: FSceneViewport::OnFocusLost() reason 0
[2019.01.02-21.17.05:982][245]LogTemp: Repeating last play command: Selected Viewport
[2019.01.02-21.17.05:998][245]LogBlueprintUserMessages: Early PlayInEditor Detection: Level '/Game/StarterContent/Maps/Minimal_Default.Minimal_Default:PersistentLevel' has LevelScriptBlueprint '/Game/StarterContent/Maps/Minimal_Default.Minimal_Default:PersistentLevel.Minimal_Default' with GeneratedClass '/Game/StarterContent/Maps/Minimal_Default.Minimal_Default_C' with ClassGeneratedBy '/Game/StarterContent/Maps/Minimal_Default.Minimal_Default:PersistentLevel.Minimal_Default'
[2019.01.02-21.17.05:998][245]LogPlayLevel: PlayLevel: No blueprints needed recompiling
[2019.01.02-21.17.05:998][245]PIE: New page: PIE session: Minimal_Default (Jan 2, 2019, 9:17:05 PM)
[2019.01.02-21.17.05:999][245]LogPlayLevel: Creating play world package: /Game/StarterContent/Maps/UEDPIE_0_Minimal_Default
[2019.01.02-21.17.06:002][245]LogPlayLevel: PIE: StaticDuplicateObject took: (0.003541s)
[2019.01.02-21.17.06:003][245]LogAIModule: Creating AISystem for world Minimal_Default
[2019.01.02-21.17.06:003][245]LogPlayLevel: PIE: World Init took: (0.001060s)
[2019.01.02-21.17.06:004][245]LogPlayLevel: PIE: Created PIE world by copying editor world from /Game/StarterContent/Maps/Minimal_Default.Minimal_Default to /Game/StarterContent/Maps/UEDPIE_0_Minimal_Default.Minimal_Default (0.004970s)
[2019.01.02-21.17.06:094][245]LogInit: XAudio2 using 'Headset Earphone (Razer ManO'War)' : 2 channels at 48 kHz using 16 bits per sample (channel mask 0x3)
[2019.01.02-21.17.06:166][245]LogInit: FAudioDevice initialized.
[2019.01.02-21.17.06:205][245]LogLoad: Game class is 'FightingGameMode_C'
[2019.01.02-21.17.06:206][245]LogWorld: Bringing World /Game/StarterContent/Maps/UEDPIE_0_Minimal_Default.Minimal_Default up for play (max tick rate 0) at 2019.01.02-21.17.06
[2019.01.02-21.17.06:206][245]LogWorld: Bringing up level for play took: 0.001054
[2019.01.02-21.17.06:224][245]PIE: Play in editor start time for /Game/StarterContent/Maps/UEDPIE_0_Minimal_Default -0.374
[2019.01.02-21.17.06:224][245]LogBlueprintUserMessages: Late PlayInEditor Detection: Level '/Game/StarterContent/Maps/Minimal_Default.Minimal_Default:PersistentLevel' has LevelScriptBlueprint '/Game/StarterContent/Maps/Minimal_Default.Minimal_Default:PersistentLevel.Minimal_Default' with GeneratedClass '/Game/StarterContent/Maps/Minimal_Default.Minimal_Default_C' with ClassGeneratedBy '/Game/StarterContent/Maps/Minimal_Default.Minimal_Default:PersistentLevel.Minimal_Default'
[2019.01.02-21.17.37:805][381]LogBlueprintUserMessages: Early EndPlayMap Detection: Level '/Game/StarterContent/Maps/Minimal_Default.Minimal_Default:PersistentLevel' has LevelScriptBlueprint '/Game/StarterContent/Maps/Minimal_Default.Minimal_Default:PersistentLevel.Minimal_Default' with GeneratedClass '/Game/StarterContent/Maps/Minimal_Default.Minimal_Default_C' with ClassGeneratedBy '/Game/StarterContent/Maps/Minimal_Default.Minimal_Default:PersistentLevel.Minimal_Default'
[2019.01.02-21.17.37:805][381]LogSlate: Updating window title bar state: overlay mode, drag disabled, window buttons hidden, title bar hidden
[2019.01.02-21.17.37:847][381]LogPlayLevel: Display: Shutting down PIE online subsystems
[2019.01.02-21.17.37:847][381]LogBlueprintUserMessages: Late EndPlayMap Detection: Level '/Game/StarterContent/Maps/Minimal_Default.Minimal_Default:PersistentLevel' has LevelScriptBlueprint '/Game/StarterContent/Maps/Minimal_Default.Minimal_Default:PersistentLevel.Minimal_Default' with GeneratedClass '/Game/StarterContent/Maps/Minimal_Default.Minimal_Default_C' with ClassGeneratedBy '/Game/StarterContent/Maps/Minimal_Default.Minimal_Default:PersistentLevel.Minimal_Default'
[2019.01.02-21.17.37:870][381]LogSlate: Updating window title bar state: overlay mode, drag disabled, window buttons hidden, title bar hidden
[2019.01.02-21.17.37:906][383]LogPlayLevel: Display: Destroying online subsystem :Context_25
[2019.01.02-21.17.39:036][475]LogSlate: FSceneViewport::OnFocusLost() reason 0
[2019.01.02-21.17.40:977][662]LogSlate: Window 'MyPlayer_Eve' being destroyed
[2019.01.02-21.18.26:986][991]Cmd: OBJ SAVEPACKAGE PACKAGE="/Game/MyPlayer_Eve" FILE="../../../../../../Git/FightingGame/FightingGame/Content/MyPlayer_Eve.uasset" SILENT=true
[2019.01.02-21.18.27:051][991]LogSavePackage: Moving '../../../../../../Git/FightingGame/FightingGame/Saved/MyPlayer_EveD8E82C17436325751EC840A31A533E8F.tmp' to '../../../../../../Git/FightingGame/FightingGame/Content/MyPlayer_Eve.uasset'
[2019.01.02-21.18.27:837][ 82]BlueprintLog: New page: Compile MyPlayer_Eve
[2019.01.02-21.18.29:357][241]LogTemp: Repeating last play command: Selected Viewport
[2019.01.02-21.18.29:377][241]LogBlueprintUserMessages: Early PlayInEditor Detection: Level '/Game/StarterContent/Maps/Minimal_Default.Minimal_Default:PersistentLevel' has LevelScriptBlueprint '/Game/StarterContent/Maps/Minimal_Default.Minimal_Default:PersistentLevel.Minimal_Default' with GeneratedClass '/Game/StarterContent/Maps/Minimal_Default.Minimal_Default_C' with ClassGeneratedBy '/Game/StarterContent/Maps/Minimal_Default.Minimal_Default:PersistentLevel.Minimal_Default'
[2019.01.02-21.18.29:377][241]LogPlayLevel: PlayLevel: No blueprints needed recompiling
[2019.01.02-21.18.29:378][241]PIE: New page: PIE session: Minimal_Default (Jan 2, 2019, 9:18:29 PM)
[2019.01.02-21.18.29:378][241]LogPlayLevel: Creating play world package: /Game/StarterContent/Maps/UEDPIE_0_Minimal_Default
[2019.01.02-21.18.29:381][241]LogPlayLevel: PIE: StaticDuplicateObject took: (0.003170s)
[2019.01.02-21.18.29:382][241]LogAIModule: Creating AISystem for world Minimal_Default
[2019.01.02-21.18.29:382][241]LogPlayLevel: PIE: World Init took: (0.000902s)
[2019.01.02-21.18.29:382][241]LogPlayLevel: PIE: Created PIE world by copying editor world from /Game/StarterContent/Maps/Minimal_Default.Minimal_Default to /Game/StarterContent/Maps/UEDPIE_0_Minimal_Default.Minimal_Default (0.004442s)
[2019.01.02-21.18.29:478][241]LogInit: XAudio2 using 'Headset Earphone (Razer ManO'War)' : 2 channels at 48 kHz using 16 bits per sample (channel mask 0x3)
[2019.01.02-21.18.29:545][241]LogInit: FAudioDevice initialized.
[2019.01.02-21.18.29:580][241]LogLoad: Game class is 'FightingGameMode_C'
[2019.01.02-21.18.29:582][241]LogWorld: Bringing World /Game/StarterContent/Maps/UEDPIE_0_Minimal_Default.Minimal_Default up for play (max tick rate 0) at 2019.01.02-21.18.29
[2019.01.02-21.18.29:582][241]LogWorld: Bringing up level for play took: 0.001069
[2019.01.02-21.18.29:600][241]PIE: Play in editor start time for /Game/StarterContent/Maps/UEDPIE_0_Minimal_Default 1.002
[2019.01.02-21.18.29:600][241]LogBlueprintUserMessages: Late PlayInEditor Detection: Level '/Game/StarterContent/Maps/Minimal_Default.Minimal_Default:PersistentLevel' has LevelScriptBlueprint '/Game/StarterContent/Maps/Minimal_Default.Minimal_Default:PersistentLevel.Minimal_Default' with GeneratedClass '/Game/StarterContent/Maps/Minimal_Default.Minimal_Default_C' with ClassGeneratedBy '/Game/StarterContent/Maps/Minimal_Default.Minimal_Default:PersistentLevel.Minimal_Default'
[2019.01.02-21.18.46:239][231]LogBlueprintUserMessages: Early EndPlayMap Detection: Level '/Game/StarterContent/Maps/Minimal_Default.Minimal_Default:PersistentLevel' has LevelScriptBlueprint '/Game/StarterContent/Maps/Minimal_Default.Minimal_Default:PersistentLevel.Minimal_Default' with GeneratedClass '/Game/StarterContent/Maps/Minimal_Default.Minimal_Default_C' with ClassGeneratedBy '/Game/StarterContent/Maps/Minimal_Default.Minimal_Default:PersistentLevel.Minimal_Default'
[2019.01.02-21.18.46:239][231]LogSlate: Updating window title bar state: overlay mode, drag disabled, window buttons hidden, title bar hidden
[2019.01.02-21.18.46:284][231]LogPlayLevel: Display: Shutting down PIE online subsystems
[2019.01.02-21.18.46:284][231]LogBlueprintUserMessages: Late EndPlayMap Detection: Level '/Game/StarterContent/Maps/Minimal_Default.Minimal_Default:PersistentLevel' has LevelScriptBlueprint '/Game/StarterContent/Maps/Minimal_Default.Minimal_Default:PersistentLevel.Minimal_Default' with GeneratedClass '/Game/StarterContent/Maps/Minimal_Default.Minimal_Default_C' with ClassGeneratedBy '/Game/StarterContent/Maps/Minimal_Default.Minimal_Default:PersistentLevel.Minimal_Default'
[2019.01.02-21.18.46:308][231]LogSlate: Updating window title bar state: overlay mode, drag disabled, window buttons hidden, title bar hidden
[2019.01.02-21.18.46:348][233]LogPlayLevel: Display: Destroying online subsystem :Context_26
[2019.01.02-21.18.46:785][283]LogSlate: FSceneViewport::OnFocusLost() reason 0
[2019.01.02-21.19.20:242][223]LogFileHelpers: Editor autosave (incl. sublevels) for '/Game/StarterContent/Maps/Minimal_Default' took 0.024
[2019.01.02-21.19.20:245][223]OBJ SavePackage: Generating thumbnails for [0] asset(s) in package [/Game/FightingGameMode] ([1] browsable assets)...
[2019.01.02-21.19.20:245][223]OBJ SavePackage: Finished generating thumbnails for package [/Game/FightingGameMode]
[2019.01.02-21.19.20:245][223]Cmd: OBJ SAVEPACKAGE PACKAGE="/Game/FightingGameMode" FILE="../../../../../../Git/FightingGame/FightingGame/Saved/Autosaves/Game/FightingGameMode_Auto1.uasset" SILENT=false AUTOSAVING=true
[2019.01.02-21.19.20:304][223]LogSavePackage: Moving '../../../../../../Git/FightingGame/FightingGame/Saved/FightingGameMode_Auto1CE3871D14CDE7FDEC8BAF0AC5982AAE3.tmp' to '../../../../../../Git/FightingGame/FightingGame/Saved/Autosaves/Game/FightingGameMode_Auto1.uasset'
[2019.01.02-21.19.20:310][223]LogFileHelpers: Auto-saving content packages took 0.068
[2019.01.02-21.20.46:531][531]Cmd: OBJ SAVEPACKAGE PACKAGE="/Game/MyPlayer_Eve" FILE="../../../../../../Git/FightingGame/FightingGame/Content/MyPlayer_Eve.uasset" SILENT=true
[2019.01.02-21.20.46:599][531]LogSavePackage: Moving '../../../../../../Git/FightingGame/FightingGame/Saved/MyPlayer_Eve467653184710BDC611AABDB3EE650359.tmp' to '../../../../../../Git/FightingGame/FightingGame/Content/MyPlayer_Eve.uasset'
[2019.01.02-21.20.49:734][736]LogSlate: Window 'Save Content' being destroyed
[2019.01.02-21.20.49:762][736]Cmd: OBJ SAVEPACKAGE PACKAGE="/Game/FightingGameMode" FILE="../../../../../../Git/FightingGame/FightingGame/Content/FightingGameMode.uasset" SILENT=true
[2019.01.02-21.20.49:808][736]LogSavePackage: Moving '../../../../../../Git/FightingGame/FightingGame/Saved/FightingGameMode7AFE010045D8D9389D635EA4CEB53633.tmp' to '../../../../../../Git/FightingGame/FightingGame/Content/FightingGameMode.uasset'
[2019.01.02-21.20.50:485][736]LogSlate: Window 'FightingGame - Unreal Editor' being destroyed
[2019.01.02-21.20.50:698][737]Cmd: QUIT_EDITOR
