Log file open, 12/28/18 15:59:36
LogWindows: Failed to load 'aqProf.dll' (GetLastError=126)
LogWindows: File 'aqProf.dll' does not exist
LogWindows: Failed to load 'VSPerf140.dll' (GetLastError=126)
LogWindows: File 'VSPerf140.dll' does not exist
LogWindows: Failed to load 'VtuneApi.dll' (GetLastError=126)
LogWindows: File 'VtuneApi.dll' does not exist
LogWindows: Failed to load 'VtuneApi32e.dll' (GetLastError=126)
LogWindows: File 'VtuneApi32e.dll' does not exist
LogInit: Display: Running engine for game: FightingGame
LogPlatformFile: Not using cached read wrapper
LogTaskGraph: Started task graph with 5 named threads and 23 total threads with 3 sets of task threads.
LogStats: Stats thread started at 0.434875
LogD3D11RHI: Loaded GFSDK_Aftermath_Lib.x64.dll
LogICUInternationalization: Display: ICU TimeZone Detection - Raw Offset: +0:00, Platform Override: ''
LogPluginManager: Mounting plugin Paper2D
LogPluginManager: Mounting plugin AISupport
LogPluginManager: Mounting plugin LightPropagationVolume
LogPluginManager: Mounting plugin CLionSourceCodeAccess
LogPluginManager: Mounting plugin CodeLiteSourceCodeAccess
LogPluginManager: Mounting plugin GitSourceControl
LogPluginManager: Mounting plugin KDevelopSourceCodeAccess
LogPluginManager: Mounting plugin NullSourceCodeAccess
LogPluginManager: Mounting plugin PerforceSourceControl
LogPluginManager: Mounting plugin SubversionSourceControl
LogPluginManager: Mounting plugin UObjectPlugin
LogPluginManager: Mounting plugin VisualStudioCodeSourceCodeAccess
LogPluginManager: Mounting plugin VisualStudioSourceCodeAccess
LogPluginManager: Mounting plugin XCodeSourceCodeAccess
LogPluginManager: Mounting plugin AssetManagerEditor
LogPluginManager: Mounting plugin CryptoKeys
LogPluginManager: Mounting plugin DataValidation
LogPluginManager: Mounting plugin FacialAnimation
LogPluginManager: Mounting plugin GameplayTagsEditor
LogPluginManager: Mounting plugin MacGraphicsSwitching
LogPluginManager: Mounting plugin MeshEditor
LogPluginManager: Mounting plugin MobileLauncherProfileWizard
LogPluginManager: Mounting plugin PluginBrowser
LogPluginManager: Mounting plugin SpeedTreeImporter
LogPluginManager: Mounting plugin DatasmithContent
LogPluginManager: Mounting plugin AlembicImporter
LogPluginManager: Mounting plugin AppleImageUtils
LogPluginManager: Mounting plugin AppleVision
LogPluginManager: Mounting plugin BackChannel
LogPluginManager: Mounting plugin CharacterAI
LogPluginManager: Mounting plugin GeometryCache
LogPluginManager: Mounting plugin HTML5Networking
LogPluginManager: Mounting plugin ProxyLODPlugin
LogPluginManager: Mounting plugin MagicLeap
LogPluginManager: Mounting plugin MagicLeapEmulator
LogPluginManager: Mounting plugin MagicLeapMedia
LogPluginManager: Mounting plugin AndroidMedia
LogPluginManager: Mounting plugin AvfMedia
LogPluginManager: Mounting plugin ImgMedia
LogPluginManager: Mounting plugin LinearTimecode
LogPluginManager: Mounting plugin MediaCompositing
LogPluginManager: Mounting plugin MediaPlayerEditor
LogPluginManager: Mounting plugin WmfMedia
LogPluginManager: Mounting plugin TcpMessaging
LogPluginManager: Mounting plugin UdpMessaging
LogPluginManager: Mounting plugin ActorSequence
LogPluginManager: Mounting plugin LevelSequenceEditor
LogPluginManager: Mounting plugin MatineeToLevelSequence
LogPluginManager: Mounting plugin NetcodeUnitTest
LogPluginManager: Mounting plugin NUTUnrealEngine4
LogPluginManager: Mounting plugin OnlineSubsystemGooglePlay
LogPluginManager: Mounting plugin OnlineSubsystemIOS
LogPluginManager: Mounting plugin OnlineSubsystem
LogPluginManager: Mounting plugin OnlineSubsystemNull
LogPluginManager: Mounting plugin OnlineSubsystemUtils
LogPluginManager: Mounting plugin LauncherChunkInstaller
LogPluginManager: Mounting plugin AndroidDeviceProfileSelector
LogPluginManager: Mounting plugin AndroidMoviePlayer
LogPluginManager: Mounting plugin AndroidPermission
LogPluginManager: Mounting plugin AppleMoviePlayer
LogPluginManager: Mounting plugin ArchVisCharacter
LogPluginManager: Mounting plugin AudioCapture
LogPluginManager: Mounting plugin CableComponent
LogPluginManager: Mounting plugin CustomMeshComponent
LogPluginManager: Mounting plugin EditableMesh
LogPluginManager: Mounting plugin ExampleDeviceProfileSelector
LogPluginManager: Mounting plugin GoogleCloudMessaging
LogPluginManager: Mounting plugin ImmediatePhysics
LogPluginManager: Mounting plugin IOSDeviceProfileSelector
LogPluginManager: Mounting plugin LinuxDeviceProfileSelector
LogPluginManager: Mounting plugin LocationServicesBPLibrary
LogPluginManager: Mounting plugin MobilePatchingUtils
LogPluginManager: Mounting plugin OculusVR
LogPluginManager: Plugin shader directory ../../../Engine/Plugins/Runtime/Oculus/OculusVR/Shaders found
LogPluginManager: Mapping shader source directory ../../../Engine/Plugins/Runtime/Oculus/OculusVR/Shaders to virtual directory /Plugin/OculusVR
LogPluginManager: Mounting plugin PhysXVehicles
LogPluginManager: Mounting plugin ProceduralMeshComponent
LogPluginManager: Mounting plugin RuntimePhysXCooking
LogPluginManager: Mounting plugin SteamVR
LogPluginManager: Mounting plugin WindowsMoviePlayer
LogStreaming: Display: Took  0.225s to configure plugins.
LogInit: Using libcurl 7.55.1-DEV
LogInit:  - built for x86_64-pc-win32
LogInit:  - supports SSL with OpenSSL/1.0.2h
LogInit:  - supports HTTP deflate (compression) using libz 1.2.8
LogInit:  - other features:
LogInit:      CURL_VERSION_SSL
LogInit:      CURL_VERSION_LIBZ
LogInit:      CURL_VERSION_IPV6
LogInit:      CURL_VERSION_ASYNCHDNS
LogInit:      CURL_VERSION_LARGEFILE
LogInit:      CURL_VERSION_IDN
LogInit:  CurlRequestOptions (configurable via config and command line):
LogInit:  - bVerifyPeer = false  - Libcurl will NOT verify peer certificate
LogInit:  - bUseHttpProxy = false  - Libcurl will NOT use HTTP proxy
LogInit:  - bDontReuseConnections = false  - Libcurl will reuse connections
LogInit:  - CertBundlePath = nullptr  - Libcurl will use whatever was configured at build time.
LogInit:  - MaxHostConnections = 16  - Libcurl will limit the number of connections to a host
LogInit:  - LocalHostAddr = Default
LogInit:  - BufferSize = 65536
LogInit: WinSock: version 1.1 (2.2), MaxSocks=32767, MaxUdp=65467
LogInit: Build: ++UE4+Release-4.20-CL-4369336
LogInit: Engine Version: 4.20.3-4369336+++UE4+Release-4.20
LogInit: Compatible Engine Version: 4.20.0-4212847+++UE4+Release-4.20
LogInit: Net CL: 4212847
LogInit: OS: Windows 10 (), CPU: Intel(R) Core(TM) i7-6700K CPU @ 4.00GHz, GPU: NVIDIA GeForce GTX 1060 6GB
LogInit: Compiled (64-bit): Sep 17 2018 12:26:19
LogInit: Compiled with Visual C++: 19.13.26129.00
LogInit: Build Configuration: Development
LogInit: Branch Name: ++UE4+Release-4.20
LogInit: Command Line:  -skipcompile
LogInit: Base Directory: D:/Program Files/Epic Games/UE_4.20/Engine/Binaries/Win64/
LogInit: Installed Engine Build: 1
LogDevObjectVersion: Number of dev versions registered: 20
LogDevObjectVersion:   Dev-Blueprints (B0D832E4-1F89-4F0D-ACCF-7EB736FD4AA2): 10
LogDevObjectVersion:   Dev-Build (E1C64328-A22C-4D53-A36C-8E866417BD8C): 0
LogDevObjectVersion:   Dev-Core (375EC13C-06E4-48FB-B500-84F0262A717E): 2
LogDevObjectVersion:   Dev-Editor (E4B068ED-F494-42E9-A231-DA0B2E46BB41): 24
LogDevObjectVersion:   Dev-Framework (CFFC743F-43B0-4480-9391-14DF171D2073): 34
LogDevObjectVersion:   Dev-Mobile (B02B49B5-BB20-44E9-A304-32B752E40360): 2
LogDevObjectVersion:   Dev-Networking (A4E4105C-59A1-49B5-A7C5-40C4547EDFEE): 0
LogDevObjectVersion:   Dev-Online (39C831C9-5AE6-47DC-9A44-9C173E1C8E7C): 0
LogDevObjectVersion:   Dev-Physics (78F01B33-EBEA-4F98-B9B4-84EACCB95AA2): 0
LogDevObjectVersion:   Dev-Platform (6631380F-2D4D-43E0-8009-CF276956A95A): 0
LogDevObjectVersion:   Dev-Rendering (12F88B9F-8875-4AFC-A67C-D90C383ABD29): 26
LogDevObjectVersion:   Dev-Sequencer (7B5AE74C-D270-4C10-A958-57980B212A5A): 9
LogDevObjectVersion:   Dev-VR (D7296918-1DD6-4BDD-9DE2-64A83CC13884): 2
LogDevObjectVersion:   Dev-LoadTimes (C2A15278-BFE7-4AFE-6C17-90FF531DF755): 1
LogDevObjectVersion:   Private-Geometry (6EACA3D4-40EC-4CC1-B786-8BED09428FC5): 3
LogDevObjectVersion:   Dev-AnimPhys (29E575DD-E0A3-4627-9D10-D276232CDCEA): 17
LogDevObjectVersion:   Dev-ReflectionCapture (6B266CEC-1EC7-4B8F-A30B-E4D90942FC07): 1
LogDevObjectVersion:   Dev-Automation (0DF73D61-A23F-47EA-B727-89E90C41499A): 1
LogDevObjectVersion:   FortniteMain (601D1886-AC64-4F84-AA16-D3DE0DEAC7D6): 12
LogDevObjectVersion:   Dev-Enterprise (9DFFBCD6-494F-0158-E221-12823C92A888): 1
LogStreaming: Display: Took  0.006s to delete old logs.
LogInit: Presizing for max 8388607 objects, including 0 objects not considered by GC, pre-allocating 0 bytes for permanent pool.
LogInit: Object subsystem initialized
[2018.12.28-15.59.37:244][  0]LogInit: Selected Device Profile: [Windows]
[2018.12.28-15.59.37:244][  0]LogInit: Applying CVar settings loaded from the selected device profile: [Windows]
[2018.12.28-15.59.37:254][  0]LogHAL: Display: Platform has ~ 16 GB [17126547456 / 17179869184 / 16], which maps to Larger [LargestMinGB=32, LargerMinGB=12, DefaultMinGB=8, SmallerMinGB=6, SmallestMinGB=0)
[2018.12.28-15.59.37:254][  0]LogInit: Setting Device Profile CVar: [[r.Vulkan.UseRealUBs:1]]
[2018.12.28-15.59.37:254][  0]LogInit: Going up to parent DeviceProfile []
[2018.12.28-15.59.37:254][  0]LogInit: Computer: EDWARD
[2018.12.28-15.59.37:254][  0]LogInit: User: John
[2018.12.28-15.59.37:254][  0]LogInit: CPU Page size=4096, Cores=4
[2018.12.28-15.59.37:255][  0]LogInit: High frequency timer resolution =3.914061 MHz
[2018.12.28-15.59.37:255][  0]LogMemory: Memory total: Physical=16.0GB (16GB approx)
[2018.12.28-15.59.37:255][  0]LogMemory: Platform Memory Stats for Windows
[2018.12.28-15.59.37:255][  0]LogMemory: Process Physical Memory: 102.00 MB used, 102.00 MB peak
[2018.12.28-15.59.37:255][  0]LogMemory: Process Virtual Memory: 90.04 MB used, 90.04 MB peak
[2018.12.28-15.59.37:255][  0]LogMemory: Physical Memory: 8027.09 MB used,  8306.05 MB free, 16333.15 MB total
[2018.12.28-15.59.37:255][  0]LogMemory: Virtual Memory: 4638.83 MB used,  8306.05 MB free, 134217728.00 MB total
[2018.12.28-15.59.37:383][  0]LogInit: Using OS detected language (en-US).
[2018.12.28-15.59.37:383][  0]LogInit: Using OS detected locale (en-US).
[2018.12.28-15.59.37:385][  0]LogTextLocalizationManager: No specific localization for 'en-US' exists, so the 'en' localization will be used.
[2018.12.28-15.59.37:694][  0]LogStreaming: Display: Took  0.311s to InitEngineTextLocalization.
[2018.12.28-15.59.37:699][  0]LogInit: Setting process to per monitor DPI aware
[2018.12.28-15.59.37:849][  0]LogSlate: New Slate User Created.  User Index 0, Is Virtual User: 0
[2018.12.28-15.59.37:849][  0]LogSlate: Slate User Registered.  User Index 0, Is Virtual User: 0
[2018.12.28-15.59.38:131][  0]LogHMD: Failed to initialize OpenVR with code 102
[2018.12.28-15.59.38:131][  0]LogD3D11RHI: D3D11 adapters:
[2018.12.28-15.59.38:206][  0]LogD3D11RHI:    0. 'NVIDIA GeForce GTX 1060 6GB' (Feature Level 11_0)
[2018.12.28-15.59.38:206][  0]LogD3D11RHI:       6061/0/8166 MB DedicatedVideo/DedicatedSystem/SharedSystem, Outputs:3, VendorId:0x10de
[2018.12.28-15.59.38:211][  0]LogD3D11RHI:    1. 'Microsoft Basic Render Driver' (Feature Level 11_0)
[2018.12.28-15.59.38:211][  0]LogD3D11RHI:       0/0/8166 MB DedicatedVideo/DedicatedSystem/SharedSystem, Outputs:0, VendorId:0x1414
[2018.12.28-15.59.38:211][  0]LogD3D11RHI: Chosen D3D11 Adapter: 0
[2018.12.28-15.59.38:220][  0]LogD3D11RHI: Creating new Direct3DDevice
[2018.12.28-15.59.38:220][  0]LogD3D11RHI:     GPU DeviceId: 0x1c03 (for the marketing name, search the web for "GPU Device Id")
[2018.12.28-15.59.38:220][  0]LogWindows: EnumDisplayDevices:
[2018.12.28-15.59.38:220][  0]LogWindows:    0. 'NVIDIA GeForce GTX 1060 6GB' (P:1 D:1)
[2018.12.28-15.59.38:221][  0]LogWindows:    1. 'NVIDIA GeForce GTX 1060 6GB' (P:0 D:1)
[2018.12.28-15.59.38:221][  0]LogWindows:    2. 'NVIDIA GeForce GTX 1060 6GB' (P:0 D:1)
[2018.12.28-15.59.38:222][  0]LogWindows:    3. 'NVIDIA GeForce GTX 1060 6GB' (P:0 D:0)
[2018.12.28-15.59.38:222][  0]LogWindows: DebugString: FoundDriverCount:4 
[2018.12.28-15.59.38:222][  0]LogD3D11RHI:     Adapter Name: NVIDIA GeForce GTX 1060 6GB
[2018.12.28-15.59.38:222][  0]LogD3D11RHI:   Driver Version: 388.13 (internal:23.21.13.8813, unified:388.13)
[2018.12.28-15.59.38:222][  0]LogD3D11RHI:      Driver Date: 10-27-2017
[2018.12.28-15.59.38:222][  0]LogRHI: Texture pool is 4242 MB (70% of 6061 MB)
[2018.12.28-15.59.38:259][  0]LogD3D11RHI: Async texture creation enabled
[2018.12.28-15.59.38:274][  0]LogD3D11RHI: GPU Timing Frequency: 1000.000000 (Debug: 2 1)
[2018.12.28-15.59.38:373][  0]LogShaderCompilers: Guid format shader working directory is -3 characters bigger than the processId version (../../../../../../Git/FightingGame/FightingGame/Intermediate/Shaders/WorkingDirectory/21064/).
[2018.12.28-15.59.38:374][  0]LogShaderCompilers: Cleaned the shader compiler working directory 'C:/Users/John/AppData/Local/Temp/UnrealShaderWorkingDir/326D0EDE4E015DA4A95A898C87603B33/'.
[2018.12.28-15.59.38:695][  0]LogTemp: Display: Loaded TP AllDesktopTargetPlatform
[2018.12.28-15.59.38:731][  0]LogTemp: Display: Loaded TP MacClientTargetPlatform
[2018.12.28-15.59.38:779][  0]LogTemp: Display: Loaded TP MacNoEditorTargetPlatform
[2018.12.28-15.59.38:803][  0]LogTemp: Display: Loaded TP MacServerTargetPlatform
[2018.12.28-15.59.38:824][  0]LogTemp: Display: Loaded TP MacTargetPlatform
[2018.12.28-15.59.38:883][  0]LogTemp: Display: Loaded TP WindowsClientTargetPlatform
[2018.12.28-15.59.38:920][  0]LogTemp: Display: Loaded TP WindowsNoEditorTargetPlatform
[2018.12.28-15.59.38:940][  0]LogTemp: Display: Loaded TP WindowsServerTargetPlatform
[2018.12.28-15.59.38:969][  0]LogTemp: Display: Loaded TP WindowsTargetPlatform
[2018.12.28-15.59.39:089][  0]LogTemp: Display: Loaded TP AndroidTargetPlatform
[2018.12.28-15.59.39:089][  0]LogTemp: Display: Loaded TP AndroidTargetPlatform
[2018.12.28-15.59.39:089][  0]LogTemp: Display: Loaded TP AndroidTargetPlatform
[2018.12.28-15.59.39:089][  0]LogTemp: Display: Loaded TP AndroidTargetPlatform
[2018.12.28-15.59.39:089][  0]LogTemp: Display: Loaded TP AndroidTargetPlatform
[2018.12.28-15.59.39:089][  0]LogTemp: Display: Loaded TP AndroidTargetPlatform
[2018.12.28-15.59.39:090][  0]LogTemp: Display: Loaded TP AndroidTargetPlatform
[2018.12.28-15.59.39:090][  0]LogTemp: Display: Loaded TP AndroidTargetPlatform
[2018.12.28-15.59.39:090][  0]LogTemp: Display: Loaded TP AndroidTargetPlatform
[2018.12.28-15.59.39:090][  0]LogTemp: Display: Loaded TP AndroidTargetPlatform
[2018.12.28-15.59.39:090][  0]LogTemp: Display: Loaded TP AndroidTargetPlatform
[2018.12.28-15.59.39:090][  0]LogTemp: Display: Loaded TP AndroidTargetPlatform
[2018.12.28-15.59.39:090][  0]LogTemp: Display: Loaded TP AndroidTargetPlatform
[2018.12.28-15.59.39:090][  0]LogTemp: Display: Loaded TP AndroidTargetPlatform
[2018.12.28-15.59.39:090][  0]LogTemp: Display: Loaded TP AndroidTargetPlatform
[2018.12.28-15.59.39:090][  0]LogTemp: Display: Loaded TP AndroidTargetPlatform
[2018.12.28-15.59.39:090][  0]LogTemp: Display: Loaded TP AndroidTargetPlatform
[2018.12.28-15.59.39:090][  0]LogTemp: Display: Loaded TP AndroidTargetPlatform
[2018.12.28-15.59.39:102][  0]LogTemp: Display: Loaded TP HTML5TargetPlatform
[2018.12.28-15.59.39:181][  0]LogTemp: Display: Loaded TP IOSTargetPlatform
[2018.12.28-15.59.39:181][  0]LogTemp: Display: Loaded TP IOSTargetPlatform
[2018.12.28-15.59.39:208][  0]LogTemp: Display: Loaded TP TVOSTargetPlatform
[2018.12.28-15.59.39:209][  0]LogTemp: Display: Loaded TP TVOSTargetPlatform
[2018.12.28-15.59.39:224][  0]LogTemp: Display: Loaded TP LinuxClientTargetPlatform
[2018.12.28-15.59.39:241][  0]LogTemp: Display: Loaded TP LinuxNoEditorTargetPlatform
[2018.12.28-15.59.39:258][  0]LogTemp: Display: Loaded TP LinuxServerTargetPlatform
[2018.12.28-15.59.39:277][  0]LogTemp: Display: Loaded TP LinuxTargetPlatform
[2018.12.28-15.59.39:293][  0]LogTemp: Display: Loaded TP LuminTargetPlatform
[2018.12.28-15.59.39:293][  0]LogTargetPlatformManager: Display: Building Assets For Windows
[2018.12.28-15.59.39:504][  0]LogXGEController: Cleaning working directory: C:/Users/John/AppData/Local/Temp/UnrealXGEWorkingDir/
[2018.12.28-15.59.39:505][  0]LogXGEController: Cannot use XGE Controller as Incredibuild is not installed on this machine.
[2018.12.28-15.59.39:505][  0]LogShaderCompilers: Cannot use XGE Shader Compiler as Incredibuild is not installed on this machine.
[2018.12.28-15.59.39:505][  0]LogShaderCompilers: Display: Using Local Shader Compiler.
[2018.12.28-15.59.40:345][  0]LogDerivedDataCache: Display: Max Cache Size: 512 MB
[2018.12.28-15.59.40:399][  0]LogDerivedDataCache: Loaded boot cache 0.05s 71MB C:/Users/John/AppData/Local/UnrealEngine/4.20/DerivedDataCache/Boot.ddc.
[2018.12.28-15.59.40:400][  0]LogDerivedDataCache: Display: Loaded Boot cache: C:/Users/John/AppData/Local/UnrealEngine/4.20/DerivedDataCache/Boot.ddc
[2018.12.28-15.59.40:400][  0]LogDerivedDataCache: FDerivedDataBackendGraph:  Pak pak cache file ../../../../../../Git/FightingGame/FightingGame/DerivedDataCache/DDC.ddp not found, will not use a pak cache.
[2018.12.28-15.59.40:400][  0]LogDerivedDataCache: Unable to find inner node Pak for hierarchical cache Hierarchy.
[2018.12.28-15.59.40:400][  0]LogDerivedDataCache: FDerivedDataBackendGraph:  CompressedPak pak cache file ../../../../../../Git/FightingGame/FightingGame/DerivedDataCache/Compressed.ddp not found, will not use a pak cache.
[2018.12.28-15.59.40:400][  0]LogDerivedDataCache: Unable to find inner node CompressedPak for hierarchical cache Hierarchy.
[2018.12.28-15.59.40:413][  0]LogDerivedDataCache: Display: Pak cache opened for reading ../../../Engine/DerivedDataCache/Compressed.ddp.
[2018.12.28-15.59.40:426][  0]LogDerivedDataCache: Using Local data cache path C:/Users/John/AppData/Local/UnrealEngine/Common/DerivedDataCache: Writable
[2018.12.28-15.59.40:426][  0]LogDerivedDataCache: Shared data cache path not found in *engine.ini, will not use an Shared cache.
[2018.12.28-15.59.40:426][  0]LogDerivedDataCache: Unable to find inner node Shared for hierarchical cache Hierarchy.
[2018.12.28-15.59.40:442][  0]LogMaterial: Verifying Global Shaders for PCD3D_SM5
[2018.12.28-15.59.40:443][  0]LogSlate: Using FreeType 2.6.0
[2018.12.28-15.59.40:444][  0]LogSlate: SlateFontServices - WITH_FREETYPE: 1, WITH_HARFBUZZ: 1
[2018.12.28-15.59.40:526][  0]LogAssetRegistry: FAssetRegistry took 0.0296 seconds to start up
[2018.12.28-15.59.40:887][  0]LogInit: Selected Device Profile: [Windows]
[2018.12.28-15.59.41:157][  0]LogSimplygon: Simplygon DLL not present - disabling.
[2018.12.28-15.59.41:197][  0]LogMeshReduction: Using SimplygonSwarm for distributed automatic mesh merging
[2018.12.28-15.59.41:197][  0]LogMeshReduction: Using ProxyLODMeshReduction for automatic mesh merging
[2018.12.28-15.59.41:197][  0]LogMeshReduction: Using QuadricMeshReduction for automatic static mesh reduction
[2018.12.28-15.59.41:197][  0]LogMeshReduction: No automatic skeletal mesh reduction module available
[2018.12.28-15.59.41:280][  0]LogNetVersion: FightingGame 1.0.0, NetCL: 4212847, EngineNetVer: 5, GameNetVer: 0 (Checksum: 156865789)
[2018.12.28-15.59.41:872][  0]LogPackageLocalizationCache: Processed 11 localized package path(s) for 2 prioritized culture(s) in 0.133114 seconds
[2018.12.28-15.59.41:883][  0]LogUObjectArray: 38425 objects as part of root set at end of initial load.
[2018.12.28-15.59.41:883][  0]LogUObjectAllocator: 6690864 out of 0 bytes used by permanent object pool.
[2018.12.28-15.59.41:883][  0]LogUObjectArray: CloseDisregardForGC: 0/0 objects in disregard for GC pool
[2018.12.28-15.59.43:229][  0]LogTcpMessaging: Initializing TcpMessaging bridge
[2018.12.28-15.59.43:266][  0]LogUdpMessaging: Initializing bridge on interface 0.0.0.0:0 to multicast group 230.0.0.1:6666.
[2018.12.28-15.59.43:618][  0]SourceControl: Source control is disabled
[2018.12.28-15.59.43:619][  0]SourceControl: Source control is disabled
[2018.12.28-15.59.43:633][  0]SourceControl: Source control is disabled
[2018.12.28-15.59.43:641][  0]SourceControl: Source control is disabled
[2018.12.28-15.59.44:128][  0]LogAndroidPermission: UAndroidPermissionCallbackProxy::GetInstance
[2018.12.28-15.59.44:597][  0]LogOcInput: OculusInput pre-init called
[2018.12.28-15.59.44:689][  0]LogEngine: Initializing Engine...
[2018.12.28-15.59.44:691][  0]LogHMD: Failed to initialize OpenVR with code 102
[2018.12.28-15.59.44:693][  0]LogStats: UGameplayTagsManager::ConstructGameplayTagTree: ImportINI prefixes -  0.000 s
[2018.12.28-15.59.44:693][  0]LogStats: UGameplayTagsManager::ConstructGameplayTagTree: Construct from data asset -  0.000 s
[2018.12.28-15.59.44:693][  0]LogStats: UGameplayTagsManager::ConstructGameplayTagTree: ImportINI -  0.000 s
[2018.12.28-15.59.44:693][  0]LogStats: UGameplayTagsManager::ConstructGameplayTagTree: GameplayTagTreeChangedEvent.Broadcast -  0.000 s
[2018.12.28-15.59.44:893][  0]LogInit: Initializing FReadOnlyCVARCache
[2018.12.28-15.59.44:914][  0]LogAIModule: Creating AISystem for world Untitled
[2018.12.28-15.59.45:029][  0]LogInit: XAudio2 using 'Headset Earphone (Razer ManO'War)' : 2 channels at 48 kHz using 16 bits per sample (channel mask 0x3)
[2018.12.28-15.59.45:186][  0]LogInit: FAudioDevice initialized.
[2018.12.28-15.59.45:186][  0]LogNetVersion: Set ProjectVersion to 1.0.0.0. Version Checksum will be recalculated on next use.
[2018.12.28-15.59.45:321][  0]LogDerivedDataCache: Saved boot cache 0.13s 71MB C:/Users/John/AppData/Local/UnrealEngine/4.20/DerivedDataCache/Boot.ddc.
[2018.12.28-15.59.45:329][  0]LogInit: Texture streaming: Enabled
[2018.12.28-15.59.45:420][  0]LogEngineSessionManager: EngineSessionManager initialized
[2018.12.28-15.59.45:427][  0]LogEngineSessionManager: EngineSessionManager sent abnormal shutdown report. Type=Debugger, SessionId={6954FF8F-44C4-DDEB-1071-84BAEB64742E}
[2018.12.28-15.59.45:446][  0]LogInit: Transaction tracking system initialized
[2018.12.28-15.59.45:591][  0]BlueprintLog: New page: Editor Load
[2018.12.28-15.59.45:849][  0]LocalizationService: Localization service is disabled
[2018.12.28-15.59.46:235][  0]LogCook: Display: Max memory allowance for cook 16384mb min free memory 0mb
[2018.12.28-15.59.46:236][  0]LogCook: Display: Mobile HDR setting 1
[2018.12.28-15.59.46:236][  0]LogGameplayTags: Display: UGameplayTagsManager::DoneAddingNativeTags. DelegateIsBound: 0
[2018.12.28-15.59.46:236][  0]LogStats: UGameplayTagsManager::ConstructGameplayTagTree: ImportINI prefixes -  0.000 s
[2018.12.28-15.59.46:236][  0]LogStats: UGameplayTagsManager::ConstructGameplayTagTree: Construct from data asset -  0.000 s
[2018.12.28-15.59.46:236][  0]LogStats: UGameplayTagsManager::ConstructGameplayTagTree: ImportINI -  0.000 s
[2018.12.28-15.59.46:236][  0]LogStats: UGameplayTagsManager::ConstructGameplayTagTree: GameplayTagTreeChangedEvent.Broadcast -  0.000 s
[2018.12.28-15.59.46:529][  0]LogFileCache: Scanning file cache for directory 'D:/Git/FightingGame/FightingGame/Content/' took 0.02s
[2018.12.28-15.59.46:529][  0]LogLinker: Warning: Can't find file '/Engine/BasicShapes/Cylinder'
[2018.12.28-15.59.46:529][  0]LogLinker: Warning: Can't find file '/Engine/BasicShapes/Cylinder'
[2018.12.28-15.59.46:530][  0]LogUObjectGlobals: Warning: Failed to find object 'StaticMesh /Engine/BasicShapes/Cylinder.Cylinder'
[2018.12.28-15.59.46:781][  0]SourceControl: Source control is disabled
[2018.12.28-15.59.46:781][  0]Cmd: MAP LOAD FILE="../../../../../../Git/FightingGame/FightingGame/Content/StarterContent/Maps/Minimal_Default.umap" TEMPLATE=0 SHOWPROGRESS=1 FEATURELEVEL=3
[2018.12.28-15.59.46:782][  0]LightingResults: New page: Lighting Build
[2018.12.28-15.59.46:785][  0]MapCheck: New page: Map Check
[2018.12.28-15.59.46:785][  0]LightingResults: New page: Lighting Build
[2018.12.28-15.59.47:092][  0]LogAIModule: Creating AISystem for world Minimal_Default
[2018.12.28-15.59.47:101][  0]LogEditorServer: Finished looking for orphan Actors (0.000 secs)
[2018.12.28-15.59.47:120][  0]Cmd: MAP CHECKDEP NOCLEARLOG
[2018.12.28-15.59.47:262][  0]MapCheck: Map check complete: 0 Error(s), 0 Warning(s), took 141.312ms to complete.
[2018.12.28-15.59.47:262][  0]LogFileHelpers: Loading map 'Minimal_Default' took 0.481
[2018.12.28-15.59.47:623][  0]LogSlate: Updating window title bar state: overlay mode, drag disabled, window buttons hidden, title bar hidden
[2018.12.28-15.59.47:630][  0]LogSlate: Updating window title bar state: overlay mode, drag disabled, window buttons hidden, title bar hidden
[2018.12.28-15.59.47:646][  0]LogSlate: Updating window title bar state: overlay mode, drag disabled, window buttons hidden, title bar hidden
[2018.12.28-15.59.47:655][  0]LogSlate: Updating window title bar state: overlay mode, drag disabled, window buttons hidden, title bar hidden
[2018.12.28-15.59.47:689][  0]LogCollectionManager: Loaded 0 collections in 0.002392 seconds
[2018.12.28-15.59.47:797][  0]LogFileCache: Scanning file cache for directory 'D:/Git/FightingGame/FightingGame/Saved/Collections/' took 0.03s
[2018.12.28-15.59.47:797][  0]LogFileCache: Scanning file cache for directory 'D:/Git/FightingGame/FightingGame/Content/Developers/John/Collections/' took 0.02s
[2018.12.28-15.59.47:797][  0]LogFileCache: Scanning file cache for directory 'D:/Git/FightingGame/FightingGame/Content/Collections/' took 0.02s
[2018.12.28-15.59.47:797][  0]LogCollectionManager: Rebuilt the GUID cache for 0 collections in 0.000000 seconds
[2018.12.28-15.59.47:806][  0]LogContentBrowser: Native class hierarchy populated in 0.0089 seconds. Added 2577 classes and 605 folders.
[2018.12.28-15.59.47:815][  0]LogContentBrowser: Native class hierarchy updated for 'WidgetCarousel' in 0.0004 seconds. Added 0 classes and 0 folders.
[2018.12.28-15.59.47:872][  0]LogContentBrowser: Native class hierarchy updated for 'AddContentDialog' in 0.0003 seconds. Added 0 classes and 0 folders.
[2018.12.28-15.59.47:885][  0]LogContentBrowser: Native class hierarchy updated for 'SceneOutliner' in 0.0004 seconds. Added 1 classes and 2 folders.
[2018.12.28-15.59.47:940][  0]LogSlate: Took 0.000202 seconds to synchronously load lazily loaded font '../../../Engine/Content/Slate/Fonts/Roboto-Regular.ttf' (155K)
[2018.12.28-15.59.47:942][  0]LogSlate: Took 0.000304 seconds to synchronously load lazily loaded font '../../../Engine/Content/Slate/Fonts/Roboto-Bold.ttf' (160K)
[2018.12.28-15.59.47:947][  0]LogSlate: Took 0.000220 seconds to synchronously load lazily loaded font '../../../Engine/Content/Editor/Slate/Fonts/FontAwesome.ttf' (139K)
[2018.12.28-15.59.48:017][  0]LogRenderer: Reallocating scene render targets to support 1208x680 Format 10 NumSamples 1 (Frame:1).
[2018.12.28-15.59.48:074][  0]LogSlate: Took 0.000153 seconds to synchronously load lazily loaded font '../../../Engine/Content/Slate/Fonts/Roboto-Light.ttf' (167K)
[2018.12.28-15.59.48:195][  0]LogContentBrowser: Native class hierarchy updated for 'HierarchicalLODOutliner' in 0.0004 seconds. Added 0 classes and 0 folders.
[2018.12.28-15.59.48:195][  0]LogLoad: (Engine Initialization) Total time: 13.63 seconds
[2018.12.28-15.59.48:195][  0]LogLoad: (Engine Initialization) Total Blueprint compile time: 0.00 seconds
[2018.12.28-15.59.48:231][  0]LogContentStreaming: Texture pool size now 1000 MB
[2018.12.28-15.59.48:273][  1]LogAssetRegistry: Asset discovery search completed in 7.7721 seconds
[2018.12.28-15.59.48:275][  1]LogCollectionManager: Rebuilt the object cache for 0 collections in 0.000000 seconds (found 0 objects)
[2018.12.28-15.59.48:275][  1]LogCollectionManager: Fixed up redirectors for 0 collections in 0.000145 seconds (updated 0 objects)
[2018.12.28-16.09.42:212][874]LogSlate: FSceneViewport::OnFocusLost() reason 0
[2018.12.28-16.09.44:594][ 39]LogTemp: Repeating last play command: Selected Viewport
[2018.12.28-16.09.44:606][ 39]LogBlueprintUserMessages: Early PlayInEditor Detection: Level '/Game/StarterContent/Maps/Minimal_Default.Minimal_Default:PersistentLevel' has LevelScriptBlueprint '/Game/StarterContent/Maps/Minimal_Default.Minimal_Default:PersistentLevel.Minimal_Default' with GeneratedClass '/Game/StarterContent/Maps/Minimal_Default.Minimal_Default_C' with ClassGeneratedBy '/Game/StarterContent/Maps/Minimal_Default.Minimal_Default:PersistentLevel.Minimal_Default'
[2018.12.28-16.09.44:606][ 39]LogPlayLevel: PlayLevel: No blueprints needed recompiling
[2018.12.28-16.09.44:634][ 39]PIE: New page: PIE session: Minimal_Default (Dec 28, 2018, 4:09:44 PM)
[2018.12.28-16.09.44:635][ 39]LogPlayLevel: Creating play world package: /Game/StarterContent/Maps/UEDPIE_1_Minimal_Default
[2018.12.28-16.09.44:639][ 39]LogPlayLevel: PIE: StaticDuplicateObject took: (0.004063s)
[2018.12.28-16.09.44:640][ 39]LogAIModule: Creating AISystem for world Minimal_Default
[2018.12.28-16.09.44:640][ 39]LogPlayLevel: PIE: World Init took: (0.001362s)
[2018.12.28-16.09.44:640][ 39]LogPlayLevel: PIE: Created PIE world by copying editor world from /Game/StarterContent/Maps/Minimal_Default.Minimal_Default to /Game/StarterContent/Maps/UEDPIE_1_Minimal_Default.Minimal_Default (0.005826s)
[2018.12.28-16.09.44:710][ 39]LogInit: XAudio2 using 'Headset Earphone (Razer ManO'War)' : 2 channels at 48 kHz using 16 bits per sample (channel mask 0x3)
[2018.12.28-16.09.44:793][ 39]LogInit: FAudioDevice initialized.
[2018.12.28-16.09.45:114][ 39]LogLoad: Game class is 'FightingGameMode_C'
[2018.12.28-16.09.45:127][ 39]LogWorld: Bringing World /Game/StarterContent/Maps/UEDPIE_1_Minimal_Default.Minimal_Default up for play (max tick rate 0) at 2018.12.28-16.09.45
[2018.12.28-16.09.45:128][ 39]LogWorld: Bringing up level for play took: 0.012221
[2018.12.28-16.09.45:172][ 39]LogContentBrowser: Native class hierarchy updated for 'MovieSceneCapture' in 0.0005 seconds. Added 10 classes and 0 folders.
[2018.12.28-16.09.45:174][ 39]LogTemp: Display: ParseSettings for GameNetDriver
[2018.12.28-16.09.45:174][ 39]LogTemp: Display: ParseSettings for IpNetDriver_0
[2018.12.28-16.09.45:174][ 39]LogTemp: Display: ParseSettings for GameNetDriver
[2018.12.28-16.09.45:175][ 39]LogNet: ReplicationDriverClass is null! Not using ReplicationDriver.
[2018.12.28-16.09.45:175][ 39]LogInit: WinSock: Socket queue 131072 / 131072
[2018.12.28-16.09.45:175][ 39]LogInit: WinSock: I am Edward (192.168.43.111:0)
[2018.12.28-16.09.45:175][ 39]PacketHandlerLog: Loaded PacketHandler component: Engine.EngineHandlerComponentFactory (StatelessConnectHandlerComponent)
[2018.12.28-16.09.45:176][ 39]LogNet: GameNetDriver IpNetDriver_0 IpNetDriver listening on port 17777
[2018.12.28-16.09.45:177][ 39]PIE: Play in editor start time for /Game/StarterContent/Maps/UEDPIE_1_Minimal_Default 1.226
[2018.12.28-16.09.45:188][ 39]PIE: New page: PIE session: Minimal_Default (Dec 28, 2018, 4:09:45 PM)
[2018.12.28-16.09.45:206][ 39]LogSlate: FSceneViewport::OnFocusLost() reason 2
[2018.12.28-16.09.45:213][ 39]LogSlate: Updating window title bar state: overlay mode, drag disabled, window buttons hidden, title bar hidden
[2018.12.28-16.09.45:295][ 39]LogNet: Browse: 127.0.0.1:17777//Game/StarterContent/Maps/Minimal_Default
[2018.12.28-16.09.45:296][ 39]LogTemp: Display: ParseSettings for GameNetDriver
[2018.12.28-16.09.45:296][ 39]LogTemp: Display: ParseSettings for IpNetDriver_1
[2018.12.28-16.09.45:296][ 39]LogTemp: Display: ParseSettings for PendingNetDriver
[2018.12.28-16.09.45:296][ 39]LogInit: WinSock: Socket queue 32768 / 32768
[2018.12.28-16.09.45:297][ 39]PacketHandlerLog: Loaded PacketHandler component: Engine.EngineHandlerComponentFactory (StatelessConnectHandlerComponent)
[2018.12.28-16.09.45:297][ 39]LogNet: Game client on port 17777, rate 10000
[2018.12.28-16.09.45:300][ 39]PIE: Play in editor start time for /Game/StarterContent/Maps/Minimal_Default 1.349
[2018.12.28-16.09.45:316][ 39]LogBlueprintUserMessages: Late PlayInEditor Detection: Level '/Game/StarterContent/Maps/Minimal_Default.Minimal_Default:PersistentLevel' has LevelScriptBlueprint '/Game/StarterContent/Maps/Minimal_Default.Minimal_Default:PersistentLevel.Minimal_Default' with GeneratedClass '/Game/StarterContent/Maps/Minimal_Default.Minimal_Default_C' with ClassGeneratedBy '/Game/StarterContent/Maps/Minimal_Default.Minimal_Default:PersistentLevel.Minimal_Default'
[2018.12.28-16.09.45:317][ 39]LogNet: NotifyAcceptingConnection accepted from: 127.0.0.1:61884
[2018.12.28-16.09.45:317][ 39]LogHandshake: SendConnectChallenge. Timestamp: 0.008335, Cookie: 173075008206142162116166064178006057216215057097156066050085
[2018.12.28-16.09.45:323][ 39]LogHandshake: SendChallengeResponse. Timestamp: 0.008335, Cookie: 173075008206142162116166064178006057216215057097156066050085
[2018.12.28-16.09.45:401][ 40]LogNet: NotifyAcceptingConnection accepted from: 127.0.0.1:61884
[2018.12.28-16.09.45:401][ 40]LogHandshake: SendChallengeAck. InCookie: 173075008206142162116166064178006057216215057097156066050085
[2018.12.28-16.09.45:401][ 40]LogNet: Server accepting post-challenge connection from: 127.0.0.1:61884
[2018.12.28-16.09.45:402][ 40]PacketHandlerLog: Loaded PacketHandler component: Engine.EngineHandlerComponentFactory (StatelessConnectHandlerComponent)
[2018.12.28-16.09.45:402][ 40]LogNet: NotifyAcceptedConnection: Name: Minimal_Default, TimeStamp: 12/28/18 16:09:45, [UNetConnection] RemoteAddr: 127.0.0.1:61884, Name: IpConnection_1, Driver: GameNetDriver IpNetDriver_0, IsServer: YES, PC: NULL, Owner: NULL, UniqueId: INVALID
[2018.12.28-16.09.45:402][ 40]LogNet: AddClientConnection: Added client connection: [UNetConnection] RemoteAddr: 127.0.0.1:61884, Name: IpConnection_1, Driver: GameNetDriver IpNetDriver_0, IsServer: YES, PC: NULL, Owner: NULL, UniqueId: INVALID
[2018.12.28-16.09.45:402][ 40]LogCharacterMovement: Warning: GetSimulationTimeStep() - Max iterations 8 hit while remaining time 0.074261 > MaxSimulationTimeStep (0.050) for 'TestPlayer_C_0', movement 'Walking'
[2018.12.28-16.09.45:404][ 40]LogNetVersion: FightingGame 1.0.0.0, NetCL: 4212847, EngineNetVer: 5, GameNetVer: 0 (Checksum: 4124689447)
[2018.12.28-16.09.45:404][ 40]LogNet: UPendingNetGame::SendInitialJoin: Sending hello. [UNetConnection] RemoteAddr: 127.0.0.1:17777, Name: IpConnection_0, Driver: PendingNetDriver IpNetDriver_1, IsServer: NO, PC: NULL, Owner: NULL, UniqueId: INVALID
[2018.12.28-16.09.45:418][ 41]LogNet: NotifyAcceptingChannel Control 0 server World /Game/StarterContent/Maps/UEDPIE_1_Minimal_Default.Minimal_Default: Accepted
[2018.12.28-16.09.45:418][ 41]LogNet: Remote platform little endian=1
[2018.12.28-16.09.45:418][ 41]LogNet: This platform little endian=1
[2018.12.28-16.09.45:442][ 42]LogNet: Login request: /Game/StarterContent/Maps/Minimal_Default?Name=Edward-D7949B4F411759B89E69E0A93170B4B1 userId: Edward-D7949B4F411759B89E69E0A93170B4B1
[2018.12.28-16.09.45:443][ 42]LogNet: Welcomed by server (Level: /Game/StarterContent/Maps/UEDPIE_1_Minimal_Default, Game: /Game/FightingGameMode.FightingGameMode_C)
[2018.12.28-16.09.45:443][ 42]LogLoad: LoadMap: 127.0.0.1:17777//Game/StarterContent/Maps/UEDPIE_1_Minimal_Default?game=/Game/FightingGameMode.FightingGameMode_C
[2018.12.28-16.09.45:468][ 42]LogAIModule: Creating AISystem for world Minimal_Default
[2018.12.28-16.09.45:468][ 42]LogTemp: Display: ParseSettings for GameNetDriver
[2018.12.28-16.09.45:469][ 42]LogWorld: Bringing World /Game/StarterContent/Maps/UEDPIE_2_Minimal_Default.Minimal_Default up for play (max tick rate 0) at 2018.12.28-16.09.45
[2018.12.28-16.09.45:469][ 42]LogWorld: Bringing up level for play took: 0.000657
[2018.12.28-16.09.45:470][ 42]LogLoad: Took 0.026376 seconds to LoadMap(/Game/StarterContent/Maps/UEDPIE_1_Minimal_Default)
[2018.12.28-16.09.45:486][ 43]LogNet: Client netspeed is 10000
[2018.12.28-16.09.45:486][ 43]LogNet: Join request: /Game/StarterContent/Maps/Minimal_Default?Name=Edward-D7949B4F411759B89E69E0A93170B4B1?SplitscreenCount=1
[2018.12.28-16.09.45:487][ 43]LogOnline: Warning: OSS: No game present to join for session (GameSession)
[2018.12.28-16.09.45:490][ 43]LogRenderer: Reallocating scene render targets to support 1280x720 Format 10 NumSamples 1 (Frame:1).
[2018.12.28-16.09.45:490][ 43]LogNet: Join succeeded: Edward-D7949B4F41175
[2018.12.28-16.09.45:555][ 48]LogOnline: Warning: OSS: No game present to join for session (GameSession)
[2018.12.28-16.09.45:569][ 49]LogOnline: Warning: OSS: No game present to join for session (GameSession)
[2018.12.28-16.09.54:602][735]LogBlueprintUserMessages: Early EndPlayMap Detection: Level '/Game/StarterContent/Maps/Minimal_Default.Minimal_Default:PersistentLevel' has LevelScriptBlueprint '/Game/StarterContent/Maps/Minimal_Default.Minimal_Default:PersistentLevel.Minimal_Default' with GeneratedClass '/Game/StarterContent/Maps/Minimal_Default.Minimal_Default_C' with ClassGeneratedBy '/Game/StarterContent/Maps/Minimal_Default.Minimal_Default:PersistentLevel.Minimal_Default'
[2018.12.28-16.09.54:602][735]LogSlate: Updating window title bar state: overlay mode, drag disabled, window buttons hidden, title bar hidden
[2018.12.28-16.09.54:615][735]LogSlate: Window 'FightingGame Game Preview Client 1 (64-bit/PCD3D_SM5)' being destroyed
[2018.12.28-16.09.54:736][735]LogOnline: Warning: OSS: No game present to leave for session (GameSession)
[2018.12.28-16.09.54:737][735]LogSlate: Updating window title bar state: overlay mode, drag disabled, window buttons hidden, title bar hidden
[2018.12.28-16.09.54:790][735]LogPlayLevel: Display: Shutting down PIE online subsystems
[2018.12.28-16.09.54:790][735]LogBlueprintUserMessages: Late EndPlayMap Detection: Level '/Game/StarterContent/Maps/Minimal_Default.Minimal_Default:PersistentLevel' has LevelScriptBlueprint '/Game/StarterContent/Maps/Minimal_Default.Minimal_Default:PersistentLevel.Minimal_Default' with GeneratedClass '/Game/StarterContent/Maps/Minimal_Default.Minimal_Default_C' with ClassGeneratedBy '/Game/StarterContent/Maps/Minimal_Default.Minimal_Default:PersistentLevel.Minimal_Default'
[2018.12.28-16.09.54:834][735]LogSlate: Updating window title bar state: overlay mode, drag disabled, window buttons hidden, title bar hidden
[2018.12.28-16.09.54:834][735]LogNet: UChannel::CleanUp: ChIndex == 0. Closing connection. [UChannel] ChIndex: 0, Closing: 0 [UNetConnection] RemoteAddr: 127.0.0.1:17777, Name: None, Driver: GameNetDriver None, IsServer: NO, PC: None, Owner: None, UniqueId: NULL:Edward-D7949B4F411759B89E69E0A93170B4B1
[2018.12.28-16.09.54:835][735]LogNet: UNetConnection::Close: [UNetConnection] RemoteAddr: 127.0.0.1:17777, Name: None, Driver: GameNetDriver None, IsServer: NO, PC: None, Owner: None, UniqueId: NULL:Edward-D7949B4F411759B89E69E0A93170B4B1, Channels: 1, Time: 2018.12.28-16.09.54
[2018.12.28-16.09.54:835][735]LogNet: UChannel::Close: Sending CloseBunch. ChIndex == 0. Name: [UChannel] ChIndex: 0, Closing: 0 [UNetConnection] RemoteAddr: 127.0.0.1:17777, Name: None, Driver: GameNetDriver None, IsServer: NO, PC: None, Owner: None, UniqueId: NULL:Edward-D7949B4F411759B89E69E0A93170B4B1
[2018.12.28-16.09.54:835][735]LogNet: UChannel::CleanUp: ChIndex == 0. Closing connection. [UChannel] ChIndex: 0, Closing: 0 [UNetConnection] RemoteAddr: 127.0.0.1:61884, Name: None, Driver: GameNetDriver None, IsServer: YES, PC: None, Owner: None, UniqueId: NULL:Edward-D7949B4F411759B89E69E0A93170B4B1
[2018.12.28-16.09.54:835][735]LogNet: UNetConnection::Close: [UNetConnection] RemoteAddr: 127.0.0.1:61884, Name: None, Driver: GameNetDriver None, IsServer: YES, PC: None, Owner: None, UniqueId: NULL:Edward-D7949B4F411759B89E69E0A93170B4B1, Channels: 1, Time: 2018.12.28-16.09.54
[2018.12.28-16.09.54:835][735]LogNet: UChannel::Close: Sending CloseBunch. ChIndex == 0. Name: [UChannel] ChIndex: 0, Closing: 0 [UNetConnection] RemoteAddr: 127.0.0.1:61884, Name: None, Driver: GameNetDriver None, IsServer: YES, PC: None, Owner: None, UniqueId: NULL:Edward-D7949B4F411759B89E69E0A93170B4B1
[2018.12.28-16.09.54:837][735]LogExit: GameNetDriver None shut down
[2018.12.28-16.09.54:838][735]LogExit: GameNetDriver None shut down
[2018.12.28-16.09.54:941][736]LogPlayLevel: Display: Destroying online subsystem :Context_2
[2018.12.28-16.09.54:941][736]LogPlayLevel: Display: Destroying online subsystem :Context_1
[2018.12.28-16.10.10:117][780]LogSlate: FSceneViewport::OnFocusLost() reason 0
[2018.12.28-16.10.10:149][784]LogTemp: Repeating last play command: Selected Viewport
[2018.12.28-16.10.10:161][784]LogBlueprintUserMessages: Early PlayInEditor Detection: Level '/Game/StarterContent/Maps/Minimal_Default.Minimal_Default:PersistentLevel' has LevelScriptBlueprint '/Game/StarterContent/Maps/Minimal_Default.Minimal_Default:PersistentLevel.Minimal_Default' with GeneratedClass '/Game/StarterContent/Maps/Minimal_Default.Minimal_Default_C' with ClassGeneratedBy '/Game/StarterContent/Maps/Minimal_Default.Minimal_Default:PersistentLevel.Minimal_Default'
[2018.12.28-16.10.10:161][784]LogPlayLevel: PlayLevel: No blueprints needed recompiling
[2018.12.28-16.10.10:174][784]PIE: New page: PIE session: Minimal_Default (Dec 28, 2018, 4:10:10 PM)
[2018.12.28-16.10.10:175][784]LogPlayLevel: Creating play world package: /Game/StarterContent/Maps/UEDPIE_1_Minimal_Default
[2018.12.28-16.10.10:179][784]LogPlayLevel: PIE: StaticDuplicateObject took: (0.004559s)
[2018.12.28-16.10.10:180][784]LogAIModule: Creating AISystem for world Minimal_Default
[2018.12.28-16.10.10:181][784]LogPlayLevel: PIE: World Init took: (0.001147s)
[2018.12.28-16.10.10:181][784]LogPlayLevel: PIE: Created PIE world by copying editor world from /Game/StarterContent/Maps/Minimal_Default.Minimal_Default to /Game/StarterContent/Maps/UEDPIE_1_Minimal_Default.Minimal_Default (0.006305s)
[2018.12.28-16.10.10:254][784]LogInit: XAudio2 using 'Headset Earphone (Razer ManO'War)' : 2 channels at 48 kHz using 16 bits per sample (channel mask 0x3)
[2018.12.28-16.10.10:330][784]LogInit: FAudioDevice initialized.
[2018.12.28-16.10.10:368][784]LogLoad: Game class is 'FightingGameMode_C'
[2018.12.28-16.10.10:370][784]LogWorld: Bringing World /Game/StarterContent/Maps/UEDPIE_1_Minimal_Default.Minimal_Default up for play (max tick rate 0) at 2018.12.28-16.10.10
[2018.12.28-16.10.10:370][784]LogWorld: Bringing up level for play took: 0.000823
[2018.12.28-16.10.10:385][784]LogTemp: Display: ParseSettings for GameNetDriver
[2018.12.28-16.10.10:385][784]LogTemp: Display: ParseSettings for IpNetDriver_2
[2018.12.28-16.10.10:385][784]LogTemp: Display: ParseSettings for GameNetDriver
[2018.12.28-16.10.10:385][784]LogNet: ReplicationDriverClass is null! Not using ReplicationDriver.
[2018.12.28-16.10.10:385][784]LogInit: WinSock: Socket queue 131072 / 131072
[2018.12.28-16.10.10:386][784]PacketHandlerLog: Loaded PacketHandler component: Engine.EngineHandlerComponentFactory (StatelessConnectHandlerComponent)
[2018.12.28-16.10.10:386][784]LogNet: GameNetDriver IpNetDriver_2 IpNetDriver listening on port 17777
[2018.12.28-16.10.10:387][784]PIE: Play in editor start time for /Game/StarterContent/Maps/UEDPIE_1_Minimal_Default 0.436
[2018.12.28-16.10.10:398][784]PIE: New page: PIE session: Minimal_Default (Dec 28, 2018, 4:10:10 PM)
[2018.12.28-16.10.10:415][784]LogSlate: FSceneViewport::OnFocusLost() reason 2
[2018.12.28-16.10.10:421][784]LogSlate: Updating window title bar state: overlay mode, drag disabled, window buttons hidden, title bar hidden
[2018.12.28-16.10.10:479][784]LogNet: Browse: 127.0.0.1:17777//Game/StarterContent/Maps/Minimal_Default
[2018.12.28-16.10.10:480][784]LogTemp: Display: ParseSettings for GameNetDriver
[2018.12.28-16.10.10:480][784]LogTemp: Display: ParseSettings for IpNetDriver_3
[2018.12.28-16.10.10:480][784]LogTemp: Display: ParseSettings for PendingNetDriver
[2018.12.28-16.10.10:480][784]LogInit: WinSock: Socket queue 32768 / 32768
[2018.12.28-16.10.10:481][784]PacketHandlerLog: Loaded PacketHandler component: Engine.EngineHandlerComponentFactory (StatelessConnectHandlerComponent)
[2018.12.28-16.10.10:481][784]LogNet: Game client on port 17777, rate 10000
[2018.12.28-16.10.10:484][784]PIE: Play in editor start time for /Game/StarterContent/Maps/Minimal_Default 0.533
[2018.12.28-16.10.10:501][784]LogBlueprintUserMessages: Late PlayInEditor Detection: Level '/Game/StarterContent/Maps/Minimal_Default.Minimal_Default:PersistentLevel' has LevelScriptBlueprint '/Game/StarterContent/Maps/Minimal_Default.Minimal_Default:PersistentLevel.Minimal_Default' with GeneratedClass '/Game/StarterContent/Maps/Minimal_Default.Minimal_Default_C' with ClassGeneratedBy '/Game/StarterContent/Maps/Minimal_Default.Minimal_Default:PersistentLevel.Minimal_Default'
[2018.12.28-16.10.10:502][784]LogNet: NotifyAcceptingConnection accepted from: 127.0.0.1:50372
[2018.12.28-16.10.10:502][784]LogHandshake: SendConnectChallenge. Timestamp: 0.008334, Cookie: 044046111231034086081243100090167127019212120105055086079050
[2018.12.28-16.10.10:504][784]LogHandshake: SendChallengeResponse. Timestamp: 0.008334, Cookie: 044046111231034086081243100090167127019212120105055086079050
[2018.12.28-16.10.10:562][785]LogNet: NotifyAcceptingConnection accepted from: 127.0.0.1:50372
[2018.12.28-16.10.10:562][785]LogHandshake: SendChallengeAck. InCookie: 044046111231034086081243100090167127019212120105055086079050
[2018.12.28-16.10.10:562][785]LogNet: Server accepting post-challenge connection from: 127.0.0.1:50372
[2018.12.28-16.10.10:563][785]PacketHandlerLog: Loaded PacketHandler component: Engine.EngineHandlerComponentFactory (StatelessConnectHandlerComponent)
[2018.12.28-16.10.10:563][785]LogNet: NotifyAcceptedConnection: Name: Minimal_Default, TimeStamp: 12/28/18 16:10:10, [UNetConnection] RemoteAddr: 127.0.0.1:50372, Name: IpConnection_3, Driver: GameNetDriver IpNetDriver_2, IsServer: YES, PC: NULL, Owner: NULL, UniqueId: INVALID
[2018.12.28-16.10.10:563][785]LogNet: AddClientConnection: Added client connection: [UNetConnection] RemoteAddr: 127.0.0.1:50372, Name: IpConnection_3, Driver: GameNetDriver IpNetDriver_2, IsServer: YES, PC: NULL, Owner: NULL, UniqueId: INVALID
[2018.12.28-16.10.10:563][785]LogCharacterMovement: Warning: GetSimulationTimeStep() - Max iterations 8 hit while remaining time 0.074260 > MaxSimulationTimeStep (0.050) for 'TestPlayer_C_0', movement 'Walking'
[2018.12.28-16.10.10:564][785]LogNet: UPendingNetGame::SendInitialJoin: Sending hello. [UNetConnection] RemoteAddr: 127.0.0.1:17777, Name: IpConnection_2, Driver: PendingNetDriver IpNetDriver_3, IsServer: NO, PC: NULL, Owner: NULL, UniqueId: INVALID
[2018.12.28-16.10.10:575][786]LogNet: NotifyAcceptingChannel Control 0 server World /Game/StarterContent/Maps/UEDPIE_1_Minimal_Default.Minimal_Default: Accepted
[2018.12.28-16.10.10:575][786]LogNet: Remote platform little endian=1
[2018.12.28-16.10.10:575][786]LogNet: This platform little endian=1
[2018.12.28-16.10.10:596][787]LogNet: Login request: /Game/StarterContent/Maps/Minimal_Default?Name=Edward-5061F81A4FBCB4BC42D2EC81AFBEA389 userId: Edward-5061F81A4FBCB4BC42D2EC81AFBEA389
[2018.12.28-16.10.10:597][787]LogNet: Welcomed by server (Level: /Game/StarterContent/Maps/UEDPIE_1_Minimal_Default, Game: /Game/FightingGameMode.FightingGameMode_C)
[2018.12.28-16.10.10:598][787]LogLoad: LoadMap: 127.0.0.1:17777//Game/StarterContent/Maps/UEDPIE_1_Minimal_Default?game=/Game/FightingGameMode.FightingGameMode_C
[2018.12.28-16.10.10:621][787]LogAIModule: Creating AISystem for world Minimal_Default
[2018.12.28-16.10.10:621][787]LogTemp: Display: ParseSettings for GameNetDriver
[2018.12.28-16.10.10:623][787]LogWorld: Bringing World /Game/StarterContent/Maps/UEDPIE_2_Minimal_Default.Minimal_Default up for play (max tick rate 0) at 2018.12.28-16.10.10
[2018.12.28-16.10.10:623][787]LogWorld: Bringing up level for play took: 0.000691
[2018.12.28-16.10.10:623][787]LogLoad: Took 0.025569 seconds to LoadMap(/Game/StarterContent/Maps/UEDPIE_1_Minimal_Default)
[2018.12.28-16.10.10:634][788]LogNet: Client netspeed is 10000
[2018.12.28-16.10.10:634][788]LogNet: Join request: /Game/StarterContent/Maps/Minimal_Default?Name=Edward-5061F81A4FBCB4BC42D2EC81AFBEA389?SplitscreenCount=1
[2018.12.28-16.10.10:635][788]LogOnline: Warning: OSS: No game present to join for session (GameSession)
[2018.12.28-16.10.10:637][788]LogNet: Join succeeded: Edward-5061F81A4FBCB
[2018.12.28-16.10.10:810][795]LogOnline: Warning: OSS: No game present to join for session (GameSession)
[2018.12.28-16.10.10:857][796]LogOnline: Warning: OSS: No game present to join for session (GameSession)
[2018.12.28-16.10.34:595][654]LogBlueprintUserMessages: Early EndPlayMap Detection: Level '/Game/StarterContent/Maps/Minimal_Default.Minimal_Default:PersistentLevel' has LevelScriptBlueprint '/Game/StarterContent/Maps/Minimal_Default.Minimal_Default:PersistentLevel.Minimal_Default' with GeneratedClass '/Game/StarterContent/Maps/Minimal_Default.Minimal_Default_C' with ClassGeneratedBy '/Game/StarterContent/Maps/Minimal_Default.Minimal_Default:PersistentLevel.Minimal_Default'
[2018.12.28-16.10.34:595][654]LogSlate: Updating window title bar state: overlay mode, drag disabled, window buttons hidden, title bar hidden
[2018.12.28-16.10.34:608][654]LogSlate: Window 'FightingGame Game Preview Client 1 (64-bit/PCD3D_SM5)' being destroyed
[2018.12.28-16.10.34:675][654]LogOnline: Warning: OSS: No game present to leave for session (GameSession)
[2018.12.28-16.10.34:675][654]LogSlate: Updating window title bar state: overlay mode, drag disabled, window buttons hidden, title bar hidden
[2018.12.28-16.10.34:769][654]LogPlayLevel: Display: Shutting down PIE online subsystems
[2018.12.28-16.10.34:769][654]LogBlueprintUserMessages: Late EndPlayMap Detection: Level '/Game/StarterContent/Maps/Minimal_Default.Minimal_Default:PersistentLevel' has LevelScriptBlueprint '/Game/StarterContent/Maps/Minimal_Default.Minimal_Default:PersistentLevel.Minimal_Default' with GeneratedClass '/Game/StarterContent/Maps/Minimal_Default.Minimal_Default_C' with ClassGeneratedBy '/Game/StarterContent/Maps/Minimal_Default.Minimal_Default:PersistentLevel.Minimal_Default'
[2018.12.28-16.10.34:788][654]LogNet: UChannel::CleanUp: ChIndex == 0. Closing connection. [UChannel] ChIndex: 0, Closing: 0 [UNetConnection] RemoteAddr: 127.0.0.1:50372, Name: IpConnection_3, Driver: GameNetDriver IpNetDriver_2, IsServer: YES, PC: None, Owner: None, UniqueId: NULL:Edward-5061F81A4FBCB4BC42D2EC81AFBEA389
[2018.12.28-16.10.34:788][654]LogNet: UNetConnection::Close: [UNetConnection] RemoteAddr: 127.0.0.1:50372, Name: IpConnection_3, Driver: GameNetDriver IpNetDriver_2, IsServer: YES, PC: None, Owner: None, UniqueId: NULL:Edward-5061F81A4FBCB4BC42D2EC81AFBEA389, Channels: 2, Time: 2018.12.28-16.10.34
[2018.12.28-16.10.34:788][654]LogNet: UChannel::Close: Sending CloseBunch. ChIndex == 0. Name: [UChannel] ChIndex: 0, Closing: 0 [UNetConnection] RemoteAddr: 127.0.0.1:50372, Name: IpConnection_3, Driver: GameNetDriver IpNetDriver_2, IsServer: YES, PC: None, Owner: None, UniqueId: NULL:Edward-5061F81A4FBCB4BC42D2EC81AFBEA389
[2018.12.28-16.10.34:788][654]LogNet: UChannel::CleanUp: ChIndex == 0. Closing connection. [UChannel] ChIndex: 0, Closing: 0 [UNetConnection] RemoteAddr: 127.0.0.1:17777, Name: IpConnection_2, Driver: GameNetDriver IpNetDriver_3, IsServer: NO, PC: None, Owner: None, UniqueId: NULL:Edward-5061F81A4FBCB4BC42D2EC81AFBEA389
[2018.12.28-16.10.34:789][654]LogNet: UNetConnection::Close: [UNetConnection] RemoteAddr: 127.0.0.1:17777, Name: IpConnection_2, Driver: GameNetDriver IpNetDriver_3, IsServer: NO, PC: None, Owner: None, UniqueId: NULL:Edward-5061F81A4FBCB4BC42D2EC81AFBEA389, Channels: 2, Time: 2018.12.28-16.10.34
[2018.12.28-16.10.34:789][654]LogNet: UChannel::Close: Sending CloseBunch. ChIndex == 0. Name: [UChannel] ChIndex: 0, Closing: 0 [UNetConnection] RemoteAddr: 127.0.0.1:17777, Name: IpConnection_2, Driver: GameNetDriver IpNetDriver_3, IsServer: NO, PC: None, Owner: None, UniqueId: NULL:Edward-5061F81A4FBCB4BC42D2EC81AFBEA389
[2018.12.28-16.10.34:840][654]LogSlate: Updating window title bar state: overlay mode, drag disabled, window buttons hidden, title bar hidden
[2018.12.28-16.10.34:841][654]LogExit: GameNetDriver None shut down
[2018.12.28-16.10.34:841][654]LogExit: GameNetDriver None shut down
[2018.12.28-16.10.34:855][655]LogPlayLevel: Display: Destroying online subsystem :Context_5
[2018.12.28-16.10.34:856][655]LogPlayLevel: Display: Destroying online subsystem :Context_4
[2018.12.28-16.10.38:374][749]LogSlate: FSceneViewport::OnFocusLost() reason 2
[2018.12.28-16.10.39:854][845]LogSlate: FSceneViewport::OnFocusLost() reason 2
[2018.12.28-16.10.42:188][845]LogTemp: Executing iPhonePackager certificates Engine -bundlename com.YourCompany.FightingGame
[2018.12.28-16.10.42:189][845]LogTemp: CWD: D:\Program Files\Epic Games\UE_4.20\Engine\Binaries\DotNET\IOS
[2018.12.28-16.10.42:189][845]LogTemp: Initial Dir: D:\Program Files\Epic Games\UE_4.20
[2018.12.28-16.10.42:189][845]LogTemp: Env CWD: D:\Program Files\Epic Games\UE_4.20\Engine\Binaries\DotNET\IOS
[2018.12.28-16.10.42:189][845]LogTemp: BranchPath = EDWARD/D/Program Files/Epic Games/UE_4.20/Engine/Binaries --- GameBranchPath = EDWARD/D/Program Files/Epic Games/UE_4.20/Engine/Binaries
[2018.12.28-16.10.42:189][845]LogTemp: IPP ERROR: Could not find provision directory 'C:\Users\John\AppData\Local/Apple Computer/MobileDevice/Provisioning Profiles/'.
[2018.12.28-16.10.42:189][845]LogSlate: Only BGRA pngs, bmps or icos are supported in by External Image Picker
[2018.12.28-16.11.45:136][291]LogSlate: Window 'Project Settings' being destroyed
