Log file open, 12/28/18 00:48:44
LogWindows: Failed to load 'aqProf.dll' (GetLastError=126)
LogWindows: File 'aqProf.dll' does not exist
LogWindows: Failed to load 'VSPerf140.dll' (GetLastError=126)
LogWindows: File 'VSPerf140.dll' does not exist
LogWindows: Failed to load 'VtuneApi.dll' (GetLastError=126)
LogWindows: File 'VtuneApi.dll' does not exist
LogWindows: Failed to load 'VtuneApi32e.dll' (GetLastError=126)
LogWindows: File 'VtuneApi32e.dll' does not exist
LogInit: Display: Running engine for game: FightingGame
LogPlatformFile: Not using cached read wrapper
LogTaskGraph: Started task graph with 5 named threads and 23 total threads with 3 sets of task threads.
LogStats: Stats thread started at 0.343445
LogD3D11RHI: Loaded GFSDK_Aftermath_Lib.x64.dll
LogICUInternationalization: Display: ICU TimeZone Detection - Raw Offset: +0:00, Platform Override: ''
LogPluginManager: Mounting plugin Paper2D
LogPluginManager: Mounting plugin AISupport
LogPluginManager: Mounting plugin LightPropagationVolume
LogPluginManager: Mounting plugin CLionSourceCodeAccess
LogPluginManager: Mounting plugin CodeLiteSourceCodeAccess
LogPluginManager: Mounting plugin GitSourceControl
LogPluginManager: Mounting plugin KDevelopSourceCodeAccess
LogPluginManager: Mounting plugin NullSourceCodeAccess
LogPluginManager: Mounting plugin PerforceSourceControl
LogPluginManager: Mounting plugin SubversionSourceControl
LogPluginManager: Mounting plugin UObjectPlugin
LogPluginManager: Mounting plugin VisualStudioCodeSourceCodeAccess
LogPluginManager: Mounting plugin VisualStudioSourceCodeAccess
LogPluginManager: Mounting plugin XCodeSourceCodeAccess
LogPluginManager: Mounting plugin AssetManagerEditor
LogPluginManager: Mounting plugin CryptoKeys
LogPluginManager: Mounting plugin DataValidation
LogPluginManager: Mounting plugin FacialAnimation
LogPluginManager: Mounting plugin GameplayTagsEditor
LogPluginManager: Mounting plugin MacGraphicsSwitching
LogPluginManager: Mounting plugin MeshEditor
LogPluginManager: Mounting plugin MobileLauncherProfileWizard
LogPluginManager: Mounting plugin PluginBrowser
LogPluginManager: Mounting plugin SpeedTreeImporter
LogPluginManager: Mounting plugin DatasmithContent
LogPluginManager: Mounting plugin AlembicImporter
LogPluginManager: Mounting plugin AppleImageUtils
LogPluginManager: Mounting plugin AppleVision
LogPluginManager: Mounting plugin BackChannel
LogPluginManager: Mounting plugin CharacterAI
LogPluginManager: Mounting plugin GeometryCache
LogPluginManager: Mounting plugin HTML5Networking
LogPluginManager: Mounting plugin ProxyLODPlugin
LogPluginManager: Mounting plugin MagicLeap
LogPluginManager: Mounting plugin MagicLeapEmulator
LogPluginManager: Mounting plugin MagicLeapMedia
LogPluginManager: Mounting plugin AndroidMedia
LogPluginManager: Mounting plugin AvfMedia
LogPluginManager: Mounting plugin ImgMedia
LogPluginManager: Mounting plugin LinearTimecode
LogPluginManager: Mounting plugin MediaCompositing
LogPluginManager: Mounting plugin MediaPlayerEditor
LogPluginManager: Mounting plugin WmfMedia
LogPluginManager: Mounting plugin TcpMessaging
LogPluginManager: Mounting plugin UdpMessaging
LogPluginManager: Mounting plugin ActorSequence
LogPluginManager: Mounting plugin LevelSequenceEditor
LogPluginManager: Mounting plugin MatineeToLevelSequence
LogPluginManager: Mounting plugin NetcodeUnitTest
LogPluginManager: Mounting plugin NUTUnrealEngine4
LogPluginManager: Mounting plugin OnlineSubsystemGooglePlay
LogPluginManager: Mounting plugin OnlineSubsystemIOS
LogPluginManager: Mounting plugin OnlineSubsystem
LogPluginManager: Mounting plugin OnlineSubsystemNull
LogPluginManager: Mounting plugin OnlineSubsystemUtils
LogPluginManager: Mounting plugin LauncherChunkInstaller
LogPluginManager: Mounting plugin AndroidDeviceProfileSelector
LogPluginManager: Mounting plugin AndroidMoviePlayer
LogPluginManager: Mounting plugin AndroidPermission
LogPluginManager: Mounting plugin AppleMoviePlayer
LogPluginManager: Mounting plugin ArchVisCharacter
LogPluginManager: Mounting plugin AudioCapture
LogPluginManager: Mounting plugin CableComponent
LogPluginManager: Mounting plugin CustomMeshComponent
LogPluginManager: Mounting plugin EditableMesh
LogPluginManager: Mounting plugin ExampleDeviceProfileSelector
LogPluginManager: Mounting plugin GoogleCloudMessaging
LogPluginManager: Mounting plugin ImmediatePhysics
LogPluginManager: Mounting plugin IOSDeviceProfileSelector
LogPluginManager: Mounting plugin LinuxDeviceProfileSelector
LogPluginManager: Mounting plugin LocationServicesBPLibrary
LogPluginManager: Mounting plugin MobilePatchingUtils
LogPluginManager: Mounting plugin OculusVR
LogPluginManager: Plugin shader directory ../../../Engine/Plugins/Runtime/Oculus/OculusVR/Shaders found
LogPluginManager: Mapping shader source directory ../../../Engine/Plugins/Runtime/Oculus/OculusVR/Shaders to virtual directory /Plugin/OculusVR
LogPluginManager: Mounting plugin PhysXVehicles
LogPluginManager: Mounting plugin ProceduralMeshComponent
LogPluginManager: Mounting plugin RuntimePhysXCooking
LogPluginManager: Mounting plugin SteamVR
LogPluginManager: Mounting plugin WindowsMoviePlayer
LogStreaming: Display: Took  0.189s to configure plugins.
LogInit: Using libcurl 7.55.1-DEV
LogInit:  - built for x86_64-pc-win32
LogInit:  - supports SSL with OpenSSL/1.0.2h
LogInit:  - supports HTTP deflate (compression) using libz 1.2.8
LogInit:  - other features:
LogInit:      CURL_VERSION_SSL
LogInit:      CURL_VERSION_LIBZ
LogInit:      CURL_VERSION_IPV6
LogInit:      CURL_VERSION_ASYNCHDNS
LogInit:      CURL_VERSION_LARGEFILE
LogInit:      CURL_VERSION_IDN
LogInit:  CurlRequestOptions (configurable via config and command line):
LogInit:  - bVerifyPeer = false  - Libcurl will NOT verify peer certificate
LogInit:  - bUseHttpProxy = false  - Libcurl will NOT use HTTP proxy
LogInit:  - bDontReuseConnections = false  - Libcurl will reuse connections
LogInit:  - CertBundlePath = nullptr  - Libcurl will use whatever was configured at build time.
LogInit:  - MaxHostConnections = 16  - Libcurl will limit the number of connections to a host
LogInit:  - LocalHostAddr = Default
LogInit:  - BufferSize = 65536
LogInit: WinSock: version 1.1 (2.2), MaxSocks=32767, MaxUdp=65467
LogInit: Build: ++UE4+Release-4.20-CL-4369336
LogInit: Engine Version: 4.20.3-4369336+++UE4+Release-4.20
LogInit: Compatible Engine Version: 4.20.0-4212847+++UE4+Release-4.20
LogInit: Net CL: 4212847
LogInit: OS: Windows 10 (), CPU: AMD FX(tm)-8320 Eight-Core Processor           , GPU: AMD Radeon HD 7800 Series
LogInit: Compiled (64-bit): Sep 17 2018 12:26:19
LogInit: Compiled with Visual C++: 19.13.26129.00
LogInit: Build Configuration: Development
LogInit: Branch Name: ++UE4+Release-4.20
LogInit: Command Line:  
LogInit: Base Directory: C:/Program Files/Epic Games/UE_4.20/Engine/Binaries/Win64/
LogInit: Installed Engine Build: 1
LogDevObjectVersion: Number of dev versions registered: 20
LogDevObjectVersion:   Dev-Blueprints (B0D832E4-1F89-4F0D-ACCF-7EB736FD4AA2): 10
LogDevObjectVersion:   Dev-Build (E1C64328-A22C-4D53-A36C-8E866417BD8C): 0
LogDevObjectVersion:   Dev-Core (375EC13C-06E4-48FB-B500-84F0262A717E): 2
LogDevObjectVersion:   Dev-Editor (E4B068ED-F494-42E9-A231-DA0B2E46BB41): 24
LogDevObjectVersion:   Dev-Framework (CFFC743F-43B0-4480-9391-14DF171D2073): 34
LogDevObjectVersion:   Dev-Mobile (B02B49B5-BB20-44E9-A304-32B752E40360): 2
LogDevObjectVersion:   Dev-Networking (A4E4105C-59A1-49B5-A7C5-40C4547EDFEE): 0
LogDevObjectVersion:   Dev-Online (39C831C9-5AE6-47DC-9A44-9C173E1C8E7C): 0
LogDevObjectVersion:   Dev-Physics (78F01B33-EBEA-4F98-B9B4-84EACCB95AA2): 0
LogDevObjectVersion:   Dev-Platform (6631380F-2D4D-43E0-8009-CF276956A95A): 0
LogDevObjectVersion:   Dev-Rendering (12F88B9F-8875-4AFC-A67C-D90C383ABD29): 26
LogDevObjectVersion:   Dev-Sequencer (7B5AE74C-D270-4C10-A958-57980B212A5A): 9
LogDevObjectVersion:   Dev-VR (D7296918-1DD6-4BDD-9DE2-64A83CC13884): 2
LogDevObjectVersion:   Dev-LoadTimes (C2A15278-BFE7-4AFE-6C17-90FF531DF755): 1
LogDevObjectVersion:   Private-Geometry (6EACA3D4-40EC-4CC1-B786-8BED09428FC5): 3
LogDevObjectVersion:   Dev-AnimPhys (29E575DD-E0A3-4627-9D10-D276232CDCEA): 17
LogDevObjectVersion:   Dev-ReflectionCapture (6B266CEC-1EC7-4B8F-A30B-E4D90942FC07): 1
LogDevObjectVersion:   Dev-Automation (0DF73D61-A23F-47EA-B727-89E90C41499A): 1
LogDevObjectVersion:   FortniteMain (601D1886-AC64-4F84-AA16-D3DE0DEAC7D6): 12
LogDevObjectVersion:   Dev-Enterprise (9DFFBCD6-494F-0158-E221-12823C92A888): 1
LogStreaming: Display: Took  0.002s to delete old logs.
LogInit: Presizing for max 8388607 objects, including 0 objects not considered by GC, pre-allocating 0 bytes for permanent pool.
LogInit: Object subsystem initialized
[2018.12.28-00.48.45:358][  0]LogInit: Selected Device Profile: [Windows]
[2018.12.28-00.48.45:358][  0]LogInit: Applying CVar settings loaded from the selected device profile: [Windows]
[2018.12.28-00.48.45:373][  0]LogHAL: Display: Platform has ~ 16 GB [17160523776 / 17179869184 / 16], which maps to Larger [LargestMinGB=32, LargerMinGB=12, DefaultMinGB=8, SmallerMinGB=6, SmallestMinGB=0)
[2018.12.28-00.48.45:373][  0]LogInit: Setting Device Profile CVar: [[r.Vulkan.UseRealUBs:1]]
[2018.12.28-00.48.45:373][  0]LogInit: Going up to parent DeviceProfile []
[2018.12.28-00.48.45:374][  0]LogInit: Computer: DESKTOP-OK86UV6
[2018.12.28-00.48.45:374][  0]LogInit: User: cynic
[2018.12.28-00.48.45:374][  0]LogInit: CPU Page size=4096, Cores=4
[2018.12.28-00.48.45:374][  0]LogInit: High frequency timer resolution =3.433156 MHz
[2018.12.28-00.48.45:374][  0]LogMemory: Memory total: Physical=16.0GB (16GB approx)
[2018.12.28-00.48.45:374][  0]LogMemory: Platform Memory Stats for Windows
[2018.12.28-00.48.45:374][  0]LogMemory: Process Physical Memory: 100.65 MB used, 100.65 MB peak
[2018.12.28-00.48.45:374][  0]LogMemory: Process Virtual Memory: 89.39 MB used, 89.39 MB peak
[2018.12.28-00.48.45:374][  0]LogMemory: Physical Memory: 5053.48 MB used,  11312.07 MB free, 16365.55 MB total
[2018.12.28-00.48.45:374][  0]LogMemory: Virtual Memory: 4624.50 MB used,  11312.07 MB free, 134217728.00 MB total
[2018.12.28-00.48.45:400][  0]LogInit: Using OS detected language (en-GB).
[2018.12.28-00.48.45:400][  0]LogInit: Using OS detected locale (en-GB).
[2018.12.28-00.48.45:402][  0]LogTextLocalizationManager: No specific localization for 'en-GB' exists, so the 'en' localization will be used.
[2018.12.28-00.48.45:881][  0]LogStreaming: Display: Took  0.481s to InitEngineTextLocalization.
[2018.12.28-00.48.45:881][  0]LogInit: Setting process to per monitor DPI aware
[2018.12.28-00.48.45:932][  0]LogSlate: New Slate User Created.  User Index 0, Is Virtual User: 0
[2018.12.28-00.48.45:932][  0]LogSlate: Slate User Registered.  User Index 0, Is Virtual User: 0
[2018.12.28-00.48.46:286][  0]LogHMD: Failed to initialize OpenVR with code 105
[2018.12.28-00.48.46:286][  0]LogD3D11RHI: D3D11 adapters:
[2018.12.28-00.48.46:312][  0]LogD3D11RHI:    0. 'AMD Radeon HD 7800 Series' (Feature Level 11_0)
[2018.12.28-00.48.46:313][  0]LogD3D11RHI:       2028/0/8182 MB DedicatedVideo/DedicatedSystem/SharedSystem, Outputs:1, VendorId:0x1002
[2018.12.28-00.48.46:316][  0]LogD3D11RHI:    1. 'Microsoft Basic Render Driver' (Feature Level 11_0)
[2018.12.28-00.48.46:316][  0]LogD3D11RHI:       0/0/8182 MB DedicatedVideo/DedicatedSystem/SharedSystem, Outputs:0, VendorId:0x1414
[2018.12.28-00.48.46:316][  0]LogD3D11RHI: Chosen D3D11 Adapter: 0
[2018.12.28-00.48.46:325][  0]LogD3D11RHI: Creating new Direct3DDevice
[2018.12.28-00.48.46:325][  0]LogD3D11RHI:     GPU DeviceId: 0x6818 (for the marketing name, search the web for "GPU Device Id")
[2018.12.28-00.48.46:325][  0]LogWindows: EnumDisplayDevices:
[2018.12.28-00.48.46:325][  0]LogWindows:    0. 'AMD Radeon HD 7800 Series' (P:1 D:1)
[2018.12.28-00.48.46:326][  0]LogWindows:    1. 'AMD Radeon HD 7800 Series' (P:0 D:0)
[2018.12.28-00.48.46:326][  0]LogWindows:    2. 'AMD Radeon HD 7800 Series' (P:0 D:0)
[2018.12.28-00.48.46:327][  0]LogWindows:    3. 'AMD Radeon HD 7800 Series' (P:0 D:0)
[2018.12.28-00.48.46:328][  0]LogWindows:    4. 'AMD Radeon HD 7800 Series' (P:0 D:0)
[2018.12.28-00.48.46:328][  0]LogWindows:    5. 'AMD Radeon HD 7800 Series' (P:0 D:0)
[2018.12.28-00.48.46:329][  0]LogWindows:    6. 'AMD Radeon HD 7800 Series' (P:0 D:0)
[2018.12.28-00.48.46:330][  0]LogWindows:    7. 'AMD Radeon HD 7800 Series' (P:0 D:0)
[2018.12.28-00.48.46:330][  0]LogWindows:    8. 'AMD Radeon HD 7800 Series' (P:0 D:0)
[2018.12.28-00.48.46:331][  0]LogWindows:    9. 'AMD Radeon HD 7800 Series' (P:0 D:0)
[2018.12.28-00.48.46:331][  0]LogWindows:    10. 'AMD Radeon HD 7800 Series' (P:0 D:0)
[2018.12.28-00.48.46:332][  0]LogWindows:    11. 'AMD Radeon HD 7800 Series' (P:0 D:0)
[2018.12.28-00.48.46:333][  0]LogWindows:    12. 'AMD Radeon HD 7800 Series' (P:0 D:0)
[2018.12.28-00.48.46:334][  0]LogWindows:    13. 'AMD Radeon HD 7800 Series' (P:0 D:0)
[2018.12.28-00.48.46:335][  0]LogWindows:    14. 'AMD Radeon HD 7800 Series' (P:0 D:0)
[2018.12.28-00.48.46:335][  0]LogWindows:    15. 'AMD Radeon HD 7800 Series' (P:0 D:0)
[2018.12.28-00.48.46:336][  0]LogWindows: DebugString: FoundDriverCount:16 
[2018.12.28-00.48.46:336][  0]LogD3D11RHI:     Adapter Name: AMD Radeon HD 7800 Series
[2018.12.28-00.48.46:336][  0]LogD3D11RHI:   Driver Version: Adrenalin 18.5.1 (internal:24.20.11016.4, unified:24.20.11016.4)
[2018.12.28-00.48.46:336][  0]LogD3D11RHI:      Driver Date: 5-16-2018
[2018.12.28-00.48.46:336][  0]LogRHI: Texture pool is 1419 MB (70% of 2028 MB)
[2018.12.28-00.48.46:412][  0]LogD3D11RHI: Async texture creation enabled
[2018.12.28-00.48.46:426][  0]LogD3D11RHI: GPU Timing Frequency: 27.000000 (Debug: 2 1)
[2018.12.28-00.48.46:428][  0]LogShaderCompilers: Guid format shader working directory is 5 characters bigger than the processId version (E:/Github Work/FightingGame/FightingGame/Intermediate/Shaders/WorkingDirectory/15000/).
[2018.12.28-00.48.46:429][  0]LogShaderCompilers: Cleaned the shader compiler working directory 'C:/Users/cynic/AppData/Local/Temp/UnrealShaderWorkingDir/CB4CF1254F5414C2C363D1AAE35B6032/'.
[2018.12.28-00.48.46:810][  0]LogTemp: Display: Loaded TP AllDesktopTargetPlatform
[2018.12.28-00.48.46:835][  0]LogTemp: Display: Loaded TP MacClientTargetPlatform
[2018.12.28-00.48.46:859][  0]LogTemp: Display: Loaded TP MacNoEditorTargetPlatform
[2018.12.28-00.48.46:883][  0]LogTemp: Display: Loaded TP MacServerTargetPlatform
[2018.12.28-00.48.46:908][  0]LogTemp: Display: Loaded TP MacTargetPlatform
[2018.12.28-00.48.46:933][  0]LogTemp: Display: Loaded TP WindowsClientTargetPlatform
[2018.12.28-00.48.46:957][  0]LogTemp: Display: Loaded TP WindowsNoEditorTargetPlatform
[2018.12.28-00.48.46:981][  0]LogTemp: Display: Loaded TP WindowsServerTargetPlatform
[2018.12.28-00.48.46:993][  0]LogTemp: Display: Loaded TP WindowsTargetPlatform
[2018.12.28-00.48.47:122][  0]LogTemp: Display: Loaded TP AndroidTargetPlatform
[2018.12.28-00.48.47:122][  0]LogTemp: Display: Loaded TP AndroidTargetPlatform
[2018.12.28-00.48.47:122][  0]LogTemp: Display: Loaded TP AndroidTargetPlatform
[2018.12.28-00.48.47:122][  0]LogTemp: Display: Loaded TP AndroidTargetPlatform
[2018.12.28-00.48.47:122][  0]LogTemp: Display: Loaded TP AndroidTargetPlatform
[2018.12.28-00.48.47:122][  0]LogTemp: Display: Loaded TP AndroidTargetPlatform
[2018.12.28-00.48.47:122][  0]LogTemp: Display: Loaded TP AndroidTargetPlatform
[2018.12.28-00.48.47:122][  0]LogTemp: Display: Loaded TP AndroidTargetPlatform
[2018.12.28-00.48.47:122][  0]LogTemp: Display: Loaded TP AndroidTargetPlatform
[2018.12.28-00.48.47:122][  0]LogTemp: Display: Loaded TP AndroidTargetPlatform
[2018.12.28-00.48.47:122][  0]LogTemp: Display: Loaded TP AndroidTargetPlatform
[2018.12.28-00.48.47:122][  0]LogTemp: Display: Loaded TP AndroidTargetPlatform
[2018.12.28-00.48.47:122][  0]LogTemp: Display: Loaded TP AndroidTargetPlatform
[2018.12.28-00.48.47:122][  0]LogTemp: Display: Loaded TP AndroidTargetPlatform
[2018.12.28-00.48.47:122][  0]LogTemp: Display: Loaded TP AndroidTargetPlatform
[2018.12.28-00.48.47:122][  0]LogTemp: Display: Loaded TP AndroidTargetPlatform
[2018.12.28-00.48.47:122][  0]LogTemp: Display: Loaded TP AndroidTargetPlatform
[2018.12.28-00.48.47:122][  0]LogTemp: Display: Loaded TP AndroidTargetPlatform
[2018.12.28-00.48.47:124][  0]LogTemp: Display: Loaded TP HTML5TargetPlatform
[2018.12.28-00.48.47:205][  0]LogTemp: Display: Loaded TP IOSTargetPlatform
[2018.12.28-00.48.47:205][  0]LogTemp: Display: Loaded TP IOSTargetPlatform
[2018.12.28-00.48.47:247][  0]LogTemp: Display: Loaded TP TVOSTargetPlatform
[2018.12.28-00.48.47:247][  0]LogTemp: Display: Loaded TP TVOSTargetPlatform
[2018.12.28-00.48.47:272][  0]LogTemp: Display: Loaded TP LinuxClientTargetPlatform
[2018.12.28-00.48.47:295][  0]LogTemp: Display: Loaded TP LinuxNoEditorTargetPlatform
[2018.12.28-00.48.47:317][  0]LogTemp: Display: Loaded TP LinuxServerTargetPlatform
[2018.12.28-00.48.47:340][  0]LogTemp: Display: Loaded TP LinuxTargetPlatform
[2018.12.28-00.48.47:355][  0]LogTemp: Display: Loaded TP LuminTargetPlatform
[2018.12.28-00.48.47:355][  0]LogTargetPlatformManager: Display: Building Assets For Windows
[2018.12.28-00.48.47:466][  0]LogXGEController: Cleaning working directory: C:/Users/cynic/AppData/Local/Temp/UnrealXGEWorkingDir/
[2018.12.28-00.48.47:466][  0]LogXGEController: Cannot use XGE Controller as Incredibuild is not installed on this machine.
[2018.12.28-00.48.47:466][  0]LogShaderCompilers: Cannot use XGE Shader Compiler as Incredibuild is not installed on this machine.
[2018.12.28-00.48.47:466][  0]LogShaderCompilers: Display: Using Local Shader Compiler.
[2018.12.28-00.48.48:698][  0]LogDerivedDataCache: Display: Max Cache Size: 512 MB
[2018.12.28-00.48.48:786][  0]LogDerivedDataCache: Loaded boot cache 0.09s 71MB C:/Users/cynic/AppData/Local/UnrealEngine/4.20/DerivedDataCache/Boot.ddc.
[2018.12.28-00.48.48:786][  0]LogDerivedDataCache: Display: Loaded Boot cache: C:/Users/cynic/AppData/Local/UnrealEngine/4.20/DerivedDataCache/Boot.ddc
[2018.12.28-00.48.48:786][  0]LogDerivedDataCache: FDerivedDataBackendGraph:  Pak pak cache file E:/Github Work/FightingGame/FightingGame/DerivedDataCache/DDC.ddp not found, will not use a pak cache.
[2018.12.28-00.48.48:786][  0]LogDerivedDataCache: Unable to find inner node Pak for hierarchical cache Hierarchy.
[2018.12.28-00.48.48:786][  0]LogDerivedDataCache: FDerivedDataBackendGraph:  CompressedPak pak cache file E:/Github Work/FightingGame/FightingGame/DerivedDataCache/Compressed.ddp not found, will not use a pak cache.
[2018.12.28-00.48.48:786][  0]LogDerivedDataCache: Unable to find inner node CompressedPak for hierarchical cache Hierarchy.
[2018.12.28-00.48.48:803][  0]LogDerivedDataCache: Display: Pak cache opened for reading ../../../Engine/DerivedDataCache/Compressed.ddp.
[2018.12.28-00.48.48:816][  0]LogDerivedDataCache: Using Local data cache path C:/Users/cynic/AppData/Local/UnrealEngine/Common/DerivedDataCache: Writable
[2018.12.28-00.48.48:816][  0]LogDerivedDataCache: Shared data cache path not found in *engine.ini, will not use an Shared cache.
[2018.12.28-00.48.48:816][  0]LogDerivedDataCache: Unable to find inner node Shared for hierarchical cache Hierarchy.
[2018.12.28-00.48.48:847][  0]LogMaterial: Verifying Global Shaders for PCD3D_SM5
[2018.12.28-00.48.48:848][  0]LogSlate: Using FreeType 2.6.0
[2018.12.28-00.48.48:849][  0]LogSlate: SlateFontServices - WITH_FREETYPE: 1, WITH_HARFBUZZ: 1
[2018.12.28-00.48.48:957][  0]LogAssetRegistry: FAssetRegistry took 0.0298 seconds to start up
[2018.12.28-00.48.49:521][  0]LogInit: Selected Device Profile: [Windows]
[2018.12.28-00.48.49:709][  0]LogSimplygon: Simplygon DLL not present - disabling.
[2018.12.28-00.48.49:715][  0]LogMeshReduction: Using SimplygonSwarm for distributed automatic mesh merging
[2018.12.28-00.48.49:715][  0]LogMeshReduction: Using ProxyLODMeshReduction for automatic mesh merging
[2018.12.28-00.48.49:715][  0]LogMeshReduction: Using QuadricMeshReduction for automatic static mesh reduction
[2018.12.28-00.48.49:715][  0]LogMeshReduction: No automatic skeletal mesh reduction module available
[2018.12.28-00.48.49:742][  0]LogNetVersion: FightingGame 1.0.0, NetCL: 4212847, EngineNetVer: 5, GameNetVer: 0 (Checksum: 156865789)
[2018.12.28-00.48.50:449][  0]LogPackageLocalizationCache: Processed 11 localized package path(s) for 2 prioritized culture(s) in 0.138668 seconds
[2018.12.28-00.48.50:458][  0]LogUObjectArray: 38425 objects as part of root set at end of initial load.
[2018.12.28-00.48.50:458][  0]LogUObjectAllocator: 6690864 out of 0 bytes used by permanent object pool.
[2018.12.28-00.48.50:458][  0]LogUObjectArray: CloseDisregardForGC: 0/0 objects in disregard for GC pool
[2018.12.28-00.48.51:800][  0]LogTcpMessaging: Initializing TcpMessaging bridge
[2018.12.28-00.48.51:815][  0]LogUdpMessaging: Initializing bridge on interface 0.0.0.0:0 to multicast group 230.0.0.1:6666.
[2018.12.28-00.48.52:014][  0]SourceControl: Source control is disabled
[2018.12.28-00.48.52:014][  0]SourceControl: Source control is disabled
[2018.12.28-00.48.52:017][  0]SourceControl: Source control is disabled
[2018.12.28-00.48.52:018][  0]SourceControl: Source control is disabled
[2018.12.28-00.48.52:243][  0]LogAndroidPermission: UAndroidPermissionCallbackProxy::GetInstance
[2018.12.28-00.48.52:357][  0]LogOcInput: OculusInput pre-init called
[2018.12.28-00.48.52:444][  0]LogEngine: Initializing Engine...
[2018.12.28-00.48.52:449][  0]LogHMD: Failed to initialize OpenVR with code 105
[2018.12.28-00.48.52:452][  0]LogStats: UGameplayTagsManager::ConstructGameplayTagTree: ImportINI prefixes -  0.000 s
[2018.12.28-00.48.52:452][  0]LogStats: UGameplayTagsManager::ConstructGameplayTagTree: Construct from data asset -  0.000 s
[2018.12.28-00.48.52:453][  0]LogStats: UGameplayTagsManager::ConstructGameplayTagTree: ImportINI -  0.000 s
[2018.12.28-00.48.52:453][  0]LogStats: UGameplayTagsManager::ConstructGameplayTagTree: GameplayTagTreeChangedEvent.Broadcast -  0.000 s
[2018.12.28-00.48.52:735][  0]LogInit: Initializing FReadOnlyCVARCache
[2018.12.28-00.48.52:762][  0]LogAIModule: Creating AISystem for world Untitled
[2018.12.28-00.48.52:797][  0]LogInit: XAudio2 using 'Digital Audio (S/PDIF) (2- High Definition Audio Device)' : 2 channels at 48 kHz using 16 bits per sample (channel mask 0x3)
[2018.12.28-00.48.52:839][  0]LogInit: FAudioDevice initialized.
[2018.12.28-00.48.52:840][  0]LogNetVersion: Set ProjectVersion to 1.0.0.0. Version Checksum will be recalculated on next use.
[2018.12.28-00.48.52:988][  0]LogDerivedDataCache: Saved boot cache 0.15s 71MB C:/Users/cynic/AppData/Local/UnrealEngine/4.20/DerivedDataCache/Boot.ddc.
[2018.12.28-00.48.53:001][  0]LogInit: Texture streaming: Enabled
[2018.12.28-00.48.53:035][  0]LogEngineSessionManager: EngineSessionManager initialized
[2018.12.28-00.48.53:035][  0]LogEngineSessionManager: EngineSessionManager sent abnormal shutdown report. Type=Debugger, SessionId={E612C689-451D-AA4C-076C-FA967F1A764C}
[2018.12.28-00.48.53:056][  0]LogInit: Transaction tracking system initialized
[2018.12.28-00.48.53:102][  0]BlueprintLog: New page: Editor Load
[2018.12.28-00.48.53:246][  0]LocalizationService: Localization service is disabled
[2018.12.28-00.48.53:327][  0]LogLinker: Warning: Can't find file '/Game/TopDownBP/TopDownOverview'
[2018.12.28-00.48.53:327][  0]LogLinker: Warning: Can't find file '/Game/TopDownBP/TopDownOverview'
[2018.12.28-00.48.53:327][  0]LogUObjectGlobals: Warning: Failed to find object 'Class /Game/TopDownBP/TopDownOverview.TopDownOverview_C'
[2018.12.28-00.48.53:626][  0]LogCook: Display: Max memory allowance for cook 16384mb min free memory 0mb
[2018.12.28-00.48.53:626][  0]LogCook: Display: Mobile HDR setting 1
[2018.12.28-00.48.53:626][  0]LogGameplayTags: Display: UGameplayTagsManager::DoneAddingNativeTags. DelegateIsBound: 0
[2018.12.28-00.48.53:626][  0]LogStats: UGameplayTagsManager::ConstructGameplayTagTree: ImportINI prefixes -  0.000 s
[2018.12.28-00.48.53:626][  0]LogStats: UGameplayTagsManager::ConstructGameplayTagTree: Construct from data asset -  0.000 s
[2018.12.28-00.48.53:627][  0]LogStats: UGameplayTagsManager::ConstructGameplayTagTree: ImportINI -  0.000 s
[2018.12.28-00.48.53:627][  0]LogStats: UGameplayTagsManager::ConstructGameplayTagTree: GameplayTagTreeChangedEvent.Broadcast -  0.000 s
[2018.12.28-00.48.53:865][  0]LogFileCache: Scanning file cache for directory 'E:/Github Work/FightingGame/FightingGame/Content/' took 0.02s
[2018.12.28-00.48.53:865][  0]SourceControl: Source control is disabled
[2018.12.28-00.48.53:865][  0]Cmd: MAP LOAD FILE="E:/Github Work/FightingGame/FightingGame/Content/StarterContent/Maps/Minimal_Default.umap" TEMPLATE=0 SHOWPROGRESS=1 FEATURELEVEL=3
[2018.12.28-00.48.53:866][  0]LightingResults: New page: Lighting Build
[2018.12.28-00.48.53:878][  0]MapCheck: New page: Map Check
[2018.12.28-00.48.53:878][  0]LightingResults: New page: Lighting Build
[2018.12.28-00.48.54:474][  0]LogAIModule: Creating AISystem for world Minimal_Default
[2018.12.28-00.48.54:484][  0]LogEditorServer: Finished looking for orphan Actors (0.000 secs)
[2018.12.28-00.48.54:607][  0]Cmd: MAP CHECKDEP NOCLEARLOG
[2018.12.28-00.48.54:747][  0]MapCheck: Map check complete: 0 Error(s), 0 Warning(s), took 140.613ms to complete.
[2018.12.28-00.48.54:748][  0]LogFileHelpers: Loading map 'Minimal_Default' took 0.883
[2018.12.28-00.48.54:886][  0]LogSlate: Updating window title bar state: overlay mode, drag disabled, window buttons hidden, title bar hidden
[2018.12.28-00.48.54:896][  0]LogSlate: Updating window title bar state: overlay mode, drag disabled, window buttons hidden, title bar hidden
[2018.12.28-00.48.54:907][  0]LogSlate: Updating window title bar state: overlay mode, drag disabled, window buttons hidden, title bar hidden
[2018.12.28-00.48.54:918][  0]LogSlate: Updating window title bar state: overlay mode, drag disabled, window buttons hidden, title bar hidden
[2018.12.28-00.48.54:931][  0]LogCollectionManager: Loaded 0 collections in 0.004081 seconds
[2018.12.28-00.48.54:987][  0]LogFileCache: Scanning file cache for directory 'E:/Github Work/FightingGame/FightingGame/Saved/Collections/' took 0.01s
[2018.12.28-00.48.54:987][  0]LogFileCache: Scanning file cache for directory 'E:/Github Work/FightingGame/FightingGame/Content/Developers/cynic/Collections/' took 0.01s
[2018.12.28-00.48.54:987][  0]LogFileCache: Scanning file cache for directory 'E:/Github Work/FightingGame/FightingGame/Content/Collections/' took 0.01s
[2018.12.28-00.48.54:987][  0]LogCollectionManager: Rebuilt the GUID cache for 0 collections in 0.000000 seconds
[2018.12.28-00.48.55:008][  0]LogContentBrowser: Native class hierarchy populated in 0.0203 seconds. Added 2577 classes and 605 folders.
[2018.12.28-00.48.55:020][  0]LogContentBrowser: Native class hierarchy updated for 'WidgetCarousel' in 0.0008 seconds. Added 0 classes and 0 folders.
[2018.12.28-00.48.55:139][  0]LogContentBrowser: Native class hierarchy updated for 'AddContentDialog' in 0.0008 seconds. Added 0 classes and 0 folders.
[2018.12.28-00.48.55:148][  0]LogContentBrowser: Native class hierarchy updated for 'SceneOutliner' in 0.0009 seconds. Added 1 classes and 2 folders.
[2018.12.28-00.48.55:169][  0]LogSlate: Took 0.000393 seconds to synchronously load lazily loaded font '../../../Engine/Content/Slate/Fonts/Roboto-Regular.ttf' (155K)
[2018.12.28-00.48.55:171][  0]LogSlate: Took 0.000310 seconds to synchronously load lazily loaded font '../../../Engine/Content/Slate/Fonts/Roboto-Bold.ttf' (160K)
[2018.12.28-00.48.55:179][  0]LogSlate: Took 0.000446 seconds to synchronously load lazily loaded font '../../../Engine/Content/Editor/Slate/Fonts/FontAwesome.ttf' (139K)
[2018.12.28-00.48.55:297][  0]LogRenderer: Reallocating scene render targets to support 1208x576 Format 10 NumSamples 1 (Frame:1).
[2018.12.28-00.48.55:369][  0]LogSlate: Took 0.000315 seconds to synchronously load lazily loaded font '../../../Engine/Content/Slate/Fonts/Roboto-Light.ttf' (167K)
[2018.12.28-00.48.55:490][  0]LogContentBrowser: Native class hierarchy updated for 'HierarchicalLODOutliner' in 0.0008 seconds. Added 0 classes and 0 folders.
[2018.12.28-00.48.55:490][  0]LogLoad: (Engine Initialization) Total time: 13.48 seconds
[2018.12.28-00.48.55:490][  0]LogLoad: (Engine Initialization) Total Blueprint compile time: 0.00 seconds
[2018.12.28-00.48.55:530][  0]LogContentStreaming: Texture pool size now 1000 MB
[2018.12.28-00.48.55:639][  2]LogAssetRegistry: Asset discovery search completed in 6.7041 seconds
[2018.12.28-00.48.55:642][  2]LogCollectionManager: Rebuilt the object cache for 0 collections in 0.000000 seconds (found 0 objects)
[2018.12.28-00.48.55:642][  2]LogCollectionManager: Fixed up redirectors for 0 collections in 0.000071 seconds (updated 0 objects)
[2018.12.28-00.53.57:998][ 23]LogSlate: FSceneViewport::OnFocusLost() reason 0
[2018.12.28-00.53.58:073][ 32]LogTemp: Repeating last play command: Selected Viewport
[2018.12.28-00.53.58:093][ 32]LogBlueprintUserMessages: Early PlayInEditor Detection: Level '/Game/StarterContent/Maps/Minimal_Default.Minimal_Default:PersistentLevel' has LevelScriptBlueprint '/Game/StarterContent/Maps/Minimal_Default.Minimal_Default:PersistentLevel.Minimal_Default' with GeneratedClass '/Game/StarterContent/Maps/Minimal_Default.Minimal_Default_C' with ClassGeneratedBy '/Game/StarterContent/Maps/Minimal_Default.Minimal_Default:PersistentLevel.Minimal_Default'
[2018.12.28-00.53.58:093][ 32]LogPlayLevel: PlayLevel: No blueprints needed recompiling
[2018.12.28-00.53.58:116][ 32]PIE: New page: PIE session: Minimal_Default (28 Dec 2018 00:53:58)
[2018.12.28-00.53.58:116][ 32]LogPlayLevel: Creating play world package: /Game/StarterContent/Maps/UEDPIE_1_Minimal_Default
[2018.12.28-00.53.58:123][ 32]LogPlayLevel: PIE: StaticDuplicateObject took: (0.006196s)
[2018.12.28-00.53.58:123][ 32]LogAIModule: Creating AISystem for world Minimal_Default
[2018.12.28-00.53.58:124][ 32]LogPlayLevel: PIE: World Init took: (0.001021s)
[2018.12.28-00.53.58:124][ 32]LogPlayLevel: PIE: Created PIE world by copying editor world from /Game/StarterContent/Maps/Minimal_Default.Minimal_Default to /Game/StarterContent/Maps/UEDPIE_1_Minimal_Default.Minimal_Default (0.007385s)
[2018.12.28-00.53.58:276][ 32]LogInit: XAudio2 using 'Digital Audio (S/PDIF) (2- High Definition Audio Device)' : 2 channels at 48 kHz using 16 bits per sample (channel mask 0x3)
[2018.12.28-00.53.58:295][ 32]LogInit: FAudioDevice initialized.
[2018.12.28-00.53.58:614][ 32]LogLoad: Game class is 'FightingGameMode_C'
[2018.12.28-00.53.58:616][ 32]LogWorld: Bringing World /Game/StarterContent/Maps/UEDPIE_1_Minimal_Default.Minimal_Default up for play (max tick rate 0) at 2018.12.28-00.53.58
[2018.12.28-00.53.58:617][ 32]LogWorld: Bringing up level for play took: 0.001197
[2018.12.28-00.53.58:640][ 32]LogContentBrowser: Native class hierarchy updated for 'MovieSceneCapture' in 0.0009 seconds. Added 10 classes and 0 folders.
[2018.12.28-00.53.58:643][ 32]LogTemp: Display: ParseSettings for GameNetDriver
[2018.12.28-00.53.58:643][ 32]LogTemp: Display: ParseSettings for IpNetDriver_0
[2018.12.28-00.53.58:643][ 32]LogTemp: Display: ParseSettings for GameNetDriver
[2018.12.28-00.53.58:643][ 32]LogNet: ReplicationDriverClass is null! Not using ReplicationDriver.
[2018.12.28-00.53.58:643][ 32]LogInit: WinSock: Socket queue 131072 / 131072
[2018.12.28-00.53.58:644][ 32]LogInit: WinSock: I am DESKTOP-OK86UV6 (192.168.0.10:0)
[2018.12.28-00.53.58:644][ 32]PacketHandlerLog: Loaded PacketHandler component: Engine.EngineHandlerComponentFactory (StatelessConnectHandlerComponent)
[2018.12.28-00.53.58:644][ 32]LogNet: GameNetDriver IpNetDriver_0 IpNetDriver listening on port 17777
[2018.12.28-00.53.58:645][ 32]PIE: Play in editor start time for /Game/StarterContent/Maps/UEDPIE_1_Minimal_Default -0.438
[2018.12.28-00.53.58:654][ 32]PIE: New page: PIE session: Minimal_Default (28 Dec 2018 00:53:58)
[2018.12.28-00.53.58:670][ 32]LogSlate: FSceneViewport::OnFocusLost() reason 2
[2018.12.28-00.53.58:679][ 32]LogSlate: Updating window title bar state: overlay mode, drag disabled, window buttons hidden, title bar hidden
[2018.12.28-00.53.58:745][ 32]LogNet: Browse: 127.0.0.1:17777//Game/StarterContent/Maps/Minimal_Default
[2018.12.28-00.53.58:745][ 32]LogTemp: Display: ParseSettings for GameNetDriver
[2018.12.28-00.53.58:745][ 32]LogTemp: Display: ParseSettings for IpNetDriver_1
[2018.12.28-00.53.58:745][ 32]LogTemp: Display: ParseSettings for PendingNetDriver
[2018.12.28-00.53.58:745][ 32]LogInit: WinSock: Socket queue 32768 / 32768
[2018.12.28-00.53.58:746][ 32]PacketHandlerLog: Loaded PacketHandler component: Engine.EngineHandlerComponentFactory (StatelessConnectHandlerComponent)
[2018.12.28-00.53.58:746][ 32]LogNet: Game client on port 17777, rate 10000
[2018.12.28-00.53.58:749][ 32]PIE: Play in editor start time for /Game/StarterContent/Maps/Minimal_Default -0.335
[2018.12.28-00.53.58:764][ 32]LogBlueprintUserMessages: Late PlayInEditor Detection: Level '/Game/StarterContent/Maps/Minimal_Default.Minimal_Default:PersistentLevel' has LevelScriptBlueprint '/Game/StarterContent/Maps/Minimal_Default.Minimal_Default:PersistentLevel.Minimal_Default' with GeneratedClass '/Game/StarterContent/Maps/Minimal_Default.Minimal_Default_C' with ClassGeneratedBy '/Game/StarterContent/Maps/Minimal_Default.Minimal_Default:PersistentLevel.Minimal_Default'
[2018.12.28-00.53.58:764][ 32]LogNet: NotifyAcceptingConnection accepted from: 127.0.0.1:65456
[2018.12.28-00.53.58:764][ 32]LogHandshake: SendConnectChallenge. Timestamp: 0.008333, Cookie: 040087012199242182231062228213065175068194178019053022016105
[2018.12.28-00.53.58:772][ 32]LogHandshake: SendChallengeResponse. Timestamp: 0.008333, Cookie: 040087012199242182231062228213065175068194178019053022016105
[2018.12.28-00.53.58:864][ 33]LogNet: NotifyAcceptingConnection accepted from: 127.0.0.1:65456
[2018.12.28-00.53.58:864][ 33]LogHandshake: SendChallengeAck. InCookie: 040087012199242182231062228213065175068194178019053022016105
[2018.12.28-00.53.58:865][ 33]LogNet: Server accepting post-challenge connection from: 127.0.0.1:65456
[2018.12.28-00.53.58:865][ 33]PacketHandlerLog: Loaded PacketHandler component: Engine.EngineHandlerComponentFactory (StatelessConnectHandlerComponent)
[2018.12.28-00.53.58:865][ 33]LogNet: NotifyAcceptedConnection: Name: Minimal_Default, TimeStamp: 12/28/18 00:53:58, [UNetConnection] RemoteAddr: 127.0.0.1:65456, Name: IpConnection_1, Driver: GameNetDriver IpNetDriver_0, IsServer: YES, PC: NULL, Owner: NULL, UniqueId: INVALID
[2018.12.28-00.53.58:865][ 33]LogNet: AddClientConnection: Added client connection: [UNetConnection] RemoteAddr: 127.0.0.1:65456, Name: IpConnection_1, Driver: GameNetDriver IpNetDriver_0, IsServer: YES, PC: NULL, Owner: NULL, UniqueId: INVALID
[2018.12.28-00.53.58:866][ 33]LogCharacterMovement: Warning: GetSimulationTimeStep() - Max iterations 8 hit while remaining time 0.074260 > MaxSimulationTimeStep (0.050) for 'TestPlayer_C_0', movement 'Walking'
[2018.12.28-00.53.58:867][ 33]LogNetVersion: FightingGame 1.0.0.0, NetCL: 4212847, EngineNetVer: 5, GameNetVer: 0 (Checksum: 4124689447)
[2018.12.28-00.53.58:867][ 33]LogNet: UPendingNetGame::SendInitialJoin: Sending hello. [UNetConnection] RemoteAddr: 127.0.0.1:17777, Name: IpConnection_0, Driver: PendingNetDriver IpNetDriver_1, IsServer: NO, PC: NULL, Owner: NULL, UniqueId: INVALID
[2018.12.28-00.53.58:881][ 34]LogNet: NotifyAcceptingChannel Control 0 server World /Game/StarterContent/Maps/UEDPIE_1_Minimal_Default.Minimal_Default: Accepted
[2018.12.28-00.53.58:881][ 34]LogNet: Remote platform little endian=1
[2018.12.28-00.53.58:881][ 34]LogNet: This platform little endian=1
[2018.12.28-00.53.58:903][ 35]LogNet: Login request: /Game/StarterContent/Maps/Minimal_Default?Name=DESKTOP-OK86UV6-5D9E71204B0499B1C443398E5AE66FA6 userId: DESKTOP-OK86UV6-5D9E71204B0499B1C443398E5AE66FA6
[2018.12.28-00.53.58:903][ 35]LogNet: Welcomed by server (Level: /Game/StarterContent/Maps/UEDPIE_1_Minimal_Default, Game: /Game/FightingGameMode.FightingGameMode_C)
[2018.12.28-00.53.58:906][ 35]LogLoad: LoadMap: 127.0.0.1:17777//Game/StarterContent/Maps/UEDPIE_1_Minimal_Default?game=/Game/FightingGameMode.FightingGameMode_C
[2018.12.28-00.53.59:029][ 35]LogAIModule: Creating AISystem for world Minimal_Default
[2018.12.28-00.53.59:030][ 35]LogTemp: Display: ParseSettings for GameNetDriver
[2018.12.28-00.53.59:031][ 35]LogWorld: Bringing World /Game/StarterContent/Maps/UEDPIE_2_Minimal_Default.Minimal_Default up for play (max tick rate 0) at 2018.12.28-00.53.59
[2018.12.28-00.53.59:031][ 35]LogWorld: Bringing up level for play took: 0.000897
[2018.12.28-00.53.59:032][ 35]LogLoad: Took 0.125462 seconds to LoadMap(/Game/StarterContent/Maps/UEDPIE_1_Minimal_Default)
[2018.12.28-00.53.59:046][ 36]LogNet: Client netspeed is 10000
[2018.12.28-00.53.59:046][ 36]LogNet: Join request: /Game/StarterContent/Maps/Minimal_Default?Name=DESKTOP-OK86UV6-5D9E71204B0499B1C443398E5AE66FA6?SplitscreenCount=1
[2018.12.28-00.53.59:047][ 36]LogOnline: Warning: OSS: No game present to join for session (GameSession)
[2018.12.28-00.53.59:049][ 36]LogNet: Join succeeded: DESKTOP-OK86UV6-5D9E
[2018.12.28-00.53.59:060][ 37]LogRenderer: Reallocating scene render targets to support 1280x720 Format 10 NumSamples 1 (Frame:1).
[2018.12.28-00.53.59:086][ 37]LogOnline: Warning: OSS: No game present to join for session (GameSession)
[2018.12.28-00.53.59:089][ 37]LogOnline: Warning: OSS: No game present to join for session (GameSession)
[2018.12.28-00.54.05:357][489]LogBlueprintUserMessages: Early EndPlayMap Detection: Level '/Game/StarterContent/Maps/Minimal_Default.Minimal_Default:PersistentLevel' has LevelScriptBlueprint '/Game/StarterContent/Maps/Minimal_Default.Minimal_Default:PersistentLevel.Minimal_Default' with GeneratedClass '/Game/StarterContent/Maps/Minimal_Default.Minimal_Default_C' with ClassGeneratedBy '/Game/StarterContent/Maps/Minimal_Default.Minimal_Default:PersistentLevel.Minimal_Default'
[2018.12.28-00.54.05:357][489]LogSlate: Updating window title bar state: overlay mode, drag disabled, window buttons hidden, title bar hidden
[2018.12.28-00.54.05:377][489]LogSlate: Window 'FightingGame Game Preview Client 1 (64-bit/PCD3D_SM5)' being destroyed
[2018.12.28-00.54.05:409][489]LogOnline: Warning: OSS: No game present to leave for session (GameSession)
[2018.12.28-00.54.05:409][489]LogSlate: Updating window title bar state: overlay mode, drag disabled, window buttons hidden, title bar hidden
[2018.12.28-00.54.05:444][489]LogPlayLevel: Display: Shutting down PIE online subsystems
[2018.12.28-00.54.05:444][489]LogBlueprintUserMessages: Late EndPlayMap Detection: Level '/Game/StarterContent/Maps/Minimal_Default.Minimal_Default:PersistentLevel' has LevelScriptBlueprint '/Game/StarterContent/Maps/Minimal_Default.Minimal_Default:PersistentLevel.Minimal_Default' with GeneratedClass '/Game/StarterContent/Maps/Minimal_Default.Minimal_Default_C' with ClassGeneratedBy '/Game/StarterContent/Maps/Minimal_Default.Minimal_Default:PersistentLevel.Minimal_Default'
[2018.12.28-00.54.05:567][489]LogSlate: Updating window title bar state: overlay mode, drag disabled, window buttons hidden, title bar hidden
[2018.12.28-00.54.05:568][489]LogNet: UChannel::CleanUp: ChIndex == 0. Closing connection. [UChannel] ChIndex: 0, Closing: 0 [UNetConnection] RemoteAddr: 127.0.0.1:17777, Name: None, Driver: GameNetDriver None, IsServer: NO, PC: None, Owner: None, UniqueId: NULL:DESKTOP-OK86UV6-5D9E71204B0499B1C443398E5AE66FA6
[2018.12.28-00.54.05:568][489]LogNet: UNetConnection::Close: [UNetConnection] RemoteAddr: 127.0.0.1:17777, Name: None, Driver: GameNetDriver None, IsServer: NO, PC: None, Owner: None, UniqueId: NULL:DESKTOP-OK86UV6-5D9E71204B0499B1C443398E5AE66FA6, Channels: 1, Time: 2018.12.28-00.54.05
[2018.12.28-00.54.05:568][489]LogNet: UChannel::Close: Sending CloseBunch. ChIndex == 0. Name: [UChannel] ChIndex: 0, Closing: 0 [UNetConnection] RemoteAddr: 127.0.0.1:17777, Name: None, Driver: GameNetDriver None, IsServer: NO, PC: None, Owner: None, UniqueId: NULL:DESKTOP-OK86UV6-5D9E71204B0499B1C443398E5AE66FA6
[2018.12.28-00.54.05:568][489]LogNet: UChannel::CleanUp: ChIndex == 0. Closing connection. [UChannel] ChIndex: 0, Closing: 0 [UNetConnection] RemoteAddr: 127.0.0.1:65456, Name: None, Driver: GameNetDriver None, IsServer: YES, PC: None, Owner: None, UniqueId: NULL:DESKTOP-OK86UV6-5D9E71204B0499B1C443398E5AE66FA6
[2018.12.28-00.54.05:568][489]LogNet: UNetConnection::Close: [UNetConnection] RemoteAddr: 127.0.0.1:65456, Name: None, Driver: GameNetDriver None, IsServer: YES, PC: None, Owner: None, UniqueId: NULL:DESKTOP-OK86UV6-5D9E71204B0499B1C443398E5AE66FA6, Channels: 1, Time: 2018.12.28-00.54.05
[2018.12.28-00.54.05:568][489]LogNet: UChannel::Close: Sending CloseBunch. ChIndex == 0. Name: [UChannel] ChIndex: 0, Closing: 0 [UNetConnection] RemoteAddr: 127.0.0.1:65456, Name: None, Driver: GameNetDriver None, IsServer: YES, PC: None, Owner: None, UniqueId: NULL:DESKTOP-OK86UV6-5D9E71204B0499B1C443398E5AE66FA6
[2018.12.28-00.54.05:569][489]LogExit: GameNetDriver None shut down
[2018.12.28-00.54.05:570][489]LogExit: GameNetDriver None shut down
[2018.12.28-00.54.05:597][490]LogPlayLevel: Display: Destroying online subsystem :Context_2
[2018.12.28-00.54.05:597][490]LogPlayLevel: Display: Destroying online subsystem :Context_1
[2018.12.28-01.11.17:774][711]LogSlate: Window 'FightingGame - Unreal Editor' being destroyed
[2018.12.28-01.11.17:995][712]Cmd: QUIT_EDITOR
[2018.12.28-01.11.18:312][712]LogWindowsTextInputMethodSystem: Display: IME system now deactivated.
[2018.12.28-01.11.18:326][712]LogExit: Preparing to exit.
[2018.12.28-01.11.18:944][712]LogExit: Editor shut down
[2018.12.28-01.11.18:945][712]LogExit: Transaction tracking system shut down
[2018.12.28-01.11.19:432][712]LogExit: Object subsystem successfully closed.
[2018.12.28-01.11.19:460][712]LogShaderCompilers: Display: Shaders left to compile 0
[2018.12.28-01.11.19:465][712]LogD3D11RHI: Shutdown
[2018.12.28-01.11.19:465][712]LogD3D11RHI: CleanupD3DDevice
[2018.12.28-01.11.19:468][712]LogD3D11RHI: ~FD3D11DynamicRHI
[2018.12.28-01.11.19:511][712]LogModuleManager: Shutting down and abandoning module MovieSceneCapture (616)
[2018.12.28-01.11.19:511][712]LogModuleManager: Shutting down and abandoning module Voice (614)
[2018.12.28-01.11.19:511][712]LogModuleManager: Shutting down and abandoning module HierarchicalLODOutliner (612)
[2018.12.28-01.11.19:511][712]LogModuleManager: Shutting down and abandoning module SceneOutliner (610)
[2018.12.28-01.11.19:511][712]LogModuleManager: Shutting down and abandoning module AddContentDialog (608)
[2018.12.28-01.11.19:511][712]LogModuleManager: Shutting down and abandoning module WidgetCarousel (607)
[2018.12.28-01.11.19:511][712]LogModuleManager: Shutting down and abandoning module EditorWidgets (604)
[2018.12.28-01.11.19:511][712]LogModuleManager: Shutting down and abandoning module CollectionManager (602)
[2018.12.28-01.11.19:512][712]LogModuleManager: Shutting down and abandoning module StatsViewer (600)
[2018.12.28-01.11.19:512][712]LogModuleManager: Shutting down and abandoning module FoliageEdit (598)
[2018.12.28-01.11.19:512][712]LogModuleManager: Shutting down and abandoning module LandscapeEditor (596)
[2018.12.28-01.11.19:512][712]LogModuleManager: Shutting down and abandoning module MeshPaintMode (594)
[2018.12.28-01.11.19:512][712]LogModuleManager: Shutting down and abandoning module SceneDepthPickerMode (592)
[2018.12.28-01.11.19:512][712]LogModuleManager: Shutting down and abandoning module ActorPickerMode (590)
[2018.12.28-01.11.19:513][712]LogModuleManager: Shutting down and abandoning module GeometryMode (588)
[2018.12.28-01.11.19:513][712]LogModuleManager: Shutting down and abandoning module TextureAlignMode (586)
[2018.12.28-01.11.19:513][712]LogModuleManager: Shutting down and abandoning module BspMode (584)
[2018.12.28-01.11.19:513][712]LogModuleManager: Shutting down and abandoning module PIEPreviewDeviceProfileSelector (582)
[2018.12.28-01.11.19:513][712]LogModuleManager: Shutting down and abandoning module SequenceRecorderSections (580)
[2018.12.28-01.11.19:513][712]LogModuleManager: Shutting down and abandoning module AutomationWorker (578)
[2018.12.28-01.11.19:513][712]LogModuleManager: Shutting down and abandoning module AudioCaptureEditor (576)
[2018.12.28-01.11.19:513][712]LogModuleManager: Shutting down and abandoning module SequenceRecorder (575)
[2018.12.28-01.11.19:513][712]LogModuleManager: Shutting down and abandoning module MatineeToLevelSequence (572)
[2018.12.28-01.11.19:513][712]LogModuleManager: Shutting down and abandoning module LevelSequenceEditor (570)
[2018.12.28-01.11.19:513][712]LogModuleManager: Shutting down and abandoning module PlacementMode (569)
[2018.12.28-01.11.19:513][712]LogModuleManager: Shutting down and abandoning module MaterialEditor (568)
[2018.12.28-01.11.19:513][712]LogModuleManager: Shutting down and abandoning module WmfMediaFactory (564)
[2018.12.28-01.11.19:513][712]LogModuleManager: Shutting down and abandoning module WmfMediaEditor (562)
[2018.12.28-01.11.19:514][712]LogModuleManager: Shutting down and abandoning module MediaPlayerEditor (560)
[2018.12.28-01.11.19:514][712]LogModuleManager: Shutting down and abandoning module OpenExrWrapper (558)
[2018.12.28-01.11.19:514][712]LogModuleManager: Shutting down and abandoning module ImgMediaFactory (556)
[2018.12.28-01.11.19:514][712]LogModuleManager: Shutting down and abandoning module ImgMediaEditor (554)
[2018.12.28-01.11.19:514][712]LogModuleManager: Shutting down and abandoning module AvfMediaFactory (552)
[2018.12.28-01.11.19:514][712]LogModuleManager: Shutting down and abandoning module AvfMediaEditor (550)
[2018.12.28-01.11.19:514][712]LogModuleManager: Shutting down and abandoning module AndroidMediaFactory (548)
[2018.12.28-01.11.19:514][712]LogModuleManager: Shutting down and abandoning module AndroidMediaEditor (546)
[2018.12.28-01.11.19:514][712]LogModuleManager: Shutting down and abandoning module MagicLeapCameraPreviewFactory (544)
[2018.12.28-01.11.19:514][712]LogModuleManager: Shutting down and abandoning module MagicLeapMediaFactory (542)
[2018.12.28-01.11.19:514][712]LogModuleManager: Shutting down and abandoning module MagicLeapMediaEditor (540)
[2018.12.28-01.11.19:514][712]LogModuleManager: Shutting down and abandoning module CharacterAI (538)
[2018.12.28-01.11.19:514][712]LogModuleManager: Shutting down and abandoning module SmartSnapping (536)
[2018.12.28-01.11.19:514][712]LogModuleManager: Shutting down and abandoning module SessionServices (534)
[2018.12.28-01.11.19:514][712]LogModuleManager: Shutting down and abandoning module ViewportSnapping (532)
[2018.12.28-01.11.19:514][712]LogModuleManager: Shutting down and abandoning module ViewportInteraction (530)
[2018.12.28-01.11.19:514][712]LogModuleManager: Shutting down and abandoning module ClothPainter (528)
[2018.12.28-01.11.19:514][712]LogModuleManager: Shutting down and abandoning module SkeletalMeshEditor (527)
[2018.12.28-01.11.19:514][712]LogModuleManager: Shutting down and abandoning module LogVisualizer (524)
[2018.12.28-01.11.19:514][712]LogModuleManager: Shutting down and abandoning module IntroTutorials (522)
[2018.12.28-01.11.19:515][712]LogModuleManager: Shutting down and abandoning module GameProjectGeneration (521)
[2018.12.28-01.11.19:515][712]LogModuleManager: Shutting down and abandoning module LuminPlatformEditor (518)
[2018.12.28-01.11.19:515][712]LogModuleManager: Shutting down and abandoning module IOSPlatformEditor (516)
[2018.12.28-01.11.19:515][712]LogModuleManager: Shutting down and abandoning module HTML5PlatformEditor (514)
[2018.12.28-01.11.19:515][712]LogModuleManager: Shutting down and abandoning module AndroidPlatformEditor (512)
[2018.12.28-01.11.19:515][712]LogModuleManager: Shutting down and abandoning module AndroidDeviceDetection (511)
[2018.12.28-01.11.19:561][712]LogModuleManager: Shutting down and abandoning module WindowsPlatformEditor (508)
[2018.12.28-01.11.19:561][712]LogModuleManager: Shutting down and abandoning module LuminRuntimeSettings (506)
[2018.12.28-01.11.19:561][712]LogModuleManager: Shutting down and abandoning module IOSRuntimeSettings (504)
[2018.12.28-01.11.19:561][712]LogModuleManager: Shutting down and abandoning module AndroidRuntimeSettings (502)
[2018.12.28-01.11.19:561][712]LogModuleManager: Shutting down and abandoning module InputBindingEditor (500)
[2018.12.28-01.11.19:561][712]LogModuleManager: Shutting down and abandoning module MergeActors (498)
[2018.12.28-01.11.19:561][712]LogModuleManager: Shutting down and abandoning module LocalizationDashboard (496)
[2018.12.28-01.11.19:561][712]LogModuleManager: Shutting down and abandoning module LocalizationService (495)
[2018.12.28-01.11.19:561][712]LogModuleManager: Shutting down and abandoning module HardwareTargeting (492)
[2018.12.28-01.11.19:561][712]LogModuleManager: Shutting down and abandoning module DeviceProfileEditor (490)
[2018.12.28-01.11.19:561][712]LogModuleManager: Shutting down and abandoning module UndoHistory (488)
[2018.12.28-01.11.19:561][712]LogModuleManager: Shutting down and abandoning module XmlParser (486)
[2018.12.28-01.11.19:561][712]LogModuleManager: Shutting down and abandoning module Blutility (484)
[2018.12.28-01.11.19:561][712]LogModuleManager: Shutting down and abandoning module ProjectSettingsViewer (482)
[2018.12.28-01.11.19:561][712]LogModuleManager: Shutting down and abandoning module ProjectTargetPlatformEditor (481)
[2018.12.28-01.11.19:561][712]LogModuleManager: Shutting down and abandoning module EditorSettingsViewer (478)
[2018.12.28-01.11.19:561][712]LogModuleManager: Shutting down and abandoning module SettingsEditor (476)
[2018.12.28-01.11.19:562][712]LogModuleManager: Shutting down and abandoning module ProjectLauncher (474)
[2018.12.28-01.11.19:562][712]LogModuleManager: Shutting down and abandoning module SessionFrontend (472)
[2018.12.28-01.11.19:562][712]LogModuleManager: Shutting down and abandoning module ProfilerClient (470)
[2018.12.28-01.11.19:562][712]LogModuleManager: Shutting down and abandoning module DeviceManager (468)
[2018.12.28-01.11.19:562][712]LogModuleManager: Shutting down and abandoning module TargetDeviceServices (467)
[2018.12.28-01.11.19:617][712]LogModuleManager: Shutting down and abandoning module AutomationController (464)
[2018.12.28-01.11.19:617][712]LogModuleManager: Shutting down and abandoning module AutomationWindow (462)
[2018.12.28-01.11.19:617][712]LogModuleManager: Shutting down and abandoning module Layers (460)
[2018.12.28-01.11.19:617][712]LogModuleManager: Shutting down and abandoning module ComponentVisualizers (458)
[2018.12.28-01.11.19:617][712]LogModuleManager: Shutting down and abandoning module DetailCustomizations (456)
[2018.12.28-01.11.19:617][712]LogModuleManager: Shutting down and abandoning module PackagesDialog (454)
[2018.12.28-01.11.19:617][712]LogModuleManager: Shutting down and abandoning module Persona (452)
[2018.12.28-01.11.19:617][712]LogModuleManager: Shutting down and abandoning module AdvancedPreviewScene (451)
[2018.12.28-01.11.19:617][712]LogModuleManager: Shutting down and abandoning module AnimGraph (449)
[2018.12.28-01.11.19:617][712]LogModuleManager: Shutting down and abandoning module Kismet (446)
[2018.12.28-01.11.19:618][712]LogModuleManager: Shutting down and abandoning module GraphEditor (444)
[2018.12.28-01.11.19:618][712]LogModuleManager: Shutting down and abandoning module ClassViewer (442)
[2018.12.28-01.11.19:618][712]LogModuleManager: Shutting down and abandoning module Toolbox (440)
[2018.12.28-01.11.19:618][712]LogModuleManager: Shutting down and abandoning module DesktopPlatform (439)
[2018.12.28-01.11.19:618][712]LogModuleManager: Shutting down and abandoning module ModuleUI (436)
[2018.12.28-01.11.19:618][712]LogModuleManager: Shutting down and abandoning module MovieSceneTools (434)
[2018.12.28-01.11.19:618][712]LogModuleManager: Shutting down and abandoning module OutputLog (432)
[2018.12.28-01.11.19:618][712]LogModuleManager: Shutting down and abandoning module GammaUI (430)
[2018.12.28-01.11.19:618][712]LogModuleManager: Shutting down and abandoning module Documentation (428)
[2018.12.28-01.11.19:618][712]LogModuleManager: Shutting down and abandoning module MovieSceneTracks (426)
[2018.12.28-01.11.19:618][712]LogModuleManager: Shutting down and abandoning module MovieScene (424)
[2018.12.28-01.11.19:618][712]LogModuleManager: Shutting down and abandoning module StreamingPauseRendering (422)
[2018.12.28-01.11.19:618][712]LogModuleManager: Shutting down and abandoning module LauncherPlatform (420)
[2018.12.28-01.11.19:618][712]LogModuleManager: Shutting down and abandoning module AnalyticsET (418)
[2018.12.28-01.11.19:618][712]LogModuleManager: Shutting down and abandoning module PortalServices (416)
[2018.12.28-01.11.19:618][712]LogModuleManager: Shutting down and abandoning module PortalRpc (414)
[2018.12.28-01.11.19:618][712]LogModuleManager: Shutting down and abandoning module MessagingRpc (412)
[2018.12.28-01.11.19:618][712]LogModuleManager: Shutting down and abandoning module AIModule (410)
[2018.12.28-01.11.19:618][712]LogModuleManager: Shutting down and abandoning module GameplayDebugger (409)
[2018.12.28-01.11.19:618][712]LogModuleManager: Shutting down and abandoning module AITestSuite (407)
[2018.12.28-01.11.19:618][712]LogModuleManager: Shutting down and abandoning module NavigationSystem (405)
[2018.12.28-01.11.19:618][712]LogModuleManager: Shutting down and abandoning module ProfilerService (402)
[2018.12.28-01.11.19:838][712]LogModuleManager: Shutting down and abandoning module TaskGraph (400)
[2018.12.28-01.11.19:838][712]LogModuleManager: Shutting down and abandoning module SteamVRController (398)
[2018.12.28-01.11.19:838][712]LogModuleManager: Shutting down and abandoning module ProceduralMeshComponentEditor (396)
[2018.12.28-01.11.19:838][712]LogModuleManager: Shutting down and abandoning module ProceduralMeshComponent (394)
[2018.12.28-01.11.19:838][712]LogModuleManager: Shutting down and abandoning module OculusInput (392)
[2018.12.28-01.11.19:838][712]LogModuleManager: Shutting down and abandoning module MobilePatchingUtils (390)
[2018.12.28-01.11.19:838][712]LogModuleManager: Shutting down and abandoning module EditableMesh (388)
[2018.12.28-01.11.19:838][712]LogModuleManager: Shutting down and abandoning module CustomMeshComponent (386)
[2018.12.28-01.11.19:838][712]LogModuleManager: Shutting down and abandoning module CableComponent (384)
[2018.12.28-01.11.19:838][712]LogModuleManager: Shutting down and abandoning module AudioCapture (382)
[2018.12.28-01.11.19:838][712]LogModuleManager: Shutting down and abandoning module ArchVisCharacter (380)
[2018.12.28-01.11.19:838][712]LogModuleManager: Shutting down and abandoning module AndroidPermission (378)
[2018.12.28-01.11.19:838][712]LogModuleManager: Shutting down and abandoning module NUTUnrealEngine4 (376)
[2018.12.28-01.11.19:838][712]LogModuleManager: Shutting down and abandoning module NetcodeUnitTest (374)
[2018.12.28-01.11.19:838][712]LogModuleManager: Shutting down and abandoning module MediaCompositingEditor (372)
[2018.12.28-01.11.19:838][712]LogModuleManager: Shutting down and abandoning module MediaCompositing (370)
[2018.12.28-01.11.19:838][712]LogModuleManager: Shutting down and abandoning module LinearTimecode (368)
[2018.12.28-01.11.19:838][712]LogModuleManager: Shutting down and abandoning module ImgMedia (366)
[2018.12.28-01.11.19:848][712]LogModuleManager: Shutting down and abandoning module HTML5Networking (364)
[2018.12.28-01.11.19:848][712]LogModuleManager: Shutting down and abandoning module GeometryCacheTracks (362)
[2018.12.28-01.11.19:848][712]LogModuleManager: Shutting down and abandoning module GeometryCacheSequencer (360)
[2018.12.28-01.11.19:848][712]LogModuleManager: Shutting down and abandoning module BackChannel (358)
[2018.12.28-01.11.19:848][712]LogModuleManager: Shutting down and abandoning module AppleVision (356)
[2018.12.28-01.11.19:848][712]LogModuleManager: Shutting down and abandoning module AppleImageUtils (354)
[2018.12.28-01.11.19:848][712]LogModuleManager: Shutting down and abandoning module AlembicImporter (352)
[2018.12.28-01.11.19:848][712]LogModuleManager: Shutting down and abandoning module AlembicLibrary (351)
[2018.12.28-01.11.19:849][712]LogModuleManager: Shutting down and abandoning module GeometryCache (350)
[2018.12.28-01.11.19:849][712]LogModuleManager: Shutting down and abandoning module GeometryCacheEd (349)
[2018.12.28-01.11.19:849][712]LogModuleManager: Shutting down and abandoning module DatasmithContentEditor (344)
[2018.12.28-01.11.19:849][712]LogModuleManager: Shutting down and abandoning module DatasmithContent (342)
[2018.12.28-01.11.19:850][712]LogModuleManager: Shutting down and abandoning module SpeedTreeImporter (340)
[2018.12.28-01.11.19:850][712]LogModuleManager: Shutting down and abandoning module PluginBrowser (338)
[2018.12.28-01.11.19:851][712]LogModuleManager: Shutting down and abandoning module MobileLauncherProfileWizard (336)
[2018.12.28-01.11.19:851][712]LogModuleManager: Shutting down and abandoning module PolygonModeling (334)
[2018.12.28-01.11.19:851][712]LogModuleManager: Shutting down and abandoning module MeshEditor (332)
[2018.12.28-01.11.19:851][712]LogModuleManager: Shutting down and abandoning module CryptoKeysOpenSSL (330)
[2018.12.28-01.11.19:851][712]LogModuleManager: Shutting down and abandoning module CryptoKeys (328)
[2018.12.28-01.11.19:851][712]LogModuleManager: Shutting down and abandoning module VisualStudioSourceCodeAccess (326)
[2018.12.28-01.11.19:851][712]LogModuleManager: Shutting down and abandoning module VisualStudioCodeSourceCodeAccess (324)
[2018.12.28-01.11.19:851][712]LogModuleManager: Shutting down and abandoning module UObjectPlugin (322)
[2018.12.28-01.11.19:851][712]LogModuleManager: Shutting down and abandoning module SubversionSourceControl (320)
[2018.12.28-01.11.19:852][712]LogModuleManager: Shutting down and abandoning module PerforceSourceControl (318)
[2018.12.28-01.11.19:852][712]LogModuleManager: Shutting down and abandoning module GitSourceControl (316)
[2018.12.28-01.11.19:852][712]LogModuleManager: Shutting down and abandoning module SourceControl (315)
[2018.12.28-01.11.19:852][712]LogModuleManager: Shutting down and abandoning module CLionSourceCodeAccess (312)
[2018.12.28-01.11.19:852][712]LogModuleManager: Shutting down and abandoning module LightPropagationVolumeEditor (310)
[2018.12.28-01.11.19:852][712]LogModuleManager: Shutting down and abandoning module PaperTiledImporter (308)
[2018.12.28-01.11.19:852][712]LogModuleManager: Shutting down and abandoning module PaperSpriteSheetImporter (306)
[2018.12.28-01.11.19:852][712]LogModuleManager: Shutting down and abandoning module Paper2DEditor (304)
[2018.12.28-01.11.19:852][712]LogModuleManager: Shutting down and abandoning module MeshPaint (303)
[2018.12.28-01.11.19:852][712]LogModuleManager: Shutting down and abandoning module FightingGame (300)
[2018.12.28-01.11.19:853][712]LogModuleManager: Shutting down and abandoning module RuntimePhysXCooking (298)
[2018.12.28-01.11.19:853][712]LogModuleManager: Shutting down and abandoning module PhysXVehiclesEditor (296)
[2018.12.28-01.11.19:853][712]LogModuleManager: Shutting down and abandoning module PhysXVehicles (294)
[2018.12.28-01.11.19:853][712]LogModuleManager: Shutting down and abandoning module OculusEditor (292)
[2018.12.28-01.11.19:853][712]LogModuleManager: Shutting down and abandoning module LocationServicesBPLibrary (290)
[2018.12.28-01.11.19:853][712]LogModuleManager: Shutting down and abandoning module ImmediatePhysicsEditor (288)
[2018.12.28-01.11.19:853][712]LogModuleManager: Shutting down and abandoning module ImmediatePhysics (286)
[2018.12.28-01.11.19:853][712]LogModuleManager: Shutting down and abandoning module ActorSequence (284)
[2018.12.28-01.11.19:853][712]LogModuleManager: Shutting down and abandoning module UdpMessaging (282)
[2018.12.28-01.11.19:954][712]LogModuleManager: Shutting down and abandoning module TcpMessaging (280)
[2018.12.28-01.11.20:055][712]LogModuleManager: Shutting down and abandoning module MagicLeapAudio (278)
[2018.12.28-01.11.20:055][712]LogModuleManager: Shutting down and abandoning module GameplayTagsEditor (276)
[2018.12.28-01.11.20:055][712]LogModuleManager: Shutting down and abandoning module FacialAnimationEditor (274)
[2018.12.28-01.11.20:055][712]LogModuleManager: Shutting down and abandoning module FacialAnimation (272)
[2018.12.28-01.11.20:055][712]LogModuleManager: Shutting down and abandoning module DataValidation (270)
[2018.12.28-01.11.20:055][712]LogModuleManager: Shutting down and abandoning module AssetManagerEditor (268)
[2018.12.28-01.11.20:056][712]LogModuleManager: Shutting down and abandoning module LevelEditor (267)
[2018.12.28-01.11.20:058][712]LogModuleManager: Shutting down and abandoning module PixelInspectorModule (266)
[2018.12.28-01.11.20:058][712]LogModuleManager: Shutting down and abandoning module CommonMenuExtensions (264)
[2018.12.28-01.11.20:059][712]LogModuleManager: Shutting down and abandoning module MainFrame (262)
[2018.12.28-01.11.20:059][712]LogModuleManager: Shutting down and abandoning module HotReload (261)
[2018.12.28-01.11.20:061][712]LogModuleManager: Shutting down and abandoning module ContentBrowser (257)
[2018.12.28-01.11.20:065][712]LogModuleManager: Shutting down and abandoning module TreeMap (255)
[2018.12.28-01.11.20:065][712]LogModuleManager: Shutting down and abandoning module LightPropagationVolumeRuntime (252)
[2018.12.28-01.11.20:065][712]LogModuleManager: Shutting down and abandoning module AISupportModule (250)
[2018.12.28-01.11.20:065][712]LogModuleManager: Shutting down and abandoning module Paper2D (248)
[2018.12.28-01.11.20:065][712]LogModuleManager: Shutting down and abandoning module WindowsMoviePlayer (246)
[2018.12.28-01.11.20:065][712]LogModuleManager: Shutting down and abandoning module WmfMedia (244)
[2018.12.28-01.11.20:069][712]LogModuleManager: Shutting down and abandoning module Media (243)
[2018.12.28-01.11.20:076][712]LogModuleManager: Shutting down and abandoning module PacketHandler (240)
[2018.12.28-01.11.20:076][712]LogModuleManager: Shutting down and abandoning module ClothingSystemEditor (238)
[2018.12.28-01.11.20:076][712]LogModuleManager: Shutting down and abandoning module ClothingSystemRuntime (236)
[2018.12.28-01.11.20:076][712]LogModuleManager: Shutting down and abandoning module MediaAssets (234)
[2018.12.28-01.11.20:076][712]LogModuleManager: Shutting down and abandoning module Overlay (232)
[2018.12.28-01.11.20:077][712]LogModuleManager: Shutting down and abandoning module OverlayEditor (231)
[2018.12.28-01.11.20:077][712]LogModuleManager: Shutting down and abandoning module VREditor (228)
[2018.12.28-01.11.20:077][712]LogModuleManager: Shutting down and abandoning module StringTableEditor (226)
[2018.12.28-01.11.20:077][712]LogModuleManager: Shutting down and abandoning module GameplayTasksEditor (224)
[2018.12.28-01.11.20:077][712]LogModuleManager: Shutting down and abandoning module BehaviorTreeEditor (222)
[2018.12.28-01.11.20:077][712]LogModuleManager: Shutting down and abandoning module FunctionalTesting (220)
[2018.12.28-01.11.20:077][712]LogModuleManager: Shutting down and abandoning module CollisionAnalyzer (218)
[2018.12.28-01.11.20:077][712]LogModuleManager: Shutting down and abandoning module WorkspaceMenuStructure (217)
[2018.12.28-01.11.20:077][712]LogModuleManager: Shutting down and abandoning module UMG (214)
[2018.12.28-01.11.20:077][712]LogModuleManager: Shutting down and abandoning module UMGEditor (213)
[2018.12.28-01.11.20:077][712]LogModuleManager: Shutting down and abandoning module Sequencer (212)
[2018.12.28-01.11.20:078][712]LogModuleManager: Shutting down and abandoning module MessageLog (209)
[2018.12.28-01.11.20:078][712]LogModuleManager: Shutting down and abandoning module SlateReflector (204)
[2018.12.28-01.11.20:078][712]LogModuleManager: Shutting down and abandoning module Slate (202)
[2018.12.28-01.11.20:078][712]LogModuleManager: Shutting down and abandoning module EditorStyle (200)
[2018.12.28-01.11.20:083][712]LogModuleManager: Shutting down and abandoning module MRMesh (198)
[2018.12.28-01.11.20:083][712]LogModuleManager: Shutting down and abandoning module SourceCodeAccess (196)
[2018.12.28-01.11.20:083][712]LogModuleManager: Shutting down and abandoning module HeadMountedDisplay (194)
[2018.12.28-01.11.20:083][712]LogModuleManager: Shutting down and abandoning module XAudio2 (192)
[2018.12.28-01.11.20:083][712]LogModuleManager: Shutting down and abandoning module Networking (190)
[2018.12.28-01.11.20:083][712]LogModuleManager: Shutting down and abandoning module Core (188)
[2018.12.28-01.11.20:083][712]LogModuleManager: Shutting down and abandoning module LevelSequence (186)
[2018.12.28-01.11.20:083][712]LogModuleManager: Shutting down and abandoning module KismetCompiler (184)
[2018.12.28-01.11.20:083][712]LogModuleManager: Shutting down and abandoning module MeshUtilities (182)
[2018.12.28-01.11.20:083][712]LogModuleManager: Shutting down and abandoning module MeshMergeUtilities (181)
[2018.12.28-01.11.20:083][712]LogModuleManager: Shutting down and abandoning module MeshReductionInterface (180)
[2018.12.28-01.11.20:083][712]LogModuleManager: Shutting down and abandoning module SimplygonSwarm (179)
[2018.12.28-01.11.20:083][712]LogModuleManager: Shutting down and abandoning module ProxyLODMeshReduction (177)
[2018.12.28-01.11.20:083][712]LogModuleManager: Shutting down and abandoning module SimplygonMeshReduction (175)
[2018.12.28-01.11.20:083][712]LogModuleManager: Shutting down and abandoning module QuadricMeshReduction (173)
[2018.12.28-01.11.20:083][712]LogModuleManager: Shutting down and abandoning module MaterialBaking (169)
[2018.12.28-01.11.20:084][712]LogModuleManager: Shutting down and abandoning module DirectoryWatcher (165)
[2018.12.28-01.11.20:084][712]LogModuleManager: Shutting down and abandoning module DerivedDataCache (162)
[2018.12.28-01.11.20:176][712]LogDerivedDataCache: Shutdown
[2018.12.28-01.11.20:177][712]LogModuleManager: Shutting down and abandoning module XGEController (160)
[2018.12.28-01.11.20:177][712]LogXGEController: Cleaning working directory: C:/Users/cynic/AppData/Local/Temp/UnrealXGEWorkingDir/
[2018.12.28-01.11.20:177][712]LogModuleManager: Shutting down and abandoning module TargetPlatform (158)
[2018.12.28-01.11.20:177][712]LogModuleManager: Shutting down and abandoning module VulkanShaderFormat (157)
[2018.12.28-01.11.20:177][712]LogModuleManager: Shutting down and abandoning module ShaderFormatVectorVM (155)
[2018.12.28-01.11.20:177][712]LogModuleManager: Shutting down and abandoning module ShaderFormatOpenGL (153)
[2018.12.28-01.11.20:177][712]LogModuleManager: Shutting down and abandoning module ShaderFormatD3D (151)
[2018.12.28-01.11.20:178][712]LogModuleManager: Shutting down and abandoning module MetalShaderFormat (149)
[2018.12.28-01.11.20:178][712]LogModuleManager: Shutting down and abandoning module TextureFormatUncompressed (147)
[2018.12.28-01.11.20:178][712]LogModuleManager: Shutting down and abandoning module TextureFormatPVR (145)
[2018.12.28-01.11.20:178][712]LogModuleManager: Shutting down and abandoning module TextureFormatDXT (143)
[2018.12.28-01.11.20:178][712]LogModuleManager: Shutting down and abandoning module TextureFormatIntelISPCTexComp (141)
[2018.12.28-01.11.20:178][712]LogModuleManager: Shutting down and abandoning module TextureFormatASTC (139)
[2018.12.28-01.11.20:178][712]LogModuleManager: Shutting down and abandoning module ImageWrapper (138)
[2018.12.28-01.11.20:179][712]LogModuleManager: Shutting down and abandoning module TextureFormatAndroid (135)
[2018.12.28-01.11.20:179][712]LogModuleManager: Shutting down and abandoning module AudioFormatOpus (133)
[2018.12.28-01.11.20:179][712]LogModuleManager: Shutting down and abandoning module AudioFormatOgg (131)
[2018.12.28-01.11.20:179][712]LogModuleManager: Shutting down and abandoning module AudioFormatADPCM (129)
[2018.12.28-01.11.20:179][712]LogModuleManager: Shutting down and abandoning module LuminTargetPlatform (127)
[2018.12.28-01.11.20:179][712]LogModuleManager: Shutting down and abandoning module LinuxTargetPlatform (125)
[2018.12.28-01.11.20:179][712]LogModuleManager: Shutting down and abandoning module LinuxServerTargetPlatform (123)
[2018.12.28-01.11.20:179][712]LogModuleManager: Shutting down and abandoning module LinuxNoEditorTargetPlatform (121)
[2018.12.28-01.11.20:179][712]LogModuleManager: Shutting down and abandoning module LinuxClientTargetPlatform (119)
[2018.12.28-01.11.20:179][712]LogModuleManager: Shutting down and abandoning module TVOSTargetPlatform (117)
[2018.12.28-01.11.20:181][712]LogModuleManager: Shutting down and abandoning module Messaging (115)
[2018.12.28-01.11.20:181][712]LogModuleManager: Shutting down and abandoning module IOSTargetPlatform (113)
[2018.12.28-01.11.20:183][712]LogModuleManager: Shutting down and abandoning module HTML5TargetPlatform (111)
[2018.12.28-01.11.20:184][712]LogModuleManager: Shutting down and abandoning module AndroidTargetPlatform (109)
[2018.12.28-01.11.20:201][712]LogModuleManager: Shutting down and abandoning module WindowsTargetPlatform (107)
[2018.12.28-01.11.20:201][712]LogModuleManager: Shutting down and abandoning module WindowsServerTargetPlatform (105)
[2018.12.28-01.11.20:201][712]LogModuleManager: Shutting down and abandoning module WindowsNoEditorTargetPlatform (103)
[2018.12.28-01.11.20:201][712]LogModuleManager: Shutting down and abandoning module WindowsClientTargetPlatform (101)
[2018.12.28-01.11.20:201][712]LogModuleManager: Shutting down and abandoning module MacTargetPlatform (99)
[2018.12.28-01.11.20:201][712]LogModuleManager: Shutting down and abandoning module MacServerTargetPlatform (97)
[2018.12.28-01.11.20:201][712]LogModuleManager: Shutting down and abandoning module MacNoEditorTargetPlatform (95)
[2018.12.28-01.11.20:201][712]LogModuleManager: Shutting down and abandoning module MacClientTargetPlatform (93)
[2018.12.28-01.11.20:201][712]LogModuleManager: Shutting down and abandoning module AllDesktopTargetPlatform (91)
[2018.12.28-01.11.20:201][712]LogModuleManager: Shutting down and abandoning module InputCore (88)
[2018.12.28-01.11.20:201][712]LogModuleManager: Shutting down and abandoning module Settings (86)
[2018.12.28-01.11.20:201][712]LogModuleManager: Shutting down and abandoning module PhysXCooking (84)
[2018.12.28-01.11.20:201][712]LogModuleManager: Shutting down and abandoning module SteamVR (82)
[2018.12.28-01.11.20:201][712]LogModuleManager: Shutting down and abandoning module OculusHMD (80)
[2018.12.28-01.11.20:201][712]LogModuleManager: Shutting down and abandoning module ExampleDeviceProfileSelector (78)
[2018.12.28-01.11.20:201][712]LogModuleManager: Shutting down and abandoning module LauncherChunkInstaller (76)
[2018.12.28-01.11.20:202][712]LogModuleManager: Shutting down and abandoning module OnlineBlueprintSupport (74)
[2018.12.28-01.11.20:202][712]LogModuleManager: Shutting down and abandoning module OnlineSubsystem (70)
[2018.12.28-01.11.20:203][712]LogModuleManager: Shutting down and abandoning module XMPP (65)
[2018.12.28-01.11.20:203][712]LogModuleManager: Shutting down and abandoning module WebSockets (64)
[2018.12.28-01.11.20:233][712]LogModuleManager: Shutting down and abandoning module HTTP (61)
[2018.12.28-01.11.20:233][712]LogHttp: Display: Http module shutting down, but needs to wait on 1 outstanding Http requests:
[2018.12.28-01.11.20:233][712]LogHttp: Display: 	verb=[POST] url=[https://datarouter.ol.epicgames.com/datarouter/api/v1/public/data?SessionID=%7BC6407B1C-4FB1-CF4F-CA49-359BB8858E0E%7D&AppID=UEEditor.Rocket.Release&AppVersion=4.20.3-4369336%2B%2B%2BUE4%2BRelease-4.20&UserID=c87f312a467e2141033fc58ee9d67b8d%7C4872fd74fd02457ba240ba5fe6961b6a%7C47cbb831-1df0-40f9-a743-57377de4acee&AppEnvironment=datacollector-binary&UploadType=eteventstream] status=Processing
[2018.12.28-01.11.20:266][712]LogModuleManager: Shutting down and abandoning module SSL (60)
[2018.12.28-01.11.20:268][712]LogModuleManager: Shutting down and abandoning module MagicLeapEmulator (56)
[2018.12.28-01.11.20:268][712]LogModuleManager: Shutting down and abandoning module MagicLeapPrivileges (54)
[2018.12.28-01.11.20:268][712]LogModuleManager: Shutting down and abandoning module MagicLeapIdentity (52)
[2018.12.28-01.11.20:268][712]LogModuleManager: Shutting down and abandoning module MagicLeapHelperVulkan (50)
[2018.12.28-01.11.20:268][712]LogModuleManager: Shutting down and abandoning module MagicLeapHelperOpenGL (48)
[2018.12.28-01.11.20:268][712]LogModuleManager: Shutting down and abandoning module MagicLeapSecureStorage (46)
[2018.12.28-01.11.20:268][712]LogModuleManager: Shutting down and abandoning module MagicLeapGestures (44)
[2018.12.28-01.11.20:268][712]LogModuleManager: Shutting down and abandoning module MagicLeapEyeTracker (42)
[2018.12.28-01.11.20:268][712]LogModuleManager: Shutting down and abandoning module MagicLeapController (40)
[2018.12.28-01.11.20:268][712]LogSlate: Slate User Destroyed.  User Index 0, Is Virtual User: 0
[2018.12.28-01.11.20:268][712]LogModuleManager: Shutting down and abandoning module MagicLeap (38)
[2018.12.28-01.11.20:268][712]LogModuleManager: Shutting down and abandoning module AnimationModifiers (36)
[2018.12.28-01.11.20:268][712]LogModuleManager: Shutting down and abandoning module PropertyEditor (35)
[2018.12.28-01.11.20:268][712]LogModuleManager: Shutting down and abandoning module AudioEditor (32)
[2018.12.28-01.11.20:268][712]LogModuleManager: Shutting down and abandoning module TextureCompressor (30)
[2018.12.28-01.11.20:269][712]LogModuleManager: Shutting down and abandoning module ShaderCore (28)
[2018.12.28-01.11.20:269][712]LogModuleManager: Shutting down and abandoning module Landscape (26)
[2018.12.28-01.11.20:269][712]LogModuleManager: Shutting down and abandoning module SlateRHIRenderer (24)
[2018.12.28-01.11.20:269][712]LogModuleManager: Shutting down and abandoning module OpenGLDrv (22)
[2018.12.28-01.11.20:269][712]LogModuleManager: Shutting down and abandoning module D3D11RHI (20)
[2018.12.28-01.11.20:269][712]LogModuleManager: Shutting down and abandoning module AnimGraphRuntime (18)
[2018.12.28-01.11.20:269][712]LogModuleManager: Shutting down and abandoning module Renderer (16)
[2018.12.28-01.11.20:269][712]LogModuleManager: Shutting down and abandoning module Engine (14)
[2018.12.28-01.11.20:269][712]LogModuleManager: Shutting down and abandoning module CoreUObject (12)
[2018.12.28-01.11.20:269][712]LogModuleManager: Shutting down and abandoning module NetworkFile (10)
[2018.12.28-01.11.20:269][712]LogModuleManager: Shutting down and abandoning module CookedIterativeFile (8)
[2018.12.28-01.11.20:269][712]LogModuleManager: Shutting down and abandoning module StreamingFile (6)
[2018.12.28-01.11.20:269][712]LogModuleManager: Shutting down and abandoning module SandboxFile (4)
[2018.12.28-01.11.20:269][712]LogModuleManager: Shutting down and abandoning module PakFile (2)
[2018.12.28-01.11.20:279][712]LogExit: Exiting.
[2018.12.28-01.11.20:282][712]Log file closed, 12/28/18 01:11:20
