Log file open, 12/27/18 21:45:48
LogWindows: Failed to load 'aqProf.dll' (GetLastError=126)
LogWindows: File 'aqProf.dll' does not exist
LogWindows: Failed to load 'VSPerf140.dll' (GetLastError=126)
LogWindows: File 'VSPerf140.dll' does not exist
LogWindows: Failed to load 'VtuneApi.dll' (GetLastError=126)
LogWindows: File 'VtuneApi.dll' does not exist
LogWindows: Failed to load 'VtuneApi32e.dll' (GetLastError=126)
LogWindows: File 'VtuneApi32e.dll' does not exist
LogInit: Display: Running engine for game: FightingGame
LogPlatformFile: Not using cached read wrapper
LogTaskGraph: Started task graph with 5 named threads and 23 total threads with 3 sets of task threads.
LogStats: Stats thread started at 1.116033
LogD3D11RHI: Loaded GFSDK_Aftermath_Lib.x64.dll
LogICUInternationalization: Display: ICU TimeZone Detection - Raw Offset: +0:00, Platform Override: ''
LogPluginManager: Mounting plugin Paper2D
LogPluginManager: Mounting plugin AISupport
LogPluginManager: Mounting plugin LightPropagationVolume
LogPluginManager: Mounting plugin CLionSourceCodeAccess
LogPluginManager: Mounting plugin CodeLiteSourceCodeAccess
LogPluginManager: Mounting plugin GitSourceControl
LogPluginManager: Mounting plugin KDevelopSourceCodeAccess
LogPluginManager: Mounting plugin NullSourceCodeAccess
LogPluginManager: Mounting plugin PerforceSourceControl
LogPluginManager: Mounting plugin SubversionSourceControl
LogPluginManager: Mounting plugin UObjectPlugin
LogPluginManager: Mounting plugin VisualStudioCodeSourceCodeAccess
LogPluginManager: Mounting plugin VisualStudioSourceCodeAccess
LogPluginManager: Mounting plugin XCodeSourceCodeAccess
LogPluginManager: Mounting plugin AssetManagerEditor
LogPluginManager: Mounting plugin CryptoKeys
LogPluginManager: Mounting plugin DataValidation
LogPluginManager: Mounting plugin FacialAnimation
LogPluginManager: Mounting plugin GameplayTagsEditor
LogPluginManager: Mounting plugin MacGraphicsSwitching
LogPluginManager: Mounting plugin MeshEditor
LogPluginManager: Mounting plugin MobileLauncherProfileWizard
LogPluginManager: Mounting plugin PluginBrowser
LogPluginManager: Mounting plugin SpeedTreeImporter
LogPluginManager: Mounting plugin DatasmithContent
LogPluginManager: Mounting plugin AlembicImporter
LogPluginManager: Mounting plugin AppleImageUtils
LogPluginManager: Mounting plugin AppleVision
LogPluginManager: Mounting plugin BackChannel
LogPluginManager: Mounting plugin CharacterAI
LogPluginManager: Mounting plugin GeometryCache
LogPluginManager: Mounting plugin HTML5Networking
LogPluginManager: Mounting plugin ProxyLODPlugin
LogPluginManager: Mounting plugin MagicLeap
LogPluginManager: Mounting plugin MagicLeapEmulator
LogPluginManager: Mounting plugin MagicLeapMedia
LogPluginManager: Mounting plugin AndroidMedia
LogPluginManager: Mounting plugin AvfMedia
LogPluginManager: Mounting plugin ImgMedia
LogPluginManager: Mounting plugin LinearTimecode
LogPluginManager: Mounting plugin MediaCompositing
LogPluginManager: Mounting plugin MediaPlayerEditor
LogPluginManager: Mounting plugin WmfMedia
LogPluginManager: Mounting plugin TcpMessaging
LogPluginManager: Mounting plugin UdpMessaging
LogPluginManager: Mounting plugin ActorSequence
LogPluginManager: Mounting plugin LevelSequenceEditor
LogPluginManager: Mounting plugin MatineeToLevelSequence
LogPluginManager: Mounting plugin NetcodeUnitTest
LogPluginManager: Mounting plugin NUTUnrealEngine4
LogPluginManager: Mounting plugin OnlineSubsystemGooglePlay
LogPluginManager: Mounting plugin OnlineSubsystemIOS
LogPluginManager: Mounting plugin OnlineSubsystem
LogPluginManager: Mounting plugin OnlineSubsystemNull
LogPluginManager: Mounting plugin OnlineSubsystemUtils
LogPluginManager: Mounting plugin LauncherChunkInstaller
LogPluginManager: Mounting plugin AndroidDeviceProfileSelector
LogPluginManager: Mounting plugin AndroidMoviePlayer
LogPluginManager: Mounting plugin AndroidPermission
LogPluginManager: Mounting plugin AppleMoviePlayer
LogPluginManager: Mounting plugin ArchVisCharacter
LogPluginManager: Mounting plugin AudioCapture
LogPluginManager: Mounting plugin CableComponent
LogPluginManager: Mounting plugin CustomMeshComponent
LogPluginManager: Mounting plugin EditableMesh
LogPluginManager: Mounting plugin ExampleDeviceProfileSelector
LogPluginManager: Mounting plugin GoogleCloudMessaging
LogPluginManager: Mounting plugin ImmediatePhysics
LogPluginManager: Mounting plugin IOSDeviceProfileSelector
LogPluginManager: Mounting plugin LinuxDeviceProfileSelector
LogPluginManager: Mounting plugin LocationServicesBPLibrary
LogPluginManager: Mounting plugin MobilePatchingUtils
LogPluginManager: Mounting plugin OculusVR
LogPluginManager: Plugin shader directory ../../../Engine/Plugins/Runtime/Oculus/OculusVR/Shaders found
LogPluginManager: Mapping shader source directory ../../../Engine/Plugins/Runtime/Oculus/OculusVR/Shaders to virtual directory /Plugin/OculusVR
LogPluginManager: Mounting plugin PhysXVehicles
LogPluginManager: Mounting plugin ProceduralMeshComponent
LogPluginManager: Mounting plugin RuntimePhysXCooking
LogPluginManager: Mounting plugin SteamVR
LogPluginManager: Mounting plugin WindowsMoviePlayer
LogStreaming: Display: Took  0.248s to configure plugins.
LogInit: Using libcurl 7.55.1-DEV
LogInit:  - built for x86_64-pc-win32
LogInit:  - supports SSL with OpenSSL/1.0.2h
LogInit:  - supports HTTP deflate (compression) using libz 1.2.8
LogInit:  - other features:
LogInit:      CURL_VERSION_SSL
LogInit:      CURL_VERSION_LIBZ
LogInit:      CURL_VERSION_IPV6
LogInit:      CURL_VERSION_ASYNCHDNS
LogInit:      CURL_VERSION_LARGEFILE
LogInit:      CURL_VERSION_IDN
LogInit:  CurlRequestOptions (configurable via config and command line):
LogInit:  - bVerifyPeer = false  - Libcurl will NOT verify peer certificate
LogInit:  - bUseHttpProxy = false  - Libcurl will NOT use HTTP proxy
LogInit:  - bDontReuseConnections = false  - Libcurl will reuse connections
LogInit:  - CertBundlePath = nullptr  - Libcurl will use whatever was configured at build time.
LogInit:  - MaxHostConnections = 16  - Libcurl will limit the number of connections to a host
LogInit:  - LocalHostAddr = Default
LogInit:  - BufferSize = 65536
LogInit: WinSock: version 1.1 (2.2), MaxSocks=32767, MaxUdp=65467
LogInit: Build: ++UE4+Release-4.20-CL-4369336
LogInit: Engine Version: 4.20.3-4369336+++UE4+Release-4.20
LogInit: Compatible Engine Version: 4.20.0-4212847+++UE4+Release-4.20
LogInit: Net CL: 4212847
LogInit: OS: Windows 10 (), CPU: AMD FX(tm)-8320 Eight-Core Processor           , GPU: AMD Radeon HD 7800 Series
LogInit: Compiled (64-bit): Sep 17 2018 12:26:19
LogInit: Compiled with Visual C++: 19.13.26129.00
LogInit: Build Configuration: Development
LogInit: Branch Name: ++UE4+Release-4.20
LogInit: Command Line:  -skipcompile
LogInit: Base Directory: C:/Program Files/Epic Games/UE_4.20/Engine/Binaries/Win64/
LogInit: Installed Engine Build: 1
LogDevObjectVersion: Number of dev versions registered: 20
LogDevObjectVersion:   Dev-Blueprints (B0D832E4-1F89-4F0D-ACCF-7EB736FD4AA2): 10
LogDevObjectVersion:   Dev-Build (E1C64328-A22C-4D53-A36C-8E866417BD8C): 0
LogDevObjectVersion:   Dev-Core (375EC13C-06E4-48FB-B500-84F0262A717E): 2
LogDevObjectVersion:   Dev-Editor (E4B068ED-F494-42E9-A231-DA0B2E46BB41): 24
LogDevObjectVersion:   Dev-Framework (CFFC743F-43B0-4480-9391-14DF171D2073): 34
LogDevObjectVersion:   Dev-Mobile (B02B49B5-BB20-44E9-A304-32B752E40360): 2
LogDevObjectVersion:   Dev-Networking (A4E4105C-59A1-49B5-A7C5-40C4547EDFEE): 0
LogDevObjectVersion:   Dev-Online (39C831C9-5AE6-47DC-9A44-9C173E1C8E7C): 0
LogDevObjectVersion:   Dev-Physics (78F01B33-EBEA-4F98-B9B4-84EACCB95AA2): 0
LogDevObjectVersion:   Dev-Platform (6631380F-2D4D-43E0-8009-CF276956A95A): 0
LogDevObjectVersion:   Dev-Rendering (12F88B9F-8875-4AFC-A67C-D90C383ABD29): 26
LogDevObjectVersion:   Dev-Sequencer (7B5AE74C-D270-4C10-A958-57980B212A5A): 9
LogDevObjectVersion:   Dev-VR (D7296918-1DD6-4BDD-9DE2-64A83CC13884): 2
LogDevObjectVersion:   Dev-LoadTimes (C2A15278-BFE7-4AFE-6C17-90FF531DF755): 1
LogDevObjectVersion:   Private-Geometry (6EACA3D4-40EC-4CC1-B786-8BED09428FC5): 3
LogDevObjectVersion:   Dev-AnimPhys (29E575DD-E0A3-4627-9D10-D276232CDCEA): 17
LogDevObjectVersion:   Dev-ReflectionCapture (6B266CEC-1EC7-4B8F-A30B-E4D90942FC07): 1
LogDevObjectVersion:   Dev-Automation (0DF73D61-A23F-47EA-B727-89E90C41499A): 1
LogDevObjectVersion:   FortniteMain (601D1886-AC64-4F84-AA16-D3DE0DEAC7D6): 12
LogDevObjectVersion:   Dev-Enterprise (9DFFBCD6-494F-0158-E221-12823C92A888): 1
LogStreaming: Display: Took  0.001s to delete old logs.
LogInit: Presizing for max 8388607 objects, including 0 objects not considered by GC, pre-allocating 0 bytes for permanent pool.
LogInit: Object subsystem initialized
[2018.12.27-21.45.49:796][  0]LogInit: Selected Device Profile: [Windows]
[2018.12.27-21.45.49:796][  0]LogInit: Applying CVar settings loaded from the selected device profile: [Windows]
[2018.12.27-21.45.49:812][  0]LogHAL: Display: Platform has ~ 16 GB [17160523776 / 17179869184 / 16], which maps to Larger [LargestMinGB=32, LargerMinGB=12, DefaultMinGB=8, SmallerMinGB=6, SmallestMinGB=0)
[2018.12.27-21.45.49:812][  0]LogInit: Setting Device Profile CVar: [[r.Vulkan.UseRealUBs:1]]
[2018.12.27-21.45.49:813][  0]LogInit: Going up to parent DeviceProfile []
[2018.12.27-21.45.49:815][  0]LogInit: Computer: DESKTOP-OK86UV6
[2018.12.27-21.45.49:815][  0]LogInit: User: cynic
[2018.12.27-21.45.49:815][  0]LogInit: CPU Page size=4096, Cores=4
[2018.12.27-21.45.49:815][  0]LogInit: High frequency timer resolution =3.433156 MHz
[2018.12.27-21.45.49:816][  0]LogMemory: Memory total: Physical=16.0GB (16GB approx)
[2018.12.27-21.45.49:816][  0]LogMemory: Platform Memory Stats for Windows
[2018.12.27-21.45.49:816][  0]LogMemory: Process Physical Memory: 101.52 MB used, 101.52 MB peak
[2018.12.27-21.45.49:816][  0]LogMemory: Process Virtual Memory: 89.27 MB used, 89.27 MB peak
[2018.12.27-21.45.49:816][  0]LogMemory: Physical Memory: 7556.37 MB used,  8809.18 MB free, 16365.55 MB total
[2018.12.27-21.45.49:816][  0]LogMemory: Virtual Memory: 4624.50 MB used,  8809.18 MB free, 134217728.00 MB total
[2018.12.27-21.45.50:099][  0]LogInit: Using OS detected language (en-GB).
[2018.12.27-21.45.50:099][  0]LogInit: Using OS detected locale (en-GB).
[2018.12.27-21.45.50:102][  0]LogTextLocalizationManager: No specific localization for 'en-GB' exists, so the 'en' localization will be used.
[2018.12.27-21.45.50:671][  0]LogStreaming: Display: Took  0.571s to InitEngineTextLocalization.
[2018.12.27-21.45.50:672][  0]LogInit: Setting process to per monitor DPI aware
[2018.12.27-21.45.50:771][  0]LogSlate: New Slate User Created.  User Index 0, Is Virtual User: 0
[2018.12.27-21.45.50:771][  0]LogSlate: Slate User Registered.  User Index 0, Is Virtual User: 0
[2018.12.27-21.45.51:354][  0]LogHMD: Failed to initialize OpenVR with code 105
[2018.12.27-21.45.51:354][  0]LogD3D11RHI: D3D11 adapters:
[2018.12.27-21.45.51:410][  0]LogD3D11RHI:    0. 'AMD Radeon HD 7800 Series' (Feature Level 11_0)
[2018.12.27-21.45.51:411][  0]LogD3D11RHI:       2028/0/8182 MB DedicatedVideo/DedicatedSystem/SharedSystem, Outputs:1, VendorId:0x1002
[2018.12.27-21.45.51:419][  0]LogD3D11RHI:    1. 'Microsoft Basic Render Driver' (Feature Level 11_0)
[2018.12.27-21.45.51:419][  0]LogD3D11RHI:       0/0/8182 MB DedicatedVideo/DedicatedSystem/SharedSystem, Outputs:0, VendorId:0x1414
[2018.12.27-21.45.51:419][  0]LogD3D11RHI: Chosen D3D11 Adapter: 0
[2018.12.27-21.45.51:430][  0]LogD3D11RHI: Creating new Direct3DDevice
[2018.12.27-21.45.51:430][  0]LogD3D11RHI:     GPU DeviceId: 0x6818 (for the marketing name, search the web for "GPU Device Id")
[2018.12.27-21.45.51:431][  0]LogWindows: EnumDisplayDevices:
[2018.12.27-21.45.51:432][  0]LogWindows:    0. 'AMD Radeon HD 7800 Series' (P:1 D:1)
[2018.12.27-21.45.51:433][  0]LogWindows:    1. 'AMD Radeon HD 7800 Series' (P:0 D:0)
[2018.12.27-21.45.51:434][  0]LogWindows:    2. 'AMD Radeon HD 7800 Series' (P:0 D:0)
[2018.12.27-21.45.51:435][  0]LogWindows:    3. 'AMD Radeon HD 7800 Series' (P:0 D:0)
[2018.12.27-21.45.51:436][  0]LogWindows:    4. 'AMD Radeon HD 7800 Series' (P:0 D:0)
[2018.12.27-21.45.51:437][  0]LogWindows:    5. 'AMD Radeon HD 7800 Series' (P:0 D:0)
[2018.12.27-21.45.51:437][  0]LogWindows:    6. 'AMD Radeon HD 7800 Series' (P:0 D:0)
[2018.12.27-21.45.51:438][  0]LogWindows:    7. 'AMD Radeon HD 7800 Series' (P:0 D:0)
[2018.12.27-21.45.51:439][  0]LogWindows:    8. 'AMD Radeon HD 7800 Series' (P:0 D:0)
[2018.12.27-21.45.51:440][  0]LogWindows:    9. 'AMD Radeon HD 7800 Series' (P:0 D:0)
[2018.12.27-21.45.51:441][  0]LogWindows:    10. 'AMD Radeon HD 7800 Series' (P:0 D:0)
[2018.12.27-21.45.51:442][  0]LogWindows:    11. 'AMD Radeon HD 7800 Series' (P:0 D:0)
[2018.12.27-21.45.51:442][  0]LogWindows:    12. 'AMD Radeon HD 7800 Series' (P:0 D:0)
[2018.12.27-21.45.51:443][  0]LogWindows:    13. 'AMD Radeon HD 7800 Series' (P:0 D:0)
[2018.12.27-21.45.51:444][  0]LogWindows:    14. 'AMD Radeon HD 7800 Series' (P:0 D:0)
[2018.12.27-21.45.51:445][  0]LogWindows:    15. 'AMD Radeon HD 7800 Series' (P:0 D:0)
[2018.12.27-21.45.51:445][  0]LogWindows: DebugString: FoundDriverCount:16 
[2018.12.27-21.45.51:445][  0]LogD3D11RHI:     Adapter Name: AMD Radeon HD 7800 Series
[2018.12.27-21.45.51:446][  0]LogD3D11RHI:   Driver Version: Adrenalin 18.5.1 (internal:24.20.11016.4, unified:24.20.11016.4)
[2018.12.27-21.45.51:446][  0]LogD3D11RHI:      Driver Date: 5-16-2018
[2018.12.27-21.45.51:446][  0]LogRHI: Texture pool is 1419 MB (70% of 2028 MB)
[2018.12.27-21.45.51:559][  0]LogD3D11RHI: Async texture creation enabled
[2018.12.27-21.45.51:586][  0]LogD3D11RHI: GPU Timing Frequency: 27.000000 (Debug: 2 1)
[2018.12.27-21.45.51:590][  0]LogShaderCompilers: Guid format shader working directory is 6 characters bigger than the processId version (E:/Github Work/FightingGame/FightingGame/Intermediate/Shaders/WorkingDirectory/4276/).
[2018.12.27-21.45.51:591][  0]LogShaderCompilers: Cleaned the shader compiler working directory 'C:/Users/cynic/AppData/Local/Temp/UnrealShaderWorkingDir/7F1A9FFE4359230EEFE885843F652609/'.
[2018.12.27-21.45.52:011][  0]LogTemp: Display: Loaded TP AllDesktopTargetPlatform
[2018.12.27-21.45.52:040][  0]LogTemp: Display: Loaded TP MacClientTargetPlatform
[2018.12.27-21.45.52:068][  0]LogTemp: Display: Loaded TP MacNoEditorTargetPlatform
[2018.12.27-21.45.52:098][  0]LogTemp: Display: Loaded TP MacServerTargetPlatform
[2018.12.27-21.45.52:129][  0]LogTemp: Display: Loaded TP MacTargetPlatform
[2018.12.27-21.45.52:160][  0]LogTemp: Display: Loaded TP WindowsClientTargetPlatform
[2018.12.27-21.45.52:190][  0]LogTemp: Display: Loaded TP WindowsNoEditorTargetPlatform
[2018.12.27-21.45.52:219][  0]LogTemp: Display: Loaded TP WindowsServerTargetPlatform
[2018.12.27-21.45.52:236][  0]LogTemp: Display: Loaded TP WindowsTargetPlatform
[2018.12.27-21.45.52:381][  0]LogTemp: Display: Loaded TP AndroidTargetPlatform
[2018.12.27-21.45.52:381][  0]LogTemp: Display: Loaded TP AndroidTargetPlatform
[2018.12.27-21.45.52:382][  0]LogTemp: Display: Loaded TP AndroidTargetPlatform
[2018.12.27-21.45.52:382][  0]LogTemp: Display: Loaded TP AndroidTargetPlatform
[2018.12.27-21.45.52:382][  0]LogTemp: Display: Loaded TP AndroidTargetPlatform
[2018.12.27-21.45.52:382][  0]LogTemp: Display: Loaded TP AndroidTargetPlatform
[2018.12.27-21.45.52:382][  0]LogTemp: Display: Loaded TP AndroidTargetPlatform
[2018.12.27-21.45.52:382][  0]LogTemp: Display: Loaded TP AndroidTargetPlatform
[2018.12.27-21.45.52:382][  0]LogTemp: Display: Loaded TP AndroidTargetPlatform
[2018.12.27-21.45.52:382][  0]LogTemp: Display: Loaded TP AndroidTargetPlatform
[2018.12.27-21.45.52:382][  0]LogTemp: Display: Loaded TP AndroidTargetPlatform
[2018.12.27-21.45.52:382][  0]LogTemp: Display: Loaded TP AndroidTargetPlatform
[2018.12.27-21.45.52:382][  0]LogTemp: Display: Loaded TP AndroidTargetPlatform
[2018.12.27-21.45.52:382][  0]LogTemp: Display: Loaded TP AndroidTargetPlatform
[2018.12.27-21.45.52:382][  0]LogTemp: Display: Loaded TP AndroidTargetPlatform
[2018.12.27-21.45.52:383][  0]LogTemp: Display: Loaded TP AndroidTargetPlatform
[2018.12.27-21.45.52:383][  0]LogTemp: Display: Loaded TP AndroidTargetPlatform
[2018.12.27-21.45.52:383][  0]LogTemp: Display: Loaded TP AndroidTargetPlatform
[2018.12.27-21.45.52:390][  0]LogTemp: Display: Loaded TP HTML5TargetPlatform
[2018.12.27-21.45.52:494][  0]LogTemp: Display: Loaded TP IOSTargetPlatform
[2018.12.27-21.45.52:494][  0]LogTemp: Display: Loaded TP IOSTargetPlatform
[2018.12.27-21.45.52:548][  0]LogTemp: Display: Loaded TP TVOSTargetPlatform
[2018.12.27-21.45.52:548][  0]LogTemp: Display: Loaded TP TVOSTargetPlatform
[2018.12.27-21.45.52:577][  0]LogTemp: Display: Loaded TP LinuxClientTargetPlatform
[2018.12.27-21.45.52:604][  0]LogTemp: Display: Loaded TP LinuxNoEditorTargetPlatform
[2018.12.27-21.45.52:633][  0]LogTemp: Display: Loaded TP LinuxServerTargetPlatform
[2018.12.27-21.45.52:663][  0]LogTemp: Display: Loaded TP LinuxTargetPlatform
[2018.12.27-21.45.52:687][  0]LogTemp: Display: Loaded TP LuminTargetPlatform
[2018.12.27-21.45.52:687][  0]LogTargetPlatformManager: Display: Building Assets For Windows
[2018.12.27-21.45.52:922][  0]LogXGEController: Cleaning working directory: C:/Users/cynic/AppData/Local/Temp/UnrealXGEWorkingDir/
[2018.12.27-21.45.52:923][  0]LogXGEController: Cannot use XGE Controller as Incredibuild is not installed on this machine.
[2018.12.27-21.45.52:923][  0]LogShaderCompilers: Cannot use XGE Shader Compiler as Incredibuild is not installed on this machine.
[2018.12.27-21.45.52:923][  0]LogShaderCompilers: Display: Using Local Shader Compiler.
[2018.12.27-21.45.54:387][  0]LogDerivedDataCache: Display: Max Cache Size: 512 MB
[2018.12.27-21.45.54:971][  0]LogDerivedDataCache: Loaded boot cache 0.58s 71MB C:/Users/cynic/AppData/Local/UnrealEngine/4.20/DerivedDataCache/Boot.ddc.
[2018.12.27-21.45.54:973][  0]LogDerivedDataCache: Display: Loaded Boot cache: C:/Users/cynic/AppData/Local/UnrealEngine/4.20/DerivedDataCache/Boot.ddc
[2018.12.27-21.45.54:973][  0]LogDerivedDataCache: FDerivedDataBackendGraph:  Pak pak cache file E:/Github Work/FightingGame/FightingGame/DerivedDataCache/DDC.ddp not found, will not use a pak cache.
[2018.12.27-21.45.54:973][  0]LogDerivedDataCache: Unable to find inner node Pak for hierarchical cache Hierarchy.
[2018.12.27-21.45.54:973][  0]LogDerivedDataCache: FDerivedDataBackendGraph:  CompressedPak pak cache file E:/Github Work/FightingGame/FightingGame/DerivedDataCache/Compressed.ddp not found, will not use a pak cache.
[2018.12.27-21.45.54:973][  0]LogDerivedDataCache: Unable to find inner node CompressedPak for hierarchical cache Hierarchy.
[2018.12.27-21.45.54:997][  0]LogDerivedDataCache: Display: Pak cache opened for reading ../../../Engine/DerivedDataCache/Compressed.ddp.
[2018.12.27-21.45.55:011][  0]LogDerivedDataCache: Using Local data cache path C:/Users/cynic/AppData/Local/UnrealEngine/Common/DerivedDataCache: Writable
[2018.12.27-21.45.55:011][  0]LogDerivedDataCache: Shared data cache path not found in *engine.ini, will not use an Shared cache.
[2018.12.27-21.45.55:011][  0]LogDerivedDataCache: Unable to find inner node Shared for hierarchical cache Hierarchy.
[2018.12.27-21.45.55:048][  0]LogMaterial: Verifying Global Shaders for PCD3D_SM5
[2018.12.27-21.45.55:054][  0]LogSlate: Using FreeType 2.6.0
[2018.12.27-21.45.55:058][  0]LogSlate: SlateFontServices - WITH_FREETYPE: 1, WITH_HARFBUZZ: 1
[2018.12.27-21.45.55:228][  0]LogAssetRegistry: FAssetRegistry took 0.0351 seconds to start up
[2018.12.27-21.45.55:963][  0]LogInit: Selected Device Profile: [Windows]
[2018.12.27-21.45.56:355][  0]LogSimplygon: Simplygon DLL not present - disabling.
[2018.12.27-21.45.56:396][  0]LogMeshReduction: Using SimplygonSwarm for distributed automatic mesh merging
[2018.12.27-21.45.56:397][  0]LogMeshReduction: Using ProxyLODMeshReduction for automatic mesh merging
[2018.12.27-21.45.56:398][  0]LogMeshReduction: Using QuadricMeshReduction for automatic static mesh reduction
[2018.12.27-21.45.56:398][  0]LogMeshReduction: No automatic skeletal mesh reduction module available
[2018.12.27-21.45.56:459][  0]LogNetVersion: FightingGame 1.0.0, NetCL: 4212847, EngineNetVer: 5, GameNetVer: 0 (Checksum: 156865789)
[2018.12.27-21.45.57:853][  0]LogPackageLocalizationCache: Processed 11 localized package path(s) for 2 prioritized culture(s) in 0.241293 seconds
[2018.12.27-21.45.57:873][  0]LogUObjectArray: 38425 objects as part of root set at end of initial load.
[2018.12.27-21.45.57:873][  0]LogUObjectAllocator: 6690864 out of 0 bytes used by permanent object pool.
[2018.12.27-21.45.57:873][  0]LogUObjectArray: CloseDisregardForGC: 0/0 objects in disregard for GC pool
[2018.12.27-21.46.02:397][  0]LogTcpMessaging: Initializing TcpMessaging bridge
[2018.12.27-21.46.02:419][  0]LogUdpMessaging: Initializing bridge on interface 0.0.0.0:0 to multicast group 230.0.0.1:6666.
[2018.12.27-21.46.02:781][  0]SourceControl: Source control is disabled
[2018.12.27-21.46.02:782][  0]SourceControl: Source control is disabled
[2018.12.27-21.46.02:796][  0]SourceControl: Source control is disabled
[2018.12.27-21.46.02:805][  0]SourceControl: Source control is disabled
[2018.12.27-21.46.03:246][  0]LogAndroidPermission: UAndroidPermissionCallbackProxy::GetInstance
[2018.12.27-21.46.03:422][  0]LogOcInput: OculusInput pre-init called
[2018.12.27-21.46.03:563][  0]LogEngine: Initializing Engine...
[2018.12.27-21.46.03:577][  0]LogHMD: Failed to initialize OpenVR with code 105
[2018.12.27-21.46.03:583][  0]LogStats: UGameplayTagsManager::ConstructGameplayTagTree: ImportINI prefixes -  0.000 s
[2018.12.27-21.46.03:583][  0]LogStats: UGameplayTagsManager::ConstructGameplayTagTree: Construct from data asset -  0.000 s
[2018.12.27-21.46.03:584][  0]LogStats: UGameplayTagsManager::ConstructGameplayTagTree: ImportINI -  0.000 s
[2018.12.27-21.46.03:584][  0]LogStats: UGameplayTagsManager::ConstructGameplayTagTree: GameplayTagTreeChangedEvent.Broadcast -  0.000 s
[2018.12.27-21.46.03:911][  0]LogInit: Initializing FReadOnlyCVARCache
[2018.12.27-21.46.03:995][  0]LogAIModule: Creating AISystem for world Untitled
[2018.12.27-21.46.04:063][  0]LogInit: XAudio2 using 'Digital Audio (S/PDIF) (2- High Definition Audio Device)' : 2 channels at 48 kHz using 16 bits per sample (channel mask 0x3)
[2018.12.27-21.46.04:125][  0]LogInit: FAudioDevice initialized.
[2018.12.27-21.46.04:127][  0]LogNetVersion: Set ProjectVersion to 1.0.0.0. Version Checksum will be recalculated on next use.
[2018.12.27-21.46.04:279][  0]LogDerivedDataCache: Saved boot cache 0.15s 71MB C:/Users/cynic/AppData/Local/UnrealEngine/4.20/DerivedDataCache/Boot.ddc.
[2018.12.27-21.46.04:290][  0]LogInit: Texture streaming: Enabled
[2018.12.27-21.46.04:351][  0]LogEngineSessionManager: EngineSessionManager initialized
[2018.12.27-21.46.04:383][  0]LogInit: Transaction tracking system initialized
[2018.12.27-21.46.04:492][  0]BlueprintLog: New page: Editor Load
[2018.12.27-21.46.04:959][  0]LocalizationService: Localization service is disabled
[2018.12.27-21.46.05:118][  0]LogLinker: Warning: Can't find file '/Game/TopDownBP/TopDownOverview'
[2018.12.27-21.46.05:119][  0]LogLinker: Warning: Can't find file '/Game/TopDownBP/TopDownOverview'
[2018.12.27-21.46.05:119][  0]LogUObjectGlobals: Warning: Failed to find object 'Class /Game/TopDownBP/TopDownOverview.TopDownOverview_C'
[2018.12.27-21.46.05:536][  0]LogCook: Display: Max memory allowance for cook 16384mb min free memory 0mb
[2018.12.27-21.46.05:536][  0]LogCook: Display: Mobile HDR setting 1
[2018.12.27-21.46.05:538][  0]LogGameplayTags: Display: UGameplayTagsManager::DoneAddingNativeTags. DelegateIsBound: 0
[2018.12.27-21.46.05:539][  0]LogStats: UGameplayTagsManager::ConstructGameplayTagTree: ImportINI prefixes -  0.000 s
[2018.12.27-21.46.05:539][  0]LogStats: UGameplayTagsManager::ConstructGameplayTagTree: Construct from data asset -  0.000 s
[2018.12.27-21.46.05:539][  0]LogStats: UGameplayTagsManager::ConstructGameplayTagTree: ImportINI -  0.000 s
[2018.12.27-21.46.05:539][  0]LogStats: UGameplayTagsManager::ConstructGameplayTagTree: GameplayTagTreeChangedEvent.Broadcast -  0.000 s
[2018.12.27-21.46.05:758][  0]LogFileCache: Scanning file cache for directory 'E:/Github Work/FightingGame/FightingGame/Content/' took 0.02s
[2018.12.27-21.46.06:006][  0]SourceControl: Source control is disabled
[2018.12.27-21.46.06:008][  0]Cmd: MAP LOAD FILE="E:/Github Work/FightingGame/FightingGame/Content/StarterContent/Maps/Minimal_Default.umap" TEMPLATE=0 SHOWPROGRESS=1 FEATURELEVEL=3
[2018.12.27-21.46.06:010][  0]LightingResults: New page: Lighting Build
[2018.12.27-21.46.06:031][  0]MapCheck: New page: Map Check
[2018.12.27-21.46.06:031][  0]LightingResults: New page: Lighting Build
[2018.12.27-21.46.06:992][  0]LogAIModule: Creating AISystem for world Minimal_Default
[2018.12.27-21.46.07:048][  0]LogEditorServer: Finished looking for orphan Actors (0.000 secs)
[2018.12.27-21.46.07:145][  0]Cmd: MAP CHECKDEP NOCLEARLOG
[2018.12.27-21.46.07:295][  0]MapCheck: Map check complete: 0 Error(s), 0 Warning(s), took 149.759ms to complete.
[2018.12.27-21.46.07:296][  0]LogFileHelpers: Loading map 'Minimal_Default' took 1.289
[2018.12.27-21.46.07:555][  0]LogSlate: Updating window title bar state: overlay mode, drag disabled, window buttons hidden, title bar hidden
[2018.12.27-21.46.07:568][  0]LogSlate: Updating window title bar state: overlay mode, drag disabled, window buttons hidden, title bar hidden
[2018.12.27-21.46.07:582][  0]LogSlate: Updating window title bar state: overlay mode, drag disabled, window buttons hidden, title bar hidden
[2018.12.27-21.46.07:595][  0]LogSlate: Updating window title bar state: overlay mode, drag disabled, window buttons hidden, title bar hidden
[2018.12.27-21.46.07:620][  0]LogCollectionManager: Loaded 0 collections in 0.003810 seconds
[2018.12.27-21.46.07:717][  0]LogFileCache: Scanning file cache for directory 'E:/Github Work/FightingGame/FightingGame/Saved/Collections/' took 0.01s
[2018.12.27-21.46.07:717][  0]LogFileCache: Scanning file cache for directory 'E:/Github Work/FightingGame/FightingGame/Content/Developers/cynic/Collections/' took 0.01s
[2018.12.27-21.46.07:717][  0]LogFileCache: Scanning file cache for directory 'E:/Github Work/FightingGame/FightingGame/Content/Collections/' took 0.01s
[2018.12.27-21.46.07:717][  0]LogCollectionManager: Rebuilt the GUID cache for 0 collections in 0.000000 seconds
[2018.12.27-21.46.07:745][  0]LogContentBrowser: Native class hierarchy populated in 0.0263 seconds. Added 2577 classes and 605 folders.
[2018.12.27-21.46.07:767][  0]LogContentBrowser: Native class hierarchy updated for 'WidgetCarousel' in 0.0008 seconds. Added 0 classes and 0 folders.
[2018.12.27-21.46.07:984][  0]LogContentBrowser: Native class hierarchy updated for 'AddContentDialog' in 0.0008 seconds. Added 0 classes and 0 folders.
[2018.12.27-21.46.08:008][  0]LogContentBrowser: Native class hierarchy updated for 'SceneOutliner' in 0.0009 seconds. Added 1 classes and 2 folders.
[2018.12.27-21.46.08:116][  0]LogSlate: Took 0.002010 seconds to synchronously load lazily loaded font '../../../Engine/Content/Slate/Fonts/Roboto-Regular.ttf' (155K)
[2018.12.27-21.46.08:124][  0]LogSlate: Took 0.001946 seconds to synchronously load lazily loaded font '../../../Engine/Content/Slate/Fonts/Roboto-Bold.ttf' (160K)
[2018.12.27-21.46.08:141][  0]LogSlate: Took 0.001827 seconds to synchronously load lazily loaded font '../../../Engine/Content/Editor/Slate/Fonts/FontAwesome.ttf' (139K)
[2018.12.27-21.46.08:320][  0]LogRenderer: Reallocating scene render targets to support 1208x576 Format 10 NumSamples 1 (Frame:1).
[2018.12.27-21.46.08:495][  0]LogSlate: Took 0.001720 seconds to synchronously load lazily loaded font '../../../Engine/Content/Slate/Fonts/Roboto-Light.ttf' (167K)
[2018.12.27-21.46.08:661][  0]LogContentBrowser: Native class hierarchy updated for 'HierarchicalLODOutliner' in 0.0009 seconds. Added 0 classes and 0 folders.
[2018.12.27-21.46.08:661][  0]LogLoad: (Engine Initialization) Total time: 23.68 seconds
[2018.12.27-21.46.08:661][  0]LogLoad: (Engine Initialization) Total Blueprint compile time: 0.00 seconds
[2018.12.27-21.46.08:736][  0]LogContentStreaming: Texture pool size now 1000 MB
[2018.12.27-21.46.08:895][  2]LogAssetRegistry: Asset discovery search completed in 13.6932 seconds
[2018.12.27-21.46.08:900][  2]LogCollectionManager: Rebuilt the object cache for 0 collections in 0.000000 seconds (found 0 objects)
[2018.12.27-21.46.08:900][  2]LogCollectionManager: Fixed up redirectors for 0 collections in 0.000856 seconds (updated 0 objects)
[2018.12.27-22.36.21:021][104]LogSlate: FSceneViewport::OnFocusLost() reason 0
[2018.12.27-22.36.21:086][112]LogTemp: Repeating last play command: Selected Viewport
[2018.12.27-22.36.21:124][112]LogBlueprintUserMessages: Early PlayInEditor Detection: Level '/Game/StarterContent/Maps/Minimal_Default.Minimal_Default:PersistentLevel' has LevelScriptBlueprint '/Game/StarterContent/Maps/Minimal_Default.Minimal_Default:PersistentLevel.Minimal_Default' with GeneratedClass '/Game/StarterContent/Maps/Minimal_Default.Minimal_Default_C' with ClassGeneratedBy '/Game/StarterContent/Maps/Minimal_Default.Minimal_Default:PersistentLevel.Minimal_Default'
[2018.12.27-22.36.21:126][112]LogPlayLevel: PlayLevel: No blueprints needed recompiling
[2018.12.27-22.36.21:451][112]PIE: New page: PIE session: Minimal_Default (27 Dec 2018 22:36:21)
[2018.12.27-22.36.21:452][112]LogPlayLevel: Creating play world package: /Game/StarterContent/Maps/UEDPIE_1_Minimal_Default
[2018.12.27-22.36.21:470][112]LogPlayLevel: PIE: StaticDuplicateObject took: (0.017678s)
[2018.12.27-22.36.21:473][112]LogAIModule: Creating AISystem for world Minimal_Default
[2018.12.27-22.36.21:475][112]LogPlayLevel: PIE: World Init took: (0.004604s)
[2018.12.27-22.36.21:476][112]LogPlayLevel: PIE: Created PIE world by copying editor world from /Game/StarterContent/Maps/Minimal_Default.Minimal_Default to /Game/StarterContent/Maps/UEDPIE_1_Minimal_Default.Minimal_Default (0.023795s)
[2018.12.27-22.36.21:627][112]LogInit: XAudio2 using 'Digital Audio (S/PDIF) (2- High Definition Audio Device)' : 2 channels at 48 kHz using 16 bits per sample (channel mask 0x3)
[2018.12.27-22.36.21:647][112]LogInit: FAudioDevice initialized.
[2018.12.27-22.36.22:221][112]LogTexture: Display: Building textures: ProfileImage (BGRA8, 395X374)
[2018.12.27-22.36.22:222][112]LogSkeletalMesh: Building Skeletal Mesh ybot...
[2018.12.27-22.36.22:353][112]LogSkeletalMesh: Built Skeletal Mesh [0.13s] /Game/Y-Bot/ybot.ybot
[2018.12.27-22.36.22:359][112]LogMaterial: Display: Missing cached shader map for material Alpha_Body_MAT, compiling. 
[2018.12.27-22.36.22:506][112]LogShaderCompilers: Display: Shaders left to compile 60
[2018.12.27-22.36.22:506][112]LogShaderCompilers: Display: Shaders left to compile 50
[2018.12.27-22.36.22:506][112]LogShaderCompilers: Display: Shaders left to compile 40
[2018.12.27-22.36.22:506][112]LogShaderCompilers: Display: Shaders left to compile 30
[2018.12.27-22.36.22:506][112]LogAnimationCompression: Building Anim DDC data for AnimSequence /Game/Y-Bot/Animations/Boxing2_Anim_mixamo_com.Boxing2_Anim_mixamo_com
[2018.12.27-22.36.22:507][112]LogAnimationCompression: Recompressing (AnimSequence /Game/Y-Bot/Animations/Boxing2_Anim_mixamo_com.Boxing2_Anim_mixamo_com) using current/default (AnimCompress_BitwiseCompressOnly_0) bFirstRecompressUsingCurrentOrDefault(1) bTryAlternateCompressor(0) IsCompressedDataValid(0)
[2018.12.27-22.36.22:515][112]LogAnimationCompression: Building Anim DDC data for AnimSequence /Game/Y-Bot/Animations/Taunt_Anim_mixamo_com.Taunt_Anim_mixamo_com
[2018.12.27-22.36.22:515][112]LogAnimationCompression: Recompressing (AnimSequence /Game/Y-Bot/Animations/Taunt_Anim_mixamo_com.Taunt_Anim_mixamo_com) using current/default (AnimCompress_BitwiseCompressOnly_0) bFirstRecompressUsingCurrentOrDefault(1) bTryAlternateCompressor(0) IsCompressedDataValid(0)
[2018.12.27-22.36.22:606][112]LogAnimationCompression: Building Anim DDC data for AnimSequence /Game/Y-Bot/Animations/Punching_Anim_mixamo_com.Punching_Anim_mixamo_com
[2018.12.27-22.36.22:607][112]LogAnimationCompression: Recompressing (AnimSequence /Game/Y-Bot/Animations/Punching_Anim_mixamo_com.Punching_Anim_mixamo_com) using current/default (AnimCompress_BitwiseCompressOnly_0) bFirstRecompressUsingCurrentOrDefault(1) bTryAlternateCompressor(0) IsCompressedDataValid(0)
[2018.12.27-22.36.22:609][112]LogAnimationCompression: Building Anim DDC data for AnimSequence /Game/Y-Bot/Animations/Boxing_Anim_mixamo_com.Boxing_Anim_mixamo_com
[2018.12.27-22.36.22:610][112]LogAnimationCompression: Recompressing (AnimSequence /Game/Y-Bot/Animations/Boxing_Anim_mixamo_com.Boxing_Anim_mixamo_com) using current/default (AnimCompress_BitwiseCompressOnly_0) bFirstRecompressUsingCurrentOrDefault(1) bTryAlternateCompressor(0) IsCompressedDataValid(0)
[2018.12.27-22.36.22:615][112]LogAnimationCompression: Building Anim DDC data for AnimSequence /Game/Y-Bot/Animations/Walking_Anim_Backwards.Walking_Anim_Backwards
[2018.12.27-22.36.22:615][112]LogAnimationCompression: Recompressing (AnimSequence /Game/Y-Bot/Animations/Walking_Anim_Backwards.Walking_Anim_Backwards) using current/default (AnimCompress_BitwiseCompressOnly_0) bFirstRecompressUsingCurrentOrDefault(1) bTryAlternateCompressor(0) IsCompressedDataValid(0)
[2018.12.27-22.36.22:617][112]LogAnimationCompression: Building Anim DDC data for AnimSequence /Game/Y-Bot/Animations/Running_Anim_mixamo_com.Running_Anim_mixamo_com
[2018.12.27-22.36.22:618][112]LogAnimationCompression: Recompressing (AnimSequence /Game/Y-Bot/Animations/Running_Anim_mixamo_com.Running_Anim_mixamo_com) using current/default (AnimCompress_BitwiseCompressOnly_0) bFirstRecompressUsingCurrentOrDefault(1) bTryAlternateCompressor(0) IsCompressedDataValid(0)
[2018.12.27-22.36.22:644][112]LogAnimationCompression: Building Anim DDC data for AnimSequence /Game/Y-Bot/Animations/Idle_Anim_mixamo_com.Idle_Anim_mixamo_com
[2018.12.27-22.36.22:644][112]LogAnimationCompression: Recompressing (AnimSequence /Game/Y-Bot/Animations/Idle_Anim_mixamo_com.Idle_Anim_mixamo_com) using current/default (AnimCompress_BitwiseCompressOnly_0) bFirstRecompressUsingCurrentOrDefault(1) bTryAlternateCompressor(0) IsCompressedDataValid(0)
[2018.12.27-22.36.22:650][112]LogMaterial: Display: Missing cached shader map for material Alpha_Joints_MAT, compiling. 
[2018.12.27-22.36.22:692][112]LogLoad: Game class is 'FightingGameMode_C'
[2018.12.27-22.36.22:702][112]LogWorld: Bringing World /Game/StarterContent/Maps/UEDPIE_1_Minimal_Default.Minimal_Default up for play (max tick rate 0) at 2018.12.27-22.36.22
[2018.12.27-22.36.22:710][112]LogWorld: Bringing up level for play took: 0.008041
[2018.12.27-22.36.22:753][112]LogContentBrowser: Native class hierarchy updated for 'MovieSceneCapture' in 0.0019 seconds. Added 10 classes and 0 folders.
[2018.12.27-22.36.22:803][112]LogTemp: Display: ParseSettings for GameNetDriver
[2018.12.27-22.36.22:805][112]LogTemp: Display: ParseSettings for IpNetDriver_0
[2018.12.27-22.36.22:805][112]LogTemp: Display: ParseSettings for GameNetDriver
[2018.12.27-22.36.22:808][112]LogNet: ReplicationDriverClass is null! Not using ReplicationDriver.
[2018.12.27-22.36.22:809][112]LogInit: WinSock: Socket queue 131072 / 131072
[2018.12.27-22.36.22:809][112]LogInit: WinSock: I am DESKTOP-OK86UV6 (192.168.0.10:0)
[2018.12.27-22.36.22:811][112]PacketHandlerLog: Loaded PacketHandler component: Engine.EngineHandlerComponentFactory (StatelessConnectHandlerComponent)
[2018.12.27-22.36.22:813][112]LogNet: GameNetDriver IpNetDriver_0 IpNetDriver listening on port 17777
[2018.12.27-22.36.22:840][112]PIE: Play in editor start time for /Game/StarterContent/Maps/UEDPIE_1_Minimal_Default 1.756
[2018.12.27-22.36.22:853][112]PIE: New page: PIE session: Minimal_Default (27 Dec 2018 22:36:22)
[2018.12.27-22.36.22:875][112]LogSlate: FSceneViewport::OnFocusLost() reason 2
[2018.12.27-22.36.22:889][112]LogSlate: Updating window title bar state: overlay mode, drag disabled, window buttons hidden, title bar hidden
[2018.12.27-22.36.22:978][112]LogNet: Browse: 127.0.0.1:17777//Game/StarterContent/Maps/Minimal_Default
[2018.12.27-22.36.22:978][112]LogTemp: Display: ParseSettings for GameNetDriver
[2018.12.27-22.36.22:979][112]LogTemp: Display: ParseSettings for IpNetDriver_1
[2018.12.27-22.36.22:979][112]LogTemp: Display: ParseSettings for PendingNetDriver
[2018.12.27-22.36.22:979][112]LogInit: WinSock: Socket queue 32768 / 32768
[2018.12.27-22.36.22:981][112]PacketHandlerLog: Loaded PacketHandler component: Engine.EngineHandlerComponentFactory (StatelessConnectHandlerComponent)
[2018.12.27-22.36.22:983][112]LogNet: Game client on port 17777, rate 10000
[2018.12.27-22.36.22:988][112]PIE: Play in editor start time for /Game/StarterContent/Maps/Minimal_Default 1.904
[2018.12.27-22.36.23:013][112]LogBlueprintUserMessages: Late PlayInEditor Detection: Level '/Game/StarterContent/Maps/Minimal_Default.Minimal_Default:PersistentLevel' has LevelScriptBlueprint '/Game/StarterContent/Maps/Minimal_Default.Minimal_Default:PersistentLevel.Minimal_Default' with GeneratedClass '/Game/StarterContent/Maps/Minimal_Default.Minimal_Default_C' with ClassGeneratedBy '/Game/StarterContent/Maps/Minimal_Default.Minimal_Default:PersistentLevel.Minimal_Default'
[2018.12.27-22.36.23:017][112]LogNet: NotifyAcceptingConnection accepted from: 127.0.0.1:60783
[2018.12.27-22.36.23:018][112]LogHandshake: SendConnectChallenge. Timestamp: 0.008333, Cookie: 185062214166141149161111186175020010151004214024129102152062
[2018.12.27-22.36.23:042][112]LogHandshake: SendChallengeResponse. Timestamp: 0.008333, Cookie: 185062214166141149161111186175020010151004214024129102152062
[2018.12.27-22.36.23:215][113]LogNet: NotifyAcceptingConnection accepted from: 127.0.0.1:60783
[2018.12.27-22.36.23:216][113]LogHandshake: SendChallengeAck. InCookie: 185062214166141149161111186175020010151004214024129102152062
[2018.12.27-22.36.23:216][113]LogNet: Server accepting post-challenge connection from: 127.0.0.1:60783
[2018.12.27-22.36.23:217][113]PacketHandlerLog: Loaded PacketHandler component: Engine.EngineHandlerComponentFactory (StatelessConnectHandlerComponent)
[2018.12.27-22.36.23:217][113]LogNet: NotifyAcceptedConnection: Name: Minimal_Default, TimeStamp: 12/27/18 22:36:23, [UNetConnection] RemoteAddr: 127.0.0.1:60783, Name: IpConnection_1, Driver: GameNetDriver IpNetDriver_0, IsServer: YES, PC: NULL, Owner: NULL, UniqueId: INVALID
[2018.12.27-22.36.23:218][113]LogNet: AddClientConnection: Added client connection: [UNetConnection] RemoteAddr: 127.0.0.1:60783, Name: IpConnection_1, Driver: GameNetDriver IpNetDriver_0, IsServer: YES, PC: NULL, Owner: NULL, UniqueId: INVALID
[2018.12.27-22.36.23:222][113]LogCharacterMovement: Warning: GetSimulationTimeStep() - Max iterations 8 hit while remaining time 0.074260 > MaxSimulationTimeStep (0.050) for 'TestPlayer_C_0', movement 'Walking'
[2018.12.27-22.36.23:225][113]LogNetVersion: FightingGame 1.0.0.0, NetCL: 4212847, EngineNetVer: 5, GameNetVer: 0 (Checksum: 4124689447)
[2018.12.27-22.36.23:225][113]LogNet: UPendingNetGame::SendInitialJoin: Sending hello. [UNetConnection] RemoteAddr: 127.0.0.1:17777, Name: IpConnection_0, Driver: PendingNetDriver IpNetDriver_1, IsServer: NO, PC: NULL, Owner: NULL, UniqueId: INVALID
[2018.12.27-22.36.23:244][114]LogNet: NotifyAcceptingChannel Control 0 server World /Game/StarterContent/Maps/UEDPIE_1_Minimal_Default.Minimal_Default: Accepted
[2018.12.27-22.36.23:245][114]LogNet: Remote platform little endian=1
[2018.12.27-22.36.23:245][114]LogNet: This platform little endian=1
[2018.12.27-22.36.23:273][115]LogNet: Login request: /Game/StarterContent/Maps/Minimal_Default?Name=DESKTOP-OK86UV6-F9C02129433AA7F9F38B38AEDDA13BDF userId: DESKTOP-OK86UV6-F9C02129433AA7F9F38B38AEDDA13BDF
[2018.12.27-22.36.23:275][115]LogNet: Welcomed by server (Level: /Game/StarterContent/Maps/UEDPIE_1_Minimal_Default, Game: /Game/FightingGameMode.FightingGameMode_C)
[2018.12.27-22.36.23:277][115]LogLoad: LoadMap: 127.0.0.1:17777//Game/StarterContent/Maps/UEDPIE_1_Minimal_Default?game=/Game/FightingGameMode.FightingGameMode_C
[2018.12.27-22.36.23:396][115]LogAIModule: Creating AISystem for world Minimal_Default
[2018.12.27-22.36.23:397][115]LogTemp: Display: ParseSettings for GameNetDriver
[2018.12.27-22.36.23:399][115]LogWorld: Bringing World /Game/StarterContent/Maps/UEDPIE_2_Minimal_Default.Minimal_Default up for play (max tick rate 0) at 2018.12.27-22.36.23
[2018.12.27-22.36.23:400][115]LogWorld: Bringing up level for play took: 0.001343
[2018.12.27-22.36.23:400][115]LogLoad: Took 0.123654 seconds to LoadMap(/Game/StarterContent/Maps/UEDPIE_1_Minimal_Default)
[2018.12.27-22.36.23:424][116]LogRenderer: Reallocating scene render targets to support 1280x720 Format 10 NumSamples 1 (Frame:1).
[2018.12.27-22.36.23:426][116]LogNet: Client netspeed is 10000
[2018.12.27-22.36.23:426][116]LogNet: Join request: /Game/StarterContent/Maps/Minimal_Default?Name=DESKTOP-OK86UV6-F9C02129433AA7F9F38B38AEDDA13BDF?SplitscreenCount=1
[2018.12.27-22.36.23:427][116]LogOnline: Warning: OSS: No game present to join for session (GameSession)
[2018.12.27-22.36.23:438][116]LogNet: Join succeeded: DESKTOP-OK86UV6-F9C0
[2018.12.27-22.36.23:486][117]LogOnline: Warning: OSS: No game present to join for session (GameSession)
[2018.12.27-22.36.23:489][117]LogOnline: Warning: OSS: No game present to join for session (GameSession)
[2018.12.27-22.36.26:636][306]LogShaderCompilers: Display: Shaders left to compile 80
[2018.12.27-22.36.27:325][349]LogShaderCompilers: Display: Shaders left to compile 70
[2018.12.27-22.36.28:535][424]LogShaderCompilers: Display: Shaders left to compile 60
[2018.12.27-22.36.28:608][428]LogShaderCompilers: Display: Shaders left to compile 50
[2018.12.27-22.36.30:013][515]LogShaderCompilers: Display: Shaders left to compile 40
[2018.12.27-22.36.31:466][606]LogShaderCompilers: Display: Shaders left to compile 30
[2018.12.27-22.36.31:766][624]LogShaderCompilers: Display: Shaders left to compile 20
[2018.12.27-22.36.33:427][725]LogShaderCompilers: Display: Shaders left to compile 10
[2018.12.27-22.36.48:021][740]LogBlueprintUserMessages: Early EndPlayMap Detection: Level '/Game/StarterContent/Maps/Minimal_Default.Minimal_Default:PersistentLevel' has LevelScriptBlueprint '/Game/StarterContent/Maps/Minimal_Default.Minimal_Default:PersistentLevel.Minimal_Default' with GeneratedClass '/Game/StarterContent/Maps/Minimal_Default.Minimal_Default_C' with ClassGeneratedBy '/Game/StarterContent/Maps/Minimal_Default.Minimal_Default:PersistentLevel.Minimal_Default'
[2018.12.27-22.36.48:021][740]LogSlate: Updating window title bar state: overlay mode, drag disabled, window buttons hidden, title bar hidden
[2018.12.27-22.36.48:041][740]LogSlate: Window 'FightingGame Game Preview Client 1 (64-bit/PCD3D_SM5)' being destroyed
[2018.12.27-22.36.48:085][740]LogOnline: Warning: OSS: No game present to leave for session (GameSession)
[2018.12.27-22.36.48:087][740]LogSlate: Updating window title bar state: overlay mode, drag disabled, window buttons hidden, title bar hidden
[2018.12.27-22.36.48:133][740]LogPlayLevel: Display: Shutting down PIE online subsystems
[2018.12.27-22.36.48:133][740]LogBlueprintUserMessages: Late EndPlayMap Detection: Level '/Game/StarterContent/Maps/Minimal_Default.Minimal_Default:PersistentLevel' has LevelScriptBlueprint '/Game/StarterContent/Maps/Minimal_Default.Minimal_Default:PersistentLevel.Minimal_Default' with GeneratedClass '/Game/StarterContent/Maps/Minimal_Default.Minimal_Default_C' with ClassGeneratedBy '/Game/StarterContent/Maps/Minimal_Default.Minimal_Default:PersistentLevel.Minimal_Default'
[2018.12.27-22.36.48:250][740]LogSlate: Updating window title bar state: overlay mode, drag disabled, window buttons hidden, title bar hidden
[2018.12.27-22.36.48:255][740]LogNet: UChannel::CleanUp: ChIndex == 0. Closing connection. [UChannel] ChIndex: 0, Closing: 0 [UNetConnection] RemoteAddr: 127.0.0.1:17777, Name: None, Driver: GameNetDriver None, IsServer: NO, PC: None, Owner: None, UniqueId: NULL:DESKTOP-OK86UV6-F9C02129433AA7F9F38B38AEDDA13BDF
[2018.12.27-22.36.48:255][740]LogNet: UNetConnection::Close: [UNetConnection] RemoteAddr: 127.0.0.1:17777, Name: None, Driver: GameNetDriver None, IsServer: NO, PC: None, Owner: None, UniqueId: NULL:DESKTOP-OK86UV6-F9C02129433AA7F9F38B38AEDDA13BDF, Channels: 1, Time: 2018.12.27-22.36.48
[2018.12.27-22.36.48:255][740]LogNet: UChannel::Close: Sending CloseBunch. ChIndex == 0. Name: [UChannel] ChIndex: 0, Closing: 0 [UNetConnection] RemoteAddr: 127.0.0.1:17777, Name: None, Driver: GameNetDriver None, IsServer: NO, PC: None, Owner: None, UniqueId: NULL:DESKTOP-OK86UV6-F9C02129433AA7F9F38B38AEDDA13BDF
[2018.12.27-22.36.48:256][740]LogNet: UChannel::CleanUp: ChIndex == 0. Closing connection. [UChannel] ChIndex: 0, Closing: 0 [UNetConnection] RemoteAddr: 127.0.0.1:60783, Name: None, Driver: GameNetDriver None, IsServer: YES, PC: None, Owner: None, UniqueId: NULL:DESKTOP-OK86UV6-F9C02129433AA7F9F38B38AEDDA13BDF
[2018.12.27-22.36.48:256][740]LogNet: UNetConnection::Close: [UNetConnection] RemoteAddr: 127.0.0.1:60783, Name: None, Driver: GameNetDriver None, IsServer: YES, PC: None, Owner: None, UniqueId: NULL:DESKTOP-OK86UV6-F9C02129433AA7F9F38B38AEDDA13BDF, Channels: 1, Time: 2018.12.27-22.36.48
[2018.12.27-22.36.48:256][740]LogNet: UChannel::Close: Sending CloseBunch. ChIndex == 0. Name: [UChannel] ChIndex: 0, Closing: 0 [UNetConnection] RemoteAddr: 127.0.0.1:60783, Name: None, Driver: GameNetDriver None, IsServer: YES, PC: None, Owner: None, UniqueId: NULL:DESKTOP-OK86UV6-F9C02129433AA7F9F38B38AEDDA13BDF
[2018.12.27-22.36.48:258][740]LogExit: GameNetDriver None shut down
[2018.12.27-22.36.48:259][740]LogExit: GameNetDriver None shut down
[2018.12.27-22.36.48:299][741]LogPlayLevel: Display: Destroying online subsystem :Context_2
[2018.12.27-22.36.48:300][741]LogPlayLevel: Display: Destroying online subsystem :Context_1
[2018.12.27-22.36.53:136][301]LogSlate: FSceneViewport::OnFocusLost() reason 0
[2018.12.27-22.36.56:508][677]LogTemp: Repeating last play command: Selected Viewport
[2018.12.27-22.36.56:528][677]LogBlueprintUserMessages: Early PlayInEditor Detection: Level '/Game/StarterContent/Maps/Minimal_Default.Minimal_Default:PersistentLevel' has LevelScriptBlueprint '/Game/StarterContent/Maps/Minimal_Default.Minimal_Default:PersistentLevel.Minimal_Default' with GeneratedClass '/Game/StarterContent/Maps/Minimal_Default.Minimal_Default_C' with ClassGeneratedBy '/Game/StarterContent/Maps/Minimal_Default.Minimal_Default:PersistentLevel.Minimal_Default'
[2018.12.27-22.36.56:529][677]LogPlayLevel: PlayLevel: No blueprints needed recompiling
[2018.12.27-22.36.56:540][677]PIE: New page: PIE session: Minimal_Default (27 Dec 2018 22:36:56)
[2018.12.27-22.36.56:540][677]LogPlayLevel: Creating play world package: /Game/StarterContent/Maps/UEDPIE_1_Minimal_Default
[2018.12.27-22.36.56:547][677]LogPlayLevel: PIE: StaticDuplicateObject took: (0.006035s)
[2018.12.27-22.36.56:548][677]LogAIModule: Creating AISystem for world Minimal_Default
[2018.12.27-22.36.56:549][677]LogPlayLevel: PIE: World Init took: (0.001613s)
[2018.12.27-22.36.56:549][677]LogPlayLevel: PIE: Created PIE world by copying editor world from /Game/StarterContent/Maps/Minimal_Default.Minimal_Default to /Game/StarterContent/Maps/UEDPIE_1_Minimal_Default.Minimal_Default (0.008446s)
[2018.12.27-22.36.56:689][677]LogInit: XAudio2 using 'Digital Audio (S/PDIF) (2- High Definition Audio Device)' : 2 channels at 48 kHz using 16 bits per sample (channel mask 0x3)
[2018.12.27-22.36.56:708][677]LogInit: FAudioDevice initialized.
[2018.12.27-22.36.56:750][677]LogLoad: Game class is 'FightingGameMode_C'
[2018.12.27-22.36.56:752][677]LogWorld: Bringing World /Game/StarterContent/Maps/UEDPIE_1_Minimal_Default.Minimal_Default up for play (max tick rate 0) at 2018.12.27-22.36.56
[2018.12.27-22.36.56:752][677]LogWorld: Bringing up level for play took: 0.001184
[2018.12.27-22.36.56:768][677]LogTemp: Display: ParseSettings for GameNetDriver
[2018.12.27-22.36.56:768][677]LogTemp: Display: ParseSettings for IpNetDriver_2
[2018.12.27-22.36.56:768][677]LogTemp: Display: ParseSettings for GameNetDriver
[2018.12.27-22.36.56:768][677]LogNet: ReplicationDriverClass is null! Not using ReplicationDriver.
[2018.12.27-22.36.56:768][677]LogInit: WinSock: Socket queue 131072 / 131072
[2018.12.27-22.36.56:769][677]PacketHandlerLog: Loaded PacketHandler component: Engine.EngineHandlerComponentFactory (StatelessConnectHandlerComponent)
[2018.12.27-22.36.56:769][677]LogNet: GameNetDriver IpNetDriver_2 IpNetDriver listening on port 17777
[2018.12.27-22.36.56:771][677]PIE: Play in editor start time for /Game/StarterContent/Maps/UEDPIE_1_Minimal_Default -0.312
[2018.12.27-22.36.56:780][677]PIE: New page: PIE session: Minimal_Default (27 Dec 2018 22:36:56)
[2018.12.27-22.36.56:797][677]LogSlate: FSceneViewport::OnFocusLost() reason 2
[2018.12.27-22.36.56:805][677]LogSlate: Updating window title bar state: overlay mode, drag disabled, window buttons hidden, title bar hidden
[2018.12.27-22.36.56:868][677]LogNet: Browse: 127.0.0.1:17777//Game/StarterContent/Maps/Minimal_Default
[2018.12.27-22.36.56:869][677]LogTemp: Display: ParseSettings for GameNetDriver
[2018.12.27-22.36.56:869][677]LogTemp: Display: ParseSettings for IpNetDriver_3
[2018.12.27-22.36.56:869][677]LogTemp: Display: ParseSettings for PendingNetDriver
[2018.12.27-22.36.56:869][677]LogInit: WinSock: Socket queue 32768 / 32768
[2018.12.27-22.36.56:870][677]PacketHandlerLog: Loaded PacketHandler component: Engine.EngineHandlerComponentFactory (StatelessConnectHandlerComponent)
[2018.12.27-22.36.56:870][677]LogNet: Game client on port 17777, rate 10000
[2018.12.27-22.36.56:874][677]PIE: Play in editor start time for /Game/StarterContent/Maps/Minimal_Default -0.209
[2018.12.27-22.36.56:892][677]LogBlueprintUserMessages: Late PlayInEditor Detection: Level '/Game/StarterContent/Maps/Minimal_Default.Minimal_Default:PersistentLevel' has LevelScriptBlueprint '/Game/StarterContent/Maps/Minimal_Default.Minimal_Default:PersistentLevel.Minimal_Default' with GeneratedClass '/Game/StarterContent/Maps/Minimal_Default.Minimal_Default_C' with ClassGeneratedBy '/Game/StarterContent/Maps/Minimal_Default.Minimal_Default:PersistentLevel.Minimal_Default'
[2018.12.27-22.36.56:893][677]LogNet: NotifyAcceptingConnection accepted from: 127.0.0.1:62938
[2018.12.27-22.36.56:893][677]LogHandshake: SendConnectChallenge. Timestamp: 0.009773, Cookie: 196180025078146101218116249132102170185113059198068221085209
[2018.12.27-22.36.56:895][677]LogHandshake: SendChallengeResponse. Timestamp: 0.009773, Cookie: 196180025078146101218116249132102170185113059198068221085209
[2018.12.27-22.36.56:970][678]LogNet: NotifyAcceptingConnection accepted from: 127.0.0.1:62938
[2018.12.27-22.36.56:970][678]LogHandshake: SendChallengeAck. InCookie: 196180025078146101218116249132102170185113059198068221085209
[2018.12.27-22.36.56:970][678]LogNet: Server accepting post-challenge connection from: 127.0.0.1:62938
[2018.12.27-22.36.56:971][678]PacketHandlerLog: Loaded PacketHandler component: Engine.EngineHandlerComponentFactory (StatelessConnectHandlerComponent)
[2018.12.27-22.36.56:971][678]LogNet: NotifyAcceptedConnection: Name: Minimal_Default, TimeStamp: 12/27/18 22:36:56, [UNetConnection] RemoteAddr: 127.0.0.1:62938, Name: IpConnection_3, Driver: GameNetDriver IpNetDriver_2, IsServer: YES, PC: NULL, Owner: NULL, UniqueId: INVALID
[2018.12.27-22.36.56:971][678]LogNet: AddClientConnection: Added client connection: [UNetConnection] RemoteAddr: 127.0.0.1:62938, Name: IpConnection_3, Driver: GameNetDriver IpNetDriver_2, IsServer: YES, PC: NULL, Owner: NULL, UniqueId: INVALID
[2018.12.27-22.36.56:972][678]LogCharacterMovement: Warning: GetSimulationTimeStep() - Max iterations 8 hit while remaining time 0.075699 > MaxSimulationTimeStep (0.050) for 'TestPlayer_C_0', movement 'Walking'
[2018.12.27-22.36.56:973][678]LogNet: UPendingNetGame::SendInitialJoin: Sending hello. [UNetConnection] RemoteAddr: 127.0.0.1:17777, Name: IpConnection_2, Driver: PendingNetDriver IpNetDriver_3, IsServer: NO, PC: NULL, Owner: NULL, UniqueId: INVALID
[2018.12.27-22.36.56:986][679]LogNet: NotifyAcceptingChannel Control 0 server World /Game/StarterContent/Maps/UEDPIE_1_Minimal_Default.Minimal_Default: Accepted
[2018.12.27-22.36.56:986][679]LogNet: Remote platform little endian=1
[2018.12.27-22.36.56:986][679]LogNet: This platform little endian=1
[2018.12.27-22.36.57:007][680]LogNet: Login request: /Game/StarterContent/Maps/Minimal_Default?Name=DESKTOP-OK86UV6-B32142C44C6C4B7000038EB4C88F83A2 userId: DESKTOP-OK86UV6-B32142C44C6C4B7000038EB4C88F83A2
[2018.12.27-22.36.57:008][680]LogNet: Welcomed by server (Level: /Game/StarterContent/Maps/UEDPIE_1_Minimal_Default, Game: /Game/FightingGameMode.FightingGameMode_C)
[2018.12.27-22.36.57:011][680]LogLoad: LoadMap: 127.0.0.1:17777//Game/StarterContent/Maps/UEDPIE_1_Minimal_Default?game=/Game/FightingGameMode.FightingGameMode_C
[2018.12.27-22.36.57:141][680]LogAIModule: Creating AISystem for world Minimal_Default
[2018.12.27-22.36.57:142][680]LogTemp: Display: ParseSettings for GameNetDriver
[2018.12.27-22.36.57:144][680]LogWorld: Bringing World /Game/StarterContent/Maps/UEDPIE_2_Minimal_Default.Minimal_Default up for play (max tick rate 0) at 2018.12.27-22.36.57
[2018.12.27-22.36.57:144][680]LogWorld: Bringing up level for play took: 0.001177
[2018.12.27-22.36.57:145][680]LogLoad: Took 0.134117 seconds to LoadMap(/Game/StarterContent/Maps/UEDPIE_1_Minimal_Default)
[2018.12.27-22.36.57:162][681]LogNet: Client netspeed is 10000
[2018.12.27-22.36.57:162][681]LogNet: Join request: /Game/StarterContent/Maps/Minimal_Default?Name=DESKTOP-OK86UV6-B32142C44C6C4B7000038EB4C88F83A2?SplitscreenCount=1
[2018.12.27-22.36.57:163][681]LogOnline: Warning: OSS: No game present to join for session (GameSession)
[2018.12.27-22.36.57:166][681]LogNet: Join succeeded: DESKTOP-OK86UV6-B321
[2018.12.27-22.36.57:189][682]LogOnline: Warning: OSS: No game present to join for session (GameSession)
[2018.12.27-22.36.57:191][682]LogOnline: Warning: OSS: No game present to join for session (GameSession)
[2018.12.27-22.41.41:885][660]LogBlueprintUserMessages: Early EndPlayMap Detection: Level '/Game/StarterContent/Maps/Minimal_Default.Minimal_Default:PersistentLevel' has LevelScriptBlueprint '/Game/StarterContent/Maps/Minimal_Default.Minimal_Default:PersistentLevel.Minimal_Default' with GeneratedClass '/Game/StarterContent/Maps/Minimal_Default.Minimal_Default_C' with ClassGeneratedBy '/Game/StarterContent/Maps/Minimal_Default.Minimal_Default:PersistentLevel.Minimal_Default'
[2018.12.27-22.41.41:886][660]LogSlate: Updating window title bar state: overlay mode, drag disabled, window buttons hidden, title bar hidden
[2018.12.27-22.41.41:913][660]LogSlate: Window 'FightingGame Game Preview Client 1 (64-bit/PCD3D_SM5)' being destroyed
[2018.12.27-22.41.41:956][660]LogOnline: Warning: OSS: No game present to leave for session (GameSession)
[2018.12.27-22.41.41:957][660]LogSlate: Updating window title bar state: overlay mode, drag disabled, window buttons hidden, title bar hidden
[2018.12.27-22.41.42:000][660]LogPlayLevel: Display: Shutting down PIE online subsystems
[2018.12.27-22.41.42:001][660]LogBlueprintUserMessages: Late EndPlayMap Detection: Level '/Game/StarterContent/Maps/Minimal_Default.Minimal_Default:PersistentLevel' has LevelScriptBlueprint '/Game/StarterContent/Maps/Minimal_Default.Minimal_Default:PersistentLevel.Minimal_Default' with GeneratedClass '/Game/StarterContent/Maps/Minimal_Default.Minimal_Default_C' with ClassGeneratedBy '/Game/StarterContent/Maps/Minimal_Default.Minimal_Default:PersistentLevel.Minimal_Default'
[2018.12.27-22.41.42:130][660]LogNet: UChannel::CleanUp: ChIndex == 0. Closing connection. [UChannel] ChIndex: 0, Closing: 0 [UNetConnection] RemoteAddr: 127.0.0.1:62938, Name: IpConnection_3, Driver: GameNetDriver IpNetDriver_2, IsServer: YES, PC: None, Owner: None, UniqueId: NULL:DESKTOP-OK86UV6-B32142C44C6C4B7000038EB4C88F83A2
[2018.12.27-22.41.42:130][660]LogNet: UNetConnection::Close: [UNetConnection] RemoteAddr: 127.0.0.1:62938, Name: IpConnection_3, Driver: GameNetDriver IpNetDriver_2, IsServer: YES, PC: None, Owner: None, UniqueId: NULL:DESKTOP-OK86UV6-B32142C44C6C4B7000038EB4C88F83A2, Channels: 2, Time: 2018.12.27-22.41.42
[2018.12.27-22.41.42:130][660]LogNet: UChannel::Close: Sending CloseBunch. ChIndex == 0. Name: [UChannel] ChIndex: 0, Closing: 0 [UNetConnection] RemoteAddr: 127.0.0.1:62938, Name: IpConnection_3, Driver: GameNetDriver IpNetDriver_2, IsServer: YES, PC: None, Owner: None, UniqueId: NULL:DESKTOP-OK86UV6-B32142C44C6C4B7000038EB4C88F83A2
[2018.12.27-22.41.42:131][660]LogNet: UChannel::CleanUp: ChIndex == 0. Closing connection. [UChannel] ChIndex: 0, Closing: 0 [UNetConnection] RemoteAddr: 127.0.0.1:17777, Name: IpConnection_2, Driver: GameNetDriver IpNetDriver_3, IsServer: NO, PC: None, Owner: None, UniqueId: NULL:DESKTOP-OK86UV6-B32142C44C6C4B7000038EB4C88F83A2
[2018.12.27-22.41.42:131][660]LogNet: UNetConnection::Close: [UNetConnection] RemoteAddr: 127.0.0.1:17777, Name: IpConnection_2, Driver: GameNetDriver IpNetDriver_3, IsServer: NO, PC: None, Owner: None, UniqueId: NULL:DESKTOP-OK86UV6-B32142C44C6C4B7000038EB4C88F83A2, Channels: 2, Time: 2018.12.27-22.41.42
[2018.12.27-22.41.42:131][660]LogNet: UChannel::Close: Sending CloseBunch. ChIndex == 0. Name: [UChannel] ChIndex: 0, Closing: 0 [UNetConnection] RemoteAddr: 127.0.0.1:17777, Name: IpConnection_2, Driver: GameNetDriver IpNetDriver_3, IsServer: NO, PC: None, Owner: None, UniqueId: NULL:DESKTOP-OK86UV6-B32142C44C6C4B7000038EB4C88F83A2
[2018.12.27-22.41.42:135][660]LogSlate: Updating window title bar state: overlay mode, drag disabled, window buttons hidden, title bar hidden
[2018.12.27-22.41.42:137][660]LogExit: GameNetDriver None shut down
[2018.12.27-22.41.42:137][660]LogExit: GameNetDriver None shut down
[2018.12.27-22.41.42:182][661]LogPlayLevel: Display: Destroying online subsystem :Context_4
[2018.12.27-22.41.42:182][661]LogPlayLevel: Display: Destroying online subsystem :Context_3
[2018.12.27-23.04.35:445][551]LogSlate: FSceneViewport::OnFocusLost() reason 0
[2018.12.27-23.05.24:869][396]LogSlate: Took 0.000427 seconds to synchronously load lazily loaded font '../../../Engine/Content/Slate/Fonts/Roboto-Light.ttf' (167K)
[2018.12.27-23.05.24:880][396]LogAssetEditorManager: Opening Asset editor for Blueprint /Game/PlayerManager_BP.PlayerManager_BP
[2018.12.27-23.05.25:718][396]LogContentBrowser: Native class hierarchy updated for 'BlueprintGraph' in 0.0024 seconds. Added 116 classes and 0 folders.
[2018.12.27-23.05.27:133][396]LogSlate: Took 0.002053 seconds to synchronously load lazily loaded font '../../../Engine/Content/Slate/Fonts/Roboto-BoldCondensed.ttf' (158K)
[2018.12.27-23.05.27:208][397]LogSlate: Took 0.001644 seconds to synchronously load lazily loaded font '../../../Engine/Content/Slate/Fonts/Roboto-Italic.ttf' (157K)
[2018.12.27-23.05.47:712][507]LogSlate: Window 'FightingGame - Unreal Editor' being destroyed
[2018.12.27-23.05.48:001][508]Cmd: QUIT_EDITOR
[2018.12.27-23.05.48:349][508]LogWindowsTextInputMethodSystem: Display: IME system now deactivated.
[2018.12.27-23.05.48:373][508]LogExit: Preparing to exit.
[2018.12.27-23.05.48:944][508]LogExit: Editor shut down
[2018.12.27-23.05.48:945][508]LogExit: Transaction tracking system shut down
[2018.12.27-23.05.49:763][508]LogExit: Object subsystem successfully closed.
[2018.12.27-23.05.49:823][508]LogShaderCompilers: Display: Shaders left to compile 0
[2018.12.27-23.05.49:833][508]LogD3D11RHI: Shutdown
[2018.12.27-23.05.49:833][508]LogD3D11RHI: CleanupD3DDevice
[2018.12.27-23.05.49:844][508]LogD3D11RHI: ~FD3D11DynamicRHI
[2018.12.27-23.05.49:929][508]LogModuleManager: Shutting down and abandoning module BlueprintGraph (620)
[2018.12.27-23.05.49:929][508]LogModuleManager: Shutting down and abandoning module MovieSceneCapture (616)
[2018.12.27-23.05.49:929][508]LogModuleManager: Shutting down and abandoning module Voice (614)
[2018.12.27-23.05.49:929][508]LogModuleManager: Shutting down and abandoning module HierarchicalLODOutliner (612)
[2018.12.27-23.05.49:930][508]LogModuleManager: Shutting down and abandoning module SceneOutliner (610)
[2018.12.27-23.05.49:930][508]LogModuleManager: Shutting down and abandoning module AddContentDialog (608)
[2018.12.27-23.05.49:935][508]LogModuleManager: Shutting down and abandoning module WidgetCarousel (607)
[2018.12.27-23.05.49:935][508]LogModuleManager: Shutting down and abandoning module EditorWidgets (604)
[2018.12.27-23.05.49:935][508]LogModuleManager: Shutting down and abandoning module CollectionManager (602)
[2018.12.27-23.05.49:937][508]LogModuleManager: Shutting down and abandoning module StatsViewer (600)
[2018.12.27-23.05.49:937][508]LogModuleManager: Shutting down and abandoning module FoliageEdit (598)
[2018.12.27-23.05.49:938][508]LogModuleManager: Shutting down and abandoning module LandscapeEditor (596)
[2018.12.27-23.05.49:939][508]LogModuleManager: Shutting down and abandoning module MeshPaintMode (594)
[2018.12.27-23.05.49:940][508]LogModuleManager: Shutting down and abandoning module SceneDepthPickerMode (592)
[2018.12.27-23.05.49:940][508]LogModuleManager: Shutting down and abandoning module ActorPickerMode (590)
[2018.12.27-23.05.49:940][508]LogModuleManager: Shutting down and abandoning module GeometryMode (588)
[2018.12.27-23.05.49:940][508]LogModuleManager: Shutting down and abandoning module TextureAlignMode (586)
[2018.12.27-23.05.49:940][508]LogModuleManager: Shutting down and abandoning module BspMode (584)
[2018.12.27-23.05.49:940][508]LogModuleManager: Shutting down and abandoning module PIEPreviewDeviceProfileSelector (582)
[2018.12.27-23.05.49:941][508]LogModuleManager: Shutting down and abandoning module SequenceRecorderSections (580)
[2018.12.27-23.05.49:941][508]LogModuleManager: Shutting down and abandoning module AutomationWorker (578)
[2018.12.27-23.05.49:942][508]LogModuleManager: Shutting down and abandoning module AudioCaptureEditor (576)
[2018.12.27-23.05.49:942][508]LogModuleManager: Shutting down and abandoning module SequenceRecorder (575)
[2018.12.27-23.05.49:942][508]LogModuleManager: Shutting down and abandoning module MatineeToLevelSequence (572)
[2018.12.27-23.05.49:943][508]LogModuleManager: Shutting down and abandoning module LevelSequenceEditor (570)
[2018.12.27-23.05.49:945][508]LogModuleManager: Shutting down and abandoning module PlacementMode (569)
[2018.12.27-23.05.49:945][508]LogModuleManager: Shutting down and abandoning module MaterialEditor (568)
[2018.12.27-23.05.49:948][508]LogModuleManager: Shutting down and abandoning module WmfMediaFactory (564)
[2018.12.27-23.05.49:948][508]LogModuleManager: Shutting down and abandoning module WmfMediaEditor (562)
[2018.12.27-23.05.49:948][508]LogModuleManager: Shutting down and abandoning module MediaPlayerEditor (560)
[2018.12.27-23.05.49:949][508]LogModuleManager: Shutting down and abandoning module OpenExrWrapper (558)
[2018.12.27-23.05.49:950][508]LogModuleManager: Shutting down and abandoning module ImgMediaFactory (556)
[2018.12.27-23.05.49:950][508]LogModuleManager: Shutting down and abandoning module ImgMediaEditor (554)
[2018.12.27-23.05.49:950][508]LogModuleManager: Shutting down and abandoning module AvfMediaFactory (552)
[2018.12.27-23.05.49:950][508]LogModuleManager: Shutting down and abandoning module AvfMediaEditor (550)
[2018.12.27-23.05.49:950][508]LogModuleManager: Shutting down and abandoning module AndroidMediaFactory (548)
[2018.12.27-23.05.49:950][508]LogModuleManager: Shutting down and abandoning module AndroidMediaEditor (546)
[2018.12.27-23.05.49:950][508]LogModuleManager: Shutting down and abandoning module MagicLeapCameraPreviewFactory (544)
[2018.12.27-23.05.49:950][508]LogModuleManager: Shutting down and abandoning module MagicLeapMediaFactory (542)
[2018.12.27-23.05.49:950][508]LogModuleManager: Shutting down and abandoning module MagicLeapMediaEditor (540)
[2018.12.27-23.05.49:951][508]LogModuleManager: Shutting down and abandoning module CharacterAI (538)
[2018.12.27-23.05.49:951][508]LogModuleManager: Shutting down and abandoning module SmartSnapping (536)
[2018.12.27-23.05.49:951][508]LogModuleManager: Shutting down and abandoning module SessionServices (534)
[2018.12.27-23.05.49:951][508]LogModuleManager: Shutting down and abandoning module ViewportSnapping (532)
[2018.12.27-23.05.49:951][508]LogModuleManager: Shutting down and abandoning module ViewportInteraction (530)
[2018.12.27-23.05.49:951][508]LogModuleManager: Shutting down and abandoning module ClothPainter (528)
[2018.12.27-23.05.49:952][508]LogModuleManager: Shutting down and abandoning module SkeletalMeshEditor (527)
[2018.12.27-23.05.49:954][508]LogModuleManager: Shutting down and abandoning module LogVisualizer (524)
[2018.12.27-23.05.49:956][508]LogModuleManager: Shutting down and abandoning module IntroTutorials (522)
[2018.12.27-23.05.49:957][508]LogModuleManager: Shutting down and abandoning module GameProjectGeneration (521)
[2018.12.27-23.05.49:958][508]LogModuleManager: Shutting down and abandoning module LuminPlatformEditor (518)
[2018.12.27-23.05.49:958][508]LogModuleManager: Shutting down and abandoning module IOSPlatformEditor (516)
[2018.12.27-23.05.49:958][508]LogModuleManager: Shutting down and abandoning module HTML5PlatformEditor (514)
[2018.12.27-23.05.49:958][508]LogModuleManager: Shutting down and abandoning module AndroidPlatformEditor (512)
[2018.12.27-23.05.49:959][508]LogModuleManager: Shutting down and abandoning module AndroidDeviceDetection (511)
[2018.12.27-23.05.50:800][508]LogModuleManager: Shutting down and abandoning module WindowsPlatformEditor (508)
[2018.12.27-23.05.50:800][508]LogModuleManager: Shutting down and abandoning module LuminRuntimeSettings (506)
[2018.12.27-23.05.50:801][508]LogModuleManager: Shutting down and abandoning module IOSRuntimeSettings (504)
[2018.12.27-23.05.50:801][508]LogModuleManager: Shutting down and abandoning module AndroidRuntimeSettings (502)
[2018.12.27-23.05.50:801][508]LogModuleManager: Shutting down and abandoning module InputBindingEditor (500)
[2018.12.27-23.05.50:803][508]LogModuleManager: Shutting down and abandoning module MergeActors (498)
[2018.12.27-23.05.50:804][508]LogModuleManager: Shutting down and abandoning module LocalizationDashboard (496)
[2018.12.27-23.05.50:806][508]LogModuleManager: Shutting down and abandoning module LocalizationService (495)
[2018.12.27-23.05.50:806][508]LogModuleManager: Shutting down and abandoning module HardwareTargeting (492)
[2018.12.27-23.05.50:807][508]LogModuleManager: Shutting down and abandoning module DeviceProfileEditor (490)
[2018.12.27-23.05.50:807][508]LogModuleManager: Shutting down and abandoning module UndoHistory (488)
[2018.12.27-23.05.50:808][508]LogModuleManager: Shutting down and abandoning module XmlParser (486)
[2018.12.27-23.05.50:808][508]LogModuleManager: Shutting down and abandoning module Blutility (484)
[2018.12.27-23.05.50:809][508]LogModuleManager: Shutting down and abandoning module ProjectSettingsViewer (482)
[2018.12.27-23.05.50:809][508]LogModuleManager: Shutting down and abandoning module ProjectTargetPlatformEditor (481)
[2018.12.27-23.05.50:810][508]LogModuleManager: Shutting down and abandoning module EditorSettingsViewer (478)
[2018.12.27-23.05.50:811][508]LogModuleManager: Shutting down and abandoning module SettingsEditor (476)
[2018.12.27-23.05.50:813][508]LogModuleManager: Shutting down and abandoning module ProjectLauncher (474)
[2018.12.27-23.05.50:815][508]LogModuleManager: Shutting down and abandoning module SessionFrontend (472)
[2018.12.27-23.05.50:816][508]LogModuleManager: Shutting down and abandoning module ProfilerClient (470)
[2018.12.27-23.05.50:817][508]LogModuleManager: Shutting down and abandoning module DeviceManager (468)
[2018.12.27-23.05.50:817][508]LogModuleManager: Shutting down and abandoning module TargetDeviceServices (467)
[2018.12.27-23.05.50:874][508]LogModuleManager: Shutting down and abandoning module AutomationController (464)
[2018.12.27-23.05.50:875][508]LogModuleManager: Shutting down and abandoning module AutomationWindow (462)
[2018.12.27-23.05.50:876][508]LogModuleManager: Shutting down and abandoning module Layers (460)
[2018.12.27-23.05.50:879][508]LogModuleManager: Shutting down and abandoning module ComponentVisualizers (458)
[2018.12.27-23.05.50:879][508]LogModuleManager: Shutting down and abandoning module DetailCustomizations (456)
[2018.12.27-23.05.50:919][508]LogModuleManager: Shutting down and abandoning module PackagesDialog (454)
[2018.12.27-23.05.50:920][508]LogModuleManager: Shutting down and abandoning module Persona (452)
[2018.12.27-23.05.50:922][508]LogModuleManager: Shutting down and abandoning module AdvancedPreviewScene (451)
[2018.12.27-23.05.50:922][508]LogModuleManager: Shutting down and abandoning module AnimGraph (449)
[2018.12.27-23.05.50:922][508]LogModuleManager: Shutting down and abandoning module Kismet (446)
[2018.12.27-23.05.50:932][508]LogModuleManager: Shutting down and abandoning module GraphEditor (444)
[2018.12.27-23.05.50:932][508]LogModuleManager: Shutting down and abandoning module ClassViewer (442)
[2018.12.27-23.05.50:932][508]LogModuleManager: Shutting down and abandoning module Toolbox (440)
[2018.12.27-23.05.50:932][508]LogModuleManager: Shutting down and abandoning module DesktopPlatform (439)
[2018.12.27-23.05.50:933][508]LogModuleManager: Shutting down and abandoning module ModuleUI (436)
[2018.12.27-23.05.50:934][508]LogModuleManager: Shutting down and abandoning module MovieSceneTools (434)
[2018.12.27-23.05.50:935][508]LogModuleManager: Shutting down and abandoning module OutputLog (432)
[2018.12.27-23.05.50:935][508]LogModuleManager: Shutting down and abandoning module GammaUI (430)
[2018.12.27-23.05.50:935][508]LogModuleManager: Shutting down and abandoning module Documentation (428)
[2018.12.27-23.05.50:935][508]LogModuleManager: Shutting down and abandoning module MovieSceneTracks (426)
[2018.12.27-23.05.50:935][508]LogModuleManager: Shutting down and abandoning module MovieScene (424)
[2018.12.27-23.05.50:936][508]LogModuleManager: Shutting down and abandoning module StreamingPauseRendering (422)
[2018.12.27-23.05.50:936][508]LogModuleManager: Shutting down and abandoning module LauncherPlatform (420)
[2018.12.27-23.05.50:936][508]LogModuleManager: Shutting down and abandoning module AnalyticsET (418)
[2018.12.27-23.05.50:936][508]LogModuleManager: Shutting down and abandoning module PortalServices (416)
[2018.12.27-23.05.50:937][508]LogModuleManager: Shutting down and abandoning module PortalRpc (414)
[2018.12.27-23.05.50:937][508]LogModuleManager: Shutting down and abandoning module MessagingRpc (412)
[2018.12.27-23.05.50:937][508]LogModuleManager: Shutting down and abandoning module AIModule (410)
[2018.12.27-23.05.50:938][508]LogModuleManager: Shutting down and abandoning module GameplayDebugger (409)
[2018.12.27-23.05.50:938][508]LogModuleManager: Shutting down and abandoning module AITestSuite (407)
[2018.12.27-23.05.50:939][508]LogModuleManager: Shutting down and abandoning module NavigationSystem (405)
[2018.12.27-23.05.50:939][508]LogModuleManager: Shutting down and abandoning module ProfilerService (402)
[2018.12.27-23.05.51:152][508]LogModuleManager: Shutting down and abandoning module TaskGraph (400)
[2018.12.27-23.05.51:154][508]LogModuleManager: Shutting down and abandoning module SteamVRController (398)
[2018.12.27-23.05.51:154][508]LogModuleManager: Shutting down and abandoning module ProceduralMeshComponentEditor (396)
[2018.12.27-23.05.51:154][508]LogModuleManager: Shutting down and abandoning module ProceduralMeshComponent (394)
[2018.12.27-23.05.51:155][508]LogModuleManager: Shutting down and abandoning module OculusInput (392)
[2018.12.27-23.05.51:155][508]LogModuleManager: Shutting down and abandoning module MobilePatchingUtils (390)
[2018.12.27-23.05.51:155][508]LogModuleManager: Shutting down and abandoning module EditableMesh (388)
[2018.12.27-23.05.51:156][508]LogModuleManager: Shutting down and abandoning module CustomMeshComponent (386)
[2018.12.27-23.05.51:156][508]LogModuleManager: Shutting down and abandoning module CableComponent (384)
[2018.12.27-23.05.51:157][508]LogModuleManager: Shutting down and abandoning module AudioCapture (382)
[2018.12.27-23.05.51:157][508]LogModuleManager: Shutting down and abandoning module ArchVisCharacter (380)
[2018.12.27-23.05.51:157][508]LogModuleManager: Shutting down and abandoning module AndroidPermission (378)
[2018.12.27-23.05.51:157][508]LogModuleManager: Shutting down and abandoning module NUTUnrealEngine4 (376)
[2018.12.27-23.05.51:158][508]LogModuleManager: Shutting down and abandoning module NetcodeUnitTest (374)
[2018.12.27-23.05.51:161][508]LogModuleManager: Shutting down and abandoning module MediaCompositingEditor (372)
[2018.12.27-23.05.51:161][508]LogModuleManager: Shutting down and abandoning module MediaCompositing (370)
[2018.12.27-23.05.51:161][508]LogModuleManager: Shutting down and abandoning module LinearTimecode (368)
[2018.12.27-23.05.51:161][508]LogModuleManager: Shutting down and abandoning module ImgMedia (366)
[2018.12.27-23.05.51:187][508]LogModuleManager: Shutting down and abandoning module HTML5Networking (364)
[2018.12.27-23.05.51:188][508]LogModuleManager: Shutting down and abandoning module GeometryCacheTracks (362)
[2018.12.27-23.05.51:188][508]LogModuleManager: Shutting down and abandoning module GeometryCacheSequencer (360)
[2018.12.27-23.05.51:188][508]LogModuleManager: Shutting down and abandoning module BackChannel (358)
[2018.12.27-23.05.51:190][508]LogModuleManager: Shutting down and abandoning module AppleVision (356)
[2018.12.27-23.05.51:190][508]LogModuleManager: Shutting down and abandoning module AppleImageUtils (354)
[2018.12.27-23.05.51:190][508]LogModuleManager: Shutting down and abandoning module AlembicImporter (352)
[2018.12.27-23.05.51:190][508]LogModuleManager: Shutting down and abandoning module AlembicLibrary (351)
[2018.12.27-23.05.51:190][508]LogModuleManager: Shutting down and abandoning module GeometryCache (350)
[2018.12.27-23.05.51:190][508]LogModuleManager: Shutting down and abandoning module GeometryCacheEd (349)
[2018.12.27-23.05.51:190][508]LogModuleManager: Shutting down and abandoning module DatasmithContentEditor (344)
[2018.12.27-23.05.51:191][508]LogModuleManager: Shutting down and abandoning module DatasmithContent (342)
[2018.12.27-23.05.51:192][508]LogModuleManager: Shutting down and abandoning module SpeedTreeImporter (340)
[2018.12.27-23.05.51:192][508]LogModuleManager: Shutting down and abandoning module PluginBrowser (338)
[2018.12.27-23.05.51:195][508]LogModuleManager: Shutting down and abandoning module MobileLauncherProfileWizard (336)
[2018.12.27-23.05.51:196][508]LogModuleManager: Shutting down and abandoning module PolygonModeling (334)
[2018.12.27-23.05.51:196][508]LogModuleManager: Shutting down and abandoning module MeshEditor (332)
[2018.12.27-23.05.51:197][508]LogModuleManager: Shutting down and abandoning module CryptoKeysOpenSSL (330)
[2018.12.27-23.05.51:197][508]LogModuleManager: Shutting down and abandoning module CryptoKeys (328)
[2018.12.27-23.05.51:197][508]LogModuleManager: Shutting down and abandoning module VisualStudioSourceCodeAccess (326)
[2018.12.27-23.05.51:197][508]LogModuleManager: Shutting down and abandoning module VisualStudioCodeSourceCodeAccess (324)
[2018.12.27-23.05.51:198][508]LogModuleManager: Shutting down and abandoning module UObjectPlugin (322)
[2018.12.27-23.05.51:198][508]LogModuleManager: Shutting down and abandoning module SubversionSourceControl (320)
[2018.12.27-23.05.51:199][508]LogModuleManager: Shutting down and abandoning module PerforceSourceControl (318)
[2018.12.27-23.05.51:200][508]LogModuleManager: Shutting down and abandoning module GitSourceControl (316)
[2018.12.27-23.05.51:201][508]LogModuleManager: Shutting down and abandoning module SourceControl (315)
[2018.12.27-23.05.51:202][508]LogModuleManager: Shutting down and abandoning module CLionSourceCodeAccess (312)
[2018.12.27-23.05.51:202][508]LogModuleManager: Shutting down and abandoning module LightPropagationVolumeEditor (310)
[2018.12.27-23.05.51:202][508]LogModuleManager: Shutting down and abandoning module PaperTiledImporter (308)
[2018.12.27-23.05.51:203][508]LogModuleManager: Shutting down and abandoning module PaperSpriteSheetImporter (306)
[2018.12.27-23.05.51:203][508]LogModuleManager: Shutting down and abandoning module Paper2DEditor (304)
[2018.12.27-23.05.51:204][508]LogModuleManager: Shutting down and abandoning module MeshPaint (303)
[2018.12.27-23.05.51:205][508]LogModuleManager: Shutting down and abandoning module FightingGame (300)
[2018.12.27-23.05.51:205][508]LogModuleManager: Shutting down and abandoning module RuntimePhysXCooking (298)
[2018.12.27-23.05.51:206][508]LogModuleManager: Shutting down and abandoning module PhysXVehiclesEditor (296)
[2018.12.27-23.05.51:206][508]LogModuleManager: Shutting down and abandoning module PhysXVehicles (294)
[2018.12.27-23.05.51:206][508]LogModuleManager: Shutting down and abandoning module OculusEditor (292)
[2018.12.27-23.05.51:206][508]LogModuleManager: Shutting down and abandoning module LocationServicesBPLibrary (290)
[2018.12.27-23.05.51:207][508]LogModuleManager: Shutting down and abandoning module ImmediatePhysicsEditor (288)
[2018.12.27-23.05.51:207][508]LogModuleManager: Shutting down and abandoning module ImmediatePhysics (286)
[2018.12.27-23.05.51:208][508]LogModuleManager: Shutting down and abandoning module ActorSequence (284)
[2018.12.27-23.05.51:208][508]LogModuleManager: Shutting down and abandoning module UdpMessaging (282)
[2018.12.27-23.05.51:309][508]LogModuleManager: Shutting down and abandoning module TcpMessaging (280)
[2018.12.27-23.05.51:410][508]LogModuleManager: Shutting down and abandoning module MagicLeapAudio (278)
[2018.12.27-23.05.51:410][508]LogModuleManager: Shutting down and abandoning module GameplayTagsEditor (276)
[2018.12.27-23.05.51:411][508]LogModuleManager: Shutting down and abandoning module FacialAnimationEditor (274)
[2018.12.27-23.05.51:411][508]LogModuleManager: Shutting down and abandoning module FacialAnimation (272)
[2018.12.27-23.05.51:411][508]LogModuleManager: Shutting down and abandoning module DataValidation (270)
[2018.12.27-23.05.51:411][508]LogModuleManager: Shutting down and abandoning module AssetManagerEditor (268)
[2018.12.27-23.05.51:412][508]LogModuleManager: Shutting down and abandoning module LevelEditor (267)
[2018.12.27-23.05.51:415][508]LogModuleManager: Shutting down and abandoning module PixelInspectorModule (266)
[2018.12.27-23.05.51:416][508]LogModuleManager: Shutting down and abandoning module CommonMenuExtensions (264)
[2018.12.27-23.05.51:416][508]LogModuleManager: Shutting down and abandoning module MainFrame (262)
[2018.12.27-23.05.51:417][508]LogModuleManager: Shutting down and abandoning module HotReload (261)
[2018.12.27-23.05.51:418][508]LogModuleManager: Shutting down and abandoning module ContentBrowser (257)
[2018.12.27-23.05.51:422][508]LogModuleManager: Shutting down and abandoning module TreeMap (255)
[2018.12.27-23.05.51:422][508]LogModuleManager: Shutting down and abandoning module LightPropagationVolumeRuntime (252)
[2018.12.27-23.05.51:422][508]LogModuleManager: Shutting down and abandoning module AISupportModule (250)
[2018.12.27-23.05.51:423][508]LogModuleManager: Shutting down and abandoning module Paper2D (248)
[2018.12.27-23.05.51:423][508]LogModuleManager: Shutting down and abandoning module WindowsMoviePlayer (246)
[2018.12.27-23.05.51:424][508]LogModuleManager: Shutting down and abandoning module WmfMedia (244)
[2018.12.27-23.05.51:428][508]LogModuleManager: Shutting down and abandoning module Media (243)
[2018.12.27-23.05.51:435][508]LogModuleManager: Shutting down and abandoning module PacketHandler (240)
[2018.12.27-23.05.51:435][508]LogModuleManager: Shutting down and abandoning module ClothingSystemEditor (238)
[2018.12.27-23.05.51:435][508]LogModuleManager: Shutting down and abandoning module ClothingSystemRuntime (236)
[2018.12.27-23.05.51:436][508]LogModuleManager: Shutting down and abandoning module MediaAssets (234)
[2018.12.27-23.05.51:436][508]LogModuleManager: Shutting down and abandoning module Overlay (232)
[2018.12.27-23.05.51:436][508]LogModuleManager: Shutting down and abandoning module OverlayEditor (231)
[2018.12.27-23.05.51:436][508]LogModuleManager: Shutting down and abandoning module VREditor (228)
[2018.12.27-23.05.51:437][508]LogModuleManager: Shutting down and abandoning module StringTableEditor (226)
[2018.12.27-23.05.51:438][508]LogModuleManager: Shutting down and abandoning module GameplayTasksEditor (224)
[2018.12.27-23.05.51:438][508]LogModuleManager: Shutting down and abandoning module BehaviorTreeEditor (222)
[2018.12.27-23.05.51:440][508]LogModuleManager: Shutting down and abandoning module FunctionalTesting (220)
[2018.12.27-23.05.51:441][508]LogModuleManager: Shutting down and abandoning module CollisionAnalyzer (218)
[2018.12.27-23.05.51:442][508]LogModuleManager: Shutting down and abandoning module WorkspaceMenuStructure (217)
[2018.12.27-23.05.51:442][508]LogModuleManager: Shutting down and abandoning module UMG (214)
[2018.12.27-23.05.51:442][508]LogModuleManager: Shutting down and abandoning module UMGEditor (213)
[2018.12.27-23.05.51:444][508]LogModuleManager: Shutting down and abandoning module Sequencer (212)
[2018.12.27-23.05.51:446][508]LogModuleManager: Shutting down and abandoning module MessageLog (209)
[2018.12.27-23.05.51:446][508]LogModuleManager: Shutting down and abandoning module SlateReflector (204)
[2018.12.27-23.05.51:449][508]LogModuleManager: Shutting down and abandoning module Slate (202)
[2018.12.27-23.05.51:449][508]LogModuleManager: Shutting down and abandoning module EditorStyle (200)
[2018.12.27-23.05.51:453][508]LogModuleManager: Shutting down and abandoning module MRMesh (198)
[2018.12.27-23.05.51:454][508]LogModuleManager: Shutting down and abandoning module SourceCodeAccess (196)
[2018.12.27-23.05.51:454][508]LogModuleManager: Shutting down and abandoning module HeadMountedDisplay (194)
[2018.12.27-23.05.51:454][508]LogModuleManager: Shutting down and abandoning module XAudio2 (192)
[2018.12.27-23.05.51:454][508]LogModuleManager: Shutting down and abandoning module Networking (190)
[2018.12.27-23.05.51:454][508]LogModuleManager: Shutting down and abandoning module Core (188)
[2018.12.27-23.05.51:454][508]LogModuleManager: Shutting down and abandoning module LevelSequence (186)
[2018.12.27-23.05.51:454][508]LogModuleManager: Shutting down and abandoning module KismetCompiler (184)
[2018.12.27-23.05.51:454][508]LogModuleManager: Shutting down and abandoning module MeshUtilities (182)
[2018.12.27-23.05.51:455][508]LogModuleManager: Shutting down and abandoning module MeshMergeUtilities (181)
[2018.12.27-23.05.51:456][508]LogModuleManager: Shutting down and abandoning module MeshReductionInterface (180)
[2018.12.27-23.05.51:456][508]LogModuleManager: Shutting down and abandoning module SimplygonSwarm (179)
[2018.12.27-23.05.51:457][508]LogModuleManager: Shutting down and abandoning module ProxyLODMeshReduction (177)
[2018.12.27-23.05.51:458][508]LogModuleManager: Shutting down and abandoning module SimplygonMeshReduction (175)
[2018.12.27-23.05.51:458][508]LogModuleManager: Shutting down and abandoning module QuadricMeshReduction (173)
[2018.12.27-23.05.51:458][508]LogModuleManager: Shutting down and abandoning module MaterialBaking (169)
[2018.12.27-23.05.51:459][508]LogModuleManager: Shutting down and abandoning module DirectoryWatcher (165)
[2018.12.27-23.05.51:460][508]LogModuleManager: Shutting down and abandoning module DerivedDataCache (162)
[2018.12.27-23.05.51:560][508]LogDerivedDataCache: Shutdown
[2018.12.27-23.05.51:561][508]LogModuleManager: Shutting down and abandoning module XGEController (160)
[2018.12.27-23.05.51:561][508]LogXGEController: Cleaning working directory: C:/Users/cynic/AppData/Local/Temp/UnrealXGEWorkingDir/
[2018.12.27-23.05.51:562][508]LogModuleManager: Shutting down and abandoning module TargetPlatform (158)
[2018.12.27-23.05.51:562][508]LogModuleManager: Shutting down and abandoning module VulkanShaderFormat (157)
[2018.12.27-23.05.51:563][508]LogModuleManager: Shutting down and abandoning module ShaderFormatVectorVM (155)
[2018.12.27-23.05.51:563][508]LogModuleManager: Shutting down and abandoning module ShaderFormatOpenGL (153)
[2018.12.27-23.05.51:564][508]LogModuleManager: Shutting down and abandoning module ShaderFormatD3D (151)
[2018.12.27-23.05.51:564][508]LogModuleManager: Shutting down and abandoning module MetalShaderFormat (149)
[2018.12.27-23.05.51:565][508]LogModuleManager: Shutting down and abandoning module TextureFormatUncompressed (147)
[2018.12.27-23.05.51:565][508]LogModuleManager: Shutting down and abandoning module TextureFormatPVR (145)
[2018.12.27-23.05.51:565][508]LogModuleManager: Shutting down and abandoning module TextureFormatDXT (143)
[2018.12.27-23.05.51:565][508]LogModuleManager: Shutting down and abandoning module TextureFormatIntelISPCTexComp (141)
[2018.12.27-23.05.51:567][508]LogModuleManager: Shutting down and abandoning module TextureFormatASTC (139)
[2018.12.27-23.05.51:567][508]LogModuleManager: Shutting down and abandoning module ImageWrapper (138)
[2018.12.27-23.05.51:567][508]LogModuleManager: Shutting down and abandoning module TextureFormatAndroid (135)
[2018.12.27-23.05.51:567][508]LogModuleManager: Shutting down and abandoning module AudioFormatOpus (133)
[2018.12.27-23.05.51:567][508]LogModuleManager: Shutting down and abandoning module AudioFormatOgg (131)
[2018.12.27-23.05.51:567][508]LogModuleManager: Shutting down and abandoning module AudioFormatADPCM (129)
[2018.12.27-23.05.51:567][508]LogModuleManager: Shutting down and abandoning module LuminTargetPlatform (127)
[2018.12.27-23.05.51:567][508]LogModuleManager: Shutting down and abandoning module LinuxTargetPlatform (125)
[2018.12.27-23.05.51:568][508]LogModuleManager: Shutting down and abandoning module LinuxServerTargetPlatform (123)
[2018.12.27-23.05.51:568][508]LogModuleManager: Shutting down and abandoning module LinuxNoEditorTargetPlatform (121)
[2018.12.27-23.05.51:568][508]LogModuleManager: Shutting down and abandoning module LinuxClientTargetPlatform (119)
[2018.12.27-23.05.51:569][508]LogModuleManager: Shutting down and abandoning module TVOSTargetPlatform (117)
[2018.12.27-23.05.51:580][508]LogModuleManager: Shutting down and abandoning module Messaging (115)
[2018.12.27-23.05.51:580][508]LogModuleManager: Shutting down and abandoning module IOSTargetPlatform (113)
[2018.12.27-23.05.51:588][508]LogModuleManager: Shutting down and abandoning module HTML5TargetPlatform (111)
[2018.12.27-23.05.51:588][508]LogModuleManager: Shutting down and abandoning module AndroidTargetPlatform (109)
[2018.12.27-23.05.51:640][508]LogModuleManager: Shutting down and abandoning module WindowsTargetPlatform (107)
[2018.12.27-23.05.51:640][508]LogModuleManager: Shutting down and abandoning module WindowsServerTargetPlatform (105)
[2018.12.27-23.05.51:640][508]LogModuleManager: Shutting down and abandoning module WindowsNoEditorTargetPlatform (103)
[2018.12.27-23.05.51:640][508]LogModuleManager: Shutting down and abandoning module WindowsClientTargetPlatform (101)
[2018.12.27-23.05.51:640][508]LogModuleManager: Shutting down and abandoning module MacTargetPlatform (99)
[2018.12.27-23.05.51:640][508]LogModuleManager: Shutting down and abandoning module MacServerTargetPlatform (97)
[2018.12.27-23.05.51:641][508]LogModuleManager: Shutting down and abandoning module MacNoEditorTargetPlatform (95)
[2018.12.27-23.05.51:641][508]LogModuleManager: Shutting down and abandoning module MacClientTargetPlatform (93)
[2018.12.27-23.05.51:641][508]LogModuleManager: Shutting down and abandoning module AllDesktopTargetPlatform (91)
[2018.12.27-23.05.51:641][508]LogModuleManager: Shutting down and abandoning module InputCore (88)
[2018.12.27-23.05.51:641][508]LogModuleManager: Shutting down and abandoning module Settings (86)
[2018.12.27-23.05.51:641][508]LogModuleManager: Shutting down and abandoning module PhysXCooking (84)
[2018.12.27-23.05.51:641][508]LogModuleManager: Shutting down and abandoning module SteamVR (82)
[2018.12.27-23.05.51:641][508]LogModuleManager: Shutting down and abandoning module OculusHMD (80)
[2018.12.27-23.05.51:642][508]LogModuleManager: Shutting down and abandoning module ExampleDeviceProfileSelector (78)
[2018.12.27-23.05.51:642][508]LogModuleManager: Shutting down and abandoning module LauncherChunkInstaller (76)
[2018.12.27-23.05.51:642][508]LogModuleManager: Shutting down and abandoning module OnlineBlueprintSupport (74)
[2018.12.27-23.05.51:642][508]LogModuleManager: Shutting down and abandoning module OnlineSubsystem (70)
[2018.12.27-23.05.51:644][508]LogModuleManager: Shutting down and abandoning module XMPP (65)
[2018.12.27-23.05.51:646][508]LogModuleManager: Shutting down and abandoning module WebSockets (64)
[2018.12.27-23.05.51:667][508]LogModuleManager: Shutting down and abandoning module HTTP (61)
[2018.12.27-23.05.51:668][508]LogHttp: Display: Http module shutting down, but needs to wait on 1 outstanding Http requests:
[2018.12.27-23.05.51:668][508]LogHttp: Display: 	verb=[POST] url=[https://datarouter.ol.epicgames.com/datarouter/api/v1/public/data?SessionID=%7B709FBCEC-4A88-57AE-AE77-6DBE704DF37B%7D&AppID=UEEditor.Rocket.Release&AppVersion=4.20.3-4369336%2B%2B%2BUE4%2BRelease-4.20&UserID=c87f312a467e2141033fc58ee9d67b8d%7C4872fd74fd02457ba240ba5fe6961b6a%7C47cbb831-1df0-40f9-a743-57377de4acee&AppEnvironment=datacollector-binary&UploadType=eteventstream] status=Processing
[2018.12.27-23.05.51:691][508]LogModuleManager: Shutting down and abandoning module SSL (60)
[2018.12.27-23.05.51:694][508]LogModuleManager: Shutting down and abandoning module MagicLeapEmulator (56)
[2018.12.27-23.05.51:694][508]LogModuleManager: Shutting down and abandoning module MagicLeapPrivileges (54)
[2018.12.27-23.05.51:694][508]LogModuleManager: Shutting down and abandoning module MagicLeapIdentity (52)
[2018.12.27-23.05.51:694][508]LogModuleManager: Shutting down and abandoning module MagicLeapHelperVulkan (50)
[2018.12.27-23.05.51:695][508]LogModuleManager: Shutting down and abandoning module MagicLeapHelperOpenGL (48)
[2018.12.27-23.05.51:695][508]LogModuleManager: Shutting down and abandoning module MagicLeapSecureStorage (46)
[2018.12.27-23.05.51:695][508]LogModuleManager: Shutting down and abandoning module MagicLeapGestures (44)
[2018.12.27-23.05.51:695][508]LogModuleManager: Shutting down and abandoning module MagicLeapEyeTracker (42)
[2018.12.27-23.05.51:695][508]LogModuleManager: Shutting down and abandoning module MagicLeapController (40)
[2018.12.27-23.05.51:696][508]LogSlate: Slate User Destroyed.  User Index 0, Is Virtual User: 0
[2018.12.27-23.05.51:696][508]LogModuleManager: Shutting down and abandoning module MagicLeap (38)
[2018.12.27-23.05.51:696][508]LogModuleManager: Shutting down and abandoning module AnimationModifiers (36)
[2018.12.27-23.05.51:697][508]LogModuleManager: Shutting down and abandoning module PropertyEditor (35)
[2018.12.27-23.05.51:698][508]LogModuleManager: Shutting down and abandoning module AudioEditor (32)
[2018.12.27-23.05.51:699][508]LogModuleManager: Shutting down and abandoning module TextureCompressor (30)
[2018.12.27-23.05.51:702][508]LogModuleManager: Shutting down and abandoning module ShaderCore (28)
[2018.12.27-23.05.51:702][508]LogModuleManager: Shutting down and abandoning module Landscape (26)
[2018.12.27-23.05.51:702][508]LogModuleManager: Shutting down and abandoning module SlateRHIRenderer (24)
[2018.12.27-23.05.51:704][508]LogModuleManager: Shutting down and abandoning module OpenGLDrv (22)
[2018.12.27-23.05.51:705][508]LogModuleManager: Shutting down and abandoning module D3D11RHI (20)
[2018.12.27-23.05.51:705][508]LogModuleManager: Shutting down and abandoning module AnimGraphRuntime (18)
[2018.12.27-23.05.51:705][508]LogModuleManager: Shutting down and abandoning module Renderer (16)
[2018.12.27-23.05.51:705][508]LogModuleManager: Shutting down and abandoning module Engine (14)
[2018.12.27-23.05.51:705][508]LogModuleManager: Shutting down and abandoning module CoreUObject (12)
[2018.12.27-23.05.51:706][508]LogModuleManager: Shutting down and abandoning module NetworkFile (10)
[2018.12.27-23.05.51:706][508]LogModuleManager: Shutting down and abandoning module CookedIterativeFile (8)
[2018.12.27-23.05.51:706][508]LogModuleManager: Shutting down and abandoning module StreamingFile (6)
[2018.12.27-23.05.51:707][508]LogModuleManager: Shutting down and abandoning module SandboxFile (4)
[2018.12.27-23.05.51:707][508]LogModuleManager: Shutting down and abandoning module PakFile (2)
[2018.12.27-23.05.51:727][508]LogExit: Exiting.
[2018.12.27-23.05.51:764][508]Log file closed, 12/27/18 23:05:51
