Log file open, 11/26/18 18:17:55
LogWindows: Failed to load 'aqProf.dll' (GetLastError=126)
LogWindows: File 'aqProf.dll' does not exist
LogWindows: Failed to load 'VSPerf140.dll' (GetLastError=126)
LogWindows: File 'VSPerf140.dll' does not exist
LogWindows: Failed to load 'VtuneApi.dll' (GetLastError=126)
LogWindows: File 'VtuneApi.dll' does not exist
LogWindows: Failed to load 'VtuneApi32e.dll' (GetLastError=126)
LogWindows: File 'VtuneApi32e.dll' does not exist
LogInit: Display: Running engine for game: FightingGame
LogPlatformFile: Not using cached read wrapper
LogTaskGraph: Started task graph with 5 named threads and 23 total threads with 3 sets of task threads.
LogStats: Stats thread started at 0.393075
LogD3D11RHI: Loaded GFSDK_Aftermath_Lib.x64.dll
LogICUInternationalization: Display: ICU TimeZone Detection - Raw Offset: +0:00, Platform Override: ''
LogPluginManager: Mounting plugin Paper2D
LogPluginManager: Mounting plugin AISupport
LogPluginManager: Mounting plugin LightPropagationVolume
LogPluginManager: Mounting plugin CLionSourceCodeAccess
LogPluginManager: Mounting plugin CodeLiteSourceCodeAccess
LogPluginManager: Mounting plugin GitSourceControl
LogPluginManager: Mounting plugin KDevelopSourceCodeAccess
LogPluginManager: Mounting plugin NullSourceCodeAccess
LogPluginManager: Mounting plugin PerforceSourceControl
LogPluginManager: Mounting plugin SubversionSourceControl
LogPluginManager: Mounting plugin UObjectPlugin
LogPluginManager: Mounting plugin VisualStudioCodeSourceCodeAccess
LogPluginManager: Mounting plugin VisualStudioSourceCodeAccess
LogPluginManager: Mounting plugin XCodeSourceCodeAccess
LogPluginManager: Mounting plugin AssetManagerEditor
LogPluginManager: Mounting plugin CryptoKeys
LogPluginManager: Mounting plugin DataValidation
LogPluginManager: Mounting plugin FacialAnimation
LogPluginManager: Mounting plugin GameplayTagsEditor
LogPluginManager: Mounting plugin MacGraphicsSwitching
LogPluginManager: Mounting plugin MeshEditor
LogPluginManager: Mounting plugin MobileLauncherProfileWizard
LogPluginManager: Mounting plugin PluginBrowser
LogPluginManager: Mounting plugin SpeedTreeImporter
LogPluginManager: Mounting plugin DatasmithContent
LogPluginManager: Mounting plugin AlembicImporter
LogPluginManager: Mounting plugin AppleImageUtils
LogPluginManager: Mounting plugin AppleVision
LogPluginManager: Mounting plugin BackChannel
LogPluginManager: Mounting plugin CharacterAI
LogPluginManager: Mounting plugin GeometryCache
LogPluginManager: Mounting plugin HTML5Networking
LogPluginManager: Mounting plugin ProxyLODPlugin
LogPluginManager: Mounting plugin MagicLeap
LogPluginManager: Mounting plugin MagicLeapEmulator
LogPluginManager: Mounting plugin MagicLeapMedia
LogPluginManager: Mounting plugin AndroidMedia
LogPluginManager: Mounting plugin AvfMedia
LogPluginManager: Mounting plugin ImgMedia
LogPluginManager: Mounting plugin LinearTimecode
LogPluginManager: Mounting plugin MediaCompositing
LogPluginManager: Mounting plugin MediaPlayerEditor
LogPluginManager: Mounting plugin WmfMedia
LogPluginManager: Mounting plugin TcpMessaging
LogPluginManager: Mounting plugin UdpMessaging
LogPluginManager: Mounting plugin ActorSequence
LogPluginManager: Mounting plugin LevelSequenceEditor
LogPluginManager: Mounting plugin MatineeToLevelSequence
LogPluginManager: Mounting plugin NetcodeUnitTest
LogPluginManager: Mounting plugin NUTUnrealEngine4
LogPluginManager: Mounting plugin OnlineSubsystemGooglePlay
LogPluginManager: Mounting plugin OnlineSubsystemIOS
LogPluginManager: Mounting plugin OnlineSubsystem
LogPluginManager: Mounting plugin OnlineSubsystemNull
LogPluginManager: Mounting plugin OnlineSubsystemUtils
LogPluginManager: Mounting plugin LauncherChunkInstaller
LogPluginManager: Mounting plugin AndroidDeviceProfileSelector
LogPluginManager: Mounting plugin AndroidMoviePlayer
LogPluginManager: Mounting plugin AndroidPermission
LogPluginManager: Mounting plugin AppleMoviePlayer
LogPluginManager: Mounting plugin ArchVisCharacter
LogPluginManager: Mounting plugin AudioCapture
LogPluginManager: Mounting plugin CableComponent
LogPluginManager: Mounting plugin CustomMeshComponent
LogPluginManager: Mounting plugin EditableMesh
LogPluginManager: Mounting plugin ExampleDeviceProfileSelector
LogPluginManager: Mounting plugin GoogleCloudMessaging
LogPluginManager: Mounting plugin ImmediatePhysics
LogPluginManager: Mounting plugin IOSDeviceProfileSelector
LogPluginManager: Mounting plugin LinuxDeviceProfileSelector
LogPluginManager: Mounting plugin LocationServicesBPLibrary
LogPluginManager: Mounting plugin MobilePatchingUtils
LogPluginManager: Mounting plugin OculusVR
LogPluginManager: Plugin shader directory ../../../Engine/Plugins/Runtime/Oculus/OculusVR/Shaders found
LogPluginManager: Mapping shader source directory ../../../Engine/Plugins/Runtime/Oculus/OculusVR/Shaders to virtual directory /Plugin/OculusVR
LogPluginManager: Mounting plugin PhysXVehicles
LogPluginManager: Mounting plugin ProceduralMeshComponent
LogPluginManager: Mounting plugin RuntimePhysXCooking
LogPluginManager: Mounting plugin SteamVR
LogPluginManager: Mounting plugin WindowsMoviePlayer
LogStreaming: Display: Took  0.203s to configure plugins.
LogInit: Using libcurl 7.55.1-DEV
LogInit:  - built for x86_64-pc-win32
LogInit:  - supports SSL with OpenSSL/1.0.2h
LogInit:  - supports HTTP deflate (compression) using libz 1.2.8
LogInit:  - other features:
LogInit:      CURL_VERSION_SSL
LogInit:      CURL_VERSION_LIBZ
LogInit:      CURL_VERSION_IPV6
LogInit:      CURL_VERSION_ASYNCHDNS
LogInit:      CURL_VERSION_LARGEFILE
LogInit:      CURL_VERSION_IDN
LogInit:  CurlRequestOptions (configurable via config and command line):
LogInit:  - bVerifyPeer = false  - Libcurl will NOT verify peer certificate
LogInit:  - bUseHttpProxy = false  - Libcurl will NOT use HTTP proxy
LogInit:  - bDontReuseConnections = false  - Libcurl will reuse connections
LogInit:  - CertBundlePath = nullptr  - Libcurl will use whatever was configured at build time.
LogInit:  - MaxHostConnections = 16  - Libcurl will limit the number of connections to a host
LogInit:  - LocalHostAddr = Default
LogInit:  - BufferSize = 65536
LogInit: WinSock: version 1.1 (2.2), MaxSocks=32767, MaxUdp=65467
LogInit: Build: ++UE4+Release-4.20-CL-4369336
LogInit: Engine Version: 4.20.3-4369336+++UE4+Release-4.20
LogInit: Compatible Engine Version: 4.20.0-4212847+++UE4+Release-4.20
LogInit: Net CL: 4212847
LogInit: OS: Windows 10 (), CPU: Intel(R) Xeon(R) W-2123 CPU @ 3.60GHz, GPU: NVIDIA GeForce GTX 1070
LogInit: Compiled (64-bit): Sep 17 2018 12:26:19
LogInit: Compiled with Visual C++: 19.13.26129.00
LogInit: Build Configuration: Development
LogInit: Branch Name: ++UE4+Release-4.20
LogInit: Command Line:  -skipcompile
LogInit: Base Directory: C:/Epic/UE4/UE_4.20/Engine/Binaries/Win64/
LogInit: Installed Engine Build: 1
LogDevObjectVersion: Number of dev versions registered: 20
LogDevObjectVersion:   Dev-Blueprints (B0D832E4-1F89-4F0D-ACCF-7EB736FD4AA2): 10
LogDevObjectVersion:   Dev-Build (E1C64328-A22C-4D53-A36C-8E866417BD8C): 0
LogDevObjectVersion:   Dev-Core (375EC13C-06E4-48FB-B500-84F0262A717E): 2
LogDevObjectVersion:   Dev-Editor (E4B068ED-F494-42E9-A231-DA0B2E46BB41): 24
LogDevObjectVersion:   Dev-Framework (CFFC743F-43B0-4480-9391-14DF171D2073): 34
LogDevObjectVersion:   Dev-Mobile (B02B49B5-BB20-44E9-A304-32B752E40360): 2
LogDevObjectVersion:   Dev-Networking (A4E4105C-59A1-49B5-A7C5-40C4547EDFEE): 0
LogDevObjectVersion:   Dev-Online (39C831C9-5AE6-47DC-9A44-9C173E1C8E7C): 0
LogDevObjectVersion:   Dev-Physics (78F01B33-EBEA-4F98-B9B4-84EACCB95AA2): 0
LogDevObjectVersion:   Dev-Platform (6631380F-2D4D-43E0-8009-CF276956A95A): 0
LogDevObjectVersion:   Dev-Rendering (12F88B9F-8875-4AFC-A67C-D90C383ABD29): 26
LogDevObjectVersion:   Dev-Sequencer (7B5AE74C-D270-4C10-A958-57980B212A5A): 9
LogDevObjectVersion:   Dev-VR (D7296918-1DD6-4BDD-9DE2-64A83CC13884): 2
LogDevObjectVersion:   Dev-LoadTimes (C2A15278-BFE7-4AFE-6C17-90FF531DF755): 1
LogDevObjectVersion:   Private-Geometry (6EACA3D4-40EC-4CC1-B786-8BED09428FC5): 3
LogDevObjectVersion:   Dev-AnimPhys (29E575DD-E0A3-4627-9D10-D276232CDCEA): 17
LogDevObjectVersion:   Dev-ReflectionCapture (6B266CEC-1EC7-4B8F-A30B-E4D90942FC07): 1
LogDevObjectVersion:   Dev-Automation (0DF73D61-A23F-47EA-B727-89E90C41499A): 1
LogDevObjectVersion:   FortniteMain (601D1886-AC64-4F84-AA16-D3DE0DEAC7D6): 12
LogDevObjectVersion:   Dev-Enterprise (9DFFBCD6-494F-0158-E221-12823C92A888): 1
LogStreaming: Display: Took  0.006s to delete old logs.
LogInit: Presizing for max 8388607 objects, including 0 objects not considered by GC, pre-allocating 0 bytes for permanent pool.
LogInit: Object subsystem initialized
[2018.11.26-18.17.56:065][  0]LogInit: Selected Device Profile: [Windows]
[2018.11.26-18.17.56:065][  0]LogInit: Applying CVar settings loaded from the selected device profile: [Windows]
[2018.11.26-18.17.56:086][  0]LogHAL: Display: Platform has ~ 32 GB [34065870848 / 34359738368 / 32], which maps to Largest [LargestMinGB=32, LargerMinGB=12, DefaultMinGB=8, SmallerMinGB=6, SmallestMinGB=0)
[2018.11.26-18.17.56:086][  0]LogInit: Setting Device Profile CVar: [[r.Vulkan.UseRealUBs:1]]
[2018.11.26-18.17.56:086][  0]LogInit: Going up to parent DeviceProfile []
[2018.11.26-18.17.56:086][  0]LogInit: Computer: C117B-02
[2018.11.26-18.17.56:086][  0]LogInit: User: w017177h
[2018.11.26-18.17.56:086][  0]LogInit: CPU Page size=4096, Cores=4
[2018.11.26-18.17.56:086][  0]LogInit: High frequency timer resolution =3.515621 MHz
[2018.11.26-18.17.56:087][  0]LogMemory: Memory total: Physical=31.7GB (32GB approx)
[2018.11.26-18.17.56:087][  0]LogMemory: Platform Memory Stats for Windows
[2018.11.26-18.17.56:087][  0]LogMemory: Process Physical Memory: 101.05 MB used, 101.05 MB peak
[2018.11.26-18.17.56:087][  0]LogMemory: Process Virtual Memory: 91.16 MB used, 91.16 MB peak
[2018.11.26-18.17.56:087][  0]LogMemory: Physical Memory: 7434.13 MB used,  25053.61 MB free, 32487.75 MB total
[2018.11.26-18.17.56:087][  0]LogMemory: Virtual Memory: 4640.09 MB used,  25053.61 MB free, 134217728.00 MB total
[2018.11.26-18.17.56:195][  0]LogInit: Using OS detected language (en-US).
[2018.11.26-18.17.56:195][  0]LogInit: Using OS detected locale (en-GB).
[2018.11.26-18.17.56:196][  0]LogTextLocalizationManager: No specific localization for 'en-US' exists, so the 'en' localization will be used.
[2018.11.26-18.17.56:551][  0]LogStreaming: Display: Took  0.357s to InitEngineTextLocalization.
[2018.11.26-18.17.56:552][  0]LogInit: Setting process to per monitor DPI aware
[2018.11.26-18.17.56:631][  0]LogSlate: New Slate User Created.  User Index 0, Is Virtual User: 0
[2018.11.26-18.17.56:631][  0]LogSlate: Slate User Registered.  User Index 0, Is Virtual User: 0
[2018.11.26-18.17.56:859][  0]LogHMD: Failed to initialize OpenVR with code 110
[2018.11.26-18.17.56:859][  0]LogD3D11RHI: D3D11 adapters:
[2018.11.26-18.17.56:954][  0]LogD3D11RHI:    0. 'NVIDIA GeForce GTX 1070' (Feature Level 11_0)
[2018.11.26-18.17.56:954][  0]LogD3D11RHI:       8088/0/16243 MB DedicatedVideo/DedicatedSystem/SharedSystem, Outputs:2, VendorId:0x10de
[2018.11.26-18.17.56:959][  0]LogD3D11RHI:    1. 'Microsoft Basic Render Driver' (Feature Level 11_0)
[2018.11.26-18.17.56:959][  0]LogD3D11RHI:       0/0/16243 MB DedicatedVideo/DedicatedSystem/SharedSystem, Outputs:0, VendorId:0x1414
[2018.11.26-18.17.56:959][  0]LogD3D11RHI: Chosen D3D11 Adapter: 0
[2018.11.26-18.17.56:965][  0]LogD3D11RHI: Creating new Direct3DDevice
[2018.11.26-18.17.56:965][  0]LogD3D11RHI:     GPU DeviceId: 0x1b81 (for the marketing name, search the web for "GPU Device Id")
[2018.11.26-18.17.56:965][  0]LogWindows: EnumDisplayDevices:
[2018.11.26-18.17.56:965][  0]LogWindows:    0. 'NVIDIA GeForce GTX 1070' (P:1 D:1)
[2018.11.26-18.17.56:965][  0]LogWindows:    1. 'NVIDIA GeForce GTX 1070' (P:0 D:1)
[2018.11.26-18.17.56:966][  0]LogWindows:    2. 'NVIDIA GeForce GTX 1070' (P:0 D:0)
[2018.11.26-18.17.56:966][  0]LogWindows:    3. 'NVIDIA GeForce GTX 1070' (P:0 D:0)
[2018.11.26-18.17.56:966][  0]LogWindows: DebugString: FoundDriverCount:4 
[2018.11.26-18.17.56:966][  0]LogD3D11RHI:     Adapter Name: NVIDIA GeForce GTX 1070
[2018.11.26-18.17.56:966][  0]LogD3D11RHI:   Driver Version: 399.24 (internal:24.21.13.9924, unified:399.24)
[2018.11.26-18.17.56:966][  0]LogD3D11RHI:      Driver Date: 9-5-2018
[2018.11.26-18.17.56:966][  0]LogRHI: Texture pool is 5661 MB (70% of 8088 MB)
[2018.11.26-18.17.57:007][  0]LogD3D11RHI: Async texture creation enabled
[2018.11.26-18.17.57:023][  0]LogD3D11RHI: GPU Timing Frequency: 1000.000000 (Debug: 2 2)
[2018.11.26-18.17.57:025][  0]LogShaderCompilers: Guid format shader working directory is -26 characters bigger than the processId version (../../../../../../Users/w017177h/Documents/GitHub/FightingGame/FightingGame/Intermediate/Shaders/WorkingDirectory/9896/).
[2018.11.26-18.17.57:025][  0]LogShaderCompilers: Cleaned the shader compiler working directory 'C:/Users/w017177h/AppData/Local/Temp/UnrealShaderWorkingDir/02A6F0CA464AB5578095878AAFF135E7/'.
[2018.11.26-18.17.57:297][  0]LogTemp: Display: Loaded TP AllDesktopTargetPlatform
[2018.11.26-18.17.57:313][  0]LogTemp: Display: Loaded TP MacClientTargetPlatform
[2018.11.26-18.17.57:331][  0]LogTemp: Display: Loaded TP MacNoEditorTargetPlatform
[2018.11.26-18.17.57:346][  0]LogTemp: Display: Loaded TP MacServerTargetPlatform
[2018.11.26-18.17.57:363][  0]LogTemp: Display: Loaded TP MacTargetPlatform
[2018.11.26-18.17.57:381][  0]LogTemp: Display: Loaded TP WindowsClientTargetPlatform
[2018.11.26-18.17.57:397][  0]LogTemp: Display: Loaded TP WindowsNoEditorTargetPlatform
[2018.11.26-18.17.57:413][  0]LogTemp: Display: Loaded TP WindowsServerTargetPlatform
[2018.11.26-18.17.57:422][  0]LogTemp: Display: Loaded TP WindowsTargetPlatform
[2018.11.26-18.17.57:500][  0]LogTemp: Display: Loaded TP AndroidTargetPlatform
[2018.11.26-18.17.57:500][  0]LogTemp: Display: Loaded TP AndroidTargetPlatform
[2018.11.26-18.17.57:500][  0]LogTemp: Display: Loaded TP AndroidTargetPlatform
[2018.11.26-18.17.57:500][  0]LogTemp: Display: Loaded TP AndroidTargetPlatform
[2018.11.26-18.17.57:500][  0]LogTemp: Display: Loaded TP AndroidTargetPlatform
[2018.11.26-18.17.57:500][  0]LogTemp: Display: Loaded TP AndroidTargetPlatform
[2018.11.26-18.17.57:500][  0]LogTemp: Display: Loaded TP AndroidTargetPlatform
[2018.11.26-18.17.57:500][  0]LogTemp: Display: Loaded TP AndroidTargetPlatform
[2018.11.26-18.17.57:500][  0]LogTemp: Display: Loaded TP AndroidTargetPlatform
[2018.11.26-18.17.57:500][  0]LogTemp: Display: Loaded TP AndroidTargetPlatform
[2018.11.26-18.17.57:501][  0]LogTemp: Display: Loaded TP AndroidTargetPlatform
[2018.11.26-18.17.57:501][  0]LogTemp: Display: Loaded TP AndroidTargetPlatform
[2018.11.26-18.17.57:501][  0]LogTemp: Display: Loaded TP AndroidTargetPlatform
[2018.11.26-18.17.57:501][  0]LogTemp: Display: Loaded TP AndroidTargetPlatform
[2018.11.26-18.17.57:501][  0]LogTemp: Display: Loaded TP AndroidTargetPlatform
[2018.11.26-18.17.57:501][  0]LogTemp: Display: Loaded TP AndroidTargetPlatform
[2018.11.26-18.17.57:501][  0]LogTemp: Display: Loaded TP AndroidTargetPlatform
[2018.11.26-18.17.57:501][  0]LogTemp: Display: Loaded TP AndroidTargetPlatform
[2018.11.26-18.17.57:506][  0]LogTemp: Display: Loaded TP HTML5TargetPlatform
[2018.11.26-18.17.57:584][  0]LogTemp: Display: Loaded TP IOSTargetPlatform
[2018.11.26-18.17.57:584][  0]LogTemp: Display: Loaded TP IOSTargetPlatform
[2018.11.26-18.17.57:611][  0]LogTemp: Display: Loaded TP TVOSTargetPlatform
[2018.11.26-18.17.57:611][  0]LogTemp: Display: Loaded TP TVOSTargetPlatform
[2018.11.26-18.17.57:627][  0]LogTemp: Display: Loaded TP LinuxClientTargetPlatform
[2018.11.26-18.17.57:648][  0]LogTemp: Display: Loaded TP LinuxNoEditorTargetPlatform
[2018.11.26-18.17.57:662][  0]LogTemp: Display: Loaded TP LinuxServerTargetPlatform
[2018.11.26-18.17.57:678][  0]LogTemp: Display: Loaded TP LinuxTargetPlatform
[2018.11.26-18.17.57:690][  0]LogTemp: Display: Loaded TP LuminTargetPlatform
[2018.11.26-18.17.57:690][  0]LogTargetPlatformManager: Display: Building Assets For Windows
[2018.11.26-18.17.57:868][  0]LogXGEController: Cleaning working directory: C:/Users/w017177h/AppData/Local/Temp/UnrealXGEWorkingDir/
[2018.11.26-18.17.57:869][  0]LogXGEController: Cannot use XGE Controller as Incredibuild is not installed on this machine.
[2018.11.26-18.17.57:869][  0]LogShaderCompilers: Cannot use XGE Shader Compiler as Incredibuild is not installed on this machine.
[2018.11.26-18.17.57:869][  0]LogShaderCompilers: Display: Using Local Shader Compiler.
[2018.11.26-18.17.58:710][  0]LogDerivedDataCache: Display: Max Cache Size: 512 MB
[2018.11.26-18.17.58:769][  0]LogDerivedDataCache: Loaded boot cache 0.06s 71MB C:/Users/w017177h/AppData/Local/UnrealEngine/4.20/DerivedDataCache/Boot.ddc.
[2018.11.26-18.17.58:770][  0]LogDerivedDataCache: Display: Loaded Boot cache: C:/Users/w017177h/AppData/Local/UnrealEngine/4.20/DerivedDataCache/Boot.ddc
[2018.11.26-18.17.58:770][  0]LogDerivedDataCache: FDerivedDataBackendGraph:  Pak pak cache file ../../../../../../Users/w017177h/Documents/GitHub/FightingGame/FightingGame/DerivedDataCache/DDC.ddp not found, will not use a pak cache.
[2018.11.26-18.17.58:771][  0]LogDerivedDataCache: Unable to find inner node Pak for hierarchical cache Hierarchy.
[2018.11.26-18.17.58:771][  0]LogDerivedDataCache: FDerivedDataBackendGraph:  CompressedPak pak cache file ../../../../../../Users/w017177h/Documents/GitHub/FightingGame/FightingGame/DerivedDataCache/Compressed.ddp not found, will not use a pak cache.
[2018.11.26-18.17.58:771][  0]LogDerivedDataCache: Unable to find inner node CompressedPak for hierarchical cache Hierarchy.
[2018.11.26-18.17.58:798][  0]LogDerivedDataCache: Display: Pak cache opened for reading ../../../Engine/DerivedDataCache/Compressed.ddp.
[2018.11.26-18.17.58:840][  0]LogDerivedDataCache: Using Local data cache path C:/Users/w017177h/AppData/Local/UnrealEngine/Common/DerivedDataCache: Writable
[2018.11.26-18.17.58:840][  0]LogDerivedDataCache: Shared data cache path not found in *engine.ini, will not use an Shared cache.
[2018.11.26-18.17.58:840][  0]LogDerivedDataCache: Unable to find inner node Shared for hierarchical cache Hierarchy.
[2018.11.26-18.17.58:864][  0]LogMaterial: Verifying Global Shaders for PCD3D_SM5
[2018.11.26-18.17.58:866][  0]LogSlate: Using FreeType 2.6.0
[2018.11.26-18.17.58:867][  0]LogSlate: SlateFontServices - WITH_FREETYPE: 1, WITH_HARFBUZZ: 1
[2018.11.26-18.17.58:959][  0]LogAssetRegistry: FAssetRegistry took 0.0341 seconds to start up
[2018.11.26-18.17.59:294][  0]LogInit: Selected Device Profile: [Windows]
[2018.11.26-18.17.59:379][  0]LogSimplygon: Simplygon DLL not present - disabling.
[2018.11.26-18.17.59:389][  0]LogMeshReduction: Using SimplygonSwarm for distributed automatic mesh merging
[2018.11.26-18.17.59:389][  0]LogMeshReduction: Using ProxyLODMeshReduction for automatic mesh merging
[2018.11.26-18.17.59:389][  0]LogMeshReduction: Using QuadricMeshReduction for automatic static mesh reduction
[2018.11.26-18.17.59:389][  0]LogMeshReduction: No automatic skeletal mesh reduction module available
[2018.11.26-18.17.59:475][  0]LogNetVersion: FightingGame 1.0.0, NetCL: 4212847, EngineNetVer: 5, GameNetVer: 0 (Checksum: 156865789)
[2018.11.26-18.18.00:081][  0]LogPackageLocalizationCache: Processed 11 localized package path(s) for 2 prioritized culture(s) in 0.128178 seconds
[2018.11.26-18.18.00:089][  0]LogUObjectArray: 38425 objects as part of root set at end of initial load.
[2018.11.26-18.18.00:089][  0]LogUObjectAllocator: 6690872 out of 0 bytes used by permanent object pool.
[2018.11.26-18.18.00:089][  0]LogUObjectArray: CloseDisregardForGC: 0/0 objects in disregard for GC pool
[2018.11.26-18.18.01:171][  0]LogTcpMessaging: Initializing TcpMessaging bridge
[2018.11.26-18.18.01:190][  0]LogUdpMessaging: Initializing bridge on interface 0.0.0.0:0 to multicast group 230.0.0.1:6666.
[2018.11.26-18.18.01:410][  0]SourceControl: Source control is disabled
[2018.11.26-18.18.01:411][  0]SourceControl: Source control is disabled
[2018.11.26-18.18.01:414][  0]SourceControl: Source control is disabled
[2018.11.26-18.18.01:417][  0]SourceControl: Source control is disabled
[2018.11.26-18.18.01:705][  0]LogAndroidPermission: UAndroidPermissionCallbackProxy::GetInstance
[2018.11.26-18.18.01:797][  0]LogOcInput: OculusInput pre-init called
[2018.11.26-18.18.01:888][  0]LogEngine: Initializing Engine...
[2018.11.26-18.18.01:891][  0]LogHMD: Failed to initialize OpenVR with code 110
[2018.11.26-18.18.01:895][  0]LogStats: UGameplayTagsManager::ConstructGameplayTagTree: ImportINI prefixes -  0.000 s
[2018.11.26-18.18.01:896][  0]LogStats: UGameplayTagsManager::ConstructGameplayTagTree: Construct from data asset -  0.000 s
[2018.11.26-18.18.01:896][  0]LogStats: UGameplayTagsManager::ConstructGameplayTagTree: ImportINI -  0.001 s
[2018.11.26-18.18.01:896][  0]LogStats: UGameplayTagsManager::ConstructGameplayTagTree: GameplayTagTreeChangedEvent.Broadcast -  0.000 s
[2018.11.26-18.18.02:123][  0]LogInit: Initializing FReadOnlyCVARCache
[2018.11.26-18.18.02:149][  0]LogAIModule: Creating AISystem for world Untitled
[2018.11.26-18.18.02:163][  0]LogInit: XAudio2 using 'Realtek HD Audio 2nd output (Realtek High Definition Audio)' : 2 channels at 48 kHz using 32 bits per sample (channel mask 0x3)
[2018.11.26-18.18.02:186][  0]LogInit: FAudioDevice initialized.
[2018.11.26-18.18.02:186][  0]LogNetVersion: Set ProjectVersion to 1.0.0.0. Version Checksum will be recalculated on next use.
[2018.11.26-18.18.02:232][  0]LogDerivedDataCache: Saved boot cache 0.05s 71MB C:/Users/w017177h/AppData/Local/UnrealEngine/4.20/DerivedDataCache/Boot.ddc.
[2018.11.26-18.18.02:255][  0]LogInit: Texture streaming: Enabled
[2018.11.26-18.18.02:289][  0]LogEngineSessionManager: EngineSessionManager initialized
[2018.11.26-18.18.02:290][  0]LogEngineSessionManager: EngineSessionManager sent abnormal shutdown report. Type=Debugger, SessionId={7BC54ABB-485D-E46B-2892-098D65562DDE}
[2018.11.26-18.18.02:305][  0]LogInit: Transaction tracking system initialized
[2018.11.26-18.18.02:357][  0]BlueprintLog: New page: Editor Load
[2018.11.26-18.18.02:488][  0]LocalizationService: Localization service is disabled
[2018.11.26-18.18.02:790][  0]LogCook: Display: Max memory allowance for cook 16384mb min free memory 0mb
[2018.11.26-18.18.02:790][  0]LogCook: Display: Mobile HDR setting 1
[2018.11.26-18.18.02:791][  0]LogGameplayTags: Display: UGameplayTagsManager::DoneAddingNativeTags. DelegateIsBound: 0
[2018.11.26-18.18.02:791][  0]LogStats: UGameplayTagsManager::ConstructGameplayTagTree: ImportINI prefixes -  0.000 s
[2018.11.26-18.18.02:791][  0]LogStats: UGameplayTagsManager::ConstructGameplayTagTree: Construct from data asset -  0.000 s
[2018.11.26-18.18.02:791][  0]LogStats: UGameplayTagsManager::ConstructGameplayTagTree: ImportINI -  0.000 s
[2018.11.26-18.18.02:791][  0]LogStats: UGameplayTagsManager::ConstructGameplayTagTree: GameplayTagTreeChangedEvent.Broadcast -  0.000 s
[2018.11.26-18.18.02:999][  0]LogFileCache: Scanning file cache for directory 'C:/Users/w017177h/Documents/GitHub/FightingGame/FightingGame/Content/' took 0.02s
[2018.11.26-18.18.02:999][  0]SourceControl: Source control is disabled
[2018.11.26-18.18.03:000][  0]Cmd: MAP LOAD FILE="../../../../../../Users/w017177h/Documents/GitHub/FightingGame/FightingGame/Content/StarterContent/Maps/Minimal_Default.umap" TEMPLATE=0 SHOWPROGRESS=1 FEATURELEVEL=3
[2018.11.26-18.18.03:000][  0]LightingResults: New page: Lighting Build
[2018.11.26-18.18.03:005][  0]MapCheck: New page: Map Check
[2018.11.26-18.18.03:005][  0]LightingResults: New page: Lighting Build
[2018.11.26-18.18.03:372][  0]LogAIModule: Creating AISystem for world Minimal_Default
[2018.11.26-18.18.03:390][  0]LogEditorServer: Finished looking for orphan Actors (0.000 secs)
[2018.11.26-18.18.03:423][  0]Cmd: MAP CHECKDEP NOCLEARLOG
[2018.11.26-18.18.03:550][  0]MapCheck: Map check complete: 0 Error(s), 0 Warning(s), took 127.867ms to complete.
[2018.11.26-18.18.03:550][  0]LogFileHelpers: Loading map 'Minimal_Default' took 0.551
[2018.11.26-18.18.03:673][  0]LogSlate: Updating window title bar state: overlay mode, drag disabled, window buttons hidden, title bar hidden
[2018.11.26-18.18.03:680][  0]LogSlate: Updating window title bar state: overlay mode, drag disabled, window buttons hidden, title bar hidden
[2018.11.26-18.18.03:686][  0]LogSlate: Updating window title bar state: overlay mode, drag disabled, window buttons hidden, title bar hidden
[2018.11.26-18.18.03:693][  0]LogSlate: Updating window title bar state: overlay mode, drag disabled, window buttons hidden, title bar hidden
[2018.11.26-18.18.03:705][  0]LogCollectionManager: Loaded 0 collections in 0.004631 seconds
[2018.11.26-18.18.03:777][  0]LogFileCache: Scanning file cache for directory 'C:/Users/w017177h/Documents/GitHub/FightingGame/FightingGame/Saved/Collections/' took 0.01s
[2018.11.26-18.18.03:777][  0]LogFileCache: Scanning file cache for directory 'C:/Users/w017177h/Documents/GitHub/FightingGame/FightingGame/Content/Developers/w017177h/Collections/' took 0.02s
[2018.11.26-18.18.03:777][  0]LogFileCache: Scanning file cache for directory 'C:/Users/w017177h/Documents/GitHub/FightingGame/FightingGame/Content/Collections/' took 0.01s
[2018.11.26-18.18.03:777][  0]LogCollectionManager: Rebuilt the GUID cache for 0 collections in 0.000001 seconds
[2018.11.26-18.18.03:797][  0]LogContentBrowser: Native class hierarchy populated in 0.0188 seconds. Added 2575 classes and 605 folders.
[2018.11.26-18.18.03:807][  0]LogContentBrowser: Native class hierarchy updated for 'WidgetCarousel' in 0.0005 seconds. Added 0 classes and 0 folders.
[2018.11.26-18.18.03:873][  0]LogContentBrowser: Native class hierarchy updated for 'AddContentDialog' in 0.0004 seconds. Added 0 classes and 0 folders.
[2018.11.26-18.18.03:889][  0]LogContentBrowser: Native class hierarchy updated for 'SceneOutliner' in 0.0010 seconds. Added 1 classes and 2 folders.
[2018.11.26-18.18.03:903][  0]LogSlate: Took 0.000226 seconds to synchronously load lazily loaded font '../../../Engine/Content/Slate/Fonts/Roboto-Regular.ttf' (155K)
[2018.11.26-18.18.03:909][  0]LogSlate: Took 0.000449 seconds to synchronously load lazily loaded font '../../../Engine/Content/Slate/Fonts/Roboto-Bold.ttf' (160K)
[2018.11.26-18.18.03:914][  0]LogSlate: Took 0.000245 seconds to synchronously load lazily loaded font '../../../Engine/Content/Editor/Slate/Fonts/FontAwesome.ttf' (139K)
[2018.11.26-18.18.03:986][  0]LogRenderer: Reallocating scene render targets to support 1208x576 Format 10 NumSamples 1 (Frame:1).
[2018.11.26-18.18.04:094][  0]LogSlate: FSceneViewport::OnFocusLost() reason 2
[2018.11.26-18.18.04:160][  0]LogSlate: Window 'Tutorials' being destroyed
[2018.11.26-18.18.04:224][  0]LogContentBrowser: Native class hierarchy updated for 'HierarchicalLODOutliner' in 0.0004 seconds. Added 0 classes and 0 folders.
[2018.11.26-18.18.04:225][  0]LogLoad: (Engine Initialization) Total time: 10.54 seconds
[2018.11.26-18.18.04:225][  0]LogLoad: (Engine Initialization) Total Blueprint compile time: 0.00 seconds
[2018.11.26-18.18.04:255][  0]LogContentStreaming: Texture pool size now 1000 MB
[2018.11.26-18.18.04:278][  0]LogSlate: Took 0.000164 seconds to synchronously load lazily loaded font '../../../Engine/Content/Slate/Fonts/Roboto-Light.ttf' (167K)
[2018.11.26-18.18.04:305][  1]LogAssetRegistry: Asset discovery search completed in 5.3716 seconds
[2018.11.26-18.18.04:307][  1]LogCollectionManager: Rebuilt the object cache for 0 collections in 0.000001 seconds (found 0 objects)
[2018.11.26-18.18.04:307][  1]LogCollectionManager: Fixed up redirectors for 0 collections in 0.000137 seconds (updated 0 objects)
[2018.11.26-18.18.09:770][603]LogSlate: FSceneViewport::OnFocusLost() reason 0
[2018.11.26-18.18.11:870][814]LogSlate: Took 0.000496 seconds to synchronously load lazily loaded font '../../../Engine/Content/Slate/Fonts/Roboto-Light.ttf' (167K)
[2018.11.26-18.18.11:885][814]LogAssetEditorManager: Opening Asset editor for Blueprint /Game/FightingGameMode.FightingGameMode
[2018.11.26-18.18.12:535][814]LogContentBrowser: Native class hierarchy updated for 'BlueprintGraph' in 0.0017 seconds. Added 116 classes and 0 folders.
[2018.11.26-18.18.13:422][814]LogSlate: Took 0.005178 seconds to synchronously load lazily loaded font '../../../Engine/Content/Slate/Fonts/Roboto-BoldCondensed.ttf' (158K)
[2018.11.26-18.18.13:558][815]LogSlate: Took 0.000311 seconds to synchronously load lazily loaded font '../../../Engine/Content/Slate/Fonts/Roboto-Italic.ttf' (157K)
[2018.11.26-18.18.15:125][939]LogSlate: Window 'FightingGameMode' being destroyed
[2018.11.26-18.18.15:992][ 24]LogEditorViewport: Clicking on Actor (LMB): PlayerStart (Player Start2)
[2018.11.26-18.18.18:027][226]LogSlate: FSceneViewport::OnFocusLost() reason 0
[2018.11.26-18.18.19:394][374]LogEditorViewport: Clicking on Actor (context menu): PlayerStart (Player Start2)
[2018.11.26-18.18.19:413][374]LogSlate: FSceneViewport::OnFocusLost() reason 2
[2018.11.26-18.18.25:339][984]LogEditorViewport: Clicking on Actor (LMB): PlayerStart (Player Start)
[2018.11.26-18.18.25:891][ 36]LogEditorViewport: Clicking on Actor (context menu): PlayerStart (Player Start)
[2018.11.26-18.18.25:909][ 36]LogSlate: FSceneViewport::OnFocusLost() reason 2
[2018.11.26-18.23.40:680][502]LogSlate: FSceneViewport::OnFocusLost() reason 0
[2018.11.26-18.24.11:245][701]Running C:/Epic/UE4/UE_4.20/Engine/Binaries/DotNET/UnrealBuildTool.exe Win64 Development -TargetType=Editor -Project="C:/Users/w017177h/Documents/GitHub/FightingGame/FightingGame/FightingGame.uproject" -invalidatemakefilesonly
[2018.11.26-18.24.12:063][701]Invalidating makefiles only in this run.
[2018.11.26-18.24.12:225][701]Candidate modules for hot reload:
[2018.11.26-18.24.12:225][701]  FightingGame
[2018.11.26-18.24.12:225][701]Launching UnrealBuildTool... [C:/Epic/UE4/UE_4.20/Engine/Binaries/DotNET/UnrealBuildTool.exe  -ModuleWithSuffix=FightingGame,1041 Win64 Development -TargetType=Editor -Project="../../../../../../Users/w017177h/Documents/GitHub/FightingGame/FightingGame/FightingGame.uproject" -canskiplink "C:/Users/w017177h/Documents/GitHub/FightingGame/FightingGame/FightingGame.uproject" ]
[2018.11.26-18.24.32:480][701]CompilerResultsLog: New page: Compilation - 26 Nov 2018 18:24:32
[2018.11.26-18.24.32:480][701]CompilerResultsLog: Performing full C++ include scan (hot reloading a new target)
[2018.11.26-18.24.32:481][701]CompilerResultsLog: Using 'git status' to determine working set for adaptive non-unity build.
[2018.11.26-18.24.32:481][701]CompilerResultsLog: Creating makefile for hot reloading FightingGameEditor (no existing makefile)
[2018.11.26-18.24.32:481][701]CompilerResultsLog: Compiling game modules for hot reload
[2018.11.26-18.24.32:481][701]CompilerResultsLog: Using Visual Studio 2017 14.14.26428 toolchain (C:\Program Files (x86)\Microsoft Visual Studio\2017\Professional\VC\Tools\MSVC\14.14.26428) and Windows 10.0.17134.0 SDK (C:\Program Files (x86)\Windows Kits\10).
[2018.11.26-18.24.32:481][701]CompilerResultsLog: Parsing headers for FightingGameEditor
[2018.11.26-18.24.32:481][701]CompilerResultsLog:   Running UnrealHeaderTool "C:\Users\w017177h\Documents\GitHub\FightingGame\FightingGame\FightingGame.uproject" "C:\Users\w017177h\Documents\GitHub\FightingGame\FightingGame\Intermediate\Build\Win64\FightingGameEditor\Development\FightingGameEditor.uhtmanifest" -LogCmds="loginit warning, logexit warning, logdatabase error" -Unattended -WarningsAsErrors -installed
[2018.11.26-18.24.32:481][701]CompilerResultsLog: Reflection code generated for FightingGameEditor in 10.6662145 seconds
[2018.11.26-18.24.32:481][701]CompilerResultsLog: Building 7 actions with 8 processes...
[2018.11.26-18.24.32:481][701]CompilerResultsLog:   [1/7] FightingGame.init.gen.cpp
[2018.11.26-18.24.32:481][701]CompilerResultsLog:   [2/7] PlayerManager.cpp
[2018.11.26-18.24.32:481][701]CompilerResultsLog:   [3/7] PlayerManager.gen.cpp
[2018.11.26-18.24.32:481][701]CompilerResultsLog:   [4/7] Player_Base.gen.cpp
[2018.11.26-18.24.32:481][701]CompilerResultsLog:   [5/7] Player_Base.cpp
[2018.11.26-18.24.32:481][701]CompilerResultsLog:   [6/7] UE4Editor-FightingGame-1041.lib
[2018.11.26-18.24.32:482][701]CompilerResultsLog:      Creating library C:\Users\w017177h\Documents\GitHub\FightingGame\FightingGame\Intermediate\Build\Win64\UE4Editor\Development\FightingGame\UE4Editor-FightingGame-1041.lib and object C:\Users\w017177h\Documents\GitHub\FightingGame\FightingGame\Intermediate\Build\Win64\UE4Editor\Development\FightingGame\UE4Editor-FightingGame-1041.exp
[2018.11.26-18.24.32:482][701]CompilerResultsLog:   [7/7] UE4Editor-FightingGame-1041.dll
[2018.11.26-18.24.32:482][701]CompilerResultsLog:      Creating library C:\Users\w017177h\Documents\GitHub\FightingGame\FightingGame\Intermediate\Build\Win64\UE4Editor\Development\FightingGame\UE4Editor-FightingGame-1041.suppressed.lib and object C:\Users\w017177h\Documents\GitHub\FightingGame\FightingGame\Intermediate\Build\Win64\UE4Editor\Development\FightingGame\UE4Editor-FightingGame-1041.suppressed.exp
[2018.11.26-18.24.32:482][701]CompilerResultsLog: Total build time: 20.00 seconds (Parallel executor: 2.36 seconds)
[2018.11.26-18.24.32:482][701]LogMainFrame: MainFrame: Module compiling took 20.271 seconds
[2018.11.26-18.24.32:558][701]LogClass: Could not find existing class PlayerManager in package /Script/FightingGame for HotReload, assuming new class
[2018.11.26-18.24.32:566][701]LogContentBrowser: Native class hierarchy updated for 'FightingGame' in 0.0007 seconds. Added 4 classes and 2 folders.
[2018.11.26-18.24.32:570][701]Display: HotReload successful (2 functions remapped  0 scriptstructs remapped)
[2018.11.26-18.24.32:999][701]LogContentBrowser: Native class hierarchy populated in 0.0118 seconds. Added 2577 classes and 607 folders.
[2018.11.26-18.24.33:001][701]Display: HotReload took 20.8s.
[2018.11.26-18.24.33:002][701]Warning: HotReload operation took 20.8s.
[2018.11.26-18.24.33:140][701]LogVSAccessor: Warning: Couldn't goto line number '1' in 'C:/Users/w017177h/Documents/GitHub/FightingGame/FightingGame/Source/FightingGame/PlayerManager.h'
[2018.11.26-18.24.33:247][701]LogVSAccessor: Warning: Couldn't goto line number '1' in 'C:/Users/w017177h/Documents/GitHub/FightingGame/FightingGame/Source/FightingGame/PlayerManager.cpp'
[2018.11.26-18.24.33:262][701]LogSlate: Window 'Add C++ Class' being destroyed
[2018.11.26-18.24.33:272][701]LogHotReload: New module detected: UE4Editor-FightingGame-1041.dll
[2018.11.26-18.24.33:306][702]LogHotReload: Starting Hot-Reload from IDE
[2018.11.26-18.24.33:397][702]LogContentBrowser: Native class hierarchy updated for 'FightingGame' in 0.0006 seconds. Added 4 classes and 2 folders.
[2018.11.26-18.24.33:402][702]Display: HotReload successful (0 functions remapped  0 scriptstructs remapped)
[2018.11.26-18.24.33:730][702]LogContentBrowser: Native class hierarchy populated in 0.0100 seconds. Added 2577 classes and 607 folders.
[2018.11.26-18.24.33:736][702]Display: HotReload took  0.4s.
[2018.11.26-18.24.36:082][709]LogSlate: New Slate User Created.  User Index 1, Is Virtual User: 0
[2018.11.26-18.24.36:082][709]LogSlate: Slate User Registered.  User Index 1, Is Virtual User: 0
