Log file open, 12/29/18 16:11:33
LogWindows: Failed to load 'aqProf.dll' (GetLastError=126)
LogWindows: File 'aqProf.dll' does not exist
LogWindows: Failed to load 'VSPerf140.dll' (GetLastError=126)
LogWindows: File 'VSPerf140.dll' does not exist
LogWindows: Failed to load 'VtuneApi.dll' (GetLastError=126)
LogWindows: File 'VtuneApi.dll' does not exist
LogWindows: Failed to load 'VtuneApi32e.dll' (GetLastError=126)
LogWindows: File 'VtuneApi32e.dll' does not exist
LogInit: Display: Running engine for game: FightingGame
LogPlatformFile: Not using cached read wrapper
LogTaskGraph: Started task graph with 5 named threads and 23 total threads with 3 sets of task threads.
LogStats: Stats thread started at 3.642439
LogD3D11RHI: Loaded GFSDK_Aftermath_Lib.x64.dll
LogICUInternationalization: Display: ICU TimeZone Detection - Raw Offset: +0:00, Platform Override: ''
LogPluginManager: Mounting plugin Paper2D
LogPluginManager: Mounting plugin AISupport
LogPluginManager: Mounting plugin LightPropagationVolume
LogPluginManager: Mounting plugin CLionSourceCodeAccess
LogPluginManager: Mounting plugin CodeLiteSourceCodeAccess
LogPluginManager: Mounting plugin GitSourceControl
LogPluginManager: Mounting plugin KDevelopSourceCodeAccess
LogPluginManager: Mounting plugin NullSourceCodeAccess
LogPluginManager: Mounting plugin PerforceSourceControl
LogPluginManager: Mounting plugin SubversionSourceControl
LogPluginManager: Mounting plugin UObjectPlugin
LogPluginManager: Mounting plugin VisualStudioCodeSourceCodeAccess
LogPluginManager: Mounting plugin VisualStudioSourceCodeAccess
LogPluginManager: Mounting plugin XCodeSourceCodeAccess
LogPluginManager: Mounting plugin AssetManagerEditor
LogPluginManager: Mounting plugin CryptoKeys
LogPluginManager: Mounting plugin DataValidation
LogPluginManager: Mounting plugin FacialAnimation
LogPluginManager: Mounting plugin GameplayTagsEditor
LogPluginManager: Mounting plugin MacGraphicsSwitching
LogPluginManager: Mounting plugin MeshEditor
LogPluginManager: Mounting plugin MobileLauncherProfileWizard
LogPluginManager: Mounting plugin PluginBrowser
LogPluginManager: Mounting plugin SpeedTreeImporter
LogPluginManager: Mounting plugin DatasmithContent
LogPluginManager: Mounting plugin AlembicImporter
LogPluginManager: Mounting plugin AppleImageUtils
LogPluginManager: Mounting plugin AppleVision
LogPluginManager: Mounting plugin BackChannel
LogPluginManager: Mounting plugin CharacterAI
LogPluginManager: Mounting plugin GeometryCache
LogPluginManager: Mounting plugin HTML5Networking
LogPluginManager: Mounting plugin ProxyLODPlugin
LogPluginManager: Mounting plugin MagicLeap
LogPluginManager: Mounting plugin MagicLeapEmulator
LogPluginManager: Mounting plugin MagicLeapMedia
LogPluginManager: Mounting plugin AndroidMedia
LogPluginManager: Mounting plugin AvfMedia
LogPluginManager: Mounting plugin ImgMedia
LogPluginManager: Mounting plugin LinearTimecode
LogPluginManager: Mounting plugin MediaCompositing
LogPluginManager: Mounting plugin MediaPlayerEditor
LogPluginManager: Mounting plugin WmfMedia
LogPluginManager: Mounting plugin TcpMessaging
LogPluginManager: Mounting plugin UdpMessaging
LogPluginManager: Mounting plugin ActorSequence
LogPluginManager: Mounting plugin LevelSequenceEditor
LogPluginManager: Mounting plugin MatineeToLevelSequence
LogPluginManager: Mounting plugin NetcodeUnitTest
LogPluginManager: Mounting plugin NUTUnrealEngine4
LogPluginManager: Mounting plugin OnlineSubsystemGooglePlay
LogPluginManager: Mounting plugin OnlineSubsystemIOS
LogPluginManager: Mounting plugin OnlineSubsystem
LogPluginManager: Mounting plugin OnlineSubsystemNull
LogPluginManager: Mounting plugin OnlineSubsystemUtils
LogPluginManager: Mounting plugin LauncherChunkInstaller
LogPluginManager: Mounting plugin AndroidDeviceProfileSelector
LogPluginManager: Mounting plugin AndroidMoviePlayer
LogPluginManager: Mounting plugin AndroidPermission
LogPluginManager: Mounting plugin AppleMoviePlayer
LogPluginManager: Mounting plugin ArchVisCharacter
LogPluginManager: Mounting plugin AudioCapture
LogPluginManager: Mounting plugin CableComponent
LogPluginManager: Mounting plugin CustomMeshComponent
LogPluginManager: Mounting plugin EditableMesh
LogPluginManager: Mounting plugin ExampleDeviceProfileSelector
LogPluginManager: Mounting plugin GoogleCloudMessaging
LogPluginManager: Mounting plugin ImmediatePhysics
LogPluginManager: Mounting plugin IOSDeviceProfileSelector
LogPluginManager: Mounting plugin LinuxDeviceProfileSelector
LogPluginManager: Mounting plugin LocationServicesBPLibrary
LogPluginManager: Mounting plugin MobilePatchingUtils
LogPluginManager: Mounting plugin OculusVR
LogPluginManager: Plugin shader directory ../../../Engine/Plugins/Runtime/Oculus/OculusVR/Shaders found
LogPluginManager: Mapping shader source directory ../../../Engine/Plugins/Runtime/Oculus/OculusVR/Shaders to virtual directory /Plugin/OculusVR
LogPluginManager: Mounting plugin PhysXVehicles
LogPluginManager: Mounting plugin ProceduralMeshComponent
LogPluginManager: Mounting plugin RuntimePhysXCooking
LogPluginManager: Mounting plugin SteamVR
LogPluginManager: Mounting plugin WindowsMoviePlayer
LogStreaming: Display: Took  0.308s to configure plugins.
LogInit: Using libcurl 7.55.1-DEV
LogInit:  - built for x86_64-pc-win32
LogInit:  - supports SSL with OpenSSL/1.0.2h
LogInit:  - supports HTTP deflate (compression) using libz 1.2.8
LogInit:  - other features:
LogInit:      CURL_VERSION_SSL
LogInit:      CURL_VERSION_LIBZ
LogInit:      CURL_VERSION_IPV6
LogInit:      CURL_VERSION_ASYNCHDNS
LogInit:      CURL_VERSION_LARGEFILE
LogInit:      CURL_VERSION_IDN
LogInit:  CurlRequestOptions (configurable via config and command line):
LogInit:  - bVerifyPeer = false  - Libcurl will NOT verify peer certificate
LogInit:  - bUseHttpProxy = false  - Libcurl will NOT use HTTP proxy
LogInit:  - bDontReuseConnections = false  - Libcurl will reuse connections
LogInit:  - CertBundlePath = nullptr  - Libcurl will use whatever was configured at build time.
LogInit:  - MaxHostConnections = 16  - Libcurl will limit the number of connections to a host
LogInit:  - LocalHostAddr = Default
LogInit:  - BufferSize = 65536
LogInit: WinSock: version 1.1 (2.2), MaxSocks=32767, MaxUdp=65467
LogInit: Build: ++UE4+Release-4.20-CL-4369336
LogInit: Engine Version: 4.20.3-4369336+++UE4+Release-4.20
LogInit: Compatible Engine Version: 4.20.0-4212847+++UE4+Release-4.20
LogInit: Net CL: 4212847
LogInit: OS: Windows 10 (), CPU: Intel(R) Core(TM) i7-6700K CPU @ 4.00GHz, GPU: NVIDIA GeForce GTX 1060 6GB
LogInit: Compiled (64-bit): Sep 17 2018 12:26:19
LogInit: Compiled with Visual C++: 19.13.26129.00
LogInit: Build Configuration: Development
LogInit: Branch Name: ++UE4+Release-4.20
LogInit: Command Line:  -skipcompile
LogInit: Base Directory: D:/Program Files/Epic Games/UE_4.20/Engine/Binaries/Win64/
LogInit: Installed Engine Build: 1
LogDevObjectVersion: Number of dev versions registered: 20
LogDevObjectVersion:   Dev-Blueprints (B0D832E4-1F89-4F0D-ACCF-7EB736FD4AA2): 10
LogDevObjectVersion:   Dev-Build (E1C64328-A22C-4D53-A36C-8E866417BD8C): 0
LogDevObjectVersion:   Dev-Core (375EC13C-06E4-48FB-B500-84F0262A717E): 2
LogDevObjectVersion:   Dev-Editor (E4B068ED-F494-42E9-A231-DA0B2E46BB41): 24
LogDevObjectVersion:   Dev-Framework (CFFC743F-43B0-4480-9391-14DF171D2073): 34
LogDevObjectVersion:   Dev-Mobile (B02B49B5-BB20-44E9-A304-32B752E40360): 2
LogDevObjectVersion:   Dev-Networking (A4E4105C-59A1-49B5-A7C5-40C4547EDFEE): 0
LogDevObjectVersion:   Dev-Online (39C831C9-5AE6-47DC-9A44-9C173E1C8E7C): 0
LogDevObjectVersion:   Dev-Physics (78F01B33-EBEA-4F98-B9B4-84EACCB95AA2): 0
LogDevObjectVersion:   Dev-Platform (6631380F-2D4D-43E0-8009-CF276956A95A): 0
LogDevObjectVersion:   Dev-Rendering (12F88B9F-8875-4AFC-A67C-D90C383ABD29): 26
LogDevObjectVersion:   Dev-Sequencer (7B5AE74C-D270-4C10-A958-57980B212A5A): 9
LogDevObjectVersion:   Dev-VR (D7296918-1DD6-4BDD-9DE2-64A83CC13884): 2
LogDevObjectVersion:   Dev-LoadTimes (C2A15278-BFE7-4AFE-6C17-90FF531DF755): 1
LogDevObjectVersion:   Private-Geometry (6EACA3D4-40EC-4CC1-B786-8BED09428FC5): 3
LogDevObjectVersion:   Dev-AnimPhys (29E575DD-E0A3-4627-9D10-D276232CDCEA): 17
LogDevObjectVersion:   Dev-ReflectionCapture (6B266CEC-1EC7-4B8F-A30B-E4D90942FC07): 1
LogDevObjectVersion:   Dev-Automation (0DF73D61-A23F-47EA-B727-89E90C41499A): 1
LogDevObjectVersion:   FortniteMain (601D1886-AC64-4F84-AA16-D3DE0DEAC7D6): 12
LogDevObjectVersion:   Dev-Enterprise (9DFFBCD6-494F-0158-E221-12823C92A888): 1
LogStreaming: Display: Took  0.016s to delete old logs.
LogInit: Presizing for max 8388607 objects, including 0 objects not considered by GC, pre-allocating 0 bytes for permanent pool.
LogInit: Object subsystem initialized
[2018.12.29-16.11.36:524][  0]LogInit: Selected Device Profile: [Windows]
[2018.12.29-16.11.36:529][  0]LogInit: Applying CVar settings loaded from the selected device profile: [Windows]
[2018.12.29-16.11.36:555][  0]LogHAL: Display: Platform has ~ 16 GB [17126547456 / 17179869184 / 16], which maps to Larger [LargestMinGB=32, LargerMinGB=12, DefaultMinGB=8, SmallerMinGB=6, SmallestMinGB=0)
[2018.12.29-16.11.36:558][  0]LogInit: Setting Device Profile CVar: [[r.Vulkan.UseRealUBs:1]]
[2018.12.29-16.11.36:560][  0]LogInit: Going up to parent DeviceProfile []
[2018.12.29-16.11.36:587][  0]LogInit: Computer: EDWARD
[2018.12.29-16.11.36:587][  0]LogInit: User: John
[2018.12.29-16.11.36:587][  0]LogInit: CPU Page size=4096, Cores=4
[2018.12.29-16.11.36:587][  0]LogInit: High frequency timer resolution =3.914061 MHz
[2018.12.29-16.11.36:588][  0]LogMemory: Memory total: Physical=16.0GB (16GB approx)
[2018.12.29-16.11.36:588][  0]LogMemory: Platform Memory Stats for Windows
[2018.12.29-16.11.36:588][  0]LogMemory: Process Physical Memory: 101.93 MB used, 101.93 MB peak
[2018.12.29-16.11.36:588][  0]LogMemory: Process Virtual Memory: 90.22 MB used, 90.22 MB peak
[2018.12.29-16.11.36:588][  0]LogMemory: Physical Memory: 7679.43 MB used,  8653.72 MB free, 16333.15 MB total
[2018.12.29-16.11.36:588][  0]LogMemory: Virtual Memory: 4638.83 MB used,  8653.72 MB free, 134217728.00 MB total
[2018.12.29-16.11.37:635][  0]LogInit: Using OS detected language (en-US).
[2018.12.29-16.11.37:635][  0]LogInit: Using OS detected locale (en-US).
[2018.12.29-16.11.37:645][  0]LogTextLocalizationManager: No specific localization for 'en-US' exists, so the 'en' localization will be used.
[2018.12.29-16.11.38:200][  0]LogStreaming: Display: Took  0.551s to InitEngineTextLocalization.
[2018.12.29-16.11.38:212][  0]LogInit: Setting process to per monitor DPI aware
[2018.12.29-16.11.38:710][  0]LogSlate: New Slate User Created.  User Index 0, Is Virtual User: 0
[2018.12.29-16.11.38:710][  0]LogSlate: Slate User Registered.  User Index 0, Is Virtual User: 0
[2018.12.29-16.11.39:573][  0]LogHMD: Failed to initialize OpenVR with code 102
[2018.12.29-16.11.39:573][  0]LogD3D11RHI: D3D11 adapters:
[2018.12.29-16.11.39:746][  0]LogD3D11RHI:    0. 'NVIDIA GeForce GTX 1060 6GB' (Feature Level 11_0)
[2018.12.29-16.11.39:746][  0]LogD3D11RHI:       6061/0/8166 MB DedicatedVideo/DedicatedSystem/SharedSystem, Outputs:3, VendorId:0x10de
[2018.12.29-16.11.39:760][  0]LogD3D11RHI:    1. 'Microsoft Basic Render Driver' (Feature Level 11_0)
[2018.12.29-16.11.39:760][  0]LogD3D11RHI:       0/0/8166 MB DedicatedVideo/DedicatedSystem/SharedSystem, Outputs:0, VendorId:0x1414
[2018.12.29-16.11.39:760][  0]LogD3D11RHI: Chosen D3D11 Adapter: 0
[2018.12.29-16.11.39:768][  0]LogD3D11RHI: Creating new Direct3DDevice
[2018.12.29-16.11.39:768][  0]LogD3D11RHI:     GPU DeviceId: 0x1c03 (for the marketing name, search the web for "GPU Device Id")
[2018.12.29-16.11.39:774][  0]LogWindows: EnumDisplayDevices:
[2018.12.29-16.11.39:774][  0]LogWindows:    0. 'NVIDIA GeForce GTX 1060 6GB' (P:1 D:1)
[2018.12.29-16.11.39:774][  0]LogWindows:    1. 'NVIDIA GeForce GTX 1060 6GB' (P:0 D:1)
[2018.12.29-16.11.39:775][  0]LogWindows:    2. 'NVIDIA GeForce GTX 1060 6GB' (P:0 D:1)
[2018.12.29-16.11.39:775][  0]LogWindows:    3. 'NVIDIA GeForce GTX 1060 6GB' (P:0 D:0)
[2018.12.29-16.11.39:776][  0]LogWindows: DebugString: FoundDriverCount:4 
[2018.12.29-16.11.39:776][  0]LogD3D11RHI:     Adapter Name: NVIDIA GeForce GTX 1060 6GB
[2018.12.29-16.11.39:811][  0]LogD3D11RHI:   Driver Version: 388.13 (internal:23.21.13.8813, unified:388.13)
[2018.12.29-16.11.39:811][  0]LogD3D11RHI:      Driver Date: 10-27-2017
[2018.12.29-16.11.39:811][  0]LogRHI: Texture pool is 4242 MB (70% of 6061 MB)
[2018.12.29-16.11.39:882][  0]LogD3D11RHI: Async texture creation enabled
[2018.12.29-16.11.40:138][  0]LogD3D11RHI: GPU Timing Frequency: 1000.000000 (Debug: 2 1)
[2018.12.29-16.11.40:284][  0]LogShaderCompilers: Guid format shader working directory is -2 characters bigger than the processId version (../../../../../../Git/FightingGame/FightingGame/Intermediate/Shaders/WorkingDirectory/9204/).
[2018.12.29-16.11.40:284][  0]LogShaderCompilers: Cleaned the shader compiler working directory 'C:/Users/John/AppData/Local/Temp/UnrealShaderWorkingDir/A3D4D17E4F67D07D26F0628160823099/'.
[2018.12.29-16.11.40:660][  0]LogTemp: Display: Loaded TP AllDesktopTargetPlatform
[2018.12.29-16.11.40:723][  0]LogTemp: Display: Loaded TP MacClientTargetPlatform
[2018.12.29-16.11.40:792][  0]LogTemp: Display: Loaded TP MacNoEditorTargetPlatform
[2018.12.29-16.11.40:862][  0]LogTemp: Display: Loaded TP MacServerTargetPlatform
[2018.12.29-16.11.40:952][  0]LogTemp: Display: Loaded TP MacTargetPlatform
[2018.12.29-16.11.41:027][  0]LogTemp: Display: Loaded TP WindowsClientTargetPlatform
[2018.12.29-16.11.41:081][  0]LogTemp: Display: Loaded TP WindowsNoEditorTargetPlatform
[2018.12.29-16.11.41:152][  0]LogTemp: Display: Loaded TP WindowsServerTargetPlatform
[2018.12.29-16.11.41:198][  0]LogTemp: Display: Loaded TP WindowsTargetPlatform
[2018.12.29-16.11.41:310][  0]LogTemp: Display: Loaded TP AndroidTargetPlatform
[2018.12.29-16.11.41:310][  0]LogTemp: Display: Loaded TP AndroidTargetPlatform
[2018.12.29-16.11.41:310][  0]LogTemp: Display: Loaded TP AndroidTargetPlatform
[2018.12.29-16.11.41:310][  0]LogTemp: Display: Loaded TP AndroidTargetPlatform
[2018.12.29-16.11.41:310][  0]LogTemp: Display: Loaded TP AndroidTargetPlatform
[2018.12.29-16.11.41:311][  0]LogTemp: Display: Loaded TP AndroidTargetPlatform
[2018.12.29-16.11.41:311][  0]LogTemp: Display: Loaded TP AndroidTargetPlatform
[2018.12.29-16.11.41:311][  0]LogTemp: Display: Loaded TP AndroidTargetPlatform
[2018.12.29-16.11.41:311][  0]LogTemp: Display: Loaded TP AndroidTargetPlatform
[2018.12.29-16.11.41:311][  0]LogTemp: Display: Loaded TP AndroidTargetPlatform
[2018.12.29-16.11.41:311][  0]LogTemp: Display: Loaded TP AndroidTargetPlatform
[2018.12.29-16.11.41:311][  0]LogTemp: Display: Loaded TP AndroidTargetPlatform
[2018.12.29-16.11.41:311][  0]LogTemp: Display: Loaded TP AndroidTargetPlatform
[2018.12.29-16.11.41:311][  0]LogTemp: Display: Loaded TP AndroidTargetPlatform
[2018.12.29-16.11.41:311][  0]LogTemp: Display: Loaded TP AndroidTargetPlatform
[2018.12.29-16.11.41:311][  0]LogTemp: Display: Loaded TP AndroidTargetPlatform
[2018.12.29-16.11.41:311][  0]LogTemp: Display: Loaded TP AndroidTargetPlatform
[2018.12.29-16.11.41:311][  0]LogTemp: Display: Loaded TP AndroidTargetPlatform
[2018.12.29-16.11.41:348][  0]LogTemp: Display: Loaded TP HTML5TargetPlatform
[2018.12.29-16.11.41:607][  0]LogTemp: Display: Loaded TP IOSTargetPlatform
[2018.12.29-16.11.41:607][  0]LogTemp: Display: Loaded TP IOSTargetPlatform
[2018.12.29-16.11.41:656][  0]LogTemp: Display: Loaded TP TVOSTargetPlatform
[2018.12.29-16.11.41:656][  0]LogTemp: Display: Loaded TP TVOSTargetPlatform
[2018.12.29-16.11.41:689][  0]LogTemp: Display: Loaded TP LinuxClientTargetPlatform
[2018.12.29-16.11.41:728][  0]LogTemp: Display: Loaded TP LinuxNoEditorTargetPlatform
[2018.12.29-16.11.41:759][  0]LogTemp: Display: Loaded TP LinuxServerTargetPlatform
[2018.12.29-16.11.41:819][  0]LogTemp: Display: Loaded TP LinuxTargetPlatform
[2018.12.29-16.11.41:856][  0]LogTemp: Display: Loaded TP LuminTargetPlatform
[2018.12.29-16.11.41:856][  0]LogTargetPlatformManager: Display: Building Assets For Windows
[2018.12.29-16.11.43:094][  0]LogXGEController: Cleaning working directory: C:/Users/John/AppData/Local/Temp/UnrealXGEWorkingDir/
[2018.12.29-16.11.43:094][  0]LogXGEController: Cannot use XGE Controller as Incredibuild is not installed on this machine.
[2018.12.29-16.11.43:094][  0]LogShaderCompilers: Cannot use XGE Shader Compiler as Incredibuild is not installed on this machine.
[2018.12.29-16.11.43:095][  0]LogShaderCompilers: Display: Using Local Shader Compiler.
[2018.12.29-16.11.44:879][  0]LogDerivedDataCache: Display: Max Cache Size: 512 MB
[2018.12.29-16.11.45:704][  0]LogDerivedDataCache: Loaded boot cache 0.82s 71MB C:/Users/John/AppData/Local/UnrealEngine/4.20/DerivedDataCache/Boot.ddc.
[2018.12.29-16.11.45:704][  0]LogDerivedDataCache: Display: Loaded Boot cache: C:/Users/John/AppData/Local/UnrealEngine/4.20/DerivedDataCache/Boot.ddc
[2018.12.29-16.11.45:705][  0]LogDerivedDataCache: FDerivedDataBackendGraph:  Pak pak cache file ../../../../../../Git/FightingGame/FightingGame/DerivedDataCache/DDC.ddp not found, will not use a pak cache.
[2018.12.29-16.11.45:705][  0]LogDerivedDataCache: Unable to find inner node Pak for hierarchical cache Hierarchy.
[2018.12.29-16.11.45:705][  0]LogDerivedDataCache: FDerivedDataBackendGraph:  CompressedPak pak cache file ../../../../../../Git/FightingGame/FightingGame/DerivedDataCache/Compressed.ddp not found, will not use a pak cache.
[2018.12.29-16.11.45:705][  0]LogDerivedDataCache: Unable to find inner node CompressedPak for hierarchical cache Hierarchy.
[2018.12.29-16.11.45:751][  0]LogDerivedDataCache: Display: Pak cache opened for reading ../../../Engine/DerivedDataCache/Compressed.ddp.
[2018.12.29-16.11.45:767][  0]LogDerivedDataCache: Using Local data cache path C:/Users/John/AppData/Local/UnrealEngine/Common/DerivedDataCache: Writable
[2018.12.29-16.11.45:767][  0]LogDerivedDataCache: Shared data cache path not found in *engine.ini, will not use an Shared cache.
[2018.12.29-16.11.45:767][  0]LogDerivedDataCache: Unable to find inner node Shared for hierarchical cache Hierarchy.
[2018.12.29-16.11.45:794][  0]LogMaterial: Verifying Global Shaders for PCD3D_SM5
[2018.12.29-16.11.45:869][  0]LogSlate: Using FreeType 2.6.0
[2018.12.29-16.11.45:924][  0]LogSlate: SlateFontServices - WITH_FREETYPE: 1, WITH_HARFBUZZ: 1
[2018.12.29-16.11.46:426][  0]LogAssetRegistry: FAssetRegistry took 0.0359 seconds to start up
[2018.12.29-16.11.49:218][  0]LogInit: Selected Device Profile: [Windows]
[2018.12.29-16.11.50:615][  0]LogSimplygon: Simplygon DLL not present - disabling.
[2018.12.29-16.11.50:873][  0]LogMeshReduction: Using SimplygonSwarm for distributed automatic mesh merging
[2018.12.29-16.11.50:873][  0]LogMeshReduction: Using ProxyLODMeshReduction for automatic mesh merging
[2018.12.29-16.11.50:873][  0]LogMeshReduction: Using QuadricMeshReduction for automatic static mesh reduction
[2018.12.29-16.11.50:873][  0]LogMeshReduction: No automatic skeletal mesh reduction module available
[2018.12.29-16.11.51:204][  0]LogNetVersion: FightingGame 1.0.0, NetCL: 4212847, EngineNetVer: 5, GameNetVer: 0 (Checksum: 156865789)
[2018.12.29-16.11.54:825][  0]LogPackageLocalizationCache: Processed 11 localized package path(s) for 2 prioritized culture(s) in 0.231071 seconds
[2018.12.29-16.11.54:858][  0]LogUObjectArray: 38425 objects as part of root set at end of initial load.
[2018.12.29-16.11.54:858][  0]LogUObjectAllocator: 6690864 out of 0 bytes used by permanent object pool.
[2018.12.29-16.11.54:859][  0]LogUObjectArray: CloseDisregardForGC: 0/0 objects in disregard for GC pool
[2018.12.29-16.12.12:313][  0]LogTcpMessaging: Initializing TcpMessaging bridge
[2018.12.29-16.12.12:379][  0]LogUdpMessaging: Initializing bridge on interface 0.0.0.0:0 to multicast group 230.0.0.1:6666.
[2018.12.29-16.12.14:088][  0]SourceControl: Source control is disabled
[2018.12.29-16.12.14:089][  0]SourceControl: Source control is disabled
[2018.12.29-16.12.14:230][  0]SourceControl: Source control is disabled
[2018.12.29-16.12.14:298][  0]SourceControl: Source control is disabled
[2018.12.29-16.12.17:114][  0]LogAndroidPermission: UAndroidPermissionCallbackProxy::GetInstance
[2018.12.29-16.12.17:679][  0]LogOcInput: OculusInput pre-init called
[2018.12.29-16.12.19:212][  0]LogEngine: Initializing Engine...
[2018.12.29-16.12.19:241][  0]LogHMD: Failed to initialize OpenVR with code 102
[2018.12.29-16.12.19:265][  0]LogStats: UGameplayTagsManager::ConstructGameplayTagTree: ImportINI prefixes -  0.000 s
[2018.12.29-16.12.19:265][  0]LogStats: UGameplayTagsManager::ConstructGameplayTagTree: Construct from data asset -  0.000 s
[2018.12.29-16.12.19:266][  0]LogStats: UGameplayTagsManager::ConstructGameplayTagTree: ImportINI -  0.000 s
[2018.12.29-16.12.19:266][  0]LogStats: UGameplayTagsManager::ConstructGameplayTagTree: GameplayTagTreeChangedEvent.Broadcast -  0.000 s
[2018.12.29-16.12.19:988][  0]LogInit: Initializing FReadOnlyCVARCache
[2018.12.29-16.12.20:393][  0]LogAIModule: Creating AISystem for world Untitled
[2018.12.29-16.12.20:582][  0]LogInit: XAudio2 using 'Headset Earphone (Razer ManO'War)' : 2 channels at 48 kHz using 16 bits per sample (channel mask 0x3)
[2018.12.29-16.12.21:103][  0]LogInit: FAudioDevice initialized.
[2018.12.29-16.12.21:103][  0]LogNetVersion: Set ProjectVersion to 1.0.0.0. Version Checksum will be recalculated on next use.
[2018.12.29-16.12.21:230][  0]LogDerivedDataCache: Saved boot cache 0.13s 71MB C:/Users/John/AppData/Local/UnrealEngine/4.20/DerivedDataCache/Boot.ddc.
[2018.12.29-16.12.21:239][  0]LogInit: Texture streaming: Enabled
[2018.12.29-16.12.21:485][  0]LogEngineSessionManager: EngineSessionManager initialized
[2018.12.29-16.12.21:485][  0]LogEngineSessionManager: EngineSessionManager sent abnormal shutdown report. Type=Debugger, SessionId={B0B438B5-4FE3-1007-5AE4-FF8F3BA8BECC}
[2018.12.29-16.12.21:651][  0]LogInit: Transaction tracking system initialized
[2018.12.29-16.12.22:268][  0]BlueprintLog: New page: Editor Load
[2018.12.29-16.12.24:192][  0]LocalizationService: Localization service is disabled
[2018.12.29-16.12.26:626][  0]LogFileCache: Scanning file cache for directory 'D:/Git/FightingGame/FightingGame/Content/' took 0.02s
[2018.12.29-16.12.26:627][  0]LogCook: Display: Max memory allowance for cook 16384mb min free memory 0mb
[2018.12.29-16.12.26:642][  0]LogCook: Display: Mobile HDR setting 1
[2018.12.29-16.12.26:648][  0]LogGameplayTags: Display: UGameplayTagsManager::DoneAddingNativeTags. DelegateIsBound: 0
[2018.12.29-16.12.26:648][  0]LogStats: UGameplayTagsManager::ConstructGameplayTagTree: ImportINI prefixes -  0.000 s
[2018.12.29-16.12.26:648][  0]LogStats: UGameplayTagsManager::ConstructGameplayTagTree: Construct from data asset -  0.000 s
[2018.12.29-16.12.26:648][  0]LogStats: UGameplayTagsManager::ConstructGameplayTagTree: ImportINI -  0.000 s
[2018.12.29-16.12.26:648][  0]LogStats: UGameplayTagsManager::ConstructGameplayTagTree: GameplayTagTreeChangedEvent.Broadcast -  0.000 s
[2018.12.29-16.12.28:041][  0]LogLinker: Warning: Can't find file '/Engine/BasicShapes/Cylinder'
[2018.12.29-16.12.28:041][  0]LogLinker: Warning: Can't find file '/Engine/BasicShapes/Cylinder'
[2018.12.29-16.12.28:041][  0]LogUObjectGlobals: Warning: Failed to find object 'StaticMesh /Engine/BasicShapes/Cylinder.Cylinder'
[2018.12.29-16.12.29:280][  0]SourceControl: Source control is disabled
[2018.12.29-16.12.29:297][  0]Cmd: MAP LOAD FILE="../../../../../../Git/FightingGame/FightingGame/Content/StarterContent/Maps/Minimal_Default.umap" TEMPLATE=0 SHOWPROGRESS=1 FEATURELEVEL=3
[2018.12.29-16.12.29:302][  0]LightingResults: New page: Lighting Build
[2018.12.29-16.12.29:411][  0]MapCheck: New page: Map Check
[2018.12.29-16.12.29:412][  0]LightingResults: New page: Lighting Build
[2018.12.29-16.12.31:174][  0]LogAIModule: Creating AISystem for world Minimal_Default
[2018.12.29-16.12.31:759][  0]LogEditorServer: Finished looking for orphan Actors (0.000 secs)
[2018.12.29-16.12.31:872][  0]Cmd: MAP CHECKDEP NOCLEARLOG
[2018.12.29-16.12.32:018][  0]MapCheck: Map check complete: 0 Error(s), 0 Warning(s), took 144.551ms to complete.
[2018.12.29-16.12.32:018][  0]LogFileHelpers: Loading map 'Minimal_Default' took 2.728
[2018.12.29-16.12.34:751][  0]LogSlate: Updating window title bar state: overlay mode, drag disabled, window buttons hidden, title bar hidden
[2018.12.29-16.12.34:758][  0]LogSlate: Updating window title bar state: overlay mode, drag disabled, window buttons hidden, title bar hidden
[2018.12.29-16.12.34:764][  0]LogSlate: Updating window title bar state: overlay mode, drag disabled, window buttons hidden, title bar hidden
[2018.12.29-16.12.34:771][  0]LogSlate: Updating window title bar state: overlay mode, drag disabled, window buttons hidden, title bar hidden
[2018.12.29-16.12.34:895][  0]LogCollectionManager: Loaded 0 collections in 0.002231 seconds
[2018.12.29-16.12.35:067][  0]LogFileCache: Scanning file cache for directory 'D:/Git/FightingGame/FightingGame/Saved/Collections/' took 0.01s
[2018.12.29-16.12.35:067][  0]LogFileCache: Scanning file cache for directory 'D:/Git/FightingGame/FightingGame/Content/Developers/John/Collections/' took 0.01s
[2018.12.29-16.12.35:067][  0]LogFileCache: Scanning file cache for directory 'D:/Git/FightingGame/FightingGame/Content/Collections/' took 0.01s
[2018.12.29-16.12.35:067][  0]LogCollectionManager: Rebuilt the GUID cache for 0 collections in 0.000001 seconds
[2018.12.29-16.12.35:089][  0]LogContentBrowser: Native class hierarchy populated in 0.0213 seconds. Added 2577 classes and 605 folders.
[2018.12.29-16.12.35:163][  0]LogContentBrowser: Native class hierarchy updated for 'WidgetCarousel' in 0.0004 seconds. Added 0 classes and 0 folders.
[2018.12.29-16.12.35:994][  0]LogContentBrowser: Native class hierarchy updated for 'AddContentDialog' in 0.0004 seconds. Added 0 classes and 0 folders.
[2018.12.29-16.12.36:108][  0]LogContentBrowser: Native class hierarchy updated for 'SceneOutliner' in 0.0004 seconds. Added 1 classes and 2 folders.
[2018.12.29-16.12.36:819][  0]LogSlate: Took 0.009923 seconds to synchronously load lazily loaded font '../../../Engine/Content/Slate/Fonts/Roboto-Regular.ttf' (155K)
[2018.12.29-16.12.36:855][  0]LogSlate: Took 0.018296 seconds to synchronously load lazily loaded font '../../../Engine/Content/Slate/Fonts/Roboto-Bold.ttf' (160K)
[2018.12.29-16.12.36:901][  0]LogSlate: Took 0.006565 seconds to synchronously load lazily loaded font '../../../Engine/Content/Editor/Slate/Fonts/FontAwesome.ttf' (139K)
[2018.12.29-16.12.37:173][  0]LogRenderer: Reallocating scene render targets to support 1208x680 Format 10 NumSamples 1 (Frame:1).
[2018.12.29-16.12.37:532][  0]LogSlate: Took 0.010395 seconds to synchronously load lazily loaded font '../../../Engine/Content/Slate/Fonts/Roboto-Light.ttf' (167K)
[2018.12.29-16.12.38:478][  0]LogContentBrowser: Native class hierarchy updated for 'HierarchicalLODOutliner' in 0.0004 seconds. Added 0 classes and 0 folders.
[2018.12.29-16.12.38:478][  0]LogLoad: (Engine Initialization) Total time: 74.34 seconds
[2018.12.29-16.12.38:479][  0]LogLoad: (Engine Initialization) Total Blueprint compile time: 0.00 seconds
[2018.12.29-16.12.38:690][  0]LogContentStreaming: Texture pool size now 1000 MB
[2018.12.29-16.12.39:020][  2]LogAssetRegistry: Asset discovery search completed in 52.6227 seconds
[2018.12.29-16.12.39:022][  2]LogCollectionManager: Rebuilt the object cache for 0 collections in 0.000001 seconds (found 0 objects)
[2018.12.29-16.12.39:022][  2]LogCollectionManager: Fixed up redirectors for 0 collections in 0.000189 seconds (updated 0 objects)
[2018.12.29-16.13.07:209][231]LogSlate: FSceneViewport::OnFocusLost() reason 0
[2018.12.29-16.13.07:273][239]LogTemp: Repeating last play command: Selected Viewport
[2018.12.29-16.13.07:291][239]LogBlueprintUserMessages: Early PlayInEditor Detection: Level '/Game/StarterContent/Maps/Minimal_Default.Minimal_Default:PersistentLevel' has LevelScriptBlueprint '/Game/StarterContent/Maps/Minimal_Default.Minimal_Default:PersistentLevel.Minimal_Default' with GeneratedClass '/Game/StarterContent/Maps/Minimal_Default.Minimal_Default_C' with ClassGeneratedBy '/Game/StarterContent/Maps/Minimal_Default.Minimal_Default:PersistentLevel.Minimal_Default'
[2018.12.29-16.13.07:291][239]LogPlayLevel: PlayLevel: No blueprints needed recompiling
[2018.12.29-16.13.07:377][239]PIE: New page: PIE session: Minimal_Default (Dec 29, 2018, 4:13:07 PM)
[2018.12.29-16.13.07:377][239]LogPlayLevel: Creating play world package: /Game/StarterContent/Maps/UEDPIE_1_Minimal_Default
[2018.12.29-16.13.07:395][239]LogPlayLevel: PIE: StaticDuplicateObject took: (0.017533s)
[2018.12.29-16.13.07:396][239]LogAIModule: Creating AISystem for world Minimal_Default
[2018.12.29-16.13.07:396][239]LogPlayLevel: PIE: World Init took: (0.000883s)
[2018.12.29-16.13.07:396][239]LogPlayLevel: PIE: Created PIE world by copying editor world from /Game/StarterContent/Maps/Minimal_Default.Minimal_Default to /Game/StarterContent/Maps/UEDPIE_1_Minimal_Default.Minimal_Default (0.018812s)
[2018.12.29-16.13.07:478][239]LogInit: XAudio2 using 'Headset Earphone (Razer ManO'War)' : 2 channels at 48 kHz using 16 bits per sample (channel mask 0x3)
[2018.12.29-16.13.07:556][239]LogInit: FAudioDevice initialized.
[2018.12.29-16.13.09:250][239]LogLoad: Game class is 'FightingGameMode_C'
[2018.12.29-16.13.09:265][239]LogWorld: Bringing World /Game/StarterContent/Maps/UEDPIE_1_Minimal_Default.Minimal_Default up for play (max tick rate 0) at 2018.12.29-16.13.09
[2018.12.29-16.13.09:283][239]LogWorld: Bringing up level for play took: 0.017799
[2018.12.29-16.13.09:355][239]LogContentBrowser: Native class hierarchy updated for 'MovieSceneCapture' in 0.0004 seconds. Added 10 classes and 0 folders.
[2018.12.29-16.13.09:443][239]LogTemp: Display: ParseSettings for GameNetDriver
[2018.12.29-16.13.09:448][239]LogTemp: Display: ParseSettings for IpNetDriver_0
[2018.12.29-16.13.09:448][239]LogTemp: Display: ParseSettings for GameNetDriver
[2018.12.29-16.13.09:448][239]LogNet: ReplicationDriverClass is null! Not using ReplicationDriver.
[2018.12.29-16.13.09:449][239]LogInit: WinSock: Socket queue 131072 / 131072
[2018.12.29-16.13.09:453][239]LogInit: WinSock: I am Edward (192.168.0.40:0)
[2018.12.29-16.13.09:454][239]PacketHandlerLog: Loaded PacketHandler component: Engine.EngineHandlerComponentFactory (StatelessConnectHandlerComponent)
[2018.12.29-16.13.09:454][239]LogNet: GameNetDriver IpNetDriver_0 IpNetDriver listening on port 17777
[2018.12.29-16.13.09:525][239]PIE: Play in editor start time for /Game/StarterContent/Maps/UEDPIE_1_Minimal_Default 3.073
[2018.12.29-16.13.09:537][239]PIE: New page: PIE session: Minimal_Default (Dec 29, 2018, 4:13:09 PM)
[2018.12.29-16.13.09:555][239]LogSlate: FSceneViewport::OnFocusLost() reason 2
[2018.12.29-16.13.09:561][239]LogSlate: Updating window title bar state: overlay mode, drag disabled, window buttons hidden, title bar hidden
[2018.12.29-16.13.09:633][239]LogNet: Browse: 127.0.0.1:17777//Game/StarterContent/Maps/Minimal_Default
[2018.12.29-16.13.09:644][239]LogTemp: Display: ParseSettings for GameNetDriver
[2018.12.29-16.13.09:644][239]LogTemp: Display: ParseSettings for IpNetDriver_1
[2018.12.29-16.13.09:644][239]LogTemp: Display: ParseSettings for PendingNetDriver
[2018.12.29-16.13.09:644][239]LogInit: WinSock: Socket queue 32768 / 32768
[2018.12.29-16.13.09:645][239]PacketHandlerLog: Loaded PacketHandler component: Engine.EngineHandlerComponentFactory (StatelessConnectHandlerComponent)
[2018.12.29-16.13.09:650][239]LogNet: Game client on port 17777, rate 10000
[2018.12.29-16.13.09:653][239]PIE: Play in editor start time for /Game/StarterContent/Maps/Minimal_Default 3.201
[2018.12.29-16.13.09:669][239]LogBlueprintUserMessages: Late PlayInEditor Detection: Level '/Game/StarterContent/Maps/Minimal_Default.Minimal_Default:PersistentLevel' has LevelScriptBlueprint '/Game/StarterContent/Maps/Minimal_Default.Minimal_Default:PersistentLevel.Minimal_Default' with GeneratedClass '/Game/StarterContent/Maps/Minimal_Default.Minimal_Default_C' with ClassGeneratedBy '/Game/StarterContent/Maps/Minimal_Default.Minimal_Default:PersistentLevel.Minimal_Default'
[2018.12.29-16.13.09:669][239]LogNet: NotifyAcceptingConnection accepted from: 127.0.0.1:56251
[2018.12.29-16.13.09:670][239]LogHandshake: SendConnectChallenge. Timestamp: 0.008334, Cookie: 070060146131210157040082178159071173015065081231215154214235
[2018.12.29-16.13.09:704][239]LogHandshake: SendChallengeResponse. Timestamp: 0.008334, Cookie: 070060146131210157040082178159071173015065081231215154214235
[2018.12.29-16.13.09:929][240]LogNet: NotifyAcceptingConnection accepted from: 127.0.0.1:56251
[2018.12.29-16.13.09:929][240]LogHandshake: SendChallengeAck. InCookie: 070060146131210157040082178159071173015065081231215154214235
[2018.12.29-16.13.09:929][240]LogNet: Server accepting post-challenge connection from: 127.0.0.1:56251
[2018.12.29-16.13.09:929][240]PacketHandlerLog: Loaded PacketHandler component: Engine.EngineHandlerComponentFactory (StatelessConnectHandlerComponent)
[2018.12.29-16.13.09:930][240]LogNet: NotifyAcceptedConnection: Name: Minimal_Default, TimeStamp: 12/29/18 16:13:09, [UNetConnection] RemoteAddr: 127.0.0.1:56251, Name: IpConnection_1, Driver: GameNetDriver IpNetDriver_0, IsServer: YES, PC: NULL, Owner: NULL, UniqueId: INVALID
[2018.12.29-16.13.09:930][240]LogNet: AddClientConnection: Added client connection: [UNetConnection] RemoteAddr: 127.0.0.1:56251, Name: IpConnection_1, Driver: GameNetDriver IpNetDriver_0, IsServer: YES, PC: NULL, Owner: NULL, UniqueId: INVALID
[2018.12.29-16.13.09:979][240]LogCharacterMovement: Warning: GetSimulationTimeStep() - Max iterations 8 hit while remaining time 0.074260 > MaxSimulationTimeStep (0.050) for 'TestPlayer_C_0', movement 'Walking'
[2018.12.29-16.13.09:988][240]LogNetVersion: FightingGame 1.0.0.0, NetCL: 4212847, EngineNetVer: 5, GameNetVer: 0 (Checksum: 4124689447)
[2018.12.29-16.13.09:989][240]LogNet: UPendingNetGame::SendInitialJoin: Sending hello. [UNetConnection] RemoteAddr: 127.0.0.1:17777, Name: IpConnection_0, Driver: PendingNetDriver IpNetDriver_1, IsServer: NO, PC: NULL, Owner: NULL, UniqueId: INVALID
[2018.12.29-16.13.09:999][241]LogNet: NotifyAcceptingChannel Control 0 server World /Game/StarterContent/Maps/UEDPIE_1_Minimal_Default.Minimal_Default: Accepted
[2018.12.29-16.13.10:008][241]LogNet: Remote platform little endian=1
[2018.12.29-16.13.10:008][241]LogNet: This platform little endian=1
[2018.12.29-16.13.10:027][242]LogNet: Login request: /Game/StarterContent/Maps/Minimal_Default?Name=Edward-404DBAA84532E4E304FB9AAE0418D485 userId: Edward-404DBAA84532E4E304FB9AAE0418D485
[2018.12.29-16.13.10:028][242]LogNet: Welcomed by server (Level: /Game/StarterContent/Maps/UEDPIE_1_Minimal_Default, Game: /Game/FightingGameMode.FightingGameMode_C)
[2018.12.29-16.13.10:029][242]LogLoad: LoadMap: 127.0.0.1:17777//Game/StarterContent/Maps/UEDPIE_1_Minimal_Default?game=/Game/FightingGameMode.FightingGameMode_C
[2018.12.29-16.13.10:084][242]LogAIModule: Creating AISystem for world Minimal_Default
[2018.12.29-16.13.10:084][242]LogTemp: Display: ParseSettings for GameNetDriver
[2018.12.29-16.13.10:085][242]LogWorld: Bringing World /Game/StarterContent/Maps/UEDPIE_2_Minimal_Default.Minimal_Default up for play (max tick rate 0) at 2018.12.29-16.13.10
[2018.12.29-16.13.10:086][242]LogWorld: Bringing up level for play took: 0.000823
[2018.12.29-16.13.10:086][242]LogLoad: Took 0.057019 seconds to LoadMap(/Game/StarterContent/Maps/UEDPIE_1_Minimal_Default)
[2018.12.29-16.13.10:119][243]LogRenderer: Reallocating scene render targets to support 1280x720 Format 10 NumSamples 1 (Frame:1).
[2018.12.29-16.13.10:121][243]LogNet: Client netspeed is 10000
[2018.12.29-16.13.10:121][243]LogNet: Join request: /Game/StarterContent/Maps/Minimal_Default?Name=Edward-404DBAA84532E4E304FB9AAE0418D485?SplitscreenCount=1
[2018.12.29-16.13.10:122][243]LogOnline: Warning: OSS: No game present to join for session (GameSession)
[2018.12.29-16.13.10:126][243]LogNet: Join succeeded: Edward-404DBAA84532E
[2018.12.29-16.13.10:175][244]LogOnline: Warning: OSS: No game present to join for session (GameSession)
[2018.12.29-16.13.10:195][245]LogOnline: Warning: OSS: No game present to join for session (GameSession)
[2018.12.29-16.14.17:217][669]LogSlate: FSceneViewport::OnFocusLost() reason 0
[2018.12.29-16.14.17:460][681]LogSlate: Window 'FightingGame - Unreal Editor' being destroyed
[2018.12.29-16.14.17:544][681]LogBlueprintUserMessages: Early EndPlayMap Detection: Level '/Game/StarterContent/Maps/Minimal_Default.Minimal_Default:PersistentLevel' has LevelScriptBlueprint '/Game/StarterContent/Maps/Minimal_Default.Minimal_Default:PersistentLevel.Minimal_Default' with GeneratedClass '/Game/StarterContent/Maps/Minimal_Default.Minimal_Default_C' with ClassGeneratedBy '/Game/StarterContent/Maps/Minimal_Default.Minimal_Default:PersistentLevel.Minimal_Default'
[2018.12.29-16.14.17:544][681]LogSlate: Updating window title bar state: overlay mode, drag disabled, window buttons hidden, title bar hidden
[2018.12.29-16.14.17:558][681]LogSlate: Window 'FightingGame Game Preview Client 1 (64-bit/PCD3D_SM5)' being destroyed
[2018.12.29-16.14.17:559][681]LogWindowsTextInputMethodSystem: Display: IME system now deactivated.
[2018.12.29-16.14.17:617][681]LogOnline: Warning: OSS: No game present to leave for session (GameSession)
[2018.12.29-16.14.17:617][681]LogSlate: Updating window title bar state: overlay mode, drag disabled, window buttons hidden, title bar hidden
[2018.12.29-16.14.17:654][681]LogPlayLevel: Display: Shutting down PIE online subsystems
[2018.12.29-16.14.17:654][681]LogBlueprintUserMessages: Late EndPlayMap Detection: Level '/Game/StarterContent/Maps/Minimal_Default.Minimal_Default:PersistentLevel' has LevelScriptBlueprint '/Game/StarterContent/Maps/Minimal_Default.Minimal_Default:PersistentLevel.Minimal_Default' with GeneratedClass '/Game/StarterContent/Maps/Minimal_Default.Minimal_Default_C' with ClassGeneratedBy '/Game/StarterContent/Maps/Minimal_Default.Minimal_Default:PersistentLevel.Minimal_Default'
[2018.12.29-16.14.17:690][681]LogSlate: Updating window title bar state: overlay mode, drag disabled, window buttons hidden, title bar hidden
[2018.12.29-16.14.17:710][681]LogNet: UChannel::CleanUp: ChIndex == 0. Closing connection. [UChannel] ChIndex: 0, Closing: 0 [UNetConnection] RemoteAddr: 127.0.0.1:17777, Name: None, Driver: GameNetDriver None, IsServer: NO, PC: None, Owner: None, UniqueId: NULL:Edward-404DBAA84532E4E304FB9AAE0418D485
[2018.12.29-16.14.17:710][681]LogNet: UNetConnection::Close: [UNetConnection] RemoteAddr: 127.0.0.1:17777, Name: None, Driver: GameNetDriver None, IsServer: NO, PC: None, Owner: None, UniqueId: NULL:Edward-404DBAA84532E4E304FB9AAE0418D485, Channels: 1, Time: 2018.12.29-16.14.17
[2018.12.29-16.14.17:710][681]LogNet: UChannel::Close: Sending CloseBunch. ChIndex == 0. Name: [UChannel] ChIndex: 0, Closing: 0 [UNetConnection] RemoteAddr: 127.0.0.1:17777, Name: None, Driver: GameNetDriver None, IsServer: NO, PC: None, Owner: None, UniqueId: NULL:Edward-404DBAA84532E4E304FB9AAE0418D485
[2018.12.29-16.14.17:710][681]LogNet: UChannel::CleanUp: ChIndex == 0. Closing connection. [UChannel] ChIndex: 0, Closing: 0 [UNetConnection] RemoteAddr: 127.0.0.1:56251, Name: None, Driver: GameNetDriver None, IsServer: YES, PC: None, Owner: None, UniqueId: NULL:Edward-404DBAA84532E4E304FB9AAE0418D485
[2018.12.29-16.14.17:710][681]LogNet: UNetConnection::Close: [UNetConnection] RemoteAddr: 127.0.0.1:56251, Name: None, Driver: GameNetDriver None, IsServer: YES, PC: None, Owner: None, UniqueId: NULL:Edward-404DBAA84532E4E304FB9AAE0418D485, Channels: 1, Time: 2018.12.29-16.14.17
[2018.12.29-16.14.17:710][681]LogNet: UChannel::Close: Sending CloseBunch. ChIndex == 0. Name: [UChannel] ChIndex: 0, Closing: 0 [UNetConnection] RemoteAddr: 127.0.0.1:56251, Name: None, Driver: GameNetDriver None, IsServer: YES, PC: None, Owner: None, UniqueId: NULL:Edward-404DBAA84532E4E304FB9AAE0418D485
[2018.12.29-16.14.17:711][681]LogExit: GameNetDriver None shut down
[2018.12.29-16.14.17:712][681]LogExit: GameNetDriver None shut down
[2018.12.29-16.14.17:973][682]Cmd: QUIT_EDITOR
[2018.12.29-16.14.18:812][682]LogExit: Preparing to exit.
[2018.12.29-16.14.19:798][682]LogExit: Editor shut down
[2018.12.29-16.14.19:798][682]LogExit: Transaction tracking system shut down
[2018.12.29-16.14.20:655][682]LogExit: Object subsystem successfully closed.
[2018.12.29-16.14.20:731][682]LogShaderCompilers: Display: Shaders left to compile 0
[2018.12.29-16.14.20:734][682]LogD3D11RHI: Shutdown
[2018.12.29-16.14.20:734][682]LogD3D11RHI: CleanupD3DDevice
[2018.12.29-16.14.20:745][682]LogD3D11RHI: ~FD3D11DynamicRHI
[2018.12.29-16.14.21:128][682]LogModuleManager: Shutting down and abandoning module MovieSceneCapture (616)
[2018.12.29-16.14.21:128][682]LogModuleManager: Shutting down and abandoning module Voice (614)
[2018.12.29-16.14.21:128][682]LogModuleManager: Shutting down and abandoning module HierarchicalLODOutliner (612)
[2018.12.29-16.14.21:128][682]LogModuleManager: Shutting down and abandoning module SceneOutliner (610)
[2018.12.29-16.14.21:128][682]LogModuleManager: Shutting down and abandoning module AddContentDialog (608)
[2018.12.29-16.14.21:129][682]LogModuleManager: Shutting down and abandoning module WidgetCarousel (607)
[2018.12.29-16.14.21:129][682]LogModuleManager: Shutting down and abandoning module EditorWidgets (604)
[2018.12.29-16.14.21:129][682]LogModuleManager: Shutting down and abandoning module CollectionManager (602)
[2018.12.29-16.14.21:143][682]LogModuleManager: Shutting down and abandoning module StatsViewer (600)
[2018.12.29-16.14.21:143][682]LogModuleManager: Shutting down and abandoning module FoliageEdit (598)
[2018.12.29-16.14.21:143][682]LogModuleManager: Shutting down and abandoning module LandscapeEditor (596)
[2018.12.29-16.14.21:178][682]LogModuleManager: Shutting down and abandoning module MeshPaintMode (594)
[2018.12.29-16.14.21:178][682]LogModuleManager: Shutting down and abandoning module SceneDepthPickerMode (592)
[2018.12.29-16.14.21:178][682]LogModuleManager: Shutting down and abandoning module ActorPickerMode (590)
[2018.12.29-16.14.21:178][682]LogModuleManager: Shutting down and abandoning module GeometryMode (588)
[2018.12.29-16.14.21:178][682]LogModuleManager: Shutting down and abandoning module TextureAlignMode (586)
[2018.12.29-16.14.21:178][682]LogModuleManager: Shutting down and abandoning module BspMode (584)
[2018.12.29-16.14.21:178][682]LogModuleManager: Shutting down and abandoning module PIEPreviewDeviceProfileSelector (582)
[2018.12.29-16.14.21:179][682]LogModuleManager: Shutting down and abandoning module SequenceRecorderSections (580)
[2018.12.29-16.14.21:179][682]LogModuleManager: Shutting down and abandoning module AutomationWorker (578)
[2018.12.29-16.14.21:179][682]LogModuleManager: Shutting down and abandoning module AudioCaptureEditor (576)
[2018.12.29-16.14.21:179][682]LogModuleManager: Shutting down and abandoning module SequenceRecorder (575)
[2018.12.29-16.14.21:179][682]LogModuleManager: Shutting down and abandoning module MatineeToLevelSequence (572)
[2018.12.29-16.14.21:179][682]LogModuleManager: Shutting down and abandoning module LevelSequenceEditor (570)
[2018.12.29-16.14.21:189][682]LogModuleManager: Shutting down and abandoning module PlacementMode (569)
[2018.12.29-16.14.21:189][682]LogModuleManager: Shutting down and abandoning module MaterialEditor (568)
[2018.12.29-16.14.21:216][682]LogModuleManager: Shutting down and abandoning module WmfMediaFactory (564)
[2018.12.29-16.14.21:216][682]LogModuleManager: Shutting down and abandoning module WmfMediaEditor (562)
[2018.12.29-16.14.21:216][682]LogModuleManager: Shutting down and abandoning module MediaPlayerEditor (560)
[2018.12.29-16.14.21:216][682]LogModuleManager: Shutting down and abandoning module OpenExrWrapper (558)
[2018.12.29-16.14.21:216][682]LogModuleManager: Shutting down and abandoning module ImgMediaFactory (556)
[2018.12.29-16.14.21:217][682]LogModuleManager: Shutting down and abandoning module ImgMediaEditor (554)
[2018.12.29-16.14.21:217][682]LogModuleManager: Shutting down and abandoning module AvfMediaFactory (552)
[2018.12.29-16.14.21:217][682]LogModuleManager: Shutting down and abandoning module AvfMediaEditor (550)
[2018.12.29-16.14.21:217][682]LogModuleManager: Shutting down and abandoning module AndroidMediaFactory (548)
[2018.12.29-16.14.21:217][682]LogModuleManager: Shutting down and abandoning module AndroidMediaEditor (546)
[2018.12.29-16.14.21:217][682]LogModuleManager: Shutting down and abandoning module MagicLeapCameraPreviewFactory (544)
[2018.12.29-16.14.21:217][682]LogModuleManager: Shutting down and abandoning module MagicLeapMediaFactory (542)
[2018.12.29-16.14.21:217][682]LogModuleManager: Shutting down and abandoning module MagicLeapMediaEditor (540)
[2018.12.29-16.14.21:217][682]LogModuleManager: Shutting down and abandoning module CharacterAI (538)
[2018.12.29-16.14.21:217][682]LogModuleManager: Shutting down and abandoning module SmartSnapping (536)
[2018.12.29-16.14.21:217][682]LogModuleManager: Shutting down and abandoning module SessionServices (534)
[2018.12.29-16.14.21:217][682]LogModuleManager: Shutting down and abandoning module ViewportSnapping (532)
[2018.12.29-16.14.21:217][682]LogModuleManager: Shutting down and abandoning module ViewportInteraction (530)
[2018.12.29-16.14.21:226][682]LogModuleManager: Shutting down and abandoning module ClothPainter (528)
[2018.12.29-16.14.21:256][682]LogModuleManager: Shutting down and abandoning module SkeletalMeshEditor (527)
[2018.12.29-16.14.21:298][682]LogModuleManager: Shutting down and abandoning module LogVisualizer (524)
[2018.12.29-16.14.21:308][682]LogModuleManager: Shutting down and abandoning module IntroTutorials (522)
[2018.12.29-16.14.21:308][682]LogModuleManager: Shutting down and abandoning module GameProjectGeneration (521)
[2018.12.29-16.14.21:308][682]LogModuleManager: Shutting down and abandoning module LuminPlatformEditor (518)
[2018.12.29-16.14.21:309][682]LogModuleManager: Shutting down and abandoning module IOSPlatformEditor (516)
[2018.12.29-16.14.21:309][682]LogModuleManager: Shutting down and abandoning module HTML5PlatformEditor (514)
[2018.12.29-16.14.21:309][682]LogModuleManager: Shutting down and abandoning module AndroidPlatformEditor (512)
[2018.12.29-16.14.21:309][682]LogModuleManager: Shutting down and abandoning module AndroidDeviceDetection (511)
[2018.12.29-16.14.21:931][682]LogModuleManager: Shutting down and abandoning module WindowsPlatformEditor (508)
[2018.12.29-16.14.21:931][682]LogModuleManager: Shutting down and abandoning module LuminRuntimeSettings (506)
[2018.12.29-16.14.21:931][682]LogModuleManager: Shutting down and abandoning module IOSRuntimeSettings (504)
[2018.12.29-16.14.21:931][682]LogModuleManager: Shutting down and abandoning module AndroidRuntimeSettings (502)
[2018.12.29-16.14.21:931][682]LogModuleManager: Shutting down and abandoning module InputBindingEditor (500)
[2018.12.29-16.14.21:939][682]LogModuleManager: Shutting down and abandoning module MergeActors (498)
[2018.12.29-16.14.21:939][682]LogModuleManager: Shutting down and abandoning module LocalizationDashboard (496)
[2018.12.29-16.14.21:952][682]LogModuleManager: Shutting down and abandoning module LocalizationService (495)
[2018.12.29-16.14.21:952][682]LogModuleManager: Shutting down and abandoning module HardwareTargeting (492)
[2018.12.29-16.14.21:952][682]LogModuleManager: Shutting down and abandoning module DeviceProfileEditor (490)
[2018.12.29-16.14.21:952][682]LogModuleManager: Shutting down and abandoning module UndoHistory (488)
[2018.12.29-16.14.21:952][682]LogModuleManager: Shutting down and abandoning module XmlParser (486)
[2018.12.29-16.14.21:952][682]LogModuleManager: Shutting down and abandoning module Blutility (484)
[2018.12.29-16.14.21:952][682]LogModuleManager: Shutting down and abandoning module ProjectSettingsViewer (482)
[2018.12.29-16.14.21:952][682]LogModuleManager: Shutting down and abandoning module ProjectTargetPlatformEditor (481)
[2018.12.29-16.14.21:952][682]LogModuleManager: Shutting down and abandoning module EditorSettingsViewer (478)
[2018.12.29-16.14.21:953][682]LogModuleManager: Shutting down and abandoning module SettingsEditor (476)
[2018.12.29-16.14.21:953][682]LogModuleManager: Shutting down and abandoning module ProjectLauncher (474)
[2018.12.29-16.14.21:958][682]LogModuleManager: Shutting down and abandoning module SessionFrontend (472)
[2018.12.29-16.14.21:959][682]LogModuleManager: Shutting down and abandoning module ProfilerClient (470)
[2018.12.29-16.14.21:968][682]LogModuleManager: Shutting down and abandoning module DeviceManager (468)
[2018.12.29-16.14.21:968][682]LogModuleManager: Shutting down and abandoning module TargetDeviceServices (467)
[2018.12.29-16.14.22:023][682]LogModuleManager: Shutting down and abandoning module AutomationController (464)
[2018.12.29-16.14.22:023][682]LogModuleManager: Shutting down and abandoning module AutomationWindow (462)
[2018.12.29-16.14.22:038][682]LogModuleManager: Shutting down and abandoning module Layers (460)
[2018.12.29-16.14.22:092][682]LogModuleManager: Shutting down and abandoning module ComponentVisualizers (458)
[2018.12.29-16.14.22:092][682]LogModuleManager: Shutting down and abandoning module DetailCustomizations (456)
[2018.12.29-16.14.22:092][682]LogModuleManager: Shutting down and abandoning module PackagesDialog (454)
[2018.12.29-16.14.22:095][682]LogModuleManager: Shutting down and abandoning module Persona (452)
[2018.12.29-16.14.22:110][682]LogModuleManager: Shutting down and abandoning module AdvancedPreviewScene (451)
[2018.12.29-16.14.22:111][682]LogModuleManager: Shutting down and abandoning module AnimGraph (449)
[2018.12.29-16.14.22:111][682]LogModuleManager: Shutting down and abandoning module Kismet (446)
[2018.12.29-16.14.22:119][682]LogModuleManager: Shutting down and abandoning module GraphEditor (444)
[2018.12.29-16.14.22:152][682]LogModuleManager: Shutting down and abandoning module ClassViewer (442)
[2018.12.29-16.14.22:153][682]LogModuleManager: Shutting down and abandoning module Toolbox (440)
[2018.12.29-16.14.22:153][682]LogModuleManager: Shutting down and abandoning module DesktopPlatform (439)
[2018.12.29-16.14.22:166][682]LogModuleManager: Shutting down and abandoning module ModuleUI (436)
[2018.12.29-16.14.22:176][682]LogModuleManager: Shutting down and abandoning module MovieSceneTools (434)
[2018.12.29-16.14.22:176][682]LogModuleManager: Shutting down and abandoning module OutputLog (432)
[2018.12.29-16.14.22:176][682]LogModuleManager: Shutting down and abandoning module GammaUI (430)
[2018.12.29-16.14.22:184][682]LogModuleManager: Shutting down and abandoning module Documentation (428)
[2018.12.29-16.14.22:184][682]LogModuleManager: Shutting down and abandoning module MovieSceneTracks (426)
[2018.12.29-16.14.22:201][682]LogModuleManager: Shutting down and abandoning module MovieScene (424)
[2018.12.29-16.14.22:201][682]LogModuleManager: Shutting down and abandoning module StreamingPauseRendering (422)
[2018.12.29-16.14.22:201][682]LogModuleManager: Shutting down and abandoning module LauncherPlatform (420)
[2018.12.29-16.14.22:201][682]LogModuleManager: Shutting down and abandoning module AnalyticsET (418)
[2018.12.29-16.14.22:201][682]LogModuleManager: Shutting down and abandoning module PortalServices (416)
[2018.12.29-16.14.22:201][682]LogModuleManager: Shutting down and abandoning module PortalRpc (414)
[2018.12.29-16.14.22:201][682]LogModuleManager: Shutting down and abandoning module MessagingRpc (412)
[2018.12.29-16.14.22:202][682]LogModuleManager: Shutting down and abandoning module AIModule (410)
[2018.12.29-16.14.22:202][682]LogModuleManager: Shutting down and abandoning module GameplayDebugger (409)
[2018.12.29-16.14.22:202][682]LogModuleManager: Shutting down and abandoning module AITestSuite (407)
[2018.12.29-16.14.22:202][682]LogModuleManager: Shutting down and abandoning module NavigationSystem (405)
[2018.12.29-16.14.22:202][682]LogModuleManager: Shutting down and abandoning module ProfilerService (402)
[2018.12.29-16.14.22:388][682]LogModuleManager: Shutting down and abandoning module TaskGraph (400)
[2018.12.29-16.14.22:388][682]LogModuleManager: Shutting down and abandoning module SteamVRController (398)
[2018.12.29-16.14.22:388][682]LogModuleManager: Shutting down and abandoning module ProceduralMeshComponentEditor (396)
[2018.12.29-16.14.22:388][682]LogModuleManager: Shutting down and abandoning module ProceduralMeshComponent (394)
[2018.12.29-16.14.22:388][682]LogModuleManager: Shutting down and abandoning module OculusInput (392)
[2018.12.29-16.14.22:388][682]LogModuleManager: Shutting down and abandoning module MobilePatchingUtils (390)
[2018.12.29-16.14.22:388][682]LogModuleManager: Shutting down and abandoning module EditableMesh (388)
[2018.12.29-16.14.22:401][682]LogModuleManager: Shutting down and abandoning module CustomMeshComponent (386)
[2018.12.29-16.14.22:402][682]LogModuleManager: Shutting down and abandoning module CableComponent (384)
[2018.12.29-16.14.22:402][682]LogModuleManager: Shutting down and abandoning module AudioCapture (382)
[2018.12.29-16.14.22:402][682]LogModuleManager: Shutting down and abandoning module ArchVisCharacter (380)
[2018.12.29-16.14.22:402][682]LogModuleManager: Shutting down and abandoning module AndroidPermission (378)
[2018.12.29-16.14.22:402][682]LogModuleManager: Shutting down and abandoning module NUTUnrealEngine4 (376)
[2018.12.29-16.14.22:402][682]LogModuleManager: Shutting down and abandoning module NetcodeUnitTest (374)
[2018.12.29-16.14.22:411][682]LogModuleManager: Shutting down and abandoning module MediaCompositingEditor (372)
[2018.12.29-16.14.22:411][682]LogModuleManager: Shutting down and abandoning module MediaCompositing (370)
[2018.12.29-16.14.22:411][682]LogModuleManager: Shutting down and abandoning module LinearTimecode (368)
[2018.12.29-16.14.22:411][682]LogModuleManager: Shutting down and abandoning module ImgMedia (366)
[2018.12.29-16.14.22:424][682]LogModuleManager: Shutting down and abandoning module HTML5Networking (364)
[2018.12.29-16.14.22:424][682]LogModuleManager: Shutting down and abandoning module GeometryCacheTracks (362)
[2018.12.29-16.14.22:424][682]LogModuleManager: Shutting down and abandoning module GeometryCacheSequencer (360)
[2018.12.29-16.14.22:425][682]LogModuleManager: Shutting down and abandoning module BackChannel (358)
[2018.12.29-16.14.22:425][682]LogModuleManager: Shutting down and abandoning module AppleVision (356)
[2018.12.29-16.14.22:425][682]LogModuleManager: Shutting down and abandoning module AppleImageUtils (354)
[2018.12.29-16.14.22:425][682]LogModuleManager: Shutting down and abandoning module AlembicImporter (352)
[2018.12.29-16.14.22:425][682]LogModuleManager: Shutting down and abandoning module AlembicLibrary (351)
[2018.12.29-16.14.22:425][682]LogModuleManager: Shutting down and abandoning module GeometryCache (350)
[2018.12.29-16.14.22:425][682]LogModuleManager: Shutting down and abandoning module GeometryCacheEd (349)
[2018.12.29-16.14.22:425][682]LogModuleManager: Shutting down and abandoning module DatasmithContentEditor (344)
[2018.12.29-16.14.22:425][682]LogModuleManager: Shutting down and abandoning module DatasmithContent (342)
[2018.12.29-16.14.22:434][682]LogModuleManager: Shutting down and abandoning module SpeedTreeImporter (340)
[2018.12.29-16.14.22:434][682]LogModuleManager: Shutting down and abandoning module PluginBrowser (338)
[2018.12.29-16.14.22:447][682]LogModuleManager: Shutting down and abandoning module MobileLauncherProfileWizard (336)
[2018.12.29-16.14.22:453][682]LogModuleManager: Shutting down and abandoning module PolygonModeling (334)
[2018.12.29-16.14.22:453][682]LogModuleManager: Shutting down and abandoning module MeshEditor (332)
[2018.12.29-16.14.22:453][682]LogModuleManager: Shutting down and abandoning module CryptoKeysOpenSSL (330)
[2018.12.29-16.14.22:453][682]LogModuleManager: Shutting down and abandoning module CryptoKeys (328)
[2018.12.29-16.14.22:453][682]LogModuleManager: Shutting down and abandoning module VisualStudioSourceCodeAccess (326)
[2018.12.29-16.14.22:453][682]LogModuleManager: Shutting down and abandoning module VisualStudioCodeSourceCodeAccess (324)
[2018.12.29-16.14.22:453][682]LogModuleManager: Shutting down and abandoning module UObjectPlugin (322)
[2018.12.29-16.14.22:453][682]LogModuleManager: Shutting down and abandoning module SubversionSourceControl (320)
[2018.12.29-16.14.22:453][682]LogModuleManager: Shutting down and abandoning module PerforceSourceControl (318)
[2018.12.29-16.14.22:462][682]LogModuleManager: Shutting down and abandoning module GitSourceControl (316)
[2018.12.29-16.14.22:462][682]LogModuleManager: Shutting down and abandoning module SourceControl (315)
[2018.12.29-16.14.22:463][682]LogModuleManager: Shutting down and abandoning module CLionSourceCodeAccess (312)
[2018.12.29-16.14.22:463][682]LogModuleManager: Shutting down and abandoning module LightPropagationVolumeEditor (310)
[2018.12.29-16.14.22:463][682]LogModuleManager: Shutting down and abandoning module PaperTiledImporter (308)
[2018.12.29-16.14.22:463][682]LogModuleManager: Shutting down and abandoning module PaperSpriteSheetImporter (306)
[2018.12.29-16.14.22:463][682]LogModuleManager: Shutting down and abandoning module Paper2DEditor (304)
[2018.12.29-16.14.22:473][682]LogModuleManager: Shutting down and abandoning module MeshPaint (303)
[2018.12.29-16.14.22:473][682]LogModuleManager: Shutting down and abandoning module FightingGame (300)
[2018.12.29-16.14.22:473][682]LogModuleManager: Shutting down and abandoning module RuntimePhysXCooking (298)
[2018.12.29-16.14.22:474][682]LogModuleManager: Shutting down and abandoning module PhysXVehiclesEditor (296)
[2018.12.29-16.14.22:474][682]LogModuleManager: Shutting down and abandoning module PhysXVehicles (294)
[2018.12.29-16.14.22:474][682]LogModuleManager: Shutting down and abandoning module OculusEditor (292)
[2018.12.29-16.14.22:474][682]LogModuleManager: Shutting down and abandoning module LocationServicesBPLibrary (290)
[2018.12.29-16.14.22:474][682]LogModuleManager: Shutting down and abandoning module ImmediatePhysicsEditor (288)
[2018.12.29-16.14.22:474][682]LogModuleManager: Shutting down and abandoning module ImmediatePhysics (286)
[2018.12.29-16.14.22:474][682]LogModuleManager: Shutting down and abandoning module ActorSequence (284)
[2018.12.29-16.14.22:474][682]LogModuleManager: Shutting down and abandoning module UdpMessaging (282)
[2018.12.29-16.14.22:575][682]LogModuleManager: Shutting down and abandoning module TcpMessaging (280)
[2018.12.29-16.14.22:675][682]LogModuleManager: Shutting down and abandoning module MagicLeapAudio (278)
[2018.12.29-16.14.22:675][682]LogModuleManager: Shutting down and abandoning module GameplayTagsEditor (276)
[2018.12.29-16.14.22:675][682]LogModuleManager: Shutting down and abandoning module FacialAnimationEditor (274)
[2018.12.29-16.14.22:675][682]LogModuleManager: Shutting down and abandoning module FacialAnimation (272)
[2018.12.29-16.14.22:675][682]LogModuleManager: Shutting down and abandoning module DataValidation (270)
[2018.12.29-16.14.22:675][682]LogModuleManager: Shutting down and abandoning module AssetManagerEditor (268)
[2018.12.29-16.14.22:685][682]LogModuleManager: Shutting down and abandoning module LevelEditor (267)
[2018.12.29-16.14.22:686][682]LogModuleManager: Shutting down and abandoning module PixelInspectorModule (266)
[2018.12.29-16.14.22:686][682]LogModuleManager: Shutting down and abandoning module CommonMenuExtensions (264)
[2018.12.29-16.14.22:686][682]LogModuleManager: Shutting down and abandoning module MainFrame (262)
[2018.12.29-16.14.22:686][682]LogModuleManager: Shutting down and abandoning module HotReload (261)
[2018.12.29-16.14.22:687][682]LogModuleManager: Shutting down and abandoning module ContentBrowser (257)
[2018.12.29-16.14.22:687][682]LogModuleManager: Shutting down and abandoning module TreeMap (255)
[2018.12.29-16.14.22:688][682]LogModuleManager: Shutting down and abandoning module LightPropagationVolumeRuntime (252)
[2018.12.29-16.14.22:688][682]LogModuleManager: Shutting down and abandoning module AISupportModule (250)
[2018.12.29-16.14.22:688][682]LogModuleManager: Shutting down and abandoning module Paper2D (248)
[2018.12.29-16.14.22:688][682]LogModuleManager: Shutting down and abandoning module WindowsMoviePlayer (246)
[2018.12.29-16.14.22:688][682]LogModuleManager: Shutting down and abandoning module WmfMedia (244)
[2018.12.29-16.14.22:702][682]LogModuleManager: Shutting down and abandoning module Media (243)
[2018.12.29-16.14.22:709][682]LogModuleManager: Shutting down and abandoning module PacketHandler (240)
[2018.12.29-16.14.22:709][682]LogModuleManager: Shutting down and abandoning module ClothingSystemEditor (238)
[2018.12.29-16.14.22:709][682]LogModuleManager: Shutting down and abandoning module ClothingSystemRuntime (236)
[2018.12.29-16.14.22:718][682]LogModuleManager: Shutting down and abandoning module MediaAssets (234)
[2018.12.29-16.14.22:718][682]LogModuleManager: Shutting down and abandoning module Overlay (232)
[2018.12.29-16.14.22:718][682]LogModuleManager: Shutting down and abandoning module OverlayEditor (231)
[2018.12.29-16.14.22:718][682]LogModuleManager: Shutting down and abandoning module VREditor (228)
[2018.12.29-16.14.22:728][682]LogModuleManager: Shutting down and abandoning module StringTableEditor (226)
[2018.12.29-16.14.22:739][682]LogModuleManager: Shutting down and abandoning module GameplayTasksEditor (224)
[2018.12.29-16.14.22:739][682]LogModuleManager: Shutting down and abandoning module BehaviorTreeEditor (222)
[2018.12.29-16.14.22:749][682]LogModuleManager: Shutting down and abandoning module FunctionalTesting (220)
[2018.12.29-16.14.22:749][682]LogModuleManager: Shutting down and abandoning module CollisionAnalyzer (218)
[2018.12.29-16.14.22:749][682]LogModuleManager: Shutting down and abandoning module WorkspaceMenuStructure (217)
[2018.12.29-16.14.22:749][682]LogModuleManager: Shutting down and abandoning module UMG (214)
[2018.12.29-16.14.22:749][682]LogModuleManager: Shutting down and abandoning module UMGEditor (213)
[2018.12.29-16.14.22:760][682]LogModuleManager: Shutting down and abandoning module Sequencer (212)
[2018.12.29-16.14.22:770][682]LogModuleManager: Shutting down and abandoning module MessageLog (209)
[2018.12.29-16.14.22:770][682]LogModuleManager: Shutting down and abandoning module SlateReflector (204)
[2018.12.29-16.14.22:798][682]LogModuleManager: Shutting down and abandoning module Slate (202)
[2018.12.29-16.14.22:799][682]LogModuleManager: Shutting down and abandoning module EditorStyle (200)
[2018.12.29-16.14.22:800][682]LogModuleManager: Shutting down and abandoning module MRMesh (198)
[2018.12.29-16.14.22:800][682]LogModuleManager: Shutting down and abandoning module SourceCodeAccess (196)
[2018.12.29-16.14.22:800][682]LogModuleManager: Shutting down and abandoning module HeadMountedDisplay (194)
[2018.12.29-16.14.22:800][682]LogModuleManager: Shutting down and abandoning module XAudio2 (192)
[2018.12.29-16.14.22:800][682]LogModuleManager: Shutting down and abandoning module Networking (190)
[2018.12.29-16.14.22:801][682]LogModuleManager: Shutting down and abandoning module Core (188)
[2018.12.29-16.14.22:801][682]LogModuleManager: Shutting down and abandoning module LevelSequence (186)
[2018.12.29-16.14.22:801][682]LogModuleManager: Shutting down and abandoning module KismetCompiler (184)
[2018.12.29-16.14.22:801][682]LogModuleManager: Shutting down and abandoning module MeshUtilities (182)
[2018.12.29-16.14.22:809][682]LogModuleManager: Shutting down and abandoning module MeshMergeUtilities (181)
[2018.12.29-16.14.22:809][682]LogModuleManager: Shutting down and abandoning module MeshReductionInterface (180)
[2018.12.29-16.14.22:809][682]LogModuleManager: Shutting down and abandoning module SimplygonSwarm (179)
[2018.12.29-16.14.22:817][682]LogModuleManager: Shutting down and abandoning module ProxyLODMeshReduction (177)
[2018.12.29-16.14.22:835][682]LogModuleManager: Shutting down and abandoning module SimplygonMeshReduction (175)
[2018.12.29-16.14.22:836][682]LogModuleManager: Shutting down and abandoning module QuadricMeshReduction (173)
[2018.12.29-16.14.22:843][682]LogModuleManager: Shutting down and abandoning module MaterialBaking (169)
[2018.12.29-16.14.22:852][682]LogModuleManager: Shutting down and abandoning module DirectoryWatcher (165)
[2018.12.29-16.14.22:853][682]LogModuleManager: Shutting down and abandoning module DerivedDataCache (162)
[2018.12.29-16.14.22:875][682]LogDerivedDataCache: Shutdown
[2018.12.29-16.14.22:876][682]LogModuleManager: Shutting down and abandoning module XGEController (160)
[2018.12.29-16.14.22:876][682]LogXGEController: Cleaning working directory: C:/Users/John/AppData/Local/Temp/UnrealXGEWorkingDir/
[2018.12.29-16.14.22:876][682]LogModuleManager: Shutting down and abandoning module TargetPlatform (158)
[2018.12.29-16.14.22:876][682]LogModuleManager: Shutting down and abandoning module VulkanShaderFormat (157)
[2018.12.29-16.14.22:876][682]LogModuleManager: Shutting down and abandoning module ShaderFormatVectorVM (155)
[2018.12.29-16.14.22:876][682]LogModuleManager: Shutting down and abandoning module ShaderFormatOpenGL (153)
[2018.12.29-16.14.22:881][682]LogModuleManager: Shutting down and abandoning module ShaderFormatD3D (151)
[2018.12.29-16.14.22:881][682]LogModuleManager: Shutting down and abandoning module MetalShaderFormat (149)
[2018.12.29-16.14.22:888][682]LogModuleManager: Shutting down and abandoning module TextureFormatUncompressed (147)
[2018.12.29-16.14.22:888][682]LogModuleManager: Shutting down and abandoning module TextureFormatPVR (145)
[2018.12.29-16.14.22:888][682]LogModuleManager: Shutting down and abandoning module TextureFormatDXT (143)
[2018.12.29-16.14.22:888][682]LogModuleManager: Shutting down and abandoning module TextureFormatIntelISPCTexComp (141)
[2018.12.29-16.14.22:889][682]LogModuleManager: Shutting down and abandoning module TextureFormatASTC (139)
[2018.12.29-16.14.22:889][682]LogModuleManager: Shutting down and abandoning module ImageWrapper (138)
[2018.12.29-16.14.22:889][682]LogModuleManager: Shutting down and abandoning module TextureFormatAndroid (135)
[2018.12.29-16.14.22:889][682]LogModuleManager: Shutting down and abandoning module AudioFormatOpus (133)
[2018.12.29-16.14.22:889][682]LogModuleManager: Shutting down and abandoning module AudioFormatOgg (131)
[2018.12.29-16.14.22:889][682]LogModuleManager: Shutting down and abandoning module AudioFormatADPCM (129)
[2018.12.29-16.14.22:889][682]LogModuleManager: Shutting down and abandoning module LuminTargetPlatform (127)
[2018.12.29-16.14.22:889][682]LogModuleManager: Shutting down and abandoning module LinuxTargetPlatform (125)
[2018.12.29-16.14.22:889][682]LogModuleManager: Shutting down and abandoning module LinuxServerTargetPlatform (123)
[2018.12.29-16.14.22:889][682]LogModuleManager: Shutting down and abandoning module LinuxNoEditorTargetPlatform (121)
[2018.12.29-16.14.22:889][682]LogModuleManager: Shutting down and abandoning module LinuxClientTargetPlatform (119)
[2018.12.29-16.14.22:889][682]LogModuleManager: Shutting down and abandoning module TVOSTargetPlatform (117)
[2018.12.29-16.14.22:890][682]LogModuleManager: Shutting down and abandoning module Messaging (115)
[2018.12.29-16.14.22:890][682]LogModuleManager: Shutting down and abandoning module IOSTargetPlatform (113)
[2018.12.29-16.14.22:891][682]LogModuleManager: Shutting down and abandoning module HTML5TargetPlatform (111)
[2018.12.29-16.14.22:891][682]LogModuleManager: Shutting down and abandoning module AndroidTargetPlatform (109)
[2018.12.29-16.14.22:897][682]LogModuleManager: Shutting down and abandoning module WindowsTargetPlatform (107)
[2018.12.29-16.14.22:898][682]LogModuleManager: Shutting down and abandoning module WindowsServerTargetPlatform (105)
[2018.12.29-16.14.22:898][682]LogModuleManager: Shutting down and abandoning module WindowsNoEditorTargetPlatform (103)
[2018.12.29-16.14.22:898][682]LogModuleManager: Shutting down and abandoning module WindowsClientTargetPlatform (101)
[2018.12.29-16.14.22:898][682]LogModuleManager: Shutting down and abandoning module MacTargetPlatform (99)
[2018.12.29-16.14.22:898][682]LogModuleManager: Shutting down and abandoning module MacServerTargetPlatform (97)
[2018.12.29-16.14.22:898][682]LogModuleManager: Shutting down and abandoning module MacNoEditorTargetPlatform (95)
[2018.12.29-16.14.22:898][682]LogModuleManager: Shutting down and abandoning module MacClientTargetPlatform (93)
[2018.12.29-16.14.22:898][682]LogModuleManager: Shutting down and abandoning module AllDesktopTargetPlatform (91)
[2018.12.29-16.14.22:898][682]LogModuleManager: Shutting down and abandoning module InputCore (88)
[2018.12.29-16.14.22:898][682]LogModuleManager: Shutting down and abandoning module Settings (86)
[2018.12.29-16.14.22:898][682]LogModuleManager: Shutting down and abandoning module PhysXCooking (84)
[2018.12.29-16.14.22:898][682]LogModuleManager: Shutting down and abandoning module SteamVR (82)
[2018.12.29-16.14.22:898][682]LogModuleManager: Shutting down and abandoning module OculusHMD (80)
[2018.12.29-16.14.22:898][682]LogModuleManager: Shutting down and abandoning module ExampleDeviceProfileSelector (78)
[2018.12.29-16.14.22:898][682]LogModuleManager: Shutting down and abandoning module LauncherChunkInstaller (76)
[2018.12.29-16.14.22:898][682]LogModuleManager: Shutting down and abandoning module OnlineBlueprintSupport (74)
[2018.12.29-16.14.22:898][682]LogModuleManager: Shutting down and abandoning module OnlineSubsystem (70)
[2018.12.29-16.14.22:900][682]LogModuleManager: Shutting down and abandoning module XMPP (65)
[2018.12.29-16.14.22:927][682]LogModuleManager: Shutting down and abandoning module WebSockets (64)
[2018.12.29-16.14.22:961][682]LogModuleManager: Shutting down and abandoning module HTTP (61)
[2018.12.29-16.14.22:961][682]LogHttp: Display: Http module shutting down, but needs to wait on 1 outstanding Http requests:
[2018.12.29-16.14.22:962][682]LogHttp: Display: 	verb=[POST] url=[https://datarouter.ol.epicgames.com/datarouter/api/v1/public/data?SessionID=%7B540369B7-43AC-3C79-D3C8-7FA7F32C4271%7D&AppID=UEEditor.Rocket.Release&AppVersion=4.20.3-4369336%2B%2B%2BUE4%2BRelease-4.20&UserID=48608af3472e76dd6e6c78a0ececfc48%7Ccba6384966244231ba87ca3ddfb5c9ba%7Cb7e3bec0-89c1-4482-97fa-d1c2afde1d3d&AppEnvironment=datacollector-binary&UploadType=eteventstream] status=Processing
[2018.12.29-16.14.22:980][682]LogModuleManager: Shutting down and abandoning module SSL (60)
[2018.12.29-16.14.22:981][682]LogModuleManager: Shutting down and abandoning module MagicLeapEmulator (56)
[2018.12.29-16.14.22:981][682]LogModuleManager: Shutting down and abandoning module MagicLeapPrivileges (54)
[2018.12.29-16.14.22:981][682]LogModuleManager: Shutting down and abandoning module MagicLeapIdentity (52)
[2018.12.29-16.14.22:981][682]LogModuleManager: Shutting down and abandoning module MagicLeapHelperVulkan (50)
[2018.12.29-16.14.22:981][682]LogModuleManager: Shutting down and abandoning module MagicLeapHelperOpenGL (48)
[2018.12.29-16.14.22:981][682]LogModuleManager: Shutting down and abandoning module MagicLeapSecureStorage (46)
[2018.12.29-16.14.22:981][682]LogModuleManager: Shutting down and abandoning module MagicLeapGestures (44)
[2018.12.29-16.14.22:981][682]LogModuleManager: Shutting down and abandoning module MagicLeapEyeTracker (42)
[2018.12.29-16.14.22:981][682]LogModuleManager: Shutting down and abandoning module MagicLeapController (40)
[2018.12.29-16.14.22:981][682]LogSlate: Slate User Destroyed.  User Index 0, Is Virtual User: 0
[2018.12.29-16.14.22:981][682]LogModuleManager: Shutting down and abandoning module MagicLeap (38)
[2018.12.29-16.14.22:981][682]LogModuleManager: Shutting down and abandoning module AnimationModifiers (36)
[2018.12.29-16.14.22:989][682]LogModuleManager: Shutting down and abandoning module PropertyEditor (35)
[2018.12.29-16.14.22:999][682]LogModuleManager: Shutting down and abandoning module AudioEditor (32)
[2018.12.29-16.14.23:011][682]LogModuleManager: Shutting down and abandoning module TextureCompressor (30)
[2018.12.29-16.14.23:013][682]LogModuleManager: Shutting down and abandoning module ShaderCore (28)
[2018.12.29-16.14.23:013][682]LogModuleManager: Shutting down and abandoning module Landscape (26)
[2018.12.29-16.14.23:013][682]LogModuleManager: Shutting down and abandoning module SlateRHIRenderer (24)
[2018.12.29-16.14.23:022][682]LogModuleManager: Shutting down and abandoning module OpenGLDrv (22)
[2018.12.29-16.14.23:027][682]LogModuleManager: Shutting down and abandoning module D3D11RHI (20)
[2018.12.29-16.14.23:027][682]LogModuleManager: Shutting down and abandoning module AnimGraphRuntime (18)
[2018.12.29-16.14.23:027][682]LogModuleManager: Shutting down and abandoning module Renderer (16)
[2018.12.29-16.14.23:027][682]LogModuleManager: Shutting down and abandoning module Engine (14)
[2018.12.29-16.14.23:027][682]LogModuleManager: Shutting down and abandoning module CoreUObject (12)
[2018.12.29-16.14.23:027][682]LogModuleManager: Shutting down and abandoning module NetworkFile (10)
[2018.12.29-16.14.23:028][682]LogModuleManager: Shutting down and abandoning module CookedIterativeFile (8)
[2018.12.29-16.14.23:028][682]LogModuleManager: Shutting down and abandoning module StreamingFile (6)
[2018.12.29-16.14.23:028][682]LogModuleManager: Shutting down and abandoning module SandboxFile (4)
[2018.12.29-16.14.23:028][682]LogModuleManager: Shutting down and abandoning module PakFile (2)
[2018.12.29-16.14.23:043][682]LogExit: Exiting.
[2018.12.29-16.14.23:053][682]Log file closed, 12/29/18 16:14:23
