Log file open, 12/30/18 19:26:07
LogWindows: Failed to load 'aqProf.dll' (GetLastError=126)
LogWindows: File 'aqProf.dll' does not exist
LogWindows: Failed to load 'VSPerf140.dll' (GetLastError=126)
LogWindows: File 'VSPerf140.dll' does not exist
LogWindows: Failed to load 'VtuneApi.dll' (GetLastError=126)
LogWindows: File 'VtuneApi.dll' does not exist
LogWindows: Failed to load 'VtuneApi32e.dll' (GetLastError=126)
LogWindows: File 'VtuneApi32e.dll' does not exist
LogInit: Display: Running engine for game: FightingGame
LogPlatformFile: Not using cached read wrapper
LogTaskGraph: Started task graph with 5 named threads and 23 total threads with 3 sets of task threads.
LogStats: Stats thread started at 0.483840
LogD3D11RHI: Loaded GFSDK_Aftermath_Lib.x64.dll
LogICUInternationalization: Display: ICU TimeZone Detection - Raw Offset: +0:00, Platform Override: ''
LogPluginManager: Mounting plugin Paper2D
LogPluginManager: Mounting plugin AISupport
LogPluginManager: Mounting plugin LightPropagationVolume
LogPluginManager: Mounting plugin CLionSourceCodeAccess
LogPluginManager: Mounting plugin CodeLiteSourceCodeAccess
LogPluginManager: Mounting plugin GitSourceControl
LogPluginManager: Mounting plugin KDevelopSourceCodeAccess
LogPluginManager: Mounting plugin NullSourceCodeAccess
LogPluginManager: Mounting plugin PerforceSourceControl
LogPluginManager: Mounting plugin SubversionSourceControl
LogPluginManager: Mounting plugin UObjectPlugin
LogPluginManager: Mounting plugin VisualStudioCodeSourceCodeAccess
LogPluginManager: Mounting plugin VisualStudioSourceCodeAccess
LogPluginManager: Mounting plugin XCodeSourceCodeAccess
LogPluginManager: Mounting plugin AssetManagerEditor
LogPluginManager: Mounting plugin CryptoKeys
LogPluginManager: Mounting plugin DataValidation
LogPluginManager: Mounting plugin FacialAnimation
LogPluginManager: Mounting plugin GameplayTagsEditor
LogPluginManager: Mounting plugin MacGraphicsSwitching
LogPluginManager: Mounting plugin MeshEditor
LogPluginManager: Mounting plugin MobileLauncherProfileWizard
LogPluginManager: Mounting plugin PluginBrowser
LogPluginManager: Mounting plugin SpeedTreeImporter
LogPluginManager: Mounting plugin DatasmithContent
LogPluginManager: Mounting plugin AlembicImporter
LogPluginManager: Mounting plugin AppleImageUtils
LogPluginManager: Mounting plugin AppleVision
LogPluginManager: Mounting plugin BackChannel
LogPluginManager: Mounting plugin CharacterAI
LogPluginManager: Mounting plugin GeometryCache
LogPluginManager: Mounting plugin HTML5Networking
LogPluginManager: Mounting plugin ProxyLODPlugin
LogPluginManager: Mounting plugin MagicLeap
LogPluginManager: Mounting plugin MagicLeapEmulator
LogPluginManager: Mounting plugin MagicLeapMedia
LogPluginManager: Mounting plugin AndroidMedia
LogPluginManager: Mounting plugin AvfMedia
LogPluginManager: Mounting plugin ImgMedia
LogPluginManager: Mounting plugin LinearTimecode
LogPluginManager: Mounting plugin MediaCompositing
LogPluginManager: Mounting plugin MediaPlayerEditor
LogPluginManager: Mounting plugin WmfMedia
LogPluginManager: Mounting plugin TcpMessaging
LogPluginManager: Mounting plugin UdpMessaging
LogPluginManager: Mounting plugin ActorSequence
LogPluginManager: Mounting plugin LevelSequenceEditor
LogPluginManager: Mounting plugin MatineeToLevelSequence
LogPluginManager: Mounting plugin NetcodeUnitTest
LogPluginManager: Mounting plugin NUTUnrealEngine4
LogPluginManager: Mounting plugin OnlineSubsystemGooglePlay
LogPluginManager: Mounting plugin OnlineSubsystemIOS
LogPluginManager: Mounting plugin OnlineSubsystem
LogPluginManager: Mounting plugin OnlineSubsystemNull
LogPluginManager: Mounting plugin OnlineSubsystemUtils
LogPluginManager: Mounting plugin LauncherChunkInstaller
LogPluginManager: Mounting plugin AndroidDeviceProfileSelector
LogPluginManager: Mounting plugin AndroidMoviePlayer
LogPluginManager: Mounting plugin AndroidPermission
LogPluginManager: Mounting plugin AppleMoviePlayer
LogPluginManager: Mounting plugin ArchVisCharacter
LogPluginManager: Mounting plugin AudioCapture
LogPluginManager: Mounting plugin CableComponent
LogPluginManager: Mounting plugin CustomMeshComponent
LogPluginManager: Mounting plugin EditableMesh
LogPluginManager: Mounting plugin ExampleDeviceProfileSelector
LogPluginManager: Mounting plugin GoogleCloudMessaging
LogPluginManager: Mounting plugin ImmediatePhysics
LogPluginManager: Mounting plugin IOSDeviceProfileSelector
LogPluginManager: Mounting plugin LinuxDeviceProfileSelector
LogPluginManager: Mounting plugin LocationServicesBPLibrary
LogPluginManager: Mounting plugin MobilePatchingUtils
LogPluginManager: Mounting plugin OculusVR
LogPluginManager: Plugin shader directory ../../../Engine/Plugins/Runtime/Oculus/OculusVR/Shaders found
LogPluginManager: Mapping shader source directory ../../../Engine/Plugins/Runtime/Oculus/OculusVR/Shaders to virtual directory /Plugin/OculusVR
LogPluginManager: Mounting plugin PhysXVehicles
LogPluginManager: Mounting plugin ProceduralMeshComponent
LogPluginManager: Mounting plugin RuntimePhysXCooking
LogPluginManager: Mounting plugin SteamVR
LogPluginManager: Mounting plugin WindowsMoviePlayer
LogStreaming: Display: Took  0.270s to configure plugins.
LogInit: Using libcurl 7.55.1-DEV
LogInit:  - built for x86_64-pc-win32
LogInit:  - supports SSL with OpenSSL/1.0.2h
LogInit:  - supports HTTP deflate (compression) using libz 1.2.8
LogInit:  - other features:
LogInit:      CURL_VERSION_SSL
LogInit:      CURL_VERSION_LIBZ
LogInit:      CURL_VERSION_IPV6
LogInit:      CURL_VERSION_ASYNCHDNS
LogInit:      CURL_VERSION_LARGEFILE
LogInit:      CURL_VERSION_IDN
LogInit:  CurlRequestOptions (configurable via config and command line):
LogInit:  - bVerifyPeer = false  - Libcurl will NOT verify peer certificate
LogInit:  - bUseHttpProxy = false  - Libcurl will NOT use HTTP proxy
LogInit:  - bDontReuseConnections = false  - Libcurl will reuse connections
LogInit:  - CertBundlePath = nullptr  - Libcurl will use whatever was configured at build time.
LogInit:  - MaxHostConnections = 16  - Libcurl will limit the number of connections to a host
LogInit:  - LocalHostAddr = Default
LogInit:  - BufferSize = 65536
LogInit: WinSock: version 1.1 (2.2), MaxSocks=32767, MaxUdp=65467
LogInit: Build: ++UE4+Release-4.20-CL-4369336
LogInit: Engine Version: 4.20.3-4369336+++UE4+Release-4.20
LogInit: Compatible Engine Version: 4.20.0-4212847+++UE4+Release-4.20
LogInit: Net CL: 4212847
LogInit: OS: Windows 10 (), CPU: AMD FX(tm)-8320 Eight-Core Processor           , GPU: AMD Radeon HD 7800 Series
LogInit: Compiled (64-bit): Sep 17 2018 12:26:19
LogInit: Compiled with Visual C++: 19.13.26129.00
LogInit: Build Configuration: Development
LogInit: Branch Name: ++UE4+Release-4.20
LogInit: Command Line:  -skipcompile
LogInit: Base Directory: C:/Program Files/Epic Games/UE_4.20/Engine/Binaries/Win64/
LogInit: Installed Engine Build: 1
LogDevObjectVersion: Number of dev versions registered: 20
LogDevObjectVersion:   Dev-Blueprints (B0D832E4-1F89-4F0D-ACCF-7EB736FD4AA2): 10
LogDevObjectVersion:   Dev-Build (E1C64328-A22C-4D53-A36C-8E866417BD8C): 0
LogDevObjectVersion:   Dev-Core (375EC13C-06E4-48FB-B500-84F0262A717E): 2
LogDevObjectVersion:   Dev-Editor (E4B068ED-F494-42E9-A231-DA0B2E46BB41): 24
LogDevObjectVersion:   Dev-Framework (CFFC743F-43B0-4480-9391-14DF171D2073): 34
LogDevObjectVersion:   Dev-Mobile (B02B49B5-BB20-44E9-A304-32B752E40360): 2
LogDevObjectVersion:   Dev-Networking (A4E4105C-59A1-49B5-A7C5-40C4547EDFEE): 0
LogDevObjectVersion:   Dev-Online (39C831C9-5AE6-47DC-9A44-9C173E1C8E7C): 0
LogDevObjectVersion:   Dev-Physics (78F01B33-EBEA-4F98-B9B4-84EACCB95AA2): 0
LogDevObjectVersion:   Dev-Platform (6631380F-2D4D-43E0-8009-CF276956A95A): 0
LogDevObjectVersion:   Dev-Rendering (12F88B9F-8875-4AFC-A67C-D90C383ABD29): 26
LogDevObjectVersion:   Dev-Sequencer (7B5AE74C-D270-4C10-A958-57980B212A5A): 9
LogDevObjectVersion:   Dev-VR (D7296918-1DD6-4BDD-9DE2-64A83CC13884): 2
LogDevObjectVersion:   Dev-LoadTimes (C2A15278-BFE7-4AFE-6C17-90FF531DF755): 1
LogDevObjectVersion:   Private-Geometry (6EACA3D4-40EC-4CC1-B786-8BED09428FC5): 3
LogDevObjectVersion:   Dev-AnimPhys (29E575DD-E0A3-4627-9D10-D276232CDCEA): 17
LogDevObjectVersion:   Dev-ReflectionCapture (6B266CEC-1EC7-4B8F-A30B-E4D90942FC07): 1
LogDevObjectVersion:   Dev-Automation (0DF73D61-A23F-47EA-B727-89E90C41499A): 1
LogDevObjectVersion:   FortniteMain (601D1886-AC64-4F84-AA16-D3DE0DEAC7D6): 12
LogDevObjectVersion:   Dev-Enterprise (9DFFBCD6-494F-0158-E221-12823C92A888): 1
LogStreaming: Display: Took  0.007s to delete old logs.
LogInit: Presizing for max 8388607 objects, including 0 objects not considered by GC, pre-allocating 0 bytes for permanent pool.
LogInit: Object subsystem initialized
[2018.12.30-19.26.08:565][  0]LogInit: Selected Device Profile: [Windows]
[2018.12.30-19.26.08:565][  0]LogInit: Applying CVar settings loaded from the selected device profile: [Windows]
[2018.12.30-19.26.08:582][  0]LogHAL: Display: Platform has ~ 16 GB [17160523776 / 17179869184 / 16], which maps to Larger [LargestMinGB=32, LargerMinGB=12, DefaultMinGB=8, SmallerMinGB=6, SmallestMinGB=0)
[2018.12.30-19.26.08:582][  0]LogInit: Setting Device Profile CVar: [[r.Vulkan.UseRealUBs:1]]
[2018.12.30-19.26.08:582][  0]LogInit: Going up to parent DeviceProfile []
[2018.12.30-19.26.08:583][  0]LogInit: Computer: DESKTOP-OK86UV6
[2018.12.30-19.26.08:583][  0]LogInit: User: cynic
[2018.12.30-19.26.08:583][  0]LogInit: CPU Page size=4096, Cores=4
[2018.12.30-19.26.08:583][  0]LogInit: High frequency timer resolution =3.433155 MHz
[2018.12.30-19.26.08:584][  0]LogMemory: Memory total: Physical=16.0GB (16GB approx)
[2018.12.30-19.26.08:584][  0]LogMemory: Platform Memory Stats for Windows
[2018.12.30-19.26.08:584][  0]LogMemory: Process Physical Memory: 102.98 MB used, 102.98 MB peak
[2018.12.30-19.26.08:584][  0]LogMemory: Process Virtual Memory: 90.36 MB used, 90.36 MB peak
[2018.12.30-19.26.08:584][  0]LogMemory: Physical Memory: 7530.55 MB used,  8835.00 MB free, 16365.55 MB total
[2018.12.30-19.26.08:584][  0]LogMemory: Virtual Memory: 4625.56 MB used,  8835.00 MB free, 134217728.00 MB total
[2018.12.30-19.26.08:777][  0]LogInit: Using OS detected language (en-GB).
[2018.12.30-19.26.08:777][  0]LogInit: Using OS detected locale (en-GB).
[2018.12.30-19.26.08:780][  0]LogTextLocalizationManager: No specific localization for 'en-GB' exists, so the 'en' localization will be used.
[2018.12.30-19.26.09:351][  0]LogStreaming: Display: Took  0.574s to InitEngineTextLocalization.
[2018.12.30-19.26.09:351][  0]LogInit: Setting process to per monitor DPI aware
[2018.12.30-19.26.09:489][  0]LogSlate: New Slate User Created.  User Index 0, Is Virtual User: 0
[2018.12.30-19.26.09:489][  0]LogSlate: Slate User Registered.  User Index 0, Is Virtual User: 0
[2018.12.30-19.26.09:973][  0]LogHMD: Failed to initialize OpenVR with code 105
[2018.12.30-19.26.09:973][  0]LogD3D11RHI: D3D11 adapters:
[2018.12.30-19.26.10:040][  0]LogD3D11RHI:    0. 'AMD Radeon HD 7800 Series' (Feature Level 11_0)
[2018.12.30-19.26.10:040][  0]LogD3D11RHI:       2028/0/8182 MB DedicatedVideo/DedicatedSystem/SharedSystem, Outputs:2, VendorId:0x1002
[2018.12.30-19.26.10:050][  0]LogD3D11RHI:    1. 'Microsoft Basic Render Driver' (Feature Level 11_0)
[2018.12.30-19.26.10:050][  0]LogD3D11RHI:       0/0/8182 MB DedicatedVideo/DedicatedSystem/SharedSystem, Outputs:0, VendorId:0x1414
[2018.12.30-19.26.10:050][  0]LogD3D11RHI: Chosen D3D11 Adapter: 0
[2018.12.30-19.26.10:063][  0]LogD3D11RHI: Creating new Direct3DDevice
[2018.12.30-19.26.10:063][  0]LogD3D11RHI:     GPU DeviceId: 0x6818 (for the marketing name, search the web for "GPU Device Id")
[2018.12.30-19.26.10:063][  0]LogWindows: EnumDisplayDevices:
[2018.12.30-19.26.10:064][  0]LogWindows:    0. 'AMD Radeon HD 7800 Series' (P:0 D:1)
[2018.12.30-19.26.10:064][  0]LogWindows:    1. 'AMD Radeon HD 7800 Series' (P:1 D:1)
[2018.12.30-19.26.10:065][  0]LogWindows:    2. 'AMD Radeon HD 7800 Series' (P:0 D:0)
[2018.12.30-19.26.10:066][  0]LogWindows:    3. 'AMD Radeon HD 7800 Series' (P:0 D:0)
[2018.12.30-19.26.10:067][  0]LogWindows:    4. 'AMD Radeon HD 7800 Series' (P:0 D:0)
[2018.12.30-19.26.10:068][  0]LogWindows:    5. 'AMD Radeon HD 7800 Series' (P:0 D:0)
[2018.12.30-19.26.10:069][  0]LogWindows:    6. 'AMD Radeon HD 7800 Series' (P:0 D:0)
[2018.12.30-19.26.10:070][  0]LogWindows:    7. 'AMD Radeon HD 7800 Series' (P:0 D:0)
[2018.12.30-19.26.10:071][  0]LogWindows:    8. 'AMD Radeon HD 7800 Series' (P:0 D:0)
[2018.12.30-19.26.10:072][  0]LogWindows:    9. 'AMD Radeon HD 7800 Series' (P:0 D:0)
[2018.12.30-19.26.10:072][  0]LogWindows:    10. 'AMD Radeon HD 7800 Series' (P:0 D:0)
[2018.12.30-19.26.10:073][  0]LogWindows:    11. 'AMD Radeon HD 7800 Series' (P:0 D:0)
[2018.12.30-19.26.10:074][  0]LogWindows:    12. 'AMD Radeon HD 7800 Series' (P:0 D:0)
[2018.12.30-19.26.10:075][  0]LogWindows:    13. 'AMD Radeon HD 7800 Series' (P:0 D:0)
[2018.12.30-19.26.10:076][  0]LogWindows:    14. 'AMD Radeon HD 7800 Series' (P:0 D:0)
[2018.12.30-19.26.10:077][  0]LogWindows:    15. 'AMD Radeon HD 7800 Series' (P:0 D:0)
[2018.12.30-19.26.10:077][  0]LogWindows: DebugString: FoundDriverCount:16 
[2018.12.30-19.26.10:078][  0]LogD3D11RHI:     Adapter Name: AMD Radeon HD 7800 Series
[2018.12.30-19.26.10:078][  0]LogD3D11RHI:   Driver Version: Adrenalin 18.5.1 (internal:24.20.11016.4, unified:24.20.11016.4)
[2018.12.30-19.26.10:078][  0]LogD3D11RHI:      Driver Date: 5-16-2018
[2018.12.30-19.26.10:078][  0]LogRHI: Texture pool is 1419 MB (70% of 2028 MB)
[2018.12.30-19.26.10:234][  0]LogD3D11RHI: Async texture creation enabled
[2018.12.30-19.26.10:250][  0]LogD3D11RHI: GPU Timing Frequency: 27.000000 (Debug: 2 1)
[2018.12.30-19.26.10:252][  0]LogShaderCompilers: Guid format shader working directory is 5 characters bigger than the processId version (E:/Github Work/FightingGame/FightingGame/Intermediate/Shaders/WorkingDirectory/12588/).
[2018.12.30-19.26.10:252][  0]LogShaderCompilers: Cleaned the shader compiler working directory 'C:/Users/cynic/AppData/Local/Temp/UnrealShaderWorkingDir/C0FD920D431F9D89374364BCE49B5040/'.
[2018.12.30-19.26.10:731][  0]LogTemp: Display: Loaded TP AllDesktopTargetPlatform
[2018.12.30-19.26.10:764][  0]LogTemp: Display: Loaded TP MacClientTargetPlatform
[2018.12.30-19.26.10:800][  0]LogTemp: Display: Loaded TP MacNoEditorTargetPlatform
[2018.12.30-19.26.10:830][  0]LogTemp: Display: Loaded TP MacServerTargetPlatform
[2018.12.30-19.26.10:866][  0]LogTemp: Display: Loaded TP MacTargetPlatform
[2018.12.30-19.26.10:898][  0]LogTemp: Display: Loaded TP WindowsClientTargetPlatform
[2018.12.30-19.26.10:929][  0]LogTemp: Display: Loaded TP WindowsNoEditorTargetPlatform
[2018.12.30-19.26.10:957][  0]LogTemp: Display: Loaded TP WindowsServerTargetPlatform
[2018.12.30-19.26.10:974][  0]LogTemp: Display: Loaded TP WindowsTargetPlatform
[2018.12.30-19.26.11:144][  0]LogTemp: Display: Loaded TP AndroidTargetPlatform
[2018.12.30-19.26.11:144][  0]LogTemp: Display: Loaded TP AndroidTargetPlatform
[2018.12.30-19.26.11:144][  0]LogTemp: Display: Loaded TP AndroidTargetPlatform
[2018.12.30-19.26.11:144][  0]LogTemp: Display: Loaded TP AndroidTargetPlatform
[2018.12.30-19.26.11:144][  0]LogTemp: Display: Loaded TP AndroidTargetPlatform
[2018.12.30-19.26.11:144][  0]LogTemp: Display: Loaded TP AndroidTargetPlatform
[2018.12.30-19.26.11:144][  0]LogTemp: Display: Loaded TP AndroidTargetPlatform
[2018.12.30-19.26.11:145][  0]LogTemp: Display: Loaded TP AndroidTargetPlatform
[2018.12.30-19.26.11:145][  0]LogTemp: Display: Loaded TP AndroidTargetPlatform
[2018.12.30-19.26.11:145][  0]LogTemp: Display: Loaded TP AndroidTargetPlatform
[2018.12.30-19.26.11:145][  0]LogTemp: Display: Loaded TP AndroidTargetPlatform
[2018.12.30-19.26.11:145][  0]LogTemp: Display: Loaded TP AndroidTargetPlatform
[2018.12.30-19.26.11:145][  0]LogTemp: Display: Loaded TP AndroidTargetPlatform
[2018.12.30-19.26.11:145][  0]LogTemp: Display: Loaded TP AndroidTargetPlatform
[2018.12.30-19.26.11:145][  0]LogTemp: Display: Loaded TP AndroidTargetPlatform
[2018.12.30-19.26.11:145][  0]LogTemp: Display: Loaded TP AndroidTargetPlatform
[2018.12.30-19.26.11:146][  0]LogTemp: Display: Loaded TP AndroidTargetPlatform
[2018.12.30-19.26.11:146][  0]LogTemp: Display: Loaded TP AndroidTargetPlatform
[2018.12.30-19.26.11:150][  0]LogTemp: Display: Loaded TP HTML5TargetPlatform
[2018.12.30-19.26.11:260][  0]LogTemp: Display: Loaded TP IOSTargetPlatform
[2018.12.30-19.26.11:260][  0]LogTemp: Display: Loaded TP IOSTargetPlatform
[2018.12.30-19.26.11:313][  0]LogTemp: Display: Loaded TP TVOSTargetPlatform
[2018.12.30-19.26.11:313][  0]LogTemp: Display: Loaded TP TVOSTargetPlatform
[2018.12.30-19.26.11:343][  0]LogTemp: Display: Loaded TP LinuxClientTargetPlatform
[2018.12.30-19.26.11:369][  0]LogTemp: Display: Loaded TP LinuxNoEditorTargetPlatform
[2018.12.30-19.26.11:399][  0]LogTemp: Display: Loaded TP LinuxServerTargetPlatform
[2018.12.30-19.26.11:429][  0]LogTemp: Display: Loaded TP LinuxTargetPlatform
[2018.12.30-19.26.11:451][  0]LogTemp: Display: Loaded TP LuminTargetPlatform
[2018.12.30-19.26.11:451][  0]LogTargetPlatformManager: Display: Building Assets For Windows
[2018.12.30-19.26.11:639][  0]LogXGEController: Cleaning working directory: C:/Users/cynic/AppData/Local/Temp/UnrealXGEWorkingDir/
[2018.12.30-19.26.11:640][  0]LogXGEController: Cannot use XGE Controller as Incredibuild is not installed on this machine.
[2018.12.30-19.26.11:640][  0]LogShaderCompilers: Cannot use XGE Shader Compiler as Incredibuild is not installed on this machine.
[2018.12.30-19.26.11:640][  0]LogShaderCompilers: Display: Using Local Shader Compiler.
[2018.12.30-19.26.13:200][  0]LogDerivedDataCache: Display: Max Cache Size: 512 MB
[2018.12.30-19.26.13:296][  0]LogDerivedDataCache: Loaded boot cache 0.10s 71MB C:/Users/cynic/AppData/Local/UnrealEngine/4.20/DerivedDataCache/Boot.ddc.
[2018.12.30-19.26.13:297][  0]LogDerivedDataCache: Display: Loaded Boot cache: C:/Users/cynic/AppData/Local/UnrealEngine/4.20/DerivedDataCache/Boot.ddc
[2018.12.30-19.26.13:298][  0]LogDerivedDataCache: FDerivedDataBackendGraph:  Pak pak cache file E:/Github Work/FightingGame/FightingGame/DerivedDataCache/DDC.ddp not found, will not use a pak cache.
[2018.12.30-19.26.13:298][  0]LogDerivedDataCache: Unable to find inner node Pak for hierarchical cache Hierarchy.
[2018.12.30-19.26.13:298][  0]LogDerivedDataCache: FDerivedDataBackendGraph:  CompressedPak pak cache file E:/Github Work/FightingGame/FightingGame/DerivedDataCache/Compressed.ddp not found, will not use a pak cache.
[2018.12.30-19.26.13:298][  0]LogDerivedDataCache: Unable to find inner node CompressedPak for hierarchical cache Hierarchy.
[2018.12.30-19.26.13:319][  0]LogDerivedDataCache: Display: Pak cache opened for reading ../../../Engine/DerivedDataCache/Compressed.ddp.
[2018.12.30-19.26.13:334][  0]LogDerivedDataCache: Using Local data cache path C:/Users/cynic/AppData/Local/UnrealEngine/Common/DerivedDataCache: Writable
[2018.12.30-19.26.13:334][  0]LogDerivedDataCache: Shared data cache path not found in *engine.ini, will not use an Shared cache.
[2018.12.30-19.26.13:334][  0]LogDerivedDataCache: Unable to find inner node Shared for hierarchical cache Hierarchy.
[2018.12.30-19.26.13:370][  0]LogMaterial: Verifying Global Shaders for PCD3D_SM5
[2018.12.30-19.26.13:372][  0]LogSlate: Using FreeType 2.6.0
[2018.12.30-19.26.13:373][  0]LogSlate: SlateFontServices - WITH_FREETYPE: 1, WITH_HARFBUZZ: 1
[2018.12.30-19.26.13:517][  0]LogAssetRegistry: FAssetRegistry took 0.0390 seconds to start up
[2018.12.30-19.26.14:203][  0]LogInit: Selected Device Profile: [Windows]
[2018.12.30-19.26.14:458][  0]LogSimplygon: Simplygon DLL not present - disabling.
[2018.12.30-19.26.14:472][  0]LogMeshReduction: Using SimplygonSwarm for distributed automatic mesh merging
[2018.12.30-19.26.14:472][  0]LogMeshReduction: Using ProxyLODMeshReduction for automatic mesh merging
[2018.12.30-19.26.14:472][  0]LogMeshReduction: Using QuadricMeshReduction for automatic static mesh reduction
[2018.12.30-19.26.14:472][  0]LogMeshReduction: No automatic skeletal mesh reduction module available
[2018.12.30-19.26.14:544][  0]LogNetVersion: FightingGame 1.0.0, NetCL: 4212847, EngineNetVer: 5, GameNetVer: 0 (Checksum: 156865789)
[2018.12.30-19.26.15:384][  0]LogPackageLocalizationCache: Processed 11 localized package path(s) for 2 prioritized culture(s) in 0.181011 seconds
[2018.12.30-19.26.15:395][  0]LogUObjectArray: 38425 objects as part of root set at end of initial load.
[2018.12.30-19.26.15:395][  0]LogUObjectAllocator: 6690864 out of 0 bytes used by permanent object pool.
[2018.12.30-19.26.15:395][  0]LogUObjectArray: CloseDisregardForGC: 0/0 objects in disregard for GC pool
[2018.12.30-19.26.17:214][  0]LogTcpMessaging: Initializing TcpMessaging bridge
[2018.12.30-19.26.17:233][  0]LogUdpMessaging: Initializing bridge on interface 0.0.0.0:0 to multicast group 230.0.0.1:6666.
[2018.12.30-19.26.17:533][  0]SourceControl: Source control is disabled
[2018.12.30-19.26.17:533][  0]SourceControl: Source control is disabled
[2018.12.30-19.26.17:538][  0]SourceControl: Source control is disabled
[2018.12.30-19.26.17:543][  0]SourceControl: Source control is disabled
[2018.12.30-19.26.17:866][  0]LogAndroidPermission: UAndroidPermissionCallbackProxy::GetInstance
[2018.12.30-19.26.18:134][  0]LogOcInput: OculusInput pre-init called
[2018.12.30-19.26.18:246][  0]LogEngine: Initializing Engine...
[2018.12.30-19.26.18:257][  0]LogHMD: Failed to initialize OpenVR with code 105
[2018.12.30-19.26.18:260][  0]LogStats: UGameplayTagsManager::ConstructGameplayTagTree: ImportINI prefixes -  0.000 s
[2018.12.30-19.26.18:260][  0]LogStats: UGameplayTagsManager::ConstructGameplayTagTree: Construct from data asset -  0.000 s
[2018.12.30-19.26.18:261][  0]LogStats: UGameplayTagsManager::ConstructGameplayTagTree: ImportINI -  0.000 s
[2018.12.30-19.26.18:261][  0]LogStats: UGameplayTagsManager::ConstructGameplayTagTree: GameplayTagTreeChangedEvent.Broadcast -  0.000 s
[2018.12.30-19.26.18:632][  0]LogInit: Initializing FReadOnlyCVARCache
[2018.12.30-19.26.18:663][  0]LogAIModule: Creating AISystem for world Untitled
[2018.12.30-19.26.18:733][  0]LogInit: XAudio2 using 'Headset Earphone (Razer ManO'War 7.1)' : 2 channels at 48 kHz using 16 bits per sample (channel mask 0x3)
[2018.12.30-19.26.18:817][  0]LogInit: FAudioDevice initialized.
[2018.12.30-19.26.18:818][  0]LogNetVersion: Set ProjectVersion to 1.0.0.0. Version Checksum will be recalculated on next use.
[2018.12.30-19.26.18:994][  0]LogDerivedDataCache: Saved boot cache 0.18s 71MB C:/Users/cynic/AppData/Local/UnrealEngine/4.20/DerivedDataCache/Boot.ddc.
[2018.12.30-19.26.19:008][  0]LogInit: Texture streaming: Enabled
[2018.12.30-19.26.19:065][  0]LogEngineSessionManager: EngineSessionManager initialized
[2018.12.30-19.26.19:089][  0]LogInit: Transaction tracking system initialized
[2018.12.30-19.26.19:153][  0]BlueprintLog: New page: Editor Load
[2018.12.30-19.26.19:356][  0]LocalizationService: Localization service is disabled
[2018.12.30-19.26.19:479][  0]LogLinker: Warning: Can't find file '/Game/TopDownBP/TopDownOverview'
[2018.12.30-19.26.19:480][  0]LogLinker: Warning: Can't find file '/Game/TopDownBP/TopDownOverview'
[2018.12.30-19.26.19:480][  0]LogUObjectGlobals: Warning: Failed to find object 'Class /Game/TopDownBP/TopDownOverview.TopDownOverview_C'
[2018.12.30-19.26.19:824][  0]LogCook: Display: Max memory allowance for cook 16384mb min free memory 0mb
[2018.12.30-19.26.19:824][  0]LogCook: Display: Mobile HDR setting 1
[2018.12.30-19.26.19:824][  0]LogGameplayTags: Display: UGameplayTagsManager::DoneAddingNativeTags. DelegateIsBound: 0
[2018.12.30-19.26.19:824][  0]LogStats: UGameplayTagsManager::ConstructGameplayTagTree: ImportINI prefixes -  0.000 s
[2018.12.30-19.26.19:825][  0]LogStats: UGameplayTagsManager::ConstructGameplayTagTree: Construct from data asset -  0.000 s
[2018.12.30-19.26.19:826][  0]LogStats: UGameplayTagsManager::ConstructGameplayTagTree: ImportINI -  0.001 s
[2018.12.30-19.26.19:826][  0]LogStats: UGameplayTagsManager::ConstructGameplayTagTree: GameplayTagTreeChangedEvent.Broadcast -  0.000 s
[2018.12.30-19.26.20:155][  0]LogFileCache: Scanning file cache for directory 'E:/Github Work/FightingGame/FightingGame/Content/' took 0.03s
[2018.12.30-19.26.20:175][  0]SourceControl: Source control is disabled
[2018.12.30-19.26.20:176][  0]Cmd: MAP LOAD FILE="E:/Github Work/FightingGame/FightingGame/Content/StarterContent/Maps/Minimal_Default.umap" TEMPLATE=0 SHOWPROGRESS=1 FEATURELEVEL=3
[2018.12.30-19.26.20:177][  0]LightingResults: New page: Lighting Build
[2018.12.30-19.26.20:184][  0]MapCheck: New page: Map Check
[2018.12.30-19.26.20:185][  0]LightingResults: New page: Lighting Build
[2018.12.30-19.26.20:579][  0]LogBlueprint: Warning: [Compiler PlayerManager_BP] 'Player Base' does not inherit from 'Player Controller' ( Cast To Player_Base  would always fail).
[2018.12.30-19.26.20:579][  0]LogBlueprint: Warning: [Compiler PlayerManager_BP] 'Player Base' does not inherit from 'Player Controller' ( Cast To Player_Base  would always fail).
[2018.12.30-19.26.20:582][  0]LogBlueprint: Warning: [Compiler PlayerManager_BP] [0016.28] Compile of PlayerManager_BP successful, but with 2 Warning(s) [in 6 ms] (/Game/PlayerManager_BP.PlayerManager_BP)
[2018.12.30-19.26.20:949][  0]LogAIModule: Creating AISystem for world Minimal_Default
[2018.12.30-19.26.20:967][  0]LogEditorServer: Finished looking for orphan Actors (0.000 secs)
[2018.12.30-19.26.21:098][  0]Cmd: MAP CHECKDEP NOCLEARLOG
[2018.12.30-19.26.21:268][  0]MapCheck: Map check complete: 0 Error(s), 0 Warning(s), took 169.626ms to complete.
[2018.12.30-19.26.21:269][  0]LogFileHelpers: Loading map 'Minimal_Default' took 1.093
[2018.12.30-19.26.21:568][  0]LogSlate: Updating window title bar state: overlay mode, drag disabled, window buttons hidden, title bar hidden
[2018.12.30-19.26.21:582][  0]LogSlate: Updating window title bar state: overlay mode, drag disabled, window buttons hidden, title bar hidden
[2018.12.30-19.26.21:596][  0]LogSlate: Updating window title bar state: overlay mode, drag disabled, window buttons hidden, title bar hidden
[2018.12.30-19.26.21:609][  0]LogSlate: Updating window title bar state: overlay mode, drag disabled, window buttons hidden, title bar hidden
[2018.12.30-19.26.21:624][  0]LogCollectionManager: Loaded 0 collections in 0.004268 seconds
[2018.12.30-19.26.21:724][  0]LogFileCache: Scanning file cache for directory 'E:/Github Work/FightingGame/FightingGame/Saved/Collections/' took 0.01s
[2018.12.30-19.26.21:724][  0]LogFileCache: Scanning file cache for directory 'E:/Github Work/FightingGame/FightingGame/Content/Developers/cynic/Collections/' took 0.01s
[2018.12.30-19.26.21:724][  0]LogFileCache: Scanning file cache for directory 'E:/Github Work/FightingGame/FightingGame/Content/Collections/' took 0.01s
[2018.12.30-19.26.21:724][  0]LogCollectionManager: Rebuilt the GUID cache for 0 collections in 0.000000 seconds
[2018.12.30-19.26.21:749][  0]LogContentBrowser: Native class hierarchy populated in 0.0244 seconds. Added 2577 classes and 605 folders.
[2018.12.30-19.26.21:767][  0]LogContentBrowser: Native class hierarchy updated for 'WidgetCarousel' in 0.0010 seconds. Added 0 classes and 0 folders.
[2018.12.30-19.26.21:912][  0]LogContentBrowser: Native class hierarchy updated for 'AddContentDialog' in 0.0012 seconds. Added 0 classes and 0 folders.
[2018.12.30-19.26.21:925][  0]LogContentBrowser: Native class hierarchy updated for 'SceneOutliner' in 0.0010 seconds. Added 1 classes and 2 folders.
[2018.12.30-19.26.21:954][  0]LogSlate: Took 0.000520 seconds to synchronously load lazily loaded font '../../../Engine/Content/Slate/Fonts/Roboto-Regular.ttf' (155K)
[2018.12.30-19.26.21:958][  0]LogSlate: Took 0.000661 seconds to synchronously load lazily loaded font '../../../Engine/Content/Slate/Fonts/Roboto-Bold.ttf' (160K)
[2018.12.30-19.26.21:971][  0]LogSlate: Took 0.000558 seconds to synchronously load lazily loaded font '../../../Engine/Content/Editor/Slate/Fonts/FontAwesome.ttf' (139K)
[2018.12.30-19.26.22:104][  0]LogRenderer: Reallocating scene render targets to support 1208x576 Format 10 NumSamples 1 (Frame:1).
[2018.12.30-19.26.22:215][  0]LogSlate: Took 0.000477 seconds to synchronously load lazily loaded font '../../../Engine/Content/Slate/Fonts/Roboto-Light.ttf' (167K)
[2018.12.30-19.26.22:353][  0]LogContentBrowser: Native class hierarchy updated for 'HierarchicalLODOutliner' in 0.0009 seconds. Added 0 classes and 0 folders.
[2018.12.30-19.26.22:354][  0]LogLoad: (Engine Initialization) Total time: 18.05 seconds
[2018.12.30-19.26.22:354][  0]LogLoad: (Engine Initialization) Total Blueprint compile time: 0.00 seconds
[2018.12.30-19.26.22:365][  0]LogWindowsTextInputMethodSystem: Display: IME system now deactivated.
[2018.12.30-19.26.22:393][  0]LogContentStreaming: Texture pool size now 1000 MB
[2018.12.30-19.26.22:496][  2]LogAssetRegistry: Asset discovery search completed in 9.0062 seconds
[2018.12.30-19.26.22:500][  2]LogCollectionManager: Rebuilt the object cache for 0 collections in 0.000001 seconds (found 0 objects)
[2018.12.30-19.26.22:500][  2]LogCollectionManager: Fixed up redirectors for 0 collections in 0.000170 seconds (updated 0 objects)
[2018.12.30-19.33.45:840][113]LogEditorViewport: Clicking on Actor (LMB): BP_Sky_Sphere_C (BP_Sky_Sphere)
[2018.12.30-19.33.49:568][427]LogSlate: FSceneViewport::OnFocusLost() reason 0
[2018.12.30-19.33.49:615][432]LogTemp: Repeating last play command: Selected Viewport
[2018.12.30-19.33.49:644][432]LogBlueprintUserMessages: Early PlayInEditor Detection: Level '/Game/StarterContent/Maps/Minimal_Default.Minimal_Default:PersistentLevel' has LevelScriptBlueprint '/Game/StarterContent/Maps/Minimal_Default.Minimal_Default:PersistentLevel.Minimal_Default' with GeneratedClass '/Game/StarterContent/Maps/Minimal_Default.Minimal_Default_C' with ClassGeneratedBy '/Game/StarterContent/Maps/Minimal_Default.Minimal_Default:PersistentLevel.Minimal_Default'
[2018.12.30-19.33.49:644][432]LogPlayLevel: PlayLevel: No blueprints needed recompiling
[2018.12.30-19.33.49:661][432]PIE: New page: PIE session: Minimal_Default (30 Dec 2018 19:33:49)
[2018.12.30-19.33.49:661][432]LogPlayLevel: Creating play world package: /Game/StarterContent/Maps/UEDPIE_0_Minimal_Default
[2018.12.30-19.33.49:671][432]LogPlayLevel: PIE: StaticDuplicateObject took: (0.009504s)
[2018.12.30-19.33.49:672][432]LogAIModule: Creating AISystem for world Minimal_Default
[2018.12.30-19.33.49:673][432]LogPlayLevel: PIE: World Init took: (0.001730s)
[2018.12.30-19.33.49:673][432]LogPlayLevel: PIE: Created PIE world by copying editor world from /Game/StarterContent/Maps/Minimal_Default.Minimal_Default to /Game/StarterContent/Maps/UEDPIE_0_Minimal_Default.Minimal_Default (0.011952s)
[2018.12.30-19.33.49:885][432]LogInit: XAudio2 using 'Headset Earphone (Razer ManO'War 7.1)' : 2 channels at 48 kHz using 16 bits per sample (channel mask 0x3)
[2018.12.30-19.33.49:958][432]LogInit: FAudioDevice initialized.
[2018.12.30-19.33.50:398][432]LogLoad: Game class is 'FightingGameMode_C'
[2018.12.30-19.33.50:400][432]LogWorld: Bringing World /Game/StarterContent/Maps/UEDPIE_0_Minimal_Default.Minimal_Default up for play (max tick rate 0) at 2018.12.30-19.33.50
[2018.12.30-19.33.50:401][432]LogWorld: Bringing up level for play took: 0.002034
[2018.12.30-19.33.50:431][432]LogContentBrowser: Native class hierarchy updated for 'MovieSceneCapture' in 0.0015 seconds. Added 10 classes and 0 folders.
[2018.12.30-19.33.50:434][432]LogSlate: New Slate User Created.  User Index 1, Is Virtual User: 0
[2018.12.30-19.33.50:434][432]LogSlate: Slate User Registered.  User Index 1, Is Virtual User: 0
[2018.12.30-19.33.50:441][432]PIE: Play in editor start time for /Game/StarterContent/Maps/UEDPIE_0_Minimal_Default 0.359
[2018.12.30-19.33.50:442][432]LogBlueprintUserMessages: Late PlayInEditor Detection: Level '/Game/StarterContent/Maps/Minimal_Default.Minimal_Default:PersistentLevel' has LevelScriptBlueprint '/Game/StarterContent/Maps/Minimal_Default.Minimal_Default:PersistentLevel.Minimal_Default' with GeneratedClass '/Game/StarterContent/Maps/Minimal_Default.Minimal_Default_C' with ClassGeneratedBy '/Game/StarterContent/Maps/Minimal_Default.Minimal_Default:PersistentLevel.Minimal_Default'
