Log file open, 01/05/19 19:52:51
LogWindows: Failed to load 'aqProf.dll' (GetLastError=126)
LogWindows: File 'aqProf.dll' does not exist
LogWindows: Failed to load 'VSPerf140.dll' (GetLastError=126)
LogWindows: File 'VSPerf140.dll' does not exist
LogWindows: Failed to load 'VtuneApi.dll' (GetLastError=126)
LogWindows: File 'VtuneApi.dll' does not exist
LogWindows: Failed to load 'VtuneApi32e.dll' (GetLastError=126)
LogWindows: File 'VtuneApi32e.dll' does not exist
LogInit: Display: Running engine for game: FightingGame
LogPlatformFile: Not using cached read wrapper
LogTaskGraph: Started task graph with 5 named threads and 23 total threads with 3 sets of task threads.
LogStats: Stats thread started at 0.405444
LogD3D11RHI: Loaded GFSDK_Aftermath_Lib.x64.dll
LogICUInternationalization: Display: ICU TimeZone Detection - Raw Offset: +0:00, Platform Override: ''
LogPluginManager: Mounting plugin Paper2D
LogPluginManager: Mounting plugin AISupport
LogPluginManager: Mounting plugin LightPropagationVolume
LogPluginManager: Mounting plugin CLionSourceCodeAccess
LogPluginManager: Mounting plugin CodeLiteSourceCodeAccess
LogPluginManager: Mounting plugin GitSourceControl
LogPluginManager: Mounting plugin KDevelopSourceCodeAccess
LogPluginManager: Mounting plugin NullSourceCodeAccess
LogPluginManager: Mounting plugin PerforceSourceControl
LogPluginManager: Mounting plugin SubversionSourceControl
LogPluginManager: Mounting plugin UObjectPlugin
LogPluginManager: Mounting plugin VisualStudioCodeSourceCodeAccess
LogPluginManager: Mounting plugin VisualStudioSourceCodeAccess
LogPluginManager: Mounting plugin XCodeSourceCodeAccess
LogPluginManager: Mounting plugin AssetManagerEditor
LogPluginManager: Mounting plugin CryptoKeys
LogPluginManager: Mounting plugin DataValidation
LogPluginManager: Mounting plugin FacialAnimation
LogPluginManager: Mounting plugin GameplayTagsEditor
LogPluginManager: Mounting plugin MacGraphicsSwitching
LogPluginManager: Mounting plugin MeshEditor
LogPluginManager: Mounting plugin MobileLauncherProfileWizard
LogPluginManager: Mounting plugin PluginBrowser
LogPluginManager: Mounting plugin SpeedTreeImporter
LogPluginManager: Mounting plugin DatasmithContent
LogPluginManager: Mounting plugin AlembicImporter
LogPluginManager: Mounting plugin AppleImageUtils
LogPluginManager: Mounting plugin AppleVision
LogPluginManager: Mounting plugin BackChannel
LogPluginManager: Mounting plugin CharacterAI
LogPluginManager: Mounting plugin GeometryCache
LogPluginManager: Mounting plugin HTML5Networking
LogPluginManager: Mounting plugin ProxyLODPlugin
LogPluginManager: Mounting plugin MagicLeap
LogPluginManager: Mounting plugin MagicLeapEmulator
LogPluginManager: Mounting plugin MagicLeapMedia
LogPluginManager: Mounting plugin AndroidMedia
LogPluginManager: Mounting plugin AvfMedia
LogPluginManager: Mounting plugin ImgMedia
LogPluginManager: Mounting plugin LinearTimecode
LogPluginManager: Mounting plugin MediaCompositing
LogPluginManager: Mounting plugin MediaPlayerEditor
LogPluginManager: Mounting plugin WmfMedia
LogPluginManager: Mounting plugin TcpMessaging
LogPluginManager: Mounting plugin UdpMessaging
LogPluginManager: Mounting plugin ActorSequence
LogPluginManager: Mounting plugin LevelSequenceEditor
LogPluginManager: Mounting plugin MatineeToLevelSequence
LogPluginManager: Mounting plugin NetcodeUnitTest
LogPluginManager: Mounting plugin NUTUnrealEngine4
LogPluginManager: Mounting plugin OnlineSubsystemGooglePlay
LogPluginManager: Mounting plugin OnlineSubsystemIOS
LogPluginManager: Mounting plugin OnlineSubsystem
LogPluginManager: Mounting plugin OnlineSubsystemNull
LogPluginManager: Mounting plugin OnlineSubsystemUtils
LogPluginManager: Mounting plugin LauncherChunkInstaller
LogPluginManager: Mounting plugin AndroidDeviceProfileSelector
LogPluginManager: Mounting plugin AndroidMoviePlayer
LogPluginManager: Mounting plugin AndroidPermission
LogPluginManager: Mounting plugin AppleMoviePlayer
LogPluginManager: Mounting plugin ArchVisCharacter
LogPluginManager: Mounting plugin AudioCapture
LogPluginManager: Mounting plugin CableComponent
LogPluginManager: Mounting plugin CustomMeshComponent
LogPluginManager: Mounting plugin EditableMesh
LogPluginManager: Mounting plugin ExampleDeviceProfileSelector
LogPluginManager: Mounting plugin GoogleCloudMessaging
LogPluginManager: Mounting plugin ImmediatePhysics
LogPluginManager: Mounting plugin IOSDeviceProfileSelector
LogPluginManager: Mounting plugin LinuxDeviceProfileSelector
LogPluginManager: Mounting plugin LocationServicesBPLibrary
LogPluginManager: Mounting plugin MobilePatchingUtils
LogPluginManager: Mounting plugin OculusVR
LogPluginManager: Plugin shader directory ../../../Engine/Plugins/Runtime/Oculus/OculusVR/Shaders found
LogPluginManager: Mapping shader source directory ../../../Engine/Plugins/Runtime/Oculus/OculusVR/Shaders to virtual directory /Plugin/OculusVR
LogPluginManager: Mounting plugin PhysXVehicles
LogPluginManager: Mounting plugin ProceduralMeshComponent
LogPluginManager: Mounting plugin RuntimePhysXCooking
LogPluginManager: Mounting plugin SteamVR
LogPluginManager: Mounting plugin WindowsMoviePlayer
LogStreaming: Display: Took  0.260s to configure plugins.
LogInit: Using libcurl 7.55.1-DEV
LogInit:  - built for x86_64-pc-win32
LogInit:  - supports SSL with OpenSSL/1.0.2h
LogInit:  - supports HTTP deflate (compression) using libz 1.2.8
LogInit:  - other features:
LogInit:      CURL_VERSION_SSL
LogInit:      CURL_VERSION_LIBZ
LogInit:      CURL_VERSION_IPV6
LogInit:      CURL_VERSION_ASYNCHDNS
LogInit:      CURL_VERSION_LARGEFILE
LogInit:      CURL_VERSION_IDN
LogInit:  CurlRequestOptions (configurable via config and command line):
LogInit:  - bVerifyPeer = false  - Libcurl will NOT verify peer certificate
LogInit:  - bUseHttpProxy = false  - Libcurl will NOT use HTTP proxy
LogInit:  - bDontReuseConnections = false  - Libcurl will reuse connections
LogInit:  - CertBundlePath = nullptr  - Libcurl will use whatever was configured at build time.
LogInit:  - MaxHostConnections = 16  - Libcurl will limit the number of connections to a host
LogInit:  - LocalHostAddr = Default
LogInit:  - BufferSize = 65536
LogInit: WinSock: version 1.1 (2.2), MaxSocks=32767, MaxUdp=65467
LogInit: Build: ++UE4+Release-4.20-CL-4369336
LogInit: Engine Version: 4.20.3-4369336+++UE4+Release-4.20
LogInit: Compatible Engine Version: 4.20.0-4212847+++UE4+Release-4.20
LogInit: Net CL: 4212847
LogInit: OS: Windows 10 (), CPU: Intel(R) Core(TM) i7-6700K CPU @ 4.00GHz, GPU: NVIDIA GeForce GTX 1060 6GB
LogInit: Compiled (64-bit): Sep 17 2018 12:26:19
LogInit: Compiled with Visual C++: 19.13.26129.00
LogInit: Build Configuration: Development
LogInit: Branch Name: ++UE4+Release-4.20
LogInit: Command Line:  -skipcompile
LogInit: Base Directory: D:/Program Files/Epic Games/UE_4.20/Engine/Binaries/Win64/
LogInit: Installed Engine Build: 1
LogDevObjectVersion: Number of dev versions registered: 20
LogDevObjectVersion:   Dev-Blueprints (B0D832E4-1F89-4F0D-ACCF-7EB736FD4AA2): 10
LogDevObjectVersion:   Dev-Build (E1C64328-A22C-4D53-A36C-8E866417BD8C): 0
LogDevObjectVersion:   Dev-Core (375EC13C-06E4-48FB-B500-84F0262A717E): 2
LogDevObjectVersion:   Dev-Editor (E4B068ED-F494-42E9-A231-DA0B2E46BB41): 24
LogDevObjectVersion:   Dev-Framework (CFFC743F-43B0-4480-9391-14DF171D2073): 34
LogDevObjectVersion:   Dev-Mobile (B02B49B5-BB20-44E9-A304-32B752E40360): 2
LogDevObjectVersion:   Dev-Networking (A4E4105C-59A1-49B5-A7C5-40C4547EDFEE): 0
LogDevObjectVersion:   Dev-Online (39C831C9-5AE6-47DC-9A44-9C173E1C8E7C): 0
LogDevObjectVersion:   Dev-Physics (78F01B33-EBEA-4F98-B9B4-84EACCB95AA2): 0
LogDevObjectVersion:   Dev-Platform (6631380F-2D4D-43E0-8009-CF276956A95A): 0
LogDevObjectVersion:   Dev-Rendering (12F88B9F-8875-4AFC-A67C-D90C383ABD29): 26
LogDevObjectVersion:   Dev-Sequencer (7B5AE74C-D270-4C10-A958-57980B212A5A): 9
LogDevObjectVersion:   Dev-VR (D7296918-1DD6-4BDD-9DE2-64A83CC13884): 2
LogDevObjectVersion:   Dev-LoadTimes (C2A15278-BFE7-4AFE-6C17-90FF531DF755): 1
LogDevObjectVersion:   Private-Geometry (6EACA3D4-40EC-4CC1-B786-8BED09428FC5): 3
LogDevObjectVersion:   Dev-AnimPhys (29E575DD-E0A3-4627-9D10-D276232CDCEA): 17
LogDevObjectVersion:   Dev-ReflectionCapture (6B266CEC-1EC7-4B8F-A30B-E4D90942FC07): 1
LogDevObjectVersion:   Dev-Automation (0DF73D61-A23F-47EA-B727-89E90C41499A): 1
LogDevObjectVersion:   FortniteMain (601D1886-AC64-4F84-AA16-D3DE0DEAC7D6): 12
LogDevObjectVersion:   Dev-Enterprise (9DFFBCD6-494F-0158-E221-12823C92A888): 1
LogStreaming: Display: Took  0.024s to delete old logs.
LogInit: Presizing for max 8388607 objects, including 0 objects not considered by GC, pre-allocating 0 bytes for permanent pool.
LogInit: Object subsystem initialized
[2019.01.05-19.52.52:138][  0]LogInit: Selected Device Profile: [Windows]
[2019.01.05-19.52.52:138][  0]LogInit: Applying CVar settings loaded from the selected device profile: [Windows]
[2019.01.05-19.52.52:151][  0]LogHAL: Display: Platform has ~ 16 GB [17126547456 / 17179869184 / 16], which maps to Larger [LargestMinGB=32, LargerMinGB=12, DefaultMinGB=8, SmallerMinGB=6, SmallestMinGB=0)
[2019.01.05-19.52.52:151][  0]LogInit: Setting Device Profile CVar: [[r.Vulkan.UseRealUBs:1]]
[2019.01.05-19.52.52:151][  0]LogInit: Going up to parent DeviceProfile []
[2019.01.05-19.52.52:152][  0]LogInit: Computer: EDWARD
[2019.01.05-19.52.52:152][  0]LogInit: User: John
[2019.01.05-19.52.52:152][  0]LogInit: CPU Page size=4096, Cores=4
[2019.01.05-19.52.52:152][  0]LogInit: High frequency timer resolution =3.914064 MHz
[2019.01.05-19.52.52:152][  0]LogMemory: Memory total: Physical=16.0GB (16GB approx)
[2019.01.05-19.52.52:152][  0]LogMemory: Platform Memory Stats for Windows
[2019.01.05-19.52.52:152][  0]LogMemory: Process Physical Memory: 102.51 MB used, 102.51 MB peak
[2019.01.05-19.52.52:152][  0]LogMemory: Process Virtual Memory: 89.84 MB used, 89.84 MB peak
[2019.01.05-19.52.52:152][  0]LogMemory: Physical Memory: 8896.23 MB used,  7436.92 MB free, 16333.15 MB total
[2019.01.05-19.52.52:153][  0]LogMemory: Virtual Memory: 4638.83 MB used,  7436.92 MB free, 134217728.00 MB total
[2019.01.05-19.52.52:267][  0]LogInit: Using OS detected language (en-US).
[2019.01.05-19.52.52:267][  0]LogInit: Using OS detected locale (en-US).
[2019.01.05-19.52.52:268][  0]LogTextLocalizationManager: No specific localization for 'en-US' exists, so the 'en' localization will be used.
[2019.01.05-19.52.52:593][  0]LogStreaming: Display: Took  0.326s to InitEngineTextLocalization.
[2019.01.05-19.52.52:593][  0]LogInit: Setting process to per monitor DPI aware
[2019.01.05-19.52.52:677][  0]LogSlate: New Slate User Created.  User Index 0, Is Virtual User: 0
[2019.01.05-19.52.52:677][  0]LogSlate: Slate User Registered.  User Index 0, Is Virtual User: 0
[2019.01.05-19.52.52:939][  0]LogHMD: Failed to initialize OpenVR with code 102
[2019.01.05-19.52.52:939][  0]LogD3D11RHI: D3D11 adapters:
[2019.01.05-19.52.53:001][  0]LogD3D11RHI:    0. 'NVIDIA GeForce GTX 1060 6GB' (Feature Level 11_0)
[2019.01.05-19.52.53:001][  0]LogD3D11RHI:       6061/0/8166 MB DedicatedVideo/DedicatedSystem/SharedSystem, Outputs:2, VendorId:0x10de
[2019.01.05-19.52.53:008][  0]LogD3D11RHI:    1. 'Microsoft Basic Render Driver' (Feature Level 11_0)
[2019.01.05-19.52.53:008][  0]LogD3D11RHI:       0/0/8166 MB DedicatedVideo/DedicatedSystem/SharedSystem, Outputs:0, VendorId:0x1414
[2019.01.05-19.52.53:008][  0]LogD3D11RHI: Chosen D3D11 Adapter: 0
[2019.01.05-19.52.53:017][  0]LogD3D11RHI: Creating new Direct3DDevice
[2019.01.05-19.52.53:017][  0]LogD3D11RHI:     GPU DeviceId: 0x1c03 (for the marketing name, search the web for "GPU Device Id")
[2019.01.05-19.52.53:017][  0]LogWindows: EnumDisplayDevices:
[2019.01.05-19.52.53:017][  0]LogWindows:    0. 'NVIDIA GeForce GTX 1060 6GB' (P:1 D:1)
[2019.01.05-19.52.53:017][  0]LogWindows:    1. 'NVIDIA GeForce GTX 1060 6GB' (P:0 D:1)
[2019.01.05-19.52.53:018][  0]LogWindows:    2. 'NVIDIA GeForce GTX 1060 6GB' (P:0 D:0)
[2019.01.05-19.52.53:018][  0]LogWindows:    3. 'NVIDIA GeForce GTX 1060 6GB' (P:0 D:0)
[2019.01.05-19.52.53:019][  0]LogWindows: DebugString: FoundDriverCount:4 
[2019.01.05-19.52.53:019][  0]LogD3D11RHI:     Adapter Name: NVIDIA GeForce GTX 1060 6GB
[2019.01.05-19.52.53:019][  0]LogD3D11RHI:   Driver Version: 388.13 (internal:23.21.13.8813, unified:388.13)
[2019.01.05-19.52.53:019][  0]LogD3D11RHI:      Driver Date: 10-27-2017
[2019.01.05-19.52.53:019][  0]LogRHI: Texture pool is 4242 MB (70% of 6061 MB)
[2019.01.05-19.52.53:056][  0]LogD3D11RHI: Async texture creation enabled
[2019.01.05-19.52.53:072][  0]LogD3D11RHI: GPU Timing Frequency: 1000.000000 (Debug: 2 1)
[2019.01.05-19.52.53:170][  0]LogShaderCompilers: Guid format shader working directory is -2 characters bigger than the processId version (../../../../../../Git/FightingGame/FightingGame/Intermediate/Shaders/WorkingDirectory/6124/).
[2019.01.05-19.52.53:170][  0]LogShaderCompilers: Cleaned the shader compiler working directory 'C:/Users/John/AppData/Local/Temp/UnrealShaderWorkingDir/5B255EB646647268F2DC43976330B55A/'.
[2019.01.05-19.52.53:507][  0]LogTemp: Display: Loaded TP AllDesktopTargetPlatform
[2019.01.05-19.52.53:531][  0]LogTemp: Display: Loaded TP MacClientTargetPlatform
[2019.01.05-19.52.53:552][  0]LogTemp: Display: Loaded TP MacNoEditorTargetPlatform
[2019.01.05-19.52.53:571][  0]LogTemp: Display: Loaded TP MacServerTargetPlatform
[2019.01.05-19.52.53:591][  0]LogTemp: Display: Loaded TP MacTargetPlatform
[2019.01.05-19.52.53:610][  0]LogTemp: Display: Loaded TP WindowsClientTargetPlatform
[2019.01.05-19.52.53:633][  0]LogTemp: Display: Loaded TP WindowsNoEditorTargetPlatform
[2019.01.05-19.52.53:653][  0]LogTemp: Display: Loaded TP WindowsServerTargetPlatform
[2019.01.05-19.52.53:667][  0]LogTemp: Display: Loaded TP WindowsTargetPlatform
[2019.01.05-19.52.53:757][  0]LogTemp: Display: Loaded TP AndroidTargetPlatform
[2019.01.05-19.52.53:757][  0]LogTemp: Display: Loaded TP AndroidTargetPlatform
[2019.01.05-19.52.53:757][  0]LogTemp: Display: Loaded TP AndroidTargetPlatform
[2019.01.05-19.52.53:757][  0]LogTemp: Display: Loaded TP AndroidTargetPlatform
[2019.01.05-19.52.53:757][  0]LogTemp: Display: Loaded TP AndroidTargetPlatform
[2019.01.05-19.52.53:757][  0]LogTemp: Display: Loaded TP AndroidTargetPlatform
[2019.01.05-19.52.53:757][  0]LogTemp: Display: Loaded TP AndroidTargetPlatform
[2019.01.05-19.52.53:757][  0]LogTemp: Display: Loaded TP AndroidTargetPlatform
[2019.01.05-19.52.53:757][  0]LogTemp: Display: Loaded TP AndroidTargetPlatform
[2019.01.05-19.52.53:757][  0]LogTemp: Display: Loaded TP AndroidTargetPlatform
[2019.01.05-19.52.53:757][  0]LogTemp: Display: Loaded TP AndroidTargetPlatform
[2019.01.05-19.52.53:757][  0]LogTemp: Display: Loaded TP AndroidTargetPlatform
[2019.01.05-19.52.53:757][  0]LogTemp: Display: Loaded TP AndroidTargetPlatform
[2019.01.05-19.52.53:757][  0]LogTemp: Display: Loaded TP AndroidTargetPlatform
[2019.01.05-19.52.53:757][  0]LogTemp: Display: Loaded TP AndroidTargetPlatform
[2019.01.05-19.52.53:757][  0]LogTemp: Display: Loaded TP AndroidTargetPlatform
[2019.01.05-19.52.53:757][  0]LogTemp: Display: Loaded TP AndroidTargetPlatform
[2019.01.05-19.52.53:757][  0]LogTemp: Display: Loaded TP AndroidTargetPlatform
[2019.01.05-19.52.53:762][  0]LogTemp: Display: Loaded TP HTML5TargetPlatform
[2019.01.05-19.52.53:840][  0]LogTemp: Display: Loaded TP IOSTargetPlatform
[2019.01.05-19.52.53:840][  0]LogTemp: Display: Loaded TP IOSTargetPlatform
[2019.01.05-19.52.53:866][  0]LogTemp: Display: Loaded TP TVOSTargetPlatform
[2019.01.05-19.52.53:866][  0]LogTemp: Display: Loaded TP TVOSTargetPlatform
[2019.01.05-19.52.53:883][  0]LogTemp: Display: Loaded TP LinuxClientTargetPlatform
[2019.01.05-19.52.53:900][  0]LogTemp: Display: Loaded TP LinuxNoEditorTargetPlatform
[2019.01.05-19.52.53:919][  0]LogTemp: Display: Loaded TP LinuxServerTargetPlatform
[2019.01.05-19.52.53:937][  0]LogTemp: Display: Loaded TP LinuxTargetPlatform
[2019.01.05-19.52.53:951][  0]LogTemp: Display: Loaded TP LuminTargetPlatform
[2019.01.05-19.52.53:951][  0]LogTargetPlatformManager: Display: Building Assets For Windows
[2019.01.05-19.52.54:184][  0]LogXGEController: Cleaning working directory: C:/Users/John/AppData/Local/Temp/UnrealXGEWorkingDir/
[2019.01.05-19.52.54:184][  0]LogXGEController: Cannot use XGE Controller as Incredibuild is not installed on this machine.
[2019.01.05-19.52.54:185][  0]LogShaderCompilers: Cannot use XGE Shader Compiler as Incredibuild is not installed on this machine.
[2019.01.05-19.52.54:185][  0]LogShaderCompilers: Display: Using Local Shader Compiler.
[2019.01.05-19.52.54:952][  0]LogDerivedDataCache: Display: Max Cache Size: 512 MB
[2019.01.05-19.52.54:998][  0]LogDerivedDataCache: Loaded boot cache 0.05s 71MB C:/Users/John/AppData/Local/UnrealEngine/4.20/DerivedDataCache/Boot.ddc.
[2019.01.05-19.52.55:000][  0]LogDerivedDataCache: Display: Loaded Boot cache: C:/Users/John/AppData/Local/UnrealEngine/4.20/DerivedDataCache/Boot.ddc
[2019.01.05-19.52.55:000][  0]LogDerivedDataCache: FDerivedDataBackendGraph:  Pak pak cache file ../../../../../../Git/FightingGame/FightingGame/DerivedDataCache/DDC.ddp not found, will not use a pak cache.
[2019.01.05-19.52.55:000][  0]LogDerivedDataCache: Unable to find inner node Pak for hierarchical cache Hierarchy.
[2019.01.05-19.52.55:000][  0]LogDerivedDataCache: FDerivedDataBackendGraph:  CompressedPak pak cache file ../../../../../../Git/FightingGame/FightingGame/DerivedDataCache/Compressed.ddp not found, will not use a pak cache.
[2019.01.05-19.52.55:000][  0]LogDerivedDataCache: Unable to find inner node CompressedPak for hierarchical cache Hierarchy.
[2019.01.05-19.52.55:011][  0]LogDerivedDataCache: Display: Pak cache opened for reading ../../../Engine/DerivedDataCache/Compressed.ddp.
[2019.01.05-19.52.55:024][  0]LogDerivedDataCache: Using Local data cache path C:/Users/John/AppData/Local/UnrealEngine/Common/DerivedDataCache: Writable
[2019.01.05-19.52.55:024][  0]LogDerivedDataCache: Shared data cache path not found in *engine.ini, will not use an Shared cache.
[2019.01.05-19.52.55:024][  0]LogDerivedDataCache: Unable to find inner node Shared for hierarchical cache Hierarchy.
[2019.01.05-19.52.55:041][  0]LogMaterial: Verifying Global Shaders for PCD3D_SM5
[2019.01.05-19.52.55:042][  0]LogSlate: Using FreeType 2.6.0
[2019.01.05-19.52.55:043][  0]LogSlate: SlateFontServices - WITH_FREETYPE: 1, WITH_HARFBUZZ: 1
[2019.01.05-19.52.55:122][  0]LogAssetRegistry: FAssetRegistry took 0.0288 seconds to start up
[2019.01.05-19.52.55:451][  0]LogInit: Selected Device Profile: [Windows]
[2019.01.05-19.52.55:629][  0]LogSimplygon: Simplygon DLL not present - disabling.
[2019.01.05-19.52.55:649][  0]LogMeshReduction: Using SimplygonSwarm for distributed automatic mesh merging
[2019.01.05-19.52.55:649][  0]LogMeshReduction: Using ProxyLODMeshReduction for automatic mesh merging
[2019.01.05-19.52.55:649][  0]LogMeshReduction: Using QuadricMeshReduction for automatic static mesh reduction
[2019.01.05-19.52.55:650][  0]LogMeshReduction: No automatic skeletal mesh reduction module available
[2019.01.05-19.52.55:672][  0]LogNetVersion: FightingGame 1.0.0, NetCL: 4212847, EngineNetVer: 5, GameNetVer: 0 (Checksum: 156865789)
[2019.01.05-19.52.56:323][  0]LogPackageLocalizationCache: Processed 11 localized package path(s) for 2 prioritized culture(s) in 0.194860 seconds
[2019.01.05-19.52.56:330][  0]LogUObjectArray: 38425 objects as part of root set at end of initial load.
[2019.01.05-19.52.56:330][  0]LogUObjectAllocator: 6690864 out of 0 bytes used by permanent object pool.
[2019.01.05-19.52.56:330][  0]LogUObjectArray: CloseDisregardForGC: 0/0 objects in disregard for GC pool
[2019.01.05-19.52.57:556][  0]LogTcpMessaging: Initializing TcpMessaging bridge
[2019.01.05-19.52.57:576][  0]LogUdpMessaging: Initializing bridge on interface 0.0.0.0:0 to multicast group 230.0.0.1:6666.
[2019.01.05-19.52.57:854][  0]SourceControl: Source control is disabled
[2019.01.05-19.52.57:854][  0]SourceControl: Source control is disabled
[2019.01.05-19.52.57:868][  0]SourceControl: Source control is disabled
[2019.01.05-19.52.57:875][  0]SourceControl: Source control is disabled
[2019.01.05-19.52.58:305][  0]LogAndroidPermission: UAndroidPermissionCallbackProxy::GetInstance
[2019.01.05-19.52.58:529][  0]LogOcInput: OculusInput pre-init called
[2019.01.05-19.52.58:624][  0]LogEngine: Initializing Engine...
[2019.01.05-19.52.58:626][  0]LogHMD: Failed to initialize OpenVR with code 102
[2019.01.05-19.52.58:628][  0]LogStats: UGameplayTagsManager::ConstructGameplayTagTree: ImportINI prefixes -  0.000 s
[2019.01.05-19.52.58:628][  0]LogStats: UGameplayTagsManager::ConstructGameplayTagTree: Construct from data asset -  0.000 s
[2019.01.05-19.52.58:628][  0]LogStats: UGameplayTagsManager::ConstructGameplayTagTree: ImportINI -  0.000 s
[2019.01.05-19.52.58:629][  0]LogStats: UGameplayTagsManager::ConstructGameplayTagTree: GameplayTagTreeChangedEvent.Broadcast -  0.000 s
[2019.01.05-19.52.58:817][  0]LogInit: Initializing FReadOnlyCVARCache
[2019.01.05-19.52.58:844][  0]LogAIModule: Creating AISystem for world Untitled
[2019.01.05-19.52.58:942][  0]LogInit: XAudio2 using 'Headset Earphone (Razer ManO'War)' : 2 channels at 48 kHz using 16 bits per sample (channel mask 0x3)
[2019.01.05-19.52.59:032][  0]LogInit: FAudioDevice initialized.
[2019.01.05-19.52.59:032][  0]LogNetVersion: Set ProjectVersion to 1.0.0.0. Version Checksum will be recalculated on next use.
[2019.01.05-19.52.59:154][  0]LogDerivedDataCache: Saved boot cache 0.12s 71MB C:/Users/John/AppData/Local/UnrealEngine/4.20/DerivedDataCache/Boot.ddc.
[2019.01.05-19.52.59:162][  0]LogInit: Texture streaming: Enabled
[2019.01.05-19.52.59:206][  0]LogEngineSessionManager: EngineSessionManager initialized
[2019.01.05-19.52.59:228][  0]LogInit: Transaction tracking system initialized
[2019.01.05-19.52.59:296][  0]BlueprintLog: New page: Editor Load
[2019.01.05-19.52.59:536][  0]LocalizationService: Localization service is disabled
[2019.01.05-19.52.59:922][  0]LogCook: Display: Max memory allowance for cook 16384mb min free memory 0mb
[2019.01.05-19.52.59:922][  0]LogCook: Display: Mobile HDR setting 1
[2019.01.05-19.52.59:922][  0]LogGameplayTags: Display: UGameplayTagsManager::DoneAddingNativeTags. DelegateIsBound: 0
[2019.01.05-19.52.59:922][  0]LogStats: UGameplayTagsManager::ConstructGameplayTagTree: ImportINI prefixes -  0.000 s
[2019.01.05-19.52.59:923][  0]LogStats: UGameplayTagsManager::ConstructGameplayTagTree: Construct from data asset -  0.000 s
[2019.01.05-19.52.59:923][  0]LogStats: UGameplayTagsManager::ConstructGameplayTagTree: ImportINI -  0.000 s
[2019.01.05-19.52.59:923][  0]LogStats: UGameplayTagsManager::ConstructGameplayTagTree: GameplayTagTreeChangedEvent.Broadcast -  0.000 s
[2019.01.05-19.53.00:084][  0]LogFileCache: Scanning file cache for directory 'D:/Git/FightingGame/FightingGame/Content/' took 0.02s
[2019.01.05-19.53.00:084][  0]LogLinker: Warning: Can't find file '/Engine/BasicShapes/Cylinder'
[2019.01.05-19.53.00:084][  0]LogLinker: Warning: Can't find file '/Engine/BasicShapes/Cylinder'
[2019.01.05-19.53.00:084][  0]LogUObjectGlobals: Warning: Failed to find object 'StaticMesh /Engine/BasicShapes/Cylinder.Cylinder'
[2019.01.05-19.53.00:238][  0]SourceControl: Source control is disabled
[2019.01.05-19.53.00:238][  0]Cmd: MAP LOAD FILE="../../../../../../Git/FightingGame/FightingGame/Content/StarterContent/Maps/Minimal_Default.umap" TEMPLATE=0 SHOWPROGRESS=1 FEATURELEVEL=3
[2019.01.05-19.53.00:239][  0]LightingResults: New page: Lighting Build
[2019.01.05-19.53.00:242][  0]MapCheck: New page: Map Check
[2019.01.05-19.53.00:243][  0]LightingResults: New page: Lighting Build
[2019.01.05-19.53.00:500][  0]LogAIModule: Creating AISystem for world Minimal_Default
[2019.01.05-19.53.00:510][  0]LogEditorServer: Finished looking for orphan Actors (0.000 secs)
[2019.01.05-19.53.00:530][  0]Cmd: MAP CHECKDEP NOCLEARLOG
[2019.01.05-19.53.00:673][  0]MapCheck: Map check complete: 0 Error(s), 0 Warning(s), took 143.059ms to complete.
[2019.01.05-19.53.00:673][  0]LogFileHelpers: Loading map 'Minimal_Default' took 0.434
[2019.01.05-19.53.00:811][  0]LogSlate: Updating window title bar state: overlay mode, drag disabled, window buttons hidden, title bar hidden
[2019.01.05-19.53.00:820][  0]LogSlate: Updating window title bar state: overlay mode, drag disabled, window buttons hidden, title bar hidden
[2019.01.05-19.53.00:826][  0]LogSlate: Updating window title bar state: overlay mode, drag disabled, window buttons hidden, title bar hidden
[2019.01.05-19.53.00:836][  0]LogSlate: Updating window title bar state: overlay mode, drag disabled, window buttons hidden, title bar hidden
[2019.01.05-19.53.00:851][  0]LogCollectionManager: Loaded 0 collections in 0.003134 seconds
[2019.01.05-19.53.00:904][  0]LogFileCache: Scanning file cache for directory 'D:/Git/FightingGame/FightingGame/Saved/Collections/' took 0.01s
[2019.01.05-19.53.00:904][  0]LogFileCache: Scanning file cache for directory 'D:/Git/FightingGame/FightingGame/Content/Developers/John/Collections/' took 0.01s
[2019.01.05-19.53.00:904][  0]LogFileCache: Scanning file cache for directory 'D:/Git/FightingGame/FightingGame/Content/Collections/' took 0.01s
[2019.01.05-19.53.00:905][  0]LogCollectionManager: Rebuilt the GUID cache for 0 collections in 0.000000 seconds
[2019.01.05-19.53.00:913][  0]LogContentBrowser: Native class hierarchy populated in 0.0086 seconds. Added 2579 classes and 605 folders.
[2019.01.05-19.53.00:921][  0]LogContentBrowser: Native class hierarchy updated for 'WidgetCarousel' in 0.0004 seconds. Added 0 classes and 0 folders.
[2019.01.05-19.53.00:976][  0]LogContentBrowser: Native class hierarchy updated for 'AddContentDialog' in 0.0003 seconds. Added 0 classes and 0 folders.
[2019.01.05-19.53.00:988][  0]LogContentBrowser: Native class hierarchy updated for 'SceneOutliner' in 0.0004 seconds. Added 1 classes and 2 folders.
[2019.01.05-19.53.01:045][  0]LogSlate: Took 0.000224 seconds to synchronously load lazily loaded font '../../../Engine/Content/Slate/Fonts/Roboto-Regular.ttf' (155K)
[2019.01.05-19.53.01:047][  0]LogSlate: Took 0.000320 seconds to synchronously load lazily loaded font '../../../Engine/Content/Slate/Fonts/Roboto-Bold.ttf' (160K)
[2019.01.05-19.53.01:053][  0]LogSlate: Took 0.000370 seconds to synchronously load lazily loaded font '../../../Engine/Content/Editor/Slate/Fonts/FontAwesome.ttf' (139K)
[2019.01.05-19.53.01:127][  0]LogRenderer: Reallocating scene render targets to support 1208x600 Format 10 NumSamples 1 (Frame:1).
[2019.01.05-19.53.01:168][  0]LogSlate: Took 0.000152 seconds to synchronously load lazily loaded font '../../../Engine/Content/Slate/Fonts/Roboto-Light.ttf' (167K)
[2019.01.05-19.53.01:284][  0]LogContentBrowser: Native class hierarchy updated for 'HierarchicalLODOutliner' in 0.0005 seconds. Added 0 classes and 0 folders.
[2019.01.05-19.53.01:284][  0]LogLoad: (Engine Initialization) Total time: 11.64 seconds
[2019.01.05-19.53.01:284][  0]LogLoad: (Engine Initialization) Total Blueprint compile time: 0.00 seconds
[2019.01.05-19.53.01:318][  0]LogWindowsTextInputMethodSystem: Display: IME system now deactivated.
[2019.01.05-19.53.01:342][  0]LogContentStreaming: Texture pool size now 1000 MB
[2019.01.05-19.53.01:380][  1]LogAssetRegistry: Asset discovery search completed in 6.2824 seconds
[2019.01.05-19.53.01:382][  1]LogCollectionManager: Rebuilt the object cache for 0 collections in 0.000000 seconds (found 0 objects)
[2019.01.05-19.53.01:382][  1]LogCollectionManager: Fixed up redirectors for 0 collections in 0.000161 seconds (updated 0 objects)
[2019.01.05-19.53.28:397][181]LogSlate: FSceneViewport::OnFocusLost() reason 0
[2019.01.05-19.53.28:531][181]LogTemp: Repeating last play command: Selected Viewport
[2019.01.05-19.53.28:546][181]LogBlueprintUserMessages: Early PlayInEditor Detection: Level '/Game/StarterContent/Maps/Minimal_Default.Minimal_Default:PersistentLevel' has LevelScriptBlueprint '/Game/StarterContent/Maps/Minimal_Default.Minimal_Default:PersistentLevel.Minimal_Default' with GeneratedClass '/Game/StarterContent/Maps/Minimal_Default.Minimal_Default_C' with ClassGeneratedBy '/Game/StarterContent/Maps/Minimal_Default.Minimal_Default:PersistentLevel.Minimal_Default'
[2019.01.05-19.53.28:546][181]LogPlayLevel: PlayLevel: No blueprints needed recompiling
[2019.01.05-19.53.28:560][181]PIE: New page: PIE session: Minimal_Default (Jan 5, 2019, 7:53:28 PM)
[2019.01.05-19.53.28:561][181]LogPlayLevel: Creating play world package: /Game/StarterContent/Maps/UEDPIE_0_Minimal_Default
[2019.01.05-19.53.28:565][181]LogPlayLevel: PIE: StaticDuplicateObject took: (0.003926s)
[2019.01.05-19.53.28:566][181]LogAIModule: Creating AISystem for world Minimal_Default
[2019.01.05-19.53.28:566][181]LogPlayLevel: PIE: World Init took: (0.001143s)
[2019.01.05-19.53.28:566][181]LogPlayLevel: PIE: Created PIE world by copying editor world from /Game/StarterContent/Maps/Minimal_Default.Minimal_Default to /Game/StarterContent/Maps/UEDPIE_0_Minimal_Default.Minimal_Default (0.005476s)
[2019.01.05-19.53.28:642][181]LogInit: XAudio2 using 'Headset Earphone (Razer ManO'War)' : 2 channels at 48 kHz using 16 bits per sample (channel mask 0x3)
[2019.01.05-19.53.28:702][181]LogInit: FAudioDevice initialized.
[2019.01.05-19.53.29:173][181]LogLoad: Game class is 'FightingGameMode_C'
[2019.01.05-19.53.29:176][181]LogWorld: Bringing World /Game/StarterContent/Maps/UEDPIE_0_Minimal_Default.Minimal_Default up for play (max tick rate 0) at 2019.01.05-19.53.29
[2019.01.05-19.53.29:176][181]LogWorld: Bringing up level for play took: 0.001116
[2019.01.05-19.53.29:197][181]LogContentBrowser: Native class hierarchy updated for 'MovieSceneCapture' in 0.0004 seconds. Added 10 classes and 0 folders.
[2019.01.05-19.53.29:200][181]LogSlate: New Slate User Created.  User Index 1, Is Virtual User: 0
[2019.01.05-19.53.29:200][181]LogSlate: Slate User Registered.  User Index 1, Is Virtual User: 0
[2019.01.05-19.53.29:204][181]PIE: Play in editor start time for /Game/StarterContent/Maps/UEDPIE_0_Minimal_Default 0.054
[2019.01.05-19.53.29:204][181]LogBlueprintUserMessages: Late PlayInEditor Detection: Level '/Game/StarterContent/Maps/Minimal_Default.Minimal_Default:PersistentLevel' has LevelScriptBlueprint '/Game/StarterContent/Maps/Minimal_Default.Minimal_Default:PersistentLevel.Minimal_Default' with GeneratedClass '/Game/StarterContent/Maps/Minimal_Default.Minimal_Default_C' with ClassGeneratedBy '/Game/StarterContent/Maps/Minimal_Default.Minimal_Default:PersistentLevel.Minimal_Default'
[2019.01.05-19.53.31:800][483]LogBlueprintUserMessages: Early EndPlayMap Detection: Level '/Game/StarterContent/Maps/Minimal_Default.Minimal_Default:PersistentLevel' has LevelScriptBlueprint '/Game/StarterContent/Maps/Minimal_Default.Minimal_Default:PersistentLevel.Minimal_Default' with GeneratedClass '/Game/StarterContent/Maps/Minimal_Default.Minimal_Default_C' with ClassGeneratedBy '/Game/StarterContent/Maps/Minimal_Default.Minimal_Default:PersistentLevel.Minimal_Default'
[2019.01.05-19.53.31:801][483]LogSlate: Updating window title bar state: overlay mode, drag disabled, window buttons hidden, title bar hidden
[2019.01.05-19.53.31:847][483]LogPlayLevel: Display: Shutting down PIE online subsystems
[2019.01.05-19.53.31:847][483]LogBlueprintUserMessages: Late EndPlayMap Detection: Level '/Game/StarterContent/Maps/Minimal_Default.Minimal_Default:PersistentLevel' has LevelScriptBlueprint '/Game/StarterContent/Maps/Minimal_Default.Minimal_Default:PersistentLevel.Minimal_Default' with GeneratedClass '/Game/StarterContent/Maps/Minimal_Default.Minimal_Default_C' with ClassGeneratedBy '/Game/StarterContent/Maps/Minimal_Default.Minimal_Default:PersistentLevel.Minimal_Default'
[2019.01.05-19.53.31:867][483]LogSlate: Updating window title bar state: overlay mode, drag disabled, window buttons hidden, title bar hidden
[2019.01.05-19.53.31:906][487]LogPlayLevel: Display: Destroying online subsystem :Context_1
[2019.01.05-19.53.32:372][542]LogTemp: Repeating last play command: Selected Viewport
[2019.01.05-19.53.32:385][542]LogBlueprintUserMessages: Early PlayInEditor Detection: Level '/Game/StarterContent/Maps/Minimal_Default.Minimal_Default:PersistentLevel' has LevelScriptBlueprint '/Game/StarterContent/Maps/Minimal_Default.Minimal_Default:PersistentLevel.Minimal_Default' with GeneratedClass '/Game/StarterContent/Maps/Minimal_Default.Minimal_Default_C' with ClassGeneratedBy '/Game/StarterContent/Maps/Minimal_Default.Minimal_Default:PersistentLevel.Minimal_Default'
[2019.01.05-19.53.32:385][542]LogPlayLevel: PlayLevel: No blueprints needed recompiling
[2019.01.05-19.53.32:385][542]PIE: New page: PIE session: Minimal_Default (Jan 5, 2019, 7:53:32 PM)
[2019.01.05-19.53.32:385][542]LogPlayLevel: Creating play world package: /Game/StarterContent/Maps/UEDPIE_0_Minimal_Default
[2019.01.05-19.53.32:388][542]LogPlayLevel: PIE: StaticDuplicateObject took: (0.002745s)
[2019.01.05-19.53.32:389][542]LogAIModule: Creating AISystem for world Minimal_Default
[2019.01.05-19.53.32:389][542]LogPlayLevel: PIE: World Init took: (0.000911s)
[2019.01.05-19.53.32:389][542]LogPlayLevel: PIE: Created PIE world by copying editor world from /Game/StarterContent/Maps/Minimal_Default.Minimal_Default to /Game/StarterContent/Maps/UEDPIE_0_Minimal_Default.Minimal_Default (0.004002s)
[2019.01.05-19.53.32:467][542]LogInit: XAudio2 using 'Headset Earphone (Razer ManO'War)' : 2 channels at 48 kHz using 16 bits per sample (channel mask 0x3)
[2019.01.05-19.53.32:525][542]LogInit: FAudioDevice initialized.
[2019.01.05-19.53.32:565][542]LogLoad: Game class is 'FightingGameMode_C'
[2019.01.05-19.53.32:567][542]LogWorld: Bringing World /Game/StarterContent/Maps/UEDPIE_0_Minimal_Default.Minimal_Default up for play (max tick rate 0) at 2019.01.05-19.53.32
[2019.01.05-19.53.32:567][542]LogWorld: Bringing up level for play took: 0.000872
[2019.01.05-19.53.32:585][542]PIE: Play in editor start time for /Game/StarterContent/Maps/UEDPIE_0_Minimal_Default -0.564
[2019.01.05-19.53.32:585][542]LogBlueprintUserMessages: Late PlayInEditor Detection: Level '/Game/StarterContent/Maps/Minimal_Default.Minimal_Default:PersistentLevel' has LevelScriptBlueprint '/Game/StarterContent/Maps/Minimal_Default.Minimal_Default:PersistentLevel.Minimal_Default' with GeneratedClass '/Game/StarterContent/Maps/Minimal_Default.Minimal_Default_C' with ClassGeneratedBy '/Game/StarterContent/Maps/Minimal_Default.Minimal_Default:PersistentLevel.Minimal_Default'
[2019.01.05-19.54.15:747][565]LogBlueprintUserMessages: Early EndPlayMap Detection: Level '/Game/StarterContent/Maps/Minimal_Default.Minimal_Default:PersistentLevel' has LevelScriptBlueprint '/Game/StarterContent/Maps/Minimal_Default.Minimal_Default:PersistentLevel.Minimal_Default' with GeneratedClass '/Game/StarterContent/Maps/Minimal_Default.Minimal_Default_C' with ClassGeneratedBy '/Game/StarterContent/Maps/Minimal_Default.Minimal_Default:PersistentLevel.Minimal_Default'
[2019.01.05-19.54.15:748][565]LogSlate: Updating window title bar state: overlay mode, drag disabled, window buttons hidden, title bar hidden
[2019.01.05-19.54.15:790][565]LogPlayLevel: Display: Shutting down PIE online subsystems
[2019.01.05-19.54.15:790][565]LogBlueprintUserMessages: Late EndPlayMap Detection: Level '/Game/StarterContent/Maps/Minimal_Default.Minimal_Default:PersistentLevel' has LevelScriptBlueprint '/Game/StarterContent/Maps/Minimal_Default.Minimal_Default:PersistentLevel.Minimal_Default' with GeneratedClass '/Game/StarterContent/Maps/Minimal_Default.Minimal_Default_C' with ClassGeneratedBy '/Game/StarterContent/Maps/Minimal_Default.Minimal_Default:PersistentLevel.Minimal_Default'
[2019.01.05-19.54.15:810][565]LogSlate: Updating window title bar state: overlay mode, drag disabled, window buttons hidden, title bar hidden
[2019.01.05-19.54.15:848][568]LogPlayLevel: Display: Destroying online subsystem :Context_2
[2019.01.05-19.54.20:028][658]LogSlate: FSceneViewport::OnFocusLost() reason 0
[2019.01.05-19.54.20:259][664]LogSlate: Took 0.000233 seconds to synchronously load lazily loaded font '../../../Engine/Content/Slate/Fonts/Roboto-Light.ttf' (167K)
[2019.01.05-19.54.20:437][664]LogSavePackage: Moving '../../../../../../Git/FightingGame/FightingGame/Saved/Minimal_Default4CEE20334338618785D22CA331985B4A.tmp' to '../../../../../../Git/FightingGame/FightingGame/Content/StarterContent/Maps/Minimal_Default.umap'
[2019.01.05-19.54.20:540][664]LogSavePackage: Moving '../../../../../../Git/FightingGame/FightingGame/Saved/Minimal_Default_BuiltData32F421E245E328D225C98299C8171663.tmp' to '../../../../../../Git/FightingGame/FightingGame/Content/StarterContent/Maps/Minimal_Default_BuiltData.uasset'
[2019.01.05-19.54.26:470][343]LogSavePackage: Moving '../../../../../../Git/FightingGame/FightingGame/Saved/Minimal_Default1A51571443F3AA73D13D6CB6D24C31AD.tmp' to '../../../../../../Git/FightingGame/FightingGame/Content/StarterContent/Maps/Minimal_Default.umap'
[2019.01.05-19.54.26:556][343]LogSavePackage: Moving '../../../../../../Git/FightingGame/FightingGame/Saved/Minimal_Default_BuiltData9B52DA694C9A7AA8D78F68A207800C3F.tmp' to '../../../../../../Git/FightingGame/FightingGame/Content/StarterContent/Maps/Minimal_Default_BuiltData.uasset'
[2019.01.05-19.55.15:741][148]LogAssetEditorManager: Opening Asset editor for SkeletalMesh /Game/Mutant/mutant.mutant
[2019.01.05-19.55.15:752][148]LogContentBrowser: Native class hierarchy updated for 'SkeletonEditor' in 0.0004 seconds. Added 1 classes and 2 folders.
[2019.01.05-19.55.15:947][148]LogActorComponent: RegisterComponentWithWorld: (/Engine/Transient.World_3:PersistentLevel.AnimationEditorPreviewActor_0.DebugSkelMeshComponent_0) Already registered. Aborting.
[2019.01.05-19.55.15:950][148]LogContentBrowser: Native class hierarchy updated for 'PinnedCommandList' in 0.0004 seconds. Added 1 classes and 0 folders.
[2019.01.05-19.55.15:981][148]LogSkeletalMesh: USkeletalMeshComponent::InitArticulated : Bodies already created (/Engine/Transient.World_3:PersistentLevel.AnimationEditorPreviewActor_0.DebugSkelMeshComponent_0) - call TermArticulated first.
[2019.01.05-19.55.16:223][148]LogSlate: Took 0.000226 seconds to synchronously load lazily loaded font '../../../Engine/Content/Slate/Fonts/Roboto-Italic.ttf' (157K)
[2019.01.05-19.55.16:278][148]LogContentBrowser: Native class hierarchy updated for 'ClothingSystemEditorInterface' in 0.0004 seconds. Added 1 classes and 0 folders.
[2019.01.05-19.55.16:281][148]LogRenderer: Reallocating scene render targets to support 1208x888 Format 10 NumSamples 1 (Frame:1).
[2019.01.05-19.55.17:342][226]LogSlate: Window 'mutant' being destroyed
[2019.01.05-19.55.21:693][669]LogAssetEditorManager: Opening Asset editor for AnimSequence /Game/Mutant/Animations/Mutant_Punch_Anim_mixamo_com.Mutant_Punch_Anim_mixamo_com
[2019.01.05-19.55.21:708][669]LogActorComponent: RegisterComponentWithWorld: (/Engine/Transient.World_7:PersistentLevel.AnimationEditorPreviewActor_0.DebugSkelMeshComponent_0) Already registered. Aborting.
[2019.01.05-19.55.21:720][669]LogSkeletalMesh: USkeletalMeshComponent::InitArticulated : Bodies already created (/Engine/Transient.World_7:PersistentLevel.AnimationEditorPreviewActor_0.DebugSkelMeshComponent_0) - call TermArticulated first.
[2019.01.05-19.55.22:060][669]LogContentBrowser: Verbose: The majority of assets in the view are of type: AnimSequence
[2019.01.05-19.55.25:334][993]LogAssetEditorManager: Opening Asset editor for AnimSequence /Game/Mutant/Animations/Mutant_Roaring_Anim_mixamo_com.Mutant_Roaring_Anim_mixamo_com
[2019.01.05-19.55.25:340][993]LogActorComponent: RegisterComponentWithWorld: (/Engine/Transient.World_10:PersistentLevel.AnimationEditorPreviewActor_0.DebugSkelMeshComponent_0) Already registered. Aborting.
[2019.01.05-19.55.25:384][993]LogSkeletalMesh: USkeletalMeshComponent::InitArticulated : Bodies already created (/Engine/Transient.World_10:PersistentLevel.AnimationEditorPreviewActor_0.DebugSkelMeshComponent_0) - call TermArticulated first.
[2019.01.05-19.55.25:707][993]LogContentBrowser: Verbose: The majority of assets in the view are of type: AnimSequence
[2019.01.05-19.55.27:876][156]LogSlate: Window 'Mutant_Roaring_Anim_mixamo_com' being destroyed
[2019.01.05-19.55.30:873][434]LogAssetEditorManager: Opening Asset editor for AnimSequence /Game/Mutant/Animations/Mutant_Swiping_Anim_mixamo_com.Mutant_Swiping_Anim_mixamo_com
[2019.01.05-19.55.30:879][434]LogActorComponent: RegisterComponentWithWorld: (/Engine/Transient.World_13:PersistentLevel.AnimationEditorPreviewActor_0.DebugSkelMeshComponent_0) Already registered. Aborting.
[2019.01.05-19.55.30:903][434]LogSkeletalMesh: USkeletalMeshComponent::InitArticulated : Bodies already created (/Engine/Transient.World_13:PersistentLevel.AnimationEditorPreviewActor_0.DebugSkelMeshComponent_0) - call TermArticulated first.
[2019.01.05-19.55.31:217][434]LogContentBrowser: Verbose: The majority of assets in the view are of type: AnimSequence
[2019.01.05-19.56.24:697][966]LogSlate: FSceneViewport::OnFocusLost() reason 2
[2019.01.05-19.56.24:774][966]LogSavePackage: Moving '../../../../../../Git/FightingGame/FightingGame/Saved/Mutant_Swiping_Anim_mixamo_comC5D3970C4945A4594BDCAB8C0A457201.tmp' to '../../../../../../Git/FightingGame/FightingGame/Content/Mutant/Animations/Mutant_Swiping_Anim_mixamo_com.uasset'
[2019.01.05-19.59.05:275][870]LogSlate: FSceneViewport::OnFocusLost() reason 2
[2019.01.05-19.59.05:341][870]LogSavePackage: Moving '../../../../../../Git/FightingGame/FightingGame/Saved/Mutant_Swiping_Anim_mixamo_com56AD20674E9C754A870FF5B4F25B1DFC.tmp' to '../../../../../../Git/FightingGame/FightingGame/Content/Mutant/Animations/Mutant_Swiping_Anim_mixamo_com.uasset'
[2019.01.05-19.59.08:343][186]LogSlate: Window 'FightingGame - Unreal Editor' being destroyed
[2019.01.05-19.59.08:554][187]Cmd: QUIT_EDITOR
[2019.01.05-19.59.09:365][187]LogWindowsTextInputMethodSystem: Display: IME system now deactivated.
[2019.01.05-19.59.09:380][187]LogExit: Preparing to exit.
