Log file open, 11/22/18 10:33:02
LogWindows: Failed to load 'aqProf.dll' (GetLastError=126)
LogWindows: File 'aqProf.dll' does not exist
LogWindows: Failed to load 'VSPerf140.dll' (GetLastError=126)
LogWindows: File 'VSPerf140.dll' does not exist
LogWindows: Failed to load 'VtuneApi.dll' (GetLastError=126)
LogWindows: File 'VtuneApi.dll' does not exist
LogWindows: Failed to load 'VtuneApi32e.dll' (GetLastError=126)
LogWindows: File 'VtuneApi32e.dll' does not exist
LogInit: Display: Running engine for game: FightingGame
LogPlatformFile: Not using cached read wrapper
LogTaskGraph: Started task graph with 5 named threads and 23 total threads with 3 sets of task threads.
LogStats: Stats thread started at 0.379125
LogD3D11RHI: Loaded GFSDK_Aftermath_Lib.x64.dll
LogICUInternationalization: Display: ICU TimeZone Detection - Raw Offset: +0:00, Platform Override: ''
LogPluginManager: Mounting plugin Paper2D
LogPluginManager: Mounting plugin AISupport
LogPluginManager: Mounting plugin LightPropagationVolume
LogPluginManager: Mounting plugin CLionSourceCodeAccess
LogPluginManager: Mounting plugin CodeLiteSourceCodeAccess
LogPluginManager: Mounting plugin GitSourceControl
LogPluginManager: Mounting plugin KDevelopSourceCodeAccess
LogPluginManager: Mounting plugin NullSourceCodeAccess
LogPluginManager: Mounting plugin PerforceSourceControl
LogPluginManager: Mounting plugin SubversionSourceControl
LogPluginManager: Mounting plugin UObjectPlugin
LogPluginManager: Mounting plugin VisualStudioCodeSourceCodeAccess
LogPluginManager: Mounting plugin VisualStudioSourceCodeAccess
LogPluginManager: Mounting plugin XCodeSourceCodeAccess
LogPluginManager: Mounting plugin AssetManagerEditor
LogPluginManager: Mounting plugin CryptoKeys
LogPluginManager: Mounting plugin DataValidation
LogPluginManager: Mounting plugin FacialAnimation
LogPluginManager: Mounting plugin GameplayTagsEditor
LogPluginManager: Mounting plugin MacGraphicsSwitching
LogPluginManager: Mounting plugin MeshEditor
LogPluginManager: Mounting plugin MobileLauncherProfileWizard
LogPluginManager: Mounting plugin PluginBrowser
LogPluginManager: Mounting plugin SpeedTreeImporter
LogPluginManager: Mounting plugin DatasmithContent
LogPluginManager: Mounting plugin AlembicImporter
LogPluginManager: Mounting plugin AppleImageUtils
LogPluginManager: Mounting plugin AppleVision
LogPluginManager: Mounting plugin BackChannel
LogPluginManager: Mounting plugin CharacterAI
LogPluginManager: Mounting plugin GeometryCache
LogPluginManager: Mounting plugin HTML5Networking
LogPluginManager: Mounting plugin ProxyLODPlugin
LogPluginManager: Mounting plugin MagicLeap
LogPluginManager: Mounting plugin MagicLeapEmulator
LogPluginManager: Mounting plugin MagicLeapMedia
LogPluginManager: Mounting plugin AndroidMedia
LogPluginManager: Mounting plugin AvfMedia
LogPluginManager: Mounting plugin ImgMedia
LogPluginManager: Mounting plugin LinearTimecode
LogPluginManager: Mounting plugin MediaCompositing
LogPluginManager: Mounting plugin MediaPlayerEditor
LogPluginManager: Mounting plugin WmfMedia
LogPluginManager: Mounting plugin TcpMessaging
LogPluginManager: Mounting plugin UdpMessaging
LogPluginManager: Mounting plugin ActorSequence
LogPluginManager: Mounting plugin LevelSequenceEditor
LogPluginManager: Mounting plugin MatineeToLevelSequence
LogPluginManager: Mounting plugin NetcodeUnitTest
LogPluginManager: Mounting plugin NUTUnrealEngine4
LogPluginManager: Mounting plugin OnlineSubsystemGooglePlay
LogPluginManager: Mounting plugin OnlineSubsystemIOS
LogPluginManager: Mounting plugin OnlineSubsystem
LogPluginManager: Mounting plugin OnlineSubsystemNull
LogPluginManager: Mounting plugin OnlineSubsystemUtils
LogPluginManager: Mounting plugin LauncherChunkInstaller
LogPluginManager: Mounting plugin AndroidDeviceProfileSelector
LogPluginManager: Mounting plugin AndroidMoviePlayer
LogPluginManager: Mounting plugin AndroidPermission
LogPluginManager: Mounting plugin AppleMoviePlayer
LogPluginManager: Mounting plugin ArchVisCharacter
LogPluginManager: Mounting plugin AudioCapture
LogPluginManager: Mounting plugin CableComponent
LogPluginManager: Mounting plugin CustomMeshComponent
LogPluginManager: Mounting plugin EditableMesh
LogPluginManager: Mounting plugin ExampleDeviceProfileSelector
LogPluginManager: Mounting plugin GoogleCloudMessaging
LogPluginManager: Mounting plugin ImmediatePhysics
LogPluginManager: Mounting plugin IOSDeviceProfileSelector
LogPluginManager: Mounting plugin LinuxDeviceProfileSelector
LogPluginManager: Mounting plugin LocationServicesBPLibrary
LogPluginManager: Mounting plugin MobilePatchingUtils
LogPluginManager: Mounting plugin OculusVR
LogPluginManager: Plugin shader directory ../../../Engine/Plugins/Runtime/Oculus/OculusVR/Shaders found
LogPluginManager: Mapping shader source directory ../../../Engine/Plugins/Runtime/Oculus/OculusVR/Shaders to virtual directory /Plugin/OculusVR
LogPluginManager: Mounting plugin PhysXVehicles
LogPluginManager: Mounting plugin ProceduralMeshComponent
LogPluginManager: Mounting plugin RuntimePhysXCooking
LogPluginManager: Mounting plugin SteamVR
LogPluginManager: Mounting plugin WindowsMoviePlayer
LogStreaming: Display: Took  0.190s to configure plugins.
LogInit: Using libcurl 7.55.1-DEV
LogInit:  - built for x86_64-pc-win32
LogInit:  - supports SSL with OpenSSL/1.0.2h
LogInit:  - supports HTTP deflate (compression) using libz 1.2.8
LogInit:  - other features:
LogInit:      CURL_VERSION_SSL
LogInit:      CURL_VERSION_LIBZ
LogInit:      CURL_VERSION_IPV6
LogInit:      CURL_VERSION_ASYNCHDNS
LogInit:      CURL_VERSION_LARGEFILE
LogInit:      CURL_VERSION_IDN
LogInit:  CurlRequestOptions (configurable via config and command line):
LogInit:  - bVerifyPeer = false  - Libcurl will NOT verify peer certificate
LogInit:  - bUseHttpProxy = false  - Libcurl will NOT use HTTP proxy
LogInit:  - bDontReuseConnections = false  - Libcurl will reuse connections
LogInit:  - CertBundlePath = nullptr  - Libcurl will use whatever was configured at build time.
LogInit:  - MaxHostConnections = 16  - Libcurl will limit the number of connections to a host
LogInit:  - LocalHostAddr = Default
LogInit:  - BufferSize = 65536
LogInit: WinSock: version 1.1 (2.2), MaxSocks=32767, MaxUdp=65467
LogInit: Build: ++UE4+Release-4.20-CL-4369336
LogInit: Engine Version: 4.20.3-4369336+++UE4+Release-4.20
LogInit: Compatible Engine Version: 4.20.0-4212847+++UE4+Release-4.20
LogInit: Net CL: 4212847
LogInit: OS: Windows 10 (), CPU: Intel(R) Xeon(R) W-2123 CPU @ 3.60GHz, GPU: NVIDIA GeForce GTX 1070
LogInit: Compiled (64-bit): Sep 17 2018 12:26:19
LogInit: Compiled with Visual C++: 19.13.26129.00
LogInit: Build Configuration: Development
LogInit: Branch Name: ++UE4+Release-4.20
LogInit: Command Line:  -skipcompile
LogInit: Base Directory: C:/Epic/UE4/UE_4.20/Engine/Binaries/Win64/
LogInit: Installed Engine Build: 1
LogDevObjectVersion: Number of dev versions registered: 20
LogDevObjectVersion:   Dev-Blueprints (B0D832E4-1F89-4F0D-ACCF-7EB736FD4AA2): 10
LogDevObjectVersion:   Dev-Build (E1C64328-A22C-4D53-A36C-8E866417BD8C): 0
LogDevObjectVersion:   Dev-Core (375EC13C-06E4-48FB-B500-84F0262A717E): 2
LogDevObjectVersion:   Dev-Editor (E4B068ED-F494-42E9-A231-DA0B2E46BB41): 24
LogDevObjectVersion:   Dev-Framework (CFFC743F-43B0-4480-9391-14DF171D2073): 34
LogDevObjectVersion:   Dev-Mobile (B02B49B5-BB20-44E9-A304-32B752E40360): 2
LogDevObjectVersion:   Dev-Networking (A4E4105C-59A1-49B5-A7C5-40C4547EDFEE): 0
LogDevObjectVersion:   Dev-Online (39C831C9-5AE6-47DC-9A44-9C173E1C8E7C): 0
LogDevObjectVersion:   Dev-Physics (78F01B33-EBEA-4F98-B9B4-84EACCB95AA2): 0
LogDevObjectVersion:   Dev-Platform (6631380F-2D4D-43E0-8009-CF276956A95A): 0
LogDevObjectVersion:   Dev-Rendering (12F88B9F-8875-4AFC-A67C-D90C383ABD29): 26
LogDevObjectVersion:   Dev-Sequencer (7B5AE74C-D270-4C10-A958-57980B212A5A): 9
LogDevObjectVersion:   Dev-VR (D7296918-1DD6-4BDD-9DE2-64A83CC13884): 2
LogDevObjectVersion:   Dev-LoadTimes (C2A15278-BFE7-4AFE-6C17-90FF531DF755): 1
LogDevObjectVersion:   Private-Geometry (6EACA3D4-40EC-4CC1-B786-8BED09428FC5): 3
LogDevObjectVersion:   Dev-AnimPhys (29E575DD-E0A3-4627-9D10-D276232CDCEA): 17
LogDevObjectVersion:   Dev-ReflectionCapture (6B266CEC-1EC7-4B8F-A30B-E4D90942FC07): 1
LogDevObjectVersion:   Dev-Automation (0DF73D61-A23F-47EA-B727-89E90C41499A): 1
LogDevObjectVersion:   FortniteMain (601D1886-AC64-4F84-AA16-D3DE0DEAC7D6): 12
LogDevObjectVersion:   Dev-Enterprise (9DFFBCD6-494F-0158-E221-12823C92A888): 1
LogStreaming: Display: Took  0.007s to delete old logs.
LogInit: Presizing for max 8388607 objects, including 0 objects not considered by GC, pre-allocating 0 bytes for permanent pool.
LogInit: Object subsystem initialized
[2018.11.22-10.33.03:065][  0]LogInit: Selected Device Profile: [Windows]
[2018.11.22-10.33.03:065][  0]LogInit: Applying CVar settings loaded from the selected device profile: [Windows]
[2018.11.22-10.33.03:082][  0]LogHAL: Display: Platform has ~ 32 GB [34065870848 / 34359738368 / 32], which maps to Largest [LargestMinGB=32, LargerMinGB=12, DefaultMinGB=8, SmallerMinGB=6, SmallestMinGB=0)
[2018.11.22-10.33.03:083][  0]LogInit: Setting Device Profile CVar: [[r.Vulkan.UseRealUBs:1]]
[2018.11.22-10.33.03:083][  0]LogInit: Going up to parent DeviceProfile []
[2018.11.22-10.33.03:083][  0]LogInit: Computer: C117B-06
[2018.11.22-10.33.03:083][  0]LogInit: User: c016193g
[2018.11.22-10.33.03:083][  0]LogInit: CPU Page size=4096, Cores=4
[2018.11.22-10.33.03:083][  0]LogInit: High frequency timer resolution =3.515631 MHz
[2018.11.22-10.33.03:083][  0]LogMemory: Memory total: Physical=31.7GB (32GB approx)
[2018.11.22-10.33.03:084][  0]LogMemory: Platform Memory Stats for Windows
[2018.11.22-10.33.03:084][  0]LogMemory: Process Physical Memory: 100.90 MB used, 100.90 MB peak
[2018.11.22-10.33.03:084][  0]LogMemory: Process Virtual Memory: 91.03 MB used, 91.03 MB peak
[2018.11.22-10.33.03:084][  0]LogMemory: Physical Memory: 7759.80 MB used,  24727.95 MB free, 32487.75 MB total
[2018.11.22-10.33.03:084][  0]LogMemory: Virtual Memory: 4640.09 MB used,  24727.95 MB free, 134217728.00 MB total
[2018.11.22-10.33.03:214][  0]LogInit: Using OS detected language (en-US).
[2018.11.22-10.33.03:214][  0]LogInit: Using OS detected locale (en-GB).
[2018.11.22-10.33.03:216][  0]LogTextLocalizationManager: No specific localization for 'en-US' exists, so the 'en' localization will be used.
[2018.11.22-10.33.03:605][  0]LogStreaming: Display: Took  0.391s to InitEngineTextLocalization.
[2018.11.22-10.33.03:606][  0]LogInit: Setting process to per monitor DPI aware
[2018.11.22-10.33.03:662][  0]LogSlate: New Slate User Created.  User Index 0, Is Virtual User: 0
[2018.11.22-10.33.03:662][  0]LogSlate: Slate User Registered.  User Index 0, Is Virtual User: 0
[2018.11.22-10.33.03:911][  0]LogHMD: Failed to initialize OpenVR with code 110
[2018.11.22-10.33.03:911][  0]LogD3D11RHI: D3D11 adapters:
[2018.11.22-10.33.04:017][  0]LogD3D11RHI:    0. 'NVIDIA GeForce GTX 1070' (Feature Level 11_0)
[2018.11.22-10.33.04:017][  0]LogD3D11RHI:       8088/0/16243 MB DedicatedVideo/DedicatedSystem/SharedSystem, Outputs:2, VendorId:0x10de
[2018.11.22-10.33.04:023][  0]LogD3D11RHI:    1. 'Microsoft Basic Render Driver' (Feature Level 11_0)
[2018.11.22-10.33.04:023][  0]LogD3D11RHI:       0/0/16243 MB DedicatedVideo/DedicatedSystem/SharedSystem, Outputs:0, VendorId:0x1414
[2018.11.22-10.33.04:023][  0]LogD3D11RHI: Chosen D3D11 Adapter: 0
[2018.11.22-10.33.04:031][  0]LogD3D11RHI: Creating new Direct3DDevice
[2018.11.22-10.33.04:031][  0]LogD3D11RHI:     GPU DeviceId: 0x1b81 (for the marketing name, search the web for "GPU Device Id")
[2018.11.22-10.33.04:031][  0]LogWindows: EnumDisplayDevices:
[2018.11.22-10.33.04:031][  0]LogWindows:    0. 'NVIDIA GeForce GTX 1070' (P:0 D:1)
[2018.11.22-10.33.04:032][  0]LogWindows:    1. 'NVIDIA GeForce GTX 1070' (P:1 D:1)
[2018.11.22-10.33.04:032][  0]LogWindows:    2. 'NVIDIA GeForce GTX 1070' (P:0 D:0)
[2018.11.22-10.33.04:032][  0]LogWindows:    3. 'NVIDIA GeForce GTX 1070' (P:0 D:0)
[2018.11.22-10.33.04:033][  0]LogWindows: DebugString: FoundDriverCount:4 
[2018.11.22-10.33.04:033][  0]LogD3D11RHI:     Adapter Name: NVIDIA GeForce GTX 1070
[2018.11.22-10.33.04:033][  0]LogD3D11RHI:   Driver Version: 399.24 (internal:24.21.13.9924, unified:399.24)
[2018.11.22-10.33.04:033][  0]LogD3D11RHI:      Driver Date: 9-5-2018
[2018.11.22-10.33.04:033][  0]LogRHI: Texture pool is 5661 MB (70% of 8088 MB)
[2018.11.22-10.33.04:081][  0]LogD3D11RHI: Async texture creation enabled
[2018.11.22-10.33.04:098][  0]LogD3D11RHI: GPU Timing Frequency: 1000.000000 (Debug: 2 2)
[2018.11.22-10.33.04:101][  0]LogShaderCompilers: Guid format shader working directory is -26 characters bigger than the processId version (../../../../../../Users/c016193g/Documents/Github/FightingGame/FightingGame/Intermediate/Shaders/WorkingDirectory/1224/).
[2018.11.22-10.33.04:101][  0]LogShaderCompilers: Cleaned the shader compiler working directory 'C:/Users/c016193g/AppData/Local/Temp/UnrealShaderWorkingDir/06C7098D470751491B1E3E84D6FB2F03/'.
[2018.11.22-10.33.04:401][  0]LogTemp: Display: Loaded TP AllDesktopTargetPlatform
[2018.11.22-10.33.04:419][  0]LogTemp: Display: Loaded TP MacClientTargetPlatform
[2018.11.22-10.33.04:435][  0]LogTemp: Display: Loaded TP MacNoEditorTargetPlatform
[2018.11.22-10.33.04:461][  0]LogTemp: Display: Loaded TP MacServerTargetPlatform
[2018.11.22-10.33.04:489][  0]LogTemp: Display: Loaded TP MacTargetPlatform
[2018.11.22-10.33.04:504][  0]LogTemp: Display: Loaded TP WindowsClientTargetPlatform
[2018.11.22-10.33.04:520][  0]LogTemp: Display: Loaded TP WindowsNoEditorTargetPlatform
[2018.11.22-10.33.04:537][  0]LogTemp: Display: Loaded TP WindowsServerTargetPlatform
[2018.11.22-10.33.04:546][  0]LogTemp: Display: Loaded TP WindowsTargetPlatform
[2018.11.22-10.33.04:625][  0]LogTemp: Display: Loaded TP AndroidTargetPlatform
[2018.11.22-10.33.04:625][  0]LogTemp: Display: Loaded TP AndroidTargetPlatform
[2018.11.22-10.33.04:625][  0]LogTemp: Display: Loaded TP AndroidTargetPlatform
[2018.11.22-10.33.04:625][  0]LogTemp: Display: Loaded TP AndroidTargetPlatform
[2018.11.22-10.33.04:625][  0]LogTemp: Display: Loaded TP AndroidTargetPlatform
[2018.11.22-10.33.04:625][  0]LogTemp: Display: Loaded TP AndroidTargetPlatform
[2018.11.22-10.33.04:625][  0]LogTemp: Display: Loaded TP AndroidTargetPlatform
[2018.11.22-10.33.04:625][  0]LogTemp: Display: Loaded TP AndroidTargetPlatform
[2018.11.22-10.33.04:625][  0]LogTemp: Display: Loaded TP AndroidTargetPlatform
[2018.11.22-10.33.04:625][  0]LogTemp: Display: Loaded TP AndroidTargetPlatform
[2018.11.22-10.33.04:625][  0]LogTemp: Display: Loaded TP AndroidTargetPlatform
[2018.11.22-10.33.04:626][  0]LogTemp: Display: Loaded TP AndroidTargetPlatform
[2018.11.22-10.33.04:626][  0]LogTemp: Display: Loaded TP AndroidTargetPlatform
[2018.11.22-10.33.04:626][  0]LogTemp: Display: Loaded TP AndroidTargetPlatform
[2018.11.22-10.33.04:626][  0]LogTemp: Display: Loaded TP AndroidTargetPlatform
[2018.11.22-10.33.04:626][  0]LogTemp: Display: Loaded TP AndroidTargetPlatform
[2018.11.22-10.33.04:626][  0]LogTemp: Display: Loaded TP AndroidTargetPlatform
[2018.11.22-10.33.04:626][  0]LogTemp: Display: Loaded TP AndroidTargetPlatform
[2018.11.22-10.33.04:632][  0]LogTemp: Display: Loaded TP HTML5TargetPlatform
[2018.11.22-10.33.04:720][  0]LogTemp: Display: Loaded TP IOSTargetPlatform
[2018.11.22-10.33.04:720][  0]LogTemp: Display: Loaded TP IOSTargetPlatform
[2018.11.22-10.33.04:753][  0]LogTemp: Display: Loaded TP TVOSTargetPlatform
[2018.11.22-10.33.04:753][  0]LogTemp: Display: Loaded TP TVOSTargetPlatform
[2018.11.22-10.33.04:771][  0]LogTemp: Display: Loaded TP LinuxClientTargetPlatform
[2018.11.22-10.33.04:794][  0]LogTemp: Display: Loaded TP LinuxNoEditorTargetPlatform
[2018.11.22-10.33.04:809][  0]LogTemp: Display: Loaded TP LinuxServerTargetPlatform
[2018.11.22-10.33.04:824][  0]LogTemp: Display: Loaded TP LinuxTargetPlatform
[2018.11.22-10.33.04:845][  0]LogTemp: Display: Loaded TP LuminTargetPlatform
[2018.11.22-10.33.04:845][  0]LogTargetPlatformManager: Display: Building Assets For Windows
[2018.11.22-10.33.04:978][  0]LogXGEController: Cleaning working directory: C:/Users/c016193g/AppData/Local/Temp/UnrealXGEWorkingDir/
[2018.11.22-10.33.04:978][  0]LogXGEController: Cannot use XGE Controller as Incredibuild is not installed on this machine.
[2018.11.22-10.33.04:978][  0]LogShaderCompilers: Cannot use XGE Shader Compiler as Incredibuild is not installed on this machine.
[2018.11.22-10.33.04:978][  0]LogShaderCompilers: Display: Using Local Shader Compiler.
[2018.11.22-10.33.05:751][  0]LogDerivedDataCache: Display: Max Cache Size: 512 MB
[2018.11.22-10.33.05:820][  0]LogDerivedDataCache: Loaded boot cache 0.07s 71MB C:/Users/c016193g/AppData/Local/UnrealEngine/4.20/DerivedDataCache/Boot.ddc.
[2018.11.22-10.33.05:822][  0]LogDerivedDataCache: Display: Loaded Boot cache: C:/Users/c016193g/AppData/Local/UnrealEngine/4.20/DerivedDataCache/Boot.ddc
[2018.11.22-10.33.05:822][  0]LogDerivedDataCache: FDerivedDataBackendGraph:  Pak pak cache file ../../../../../../Users/c016193g/Documents/Github/FightingGame/FightingGame/DerivedDataCache/DDC.ddp not found, will not use a pak cache.
[2018.11.22-10.33.05:822][  0]LogDerivedDataCache: Unable to find inner node Pak for hierarchical cache Hierarchy.
[2018.11.22-10.33.05:822][  0]LogDerivedDataCache: FDerivedDataBackendGraph:  CompressedPak pak cache file ../../../../../../Users/c016193g/Documents/Github/FightingGame/FightingGame/DerivedDataCache/Compressed.ddp not found, will not use a pak cache.
[2018.11.22-10.33.05:823][  0]LogDerivedDataCache: Unable to find inner node CompressedPak for hierarchical cache Hierarchy.
[2018.11.22-10.33.05:851][  0]LogDerivedDataCache: Display: Pak cache opened for reading ../../../Engine/DerivedDataCache/Compressed.ddp.
[2018.11.22-10.33.05:866][  0]LogDerivedDataCache: Using Local data cache path C:/Users/c016193g/AppData/Local/UnrealEngine/Common/DerivedDataCache: Writable
[2018.11.22-10.33.05:866][  0]LogDerivedDataCache: Shared data cache path not found in *engine.ini, will not use an Shared cache.
[2018.11.22-10.33.05:866][  0]LogDerivedDataCache: Unable to find inner node Shared for hierarchical cache Hierarchy.
[2018.11.22-10.33.05:886][  0]LogMaterial: Verifying Global Shaders for PCD3D_SM5
[2018.11.22-10.33.05:890][  0]LogSlate: Using FreeType 2.6.0
[2018.11.22-10.33.05:891][  0]LogSlate: SlateFontServices - WITH_FREETYPE: 1, WITH_HARFBUZZ: 1
[2018.11.22-10.33.05:984][  0]LogAssetRegistry: FAssetRegistry took 0.0294 seconds to start up
[2018.11.22-10.33.06:338][  0]LogInit: Selected Device Profile: [Windows]
[2018.11.22-10.33.06:512][  0]LogSimplygon: Simplygon DLL not present - disabling.
[2018.11.22-10.33.06:521][  0]LogMeshReduction: Using SimplygonSwarm for distributed automatic mesh merging
[2018.11.22-10.33.06:522][  0]LogMeshReduction: Using ProxyLODMeshReduction for automatic mesh merging
[2018.11.22-10.33.06:522][  0]LogMeshReduction: Using QuadricMeshReduction for automatic static mesh reduction
[2018.11.22-10.33.06:522][  0]LogMeshReduction: No automatic skeletal mesh reduction module available
[2018.11.22-10.33.06:537][  0]LogNetVersion: FightingGame 1.0.0, NetCL: 4212847, EngineNetVer: 5, GameNetVer: 0 (Checksum: 156865789)
[2018.11.22-10.33.07:133][  0]LogPackageLocalizationCache: Processed 11 localized package path(s) for 2 prioritized culture(s) in 0.147223 seconds
[2018.11.22-10.33.07:151][  0]LogUObjectArray: 38425 objects as part of root set at end of initial load.
[2018.11.22-10.33.07:151][  0]LogUObjectAllocator: 6690872 out of 0 bytes used by permanent object pool.
[2018.11.22-10.33.07:151][  0]LogUObjectArray: CloseDisregardForGC: 0/0 objects in disregard for GC pool
[2018.11.22-10.33.08:182][  0]LogTcpMessaging: Initializing TcpMessaging bridge
[2018.11.22-10.33.08:201][  0]LogUdpMessaging: Initializing bridge on interface 0.0.0.0:0 to multicast group 230.0.0.1:6666.
[2018.11.22-10.33.08:464][  0]SourceControl: Source control is disabled
[2018.11.22-10.33.08:465][  0]SourceControl: Source control is disabled
[2018.11.22-10.33.08:468][  0]SourceControl: Source control is disabled
[2018.11.22-10.33.08:471][  0]SourceControl: Source control is disabled
[2018.11.22-10.33.08:763][  0]LogAndroidPermission: UAndroidPermissionCallbackProxy::GetInstance
[2018.11.22-10.33.08:844][  0]LogOcInput: OculusInput pre-init called
[2018.11.22-10.33.08:926][  0]LogEngine: Initializing Engine...
[2018.11.22-10.33.08:927][  0]LogHMD: Failed to initialize OpenVR with code 110
[2018.11.22-10.33.08:928][  0]LogStats: UGameplayTagsManager::ConstructGameplayTagTree: ImportINI prefixes -  0.000 s
[2018.11.22-10.33.08:929][  0]LogStats: UGameplayTagsManager::ConstructGameplayTagTree: Construct from data asset -  0.000 s
[2018.11.22-10.33.08:929][  0]LogStats: UGameplayTagsManager::ConstructGameplayTagTree: ImportINI -  0.001 s
[2018.11.22-10.33.08:929][  0]LogStats: UGameplayTagsManager::ConstructGameplayTagTree: GameplayTagTreeChangedEvent.Broadcast -  0.000 s
[2018.11.22-10.33.09:147][  0]LogInit: Initializing FReadOnlyCVARCache
[2018.11.22-10.33.09:173][  0]LogAIModule: Creating AISystem for world Untitled
[2018.11.22-10.33.09:186][  0]LogInit: XAudio2 using 'Speakers (High Definition Audio Device)' : 2 channels at 48 kHz using 16 bits per sample (channel mask 0x3)
[2018.11.22-10.33.09:218][  0]LogInit: FAudioDevice initialized.
[2018.11.22-10.33.09:219][  0]LogNetVersion: Set ProjectVersion to 1.0.0.0. Version Checksum will be recalculated on next use.
[2018.11.22-10.33.09:265][  0]LogDerivedDataCache: Saved boot cache 0.05s 71MB C:/Users/c016193g/AppData/Local/UnrealEngine/4.20/DerivedDataCache/Boot.ddc.
[2018.11.22-10.33.09:284][  0]LogInit: Texture streaming: Enabled
[2018.11.22-10.33.09:313][  0]LogEngineSessionManager: EngineSessionManager initialized
[2018.11.22-10.33.09:326][  0]LogInit: Transaction tracking system initialized
[2018.11.22-10.33.09:377][  0]BlueprintLog: New page: Editor Load
[2018.11.22-10.33.09:513][  0]LocalizationService: Localization service is disabled
[2018.11.22-10.33.09:809][  0]LogCook: Display: Max memory allowance for cook 16384mb min free memory 0mb
[2018.11.22-10.33.09:809][  0]LogCook: Display: Mobile HDR setting 1
[2018.11.22-10.33.09:810][  0]LogGameplayTags: Display: UGameplayTagsManager::DoneAddingNativeTags. DelegateIsBound: 0
[2018.11.22-10.33.09:810][  0]LogStats: UGameplayTagsManager::ConstructGameplayTagTree: ImportINI prefixes -  0.000 s
[2018.11.22-10.33.09:810][  0]LogStats: UGameplayTagsManager::ConstructGameplayTagTree: Construct from data asset -  0.000 s
[2018.11.22-10.33.09:810][  0]LogStats: UGameplayTagsManager::ConstructGameplayTagTree: ImportINI -  0.000 s
[2018.11.22-10.33.09:810][  0]LogStats: UGameplayTagsManager::ConstructGameplayTagTree: GameplayTagTreeChangedEvent.Broadcast -  0.000 s
[2018.11.22-10.33.09:817][  0]LogFileCache: Scanning file cache for directory 'C:/Users/c016193g/Documents/Github/FightingGame/FightingGame/Content/' took 0.02s
[2018.11.22-10.33.10:013][  0]SourceControl: Source control is disabled
[2018.11.22-10.33.10:013][  0]Cmd: MAP LOAD FILE="../../../../../../Users/c016193g/Documents/Github/FightingGame/FightingGame/Content/StarterContent/Maps/Minimal_Default.umap" TEMPLATE=0 SHOWPROGRESS=1 FEATURELEVEL=3
[2018.11.22-10.33.10:014][  0]LightingResults: New page: Lighting Build
[2018.11.22-10.33.10:018][  0]MapCheck: New page: Map Check
[2018.11.22-10.33.10:018][  0]LightingResults: New page: Lighting Build
[2018.11.22-10.33.10:357][  0]LogAIModule: Creating AISystem for world Minimal_Default
[2018.11.22-10.33.10:382][  0]LogEditorServer: Finished looking for orphan Actors (0.000 secs)
[2018.11.22-10.33.10:413][  0]Cmd: MAP CHECKDEP NOCLEARLOG
[2018.11.22-10.33.10:523][  0]MapCheck: Map check complete: 0 Error(s), 0 Warning(s), took 110.604ms to complete.
[2018.11.22-10.33.10:523][  0]LogFileHelpers: Loading map 'Minimal_Default' took 0.511
[2018.11.22-10.33.10:687][  0]LogSlate: Updating window title bar state: overlay mode, drag disabled, window buttons hidden, title bar hidden
[2018.11.22-10.33.10:694][  0]LogSlate: Updating window title bar state: overlay mode, drag disabled, window buttons hidden, title bar hidden
[2018.11.22-10.33.10:701][  0]LogSlate: Updating window title bar state: overlay mode, drag disabled, window buttons hidden, title bar hidden
[2018.11.22-10.33.10:708][  0]LogSlate: Updating window title bar state: overlay mode, drag disabled, window buttons hidden, title bar hidden
[2018.11.22-10.33.10:717][  0]LogCollectionManager: Loaded 0 collections in 0.002222 seconds
[2018.11.22-10.33.10:784][  0]LogFileCache: Scanning file cache for directory 'C:/Users/c016193g/Documents/Github/FightingGame/FightingGame/Saved/Collections/' took 0.01s
[2018.11.22-10.33.10:785][  0]LogFileCache: Scanning file cache for directory 'C:/Users/c016193g/Documents/Github/FightingGame/FightingGame/Content/Developers/c016193g/Collections/' took 0.01s
[2018.11.22-10.33.10:785][  0]LogFileCache: Scanning file cache for directory 'C:/Users/c016193g/Documents/Github/FightingGame/FightingGame/Content/Collections/' took 0.01s
[2018.11.22-10.33.10:785][  0]LogCollectionManager: Rebuilt the GUID cache for 0 collections in 0.000000 seconds
[2018.11.22-10.33.10:799][  0]LogContentBrowser: Native class hierarchy populated in 0.0138 seconds. Added 2575 classes and 605 folders.
[2018.11.22-10.33.10:806][  0]LogContentBrowser: Native class hierarchy updated for 'WidgetCarousel' in 0.0004 seconds. Added 0 classes and 0 folders.
[2018.11.22-10.33.10:861][  0]LogContentBrowser: Native class hierarchy updated for 'AddContentDialog' in 0.0004 seconds. Added 0 classes and 0 folders.
[2018.11.22-10.33.10:871][  0]LogContentBrowser: Native class hierarchy updated for 'SceneOutliner' in 0.0009 seconds. Added 1 classes and 2 folders.
[2018.11.22-10.33.10:896][  0]LogSlate: Took 0.000300 seconds to synchronously load lazily loaded font '../../../Engine/Content/Slate/Fonts/Roboto-Regular.ttf' (155K)
[2018.11.22-10.33.10:898][  0]LogSlate: Took 0.000231 seconds to synchronously load lazily loaded font '../../../Engine/Content/Slate/Fonts/Roboto-Bold.ttf' (160K)
[2018.11.22-10.33.10:903][  0]LogSlate: Took 0.000242 seconds to synchronously load lazily loaded font '../../../Engine/Content/Editor/Slate/Fonts/FontAwesome.ttf' (139K)
[2018.11.22-10.33.10:972][  0]LogRenderer: Reallocating scene render targets to support 1208x576 Format 10 NumSamples 1 (Frame:1).
[2018.11.22-10.33.11:129][  0]LogContentBrowser: Native class hierarchy updated for 'HierarchicalLODOutliner' in 0.0013 seconds. Added 0 classes and 0 folders.
[2018.11.22-10.33.11:129][  0]LogLoad: (Engine Initialization) Total time: 10.47 seconds
[2018.11.22-10.33.11:129][  0]LogLoad: (Engine Initialization) Total Blueprint compile time: 0.00 seconds
[2018.11.22-10.33.11:153][  0]LogWindowsTextInputMethodSystem: Display: IME system now deactivated.
[2018.11.22-10.33.11:179][  0]LogContentStreaming: Texture pool size now 1000 MB
[2018.11.22-10.33.11:213][  0]LogSlate: Took 0.000184 seconds to synchronously load lazily loaded font '../../../Engine/Content/Slate/Fonts/Roboto-Light.ttf' (167K)
[2018.11.22-10.33.11:286][  1]LogAssetRegistry: Asset discovery search completed in 5.3269 seconds
[2018.11.22-10.33.11:288][  1]LogCollectionManager: Rebuilt the object cache for 0 collections in 0.000000 seconds (found 0 objects)
[2018.11.22-10.33.11:288][  1]LogCollectionManager: Fixed up redirectors for 0 collections in 0.000134 seconds (updated 0 objects)
[2018.11.22-10.33.13:488][249]LogSlate: FSceneViewport::OnFocusLost() reason 0
[2018.11.22-10.33.13:580][260]LogTemp: Repeating last play command: Selected Viewport
[2018.11.22-10.33.13:596][260]LogBlueprintUserMessages: Early PlayInEditor Detection: Level '/Game/StarterContent/Maps/Minimal_Default.Minimal_Default:PersistentLevel' has LevelScriptBlueprint '/Game/StarterContent/Maps/Minimal_Default.Minimal_Default:PersistentLevel.Minimal_Default' with GeneratedClass '/Game/StarterContent/Maps/Minimal_Default.Minimal_Default_C' with ClassGeneratedBy '/Game/StarterContent/Maps/Minimal_Default.Minimal_Default:PersistentLevel.Minimal_Default'
[2018.11.22-10.33.13:597][260]LogPlayLevel: PlayLevel: No blueprints needed recompiling
[2018.11.22-10.33.13:614][260]PIE: New page: PIE session: Minimal_Default (22 Nov 2018 10:33:13)
[2018.11.22-10.33.13:614][260]LogPlayLevel: Creating play world package: /Game/StarterContent/Maps/UEDPIE_1_Minimal_Default
[2018.11.22-10.33.13:618][260]LogPlayLevel: PIE: StaticDuplicateObject took: (0.004054s)
[2018.11.22-10.33.13:619][260]LogAIModule: Creating AISystem for world Minimal_Default
[2018.11.22-10.33.13:619][260]LogPlayLevel: PIE: World Init took: (0.000872s)
[2018.11.22-10.33.13:619][260]LogPlayLevel: PIE: Created PIE world by copying editor world from /Game/StarterContent/Maps/Minimal_Default.Minimal_Default to /Game/StarterContent/Maps/UEDPIE_1_Minimal_Default.Minimal_Default (0.005291s)
[2018.11.22-10.33.13:649][260]LogInit: XAudio2 using 'Speakers (High Definition Audio Device)' : 2 channels at 48 kHz using 16 bits per sample (channel mask 0x3)
[2018.11.22-10.33.13:658][260]LogInit: FAudioDevice initialized.
[2018.11.22-10.33.13:749][260]LogLoad: Game class is 'FightingGameMode_C'
[2018.11.22-10.33.13:752][260]LogWorld: Bringing World /Game/StarterContent/Maps/UEDPIE_1_Minimal_Default.Minimal_Default up for play (max tick rate 0) at 2018.11.22-10.33.13
[2018.11.22-10.33.13:754][260]LogWorld: Bringing up level for play took: 0.002328
[2018.11.22-10.33.13:774][260]LogContentBrowser: Native class hierarchy updated for 'MovieSceneCapture' in 0.0006 seconds. Added 10 classes and 0 folders.
[2018.11.22-10.33.13:776][260]LogTemp: Display: ParseSettings for GameNetDriver
[2018.11.22-10.33.13:776][260]LogTemp: Display: ParseSettings for IpNetDriver_0
[2018.11.22-10.33.13:776][260]LogTemp: Display: ParseSettings for GameNetDriver
[2018.11.22-10.33.13:776][260]LogNet: ReplicationDriverClass is null! Not using ReplicationDriver.
[2018.11.22-10.33.13:776][260]LogInit: WinSock: Socket queue 131072 / 131072
[2018.11.22-10.33.13:784][260]LogInit: WinSock: I am c117b-06 (10.6.118.48:0)
[2018.11.22-10.33.13:784][260]PacketHandlerLog: Loaded PacketHandler component: Engine.EngineHandlerComponentFactory (StatelessConnectHandlerComponent)
[2018.11.22-10.33.13:784][260]LogNet: GameNetDriver IpNetDriver_0 IpNetDriver listening on port 17777
[2018.11.22-10.33.13:786][260]PIE: Play in editor start time for /Game/StarterContent/Maps/UEDPIE_1_Minimal_Default 0.747
[2018.11.22-10.33.13:790][260]PIE: New page: PIE session: Minimal_Default (22 Nov 2018 10:33:13)
[2018.11.22-10.33.13:801][260]LogSlate: FSceneViewport::OnFocusLost() reason 2
[2018.11.22-10.33.13:804][260]LogSlate: Updating window title bar state: overlay mode, drag disabled, window buttons hidden, title bar hidden
[2018.11.22-10.33.13:872][260]LogNet: Browse: 127.0.0.1:17777//Game/StarterContent/Maps/Minimal_Default
[2018.11.22-10.33.13:873][260]LogTemp: Display: ParseSettings for GameNetDriver
[2018.11.22-10.33.13:873][260]LogTemp: Display: ParseSettings for IpNetDriver_1
[2018.11.22-10.33.13:873][260]LogTemp: Display: ParseSettings for PendingNetDriver
[2018.11.22-10.33.13:874][260]LogInit: WinSock: Socket queue 32768 / 32768
[2018.11.22-10.33.13:875][260]PacketHandlerLog: Loaded PacketHandler component: Engine.EngineHandlerComponentFactory (StatelessConnectHandlerComponent)
[2018.11.22-10.33.13:876][260]LogNet: Game client on port 17777, rate 10000
[2018.11.22-10.33.13:880][260]PIE: Play in editor start time for /Game/StarterContent/Maps/Minimal_Default 0.841
[2018.11.22-10.33.13:890][260]PIE: New page: PIE session: Minimal_Default (22 Nov 2018 10:33:13)
[2018.11.22-10.33.13:903][260]LogSlate: FSceneViewport::OnFocusLost() reason 2
[2018.11.22-10.33.13:910][260]LogSlate: Updating window title bar state: overlay mode, drag disabled, window buttons hidden, title bar hidden
[2018.11.22-10.33.13:964][260]LogNet: Browse: 127.0.0.1:17777//Game/StarterContent/Maps/Minimal_Default
[2018.11.22-10.33.13:964][260]LogTemp: Display: ParseSettings for GameNetDriver
[2018.11.22-10.33.13:965][260]LogTemp: Display: ParseSettings for IpNetDriver_2
[2018.11.22-10.33.13:965][260]LogTemp: Display: ParseSettings for PendingNetDriver
[2018.11.22-10.33.13:965][260]LogInit: WinSock: Socket queue 32768 / 32768
[2018.11.22-10.33.13:967][260]PacketHandlerLog: Loaded PacketHandler component: Engine.EngineHandlerComponentFactory (StatelessConnectHandlerComponent)
[2018.11.22-10.33.13:968][260]LogNet: Game client on port 17777, rate 10000
[2018.11.22-10.33.13:971][260]PIE: Play in editor start time for /Game/StarterContent/Maps/Minimal_Default 0.933
[2018.11.22-10.33.13:983][260]LogBlueprintUserMessages: Late PlayInEditor Detection: Level '/Game/StarterContent/Maps/Minimal_Default.Minimal_Default:PersistentLevel' has LevelScriptBlueprint '/Game/StarterContent/Maps/Minimal_Default.Minimal_Default:PersistentLevel.Minimal_Default' with GeneratedClass '/Game/StarterContent/Maps/Minimal_Default.Minimal_Default_C' with ClassGeneratedBy '/Game/StarterContent/Maps/Minimal_Default.Minimal_Default:PersistentLevel.Minimal_Default'
[2018.11.22-10.33.13:984][260]LogNet: NotifyAcceptingConnection accepted from: 127.0.0.1:55031
[2018.11.22-10.33.13:984][260]LogHandshake: SendConnectChallenge. Timestamp: 0.008334, Cookie: 002105074160077249108186176192077014024109224103124020021039
[2018.11.22-10.33.13:985][260]LogNet: NotifyAcceptingConnection accepted from: 127.0.0.1:55032
[2018.11.22-10.33.13:985][260]LogHandshake: SendConnectChallenge. Timestamp: 0.008334, Cookie: 025251237148004038009184153143068233199169250109130053130100
[2018.11.22-10.33.13:997][260]LogHandshake: SendChallengeResponse. Timestamp: 0.008334, Cookie: 002105074160077249108186176192077014024109224103124020021039
[2018.11.22-10.33.13:999][260]LogHandshake: SendChallengeResponse. Timestamp: 0.008334, Cookie: 025251237148004038009184153143068233199169250109130053130100
[2018.11.22-10.33.14:120][261]LogNet: NotifyAcceptingConnection accepted from: 127.0.0.1:55031
[2018.11.22-10.33.14:120][261]LogHandshake: SendChallengeAck. InCookie: 002105074160077249108186176192077014024109224103124020021039
[2018.11.22-10.33.14:120][261]LogNet: Server accepting post-challenge connection from: 127.0.0.1:55031
[2018.11.22-10.33.14:121][261]PacketHandlerLog: Loaded PacketHandler component: Engine.EngineHandlerComponentFactory (StatelessConnectHandlerComponent)
[2018.11.22-10.33.14:122][261]LogNet: NotifyAcceptedConnection: Name: Minimal_Default, TimeStamp: 11/22/18 10:33:14, [UNetConnection] RemoteAddr: 127.0.0.1:55031, Name: IpConnection_2, Driver: GameNetDriver IpNetDriver_0, IsServer: YES, PC: NULL, Owner: NULL, UniqueId: INVALID
[2018.11.22-10.33.14:122][261]LogNet: AddClientConnection: Added client connection: [UNetConnection] RemoteAddr: 127.0.0.1:55031, Name: IpConnection_2, Driver: GameNetDriver IpNetDriver_0, IsServer: YES, PC: NULL, Owner: NULL, UniqueId: INVALID
[2018.11.22-10.33.14:122][261]LogNet: NotifyAcceptingConnection accepted from: 127.0.0.1:55032
[2018.11.22-10.33.14:122][261]LogHandshake: SendChallengeAck. InCookie: 025251237148004038009184153143068233199169250109130053130100
[2018.11.22-10.33.14:123][261]LogNet: Server accepting post-challenge connection from: 127.0.0.1:55032
[2018.11.22-10.33.14:124][261]PacketHandlerLog: Loaded PacketHandler component: Engine.EngineHandlerComponentFactory (StatelessConnectHandlerComponent)
[2018.11.22-10.33.14:124][261]LogNet: NotifyAcceptedConnection: Name: Minimal_Default, TimeStamp: 11/22/18 10:33:14, [UNetConnection] RemoteAddr: 127.0.0.1:55032, Name: IpConnection_3, Driver: GameNetDriver IpNetDriver_0, IsServer: YES, PC: NULL, Owner: NULL, UniqueId: INVALID
[2018.11.22-10.33.14:124][261]LogNet: AddClientConnection: Added client connection: [UNetConnection] RemoteAddr: 127.0.0.1:55032, Name: IpConnection_3, Driver: GameNetDriver IpNetDriver_0, IsServer: YES, PC: NULL, Owner: NULL, UniqueId: INVALID
[2018.11.22-10.33.14:126][261]LogNetVersion: FightingGame 1.0.0.0, NetCL: 4212847, EngineNetVer: 5, GameNetVer: 0 (Checksum: 4124689447)
[2018.11.22-10.33.14:126][261]LogNet: UPendingNetGame::SendInitialJoin: Sending hello. [UNetConnection] RemoteAddr: 127.0.0.1:17777, Name: IpConnection_0, Driver: PendingNetDriver IpNetDriver_1, IsServer: NO, PC: NULL, Owner: NULL, UniqueId: INVALID
[2018.11.22-10.33.14:127][261]LogNet: UPendingNetGame::SendInitialJoin: Sending hello. [UNetConnection] RemoteAddr: 127.0.0.1:17777, Name: IpConnection_1, Driver: PendingNetDriver IpNetDriver_2, IsServer: NO, PC: NULL, Owner: NULL, UniqueId: INVALID
[2018.11.22-10.33.14:144][262]LogNet: NotifyAcceptingChannel Control 0 server World /Game/StarterContent/Maps/UEDPIE_1_Minimal_Default.Minimal_Default: Accepted
[2018.11.22-10.33.14:145][262]LogNet: Remote platform little endian=1
[2018.11.22-10.33.14:145][262]LogNet: This platform little endian=1
[2018.11.22-10.33.14:145][262]LogNet: NotifyAcceptingChannel Control 0 server World /Game/StarterContent/Maps/UEDPIE_1_Minimal_Default.Minimal_Default: Accepted
[2018.11.22-10.33.14:145][262]LogNet: Remote platform little endian=1
[2018.11.22-10.33.14:145][262]LogNet: This platform little endian=1
[2018.11.22-10.33.14:179][263]LogNet: Login request: /Game/StarterContent/Maps/Minimal_Default?Name=c117b-06-0BD3542246DB9E08876616B39CEC7510 userId: c117b-06-0BD3542246DB9E08876616B39CEC7510
[2018.11.22-10.33.14:180][263]LogNet: Login request: /Game/StarterContent/Maps/Minimal_Default?Name=c117b-06-BC5C970142CB7E5A08D057B3DBFAFA14 userId: c117b-06-BC5C970142CB7E5A08D057B3DBFAFA14
[2018.11.22-10.33.14:180][263]LogNet: Welcomed by server (Level: /Game/StarterContent/Maps/UEDPIE_1_Minimal_Default, Game: /Game/FightingGameMode.FightingGameMode_C)
[2018.11.22-10.33.14:181][263]LogLoad: LoadMap: 127.0.0.1:17777//Game/StarterContent/Maps/UEDPIE_1_Minimal_Default?game=/Game/FightingGameMode.FightingGameMode_C
[2018.11.22-10.33.14:210][263]LogAIModule: Creating AISystem for world Minimal_Default
[2018.11.22-10.33.14:211][263]LogTemp: Display: ParseSettings for GameNetDriver
[2018.11.22-10.33.14:212][263]LogWorld: Bringing World /Game/StarterContent/Maps/UEDPIE_2_Minimal_Default.Minimal_Default up for play (max tick rate 0) at 2018.11.22-10.33.14
[2018.11.22-10.33.14:212][263]LogWorld: Bringing up level for play took: 0.000813
[2018.11.22-10.33.14:212][263]LogLoad: Took 0.031500 seconds to LoadMap(/Game/StarterContent/Maps/UEDPIE_1_Minimal_Default)
[2018.11.22-10.33.14:213][263]LogNet: Welcomed by server (Level: /Game/StarterContent/Maps/UEDPIE_1_Minimal_Default, Game: /Game/FightingGameMode.FightingGameMode_C)
[2018.11.22-10.33.14:222][263]LogLoad: LoadMap: 127.0.0.1:17777//Game/StarterContent/Maps/UEDPIE_1_Minimal_Default?game=/Game/FightingGameMode.FightingGameMode_C
[2018.11.22-10.33.14:249][263]LogAIModule: Creating AISystem for world Minimal_Default
[2018.11.22-10.33.14:250][263]LogTemp: Display: ParseSettings for GameNetDriver
[2018.11.22-10.33.14:251][263]LogWorld: Bringing World /Game/StarterContent/Maps/UEDPIE_3_Minimal_Default.Minimal_Default up for play (max tick rate 0) at 2018.11.22-10.33.14
[2018.11.22-10.33.14:251][263]LogWorld: Bringing up level for play took: 0.000781
[2018.11.22-10.33.14:251][263]LogLoad: Took 0.029654 seconds to LoadMap(/Game/StarterContent/Maps/UEDPIE_1_Minimal_Default)
[2018.11.22-10.33.14:261][264]LogNet: Client netspeed is 10000
[2018.11.22-10.33.14:262][264]LogNet: Join request: /Game/StarterContent/Maps/Minimal_Default?Name=c117b-06-0BD3542246DB9E08876616B39CEC7510?SplitscreenCount=1
[2018.11.22-10.33.14:262][264]LogOnline: Warning: OSS: No game present to join for session (GameSession)
[2018.11.22-10.33.14:264][264]LogNet: Join succeeded: c117b-06-0BD3542246D
[2018.11.22-10.33.14:264][264]LogNet: Client netspeed is 10000
[2018.11.22-10.33.14:264][264]LogNet: Join request: /Game/StarterContent/Maps/Minimal_Default?Name=c117b-06-BC5C970142CB7E5A08D057B3DBFAFA14?SplitscreenCount=1
[2018.11.22-10.33.14:264][264]LogOnline: Warning: OSS: No game present to join for session (GameSession)
[2018.11.22-10.33.14:265][264]LogNet: Join succeeded: c117b-06-BC5C970142C
[2018.11.22-10.33.14:274][265]LogRenderer: Reallocating scene render targets to support 1280x720 Format 10 NumSamples 1 (Frame:1).
[2018.11.22-10.33.14:293][265]LogOnline: Warning: OSS: No game present to join for session (GameSession)
[2018.11.22-10.33.14:295][265]LogOnline: Warning: OSS: No game present to join for session (GameSession)
[2018.11.22-10.33.14:316][267]LogOnline: Warning: OSS: No game present to join for session (GameSession)
[2018.11.22-10.33.14:324][268]LogOnline: Warning: OSS: No game present to join for session (GameSession)
[2018.11.22-10.33.14:334][269]LogOnline: Warning: OSS: No game present to join for session (GameSession)
[2018.11.22-10.33.14:334][269]LogOnline: Warning: OSS: No game present to join for session (GameSession)
[2018.11.22-10.33.24:784][505]LogSlate: FSceneViewport::OnFocusLost() reason 0
[2018.11.22-10.33.24:858][513]LogBlueprintUserMessages: Early EndPlayMap Detection: Level '/Game/StarterContent/Maps/Minimal_Default.Minimal_Default:PersistentLevel' has LevelScriptBlueprint '/Game/StarterContent/Maps/Minimal_Default.Minimal_Default:PersistentLevel.Minimal_Default' with GeneratedClass '/Game/StarterContent/Maps/Minimal_Default.Minimal_Default_C' with ClassGeneratedBy '/Game/StarterContent/Maps/Minimal_Default.Minimal_Default:PersistentLevel.Minimal_Default'
[2018.11.22-10.33.24:859][513]LogSlate: Updating window title bar state: overlay mode, drag disabled, window buttons hidden, title bar hidden
[2018.11.22-10.33.24:875][513]LogSlate: Window 'FightingGame Game Preview Client 2 (64-bit/PCD3D_SM5)' being destroyed
[2018.11.22-10.33.24:909][513]LogSlate: Updating window title bar state: overlay mode, drag disabled, window buttons hidden, title bar hidden
[2018.11.22-10.33.24:943][513]LogSlate: Window 'FightingGame Game Preview Client 1 (64-bit/PCD3D_SM5)' being destroyed
[2018.11.22-10.33.24:985][513]LogOnline: Warning: OSS: No game present to leave for session (GameSession)
[2018.11.22-10.33.24:986][513]LogSlate: Updating window title bar state: overlay mode, drag disabled, window buttons hidden, title bar hidden
[2018.11.22-10.33.25:024][513]LogPlayLevel: Display: Shutting down PIE online subsystems
[2018.11.22-10.33.25:024][513]LogBlueprintUserMessages: Late EndPlayMap Detection: Level '/Game/StarterContent/Maps/Minimal_Default.Minimal_Default:PersistentLevel' has LevelScriptBlueprint '/Game/StarterContent/Maps/Minimal_Default.Minimal_Default:PersistentLevel.Minimal_Default' with GeneratedClass '/Game/StarterContent/Maps/Minimal_Default.Minimal_Default_C' with ClassGeneratedBy '/Game/StarterContent/Maps/Minimal_Default.Minimal_Default:PersistentLevel.Minimal_Default'
[2018.11.22-10.33.25:053][513]LogNet: UChannel::CleanUp: ChIndex == 0. Closing connection. [UChannel] ChIndex: 0, Closing: 0 [UNetConnection] RemoteAddr: 127.0.0.1:55032, Name: IpConnection_3, Driver: GameNetDriver IpNetDriver_0, IsServer: YES, PC: None, Owner: None, UniqueId: NULL:c117b-06-BC5C970142CB7E5A08D057B3DBFAFA14
[2018.11.22-10.33.25:053][513]LogNet: UNetConnection::Close: [UNetConnection] RemoteAddr: 127.0.0.1:55032, Name: IpConnection_3, Driver: GameNetDriver IpNetDriver_0, IsServer: YES, PC: None, Owner: None, UniqueId: NULL:c117b-06-BC5C970142CB7E5A08D057B3DBFAFA14, Channels: 2, Time: 2018.11.22-10.33.25
[2018.11.22-10.33.25:053][513]LogNet: UChannel::Close: Sending CloseBunch. ChIndex == 0. Name: [UChannel] ChIndex: 0, Closing: 0 [UNetConnection] RemoteAddr: 127.0.0.1:55032, Name: IpConnection_3, Driver: GameNetDriver IpNetDriver_0, IsServer: YES, PC: None, Owner: None, UniqueId: NULL:c117b-06-BC5C970142CB7E5A08D057B3DBFAFA14
[2018.11.22-10.33.25:053][513]LogNet: UChannel::CleanUp: ChIndex == 0. Closing connection. [UChannel] ChIndex: 0, Closing: 0 [UNetConnection] RemoteAddr: 127.0.0.1:55031, Name: IpConnection_2, Driver: GameNetDriver IpNetDriver_0, IsServer: YES, PC: None, Owner: None, UniqueId: NULL:c117b-06-0BD3542246DB9E08876616B39CEC7510
[2018.11.22-10.33.25:053][513]LogNet: UNetConnection::Close: [UNetConnection] RemoteAddr: 127.0.0.1:55031, Name: IpConnection_2, Driver: GameNetDriver IpNetDriver_0, IsServer: YES, PC: None, Owner: None, UniqueId: NULL:c117b-06-0BD3542246DB9E08876616B39CEC7510, Channels: 2, Time: 2018.11.22-10.33.25
[2018.11.22-10.33.25:054][513]LogNet: UChannel::Close: Sending CloseBunch. ChIndex == 0. Name: [UChannel] ChIndex: 0, Closing: 0 [UNetConnection] RemoteAddr: 127.0.0.1:55031, Name: IpConnection_2, Driver: GameNetDriver IpNetDriver_0, IsServer: YES, PC: None, Owner: None, UniqueId: NULL:c117b-06-0BD3542246DB9E08876616B39CEC7510
[2018.11.22-10.33.25:054][513]LogNet: UChannel::CleanUp: ChIndex == 0. Closing connection. [UChannel] ChIndex: 0, Closing: 0 [UNetConnection] RemoteAddr: 127.0.0.1:17777, Name: IpConnection_1, Driver: GameNetDriver IpNetDriver_2, IsServer: NO, PC: None, Owner: None, UniqueId: NULL:c117b-06-BC5C970142CB7E5A08D057B3DBFAFA14
[2018.11.22-10.33.25:054][513]LogNet: UNetConnection::Close: [UNetConnection] RemoteAddr: 127.0.0.1:17777, Name: IpConnection_1, Driver: GameNetDriver IpNetDriver_2, IsServer: NO, PC: None, Owner: None, UniqueId: NULL:c117b-06-BC5C970142CB7E5A08D057B3DBFAFA14, Channels: 2, Time: 2018.11.22-10.33.25
[2018.11.22-10.33.25:054][513]LogNet: UChannel::Close: Sending CloseBunch. ChIndex == 0. Name: [UChannel] ChIndex: 0, Closing: 0 [UNetConnection] RemoteAddr: 127.0.0.1:17777, Name: IpConnection_1, Driver: GameNetDriver IpNetDriver_2, IsServer: NO, PC: None, Owner: None, UniqueId: NULL:c117b-06-BC5C970142CB7E5A08D057B3DBFAFA14
[2018.11.22-10.33.25:054][513]LogNet: UChannel::CleanUp: ChIndex == 0. Closing connection. [UChannel] ChIndex: 0, Closing: 0 [UNetConnection] RemoteAddr: 127.0.0.1:17777, Name: IpConnection_0, Driver: GameNetDriver IpNetDriver_1, IsServer: NO, PC: None, Owner: None, UniqueId: NULL:c117b-06-0BD3542246DB9E08876616B39CEC7510
[2018.11.22-10.33.25:054][513]LogNet: UNetConnection::Close: [UNetConnection] RemoteAddr: 127.0.0.1:17777, Name: IpConnection_0, Driver: GameNetDriver IpNetDriver_1, IsServer: NO, PC: None, Owner: None, UniqueId: NULL:c117b-06-0BD3542246DB9E08876616B39CEC7510, Channels: 2, Time: 2018.11.22-10.33.25
[2018.11.22-10.33.25:054][513]LogNet: UChannel::Close: Sending CloseBunch. ChIndex == 0. Name: [UChannel] ChIndex: 0, Closing: 0 [UNetConnection] RemoteAddr: 127.0.0.1:17777, Name: IpConnection_0, Driver: GameNetDriver IpNetDriver_1, IsServer: NO, PC: None, Owner: None, UniqueId: NULL:c117b-06-0BD3542246DB9E08876616B39CEC7510
[2018.11.22-10.33.25:057][513]LogSlate: Updating window title bar state: overlay mode, drag disabled, window buttons hidden, title bar hidden
[2018.11.22-10.33.25:058][513]LogExit: GameNetDriver None shut down
[2018.11.22-10.33.25:059][513]LogExit: GameNetDriver None shut down
[2018.11.22-10.33.25:059][513]LogExit: GameNetDriver None shut down
[2018.11.22-10.33.25:072][514]LogPlayLevel: Display: Destroying online subsystem :Context_3
[2018.11.22-10.33.25:073][514]LogPlayLevel: Display: Destroying online subsystem :Context_2
[2018.11.22-10.33.25:073][514]LogPlayLevel: Display: Destroying online subsystem :Context_1
[2018.11.22-10.33.25:472][562]LogTemp: Repeating last play command: Selected Viewport
[2018.11.22-10.33.25:487][562]LogBlueprintUserMessages: Early PlayInEditor Detection: Level '/Game/StarterContent/Maps/Minimal_Default.Minimal_Default:PersistentLevel' has LevelScriptBlueprint '/Game/StarterContent/Maps/Minimal_Default.Minimal_Default:PersistentLevel.Minimal_Default' with GeneratedClass '/Game/StarterContent/Maps/Minimal_Default.Minimal_Default_C' with ClassGeneratedBy '/Game/StarterContent/Maps/Minimal_Default.Minimal_Default:PersistentLevel.Minimal_Default'
[2018.11.22-10.33.25:487][562]LogPlayLevel: PlayLevel: No blueprints needed recompiling
[2018.11.22-10.33.25:491][562]PIE: New page: PIE session: Minimal_Default (22 Nov 2018 10:33:25)
[2018.11.22-10.33.25:491][562]LogPlayLevel: Creating play world package: /Game/StarterContent/Maps/UEDPIE_1_Minimal_Default
[2018.11.22-10.33.25:494][562]LogPlayLevel: PIE: StaticDuplicateObject took: (0.002995s)
[2018.11.22-10.33.25:495][562]LogAIModule: Creating AISystem for world Minimal_Default
[2018.11.22-10.33.25:495][562]LogPlayLevel: PIE: World Init took: (0.000775s)
[2018.11.22-10.33.25:496][562]LogPlayLevel: PIE: Created PIE world by copying editor world from /Game/StarterContent/Maps/Minimal_Default.Minimal_Default to /Game/StarterContent/Maps/UEDPIE_1_Minimal_Default.Minimal_Default (0.004209s)
[2018.11.22-10.33.25:525][562]LogInit: XAudio2 using 'Speakers (High Definition Audio Device)' : 2 channels at 48 kHz using 16 bits per sample (channel mask 0x3)
[2018.11.22-10.33.25:533][562]LogInit: FAudioDevice initialized.
[2018.11.22-10.33.25:575][562]LogLoad: Game class is 'FightingGameMode_C'
[2018.11.22-10.33.25:578][562]LogWorld: Bringing World /Game/StarterContent/Maps/UEDPIE_1_Minimal_Default.Minimal_Default up for play (max tick rate 0) at 2018.11.22-10.33.25
[2018.11.22-10.33.25:579][562]LogWorld: Bringing up level for play took: 0.001847
[2018.11.22-10.33.25:596][562]LogTemp: Display: ParseSettings for GameNetDriver
[2018.11.22-10.33.25:596][562]LogTemp: Display: ParseSettings for IpNetDriver_3
[2018.11.22-10.33.25:597][562]LogTemp: Display: ParseSettings for GameNetDriver
[2018.11.22-10.33.25:597][562]LogNet: ReplicationDriverClass is null! Not using ReplicationDriver.
[2018.11.22-10.33.25:598][562]LogInit: WinSock: Socket queue 131072 / 131072
[2018.11.22-10.33.25:599][562]PacketHandlerLog: Loaded PacketHandler component: Engine.EngineHandlerComponentFactory (StatelessConnectHandlerComponent)
[2018.11.22-10.33.25:599][562]LogNet: GameNetDriver IpNetDriver_3 IpNetDriver listening on port 17777
[2018.11.22-10.33.25:600][562]PIE: Play in editor start time for /Game/StarterContent/Maps/UEDPIE_1_Minimal_Default 0.562
[2018.11.22-10.33.25:611][562]PIE: New page: PIE session: Minimal_Default (22 Nov 2018 10:33:25)
[2018.11.22-10.33.25:625][562]LogSlate: FSceneViewport::OnFocusLost() reason 2
[2018.11.22-10.33.25:631][562]LogSlate: Updating window title bar state: overlay mode, drag disabled, window buttons hidden, title bar hidden
[2018.11.22-10.33.25:695][562]LogNet: Browse: 127.0.0.1:17777//Game/StarterContent/Maps/Minimal_Default
[2018.11.22-10.33.25:695][562]LogTemp: Display: ParseSettings for GameNetDriver
[2018.11.22-10.33.25:695][562]LogTemp: Display: ParseSettings for IpNetDriver_4
[2018.11.22-10.33.25:695][562]LogTemp: Display: ParseSettings for PendingNetDriver
[2018.11.22-10.33.25:696][562]LogInit: WinSock: Socket queue 32768 / 32768
[2018.11.22-10.33.25:697][562]PacketHandlerLog: Loaded PacketHandler component: Engine.EngineHandlerComponentFactory (StatelessConnectHandlerComponent)
[2018.11.22-10.33.25:697][562]LogNet: Game client on port 17777, rate 10000
[2018.11.22-10.33.25:702][562]PIE: Play in editor start time for /Game/StarterContent/Maps/Minimal_Default 0.664
[2018.11.22-10.33.25:710][562]PIE: New page: PIE session: Minimal_Default (22 Nov 2018 10:33:25)
[2018.11.22-10.33.25:726][562]LogSlate: FSceneViewport::OnFocusLost() reason 2
[2018.11.22-10.33.25:731][562]LogSlate: Updating window title bar state: overlay mode, drag disabled, window buttons hidden, title bar hidden
[2018.11.22-10.33.25:797][562]LogNet: Browse: 127.0.0.1:17777//Game/StarterContent/Maps/Minimal_Default
[2018.11.22-10.33.25:797][562]LogTemp: Display: ParseSettings for GameNetDriver
[2018.11.22-10.33.25:798][562]LogTemp: Display: ParseSettings for IpNetDriver_5
[2018.11.22-10.33.25:798][562]LogTemp: Display: ParseSettings for PendingNetDriver
[2018.11.22-10.33.25:798][562]LogInit: WinSock: Socket queue 32768 / 32768
[2018.11.22-10.33.25:800][562]PacketHandlerLog: Loaded PacketHandler component: Engine.EngineHandlerComponentFactory (StatelessConnectHandlerComponent)
[2018.11.22-10.33.25:800][562]LogNet: Game client on port 17777, rate 10000
[2018.11.22-10.33.25:806][562]PIE: Play in editor start time for /Game/StarterContent/Maps/Minimal_Default 0.767
[2018.11.22-10.33.25:827][562]LogBlueprintUserMessages: Late PlayInEditor Detection: Level '/Game/StarterContent/Maps/Minimal_Default.Minimal_Default:PersistentLevel' has LevelScriptBlueprint '/Game/StarterContent/Maps/Minimal_Default.Minimal_Default:PersistentLevel.Minimal_Default' with GeneratedClass '/Game/StarterContent/Maps/Minimal_Default.Minimal_Default_C' with ClassGeneratedBy '/Game/StarterContent/Maps/Minimal_Default.Minimal_Default:PersistentLevel.Minimal_Default'
[2018.11.22-10.33.25:828][562]LogNet: NotifyAcceptingConnection accepted from: 127.0.0.1:58350
[2018.11.22-10.33.25:828][562]LogHandshake: SendConnectChallenge. Timestamp: 0.008333, Cookie: 017008108163142060248246221220046032101050025214030184210062
[2018.11.22-10.33.25:829][562]LogNet: NotifyAcceptingConnection accepted from: 127.0.0.1:58351
[2018.11.22-10.33.25:829][562]LogHandshake: SendConnectChallenge. Timestamp: 0.008333, Cookie: 241044225019172113169175183033235129025208171078132155069201
[2018.11.22-10.33.25:831][562]LogHandshake: SendChallengeResponse. Timestamp: 0.008333, Cookie: 017008108163142060248246221220046032101050025214030184210062
[2018.11.22-10.33.25:832][562]LogHandshake: SendChallengeResponse. Timestamp: 0.008333, Cookie: 241044225019172113169175183033235129025208171078132155069201
[2018.11.22-10.33.25:932][563]LogNet: NotifyAcceptingConnection accepted from: 127.0.0.1:58350
[2018.11.22-10.33.25:932][563]LogHandshake: SendChallengeAck. InCookie: 017008108163142060248246221220046032101050025214030184210062
[2018.11.22-10.33.25:933][563]LogNet: Server accepting post-challenge connection from: 127.0.0.1:58350
[2018.11.22-10.33.25:934][563]PacketHandlerLog: Loaded PacketHandler component: Engine.EngineHandlerComponentFactory (StatelessConnectHandlerComponent)
[2018.11.22-10.33.25:934][563]LogNet: NotifyAcceptedConnection: Name: Minimal_Default, TimeStamp: 11/22/18 10:33:25, [UNetConnection] RemoteAddr: 127.0.0.1:58350, Name: IpConnection_6, Driver: GameNetDriver IpNetDriver_3, IsServer: YES, PC: NULL, Owner: NULL, UniqueId: INVALID
[2018.11.22-10.33.25:934][563]LogNet: AddClientConnection: Added client connection: [UNetConnection] RemoteAddr: 127.0.0.1:58350, Name: IpConnection_6, Driver: GameNetDriver IpNetDriver_3, IsServer: YES, PC: NULL, Owner: NULL, UniqueId: INVALID
[2018.11.22-10.33.25:935][563]LogNet: NotifyAcceptingConnection accepted from: 127.0.0.1:58351
[2018.11.22-10.33.25:935][563]LogHandshake: SendChallengeAck. InCookie: 241044225019172113169175183033235129025208171078132155069201
[2018.11.22-10.33.25:935][563]LogNet: Server accepting post-challenge connection from: 127.0.0.1:58351
[2018.11.22-10.33.25:936][563]PacketHandlerLog: Loaded PacketHandler component: Engine.EngineHandlerComponentFactory (StatelessConnectHandlerComponent)
[2018.11.22-10.33.25:936][563]LogNet: NotifyAcceptedConnection: Name: Minimal_Default, TimeStamp: 11/22/18 10:33:25, [UNetConnection] RemoteAddr: 127.0.0.1:58351, Name: IpConnection_7, Driver: GameNetDriver IpNetDriver_3, IsServer: YES, PC: NULL, Owner: NULL, UniqueId: INVALID
[2018.11.22-10.33.25:937][563]LogNet: AddClientConnection: Added client connection: [UNetConnection] RemoteAddr: 127.0.0.1:58351, Name: IpConnection_7, Driver: GameNetDriver IpNetDriver_3, IsServer: YES, PC: NULL, Owner: NULL, UniqueId: INVALID
[2018.11.22-10.33.25:938][563]LogNet: UPendingNetGame::SendInitialJoin: Sending hello. [UNetConnection] RemoteAddr: 127.0.0.1:17777, Name: IpConnection_4, Driver: PendingNetDriver IpNetDriver_4, IsServer: NO, PC: NULL, Owner: NULL, UniqueId: INVALID
[2018.11.22-10.33.25:939][563]LogNet: UPendingNetGame::SendInitialJoin: Sending hello. [UNetConnection] RemoteAddr: 127.0.0.1:17777, Name: IpConnection_5, Driver: PendingNetDriver IpNetDriver_5, IsServer: NO, PC: NULL, Owner: NULL, UniqueId: INVALID
[2018.11.22-10.33.25:959][564]LogNet: NotifyAcceptingChannel Control 0 server World /Game/StarterContent/Maps/UEDPIE_1_Minimal_Default.Minimal_Default: Accepted
[2018.11.22-10.33.25:960][564]LogNet: Remote platform little endian=1
[2018.11.22-10.33.25:960][564]LogNet: This platform little endian=1
[2018.11.22-10.33.25:960][564]LogNet: NotifyAcceptingChannel Control 0 server World /Game/StarterContent/Maps/UEDPIE_1_Minimal_Default.Minimal_Default: Accepted
[2018.11.22-10.33.25:960][564]LogNet: Remote platform little endian=1
[2018.11.22-10.33.25:960][564]LogNet: This platform little endian=1
[2018.11.22-10.33.25:994][565]LogNet: Login request: /Game/StarterContent/Maps/Minimal_Default?Name=c117b-06-15B2A5E64FE8937C71576481CD1A15AA userId: c117b-06-15B2A5E64FE8937C71576481CD1A15AA
[2018.11.22-10.33.25:995][565]LogNet: Login request: /Game/StarterContent/Maps/Minimal_Default?Name=c117b-06-CB38178540C0CE3EE3F40FBB5DC08C33 userId: c117b-06-CB38178540C0CE3EE3F40FBB5DC08C33
[2018.11.22-10.33.25:996][565]LogNet: Welcomed by server (Level: /Game/StarterContent/Maps/UEDPIE_1_Minimal_Default, Game: /Game/FightingGameMode.FightingGameMode_C)
[2018.11.22-10.33.25:996][565]LogLoad: LoadMap: 127.0.0.1:17777//Game/StarterContent/Maps/UEDPIE_1_Minimal_Default?game=/Game/FightingGameMode.FightingGameMode_C
[2018.11.22-10.33.26:028][565]LogAIModule: Creating AISystem for world Minimal_Default
[2018.11.22-10.33.26:029][565]LogTemp: Display: ParseSettings for GameNetDriver
[2018.11.22-10.33.26:030][565]LogWorld: Bringing World /Game/StarterContent/Maps/UEDPIE_2_Minimal_Default.Minimal_Default up for play (max tick rate 0) at 2018.11.22-10.33.26
[2018.11.22-10.33.26:030][565]LogWorld: Bringing up level for play took: 0.000806
[2018.11.22-10.33.26:031][565]LogLoad: Took 0.034429 seconds to LoadMap(/Game/StarterContent/Maps/UEDPIE_1_Minimal_Default)
[2018.11.22-10.33.26:031][565]LogNet: Welcomed by server (Level: /Game/StarterContent/Maps/UEDPIE_1_Minimal_Default, Game: /Game/FightingGameMode.FightingGameMode_C)
[2018.11.22-10.33.26:042][565]LogLoad: LoadMap: 127.0.0.1:17777//Game/StarterContent/Maps/UEDPIE_1_Minimal_Default?game=/Game/FightingGameMode.FightingGameMode_C
[2018.11.22-10.33.26:072][565]LogAIModule: Creating AISystem for world Minimal_Default
[2018.11.22-10.33.26:072][565]LogTemp: Display: ParseSettings for GameNetDriver
[2018.11.22-10.33.26:073][565]LogWorld: Bringing World /Game/StarterContent/Maps/UEDPIE_3_Minimal_Default.Minimal_Default up for play (max tick rate 0) at 2018.11.22-10.33.26
[2018.11.22-10.33.26:073][565]LogWorld: Bringing up level for play took: 0.000761
[2018.11.22-10.33.26:074][565]LogLoad: Took 0.031272 seconds to LoadMap(/Game/StarterContent/Maps/UEDPIE_1_Minimal_Default)
[2018.11.22-10.33.26:085][566]LogNet: Client netspeed is 10000
[2018.11.22-10.33.26:085][566]LogNet: Join request: /Game/StarterContent/Maps/Minimal_Default?Name=c117b-06-15B2A5E64FE8937C71576481CD1A15AA?SplitscreenCount=1
[2018.11.22-10.33.26:085][566]LogOnline: Warning: OSS: No game present to join for session (GameSession)
[2018.11.22-10.33.26:086][566]LogNet: Join succeeded: c117b-06-15B2A5E64FE
[2018.11.22-10.33.26:087][566]LogNet: Client netspeed is 10000
[2018.11.22-10.33.26:087][566]LogNet: Join request: /Game/StarterContent/Maps/Minimal_Default?Name=c117b-06-CB38178540C0CE3EE3F40FBB5DC08C33?SplitscreenCount=1
[2018.11.22-10.33.26:087][566]LogOnline: Warning: OSS: No game present to join for session (GameSession)
[2018.11.22-10.33.26:088][566]LogNet: Join succeeded: c117b-06-CB38178540C
[2018.11.22-10.33.26:101][567]LogOnline: Warning: OSS: No game present to join for session (GameSession)
[2018.11.22-10.33.26:103][567]LogOnline: Warning: OSS: No game present to join for session (GameSession)
[2018.11.22-10.33.26:119][569]LogOnline: Warning: OSS: No game present to join for session (GameSession)
[2018.11.22-10.33.26:128][570]LogOnline: Warning: OSS: No game present to join for session (GameSession)
[2018.11.22-10.33.26:136][571]LogOnline: Warning: OSS: No game present to join for session (GameSession)
[2018.11.22-10.33.27:178][694]LogOnline: Warning: OSS: No game present to join for session (GameSession)
[2018.11.22-10.33.36:213][759]LogBlueprintUserMessages: Early EndPlayMap Detection: Level '/Game/StarterContent/Maps/Minimal_Default.Minimal_Default:PersistentLevel' has LevelScriptBlueprint '/Game/StarterContent/Maps/Minimal_Default.Minimal_Default:PersistentLevel.Minimal_Default' with GeneratedClass '/Game/StarterContent/Maps/Minimal_Default.Minimal_Default_C' with ClassGeneratedBy '/Game/StarterContent/Maps/Minimal_Default.Minimal_Default:PersistentLevel.Minimal_Default'
[2018.11.22-10.33.36:213][759]LogSlate: Updating window title bar state: overlay mode, drag disabled, window buttons hidden, title bar hidden
[2018.11.22-10.33.36:230][759]LogSlate: Window 'FightingGame Game Preview Client 2 (64-bit/PCD3D_SM5)' being destroyed
[2018.11.22-10.33.36:265][759]LogSlate: Updating window title bar state: overlay mode, drag disabled, window buttons hidden, title bar hidden
[2018.11.22-10.33.36:299][759]LogSlate: Window 'FightingGame Game Preview Client 1 (64-bit/PCD3D_SM5)' being destroyed
[2018.11.22-10.33.36:335][759]LogOnline: Warning: OSS: No game present to leave for session (GameSession)
[2018.11.22-10.33.36:336][759]LogSlate: Updating window title bar state: overlay mode, drag disabled, window buttons hidden, title bar hidden
[2018.11.22-10.33.36:378][759]LogPlayLevel: Display: Shutting down PIE online subsystems
[2018.11.22-10.33.36:379][759]LogBlueprintUserMessages: Late EndPlayMap Detection: Level '/Game/StarterContent/Maps/Minimal_Default.Minimal_Default:PersistentLevel' has LevelScriptBlueprint '/Game/StarterContent/Maps/Minimal_Default.Minimal_Default:PersistentLevel.Minimal_Default' with GeneratedClass '/Game/StarterContent/Maps/Minimal_Default.Minimal_Default_C' with ClassGeneratedBy '/Game/StarterContent/Maps/Minimal_Default.Minimal_Default:PersistentLevel.Minimal_Default'
[2018.11.22-10.33.36:418][759]LogNet: UChannel::CleanUp: ChIndex == 0. Closing connection. [UChannel] ChIndex: 0, Closing: 0 [UNetConnection] RemoteAddr: 127.0.0.1:58351, Name: IpConnection_7, Driver: GameNetDriver IpNetDriver_3, IsServer: YES, PC: None, Owner: None, UniqueId: NULL:c117b-06-CB38178540C0CE3EE3F40FBB5DC08C33
[2018.11.22-10.33.36:419][759]LogNet: UNetConnection::Close: [UNetConnection] RemoteAddr: 127.0.0.1:58351, Name: IpConnection_7, Driver: GameNetDriver IpNetDriver_3, IsServer: YES, PC: None, Owner: None, UniqueId: NULL:c117b-06-CB38178540C0CE3EE3F40FBB5DC08C33, Channels: 2, Time: 2018.11.22-10.33.36
[2018.11.22-10.33.36:419][759]LogNet: UChannel::Close: Sending CloseBunch. ChIndex == 0. Name: [UChannel] ChIndex: 0, Closing: 0 [UNetConnection] RemoteAddr: 127.0.0.1:58351, Name: IpConnection_7, Driver: GameNetDriver IpNetDriver_3, IsServer: YES, PC: None, Owner: None, UniqueId: NULL:c117b-06-CB38178540C0CE3EE3F40FBB5DC08C33
[2018.11.22-10.33.36:419][759]LogNet: UChannel::CleanUp: ChIndex == 0. Closing connection. [UChannel] ChIndex: 0, Closing: 0 [UNetConnection] RemoteAddr: 127.0.0.1:58350, Name: IpConnection_6, Driver: GameNetDriver IpNetDriver_3, IsServer: YES, PC: None, Owner: None, UniqueId: NULL:c117b-06-15B2A5E64FE8937C71576481CD1A15AA
[2018.11.22-10.33.36:419][759]LogNet: UNetConnection::Close: [UNetConnection] RemoteAddr: 127.0.0.1:58350, Name: IpConnection_6, Driver: GameNetDriver IpNetDriver_3, IsServer: YES, PC: None, Owner: None, UniqueId: NULL:c117b-06-15B2A5E64FE8937C71576481CD1A15AA, Channels: 2, Time: 2018.11.22-10.33.36
[2018.11.22-10.33.36:419][759]LogNet: UChannel::Close: Sending CloseBunch. ChIndex == 0. Name: [UChannel] ChIndex: 0, Closing: 0 [UNetConnection] RemoteAddr: 127.0.0.1:58350, Name: IpConnection_6, Driver: GameNetDriver IpNetDriver_3, IsServer: YES, PC: None, Owner: None, UniqueId: NULL:c117b-06-15B2A5E64FE8937C71576481CD1A15AA
[2018.11.22-10.33.36:419][759]LogNet: UChannel::CleanUp: ChIndex == 0. Closing connection. [UChannel] ChIndex: 0, Closing: 0 [UNetConnection] RemoteAddr: 127.0.0.1:17777, Name: IpConnection_5, Driver: GameNetDriver IpNetDriver_5, IsServer: NO, PC: None, Owner: None, UniqueId: NULL:c117b-06-CB38178540C0CE3EE3F40FBB5DC08C33
[2018.11.22-10.33.36:419][759]LogNet: UNetConnection::Close: [UNetConnection] RemoteAddr: 127.0.0.1:17777, Name: IpConnection_5, Driver: GameNetDriver IpNetDriver_5, IsServer: NO, PC: None, Owner: None, UniqueId: NULL:c117b-06-CB38178540C0CE3EE3F40FBB5DC08C33, Channels: 2, Time: 2018.11.22-10.33.36
[2018.11.22-10.33.36:420][759]LogNet: UChannel::Close: Sending CloseBunch. ChIndex == 0. Name: [UChannel] ChIndex: 0, Closing: 0 [UNetConnection] RemoteAddr: 127.0.0.1:17777, Name: IpConnection_5, Driver: GameNetDriver IpNetDriver_5, IsServer: NO, PC: None, Owner: None, UniqueId: NULL:c117b-06-CB38178540C0CE3EE3F40FBB5DC08C33
[2018.11.22-10.33.36:420][759]LogNet: UChannel::CleanUp: ChIndex == 0. Closing connection. [UChannel] ChIndex: 0, Closing: 0 [UNetConnection] RemoteAddr: 127.0.0.1:17777, Name: IpConnection_4, Driver: GameNetDriver IpNetDriver_4, IsServer: NO, PC: None, Owner: None, UniqueId: NULL:c117b-06-15B2A5E64FE8937C71576481CD1A15AA
[2018.11.22-10.33.36:420][759]LogNet: UNetConnection::Close: [UNetConnection] RemoteAddr: 127.0.0.1:17777, Name: IpConnection_4, Driver: GameNetDriver IpNetDriver_4, IsServer: NO, PC: None, Owner: None, UniqueId: NULL:c117b-06-15B2A5E64FE8937C71576481CD1A15AA, Channels: 2, Time: 2018.11.22-10.33.36
[2018.11.22-10.33.36:420][759]LogNet: UChannel::Close: Sending CloseBunch. ChIndex == 0. Name: [UChannel] ChIndex: 0, Closing: 0 [UNetConnection] RemoteAddr: 127.0.0.1:17777, Name: IpConnection_4, Driver: GameNetDriver IpNetDriver_4, IsServer: NO, PC: None, Owner: None, UniqueId: NULL:c117b-06-15B2A5E64FE8937C71576481CD1A15AA
[2018.11.22-10.33.36:423][759]LogSlate: Updating window title bar state: overlay mode, drag disabled, window buttons hidden, title bar hidden
[2018.11.22-10.33.36:425][759]LogExit: GameNetDriver None shut down
[2018.11.22-10.33.36:425][759]LogExit: GameNetDriver None shut down
[2018.11.22-10.33.36:425][759]LogExit: GameNetDriver None shut down
[2018.11.22-10.33.36:452][760]LogPlayLevel: Display: Destroying online subsystem :Context_7
[2018.11.22-10.33.36:452][760]LogPlayLevel: Display: Destroying online subsystem :Context_6
[2018.11.22-10.33.36:452][760]LogPlayLevel: Display: Destroying online subsystem :Context_5
[2018.11.22-10.33.47:124][363]LogSlate: FSceneViewport::OnFocusLost() reason 0
[2018.11.22-10.33.47:182][370]LogTemp: Repeating last play command: Selected Viewport
[2018.11.22-10.33.47:198][370]LogBlueprintUserMessages: Early PlayInEditor Detection: Level '/Game/StarterContent/Maps/Minimal_Default.Minimal_Default:PersistentLevel' has LevelScriptBlueprint '/Game/StarterContent/Maps/Minimal_Default.Minimal_Default:PersistentLevel.Minimal_Default' with GeneratedClass '/Game/StarterContent/Maps/Minimal_Default.Minimal_Default_C' with ClassGeneratedBy '/Game/StarterContent/Maps/Minimal_Default.Minimal_Default:PersistentLevel.Minimal_Default'
[2018.11.22-10.33.47:199][370]LogPlayLevel: PlayLevel: No blueprints needed recompiling
[2018.11.22-10.33.47:202][370]PIE: New page: PIE session: Minimal_Default (22 Nov 2018 10:33:47)
[2018.11.22-10.33.47:202][370]LogPlayLevel: Creating play world package: /Game/StarterContent/Maps/UEDPIE_1_Minimal_Default
[2018.11.22-10.33.47:206][370]LogPlayLevel: PIE: StaticDuplicateObject took: (0.003149s)
[2018.11.22-10.33.47:206][370]LogAIModule: Creating AISystem for world Minimal_Default
[2018.11.22-10.33.47:207][370]LogPlayLevel: PIE: World Init took: (0.000831s)
[2018.11.22-10.33.47:207][370]LogPlayLevel: PIE: Created PIE world by copying editor world from /Game/StarterContent/Maps/Minimal_Default.Minimal_Default to /Game/StarterContent/Maps/UEDPIE_1_Minimal_Default.Minimal_Default (0.004361s)
[2018.11.22-10.33.47:237][370]LogInit: XAudio2 using 'Speakers (High Definition Audio Device)' : 2 channels at 48 kHz using 16 bits per sample (channel mask 0x3)
[2018.11.22-10.33.47:246][370]LogInit: FAudioDevice initialized.
[2018.11.22-10.33.47:290][370]LogLoad: Game class is 'FightingGameMode_C'
[2018.11.22-10.33.47:293][370]LogWorld: Bringing World /Game/StarterContent/Maps/UEDPIE_1_Minimal_Default.Minimal_Default up for play (max tick rate 0) at 2018.11.22-10.33.47
[2018.11.22-10.33.47:294][370]LogWorld: Bringing up level for play took: 0.002565
[2018.11.22-10.33.47:311][370]LogTemp: Display: ParseSettings for GameNetDriver
[2018.11.22-10.33.47:311][370]LogTemp: Display: ParseSettings for IpNetDriver_6
[2018.11.22-10.33.47:311][370]LogTemp: Display: ParseSettings for GameNetDriver
[2018.11.22-10.33.47:311][370]LogNet: ReplicationDriverClass is null! Not using ReplicationDriver.
[2018.11.22-10.33.47:312][370]LogInit: WinSock: Socket queue 131072 / 131072
[2018.11.22-10.33.47:313][370]PacketHandlerLog: Loaded PacketHandler component: Engine.EngineHandlerComponentFactory (StatelessConnectHandlerComponent)
[2018.11.22-10.33.47:313][370]LogNet: GameNetDriver IpNetDriver_6 IpNetDriver listening on port 17777
[2018.11.22-10.33.47:314][370]PIE: Play in editor start time for /Game/StarterContent/Maps/UEDPIE_1_Minimal_Default 0.275
[2018.11.22-10.33.47:323][370]PIE: New page: PIE session: Minimal_Default (22 Nov 2018 10:33:47)
[2018.11.22-10.33.47:335][370]LogSlate: FSceneViewport::OnFocusLost() reason 2
[2018.11.22-10.33.47:341][370]LogSlate: Updating window title bar state: overlay mode, drag disabled, window buttons hidden, title bar hidden
[2018.11.22-10.33.47:391][370]LogNet: Browse: 127.0.0.1:17777//Game/StarterContent/Maps/Minimal_Default
[2018.11.22-10.33.47:391][370]LogTemp: Display: ParseSettings for GameNetDriver
[2018.11.22-10.33.47:391][370]LogTemp: Display: ParseSettings for IpNetDriver_7
[2018.11.22-10.33.47:391][370]LogTemp: Display: ParseSettings for PendingNetDriver
[2018.11.22-10.33.47:391][370]LogInit: WinSock: Socket queue 32768 / 32768
[2018.11.22-10.33.47:392][370]PacketHandlerLog: Loaded PacketHandler component: Engine.EngineHandlerComponentFactory (StatelessConnectHandlerComponent)
[2018.11.22-10.33.47:392][370]LogNet: Game client on port 17777, rate 10000
[2018.11.22-10.33.47:396][370]PIE: Play in editor start time for /Game/StarterContent/Maps/Minimal_Default 0.357
[2018.11.22-10.33.47:400][370]PIE: New page: PIE session: Minimal_Default (22 Nov 2018 10:33:47)
[2018.11.22-10.33.47:406][370]LogSlate: FSceneViewport::OnFocusLost() reason 2
[2018.11.22-10.33.47:410][370]LogSlate: Updating window title bar state: overlay mode, drag disabled, window buttons hidden, title bar hidden
[2018.11.22-10.33.47:464][370]LogNet: Browse: 127.0.0.1:17777//Game/StarterContent/Maps/Minimal_Default
[2018.11.22-10.33.47:465][370]LogTemp: Display: ParseSettings for GameNetDriver
[2018.11.22-10.33.47:465][370]LogTemp: Display: ParseSettings for IpNetDriver_8
[2018.11.22-10.33.47:465][370]LogTemp: Display: ParseSettings for PendingNetDriver
[2018.11.22-10.33.47:466][370]LogInit: WinSock: Socket queue 32768 / 32768
[2018.11.22-10.33.47:467][370]PacketHandlerLog: Loaded PacketHandler component: Engine.EngineHandlerComponentFactory (StatelessConnectHandlerComponent)
[2018.11.22-10.33.47:468][370]LogNet: Game client on port 17777, rate 10000
[2018.11.22-10.33.47:473][370]PIE: Play in editor start time for /Game/StarterContent/Maps/Minimal_Default 0.434
[2018.11.22-10.33.47:491][370]LogBlueprintUserMessages: Late PlayInEditor Detection: Level '/Game/StarterContent/Maps/Minimal_Default.Minimal_Default:PersistentLevel' has LevelScriptBlueprint '/Game/StarterContent/Maps/Minimal_Default.Minimal_Default:PersistentLevel.Minimal_Default' with GeneratedClass '/Game/StarterContent/Maps/Minimal_Default.Minimal_Default_C' with ClassGeneratedBy '/Game/StarterContent/Maps/Minimal_Default.Minimal_Default:PersistentLevel.Minimal_Default'
[2018.11.22-10.33.47:492][370]LogNet: NotifyAcceptingConnection accepted from: 127.0.0.1:54190
[2018.11.22-10.33.47:492][370]LogHandshake: SendConnectChallenge. Timestamp: 0.008333, Cookie: 035072043116163163184207027015181090229068163005211200133130
[2018.11.22-10.33.47:493][370]LogNet: NotifyAcceptingConnection accepted from: 127.0.0.1:54191
[2018.11.22-10.33.47:493][370]LogHandshake: SendConnectChallenge. Timestamp: 0.008333, Cookie: 154158142112058162053215154031086158198224241044177167120153
[2018.11.22-10.33.47:494][370]LogHandshake: SendChallengeResponse. Timestamp: 0.008333, Cookie: 035072043116163163184207027015181090229068163005211200133130
[2018.11.22-10.33.47:496][370]LogHandshake: SendChallengeResponse. Timestamp: 0.008333, Cookie: 154158142112058162053215154031086158198224241044177167120153
[2018.11.22-10.33.47:596][371]LogNet: NotifyAcceptingConnection accepted from: 127.0.0.1:54190
[2018.11.22-10.33.47:596][371]LogHandshake: SendChallengeAck. InCookie: 035072043116163163184207027015181090229068163005211200133130
[2018.11.22-10.33.47:596][371]LogNet: Server accepting post-challenge connection from: 127.0.0.1:54190
[2018.11.22-10.33.47:597][371]PacketHandlerLog: Loaded PacketHandler component: Engine.EngineHandlerComponentFactory (StatelessConnectHandlerComponent)
[2018.11.22-10.33.47:597][371]LogNet: NotifyAcceptedConnection: Name: Minimal_Default, TimeStamp: 11/22/18 10:33:47, [UNetConnection] RemoteAddr: 127.0.0.1:54190, Name: IpConnection_10, Driver: GameNetDriver IpNetDriver_6, IsServer: YES, PC: NULL, Owner: NULL, UniqueId: INVALID
[2018.11.22-10.33.47:598][371]LogNet: AddClientConnection: Added client connection: [UNetConnection] RemoteAddr: 127.0.0.1:54190, Name: IpConnection_10, Driver: GameNetDriver IpNetDriver_6, IsServer: YES, PC: NULL, Owner: NULL, UniqueId: INVALID
[2018.11.22-10.33.47:598][371]LogNet: NotifyAcceptingConnection accepted from: 127.0.0.1:54191
[2018.11.22-10.33.47:598][371]LogHandshake: SendChallengeAck. InCookie: 154158142112058162053215154031086158198224241044177167120153
[2018.11.22-10.33.47:598][371]LogNet: Server accepting post-challenge connection from: 127.0.0.1:54191
[2018.11.22-10.33.47:599][371]PacketHandlerLog: Loaded PacketHandler component: Engine.EngineHandlerComponentFactory (StatelessConnectHandlerComponent)
[2018.11.22-10.33.47:599][371]LogNet: NotifyAcceptedConnection: Name: Minimal_Default, TimeStamp: 11/22/18 10:33:47, [UNetConnection] RemoteAddr: 127.0.0.1:54191, Name: IpConnection_11, Driver: GameNetDriver IpNetDriver_6, IsServer: YES, PC: NULL, Owner: NULL, UniqueId: INVALID
[2018.11.22-10.33.47:600][371]LogNet: AddClientConnection: Added client connection: [UNetConnection] RemoteAddr: 127.0.0.1:54191, Name: IpConnection_11, Driver: GameNetDriver IpNetDriver_6, IsServer: YES, PC: NULL, Owner: NULL, UniqueId: INVALID
[2018.11.22-10.33.47:601][371]LogNet: UPendingNetGame::SendInitialJoin: Sending hello. [UNetConnection] RemoteAddr: 127.0.0.1:17777, Name: IpConnection_8, Driver: PendingNetDriver IpNetDriver_7, IsServer: NO, PC: NULL, Owner: NULL, UniqueId: INVALID
[2018.11.22-10.33.47:602][371]LogNet: UPendingNetGame::SendInitialJoin: Sending hello. [UNetConnection] RemoteAddr: 127.0.0.1:17777, Name: IpConnection_9, Driver: PendingNetDriver IpNetDriver_8, IsServer: NO, PC: NULL, Owner: NULL, UniqueId: INVALID
[2018.11.22-10.33.47:623][372]LogNet: NotifyAcceptingChannel Control 0 server World /Game/StarterContent/Maps/UEDPIE_1_Minimal_Default.Minimal_Default: Accepted
[2018.11.22-10.33.47:623][372]LogNet: Remote platform little endian=1
[2018.11.22-10.33.47:624][372]LogNet: This platform little endian=1
[2018.11.22-10.33.47:624][372]LogNet: NotifyAcceptingChannel Control 0 server World /Game/StarterContent/Maps/UEDPIE_1_Minimal_Default.Minimal_Default: Accepted
[2018.11.22-10.33.47:624][372]LogNet: Remote platform little endian=1
[2018.11.22-10.33.47:624][372]LogNet: This platform little endian=1
[2018.11.22-10.33.47:663][373]LogNet: Login request: /Game/StarterContent/Maps/Minimal_Default?Name=c117b-06-A3C12FFB49B353101FEAF187BE9AD1A3 userId: c117b-06-A3C12FFB49B353101FEAF187BE9AD1A3
[2018.11.22-10.33.47:664][373]LogNet: Login request: /Game/StarterContent/Maps/Minimal_Default?Name=c117b-06-941DB47D4DAECB589914A19B5D4BD4D4 userId: c117b-06-941DB47D4DAECB589914A19B5D4BD4D4
[2018.11.22-10.33.47:665][373]LogNet: Welcomed by server (Level: /Game/StarterContent/Maps/UEDPIE_1_Minimal_Default, Game: /Game/FightingGameMode.FightingGameMode_C)
[2018.11.22-10.33.47:666][373]LogLoad: LoadMap: 127.0.0.1:17777//Game/StarterContent/Maps/UEDPIE_1_Minimal_Default?game=/Game/FightingGameMode.FightingGameMode_C
[2018.11.22-10.33.47:705][373]LogAIModule: Creating AISystem for world Minimal_Default
[2018.11.22-10.33.47:705][373]LogTemp: Display: ParseSettings for GameNetDriver
[2018.11.22-10.33.47:707][373]LogWorld: Bringing World /Game/StarterContent/Maps/UEDPIE_2_Minimal_Default.Minimal_Default up for play (max tick rate 0) at 2018.11.22-10.33.47
[2018.11.22-10.33.47:707][373]LogWorld: Bringing up level for play took: 0.000821
[2018.11.22-10.33.47:707][373]LogLoad: Took 0.041282 seconds to LoadMap(/Game/StarterContent/Maps/UEDPIE_1_Minimal_Default)
[2018.11.22-10.33.47:708][373]LogNet: Welcomed by server (Level: /Game/StarterContent/Maps/UEDPIE_1_Minimal_Default, Game: /Game/FightingGameMode.FightingGameMode_C)
[2018.11.22-10.33.47:717][373]LogLoad: LoadMap: 127.0.0.1:17777//Game/StarterContent/Maps/UEDPIE_1_Minimal_Default?game=/Game/FightingGameMode.FightingGameMode_C
[2018.11.22-10.33.47:745][373]LogAIModule: Creating AISystem for world Minimal_Default
[2018.11.22-10.33.47:746][373]LogTemp: Display: ParseSettings for GameNetDriver
[2018.11.22-10.33.47:747][373]LogWorld: Bringing World /Game/StarterContent/Maps/UEDPIE_3_Minimal_Default.Minimal_Default up for play (max tick rate 0) at 2018.11.22-10.33.47
[2018.11.22-10.33.47:747][373]LogWorld: Bringing up level for play took: 0.000765
[2018.11.22-10.33.47:747][373]LogLoad: Took 0.030642 seconds to LoadMap(/Game/StarterContent/Maps/UEDPIE_1_Minimal_Default)
[2018.11.22-10.33.47:759][374]LogNet: Client netspeed is 10000
[2018.11.22-10.33.47:759][374]LogNet: Join request: /Game/StarterContent/Maps/Minimal_Default?Name=c117b-06-A3C12FFB49B353101FEAF187BE9AD1A3?SplitscreenCount=1
[2018.11.22-10.33.47:759][374]LogOnline: Warning: OSS: No game present to join for session (GameSession)
[2018.11.22-10.33.47:761][374]LogNet: Join succeeded: c117b-06-A3C12FFB49B
[2018.11.22-10.33.47:761][374]LogNet: Client netspeed is 10000
[2018.11.22-10.33.47:761][374]LogNet: Join request: /Game/StarterContent/Maps/Minimal_Default?Name=c117b-06-941DB47D4DAECB589914A19B5D4BD4D4?SplitscreenCount=1
[2018.11.22-10.33.47:761][374]LogOnline: Warning: OSS: No game present to join for session (GameSession)
[2018.11.22-10.33.47:762][374]LogNet: Join succeeded: c117b-06-941DB47D4DA
[2018.11.22-10.33.47:774][375]LogOnline: Warning: OSS: No game present to join for session (GameSession)
[2018.11.22-10.33.47:774][375]LogOnline: Warning: OSS: No game present to join for session (GameSession)
[2018.11.22-10.33.47:776][375]LogOnline: Warning: OSS: No game present to join for session (GameSession)
[2018.11.22-10.33.47:801][378]LogOnline: Warning: OSS: No game present to join for session (GameSession)
[2018.11.22-10.33.47:818][380]LogOnline: Warning: OSS: No game present to join for session (GameSession)
[2018.11.22-10.33.47:826][381]LogOnline: Warning: OSS: No game present to join for session (GameSession)
[2018.11.22-10.34.07:128][669]LogBlueprintUserMessages: Early EndPlayMap Detection: Level '/Game/StarterContent/Maps/Minimal_Default.Minimal_Default:PersistentLevel' has LevelScriptBlueprint '/Game/StarterContent/Maps/Minimal_Default.Minimal_Default:PersistentLevel.Minimal_Default' with GeneratedClass '/Game/StarterContent/Maps/Minimal_Default.Minimal_Default_C' with ClassGeneratedBy '/Game/StarterContent/Maps/Minimal_Default.Minimal_Default:PersistentLevel.Minimal_Default'
[2018.11.22-10.34.07:128][669]LogSlate: Updating window title bar state: overlay mode, drag disabled, window buttons hidden, title bar hidden
[2018.11.22-10.34.07:146][669]LogSlate: Window 'FightingGame Game Preview Client 2 (64-bit/PCD3D_SM5)' being destroyed
[2018.11.22-10.34.07:181][669]LogSlate: Updating window title bar state: overlay mode, drag disabled, window buttons hidden, title bar hidden
[2018.11.22-10.34.07:204][669]LogSlate: Window 'FightingGame Game Preview Client 1 (64-bit/PCD3D_SM5)' being destroyed
[2018.11.22-10.34.07:243][669]LogOnline: Warning: OSS: No game present to leave for session (GameSession)
[2018.11.22-10.34.07:243][669]LogSlate: Updating window title bar state: overlay mode, drag disabled, window buttons hidden, title bar hidden
[2018.11.22-10.34.07:285][669]LogPlayLevel: Display: Shutting down PIE online subsystems
[2018.11.22-10.34.07:286][669]LogBlueprintUserMessages: Late EndPlayMap Detection: Level '/Game/StarterContent/Maps/Minimal_Default.Minimal_Default:PersistentLevel' has LevelScriptBlueprint '/Game/StarterContent/Maps/Minimal_Default.Minimal_Default:PersistentLevel.Minimal_Default' with GeneratedClass '/Game/StarterContent/Maps/Minimal_Default.Minimal_Default_C' with ClassGeneratedBy '/Game/StarterContent/Maps/Minimal_Default.Minimal_Default:PersistentLevel.Minimal_Default'
[2018.11.22-10.34.07:320][669]LogNet: UChannel::CleanUp: ChIndex == 0. Closing connection. [UChannel] ChIndex: 0, Closing: 0 [UNetConnection] RemoteAddr: 127.0.0.1:54191, Name: IpConnection_11, Driver: GameNetDriver IpNetDriver_6, IsServer: YES, PC: None, Owner: None, UniqueId: NULL:c117b-06-941DB47D4DAECB589914A19B5D4BD4D4
[2018.11.22-10.34.07:321][669]LogNet: UNetConnection::Close: [UNetConnection] RemoteAddr: 127.0.0.1:54191, Name: IpConnection_11, Driver: GameNetDriver IpNetDriver_6, IsServer: YES, PC: None, Owner: None, UniqueId: NULL:c117b-06-941DB47D4DAECB589914A19B5D4BD4D4, Channels: 2, Time: 2018.11.22-10.34.07
[2018.11.22-10.34.07:321][669]LogNet: UChannel::Close: Sending CloseBunch. ChIndex == 0. Name: [UChannel] ChIndex: 0, Closing: 0 [UNetConnection] RemoteAddr: 127.0.0.1:54191, Name: IpConnection_11, Driver: GameNetDriver IpNetDriver_6, IsServer: YES, PC: None, Owner: None, UniqueId: NULL:c117b-06-941DB47D4DAECB589914A19B5D4BD4D4
[2018.11.22-10.34.07:321][669]LogNet: UChannel::CleanUp: ChIndex == 0. Closing connection. [UChannel] ChIndex: 0, Closing: 0 [UNetConnection] RemoteAddr: 127.0.0.1:54190, Name: IpConnection_10, Driver: GameNetDriver IpNetDriver_6, IsServer: YES, PC: None, Owner: None, UniqueId: NULL:c117b-06-A3C12FFB49B353101FEAF187BE9AD1A3
[2018.11.22-10.34.07:321][669]LogNet: UNetConnection::Close: [UNetConnection] RemoteAddr: 127.0.0.1:54190, Name: IpConnection_10, Driver: GameNetDriver IpNetDriver_6, IsServer: YES, PC: None, Owner: None, UniqueId: NULL:c117b-06-A3C12FFB49B353101FEAF187BE9AD1A3, Channels: 2, Time: 2018.11.22-10.34.07
[2018.11.22-10.34.07:321][669]LogNet: UChannel::Close: Sending CloseBunch. ChIndex == 0. Name: [UChannel] ChIndex: 0, Closing: 0 [UNetConnection] RemoteAddr: 127.0.0.1:54190, Name: IpConnection_10, Driver: GameNetDriver IpNetDriver_6, IsServer: YES, PC: None, Owner: None, UniqueId: NULL:c117b-06-A3C12FFB49B353101FEAF187BE9AD1A3
[2018.11.22-10.34.07:321][669]LogNet: UChannel::CleanUp: ChIndex == 0. Closing connection. [UChannel] ChIndex: 0, Closing: 0 [UNetConnection] RemoteAddr: 127.0.0.1:17777, Name: IpConnection_9, Driver: GameNetDriver IpNetDriver_8, IsServer: NO, PC: None, Owner: None, UniqueId: NULL:c117b-06-941DB47D4DAECB589914A19B5D4BD4D4
[2018.11.22-10.34.07:321][669]LogNet: UNetConnection::Close: [UNetConnection] RemoteAddr: 127.0.0.1:17777, Name: IpConnection_9, Driver: GameNetDriver IpNetDriver_8, IsServer: NO, PC: None, Owner: None, UniqueId: NULL:c117b-06-941DB47D4DAECB589914A19B5D4BD4D4, Channels: 2, Time: 2018.11.22-10.34.07
[2018.11.22-10.34.07:321][669]LogNet: UChannel::Close: Sending CloseBunch. ChIndex == 0. Name: [UChannel] ChIndex: 0, Closing: 0 [UNetConnection] RemoteAddr: 127.0.0.1:17777, Name: IpConnection_9, Driver: GameNetDriver IpNetDriver_8, IsServer: NO, PC: None, Owner: None, UniqueId: NULL:c117b-06-941DB47D4DAECB589914A19B5D4BD4D4
[2018.11.22-10.34.07:322][669]LogNet: UChannel::CleanUp: ChIndex == 0. Closing connection. [UChannel] ChIndex: 0, Closing: 0 [UNetConnection] RemoteAddr: 127.0.0.1:17777, Name: IpConnection_8, Driver: GameNetDriver IpNetDriver_7, IsServer: NO, PC: None, Owner: None, UniqueId: NULL:c117b-06-A3C12FFB49B353101FEAF187BE9AD1A3
[2018.11.22-10.34.07:322][669]LogNet: UNetConnection::Close: [UNetConnection] RemoteAddr: 127.0.0.1:17777, Name: IpConnection_8, Driver: GameNetDriver IpNetDriver_7, IsServer: NO, PC: None, Owner: None, UniqueId: NULL:c117b-06-A3C12FFB49B353101FEAF187BE9AD1A3, Channels: 2, Time: 2018.11.22-10.34.07
[2018.11.22-10.34.07:322][669]LogNet: UChannel::Close: Sending CloseBunch. ChIndex == 0. Name: [UChannel] ChIndex: 0, Closing: 0 [UNetConnection] RemoteAddr: 127.0.0.1:17777, Name: IpConnection_8, Driver: GameNetDriver IpNetDriver_7, IsServer: NO, PC: None, Owner: None, UniqueId: NULL:c117b-06-A3C12FFB49B353101FEAF187BE9AD1A3
[2018.11.22-10.34.07:325][669]LogSlate: Updating window title bar state: overlay mode, drag disabled, window buttons hidden, title bar hidden
[2018.11.22-10.34.07:325][669]LogExit: GameNetDriver None shut down
[2018.11.22-10.34.07:326][669]LogExit: GameNetDriver None shut down
[2018.11.22-10.34.07:326][669]LogExit: GameNetDriver None shut down
[2018.11.22-10.34.07:345][670]LogPlayLevel: Display: Destroying online subsystem :Context_10
[2018.11.22-10.34.07:345][670]LogPlayLevel: Display: Destroying online subsystem :Context_9
[2018.11.22-10.34.07:345][670]LogPlayLevel: Display: Destroying online subsystem :Context_8
