Log file open, 11/19/18 17:59:45
LogWindows: Failed to load 'aqProf.dll' (GetLastError=126)
LogWindows: File 'aqProf.dll' does not exist
LogWindows: Failed to load 'VSPerf140.dll' (GetLastError=126)
LogWindows: File 'VSPerf140.dll' does not exist
LogWindows: Failed to load 'VtuneApi.dll' (GetLastError=126)
LogWindows: File 'VtuneApi.dll' does not exist
LogWindows: Failed to load 'VtuneApi32e.dll' (GetLastError=126)
LogWindows: File 'VtuneApi32e.dll' does not exist
LogInit: Display: Running engine for game: FightingGame
LogPlatformFile: Not using cached read wrapper
LogTaskGraph: Started task graph with 5 named threads and 23 total threads with 3 sets of task threads.
LogStats: Stats thread started at 0.408793
LogD3D11RHI: Loaded GFSDK_Aftermath_Lib.x64.dll
LogICUInternationalization: Display: ICU TimeZone Detection - Raw Offset: +0:00, Platform Override: ''
LogPluginManager: Mounting plugin Paper2D
LogPluginManager: Mounting plugin AISupport
LogPluginManager: Mounting plugin LightPropagationVolume
LogPluginManager: Mounting plugin CLionSourceCodeAccess
LogPluginManager: Mounting plugin CodeLiteSourceCodeAccess
LogPluginManager: Mounting plugin GitSourceControl
LogPluginManager: Mounting plugin KDevelopSourceCodeAccess
LogPluginManager: Mounting plugin NullSourceCodeAccess
LogPluginManager: Mounting plugin PerforceSourceControl
LogPluginManager: Mounting plugin SubversionSourceControl
LogPluginManager: Mounting plugin UObjectPlugin
LogPluginManager: Mounting plugin VisualStudioCodeSourceCodeAccess
LogPluginManager: Mounting plugin VisualStudioSourceCodeAccess
LogPluginManager: Mounting plugin XCodeSourceCodeAccess
LogPluginManager: Mounting plugin AssetManagerEditor
LogPluginManager: Mounting plugin CryptoKeys
LogPluginManager: Mounting plugin DataValidation
LogPluginManager: Mounting plugin FacialAnimation
LogPluginManager: Mounting plugin GameplayTagsEditor
LogPluginManager: Mounting plugin MacGraphicsSwitching
LogPluginManager: Mounting plugin MeshEditor
LogPluginManager: Mounting plugin MobileLauncherProfileWizard
LogPluginManager: Mounting plugin PluginBrowser
LogPluginManager: Mounting plugin SpeedTreeImporter
LogPluginManager: Mounting plugin DatasmithContent
LogPluginManager: Mounting plugin AlembicImporter
LogPluginManager: Mounting plugin AppleImageUtils
LogPluginManager: Mounting plugin AppleVision
LogPluginManager: Mounting plugin BackChannel
LogPluginManager: Mounting plugin CharacterAI
LogPluginManager: Mounting plugin GeometryCache
LogPluginManager: Mounting plugin HTML5Networking
LogPluginManager: Mounting plugin ProxyLODPlugin
LogPluginManager: Mounting plugin MagicLeap
LogPluginManager: Mounting plugin MagicLeapEmulator
LogPluginManager: Mounting plugin MagicLeapMedia
LogPluginManager: Mounting plugin AndroidMedia
LogPluginManager: Mounting plugin AvfMedia
LogPluginManager: Mounting plugin ImgMedia
LogPluginManager: Mounting plugin LinearTimecode
LogPluginManager: Mounting plugin MediaCompositing
LogPluginManager: Mounting plugin MediaPlayerEditor
LogPluginManager: Mounting plugin WmfMedia
LogPluginManager: Mounting plugin TcpMessaging
LogPluginManager: Mounting plugin UdpMessaging
LogPluginManager: Mounting plugin ActorSequence
LogPluginManager: Mounting plugin LevelSequenceEditor
LogPluginManager: Mounting plugin MatineeToLevelSequence
LogPluginManager: Mounting plugin NetcodeUnitTest
LogPluginManager: Mounting plugin NUTUnrealEngine4
LogPluginManager: Mounting plugin OnlineSubsystemGooglePlay
LogPluginManager: Mounting plugin OnlineSubsystemIOS
LogPluginManager: Mounting plugin OnlineSubsystem
LogPluginManager: Mounting plugin OnlineSubsystemNull
LogPluginManager: Mounting plugin OnlineSubsystemUtils
LogPluginManager: Mounting plugin LauncherChunkInstaller
LogPluginManager: Mounting plugin AndroidDeviceProfileSelector
LogPluginManager: Mounting plugin AndroidMoviePlayer
LogPluginManager: Mounting plugin AndroidPermission
LogPluginManager: Mounting plugin AppleMoviePlayer
LogPluginManager: Mounting plugin ArchVisCharacter
LogPluginManager: Mounting plugin AudioCapture
LogPluginManager: Mounting plugin CableComponent
LogPluginManager: Mounting plugin CustomMeshComponent
LogPluginManager: Mounting plugin EditableMesh
LogPluginManager: Mounting plugin ExampleDeviceProfileSelector
LogPluginManager: Mounting plugin GoogleCloudMessaging
LogPluginManager: Mounting plugin ImmediatePhysics
LogPluginManager: Mounting plugin IOSDeviceProfileSelector
LogPluginManager: Mounting plugin LinuxDeviceProfileSelector
LogPluginManager: Mounting plugin LocationServicesBPLibrary
LogPluginManager: Mounting plugin MobilePatchingUtils
LogPluginManager: Mounting plugin OculusVR
LogPluginManager: Plugin shader directory ../../../Engine/Plugins/Runtime/Oculus/OculusVR/Shaders found
LogPluginManager: Mapping shader source directory ../../../Engine/Plugins/Runtime/Oculus/OculusVR/Shaders to virtual directory /Plugin/OculusVR
LogPluginManager: Mounting plugin PhysXVehicles
LogPluginManager: Mounting plugin ProceduralMeshComponent
LogPluginManager: Mounting plugin RuntimePhysXCooking
LogPluginManager: Mounting plugin SteamVR
LogPluginManager: Mounting plugin WindowsMoviePlayer
LogStreaming: Display: Took  0.237s to configure plugins.
LogInit: Using libcurl 7.55.1-DEV
LogInit:  - built for x86_64-pc-win32
LogInit:  - supports SSL with OpenSSL/1.0.2h
LogInit:  - supports HTTP deflate (compression) using libz 1.2.8
LogInit:  - other features:
LogInit:      CURL_VERSION_SSL
LogInit:      CURL_VERSION_LIBZ
LogInit:      CURL_VERSION_IPV6
LogInit:      CURL_VERSION_ASYNCHDNS
LogInit:      CURL_VERSION_LARGEFILE
LogInit:      CURL_VERSION_IDN
LogInit:  CurlRequestOptions (configurable via config and command line):
LogInit:  - bVerifyPeer = false  - Libcurl will NOT verify peer certificate
LogInit:  - bUseHttpProxy = false  - Libcurl will NOT use HTTP proxy
LogInit:  - bDontReuseConnections = false  - Libcurl will reuse connections
LogInit:  - CertBundlePath = nullptr  - Libcurl will use whatever was configured at build time.
LogInit:  - MaxHostConnections = 16  - Libcurl will limit the number of connections to a host
LogInit:  - LocalHostAddr = Default
LogInit:  - BufferSize = 65536
LogInit: WinSock: version 1.1 (2.2), MaxSocks=32767, MaxUdp=65467
LogInit: Build: ++UE4+Release-4.20-CL-4369336
LogInit: Engine Version: 4.20.3-4369336+++UE4+Release-4.20
LogInit: Compatible Engine Version: 4.20.0-4212847+++UE4+Release-4.20
LogInit: Net CL: 4212847
LogInit: OS: Windows 10 (), CPU: Intel(R) Xeon(R) W-2123 CPU @ 3.60GHz, GPU: NVIDIA GeForce GTX 1070
LogInit: Compiled (64-bit): Sep 17 2018 12:26:19
LogInit: Compiled with Visual C++: 19.13.26129.00
LogInit: Build Configuration: Development
LogInit: Branch Name: ++UE4+Release-4.20
LogInit: Command Line:  -skipcompile
LogInit: Base Directory: C:/Epic/UE4/UE_4.20/Engine/Binaries/Win64/
LogInit: Installed Engine Build: 1
LogDevObjectVersion: Number of dev versions registered: 20
LogDevObjectVersion:   Dev-Blueprints (B0D832E4-1F89-4F0D-ACCF-7EB736FD4AA2): 10
LogDevObjectVersion:   Dev-Build (E1C64328-A22C-4D53-A36C-8E866417BD8C): 0
LogDevObjectVersion:   Dev-Core (375EC13C-06E4-48FB-B500-84F0262A717E): 2
LogDevObjectVersion:   Dev-Editor (E4B068ED-F494-42E9-A231-DA0B2E46BB41): 24
LogDevObjectVersion:   Dev-Framework (CFFC743F-43B0-4480-9391-14DF171D2073): 34
LogDevObjectVersion:   Dev-Mobile (B02B49B5-BB20-44E9-A304-32B752E40360): 2
LogDevObjectVersion:   Dev-Networking (A4E4105C-59A1-49B5-A7C5-40C4547EDFEE): 0
LogDevObjectVersion:   Dev-Online (39C831C9-5AE6-47DC-9A44-9C173E1C8E7C): 0
LogDevObjectVersion:   Dev-Physics (78F01B33-EBEA-4F98-B9B4-84EACCB95AA2): 0
LogDevObjectVersion:   Dev-Platform (6631380F-2D4D-43E0-8009-CF276956A95A): 0
LogDevObjectVersion:   Dev-Rendering (12F88B9F-8875-4AFC-A67C-D90C383ABD29): 26
LogDevObjectVersion:   Dev-Sequencer (7B5AE74C-D270-4C10-A958-57980B212A5A): 9
LogDevObjectVersion:   Dev-VR (D7296918-1DD6-4BDD-9DE2-64A83CC13884): 2
LogDevObjectVersion:   Dev-LoadTimes (C2A15278-BFE7-4AFE-6C17-90FF531DF755): 1
LogDevObjectVersion:   Private-Geometry (6EACA3D4-40EC-4CC1-B786-8BED09428FC5): 3
LogDevObjectVersion:   Dev-AnimPhys (29E575DD-E0A3-4627-9D10-D276232CDCEA): 17
LogDevObjectVersion:   Dev-ReflectionCapture (6B266CEC-1EC7-4B8F-A30B-E4D90942FC07): 1
LogDevObjectVersion:   Dev-Automation (0DF73D61-A23F-47EA-B727-89E90C41499A): 1
LogDevObjectVersion:   FortniteMain (601D1886-AC64-4F84-AA16-D3DE0DEAC7D6): 12
LogDevObjectVersion:   Dev-Enterprise (9DFFBCD6-494F-0158-E221-12823C92A888): 1
LogStreaming: Display: Took  0.004s to delete old logs.
LogInit: Presizing for max 8388607 objects, including 0 objects not considered by GC, pre-allocating 0 bytes for permanent pool.
LogInit: Object subsystem initialized
[2018.11.19-17.59.46:061][  0]LogInit: Selected Device Profile: [Windows]
[2018.11.19-17.59.46:061][  0]LogInit: Applying CVar settings loaded from the selected device profile: [Windows]
[2018.11.19-17.59.46:089][  0]LogHAL: Display: Platform has ~ 32 GB [34065870848 / 34359738368 / 32], which maps to Largest [LargestMinGB=32, LargerMinGB=12, DefaultMinGB=8, SmallerMinGB=6, SmallestMinGB=0)
[2018.11.19-17.59.46:090][  0]LogInit: Setting Device Profile CVar: [[r.Vulkan.UseRealUBs:1]]
[2018.11.19-17.59.46:090][  0]LogInit: Going up to parent DeviceProfile []
[2018.11.19-17.59.46:091][  0]LogInit: Computer: A007-27
[2018.11.19-17.59.46:091][  0]LogInit: User: w017177h
[2018.11.19-17.59.46:091][  0]LogInit: CPU Page size=4096, Cores=4
[2018.11.19-17.59.46:091][  0]LogInit: High frequency timer resolution =3.515626 MHz
[2018.11.19-17.59.46:092][  0]LogMemory: Memory total: Physical=31.7GB (32GB approx)
[2018.11.19-17.59.46:092][  0]LogMemory: Platform Memory Stats for Windows
[2018.11.19-17.59.46:092][  0]LogMemory: Process Physical Memory: 100.82 MB used, 100.82 MB peak
[2018.11.19-17.59.46:092][  0]LogMemory: Process Virtual Memory: 91.11 MB used, 91.11 MB peak
[2018.11.19-17.59.46:092][  0]LogMemory: Physical Memory: 8396.45 MB used,  24091.30 MB free, 32487.75 MB total
[2018.11.19-17.59.46:092][  0]LogMemory: Virtual Memory: 4640.09 MB used,  24091.30 MB free, 134217728.00 MB total
[2018.11.19-17.59.46:217][  0]LogInit: Using OS detected language (en-US).
[2018.11.19-17.59.46:217][  0]LogInit: Using OS detected locale (en-GB).
[2018.11.19-17.59.46:219][  0]LogTextLocalizationManager: No specific localization for 'en-US' exists, so the 'en' localization will be used.
[2018.11.19-17.59.46:581][  0]LogStreaming: Display: Took  0.364s to InitEngineTextLocalization.
[2018.11.19-17.59.46:581][  0]LogInit: Setting process to per monitor DPI aware
[2018.11.19-17.59.46:633][  0]LogSlate: New Slate User Created.  User Index 0, Is Virtual User: 0
[2018.11.19-17.59.46:633][  0]LogSlate: Slate User Registered.  User Index 0, Is Virtual User: 0
[2018.11.19-17.59.46:868][  0]LogHMD: Failed to initialize OpenVR with code 110
[2018.11.19-17.59.46:868][  0]LogD3D11RHI: D3D11 adapters:
[2018.11.19-17.59.46:956][  0]LogD3D11RHI:    0. 'NVIDIA GeForce GTX 1070' (Feature Level 11_0)
[2018.11.19-17.59.46:956][  0]LogD3D11RHI:       8088/0/16243 MB DedicatedVideo/DedicatedSystem/SharedSystem, Outputs:2, VendorId:0x10de
[2018.11.19-17.59.46:962][  0]LogD3D11RHI:    1. 'Microsoft Basic Render Driver' (Feature Level 11_0)
[2018.11.19-17.59.46:962][  0]LogD3D11RHI:       0/0/16243 MB DedicatedVideo/DedicatedSystem/SharedSystem, Outputs:0, VendorId:0x1414
[2018.11.19-17.59.46:962][  0]LogD3D11RHI: Chosen D3D11 Adapter: 0
[2018.11.19-17.59.46:968][  0]LogD3D11RHI: Creating new Direct3DDevice
[2018.11.19-17.59.46:969][  0]LogD3D11RHI:     GPU DeviceId: 0x1b81 (for the marketing name, search the web for "GPU Device Id")
[2018.11.19-17.59.46:969][  0]LogWindows: EnumDisplayDevices:
[2018.11.19-17.59.46:969][  0]LogWindows:    0. 'NVIDIA GeForce GTX 1070' (P:0 D:1)
[2018.11.19-17.59.46:969][  0]LogWindows:    1. 'NVIDIA GeForce GTX 1070' (P:1 D:1)
[2018.11.19-17.59.46:969][  0]LogWindows:    2. 'NVIDIA GeForce GTX 1070' (P:0 D:0)
[2018.11.19-17.59.46:970][  0]LogWindows:    3. 'NVIDIA GeForce GTX 1070' (P:0 D:0)
[2018.11.19-17.59.46:970][  0]LogWindows: DebugString: FoundDriverCount:4 
[2018.11.19-17.59.46:970][  0]LogD3D11RHI:     Adapter Name: NVIDIA GeForce GTX 1070
[2018.11.19-17.59.46:970][  0]LogD3D11RHI:   Driver Version: 399.24 (internal:24.21.13.9924, unified:399.24)
[2018.11.19-17.59.46:970][  0]LogD3D11RHI:      Driver Date: 9-5-2018
[2018.11.19-17.59.46:970][  0]LogRHI: Texture pool is 5661 MB (70% of 8088 MB)
[2018.11.19-17.59.47:009][  0]LogD3D11RHI: Async texture creation enabled
[2018.11.19-17.59.47:027][  0]LogD3D11RHI: GPU Timing Frequency: 1000.000000 (Debug: 2 2)
[2018.11.19-17.59.47:029][  0]LogShaderCompilers: Guid format shader working directory is -27 characters bigger than the processId version (../../../../../../Users/w017177h/Documents/GitHub/FightingGame/FightingGame/Intermediate/Shaders/WorkingDirectory/12576/).
[2018.11.19-17.59.47:030][  0]LogShaderCompilers: Cleaned the shader compiler working directory 'C:/Users/w017177h/AppData/Local/Temp/UnrealShaderWorkingDir/20C0A1D548278721882C198144994747/'.
[2018.11.19-17.59.47:299][  0]LogTemp: Display: Loaded TP AllDesktopTargetPlatform
[2018.11.19-17.59.47:315][  0]LogTemp: Display: Loaded TP MacClientTargetPlatform
[2018.11.19-17.59.47:333][  0]LogTemp: Display: Loaded TP MacNoEditorTargetPlatform
[2018.11.19-17.59.47:354][  0]LogTemp: Display: Loaded TP MacServerTargetPlatform
[2018.11.19-17.59.47:371][  0]LogTemp: Display: Loaded TP MacTargetPlatform
[2018.11.19-17.59.47:395][  0]LogTemp: Display: Loaded TP WindowsClientTargetPlatform
[2018.11.19-17.59.47:410][  0]LogTemp: Display: Loaded TP WindowsNoEditorTargetPlatform
[2018.11.19-17.59.47:429][  0]LogTemp: Display: Loaded TP WindowsServerTargetPlatform
[2018.11.19-17.59.47:447][  0]LogTemp: Display: Loaded TP WindowsTargetPlatform
[2018.11.19-17.59.47:529][  0]LogTemp: Display: Loaded TP AndroidTargetPlatform
[2018.11.19-17.59.47:529][  0]LogTemp: Display: Loaded TP AndroidTargetPlatform
[2018.11.19-17.59.47:529][  0]LogTemp: Display: Loaded TP AndroidTargetPlatform
[2018.11.19-17.59.47:529][  0]LogTemp: Display: Loaded TP AndroidTargetPlatform
[2018.11.19-17.59.47:529][  0]LogTemp: Display: Loaded TP AndroidTargetPlatform
[2018.11.19-17.59.47:529][  0]LogTemp: Display: Loaded TP AndroidTargetPlatform
[2018.11.19-17.59.47:530][  0]LogTemp: Display: Loaded TP AndroidTargetPlatform
[2018.11.19-17.59.47:530][  0]LogTemp: Display: Loaded TP AndroidTargetPlatform
[2018.11.19-17.59.47:530][  0]LogTemp: Display: Loaded TP AndroidTargetPlatform
[2018.11.19-17.59.47:530][  0]LogTemp: Display: Loaded TP AndroidTargetPlatform
[2018.11.19-17.59.47:530][  0]LogTemp: Display: Loaded TP AndroidTargetPlatform
[2018.11.19-17.59.47:530][  0]LogTemp: Display: Loaded TP AndroidTargetPlatform
[2018.11.19-17.59.47:530][  0]LogTemp: Display: Loaded TP AndroidTargetPlatform
[2018.11.19-17.59.47:530][  0]LogTemp: Display: Loaded TP AndroidTargetPlatform
[2018.11.19-17.59.47:530][  0]LogTemp: Display: Loaded TP AndroidTargetPlatform
[2018.11.19-17.59.47:530][  0]LogTemp: Display: Loaded TP AndroidTargetPlatform
[2018.11.19-17.59.47:530][  0]LogTemp: Display: Loaded TP AndroidTargetPlatform
[2018.11.19-17.59.47:531][  0]LogTemp: Display: Loaded TP AndroidTargetPlatform
[2018.11.19-17.59.47:539][  0]LogTemp: Display: Loaded TP HTML5TargetPlatform
[2018.11.19-17.59.47:615][  0]LogTemp: Display: Loaded TP IOSTargetPlatform
[2018.11.19-17.59.47:615][  0]LogTemp: Display: Loaded TP IOSTargetPlatform
[2018.11.19-17.59.47:656][  0]LogTemp: Display: Loaded TP TVOSTargetPlatform
[2018.11.19-17.59.47:656][  0]LogTemp: Display: Loaded TP TVOSTargetPlatform
[2018.11.19-17.59.47:671][  0]LogTemp: Display: Loaded TP LinuxClientTargetPlatform
[2018.11.19-17.59.47:688][  0]LogTemp: Display: Loaded TP LinuxNoEditorTargetPlatform
[2018.11.19-17.59.47:715][  0]LogTemp: Display: Loaded TP LinuxServerTargetPlatform
[2018.11.19-17.59.47:730][  0]LogTemp: Display: Loaded TP LinuxTargetPlatform
[2018.11.19-17.59.47:741][  0]LogTemp: Display: Loaded TP LuminTargetPlatform
[2018.11.19-17.59.47:741][  0]LogTargetPlatformManager: Display: Building Assets For Windows
[2018.11.19-17.59.47:868][  0]LogXGEController: Cleaning working directory: C:/Users/w017177h/AppData/Local/Temp/UnrealXGEWorkingDir/
[2018.11.19-17.59.47:868][  0]LogXGEController: Cannot use XGE Controller as Incredibuild is not installed on this machine.
[2018.11.19-17.59.47:868][  0]LogShaderCompilers: Cannot use XGE Shader Compiler as Incredibuild is not installed on this machine.
[2018.11.19-17.59.47:868][  0]LogShaderCompilers: Display: Using Local Shader Compiler.
[2018.11.19-17.59.48:741][  0]LogDerivedDataCache: Display: Max Cache Size: 512 MB
[2018.11.19-17.59.48:795][  0]LogDerivedDataCache: Loaded boot cache 0.05s 71MB C:/Users/w017177h/AppData/Local/UnrealEngine/4.20/DerivedDataCache/Boot.ddc.
[2018.11.19-17.59.48:795][  0]LogDerivedDataCache: Display: Loaded Boot cache: C:/Users/w017177h/AppData/Local/UnrealEngine/4.20/DerivedDataCache/Boot.ddc
[2018.11.19-17.59.48:796][  0]LogDerivedDataCache: FDerivedDataBackendGraph:  Pak pak cache file ../../../../../../Users/w017177h/Documents/GitHub/FightingGame/FightingGame/DerivedDataCache/DDC.ddp not found, will not use a pak cache.
[2018.11.19-17.59.48:796][  0]LogDerivedDataCache: Unable to find inner node Pak for hierarchical cache Hierarchy.
[2018.11.19-17.59.48:796][  0]LogDerivedDataCache: FDerivedDataBackendGraph:  CompressedPak pak cache file ../../../../../../Users/w017177h/Documents/GitHub/FightingGame/FightingGame/DerivedDataCache/Compressed.ddp not found, will not use a pak cache.
[2018.11.19-17.59.48:796][  0]LogDerivedDataCache: Unable to find inner node CompressedPak for hierarchical cache Hierarchy.
[2018.11.19-17.59.48:826][  0]LogDerivedDataCache: Display: Pak cache opened for reading ../../../Engine/DerivedDataCache/Compressed.ddp.
[2018.11.19-17.59.48:840][  0]LogDerivedDataCache: Using Local data cache path C:/Users/w017177h/AppData/Local/UnrealEngine/Common/DerivedDataCache: Writable
[2018.11.19-17.59.48:841][  0]LogDerivedDataCache: Shared data cache path not found in *engine.ini, will not use an Shared cache.
[2018.11.19-17.59.48:841][  0]LogDerivedDataCache: Unable to find inner node Shared for hierarchical cache Hierarchy.
[2018.11.19-17.59.48:876][  0]LogMaterial: Verifying Global Shaders for PCD3D_SM5
[2018.11.19-17.59.48:879][  0]LogSlate: Using FreeType 2.6.0
[2018.11.19-17.59.48:881][  0]LogSlate: SlateFontServices - WITH_FREETYPE: 1, WITH_HARFBUZZ: 1
[2018.11.19-17.59.48:973][  0]LogAssetRegistry: FAssetRegistry took 0.0300 seconds to start up
[2018.11.19-17.59.49:322][  0]LogInit: Selected Device Profile: [Windows]
[2018.11.19-17.59.49:512][  0]LogSimplygon: Simplygon DLL not present - disabling.
[2018.11.19-17.59.49:522][  0]LogMeshReduction: Using SimplygonSwarm for distributed automatic mesh merging
[2018.11.19-17.59.49:522][  0]LogMeshReduction: Using ProxyLODMeshReduction for automatic mesh merging
[2018.11.19-17.59.49:522][  0]LogMeshReduction: Using QuadricMeshReduction for automatic static mesh reduction
[2018.11.19-17.59.49:522][  0]LogMeshReduction: No automatic skeletal mesh reduction module available
[2018.11.19-17.59.49:541][  0]LogNetVersion: FightingGame 1.0.0, NetCL: 4212847, EngineNetVer: 5, GameNetVer: 0 (Checksum: 156865789)
[2018.11.19-17.59.50:121][  0]LogPackageLocalizationCache: Processed 11 localized package path(s) for 2 prioritized culture(s) in 0.138945 seconds
[2018.11.19-17.59.50:132][  0]LogUObjectArray: 38425 objects as part of root set at end of initial load.
[2018.11.19-17.59.50:132][  0]LogUObjectAllocator: 6690872 out of 0 bytes used by permanent object pool.
[2018.11.19-17.59.50:132][  0]LogUObjectArray: CloseDisregardForGC: 0/0 objects in disregard for GC pool
[2018.11.19-17.59.51:147][  0]LogTcpMessaging: Initializing TcpMessaging bridge
[2018.11.19-17.59.51:165][  0]LogUdpMessaging: Initializing bridge on interface 0.0.0.0:0 to multicast group 230.0.0.1:6666.
[2018.11.19-17.59.51:391][  0]SourceControl: Source control is disabled
[2018.11.19-17.59.51:391][  0]SourceControl: Source control is disabled
[2018.11.19-17.59.51:395][  0]SourceControl: Source control is disabled
[2018.11.19-17.59.51:398][  0]SourceControl: Source control is disabled
[2018.11.19-17.59.51:688][  0]LogAndroidPermission: UAndroidPermissionCallbackProxy::GetInstance
[2018.11.19-17.59.51:785][  0]LogOcInput: OculusInput pre-init called
[2018.11.19-17.59.51:852][  0]LogEngine: Initializing Engine...
[2018.11.19-17.59.51:853][  0]LogHMD: Failed to initialize OpenVR with code 110
[2018.11.19-17.59.51:855][  0]LogStats: UGameplayTagsManager::ConstructGameplayTagTree: ImportINI prefixes -  0.000 s
[2018.11.19-17.59.51:855][  0]LogStats: UGameplayTagsManager::ConstructGameplayTagTree: Construct from data asset -  0.000 s
[2018.11.19-17.59.51:855][  0]LogStats: UGameplayTagsManager::ConstructGameplayTagTree: ImportINI -  0.000 s
[2018.11.19-17.59.51:855][  0]LogStats: UGameplayTagsManager::ConstructGameplayTagTree: GameplayTagTreeChangedEvent.Broadcast -  0.000 s
[2018.11.19-17.59.52:104][  0]LogInit: Initializing FReadOnlyCVARCache
[2018.11.19-17.59.52:138][  0]LogAIModule: Creating AISystem for world Untitled
[2018.11.19-17.59.52:192][  0]LogInit: XAudio2 using 'Speakers (Realtek High Definition Audio)' : 2 channels at 48 kHz using 32 bits per sample (channel mask 0x3)
[2018.11.19-17.59.52:276][  0]LogInit: FAudioDevice initialized.
[2018.11.19-17.59.52:276][  0]LogNetVersion: Set ProjectVersion to 1.0.0.0. Version Checksum will be recalculated on next use.
[2018.11.19-17.59.52:339][  0]LogDerivedDataCache: Saved boot cache 0.06s 71MB C:/Users/w017177h/AppData/Local/UnrealEngine/4.20/DerivedDataCache/Boot.ddc.
[2018.11.19-17.59.52:354][  0]LogInit: Texture streaming: Enabled
[2018.11.19-17.59.52:398][  0]LogEngineSessionManager: EngineSessionManager initialized
[2018.11.19-17.59.52:413][  0]LogInit: Transaction tracking system initialized
[2018.11.19-17.59.52:452][  0]BlueprintLog: New page: Editor Load
[2018.11.19-17.59.52:584][  0]LocalizationService: Localization service is disabled
[2018.11.19-17.59.52:912][  0]LogCook: Display: Max memory allowance for cook 16384mb min free memory 0mb
[2018.11.19-17.59.52:912][  0]LogCook: Display: Mobile HDR setting 1
[2018.11.19-17.59.52:913][  0]LogGameplayTags: Display: UGameplayTagsManager::DoneAddingNativeTags. DelegateIsBound: 0
[2018.11.19-17.59.52:913][  0]LogStats: UGameplayTagsManager::ConstructGameplayTagTree: ImportINI prefixes -  0.000 s
[2018.11.19-17.59.52:913][  0]LogStats: UGameplayTagsManager::ConstructGameplayTagTree: Construct from data asset -  0.000 s
[2018.11.19-17.59.52:914][  0]LogStats: UGameplayTagsManager::ConstructGameplayTagTree: ImportINI -  0.000 s
[2018.11.19-17.59.52:914][  0]LogStats: UGameplayTagsManager::ConstructGameplayTagTree: GameplayTagTreeChangedEvent.Broadcast -  0.000 s
[2018.11.19-17.59.53:133][  0]LogFileCache: Scanning file cache for directory 'C:/Users/w017177h/Documents/GitHub/FightingGame/FightingGame/Content/' took 0.02s
[2018.11.19-17.59.53:133][  0]SourceControl: Source control is disabled
[2018.11.19-17.59.53:133][  0]Cmd: MAP LOAD FILE="../../../../../../Users/w017177h/Documents/GitHub/FightingGame/FightingGame/Content/StarterContent/Maps/Minimal_Default.umap" TEMPLATE=0 SHOWPROGRESS=1 FEATURELEVEL=3
[2018.11.19-17.59.53:134][  0]LightingResults: New page: Lighting Build
[2018.11.19-17.59.53:137][  0]MapCheck: New page: Map Check
[2018.11.19-17.59.53:137][  0]LightingResults: New page: Lighting Build
[2018.11.19-17.59.53:496][  0]LogAIModule: Creating AISystem for world Minimal_Default
[2018.11.19-17.59.53:513][  0]LogEditorServer: Finished looking for orphan Actors (0.000 secs)
[2018.11.19-17.59.53:552][  0]Cmd: MAP CHECKDEP NOCLEARLOG
[2018.11.19-17.59.53:661][  0]MapCheck: Map check complete: 0 Error(s), 0 Warning(s), took 108.149ms to complete.
[2018.11.19-17.59.53:661][  0]LogFileHelpers: Loading map 'Minimal_Default' took 0.527
[2018.11.19-17.59.53:812][  0]LogSlate: Updating window title bar state: overlay mode, drag disabled, window buttons hidden, title bar hidden
[2018.11.19-17.59.53:819][  0]LogSlate: Updating window title bar state: overlay mode, drag disabled, window buttons hidden, title bar hidden
[2018.11.19-17.59.53:826][  0]LogSlate: Updating window title bar state: overlay mode, drag disabled, window buttons hidden, title bar hidden
[2018.11.19-17.59.53:833][  0]LogSlate: Updating window title bar state: overlay mode, drag disabled, window buttons hidden, title bar hidden
[2018.11.19-17.59.53:852][  0]LogCollectionManager: Loaded 0 collections in 0.003721 seconds
[2018.11.19-17.59.53:921][  0]LogFileCache: Scanning file cache for directory 'C:/Users/w017177h/Documents/GitHub/FightingGame/FightingGame/Saved/Collections/' took 0.01s
[2018.11.19-17.59.53:922][  0]LogFileCache: Scanning file cache for directory 'C:/Users/w017177h/Documents/GitHub/FightingGame/FightingGame/Content/Developers/w017177h/Collections/' took 0.01s
[2018.11.19-17.59.53:922][  0]LogFileCache: Scanning file cache for directory 'C:/Users/w017177h/Documents/GitHub/FightingGame/FightingGame/Content/Collections/' took 0.01s
[2018.11.19-17.59.53:922][  0]LogCollectionManager: Rebuilt the GUID cache for 0 collections in 0.000001 seconds
[2018.11.19-17.59.53:944][  0]LogContentBrowser: Native class hierarchy populated in 0.0217 seconds. Added 2575 classes and 605 folders.
[2018.11.19-17.59.53:955][  0]LogContentBrowser: Native class hierarchy updated for 'WidgetCarousel' in 0.0005 seconds. Added 0 classes and 0 folders.
[2018.11.19-17.59.54:028][  0]LogContentBrowser: Native class hierarchy updated for 'AddContentDialog' in 0.0006 seconds. Added 0 classes and 0 folders.
[2018.11.19-17.59.54:038][  0]LogContentBrowser: Native class hierarchy updated for 'SceneOutliner' in 0.0007 seconds. Added 1 classes and 2 folders.
[2018.11.19-17.59.54:101][  0]LogSlate: Took 0.000452 seconds to synchronously load lazily loaded font '../../../Engine/Content/Slate/Fonts/Roboto-Regular.ttf' (155K)
[2018.11.19-17.59.54:104][  0]LogSlate: Took 0.000198 seconds to synchronously load lazily loaded font '../../../Engine/Content/Slate/Fonts/Roboto-Bold.ttf' (160K)
[2018.11.19-17.59.54:118][  0]LogSlate: Took 0.000380 seconds to synchronously load lazily loaded font '../../../Engine/Content/Editor/Slate/Fonts/FontAwesome.ttf' (139K)
[2018.11.19-17.59.54:217][  0]LogRenderer: Reallocating scene render targets to support 1208x576 Format 10 NumSamples 1 (Frame:1).
[2018.11.19-17.59.54:350][  0]LogContentBrowser: Native class hierarchy updated for 'HierarchicalLODOutliner' in 0.0007 seconds. Added 0 classes and 0 folders.
[2018.11.19-17.59.54:350][  0]LogLoad: (Engine Initialization) Total time: 10.76 seconds
[2018.11.19-17.59.54:350][  0]LogLoad: (Engine Initialization) Total Blueprint compile time: 0.00 seconds
[2018.11.19-17.59.54:361][  0]LogWindowsTextInputMethodSystem: Display: IME system now deactivated.
[2018.11.19-17.59.54:384][  0]LogContentStreaming: Texture pool size now 1000 MB
[2018.11.19-17.59.54:415][  0]LogSlate: Took 0.000219 seconds to synchronously load lazily loaded font '../../../Engine/Content/Slate/Fonts/Roboto-Light.ttf' (167K)
[2018.11.19-17.59.54:451][  1]LogAssetRegistry: Asset discovery search completed in 5.5040 seconds
[2018.11.19-17.59.54:452][  1]LogCollectionManager: Rebuilt the object cache for 0 collections in 0.000000 seconds (found 0 objects)
[2018.11.19-17.59.54:452][  1]LogCollectionManager: Fixed up redirectors for 0 collections in 0.000125 seconds (updated 0 objects)
[2018.11.19-17.59.56:176][202]LogSlate: FSceneViewport::OnFocusLost() reason 0
[2018.11.19-17.59.56:252][211]LogTemp: Repeating last play command: Selected Viewport
[2018.11.19-17.59.56:269][211]LogBlueprintUserMessages: Early PlayInEditor Detection: Level '/Game/StarterContent/Maps/Minimal_Default.Minimal_Default:PersistentLevel' has LevelScriptBlueprint '/Game/StarterContent/Maps/Minimal_Default.Minimal_Default:PersistentLevel.Minimal_Default' with GeneratedClass '/Game/StarterContent/Maps/Minimal_Default.Minimal_Default_C' with ClassGeneratedBy '/Game/StarterContent/Maps/Minimal_Default.Minimal_Default:PersistentLevel.Minimal_Default'
[2018.11.19-17.59.56:269][211]LogPlayLevel: PlayLevel: No blueprints needed recompiling
[2018.11.19-17.59.56:287][211]PIE: New page: PIE session: Minimal_Default (19 Nov 2018 17:59:56)
[2018.11.19-17.59.56:287][211]LogPlayLevel: Creating play world package: /Game/StarterContent/Maps/UEDPIE_1_Minimal_Default
[2018.11.19-17.59.56:291][211]LogPlayLevel: PIE: StaticDuplicateObject took: (0.003986s)
[2018.11.19-17.59.56:292][211]LogAIModule: Creating AISystem for world Minimal_Default
[2018.11.19-17.59.56:292][211]LogPlayLevel: PIE: World Init took: (0.000828s)
[2018.11.19-17.59.56:292][211]LogPlayLevel: PIE: Created PIE world by copying editor world from /Game/StarterContent/Maps/Minimal_Default.Minimal_Default to /Game/StarterContent/Maps/UEDPIE_1_Minimal_Default.Minimal_Default (0.005266s)
[2018.11.19-17.59.56:324][211]LogInit: XAudio2 using 'Speakers (Realtek High Definition Audio)' : 2 channels at 48 kHz using 32 bits per sample (channel mask 0x3)
[2018.11.19-17.59.56:339][211]LogInit: FAudioDevice initialized.
[2018.11.19-17.59.56:442][211]LogLoad: Game class is 'FightingGameMode_C'
[2018.11.19-17.59.56:446][211]LogWorld: Bringing World /Game/StarterContent/Maps/UEDPIE_1_Minimal_Default.Minimal_Default up for play (max tick rate 0) at 2018.11.19-17.59.56
[2018.11.19-17.59.56:447][211]LogWorld: Bringing up level for play took: 0.001622
[2018.11.19-17.59.56:476][211]LogContentBrowser: Native class hierarchy updated for 'MovieSceneCapture' in 0.0007 seconds. Added 10 classes and 0 folders.
[2018.11.19-17.59.56:478][211]LogTemp: Display: ParseSettings for GameNetDriver
[2018.11.19-17.59.56:478][211]LogTemp: Display: ParseSettings for IpNetDriver_0
[2018.11.19-17.59.56:478][211]LogTemp: Display: ParseSettings for GameNetDriver
[2018.11.19-17.59.56:479][211]LogNet: ReplicationDriverClass is null! Not using ReplicationDriver.
[2018.11.19-17.59.56:479][211]LogInit: WinSock: Socket queue 131072 / 131072
[2018.11.19-17.59.56:485][211]LogInit: WinSock: I am A007-27 (10.6.118.113:0)
[2018.11.19-17.59.56:485][211]PacketHandlerLog: Loaded PacketHandler component: Engine.EngineHandlerComponentFactory (StatelessConnectHandlerComponent)
[2018.11.19-17.59.56:486][211]LogNet: GameNetDriver IpNetDriver_0 IpNetDriver listening on port 17777
[2018.11.19-17.59.56:487][211]PIE: Play in editor start time for /Game/StarterContent/Maps/UEDPIE_1_Minimal_Default -0.267
[2018.11.19-17.59.56:492][211]PIE: New page: PIE session: Minimal_Default (19 Nov 2018 17:59:56)
[2018.11.19-17.59.56:499][211]LogSlate: FSceneViewport::OnFocusLost() reason 2
[2018.11.19-17.59.56:504][211]LogSlate: Updating window title bar state: overlay mode, drag disabled, window buttons hidden, title bar hidden
[2018.11.19-17.59.56:575][211]LogNet: Browse: 127.0.0.1:17777//Game/StarterContent/Maps/Minimal_Default
[2018.11.19-17.59.56:575][211]LogTemp: Display: ParseSettings for GameNetDriver
[2018.11.19-17.59.56:575][211]LogTemp: Display: ParseSettings for IpNetDriver_1
[2018.11.19-17.59.56:576][211]LogTemp: Display: ParseSettings for PendingNetDriver
[2018.11.19-17.59.56:576][211]LogInit: WinSock: Socket queue 32768 / 32768
[2018.11.19-17.59.56:578][211]PacketHandlerLog: Loaded PacketHandler component: Engine.EngineHandlerComponentFactory (StatelessConnectHandlerComponent)
[2018.11.19-17.59.56:578][211]LogNet: Game client on port 17777, rate 10000
[2018.11.19-17.59.56:584][211]PIE: Play in editor start time for /Game/StarterContent/Maps/Minimal_Default -0.171
[2018.11.19-17.59.56:595][211]LogBlueprintUserMessages: Late PlayInEditor Detection: Level '/Game/StarterContent/Maps/Minimal_Default.Minimal_Default:PersistentLevel' has LevelScriptBlueprint '/Game/StarterContent/Maps/Minimal_Default.Minimal_Default:PersistentLevel.Minimal_Default' with GeneratedClass '/Game/StarterContent/Maps/Minimal_Default.Minimal_Default_C' with ClassGeneratedBy '/Game/StarterContent/Maps/Minimal_Default.Minimal_Default:PersistentLevel.Minimal_Default'
[2018.11.19-17.59.56:595][211]LogNet: NotifyAcceptingConnection accepted from: 127.0.0.1:52735
[2018.11.19-17.59.56:595][211]LogHandshake: SendConnectChallenge. Timestamp: 0.008334, Cookie: 031091211141005221104212223247227096061050116147136124215083
[2018.11.19-17.59.56:607][211]LogHandshake: SendChallengeResponse. Timestamp: 0.008334, Cookie: 031091211141005221104212223247227096061050116147136124215083
[2018.11.19-17.59.56:687][212]LogNet: NotifyAcceptingConnection accepted from: 127.0.0.1:52735
[2018.11.19-17.59.56:687][212]LogHandshake: SendChallengeAck. InCookie: 031091211141005221104212223247227096061050116147136124215083
[2018.11.19-17.59.56:687][212]LogNet: Server accepting post-challenge connection from: 127.0.0.1:52735
[2018.11.19-17.59.56:688][212]PacketHandlerLog: Loaded PacketHandler component: Engine.EngineHandlerComponentFactory (StatelessConnectHandlerComponent)
[2018.11.19-17.59.56:688][212]LogNet: NotifyAcceptedConnection: Name: Minimal_Default, TimeStamp: 11/19/18 17:59:56, [UNetConnection] RemoteAddr: 127.0.0.1:52735, Name: IpConnection_1, Driver: GameNetDriver IpNetDriver_0, IsServer: YES, PC: NULL, Owner: NULL, UniqueId: INVALID
[2018.11.19-17.59.56:688][212]LogNet: AddClientConnection: Added client connection: [UNetConnection] RemoteAddr: 127.0.0.1:52735, Name: IpConnection_1, Driver: GameNetDriver IpNetDriver_0, IsServer: YES, PC: NULL, Owner: NULL, UniqueId: INVALID
[2018.11.19-17.59.56:689][212]LogNetVersion: FightingGame 1.0.0.0, NetCL: 4212847, EngineNetVer: 5, GameNetVer: 0 (Checksum: 4124689447)
[2018.11.19-17.59.56:690][212]LogNet: UPendingNetGame::SendInitialJoin: Sending hello. [UNetConnection] RemoteAddr: 127.0.0.1:17777, Name: IpConnection_0, Driver: PendingNetDriver IpNetDriver_1, IsServer: NO, PC: NULL, Owner: NULL, UniqueId: INVALID
[2018.11.19-17.59.56:703][213]LogNet: NotifyAcceptingChannel Control 0 server World /Game/StarterContent/Maps/UEDPIE_1_Minimal_Default.Minimal_Default: Accepted
[2018.11.19-17.59.56:703][213]LogNet: Remote platform little endian=1
[2018.11.19-17.59.56:703][213]LogNet: This platform little endian=1
[2018.11.19-17.59.56:722][214]LogNet: Login request: /Game/StarterContent/Maps/Minimal_Default?Name=A007-27-4A5999AC45CA0D60D4BB658E3359A042 userId: A007-27-4A5999AC45CA0D60D4BB658E3359A042
[2018.11.19-17.59.56:723][214]LogNet: Welcomed by server (Level: /Game/StarterContent/Maps/UEDPIE_1_Minimal_Default, Game: /Game/FightingGameMode.FightingGameMode_C)
[2018.11.19-17.59.56:723][214]LogLoad: LoadMap: 127.0.0.1:17777//Game/StarterContent/Maps/UEDPIE_1_Minimal_Default?game=/Game/FightingGameMode.FightingGameMode_C
[2018.11.19-17.59.56:754][214]LogAIModule: Creating AISystem for world Minimal_Default
[2018.11.19-17.59.56:755][214]LogTemp: Display: ParseSettings for GameNetDriver
[2018.11.19-17.59.56:756][214]LogWorld: Bringing World /Game/StarterContent/Maps/UEDPIE_2_Minimal_Default.Minimal_Default up for play (max tick rate 0) at 2018.11.19-17.59.56
[2018.11.19-17.59.56:756][214]LogWorld: Bringing up level for play took: 0.000828
[2018.11.19-17.59.56:757][214]LogLoad: Took 0.032934 seconds to LoadMap(/Game/StarterContent/Maps/UEDPIE_1_Minimal_Default)
[2018.11.19-17.59.56:769][215]LogNet: Client netspeed is 10000
[2018.11.19-17.59.56:769][215]LogNet: Join request: /Game/StarterContent/Maps/Minimal_Default?Name=A007-27-4A5999AC45CA0D60D4BB658E3359A042?SplitscreenCount=1
[2018.11.19-17.59.56:769][215]LogOnline: Warning: OSS: No game present to join for session (GameSession)
[2018.11.19-17.59.56:771][215]LogNet: Join succeeded: A007-27-4A5999AC45CA
[2018.11.19-17.59.56:778][216]LogRenderer: Reallocating scene render targets to support 1280x720 Format 10 NumSamples 1 (Frame:1).
[2018.11.19-17.59.56:823][220]LogOnline: Warning: OSS: No game present to join for session (GameSession)
[2018.11.19-17.59.56:849][223]LogOnline: Warning: OSS: No game present to join for session (GameSession)
[2018.11.19-18.00.02:643][915]LogBlueprintUserMessages: Early EndPlayMap Detection: Level '/Game/StarterContent/Maps/Minimal_Default.Minimal_Default:PersistentLevel' has LevelScriptBlueprint '/Game/StarterContent/Maps/Minimal_Default.Minimal_Default:PersistentLevel.Minimal_Default' with GeneratedClass '/Game/StarterContent/Maps/Minimal_Default.Minimal_Default_C' with ClassGeneratedBy '/Game/StarterContent/Maps/Minimal_Default.Minimal_Default:PersistentLevel.Minimal_Default'
[2018.11.19-18.00.02:643][915]LogSlate: Updating window title bar state: overlay mode, drag disabled, window buttons hidden, title bar hidden
[2018.11.19-18.00.02:667][915]LogSlate: Window 'FightingGame Game Preview Client 1 (64-bit/PCD3D_SM5)' being destroyed
[2018.11.19-18.00.02:701][915]LogOnline: Warning: OSS: No game present to leave for session (GameSession)
[2018.11.19-18.00.02:701][915]LogSlate: Updating window title bar state: overlay mode, drag disabled, window buttons hidden, title bar hidden
[2018.11.19-18.00.02:744][915]LogPlayLevel: Display: Shutting down PIE online subsystems
[2018.11.19-18.00.02:745][915]LogBlueprintUserMessages: Late EndPlayMap Detection: Level '/Game/StarterContent/Maps/Minimal_Default.Minimal_Default:PersistentLevel' has LevelScriptBlueprint '/Game/StarterContent/Maps/Minimal_Default.Minimal_Default:PersistentLevel.Minimal_Default' with GeneratedClass '/Game/StarterContent/Maps/Minimal_Default.Minimal_Default_C' with ClassGeneratedBy '/Game/StarterContent/Maps/Minimal_Default.Minimal_Default:PersistentLevel.Minimal_Default'
[2018.11.19-18.00.02:781][915]LogNet: UChannel::CleanUp: ChIndex == 0. Closing connection. [UChannel] ChIndex: 0, Closing: 0 [UNetConnection] RemoteAddr: 127.0.0.1:52735, Name: IpConnection_1, Driver: GameNetDriver IpNetDriver_0, IsServer: YES, PC: PlayerController_1, Owner: PlayerController_1, UniqueId: NULL:A007-27-4A5999AC45CA0D60D4BB658E3359A042
[2018.11.19-18.00.02:781][915]LogNet: UNetConnection::Close: [UNetConnection] RemoteAddr: 127.0.0.1:52735, Name: IpConnection_1, Driver: GameNetDriver IpNetDriver_0, IsServer: YES, PC: PlayerController_1, Owner: PlayerController_1, UniqueId: NULL:A007-27-4A5999AC45CA0D60D4BB658E3359A042, Channels: 3, Time: 2018.11.19-18.00.02
[2018.11.19-18.00.02:781][915]LogNet: UChannel::Close: Sending CloseBunch. ChIndex == 0. Name: [UChannel] ChIndex: 0, Closing: 0 [UNetConnection] RemoteAddr: 127.0.0.1:52735, Name: IpConnection_1, Driver: GameNetDriver IpNetDriver_0, IsServer: YES, PC: PlayerController_1, Owner: PlayerController_1, UniqueId: NULL:A007-27-4A5999AC45CA0D60D4BB658E3359A042
[2018.11.19-18.00.02:782][915]LogNet: UChannel::CleanUp: ChIndex == 0. Closing connection. [UChannel] ChIndex: 0, Closing: 0 [UNetConnection] RemoteAddr: 127.0.0.1:17777, Name: IpConnection_0, Driver: GameNetDriver IpNetDriver_1, IsServer: NO, PC: None, Owner: None, UniqueId: NULL:A007-27-4A5999AC45CA0D60D4BB658E3359A042
[2018.11.19-18.00.02:782][915]LogNet: UNetConnection::Close: [UNetConnection] RemoteAddr: 127.0.0.1:17777, Name: IpConnection_0, Driver: GameNetDriver IpNetDriver_1, IsServer: NO, PC: None, Owner: None, UniqueId: NULL:A007-27-4A5999AC45CA0D60D4BB658E3359A042, Channels: 2, Time: 2018.11.19-18.00.02
[2018.11.19-18.00.02:782][915]LogNet: UChannel::Close: Sending CloseBunch. ChIndex == 0. Name: [UChannel] ChIndex: 0, Closing: 0 [UNetConnection] RemoteAddr: 127.0.0.1:17777, Name: IpConnection_0, Driver: GameNetDriver IpNetDriver_1, IsServer: NO, PC: None, Owner: None, UniqueId: NULL:A007-27-4A5999AC45CA0D60D4BB658E3359A042
[2018.11.19-18.00.02:786][915]LogSlate: Updating window title bar state: overlay mode, drag disabled, window buttons hidden, title bar hidden
[2018.11.19-18.00.02:786][915]LogExit: GameNetDriver None shut down
[2018.11.19-18.00.02:787][915]LogExit: GameNetDriver None shut down
[2018.11.19-18.00.02:808][916]LogPlayLevel: Display: Destroying online subsystem :Context_2
[2018.11.19-18.00.02:808][916]LogPlayLevel: Display: Destroying online subsystem :Context_1
