Log file open, 11/22/18 10:46:14
LogWindows: Failed to load 'aqProf.dll' (GetLastError=126)
LogWindows: File 'aqProf.dll' does not exist
LogWindows: Failed to load 'VSPerf140.dll' (GetLastError=126)
LogWindows: File 'VSPerf140.dll' does not exist
LogWindows: Failed to load 'VtuneApi.dll' (GetLastError=126)
LogWindows: File 'VtuneApi.dll' does not exist
LogWindows: Failed to load 'VtuneApi32e.dll' (GetLastError=126)
LogWindows: File 'VtuneApi32e.dll' does not exist
LogInit: Display: Running engine for game: FightingGame
LogPlatformFile: Not using cached read wrapper
LogTaskGraph: Started task graph with 5 named threads and 23 total threads with 3 sets of task threads.
LogStats: Stats thread started at 0.385957
LogD3D11RHI: Loaded GFSDK_Aftermath_Lib.x64.dll
LogICUInternationalization: Display: ICU TimeZone Detection - Raw Offset: +0:00, Platform Override: ''
LogPluginManager: Mounting plugin Paper2D
LogPluginManager: Mounting plugin AISupport
LogPluginManager: Mounting plugin LightPropagationVolume
LogPluginManager: Mounting plugin CLionSourceCodeAccess
LogPluginManager: Mounting plugin CodeLiteSourceCodeAccess
LogPluginManager: Mounting plugin GitSourceControl
LogPluginManager: Mounting plugin KDevelopSourceCodeAccess
LogPluginManager: Mounting plugin NullSourceCodeAccess
LogPluginManager: Mounting plugin PerforceSourceControl
LogPluginManager: Mounting plugin SubversionSourceControl
LogPluginManager: Mounting plugin UObjectPlugin
LogPluginManager: Mounting plugin VisualStudioCodeSourceCodeAccess
LogPluginManager: Mounting plugin VisualStudioSourceCodeAccess
LogPluginManager: Mounting plugin XCodeSourceCodeAccess
LogPluginManager: Mounting plugin AssetManagerEditor
LogPluginManager: Mounting plugin CryptoKeys
LogPluginManager: Mounting plugin DataValidation
LogPluginManager: Mounting plugin FacialAnimation
LogPluginManager: Mounting plugin GameplayTagsEditor
LogPluginManager: Mounting plugin MacGraphicsSwitching
LogPluginManager: Mounting plugin MeshEditor
LogPluginManager: Mounting plugin MobileLauncherProfileWizard
LogPluginManager: Mounting plugin PluginBrowser
LogPluginManager: Mounting plugin SpeedTreeImporter
LogPluginManager: Mounting plugin DatasmithContent
LogPluginManager: Mounting plugin AlembicImporter
LogPluginManager: Mounting plugin AppleImageUtils
LogPluginManager: Mounting plugin AppleVision
LogPluginManager: Mounting plugin BackChannel
LogPluginManager: Mounting plugin CharacterAI
LogPluginManager: Mounting plugin GeometryCache
LogPluginManager: Mounting plugin HTML5Networking
LogPluginManager: Mounting plugin ProxyLODPlugin
LogPluginManager: Mounting plugin MagicLeap
LogPluginManager: Mounting plugin MagicLeapEmulator
LogPluginManager: Mounting plugin MagicLeapMedia
LogPluginManager: Mounting plugin AndroidMedia
LogPluginManager: Mounting plugin AvfMedia
LogPluginManager: Mounting plugin ImgMedia
LogPluginManager: Mounting plugin LinearTimecode
LogPluginManager: Mounting plugin MediaCompositing
LogPluginManager: Mounting plugin MediaPlayerEditor
LogPluginManager: Mounting plugin WmfMedia
LogPluginManager: Mounting plugin TcpMessaging
LogPluginManager: Mounting plugin UdpMessaging
LogPluginManager: Mounting plugin ActorSequence
LogPluginManager: Mounting plugin LevelSequenceEditor
LogPluginManager: Mounting plugin MatineeToLevelSequence
LogPluginManager: Mounting plugin NetcodeUnitTest
LogPluginManager: Mounting plugin NUTUnrealEngine4
LogPluginManager: Mounting plugin OnlineSubsystemGooglePlay
LogPluginManager: Mounting plugin OnlineSubsystemIOS
LogPluginManager: Mounting plugin OnlineSubsystem
LogPluginManager: Mounting plugin OnlineSubsystemNull
LogPluginManager: Mounting plugin OnlineSubsystemUtils
LogPluginManager: Mounting plugin LauncherChunkInstaller
LogPluginManager: Mounting plugin AndroidDeviceProfileSelector
LogPluginManager: Mounting plugin AndroidMoviePlayer
LogPluginManager: Mounting plugin AndroidPermission
LogPluginManager: Mounting plugin AppleMoviePlayer
LogPluginManager: Mounting plugin ArchVisCharacter
LogPluginManager: Mounting plugin AudioCapture
LogPluginManager: Mounting plugin CableComponent
LogPluginManager: Mounting plugin CustomMeshComponent
LogPluginManager: Mounting plugin EditableMesh
LogPluginManager: Mounting plugin ExampleDeviceProfileSelector
LogPluginManager: Mounting plugin GoogleCloudMessaging
LogPluginManager: Mounting plugin ImmediatePhysics
LogPluginManager: Mounting plugin IOSDeviceProfileSelector
LogPluginManager: Mounting plugin LinuxDeviceProfileSelector
LogPluginManager: Mounting plugin LocationServicesBPLibrary
LogPluginManager: Mounting plugin MobilePatchingUtils
LogPluginManager: Mounting plugin OculusVR
LogPluginManager: Plugin shader directory ../../../Engine/Plugins/Runtime/Oculus/OculusVR/Shaders found
LogPluginManager: Mapping shader source directory ../../../Engine/Plugins/Runtime/Oculus/OculusVR/Shaders to virtual directory /Plugin/OculusVR
LogPluginManager: Mounting plugin PhysXVehicles
LogPluginManager: Mounting plugin ProceduralMeshComponent
LogPluginManager: Mounting plugin RuntimePhysXCooking
LogPluginManager: Mounting plugin SteamVR
LogPluginManager: Mounting plugin WindowsMoviePlayer
LogStreaming: Display: Took  0.196s to configure plugins.
LogInit: Using libcurl 7.55.1-DEV
LogInit:  - built for x86_64-pc-win32
LogInit:  - supports SSL with OpenSSL/1.0.2h
LogInit:  - supports HTTP deflate (compression) using libz 1.2.8
LogInit:  - other features:
LogInit:      CURL_VERSION_SSL
LogInit:      CURL_VERSION_LIBZ
LogInit:      CURL_VERSION_IPV6
LogInit:      CURL_VERSION_ASYNCHDNS
LogInit:      CURL_VERSION_LARGEFILE
LogInit:      CURL_VERSION_IDN
LogInit:  CurlRequestOptions (configurable via config and command line):
LogInit:  - bVerifyPeer = false  - Libcurl will NOT verify peer certificate
LogInit:  - bUseHttpProxy = false  - Libcurl will NOT use HTTP proxy
LogInit:  - bDontReuseConnections = false  - Libcurl will reuse connections
LogInit:  - CertBundlePath = nullptr  - Libcurl will use whatever was configured at build time.
LogInit:  - MaxHostConnections = 16  - Libcurl will limit the number of connections to a host
LogInit:  - LocalHostAddr = Default
LogInit:  - BufferSize = 65536
LogInit: WinSock: version 1.1 (2.2), MaxSocks=32767, MaxUdp=65467
LogInit: Build: ++UE4+Release-4.20-CL-4369336
LogInit: Engine Version: 4.20.3-4369336+++UE4+Release-4.20
LogInit: Compatible Engine Version: 4.20.0-4212847+++UE4+Release-4.20
LogInit: Net CL: 4212847
LogInit: OS: Windows 10 (), CPU: Intel(R) Xeon(R) W-2123 CPU @ 3.60GHz, GPU: NVIDIA GeForce GTX 1070
LogInit: Compiled (64-bit): Sep 17 2018 12:26:19
LogInit: Compiled with Visual C++: 19.13.26129.00
LogInit: Build Configuration: Development
LogInit: Branch Name: ++UE4+Release-4.20
LogInit: Command Line:  -skipcompile
LogInit: Base Directory: C:/Epic/UE4/UE_4.20/Engine/Binaries/Win64/
LogInit: Installed Engine Build: 1
LogDevObjectVersion: Number of dev versions registered: 20
LogDevObjectVersion:   Dev-Blueprints (B0D832E4-1F89-4F0D-ACCF-7EB736FD4AA2): 10
LogDevObjectVersion:   Dev-Build (E1C64328-A22C-4D53-A36C-8E866417BD8C): 0
LogDevObjectVersion:   Dev-Core (375EC13C-06E4-48FB-B500-84F0262A717E): 2
LogDevObjectVersion:   Dev-Editor (E4B068ED-F494-42E9-A231-DA0B2E46BB41): 24
LogDevObjectVersion:   Dev-Framework (CFFC743F-43B0-4480-9391-14DF171D2073): 34
LogDevObjectVersion:   Dev-Mobile (B02B49B5-BB20-44E9-A304-32B752E40360): 2
LogDevObjectVersion:   Dev-Networking (A4E4105C-59A1-49B5-A7C5-40C4547EDFEE): 0
LogDevObjectVersion:   Dev-Online (39C831C9-5AE6-47DC-9A44-9C173E1C8E7C): 0
LogDevObjectVersion:   Dev-Physics (78F01B33-EBEA-4F98-B9B4-84EACCB95AA2): 0
LogDevObjectVersion:   Dev-Platform (6631380F-2D4D-43E0-8009-CF276956A95A): 0
LogDevObjectVersion:   Dev-Rendering (12F88B9F-8875-4AFC-A67C-D90C383ABD29): 26
LogDevObjectVersion:   Dev-Sequencer (7B5AE74C-D270-4C10-A958-57980B212A5A): 9
LogDevObjectVersion:   Dev-VR (D7296918-1DD6-4BDD-9DE2-64A83CC13884): 2
LogDevObjectVersion:   Dev-LoadTimes (C2A15278-BFE7-4AFE-6C17-90FF531DF755): 1
LogDevObjectVersion:   Private-Geometry (6EACA3D4-40EC-4CC1-B786-8BED09428FC5): 3
LogDevObjectVersion:   Dev-AnimPhys (29E575DD-E0A3-4627-9D10-D276232CDCEA): 17
LogDevObjectVersion:   Dev-ReflectionCapture (6B266CEC-1EC7-4B8F-A30B-E4D90942FC07): 1
LogDevObjectVersion:   Dev-Automation (0DF73D61-A23F-47EA-B727-89E90C41499A): 1
LogDevObjectVersion:   FortniteMain (601D1886-AC64-4F84-AA16-D3DE0DEAC7D6): 12
LogDevObjectVersion:   Dev-Enterprise (9DFFBCD6-494F-0158-E221-12823C92A888): 1
LogStreaming: Display: Took  0.007s to delete old logs.
LogInit: Presizing for max 8388607 objects, including 0 objects not considered by GC, pre-allocating 0 bytes for permanent pool.
LogInit: Object subsystem initialized
[2018.11.22-10.46.14:956][  0]LogInit: Selected Device Profile: [Windows]
[2018.11.22-10.46.14:957][  0]LogInit: Applying CVar settings loaded from the selected device profile: [Windows]
[2018.11.22-10.46.14:974][  0]LogHAL: Display: Platform has ~ 32 GB [34065870848 / 34359738368 / 32], which maps to Largest [LargestMinGB=32, LargerMinGB=12, DefaultMinGB=8, SmallerMinGB=6, SmallestMinGB=0)
[2018.11.22-10.46.14:974][  0]LogInit: Setting Device Profile CVar: [[r.Vulkan.UseRealUBs:1]]
[2018.11.22-10.46.14:975][  0]LogInit: Going up to parent DeviceProfile []
[2018.11.22-10.46.14:975][  0]LogInit: Computer: C117B-06
[2018.11.22-10.46.14:975][  0]LogInit: User: c016193g
[2018.11.22-10.46.14:975][  0]LogInit: CPU Page size=4096, Cores=4
[2018.11.22-10.46.14:975][  0]LogInit: High frequency timer resolution =3.515631 MHz
[2018.11.22-10.46.14:976][  0]LogMemory: Memory total: Physical=31.7GB (32GB approx)
[2018.11.22-10.46.14:976][  0]LogMemory: Platform Memory Stats for Windows
[2018.11.22-10.46.14:976][  0]LogMemory: Process Physical Memory: 100.71 MB used, 100.71 MB peak
[2018.11.22-10.46.14:976][  0]LogMemory: Process Virtual Memory: 91.09 MB used, 91.09 MB peak
[2018.11.22-10.46.14:976][  0]LogMemory: Physical Memory: 8123.67 MB used,  24364.08 MB free, 32487.75 MB total
[2018.11.22-10.46.14:976][  0]LogMemory: Virtual Memory: 4640.09 MB used,  24364.08 MB free, 134217728.00 MB total
[2018.11.22-10.46.15:087][  0]LogInit: Using OS detected language (en-US).
[2018.11.22-10.46.15:087][  0]LogInit: Using OS detected locale (en-GB).
[2018.11.22-10.46.15:089][  0]LogTextLocalizationManager: No specific localization for 'en-US' exists, so the 'en' localization will be used.
[2018.11.22-10.46.15:441][  0]LogStreaming: Display: Took  0.353s to InitEngineTextLocalization.
[2018.11.22-10.46.15:441][  0]LogInit: Setting process to per monitor DPI aware
[2018.11.22-10.46.15:497][  0]LogSlate: New Slate User Created.  User Index 0, Is Virtual User: 0
[2018.11.22-10.46.15:497][  0]LogSlate: Slate User Registered.  User Index 0, Is Virtual User: 0
[2018.11.22-10.46.15:749][  0]LogHMD: Failed to initialize OpenVR with code 110
[2018.11.22-10.46.15:749][  0]LogD3D11RHI: D3D11 adapters:
[2018.11.22-10.46.15:832][  0]LogD3D11RHI:    0. 'NVIDIA GeForce GTX 1070' (Feature Level 11_0)
[2018.11.22-10.46.15:832][  0]LogD3D11RHI:       8088/0/16243 MB DedicatedVideo/DedicatedSystem/SharedSystem, Outputs:2, VendorId:0x10de
[2018.11.22-10.46.15:838][  0]LogD3D11RHI:    1. 'Microsoft Basic Render Driver' (Feature Level 11_0)
[2018.11.22-10.46.15:838][  0]LogD3D11RHI:       0/0/16243 MB DedicatedVideo/DedicatedSystem/SharedSystem, Outputs:0, VendorId:0x1414
[2018.11.22-10.46.15:838][  0]LogD3D11RHI: Chosen D3D11 Adapter: 0
[2018.11.22-10.46.15:845][  0]LogD3D11RHI: Creating new Direct3DDevice
[2018.11.22-10.46.15:845][  0]LogD3D11RHI:     GPU DeviceId: 0x1b81 (for the marketing name, search the web for "GPU Device Id")
[2018.11.22-10.46.15:845][  0]LogWindows: EnumDisplayDevices:
[2018.11.22-10.46.15:845][  0]LogWindows:    0. 'NVIDIA GeForce GTX 1070' (P:0 D:1)
[2018.11.22-10.46.15:845][  0]LogWindows:    1. 'NVIDIA GeForce GTX 1070' (P:1 D:1)
[2018.11.22-10.46.15:846][  0]LogWindows:    2. 'NVIDIA GeForce GTX 1070' (P:0 D:0)
[2018.11.22-10.46.15:846][  0]LogWindows:    3. 'NVIDIA GeForce GTX 1070' (P:0 D:0)
[2018.11.22-10.46.15:846][  0]LogWindows: DebugString: FoundDriverCount:4 
[2018.11.22-10.46.15:846][  0]LogD3D11RHI:     Adapter Name: NVIDIA GeForce GTX 1070
[2018.11.22-10.46.15:846][  0]LogD3D11RHI:   Driver Version: 399.24 (internal:24.21.13.9924, unified:399.24)
[2018.11.22-10.46.15:846][  0]LogD3D11RHI:      Driver Date: 9-5-2018
[2018.11.22-10.46.15:846][  0]LogRHI: Texture pool is 5661 MB (70% of 8088 MB)
[2018.11.22-10.46.15:890][  0]LogD3D11RHI: Async texture creation enabled
[2018.11.22-10.46.15:907][  0]LogD3D11RHI: GPU Timing Frequency: 1000.000000 (Debug: 2 2)
[2018.11.22-10.46.15:909][  0]LogShaderCompilers: Guid format shader working directory is -26 characters bigger than the processId version (../../../../../../Users/c016193g/Documents/Github/FightingGame/FightingGame/Intermediate/Shaders/WorkingDirectory/6112/).
[2018.11.22-10.46.15:909][  0]LogShaderCompilers: Cleaned the shader compiler working directory 'C:/Users/c016193g/AppData/Local/Temp/UnrealShaderWorkingDir/471282964F17BC88C7F9798317F49769/'.
[2018.11.22-10.46.16:164][  0]LogTemp: Display: Loaded TP AllDesktopTargetPlatform
[2018.11.22-10.46.16:179][  0]LogTemp: Display: Loaded TP MacClientTargetPlatform
[2018.11.22-10.46.16:195][  0]LogTemp: Display: Loaded TP MacNoEditorTargetPlatform
[2018.11.22-10.46.16:210][  0]LogTemp: Display: Loaded TP MacServerTargetPlatform
[2018.11.22-10.46.16:229][  0]LogTemp: Display: Loaded TP MacTargetPlatform
[2018.11.22-10.46.16:250][  0]LogTemp: Display: Loaded TP WindowsClientTargetPlatform
[2018.11.22-10.46.16:264][  0]LogTemp: Display: Loaded TP WindowsNoEditorTargetPlatform
[2018.11.22-10.46.16:291][  0]LogTemp: Display: Loaded TP WindowsServerTargetPlatform
[2018.11.22-10.46.16:302][  0]LogTemp: Display: Loaded TP WindowsTargetPlatform
[2018.11.22-10.46.16:382][  0]LogTemp: Display: Loaded TP AndroidTargetPlatform
[2018.11.22-10.46.16:382][  0]LogTemp: Display: Loaded TP AndroidTargetPlatform
[2018.11.22-10.46.16:382][  0]LogTemp: Display: Loaded TP AndroidTargetPlatform
[2018.11.22-10.46.16:383][  0]LogTemp: Display: Loaded TP AndroidTargetPlatform
[2018.11.22-10.46.16:383][  0]LogTemp: Display: Loaded TP AndroidTargetPlatform
[2018.11.22-10.46.16:383][  0]LogTemp: Display: Loaded TP AndroidTargetPlatform
[2018.11.22-10.46.16:383][  0]LogTemp: Display: Loaded TP AndroidTargetPlatform
[2018.11.22-10.46.16:383][  0]LogTemp: Display: Loaded TP AndroidTargetPlatform
[2018.11.22-10.46.16:383][  0]LogTemp: Display: Loaded TP AndroidTargetPlatform
[2018.11.22-10.46.16:383][  0]LogTemp: Display: Loaded TP AndroidTargetPlatform
[2018.11.22-10.46.16:383][  0]LogTemp: Display: Loaded TP AndroidTargetPlatform
[2018.11.22-10.46.16:383][  0]LogTemp: Display: Loaded TP AndroidTargetPlatform
[2018.11.22-10.46.16:383][  0]LogTemp: Display: Loaded TP AndroidTargetPlatform
[2018.11.22-10.46.16:383][  0]LogTemp: Display: Loaded TP AndroidTargetPlatform
[2018.11.22-10.46.16:384][  0]LogTemp: Display: Loaded TP AndroidTargetPlatform
[2018.11.22-10.46.16:384][  0]LogTemp: Display: Loaded TP AndroidTargetPlatform
[2018.11.22-10.46.16:384][  0]LogTemp: Display: Loaded TP AndroidTargetPlatform
[2018.11.22-10.46.16:384][  0]LogTemp: Display: Loaded TP AndroidTargetPlatform
[2018.11.22-10.46.16:389][  0]LogTemp: Display: Loaded TP HTML5TargetPlatform
[2018.11.22-10.46.16:487][  0]LogTemp: Display: Loaded TP IOSTargetPlatform
[2018.11.22-10.46.16:487][  0]LogTemp: Display: Loaded TP IOSTargetPlatform
[2018.11.22-10.46.16:515][  0]LogTemp: Display: Loaded TP TVOSTargetPlatform
[2018.11.22-10.46.16:515][  0]LogTemp: Display: Loaded TP TVOSTargetPlatform
[2018.11.22-10.46.16:541][  0]LogTemp: Display: Loaded TP LinuxClientTargetPlatform
[2018.11.22-10.46.16:559][  0]LogTemp: Display: Loaded TP LinuxNoEditorTargetPlatform
[2018.11.22-10.46.16:574][  0]LogTemp: Display: Loaded TP LinuxServerTargetPlatform
[2018.11.22-10.46.16:591][  0]LogTemp: Display: Loaded TP LinuxTargetPlatform
[2018.11.22-10.46.16:614][  0]LogTemp: Display: Loaded TP LuminTargetPlatform
[2018.11.22-10.46.16:614][  0]LogTargetPlatformManager: Display: Building Assets For Windows
[2018.11.22-10.46.16:755][  0]LogXGEController: Cleaning working directory: C:/Users/c016193g/AppData/Local/Temp/UnrealXGEWorkingDir/
[2018.11.22-10.46.16:755][  0]LogXGEController: Cannot use XGE Controller as Incredibuild is not installed on this machine.
[2018.11.22-10.46.16:755][  0]LogShaderCompilers: Cannot use XGE Shader Compiler as Incredibuild is not installed on this machine.
[2018.11.22-10.46.16:755][  0]LogShaderCompilers: Display: Using Local Shader Compiler.
[2018.11.22-10.46.17:549][  0]LogDerivedDataCache: Display: Max Cache Size: 512 MB
[2018.11.22-10.46.17:602][  0]LogDerivedDataCache: Loaded boot cache 0.05s 71MB C:/Users/c016193g/AppData/Local/UnrealEngine/4.20/DerivedDataCache/Boot.ddc.
[2018.11.22-10.46.17:603][  0]LogDerivedDataCache: Display: Loaded Boot cache: C:/Users/c016193g/AppData/Local/UnrealEngine/4.20/DerivedDataCache/Boot.ddc
[2018.11.22-10.46.17:603][  0]LogDerivedDataCache: FDerivedDataBackendGraph:  Pak pak cache file ../../../../../../Users/c016193g/Documents/Github/FightingGame/FightingGame/DerivedDataCache/DDC.ddp not found, will not use a pak cache.
[2018.11.22-10.46.17:603][  0]LogDerivedDataCache: Unable to find inner node Pak for hierarchical cache Hierarchy.
[2018.11.22-10.46.17:603][  0]LogDerivedDataCache: FDerivedDataBackendGraph:  CompressedPak pak cache file ../../../../../../Users/c016193g/Documents/Github/FightingGame/FightingGame/DerivedDataCache/Compressed.ddp not found, will not use a pak cache.
[2018.11.22-10.46.17:603][  0]LogDerivedDataCache: Unable to find inner node CompressedPak for hierarchical cache Hierarchy.
[2018.11.22-10.46.17:623][  0]LogDerivedDataCache: Display: Pak cache opened for reading ../../../Engine/DerivedDataCache/Compressed.ddp.
[2018.11.22-10.46.17:639][  0]LogDerivedDataCache: Using Local data cache path C:/Users/c016193g/AppData/Local/UnrealEngine/Common/DerivedDataCache: Writable
[2018.11.22-10.46.17:639][  0]LogDerivedDataCache: Shared data cache path not found in *engine.ini, will not use an Shared cache.
[2018.11.22-10.46.17:640][  0]LogDerivedDataCache: Unable to find inner node Shared for hierarchical cache Hierarchy.
[2018.11.22-10.46.17:673][  0]LogMaterial: Verifying Global Shaders for PCD3D_SM5
[2018.11.22-10.46.17:675][  0]LogSlate: Using FreeType 2.6.0
[2018.11.22-10.46.17:675][  0]LogSlate: SlateFontServices - WITH_FREETYPE: 1, WITH_HARFBUZZ: 1
[2018.11.22-10.46.17:750][  0]LogAssetRegistry: FAssetRegistry took 0.0291 seconds to start up
[2018.11.22-10.46.18:092][  0]LogInit: Selected Device Profile: [Windows]
[2018.11.22-10.46.18:267][  0]LogSimplygon: Simplygon DLL not present - disabling.
[2018.11.22-10.46.18:277][  0]LogMeshReduction: Using SimplygonSwarm for distributed automatic mesh merging
[2018.11.22-10.46.18:277][  0]LogMeshReduction: Using ProxyLODMeshReduction for automatic mesh merging
[2018.11.22-10.46.18:277][  0]LogMeshReduction: Using QuadricMeshReduction for automatic static mesh reduction
[2018.11.22-10.46.18:277][  0]LogMeshReduction: No automatic skeletal mesh reduction module available
[2018.11.22-10.46.18:296][  0]LogNetVersion: FightingGame 1.0.0, NetCL: 4212847, EngineNetVer: 5, GameNetVer: 0 (Checksum: 156865789)
[2018.11.22-10.46.18:853][  0]LogPackageLocalizationCache: Processed 11 localized package path(s) for 2 prioritized culture(s) in 0.134759 seconds
[2018.11.22-10.46.18:866][  0]LogUObjectArray: 38425 objects as part of root set at end of initial load.
[2018.11.22-10.46.18:866][  0]LogUObjectAllocator: 6690872 out of 0 bytes used by permanent object pool.
[2018.11.22-10.46.18:866][  0]LogUObjectArray: CloseDisregardForGC: 0/0 objects in disregard for GC pool
[2018.11.22-10.46.19:914][  0]LogTcpMessaging: Initializing TcpMessaging bridge
[2018.11.22-10.46.19:935][  0]LogUdpMessaging: Initializing bridge on interface 0.0.0.0:0 to multicast group 230.0.0.1:6666.
[2018.11.22-10.46.20:147][  0]SourceControl: Source control is disabled
[2018.11.22-10.46.20:147][  0]SourceControl: Source control is disabled
[2018.11.22-10.46.20:150][  0]SourceControl: Source control is disabled
[2018.11.22-10.46.20:154][  0]SourceControl: Source control is disabled
[2018.11.22-10.46.20:448][  0]LogAndroidPermission: UAndroidPermissionCallbackProxy::GetInstance
[2018.11.22-10.46.20:523][  0]LogOcInput: OculusInput pre-init called
[2018.11.22-10.46.20:616][  0]LogEngine: Initializing Engine...
[2018.11.22-10.46.20:618][  0]LogHMD: Failed to initialize OpenVR with code 110
[2018.11.22-10.46.20:621][  0]LogStats: UGameplayTagsManager::ConstructGameplayTagTree: ImportINI prefixes -  0.000 s
[2018.11.22-10.46.20:622][  0]LogStats: UGameplayTagsManager::ConstructGameplayTagTree: Construct from data asset -  0.000 s
[2018.11.22-10.46.20:623][  0]LogStats: UGameplayTagsManager::ConstructGameplayTagTree: ImportINI -  0.001 s
[2018.11.22-10.46.20:623][  0]LogStats: UGameplayTagsManager::ConstructGameplayTagTree: GameplayTagTreeChangedEvent.Broadcast -  0.000 s
[2018.11.22-10.46.20:841][  0]LogInit: Initializing FReadOnlyCVARCache
[2018.11.22-10.46.20:868][  0]LogAIModule: Creating AISystem for world Untitled
[2018.11.22-10.46.20:879][  0]LogInit: XAudio2 using 'Speakers (High Definition Audio Device)' : 2 channels at 48 kHz using 16 bits per sample (channel mask 0x3)
[2018.11.22-10.46.20:919][  0]LogInit: FAudioDevice initialized.
[2018.11.22-10.46.20:920][  0]LogNetVersion: Set ProjectVersion to 1.0.0.0. Version Checksum will be recalculated on next use.
[2018.11.22-10.46.20:972][  0]LogDerivedDataCache: Saved boot cache 0.05s 71MB C:/Users/c016193g/AppData/Local/UnrealEngine/4.20/DerivedDataCache/Boot.ddc.
[2018.11.22-10.46.20:995][  0]LogInit: Texture streaming: Enabled
[2018.11.22-10.46.21:044][  0]LogEngineSessionManager: EngineSessionManager initialized
[2018.11.22-10.46.21:044][  0]LogEngineSessionManager: EngineSessionManager sent abnormal shutdown report. Type=Debugger, SessionId={953DE65F-454C-497A-B2A0-F3B899005C4D}
[2018.11.22-10.46.21:059][  0]LogInit: Transaction tracking system initialized
[2018.11.22-10.46.21:098][  0]BlueprintLog: New page: Editor Load
[2018.11.22-10.46.21:246][  0]LocalizationService: Localization service is disabled
[2018.11.22-10.46.21:566][  0]LogCook: Display: Max memory allowance for cook 16384mb min free memory 0mb
[2018.11.22-10.46.21:566][  0]LogCook: Display: Mobile HDR setting 1
[2018.11.22-10.46.21:567][  0]LogGameplayTags: Display: UGameplayTagsManager::DoneAddingNativeTags. DelegateIsBound: 0
[2018.11.22-10.46.21:567][  0]LogStats: UGameplayTagsManager::ConstructGameplayTagTree: ImportINI prefixes -  0.000 s
[2018.11.22-10.46.21:567][  0]LogStats: UGameplayTagsManager::ConstructGameplayTagTree: Construct from data asset -  0.000 s
[2018.11.22-10.46.21:567][  0]LogStats: UGameplayTagsManager::ConstructGameplayTagTree: ImportINI -  0.000 s
[2018.11.22-10.46.21:567][  0]LogStats: UGameplayTagsManager::ConstructGameplayTagTree: GameplayTagTreeChangedEvent.Broadcast -  0.000 s
[2018.11.22-10.46.21:758][  0]LogFileCache: Scanning file cache for directory 'C:/Users/c016193g/Documents/Github/FightingGame/FightingGame/Content/' took 0.02s
[2018.11.22-10.46.21:759][  0]SourceControl: Source control is disabled
[2018.11.22-10.46.21:759][  0]Cmd: MAP LOAD FILE="../../../../../../Users/c016193g/Documents/Github/FightingGame/FightingGame/Content/StarterContent/Maps/Minimal_Default.umap" TEMPLATE=0 SHOWPROGRESS=1 FEATURELEVEL=3
[2018.11.22-10.46.21:760][  0]LightingResults: New page: Lighting Build
[2018.11.22-10.46.21:763][  0]MapCheck: New page: Map Check
[2018.11.22-10.46.21:763][  0]LightingResults: New page: Lighting Build
[2018.11.22-10.46.22:074][  0]LogAIModule: Creating AISystem for world Minimal_Default
[2018.11.22-10.46.22:095][  0]LogEditorServer: Finished looking for orphan Actors (0.000 secs)
[2018.11.22-10.46.22:127][  0]Cmd: MAP CHECKDEP NOCLEARLOG
[2018.11.22-10.46.22:241][  0]MapCheck: Map check complete: 0 Error(s), 0 Warning(s), took 113.755ms to complete.
[2018.11.22-10.46.22:242][  0]LogFileHelpers: Loading map 'Minimal_Default' took 0.483
[2018.11.22-10.46.22:381][  0]LogSlate: Updating window title bar state: overlay mode, drag disabled, window buttons hidden, title bar hidden
[2018.11.22-10.46.22:389][  0]LogSlate: Updating window title bar state: overlay mode, drag disabled, window buttons hidden, title bar hidden
[2018.11.22-10.46.22:397][  0]LogSlate: Updating window title bar state: overlay mode, drag disabled, window buttons hidden, title bar hidden
[2018.11.22-10.46.22:405][  0]LogSlate: Updating window title bar state: overlay mode, drag disabled, window buttons hidden, title bar hidden
[2018.11.22-10.46.22:416][  0]LogCollectionManager: Loaded 0 collections in 0.002676 seconds
[2018.11.22-10.46.22:466][  0]LogFileCache: Scanning file cache for directory 'C:/Users/c016193g/Documents/Github/FightingGame/FightingGame/Saved/Collections/' took 0.01s
[2018.11.22-10.46.22:466][  0]LogFileCache: Scanning file cache for directory 'C:/Users/c016193g/Documents/Github/FightingGame/FightingGame/Content/Developers/c016193g/Collections/' took 0.01s
[2018.11.22-10.46.22:466][  0]LogFileCache: Scanning file cache for directory 'C:/Users/c016193g/Documents/Github/FightingGame/FightingGame/Content/Collections/' took 0.01s
[2018.11.22-10.46.22:466][  0]LogCollectionManager: Rebuilt the GUID cache for 0 collections in 0.000001 seconds
[2018.11.22-10.46.22:479][  0]LogContentBrowser: Native class hierarchy populated in 0.0125 seconds. Added 2575 classes and 605 folders.
[2018.11.22-10.46.22:488][  0]LogContentBrowser: Native class hierarchy updated for 'WidgetCarousel' in 0.0004 seconds. Added 0 classes and 0 folders.
[2018.11.22-10.46.22:542][  0]LogContentBrowser: Native class hierarchy updated for 'AddContentDialog' in 0.0004 seconds. Added 0 classes and 0 folders.
[2018.11.22-10.46.22:551][  0]LogContentBrowser: Native class hierarchy updated for 'SceneOutliner' in 0.0004 seconds. Added 1 classes and 2 folders.
[2018.11.22-10.46.22:565][  0]LogSlate: Took 0.000208 seconds to synchronously load lazily loaded font '../../../Engine/Content/Slate/Fonts/Roboto-Regular.ttf' (155K)
[2018.11.22-10.46.22:567][  0]LogSlate: Took 0.000195 seconds to synchronously load lazily loaded font '../../../Engine/Content/Slate/Fonts/Roboto-Bold.ttf' (160K)
[2018.11.22-10.46.22:573][  0]LogSlate: Took 0.000209 seconds to synchronously load lazily loaded font '../../../Engine/Content/Editor/Slate/Fonts/FontAwesome.ttf' (139K)
[2018.11.22-10.46.22:649][  0]LogRenderer: Reallocating scene render targets to support 1208x576 Format 10 NumSamples 1 (Frame:1).
[2018.11.22-10.46.22:783][  0]LogContentBrowser: Native class hierarchy updated for 'HierarchicalLODOutliner' in 0.0008 seconds. Added 0 classes and 0 folders.
[2018.11.22-10.46.22:783][  0]LogLoad: (Engine Initialization) Total time: 10.28 seconds
[2018.11.22-10.46.22:783][  0]LogLoad: (Engine Initialization) Total Blueprint compile time: 0.00 seconds
[2018.11.22-10.46.22:795][  0]LogWindowsTextInputMethodSystem: Display: IME system now deactivated.
[2018.11.22-10.46.22:821][  0]LogContentStreaming: Texture pool size now 1000 MB
[2018.11.22-10.46.22:897][  0]LogSlate: Took 0.000202 seconds to synchronously load lazily loaded font '../../../Engine/Content/Slate/Fonts/Roboto-Light.ttf' (167K)
[2018.11.22-10.46.22:918][  1]LogAssetRegistry: Asset discovery search completed in 5.1931 seconds
[2018.11.22-10.46.22:920][  1]LogCollectionManager: Rebuilt the object cache for 0 collections in 0.000001 seconds (found 0 objects)
[2018.11.22-10.46.22:920][  1]LogCollectionManager: Fixed up redirectors for 0 collections in 0.000123 seconds (updated 0 objects)
[2018.11.22-10.46.32:988][192]LogSlate: FSceneViewport::OnFocusLost() reason 0
[2018.11.22-10.46.33:079][203]LogTemp: Repeating last play command: Selected Viewport
[2018.11.22-10.46.33:095][203]LogBlueprintUserMessages: Early PlayInEditor Detection: Level '/Game/StarterContent/Maps/Minimal_Default.Minimal_Default:PersistentLevel' has LevelScriptBlueprint '/Game/StarterContent/Maps/Minimal_Default.Minimal_Default:PersistentLevel.Minimal_Default' with GeneratedClass '/Game/StarterContent/Maps/Minimal_Default.Minimal_Default_C' with ClassGeneratedBy '/Game/StarterContent/Maps/Minimal_Default.Minimal_Default:PersistentLevel.Minimal_Default'
[2018.11.22-10.46.33:095][203]LogPlayLevel: PlayLevel: No blueprints needed recompiling
[2018.11.22-10.46.33:119][203]PIE: New page: PIE session: Minimal_Default (22 Nov 2018 10:46:33)
[2018.11.22-10.46.33:120][203]LogPlayLevel: Creating play world package: /Game/StarterContent/Maps/UEDPIE_1_Minimal_Default
[2018.11.22-10.46.33:128][203]LogPlayLevel: PIE: StaticDuplicateObject took: (0.008364s)
[2018.11.22-10.46.33:130][203]LogAIModule: Creating AISystem for world Minimal_Default
[2018.11.22-10.46.33:130][203]LogPlayLevel: PIE: World Init took: (0.001994s)
[2018.11.22-10.46.33:131][203]LogPlayLevel: PIE: Created PIE world by copying editor world from /Game/StarterContent/Maps/Minimal_Default.Minimal_Default to /Game/StarterContent/Maps/UEDPIE_1_Minimal_Default.Minimal_Default (0.011167s)
[2018.11.22-10.46.33:172][203]LogInit: XAudio2 using 'Speakers (High Definition Audio Device)' : 2 channels at 48 kHz using 16 bits per sample (channel mask 0x3)
[2018.11.22-10.46.33:182][203]LogInit: FAudioDevice initialized.
[2018.11.22-10.46.33:296][203]LogLoad: Game class is 'FightingGameMode_C'
[2018.11.22-10.46.33:300][203]LogWorld: Bringing World /Game/StarterContent/Maps/UEDPIE_1_Minimal_Default.Minimal_Default up for play (max tick rate 0) at 2018.11.22-10.46.33
[2018.11.22-10.46.33:300][203]LogWorld: Bringing up level for play took: 0.001072
[2018.11.22-10.46.33:321][203]LogContentBrowser: Native class hierarchy updated for 'MovieSceneCapture' in 0.0004 seconds. Added 10 classes and 0 folders.
[2018.11.22-10.46.33:323][203]LogTemp: Display: ParseSettings for GameNetDriver
[2018.11.22-10.46.33:323][203]LogTemp: Display: ParseSettings for IpNetDriver_0
[2018.11.22-10.46.33:323][203]LogTemp: Display: ParseSettings for GameNetDriver
[2018.11.22-10.46.33:324][203]LogNet: ReplicationDriverClass is null! Not using ReplicationDriver.
[2018.11.22-10.46.33:324][203]LogInit: WinSock: Socket queue 131072 / 131072
[2018.11.22-10.46.33:332][203]LogInit: WinSock: I am c117b-06 (10.6.118.48:0)
[2018.11.22-10.46.33:332][203]PacketHandlerLog: Loaded PacketHandler component: Engine.EngineHandlerComponentFactory (StatelessConnectHandlerComponent)
[2018.11.22-10.46.33:332][203]LogNet: GameNetDriver IpNetDriver_0 IpNetDriver listening on port 17777
[2018.11.22-10.46.33:333][203]PIE: Play in editor start time for /Game/StarterContent/Maps/UEDPIE_1_Minimal_Default 0.292
[2018.11.22-10.46.33:342][203]PIE: New page: PIE session: Minimal_Default (22 Nov 2018 10:46:33)
[2018.11.22-10.46.33:353][203]LogSlate: FSceneViewport::OnFocusLost() reason 2
[2018.11.22-10.46.33:357][203]LogSlate: Updating window title bar state: overlay mode, drag disabled, window buttons hidden, title bar hidden
[2018.11.22-10.46.33:420][203]LogNet: Browse: 127.0.0.1:17777//Game/StarterContent/Maps/Minimal_Default
[2018.11.22-10.46.33:421][203]LogTemp: Display: ParseSettings for GameNetDriver
[2018.11.22-10.46.33:421][203]LogTemp: Display: ParseSettings for IpNetDriver_1
[2018.11.22-10.46.33:421][203]LogTemp: Display: ParseSettings for PendingNetDriver
[2018.11.22-10.46.33:421][203]LogInit: WinSock: Socket queue 32768 / 32768
[2018.11.22-10.46.33:423][203]PacketHandlerLog: Loaded PacketHandler component: Engine.EngineHandlerComponentFactory (StatelessConnectHandlerComponent)
[2018.11.22-10.46.33:423][203]LogNet: Game client on port 17777, rate 10000
[2018.11.22-10.46.33:427][203]PIE: Play in editor start time for /Game/StarterContent/Maps/Minimal_Default 0.387
[2018.11.22-10.46.33:440][203]LogBlueprintUserMessages: Late PlayInEditor Detection: Level '/Game/StarterContent/Maps/Minimal_Default.Minimal_Default:PersistentLevel' has LevelScriptBlueprint '/Game/StarterContent/Maps/Minimal_Default.Minimal_Default:PersistentLevel.Minimal_Default' with GeneratedClass '/Game/StarterContent/Maps/Minimal_Default.Minimal_Default_C' with ClassGeneratedBy '/Game/StarterContent/Maps/Minimal_Default.Minimal_Default:PersistentLevel.Minimal_Default'
[2018.11.22-10.46.33:440][203]LogNet: NotifyAcceptingConnection accepted from: 127.0.0.1:52817
[2018.11.22-10.46.33:440][203]LogHandshake: SendConnectChallenge. Timestamp: 0.008334, Cookie: 225200065205207128246055069077216025211241233222219064232248
[2018.11.22-10.46.33:450][203]LogHandshake: SendChallengeResponse. Timestamp: 0.008334, Cookie: 225200065205207128246055069077216025211241233222219064232248
[2018.11.22-10.46.33:540][204]LogNet: NotifyAcceptingConnection accepted from: 127.0.0.1:52817
[2018.11.22-10.46.33:540][204]LogHandshake: SendChallengeAck. InCookie: 225200065205207128246055069077216025211241233222219064232248
[2018.11.22-10.46.33:541][204]LogNet: Server accepting post-challenge connection from: 127.0.0.1:52817
[2018.11.22-10.46.33:542][204]PacketHandlerLog: Loaded PacketHandler component: Engine.EngineHandlerComponentFactory (StatelessConnectHandlerComponent)
[2018.11.22-10.46.33:543][204]LogNet: NotifyAcceptedConnection: Name: Minimal_Default, TimeStamp: 11/22/18 10:46:33, [UNetConnection] RemoteAddr: 127.0.0.1:52817, Name: IpConnection_1, Driver: GameNetDriver IpNetDriver_0, IsServer: YES, PC: NULL, Owner: NULL, UniqueId: INVALID
[2018.11.22-10.46.33:543][204]LogNet: AddClientConnection: Added client connection: [UNetConnection] RemoteAddr: 127.0.0.1:52817, Name: IpConnection_1, Driver: GameNetDriver IpNetDriver_0, IsServer: YES, PC: NULL, Owner: NULL, UniqueId: INVALID
[2018.11.22-10.46.33:545][204]LogNetVersion: FightingGame 1.0.0.0, NetCL: 4212847, EngineNetVer: 5, GameNetVer: 0 (Checksum: 4124689447)
[2018.11.22-10.46.33:545][204]LogNet: UPendingNetGame::SendInitialJoin: Sending hello. [UNetConnection] RemoteAddr: 127.0.0.1:17777, Name: IpConnection_0, Driver: PendingNetDriver IpNetDriver_1, IsServer: NO, PC: NULL, Owner: NULL, UniqueId: INVALID
[2018.11.22-10.46.33:561][205]LogNet: NotifyAcceptingChannel Control 0 server World /Game/StarterContent/Maps/UEDPIE_1_Minimal_Default.Minimal_Default: Accepted
[2018.11.22-10.46.33:562][205]LogNet: Remote platform little endian=1
[2018.11.22-10.46.33:562][205]LogNet: This platform little endian=1
[2018.11.22-10.46.33:582][206]LogNet: Login request: /Game/StarterContent/Maps/Minimal_Default?Name=c117b-06-19D18B504AE7236BC301AC831B83D778 userId: c117b-06-19D18B504AE7236BC301AC831B83D778
[2018.11.22-10.46.33:583][206]LogNet: Welcomed by server (Level: /Game/StarterContent/Maps/UEDPIE_1_Minimal_Default, Game: /Game/FightingGameMode.FightingGameMode_C)
[2018.11.22-10.46.33:584][206]LogLoad: LoadMap: 127.0.0.1:17777//Game/StarterContent/Maps/UEDPIE_1_Minimal_Default?game=/Game/FightingGameMode.FightingGameMode_C
[2018.11.22-10.46.33:614][206]LogAIModule: Creating AISystem for world Minimal_Default
[2018.11.22-10.46.33:614][206]LogTemp: Display: ParseSettings for GameNetDriver
[2018.11.22-10.46.33:616][206]LogWorld: Bringing World /Game/StarterContent/Maps/UEDPIE_2_Minimal_Default.Minimal_Default up for play (max tick rate 0) at 2018.11.22-10.46.33
[2018.11.22-10.46.33:616][206]LogWorld: Bringing up level for play took: 0.000773
[2018.11.22-10.46.33:616][206]LogLoad: Took 0.032565 seconds to LoadMap(/Game/StarterContent/Maps/UEDPIE_1_Minimal_Default)
[2018.11.22-10.46.33:639][207]LogRenderer: Reallocating scene render targets to support 1280x720 Format 10 NumSamples 1 (Frame:1).
[2018.11.22-10.46.33:641][207]LogNet: Client netspeed is 10000
[2018.11.22-10.46.33:641][207]LogNet: Join request: /Game/StarterContent/Maps/Minimal_Default?Name=c117b-06-19D18B504AE7236BC301AC831B83D778?SplitscreenCount=1
[2018.11.22-10.46.33:641][207]LogOnline: Warning: OSS: No game present to join for session (GameSession)
[2018.11.22-10.46.33:643][207]LogNet: Join succeeded: c117b-06-19D18B504AE
[2018.11.22-10.46.33:683][210]LogOnline: Warning: OSS: No game present to join for session (GameSession)
[2018.11.22-10.46.33:694][211]LogOnline: Warning: OSS: No game present to join for session (GameSession)
[2018.11.22-10.46.35:104][377]LogSlate: FSceneViewport::OnFocusLost() reason 0
[2018.11.22-10.46.36:824][563]LogEditorViewport: Clicking on Actor (LMB): TestPlayer_C (TestPlayer1)
[2018.11.22-10.46.38:194][705]LogGameplayDebugReplication: Error: Category count mismtach! received:5 expected:0
[2018.11.22-10.46.38:194][705]LogNet: Error: ReceivedBunch: NetDeltaSerialize - Reader.IsError() == true. Property: ReplicatedData, Object: GameplayDebuggerCategoryReplicator /Game/StarterContent/Maps/UEDPIE_2_Minimal_Default.Minimal_Default:PersistentLevel.GameplayDebuggerCategoryReplicator_0
[2018.11.22-10.46.59:621][100]LogSlate: FSceneViewport::OnFocusLost() reason 0
[2018.11.22-10.46.59:700][109]LogBlueprintUserMessages: Early EndPlayMap Detection: Level '/Game/StarterContent/Maps/Minimal_Default.Minimal_Default:PersistentLevel' has LevelScriptBlueprint '/Game/StarterContent/Maps/Minimal_Default.Minimal_Default:PersistentLevel.Minimal_Default' with GeneratedClass '/Game/StarterContent/Maps/Minimal_Default.Minimal_Default_C' with ClassGeneratedBy '/Game/StarterContent/Maps/Minimal_Default.Minimal_Default:PersistentLevel.Minimal_Default'
[2018.11.22-10.46.59:701][109]LogSlate: Updating window title bar state: overlay mode, drag disabled, window buttons hidden, title bar hidden
[2018.11.22-10.46.59:718][109]LogSlate: Window 'FightingGame Game Preview Client 1 (64-bit/PCD3D_SM5)' being destroyed
[2018.11.22-10.46.59:756][109]LogOnline: Warning: OSS: No game present to leave for session (GameSession)
[2018.11.22-10.46.59:756][109]LogSlate: Updating window title bar state: overlay mode, drag disabled, window buttons hidden, title bar hidden
[2018.11.22-10.46.59:797][109]LogPlayLevel: Display: Shutting down PIE online subsystems
[2018.11.22-10.46.59:797][109]LogBlueprintUserMessages: Late EndPlayMap Detection: Level '/Game/StarterContent/Maps/Minimal_Default.Minimal_Default:PersistentLevel' has LevelScriptBlueprint '/Game/StarterContent/Maps/Minimal_Default.Minimal_Default:PersistentLevel.Minimal_Default' with GeneratedClass '/Game/StarterContent/Maps/Minimal_Default.Minimal_Default_C' with ClassGeneratedBy '/Game/StarterContent/Maps/Minimal_Default.Minimal_Default:PersistentLevel.Minimal_Default'
[2018.11.22-10.46.59:824][109]LogNet: UChannel::CleanUp: ChIndex == 0. Closing connection. [UChannel] ChIndex: 0, Closing: 0 [UNetConnection] RemoteAddr: 127.0.0.1:52817, Name: IpConnection_1, Driver: GameNetDriver IpNetDriver_0, IsServer: YES, PC: PlayerController_1, Owner: PlayerController_1, UniqueId: NULL:c117b-06-19D18B504AE7236BC301AC831B83D778
[2018.11.22-10.46.59:824][109]LogNet: UNetConnection::Close: [UNetConnection] RemoteAddr: 127.0.0.1:52817, Name: IpConnection_1, Driver: GameNetDriver IpNetDriver_0, IsServer: YES, PC: PlayerController_1, Owner: PlayerController_1, UniqueId: NULL:c117b-06-19D18B504AE7236BC301AC831B83D778, Channels: 2, Time: 2018.11.22-10.46.59
[2018.11.22-10.46.59:824][109]LogNet: UChannel::Close: Sending CloseBunch. ChIndex == 0. Name: [UChannel] ChIndex: 0, Closing: 0 [UNetConnection] RemoteAddr: 127.0.0.1:52817, Name: IpConnection_1, Driver: GameNetDriver IpNetDriver_0, IsServer: YES, PC: PlayerController_1, Owner: PlayerController_1, UniqueId: NULL:c117b-06-19D18B504AE7236BC301AC831B83D778
[2018.11.22-10.46.59:824][109]LogNet: UChannel::CleanUp: ChIndex == 0. Closing connection. [UChannel] ChIndex: 0, Closing: 0 [UNetConnection] RemoteAddr: 127.0.0.1:17777, Name: IpConnection_0, Driver: GameNetDriver IpNetDriver_1, IsServer: NO, PC: None, Owner: None, UniqueId: NULL:c117b-06-19D18B504AE7236BC301AC831B83D778
[2018.11.22-10.46.59:824][109]LogNet: UNetConnection::Close: [UNetConnection] RemoteAddr: 127.0.0.1:17777, Name: IpConnection_0, Driver: GameNetDriver IpNetDriver_1, IsServer: NO, PC: None, Owner: None, UniqueId: NULL:c117b-06-19D18B504AE7236BC301AC831B83D778, Channels: 2, Time: 2018.11.22-10.46.59
[2018.11.22-10.46.59:825][109]LogNet: UChannel::Close: Sending CloseBunch. ChIndex == 0. Name: [UChannel] ChIndex: 0, Closing: 0 [UNetConnection] RemoteAddr: 127.0.0.1:17777, Name: IpConnection_0, Driver: GameNetDriver IpNetDriver_1, IsServer: NO, PC: None, Owner: None, UniqueId: NULL:c117b-06-19D18B504AE7236BC301AC831B83D778
[2018.11.22-10.46.59:828][109]LogSlate: Updating window title bar state: overlay mode, drag disabled, window buttons hidden, title bar hidden
[2018.11.22-10.46.59:828][109]LogExit: GameNetDriver None shut down
[2018.11.22-10.46.59:829][109]LogExit: GameNetDriver None shut down
[2018.11.22-10.46.59:843][110]LogPlayLevel: Display: Destroying online subsystem :Context_2
[2018.11.22-10.46.59:843][110]LogPlayLevel: Display: Destroying online subsystem :Context_1
[2018.11.22-10.47.03:489][531]LogEditorViewport: Clicking on Actor (LMB): StaticMeshActor (Floor)
[2018.11.22-10.47.05:720][775]LogSlate: FSceneViewport::OnFocusLost() reason 0
[2018.11.22-10.47.14:945][839]LogSlate: FSceneViewport::OnFocusLost() reason 0
[2018.11.22-10.47.15:301][881]LogTemp: Repeating last play command: Selected Viewport
[2018.11.22-10.47.15:318][881]LogBlueprintUserMessages: Early PlayInEditor Detection: Level '/Game/StarterContent/Maps/Minimal_Default.Minimal_Default:PersistentLevel' has LevelScriptBlueprint '/Game/StarterContent/Maps/Minimal_Default.Minimal_Default:PersistentLevel.Minimal_Default' with GeneratedClass '/Game/StarterContent/Maps/Minimal_Default.Minimal_Default_C' with ClassGeneratedBy '/Game/StarterContent/Maps/Minimal_Default.Minimal_Default:PersistentLevel.Minimal_Default'
[2018.11.22-10.47.15:318][881]LogPlayLevel: PlayLevel: No blueprints needed recompiling
[2018.11.22-10.47.15:322][881]PIE: New page: PIE session: Minimal_Default (22 Nov 2018 10:47:15)
[2018.11.22-10.47.15:322][881]LogPlayLevel: Creating play world package: /Game/StarterContent/Maps/UEDPIE_1_Minimal_Default
[2018.11.22-10.47.15:325][881]LogPlayLevel: PIE: StaticDuplicateObject took: (0.003007s)
[2018.11.22-10.47.15:326][881]LogAIModule: Creating AISystem for world Minimal_Default
[2018.11.22-10.47.15:326][881]LogPlayLevel: PIE: World Init took: (0.000821s)
[2018.11.22-10.47.15:326][881]LogPlayLevel: PIE: Created PIE world by copying editor world from /Game/StarterContent/Maps/Minimal_Default.Minimal_Default to /Game/StarterContent/Maps/UEDPIE_1_Minimal_Default.Minimal_Default (0.004226s)
[2018.11.22-10.47.15:356][881]LogInit: XAudio2 using 'Speakers (High Definition Audio Device)' : 2 channels at 48 kHz using 16 bits per sample (channel mask 0x3)
[2018.11.22-10.47.15:365][881]LogInit: FAudioDevice initialized.
[2018.11.22-10.47.15:399][881]LogLoad: Game class is 'FightingGameMode_C'
[2018.11.22-10.47.15:400][881]LogWorld: Bringing World /Game/StarterContent/Maps/UEDPIE_1_Minimal_Default.Minimal_Default up for play (max tick rate 0) at 2018.11.22-10.47.15
[2018.11.22-10.47.15:401][881]LogWorld: Bringing up level for play took: 0.001293
[2018.11.22-10.47.15:415][881]LogTemp: Display: ParseSettings for GameNetDriver
[2018.11.22-10.47.15:416][881]LogTemp: Display: ParseSettings for IpNetDriver_2
[2018.11.22-10.47.15:416][881]LogTemp: Display: ParseSettings for GameNetDriver
[2018.11.22-10.47.15:416][881]LogNet: ReplicationDriverClass is null! Not using ReplicationDriver.
[2018.11.22-10.47.15:416][881]LogInit: WinSock: Socket queue 131072 / 131072
[2018.11.22-10.47.15:417][881]PacketHandlerLog: Loaded PacketHandler component: Engine.EngineHandlerComponentFactory (StatelessConnectHandlerComponent)
[2018.11.22-10.47.15:417][881]LogNet: GameNetDriver IpNetDriver_2 IpNetDriver listening on port 17777
[2018.11.22-10.47.15:417][881]PIE: Play in editor start time for /Game/StarterContent/Maps/UEDPIE_1_Minimal_Default 0.376
[2018.11.22-10.47.15:423][881]PIE: New page: PIE session: Minimal_Default (22 Nov 2018 10:47:15)
[2018.11.22-10.47.15:432][881]LogSlate: FSceneViewport::OnFocusLost() reason 2
[2018.11.22-10.47.15:437][881]LogSlate: Updating window title bar state: overlay mode, drag disabled, window buttons hidden, title bar hidden
[2018.11.22-10.47.15:501][881]LogNet: Browse: 127.0.0.1:17777//Game/StarterContent/Maps/Minimal_Default
[2018.11.22-10.47.15:501][881]LogTemp: Display: ParseSettings for GameNetDriver
[2018.11.22-10.47.15:502][881]LogTemp: Display: ParseSettings for IpNetDriver_3
[2018.11.22-10.47.15:502][881]LogTemp: Display: ParseSettings for PendingNetDriver
[2018.11.22-10.47.15:502][881]LogInit: WinSock: Socket queue 32768 / 32768
[2018.11.22-10.47.15:504][881]PacketHandlerLog: Loaded PacketHandler component: Engine.EngineHandlerComponentFactory (StatelessConnectHandlerComponent)
[2018.11.22-10.47.15:504][881]LogNet: Game client on port 17777, rate 10000
[2018.11.22-10.47.15:511][881]PIE: Play in editor start time for /Game/StarterContent/Maps/Minimal_Default 0.471
[2018.11.22-10.47.15:526][881]LogBlueprintUserMessages: Late PlayInEditor Detection: Level '/Game/StarterContent/Maps/Minimal_Default.Minimal_Default:PersistentLevel' has LevelScriptBlueprint '/Game/StarterContent/Maps/Minimal_Default.Minimal_Default:PersistentLevel.Minimal_Default' with GeneratedClass '/Game/StarterContent/Maps/Minimal_Default.Minimal_Default_C' with ClassGeneratedBy '/Game/StarterContent/Maps/Minimal_Default.Minimal_Default:PersistentLevel.Minimal_Default'
[2018.11.22-10.47.15:526][881]LogNet: NotifyAcceptingConnection accepted from: 127.0.0.1:65305
[2018.11.22-10.47.15:527][881]LogHandshake: SendConnectChallenge. Timestamp: 0.008334, Cookie: 050092104201043111036073093176015133184104214125052057051164
[2018.11.22-10.47.15:528][881]LogHandshake: SendChallengeResponse. Timestamp: 0.008334, Cookie: 050092104201043111036073093176015133184104214125052057051164
[2018.11.22-10.47.15:593][882]LogNet: NotifyAcceptingConnection accepted from: 127.0.0.1:65305
[2018.11.22-10.47.15:593][882]LogHandshake: SendChallengeAck. InCookie: 050092104201043111036073093176015133184104214125052057051164
[2018.11.22-10.47.15:594][882]LogNet: Server accepting post-challenge connection from: 127.0.0.1:65305
[2018.11.22-10.47.15:594][882]PacketHandlerLog: Loaded PacketHandler component: Engine.EngineHandlerComponentFactory (StatelessConnectHandlerComponent)
[2018.11.22-10.47.15:595][882]LogNet: NotifyAcceptedConnection: Name: Minimal_Default, TimeStamp: 11/22/18 10:47:15, [UNetConnection] RemoteAddr: 127.0.0.1:65305, Name: IpConnection_3, Driver: GameNetDriver IpNetDriver_2, IsServer: YES, PC: NULL, Owner: NULL, UniqueId: INVALID
[2018.11.22-10.47.15:595][882]LogNet: AddClientConnection: Added client connection: [UNetConnection] RemoteAddr: 127.0.0.1:65305, Name: IpConnection_3, Driver: GameNetDriver IpNetDriver_2, IsServer: YES, PC: NULL, Owner: NULL, UniqueId: INVALID
[2018.11.22-10.47.15:597][882]LogNet: UPendingNetGame::SendInitialJoin: Sending hello. [UNetConnection] RemoteAddr: 127.0.0.1:17777, Name: IpConnection_2, Driver: PendingNetDriver IpNetDriver_3, IsServer: NO, PC: NULL, Owner: NULL, UniqueId: INVALID
[2018.11.22-10.47.15:609][883]LogNet: NotifyAcceptingChannel Control 0 server World /Game/StarterContent/Maps/UEDPIE_1_Minimal_Default.Minimal_Default: Accepted
[2018.11.22-10.47.15:610][883]LogNet: Remote platform little endian=1
[2018.11.22-10.47.15:610][883]LogNet: This platform little endian=1
[2018.11.22-10.47.15:631][884]LogNet: Login request: /Game/StarterContent/Maps/Minimal_Default?Name=c117b-06-F6F56C4F4D33A29966BA9CB3BA12E0FF userId: c117b-06-F6F56C4F4D33A29966BA9CB3BA12E0FF
[2018.11.22-10.47.15:631][884]LogNet: Welcomed by server (Level: /Game/StarterContent/Maps/UEDPIE_1_Minimal_Default, Game: /Game/FightingGameMode.FightingGameMode_C)
[2018.11.22-10.47.15:632][884]LogLoad: LoadMap: 127.0.0.1:17777//Game/StarterContent/Maps/UEDPIE_1_Minimal_Default?game=/Game/FightingGameMode.FightingGameMode_C
[2018.11.22-10.47.15:661][884]LogAIModule: Creating AISystem for world Minimal_Default
[2018.11.22-10.47.15:661][884]LogTemp: Display: ParseSettings for GameNetDriver
[2018.11.22-10.47.15:663][884]LogWorld: Bringing World /Game/StarterContent/Maps/UEDPIE_2_Minimal_Default.Minimal_Default up for play (max tick rate 0) at 2018.11.22-10.47.15
[2018.11.22-10.47.15:663][884]LogWorld: Bringing up level for play took: 0.000787
[2018.11.22-10.47.15:663][884]LogLoad: Took 0.031469 seconds to LoadMap(/Game/StarterContent/Maps/UEDPIE_1_Minimal_Default)
[2018.11.22-10.47.15:674][885]LogNet: Client netspeed is 10000
[2018.11.22-10.47.15:674][885]LogNet: Join request: /Game/StarterContent/Maps/Minimal_Default?Name=c117b-06-F6F56C4F4D33A29966BA9CB3BA12E0FF?SplitscreenCount=1
[2018.11.22-10.47.15:675][885]LogOnline: Warning: OSS: No game present to join for session (GameSession)
[2018.11.22-10.47.15:676][885]LogNet: Join succeeded: c117b-06-F6F56C4F4D3
[2018.11.22-10.47.15:728][891]LogOnline: Warning: OSS: No game present to join for session (GameSession)
[2018.11.22-10.47.15:753][894]LogOnline: Warning: OSS: No game present to join for session (GameSession)
[2018.11.22-10.47.17:899][134]LogSlate: FSceneViewport::OnFocusLost() reason 2
[2018.11.22-10.47.20:347][388]LogGameplayDebugReplication: Error: Category count mismtach! received:5 expected:0
[2018.11.22-10.47.20:347][388]LogNet: Error: ReceivedBunch: NetDeltaSerialize - Reader.IsError() == true. Property: ReplicatedData, Object: GameplayDebuggerCategoryReplicator /Game/StarterContent/Maps/UEDPIE_2_Minimal_Default.Minimal_Default:PersistentLevel.GameplayDebuggerCategoryReplicator_0
[2018.11.22-10.47.21:471][509]LogEditorViewport: Clicking on Actor (LMB): TestPlayer_C (TestPlayer)
[2018.11.22-10.47.24:527][775]LogEditorViewport: Clicking on Actor (LMB): CameraActor (CameraActor)
[2018.11.22-10.47.25:862][891]LogEditorViewport: Clicking on Actor (LMB): BP_Sky_Sphere_C (BP_Sky_Sphere)
[2018.11.22-10.47.26:150][909]LogEditorViewport: Clicking on Actor (LMB): TestPlayer_C (TestPlayer)
[2018.11.22-10.47.30:710][383]LogEditorViewport: Clicking on Actor (LMB): TestPlayer_C (TestPlayer1)
[2018.11.22-10.47.39:038][262]LogSlate: FSceneViewport::OnFocusLost() reason 0
[2018.11.22-10.47.42:679][678]LogEditorViewport: Clicking on Actor (double click): CameraActor (CameraActor)
[2018.11.22-10.47.43:352][726]LogSlate: FSceneViewport::OnFocusLost() reason 0
[2018.11.22-10.47.49:681][472]LogBlueprintUserMessages: Early EndPlayMap Detection: Level '/Game/StarterContent/Maps/Minimal_Default.Minimal_Default:PersistentLevel' has LevelScriptBlueprint '/Game/StarterContent/Maps/Minimal_Default.Minimal_Default:PersistentLevel.Minimal_Default' with GeneratedClass '/Game/StarterContent/Maps/Minimal_Default.Minimal_Default_C' with ClassGeneratedBy '/Game/StarterContent/Maps/Minimal_Default.Minimal_Default:PersistentLevel.Minimal_Default'
[2018.11.22-10.47.49:682][472]LogSlate: Updating window title bar state: overlay mode, drag disabled, window buttons hidden, title bar hidden
[2018.11.22-10.47.49:701][472]LogSlate: Window 'FightingGame Game Preview Client 1 (64-bit/PCD3D_SM5)' being destroyed
[2018.11.22-10.47.49:734][472]LogOnline: Warning: OSS: No game present to leave for session (GameSession)
[2018.11.22-10.47.49:734][472]LogSlate: Updating window title bar state: overlay mode, drag disabled, window buttons hidden, title bar hidden
[2018.11.22-10.47.49:775][472]LogPlayLevel: Display: Shutting down PIE online subsystems
[2018.11.22-10.47.49:776][472]LogBlueprintUserMessages: Late EndPlayMap Detection: Level '/Game/StarterContent/Maps/Minimal_Default.Minimal_Default:PersistentLevel' has LevelScriptBlueprint '/Game/StarterContent/Maps/Minimal_Default.Minimal_Default:PersistentLevel.Minimal_Default' with GeneratedClass '/Game/StarterContent/Maps/Minimal_Default.Minimal_Default_C' with ClassGeneratedBy '/Game/StarterContent/Maps/Minimal_Default.Minimal_Default:PersistentLevel.Minimal_Default'
[2018.11.22-10.47.49:810][472]LogNet: UChannel::CleanUp: ChIndex == 0. Closing connection. [UChannel] ChIndex: 0, Closing: 0 [UNetConnection] RemoteAddr: 127.0.0.1:65305, Name: IpConnection_3, Driver: GameNetDriver IpNetDriver_2, IsServer: YES, PC: None, Owner: None, UniqueId: NULL:c117b-06-F6F56C4F4D33A29966BA9CB3BA12E0FF
[2018.11.22-10.47.49:810][472]LogNet: UNetConnection::Close: [UNetConnection] RemoteAddr: 127.0.0.1:65305, Name: IpConnection_3, Driver: GameNetDriver IpNetDriver_2, IsServer: YES, PC: None, Owner: None, UniqueId: NULL:c117b-06-F6F56C4F4D33A29966BA9CB3BA12E0FF, Channels: 2, Time: 2018.11.22-10.47.49
[2018.11.22-10.47.49:810][472]LogNet: UChannel::Close: Sending CloseBunch. ChIndex == 0. Name: [UChannel] ChIndex: 0, Closing: 0 [UNetConnection] RemoteAddr: 127.0.0.1:65305, Name: IpConnection_3, Driver: GameNetDriver IpNetDriver_2, IsServer: YES, PC: None, Owner: None, UniqueId: NULL:c117b-06-F6F56C4F4D33A29966BA9CB3BA12E0FF
[2018.11.22-10.47.49:810][472]LogNet: UChannel::CleanUp: ChIndex == 0. Closing connection. [UChannel] ChIndex: 0, Closing: 0 [UNetConnection] RemoteAddr: 127.0.0.1:17777, Name: IpConnection_2, Driver: GameNetDriver IpNetDriver_3, IsServer: NO, PC: None, Owner: None, UniqueId: NULL:c117b-06-F6F56C4F4D33A29966BA9CB3BA12E0FF
[2018.11.22-10.47.49:810][472]LogNet: UNetConnection::Close: [UNetConnection] RemoteAddr: 127.0.0.1:17777, Name: IpConnection_2, Driver: GameNetDriver IpNetDriver_3, IsServer: NO, PC: None, Owner: None, UniqueId: NULL:c117b-06-F6F56C4F4D33A29966BA9CB3BA12E0FF, Channels: 2, Time: 2018.11.22-10.47.49
[2018.11.22-10.47.49:810][472]LogNet: UChannel::Close: Sending CloseBunch. ChIndex == 0. Name: [UChannel] ChIndex: 0, Closing: 0 [UNetConnection] RemoteAddr: 127.0.0.1:17777, Name: IpConnection_2, Driver: GameNetDriver IpNetDriver_3, IsServer: NO, PC: None, Owner: None, UniqueId: NULL:c117b-06-F6F56C4F4D33A29966BA9CB3BA12E0FF
[2018.11.22-10.47.49:813][472]LogSlate: Updating window title bar state: overlay mode, drag disabled, window buttons hidden, title bar hidden
[2018.11.22-10.47.49:814][472]LogExit: GameNetDriver None shut down
[2018.11.22-10.47.49:814][472]LogExit: GameNetDriver None shut down
[2018.11.22-10.47.49:833][473]LogPlayLevel: Display: Destroying online subsystem :Context_7
[2018.11.22-10.47.49:833][473]LogPlayLevel: Display: Destroying online subsystem :Context_6
[2018.11.22-10.47.53:363][886]LogEditorViewport: Clicking on Actor (LMB): CameraActor (CameraActor)
[2018.11.22-10.47.54:848][ 26]LogSlate: FSceneViewport::OnFocusLost() reason 0
[2018.11.22-10.47.54:931][ 36]LogTemp: Repeating last play command: Selected Viewport
[2018.11.22-10.47.54:946][ 36]LogBlueprintUserMessages: Early PlayInEditor Detection: Level '/Game/StarterContent/Maps/Minimal_Default.Minimal_Default:PersistentLevel' has LevelScriptBlueprint '/Game/StarterContent/Maps/Minimal_Default.Minimal_Default:PersistentLevel.Minimal_Default' with GeneratedClass '/Game/StarterContent/Maps/Minimal_Default.Minimal_Default_C' with ClassGeneratedBy '/Game/StarterContent/Maps/Minimal_Default.Minimal_Default:PersistentLevel.Minimal_Default'
[2018.11.22-10.47.54:947][ 36]LogPlayLevel: PlayLevel: No blueprints needed recompiling
[2018.11.22-10.47.54:950][ 36]PIE: New page: PIE session: Minimal_Default (22 Nov 2018 10:47:54)
[2018.11.22-10.47.54:950][ 36]LogPlayLevel: Creating play world package: /Game/StarterContent/Maps/UEDPIE_1_Minimal_Default
[2018.11.22-10.47.54:954][ 36]LogPlayLevel: PIE: StaticDuplicateObject took: (0.003340s)
[2018.11.22-10.47.54:955][ 36]LogAIModule: Creating AISystem for world Minimal_Default
[2018.11.22-10.47.54:955][ 36]LogPlayLevel: PIE: World Init took: (0.000803s)
[2018.11.22-10.47.54:955][ 36]LogPlayLevel: PIE: Created PIE world by copying editor world from /Game/StarterContent/Maps/Minimal_Default.Minimal_Default to /Game/StarterContent/Maps/UEDPIE_1_Minimal_Default.Minimal_Default (0.004526s)
[2018.11.22-10.47.55:027][ 36]LogInit: XAudio2 using 'Speakers (High Definition Audio Device)' : 2 channels at 48 kHz using 16 bits per sample (channel mask 0x3)
[2018.11.22-10.47.55:052][ 36]LogInit: FAudioDevice initialized.
[2018.11.22-10.47.55:095][ 36]LogLoad: Game class is 'FightingGameMode_C'
[2018.11.22-10.47.55:096][ 36]LogWorld: Bringing World /Game/StarterContent/Maps/UEDPIE_1_Minimal_Default.Minimal_Default up for play (max tick rate 0) at 2018.11.22-10.47.55
[2018.11.22-10.47.55:097][ 36]LogWorld: Bringing up level for play took: 0.001085
[2018.11.22-10.47.55:112][ 36]LogTemp: Display: ParseSettings for GameNetDriver
[2018.11.22-10.47.55:112][ 36]LogTemp: Display: ParseSettings for IpNetDriver_4
[2018.11.22-10.47.55:112][ 36]LogTemp: Display: ParseSettings for GameNetDriver
[2018.11.22-10.47.55:113][ 36]LogNet: ReplicationDriverClass is null! Not using ReplicationDriver.
[2018.11.22-10.47.55:113][ 36]LogInit: WinSock: Socket queue 131072 / 131072
[2018.11.22-10.47.55:113][ 36]PacketHandlerLog: Loaded PacketHandler component: Engine.EngineHandlerComponentFactory (StatelessConnectHandlerComponent)
[2018.11.22-10.47.55:114][ 36]LogNet: GameNetDriver IpNetDriver_4 IpNetDriver listening on port 17777
[2018.11.22-10.47.55:114][ 36]PIE: Play in editor start time for /Game/StarterContent/Maps/UEDPIE_1_Minimal_Default 0.074
[2018.11.22-10.47.55:119][ 36]PIE: New page: PIE session: Minimal_Default (22 Nov 2018 10:47:55)
[2018.11.22-10.47.55:125][ 36]LogSlate: FSceneViewport::OnFocusLost() reason 2
[2018.11.22-10.47.55:128][ 36]LogSlate: Updating window title bar state: overlay mode, drag disabled, window buttons hidden, title bar hidden
[2018.11.22-10.47.55:193][ 36]LogNet: Browse: 127.0.0.1:17777//Game/StarterContent/Maps/Minimal_Default
[2018.11.22-10.47.55:194][ 36]LogTemp: Display: ParseSettings for GameNetDriver
[2018.11.22-10.47.55:194][ 36]LogTemp: Display: ParseSettings for IpNetDriver_5
[2018.11.22-10.47.55:194][ 36]LogTemp: Display: ParseSettings for PendingNetDriver
[2018.11.22-10.47.55:195][ 36]LogInit: WinSock: Socket queue 32768 / 32768
[2018.11.22-10.47.55:196][ 36]PacketHandlerLog: Loaded PacketHandler component: Engine.EngineHandlerComponentFactory (StatelessConnectHandlerComponent)
[2018.11.22-10.47.55:196][ 36]LogNet: Game client on port 17777, rate 10000
[2018.11.22-10.47.55:202][ 36]PIE: Play in editor start time for /Game/StarterContent/Maps/Minimal_Default 0.162
[2018.11.22-10.47.55:219][ 36]LogBlueprintUserMessages: Late PlayInEditor Detection: Level '/Game/StarterContent/Maps/Minimal_Default.Minimal_Default:PersistentLevel' has LevelScriptBlueprint '/Game/StarterContent/Maps/Minimal_Default.Minimal_Default:PersistentLevel.Minimal_Default' with GeneratedClass '/Game/StarterContent/Maps/Minimal_Default.Minimal_Default_C' with ClassGeneratedBy '/Game/StarterContent/Maps/Minimal_Default.Minimal_Default:PersistentLevel.Minimal_Default'
[2018.11.22-10.47.55:220][ 36]LogNet: NotifyAcceptingConnection accepted from: 127.0.0.1:54882
[2018.11.22-10.47.55:220][ 36]LogHandshake: SendConnectChallenge. Timestamp: 0.008334, Cookie: 054011108204013049040011225050048188103253231193015088067155
[2018.11.22-10.47.55:222][ 36]LogHandshake: SendChallengeResponse. Timestamp: 0.008334, Cookie: 054011108204013049040011225050048188103253231193015088067155
[2018.11.22-10.47.55:289][ 37]LogNet: NotifyAcceptingConnection accepted from: 127.0.0.1:54882
[2018.11.22-10.47.55:289][ 37]LogHandshake: SendChallengeAck. InCookie: 054011108204013049040011225050048188103253231193015088067155
[2018.11.22-10.47.55:289][ 37]LogNet: Server accepting post-challenge connection from: 127.0.0.1:54882
[2018.11.22-10.47.55:290][ 37]PacketHandlerLog: Loaded PacketHandler component: Engine.EngineHandlerComponentFactory (StatelessConnectHandlerComponent)
[2018.11.22-10.47.55:290][ 37]LogNet: NotifyAcceptedConnection: Name: Minimal_Default, TimeStamp: 11/22/18 10:47:55, [UNetConnection] RemoteAddr: 127.0.0.1:54882, Name: IpConnection_5, Driver: GameNetDriver IpNetDriver_4, IsServer: YES, PC: NULL, Owner: NULL, UniqueId: INVALID
[2018.11.22-10.47.55:290][ 37]LogNet: AddClientConnection: Added client connection: [UNetConnection] RemoteAddr: 127.0.0.1:54882, Name: IpConnection_5, Driver: GameNetDriver IpNetDriver_4, IsServer: YES, PC: NULL, Owner: NULL, UniqueId: INVALID
[2018.11.22-10.47.55:291][ 37]LogNet: UPendingNetGame::SendInitialJoin: Sending hello. [UNetConnection] RemoteAddr: 127.0.0.1:17777, Name: IpConnection_4, Driver: PendingNetDriver IpNetDriver_5, IsServer: NO, PC: NULL, Owner: NULL, UniqueId: INVALID
[2018.11.22-10.47.55:301][ 38]LogNet: NotifyAcceptingChannel Control 0 server World /Game/StarterContent/Maps/UEDPIE_1_Minimal_Default.Minimal_Default: Accepted
[2018.11.22-10.47.55:302][ 38]LogNet: Remote platform little endian=1
[2018.11.22-10.47.55:302][ 38]LogNet: This platform little endian=1
[2018.11.22-10.47.55:326][ 39]LogNet: Login request: /Game/StarterContent/Maps/Minimal_Default?Name=c117b-06-78AFB0484B5C547D088DB585E72B98AF userId: c117b-06-78AFB0484B5C547D088DB585E72B98AF
[2018.11.22-10.47.55:327][ 39]LogNet: Welcomed by server (Level: /Game/StarterContent/Maps/UEDPIE_1_Minimal_Default, Game: /Game/FightingGameMode.FightingGameMode_C)
[2018.11.22-10.47.55:327][ 39]LogLoad: LoadMap: 127.0.0.1:17777//Game/StarterContent/Maps/UEDPIE_1_Minimal_Default?game=/Game/FightingGameMode.FightingGameMode_C
[2018.11.22-10.47.55:363][ 39]LogAIModule: Creating AISystem for world Minimal_Default
[2018.11.22-10.47.55:363][ 39]LogTemp: Display: ParseSettings for GameNetDriver
[2018.11.22-10.47.55:364][ 39]LogWorld: Bringing World /Game/StarterContent/Maps/UEDPIE_2_Minimal_Default.Minimal_Default up for play (max tick rate 0) at 2018.11.22-10.47.55
[2018.11.22-10.47.55:364][ 39]LogWorld: Bringing up level for play took: 0.000760
[2018.11.22-10.47.55:365][ 39]LogLoad: Took 0.036807 seconds to LoadMap(/Game/StarterContent/Maps/UEDPIE_1_Minimal_Default)
[2018.11.22-10.47.55:377][ 40]LogNet: Client netspeed is 10000
[2018.11.22-10.47.55:377][ 40]LogNet: Join request: /Game/StarterContent/Maps/Minimal_Default?Name=c117b-06-78AFB0484B5C547D088DB585E72B98AF?SplitscreenCount=1
[2018.11.22-10.47.55:377][ 40]LogOnline: Warning: OSS: No game present to join for session (GameSession)
[2018.11.22-10.47.55:379][ 40]LogNet: Join succeeded: c117b-06-78AFB0484B5
[2018.11.22-10.47.55:434][ 44]LogOnline: Warning: OSS: No game present to join for session (GameSession)
[2018.11.22-10.47.55:458][ 47]LogOnline: Warning: OSS: No game present to join for session (GameSession)
[2018.11.22-10.47.56:380][157]LogSlate: FSceneViewport::OnFocusLost() reason 0
[2018.11.22-10.47.59:974][553]LogGameplayDebugReplication: Error: Category count mismtach! received:5 expected:0
[2018.11.22-10.47.59:974][553]LogNet: Error: ReceivedBunch: NetDeltaSerialize - Reader.IsError() == true. Property: ReplicatedData, Object: GameplayDebuggerCategoryReplicator /Game/StarterContent/Maps/UEDPIE_2_Minimal_Default.Minimal_Default:PersistentLevel.GameplayDebuggerCategoryReplicator_0
[2018.11.22-10.48.01:545][736]LogSlate: FSceneViewport::OnFocusLost() reason 0
[2018.11.22-10.48.07:247][261]LogEditorViewport: Clicking on Actor (LMB): TestPlayer_C (TestPlayer1)
[2018.11.22-10.48.09:090][441]LogSlate: FSceneViewport::OnFocusLost() reason 0
[2018.11.22-10.48.12:517][753]LogEditorViewport: Clicking on Actor (LMB): TestPlayer_C (TestPlayer1)
[2018.11.22-10.48.17:569][211]LogEditorViewport: Clicking on Actor (context menu): BP_Sky_Sphere_C (BP_Sky_Sphere)
[2018.11.22-10.48.17:598][211]LogSlate: FSceneViewport::OnFocusLost() reason 2
[2018.11.22-10.48.18:297][284]LogEditorViewport: Clicking on Actor (LMB): BP_Sky_Sphere_C (BP_Sky_Sphere)
[2018.11.22-10.48.18:546][304]LogEditorViewport: Clicking on Actor (LMB): TestPlayer_C (TestPlayer1)
