Log file open, 11/30/18 17:05:55
LogWindows: Failed to load 'aqProf.dll' (GetLastError=126)
LogWindows: File 'aqProf.dll' does not exist
LogWindows: Failed to load 'VSPerf140.dll' (GetLastError=126)
LogWindows: File 'VSPerf140.dll' does not exist
LogWindows: Failed to load 'VtuneApi.dll' (GetLastError=126)
LogWindows: File 'VtuneApi.dll' does not exist
LogWindows: Failed to load 'VtuneApi32e.dll' (GetLastError=126)
LogWindows: File 'VtuneApi32e.dll' does not exist
LogInit: Display: Running engine for game: FightingGame
LogPlatformFile: Not using cached read wrapper
LogTaskGraph: Started task graph with 5 named threads and 23 total threads with 3 sets of task threads.
LogStats: Stats thread started at 0.333666
LogD3D11RHI: Loaded GFSDK_Aftermath_Lib.x64.dll
LogICUInternationalization: Display: ICU TimeZone Detection - Raw Offset: +0:00, Platform Override: ''
LogPluginManager: Mounting plugin Paper2D
LogPluginManager: Mounting plugin AISupport
LogPluginManager: Mounting plugin LightPropagationVolume
LogPluginManager: Mounting plugin CLionSourceCodeAccess
LogPluginManager: Mounting plugin CodeLiteSourceCodeAccess
LogPluginManager: Mounting plugin GitSourceControl
LogPluginManager: Mounting plugin KDevelopSourceCodeAccess
LogPluginManager: Mounting plugin NullSourceCodeAccess
LogPluginManager: Mounting plugin PerforceSourceControl
LogPluginManager: Mounting plugin SubversionSourceControl
LogPluginManager: Mounting plugin UObjectPlugin
LogPluginManager: Mounting plugin VisualStudioCodeSourceCodeAccess
LogPluginManager: Mounting plugin VisualStudioSourceCodeAccess
LogPluginManager: Mounting plugin XCodeSourceCodeAccess
LogPluginManager: Mounting plugin AssetManagerEditor
LogPluginManager: Mounting plugin CryptoKeys
LogPluginManager: Mounting plugin DataValidation
LogPluginManager: Mounting plugin FacialAnimation
LogPluginManager: Mounting plugin GameplayTagsEditor
LogPluginManager: Mounting plugin MacGraphicsSwitching
LogPluginManager: Mounting plugin MeshEditor
LogPluginManager: Mounting plugin MobileLauncherProfileWizard
LogPluginManager: Mounting plugin PluginBrowser
LogPluginManager: Mounting plugin SpeedTreeImporter
LogPluginManager: Mounting plugin DatasmithContent
LogPluginManager: Mounting plugin AlembicImporter
LogPluginManager: Mounting plugin AppleImageUtils
LogPluginManager: Mounting plugin AppleVision
LogPluginManager: Mounting plugin BackChannel
LogPluginManager: Mounting plugin CharacterAI
LogPluginManager: Mounting plugin GeometryCache
LogPluginManager: Mounting plugin HTML5Networking
LogPluginManager: Mounting plugin ProxyLODPlugin
LogPluginManager: Mounting plugin MagicLeap
LogPluginManager: Mounting plugin MagicLeapEmulator
LogPluginManager: Mounting plugin MagicLeapMedia
LogPluginManager: Mounting plugin AndroidMedia
LogPluginManager: Mounting plugin AvfMedia
LogPluginManager: Mounting plugin ImgMedia
LogPluginManager: Mounting plugin LinearTimecode
LogPluginManager: Mounting plugin MediaCompositing
LogPluginManager: Mounting plugin MediaPlayerEditor
LogPluginManager: Mounting plugin WmfMedia
LogPluginManager: Mounting plugin TcpMessaging
LogPluginManager: Mounting plugin UdpMessaging
LogPluginManager: Mounting plugin ActorSequence
LogPluginManager: Mounting plugin LevelSequenceEditor
LogPluginManager: Mounting plugin MatineeToLevelSequence
LogPluginManager: Mounting plugin NetcodeUnitTest
LogPluginManager: Mounting plugin NUTUnrealEngine4
LogPluginManager: Mounting plugin OnlineSubsystemGooglePlay
LogPluginManager: Mounting plugin OnlineSubsystemIOS
LogPluginManager: Mounting plugin OnlineSubsystem
LogPluginManager: Mounting plugin OnlineSubsystemNull
LogPluginManager: Mounting plugin OnlineSubsystemUtils
LogPluginManager: Mounting plugin LauncherChunkInstaller
LogPluginManager: Mounting plugin AndroidDeviceProfileSelector
LogPluginManager: Mounting plugin AndroidMoviePlayer
LogPluginManager: Mounting plugin AndroidPermission
LogPluginManager: Mounting plugin AppleMoviePlayer
LogPluginManager: Mounting plugin ArchVisCharacter
LogPluginManager: Mounting plugin AudioCapture
LogPluginManager: Mounting plugin CableComponent
LogPluginManager: Mounting plugin CustomMeshComponent
LogPluginManager: Mounting plugin EditableMesh
LogPluginManager: Mounting plugin ExampleDeviceProfileSelector
LogPluginManager: Mounting plugin GoogleCloudMessaging
LogPluginManager: Mounting plugin ImmediatePhysics
LogPluginManager: Mounting plugin IOSDeviceProfileSelector
LogPluginManager: Mounting plugin LinuxDeviceProfileSelector
LogPluginManager: Mounting plugin LocationServicesBPLibrary
LogPluginManager: Mounting plugin MobilePatchingUtils
LogPluginManager: Mounting plugin OculusVR
LogPluginManager: Plugin shader directory ../../../Engine/Plugins/Runtime/Oculus/OculusVR/Shaders found
LogPluginManager: Mapping shader source directory ../../../Engine/Plugins/Runtime/Oculus/OculusVR/Shaders to virtual directory /Plugin/OculusVR
LogPluginManager: Mounting plugin PhysXVehicles
LogPluginManager: Mounting plugin ProceduralMeshComponent
LogPluginManager: Mounting plugin RuntimePhysXCooking
LogPluginManager: Mounting plugin SteamVR
LogPluginManager: Mounting plugin WindowsMoviePlayer
LogStreaming: Display: Took  0.530s to configure plugins.
LogInit: Using libcurl 7.55.1-DEV
LogInit:  - built for x86_64-pc-win32
LogInit:  - supports SSL with OpenSSL/1.0.2h
LogInit:  - supports HTTP deflate (compression) using libz 1.2.8
LogInit:  - other features:
LogInit:      CURL_VERSION_SSL
LogInit:      CURL_VERSION_LIBZ
LogInit:      CURL_VERSION_IPV6
LogInit:      CURL_VERSION_ASYNCHDNS
LogInit:      CURL_VERSION_LARGEFILE
LogInit:      CURL_VERSION_IDN
LogInit:  CurlRequestOptions (configurable via config and command line):
LogInit:  - bVerifyPeer = false  - Libcurl will NOT verify peer certificate
LogInit:  - bUseHttpProxy = false  - Libcurl will NOT use HTTP proxy
LogInit:  - bDontReuseConnections = false  - Libcurl will reuse connections
LogInit:  - CertBundlePath = nullptr  - Libcurl will use whatever was configured at build time.
LogInit:  - MaxHostConnections = 16  - Libcurl will limit the number of connections to a host
LogInit:  - LocalHostAddr = Default
LogInit:  - BufferSize = 65536
LogInit: WinSock: version 1.1 (2.2), MaxSocks=32767, MaxUdp=65467
LogInit: Build: ++UE4+Release-4.20-CL-4369336
LogInit: Engine Version: 4.20.3-4369336+++UE4+Release-4.20
LogInit: Compatible Engine Version: 4.20.0-4212847+++UE4+Release-4.20
LogInit: Net CL: 4212847
LogInit: OS: Windows 10 (), CPU: Intel(R) Xeon(R) CPU E5-1620 v3 @ 3.50GHz, GPU: NVIDIA GeForce GTX 970
LogInit: Compiled (64-bit): Sep 17 2018 12:26:19
LogInit: Compiled with Visual C++: 19.13.26129.00
LogInit: Build Configuration: Development
LogInit: Branch Name: ++UE4+Release-4.20
LogInit: Command Line: 
LogInit: Base Directory: C:/Epic/UE4/UE_4.20/Engine/Binaries/Win64/
LogInit: Installed Engine Build: 1
LogDevObjectVersion: Number of dev versions registered: 20
LogDevObjectVersion:   Dev-Blueprints (B0D832E4-1F89-4F0D-ACCF-7EB736FD4AA2): 10
LogDevObjectVersion:   Dev-Build (E1C64328-A22C-4D53-A36C-8E866417BD8C): 0
LogDevObjectVersion:   Dev-Core (375EC13C-06E4-48FB-B500-84F0262A717E): 2
LogDevObjectVersion:   Dev-Editor (E4B068ED-F494-42E9-A231-DA0B2E46BB41): 24
LogDevObjectVersion:   Dev-Framework (CFFC743F-43B0-4480-9391-14DF171D2073): 34
LogDevObjectVersion:   Dev-Mobile (B02B49B5-BB20-44E9-A304-32B752E40360): 2
LogDevObjectVersion:   Dev-Networking (A4E4105C-59A1-49B5-A7C5-40C4547EDFEE): 0
LogDevObjectVersion:   Dev-Online (39C831C9-5AE6-47DC-9A44-9C173E1C8E7C): 0
LogDevObjectVersion:   Dev-Physics (78F01B33-EBEA-4F98-B9B4-84EACCB95AA2): 0
LogDevObjectVersion:   Dev-Platform (6631380F-2D4D-43E0-8009-CF276956A95A): 0
LogDevObjectVersion:   Dev-Rendering (12F88B9F-8875-4AFC-A67C-D90C383ABD29): 26
LogDevObjectVersion:   Dev-Sequencer (7B5AE74C-D270-4C10-A958-57980B212A5A): 9
LogDevObjectVersion:   Dev-VR (D7296918-1DD6-4BDD-9DE2-64A83CC13884): 2
LogDevObjectVersion:   Dev-LoadTimes (C2A15278-BFE7-4AFE-6C17-90FF531DF755): 1
LogDevObjectVersion:   Private-Geometry (6EACA3D4-40EC-4CC1-B786-8BED09428FC5): 3
LogDevObjectVersion:   Dev-AnimPhys (29E575DD-E0A3-4627-9D10-D276232CDCEA): 17
LogDevObjectVersion:   Dev-ReflectionCapture (6B266CEC-1EC7-4B8F-A30B-E4D90942FC07): 1
LogDevObjectVersion:   Dev-Automation (0DF73D61-A23F-47EA-B727-89E90C41499A): 1
LogDevObjectVersion:   FortniteMain (601D1886-AC64-4F84-AA16-D3DE0DEAC7D6): 12
LogDevObjectVersion:   Dev-Enterprise (9DFFBCD6-494F-0158-E221-12823C92A888): 1
LogStreaming: Display: Took  0.007s to delete old logs.
LogInit: Presizing for max 8388607 objects, including 0 objects not considered by GC, pre-allocating 0 bytes for permanent pool.
LogInit: Object subsystem initialized
[2018.11.30-17.05.55:906][  0]LogInit: Selected Device Profile: [Windows]
[2018.11.30-17.05.55:906][  0]LogInit: Applying CVar settings loaded from the selected device profile: [Windows]
[2018.11.30-17.05.55:926][  0]LogHAL: Display: Platform has ~ 16 GB [17082683392 / 17179869184 / 16], which maps to Larger [LargestMinGB=32, LargerMinGB=12, DefaultMinGB=8, SmallerMinGB=6, SmallestMinGB=0)
[2018.11.30-17.05.55:926][  0]LogInit: Setting Device Profile CVar: [[r.Vulkan.UseRealUBs:1]]
[2018.11.30-17.05.55:926][  0]LogInit: Going up to parent DeviceProfile []
[2018.11.30-17.05.55:927][  0]LogInit: Computer: D120-08
[2018.11.30-17.05.55:927][  0]LogInit: User: c016193g
[2018.11.30-17.05.55:927][  0]LogInit: CPU Page size=4096, Cores=4
[2018.11.30-17.05.55:927][  0]LogInit: High frequency timer resolution =3.410071 MHz
[2018.11.30-17.05.55:927][  0]LogMemory: Memory total: Physical=15.9GB (16GB approx)
[2018.11.30-17.05.55:927][  0]LogMemory: Platform Memory Stats for Windows
[2018.11.30-17.05.55:927][  0]LogMemory: Process Physical Memory: 100.82 MB used, 100.82 MB peak
[2018.11.30-17.05.55:927][  0]LogMemory: Process Virtual Memory: 91.84 MB used, 91.84 MB peak
[2018.11.30-17.05.55:927][  0]LogMemory: Physical Memory: 7370.64 MB used,  8920.67 MB free, 16291.32 MB total
[2018.11.30-17.05.55:927][  0]LogMemory: Virtual Memory: 4641.14 MB used,  8920.67 MB free, 134217728.00 MB total
[2018.11.30-17.05.55:964][  0]LogInit: Using OS detected language (en-US).
[2018.11.30-17.05.55:964][  0]LogInit: Using OS detected locale (en-GB).
[2018.11.30-17.05.55:967][  0]LogTextLocalizationManager: No specific localization for 'en-US' exists, so the 'en' localization will be used.
[2018.11.30-17.05.56:374][  0]LogStreaming: Display: Took  0.411s to InitEngineTextLocalization.
[2018.11.30-17.05.56:375][  0]LogInit: Setting process to per monitor DPI aware
[2018.11.30-17.05.56:433][  0]LogSlate: New Slate User Created.  User Index 0, Is Virtual User: 0
[2018.11.30-17.05.56:433][  0]LogSlate: Slate User Registered.  User Index 0, Is Virtual User: 0
[2018.11.30-17.05.56:815][  0]LogHMD: Failed to initialize OpenVR with code 110
[2018.11.30-17.05.56:816][  0]LogD3D11RHI: D3D11 adapters:
[2018.11.30-17.05.56:926][  0]LogD3D11RHI:    0. 'NVIDIA GeForce GTX 970' (Feature Level 11_0)
[2018.11.30-17.05.56:926][  0]LogD3D11RHI:       4043/0/8145 MB DedicatedVideo/DedicatedSystem/SharedSystem, Outputs:2, VendorId:0x10de
[2018.11.30-17.05.56:932][  0]LogD3D11RHI:    1. 'Microsoft Basic Render Driver' (Feature Level 11_0)
[2018.11.30-17.05.56:932][  0]LogD3D11RHI:       0/0/8145 MB DedicatedVideo/DedicatedSystem/SharedSystem, Outputs:0, VendorId:0x1414
[2018.11.30-17.05.56:932][  0]LogD3D11RHI: Chosen D3D11 Adapter: 0
[2018.11.30-17.05.56:954][  0]LogD3D11RHI: Creating new Direct3DDevice
[2018.11.30-17.05.56:954][  0]LogD3D11RHI:     GPU DeviceId: 0x13c2 (for the marketing name, search the web for "GPU Device Id")
[2018.11.30-17.05.56:954][  0]LogWindows: EnumDisplayDevices:
[2018.11.30-17.05.56:955][  0]LogWindows:    0. 'NVIDIA GeForce GTX 970' (P:1 D:1)
[2018.11.30-17.05.56:956][  0]LogWindows:    1. 'NVIDIA GeForce GTX 970' (P:0 D:1)
[2018.11.30-17.05.56:956][  0]LogWindows:    2. 'NVIDIA GeForce GTX 970' (P:0 D:0)
[2018.11.30-17.05.56:957][  0]LogWindows:    3. 'NVIDIA GeForce GTX 970' (P:0 D:0)
[2018.11.30-17.05.56:957][  0]LogWindows: DebugString: FoundDriverCount:4 
[2018.11.30-17.05.56:957][  0]LogD3D11RHI:     Adapter Name: NVIDIA GeForce GTX 970
[2018.11.30-17.05.56:957][  0]LogD3D11RHI:   Driver Version: 398.82 (internal:24.21.13.9882, unified:398.82)
[2018.11.30-17.05.56:957][  0]LogD3D11RHI:      Driver Date: 7-30-2018
[2018.11.30-17.05.56:957][  0]LogRHI: Texture pool is 2830 MB (70% of 4043 MB)
[2018.11.30-17.05.57:005][  0]LogD3D11RHI: Async texture creation enabled
[2018.11.30-17.05.57:024][  0]LogD3D11RHI: GPU Timing Frequency: 1000.000000 (Debug: 2 2)
[2018.11.30-17.05.57:028][  0]LogShaderCompilers: Guid format shader working directory is -27 characters bigger than the processId version (../../../../../../Users/c016193g/Documents/GitHub/FightingGame/FightingGame/Intermediate/Shaders/WorkingDirectory/10304/).
[2018.11.30-17.05.57:028][  0]LogShaderCompilers: Cleaned the shader compiler working directory 'C:/Users/c016193g/AppData/Local/Temp/UnrealShaderWorkingDir/D610B0E44EF63457EE75F5A97144E90E/'.
[2018.11.30-17.05.57:556][  0]LogTemp: Display: Loaded TP AllDesktopTargetPlatform
[2018.11.30-17.05.57:574][  0]LogTemp: Display: Loaded TP MacClientTargetPlatform
[2018.11.30-17.05.57:615][  0]LogTemp: Display: Loaded TP MacNoEditorTargetPlatform
[2018.11.30-17.05.57:640][  0]LogTemp: Display: Loaded TP MacServerTargetPlatform
[2018.11.30-17.05.57:660][  0]LogTemp: Display: Loaded TP MacTargetPlatform
[2018.11.30-17.05.57:678][  0]LogTemp: Display: Loaded TP WindowsClientTargetPlatform
[2018.11.30-17.05.57:695][  0]LogTemp: Display: Loaded TP WindowsNoEditorTargetPlatform
[2018.11.30-17.05.57:713][  0]LogTemp: Display: Loaded TP WindowsServerTargetPlatform
[2018.11.30-17.05.57:723][  0]LogTemp: Display: Loaded TP WindowsTargetPlatform
[2018.11.30-17.05.57:841][  0]LogTemp: Display: Loaded TP AndroidTargetPlatform
[2018.11.30-17.05.57:841][  0]LogTemp: Display: Loaded TP AndroidTargetPlatform
[2018.11.30-17.05.57:841][  0]LogTemp: Display: Loaded TP AndroidTargetPlatform
[2018.11.30-17.05.57:841][  0]LogTemp: Display: Loaded TP AndroidTargetPlatform
[2018.11.30-17.05.57:841][  0]LogTemp: Display: Loaded TP AndroidTargetPlatform
[2018.11.30-17.05.57:841][  0]LogTemp: Display: Loaded TP AndroidTargetPlatform
[2018.11.30-17.05.57:841][  0]LogTemp: Display: Loaded TP AndroidTargetPlatform
[2018.11.30-17.05.57:841][  0]LogTemp: Display: Loaded TP AndroidTargetPlatform
[2018.11.30-17.05.57:841][  0]LogTemp: Display: Loaded TP AndroidTargetPlatform
[2018.11.30-17.05.57:841][  0]LogTemp: Display: Loaded TP AndroidTargetPlatform
[2018.11.30-17.05.57:841][  0]LogTemp: Display: Loaded TP AndroidTargetPlatform
[2018.11.30-17.05.57:841][  0]LogTemp: Display: Loaded TP AndroidTargetPlatform
[2018.11.30-17.05.57:841][  0]LogTemp: Display: Loaded TP AndroidTargetPlatform
[2018.11.30-17.05.57:841][  0]LogTemp: Display: Loaded TP AndroidTargetPlatform
[2018.11.30-17.05.57:841][  0]LogTemp: Display: Loaded TP AndroidTargetPlatform
[2018.11.30-17.05.57:841][  0]LogTemp: Display: Loaded TP AndroidTargetPlatform
[2018.11.30-17.05.57:842][  0]LogTemp: Display: Loaded TP AndroidTargetPlatform
[2018.11.30-17.05.57:842][  0]LogTemp: Display: Loaded TP AndroidTargetPlatform
[2018.11.30-17.05.57:844][  0]LogTemp: Display: Loaded TP HTML5TargetPlatform
[2018.11.30-17.05.57:937][  0]LogTemp: Display: Loaded TP IOSTargetPlatform
[2018.11.30-17.05.57:937][  0]LogTemp: Display: Loaded TP IOSTargetPlatform
[2018.11.30-17.05.58:015][  0]LogTemp: Display: Loaded TP TVOSTargetPlatform
[2018.11.30-17.05.58:015][  0]LogTemp: Display: Loaded TP TVOSTargetPlatform
[2018.11.30-17.05.58:033][  0]LogTemp: Display: Loaded TP LinuxClientTargetPlatform
[2018.11.30-17.05.58:073][  0]LogTemp: Display: Loaded TP LinuxNoEditorTargetPlatform
[2018.11.30-17.05.58:099][  0]LogTemp: Display: Loaded TP LinuxServerTargetPlatform
[2018.11.30-17.05.58:118][  0]LogTemp: Display: Loaded TP LinuxTargetPlatform
[2018.11.30-17.05.58:130][  0]LogTemp: Display: Loaded TP LuminTargetPlatform
[2018.11.30-17.05.58:130][  0]LogTargetPlatformManager: Display: Building Assets For Windows
[2018.11.30-17.05.58:277][  0]LogXGEController: Cannot use XGE Controller as Incredibuild is not installed on this machine.
[2018.11.30-17.05.58:277][  0]LogShaderCompilers: Cannot use XGE Shader Compiler as Incredibuild is not installed on this machine.
[2018.11.30-17.05.58:277][  0]LogShaderCompilers: Display: Using Local Shader Compiler.
[2018.11.30-17.05.59:463][  0]LogDerivedDataCache: Display: Max Cache Size: 512 MB
[2018.11.30-17.05.59:563][  0]LogDerivedDataCache: Loaded boot cache 0.10s 71MB C:/Users/c016193g/AppData/Local/UnrealEngine/4.20/DerivedDataCache/Boot.ddc.
[2018.11.30-17.05.59:564][  0]LogDerivedDataCache: Display: Loaded Boot cache: C:/Users/c016193g/AppData/Local/UnrealEngine/4.20/DerivedDataCache/Boot.ddc
[2018.11.30-17.05.59:564][  0]LogDerivedDataCache: FDerivedDataBackendGraph:  Pak pak cache file ../../../../../../Users/c016193g/Documents/GitHub/FightingGame/FightingGame/DerivedDataCache/DDC.ddp not found, will not use a pak cache.
[2018.11.30-17.05.59:564][  0]LogDerivedDataCache: Unable to find inner node Pak for hierarchical cache Hierarchy.
[2018.11.30-17.05.59:565][  0]LogDerivedDataCache: FDerivedDataBackendGraph:  CompressedPak pak cache file ../../../../../../Users/c016193g/Documents/GitHub/FightingGame/FightingGame/DerivedDataCache/Compressed.ddp not found, will not use a pak cache.
[2018.11.30-17.05.59:565][  0]LogDerivedDataCache: Unable to find inner node CompressedPak for hierarchical cache Hierarchy.
[2018.11.30-17.05.59:578][  0]LogDerivedDataCache: Display: Pak cache opened for reading ../../../Engine/DerivedDataCache/Compressed.ddp.
[2018.11.30-17.05.59:592][  0]LogDerivedDataCache: Using Local data cache path C:/Users/c016193g/AppData/Local/UnrealEngine/Common/DerivedDataCache: Writable
[2018.11.30-17.05.59:592][  0]LogDerivedDataCache: Shared data cache path not found in *engine.ini, will not use an Shared cache.
[2018.11.30-17.05.59:592][  0]LogDerivedDataCache: Unable to find inner node Shared for hierarchical cache Hierarchy.
[2018.11.30-17.05.59:639][  0]LogMaterial: Verifying Global Shaders for PCD3D_SM5
[2018.11.30-17.05.59:640][  0]LogSlate: Using FreeType 2.6.0
[2018.11.30-17.05.59:642][  0]LogSlate: SlateFontServices - WITH_FREETYPE: 1, WITH_HARFBUZZ: 1
[2018.11.30-17.05.59:736][  0]LogAssetRegistry: FAssetRegistry took 0.0272 seconds to start up
[2018.11.30-17.06.00:176][  0]LogInit: Selected Device Profile: [Windows]
[2018.11.30-17.06.00:346][  0]LogSimplygon: Simplygon DLL not present - disabling.
[2018.11.30-17.06.00:353][  0]LogMeshReduction: Using SimplygonSwarm for distributed automatic mesh merging
[2018.11.30-17.06.00:353][  0]LogMeshReduction: Using ProxyLODMeshReduction for automatic mesh merging
[2018.11.30-17.06.00:353][  0]LogMeshReduction: Using QuadricMeshReduction for automatic static mesh reduction
[2018.11.30-17.06.00:353][  0]LogMeshReduction: No automatic skeletal mesh reduction module available
[2018.11.30-17.06.00:379][  0]LogNetVersion: FightingGame 1.0.0, NetCL: 4212847, EngineNetVer: 5, GameNetVer: 0 (Checksum: 156865789)
[2018.11.30-17.06.01:238][  0]LogPackageLocalizationCache: Processed 11 localized package path(s) for 2 prioritized culture(s) in 0.174964 seconds
[2018.11.30-17.06.01:247][  0]LogUObjectArray: 38425 objects as part of root set at end of initial load.
[2018.11.30-17.06.01:247][  0]LogUObjectAllocator: 6690872 out of 0 bytes used by permanent object pool.
[2018.11.30-17.06.01:247][  0]LogUObjectArray: CloseDisregardForGC: 0/0 objects in disregard for GC pool
[2018.11.30-17.06.02:535][  0]LogTcpMessaging: Initializing TcpMessaging bridge
[2018.11.30-17.06.02:553][  0]LogUdpMessaging: Initializing bridge on interface 0.0.0.0:0 to multicast group 230.0.0.1:6666.
[2018.11.30-17.06.02:918][  0]SourceControl: Source control is disabled
[2018.11.30-17.06.02:918][  0]SourceControl: Source control is disabled
[2018.11.30-17.06.02:921][  0]SourceControl: Source control is disabled
[2018.11.30-17.06.02:922][  0]SourceControl: Source control is disabled
[2018.11.30-17.06.03:162][  0]LogAndroidPermission: UAndroidPermissionCallbackProxy::GetInstance
[2018.11.30-17.06.03:299][  0]LogOcInput: OculusInput pre-init called
[2018.11.30-17.06.03:384][  0]LogEngine: Initializing Engine...
[2018.11.30-17.06.03:385][  0]LogHMD: Failed to initialize OpenVR with code 110
[2018.11.30-17.06.03:387][  0]LogStats: UGameplayTagsManager::ConstructGameplayTagTree: ImportINI prefixes -  0.000 s
[2018.11.30-17.06.03:387][  0]LogStats: UGameplayTagsManager::ConstructGameplayTagTree: Construct from data asset -  0.000 s
[2018.11.30-17.06.03:387][  0]LogStats: UGameplayTagsManager::ConstructGameplayTagTree: ImportINI -  0.000 s
[2018.11.30-17.06.03:387][  0]LogStats: UGameplayTagsManager::ConstructGameplayTagTree: GameplayTagTreeChangedEvent.Broadcast -  0.000 s
[2018.11.30-17.06.03:659][  0]LogInit: Initializing FReadOnlyCVARCache
[2018.11.30-17.06.03:691][  0]LogAIModule: Creating AISystem for world Untitled
[2018.11.30-17.06.03:714][  0]LogInit: XAudio2 using 'Speakers (Realtek High Definition Audio)' : 2 channels at 48 kHz using 32 bits per sample (channel mask 0x3)
[2018.11.30-17.06.03:735][  0]LogInit: FAudioDevice initialized.
[2018.11.30-17.06.03:735][  0]LogNetVersion: Set ProjectVersion to 1.0.0.0. Version Checksum will be recalculated on next use.
[2018.11.30-17.06.03:978][  0]LogDerivedDataCache: Saved boot cache 0.24s 71MB C:/Users/c016193g/AppData/Local/UnrealEngine/4.20/DerivedDataCache/Boot.ddc.
[2018.11.30-17.06.04:022][  0]LogInit: Texture streaming: Enabled
[2018.11.30-17.06.04:060][  0]LogEngineSessionManager: EngineSessionManager initialized
[2018.11.30-17.06.04:084][  0]LogInit: Transaction tracking system initialized
[2018.11.30-17.06.04:147][  0]BlueprintLog: New page: Editor Load
[2018.11.30-17.06.04:290][  0]LocalizationService: Localization service is disabled
[2018.11.30-17.06.04:745][  0]LogCook: Display: Max memory allowance for cook 16384mb min free memory 0mb
[2018.11.30-17.06.04:745][  0]LogCook: Display: Mobile HDR setting 1
[2018.11.30-17.06.04:745][  0]LogGameplayTags: Display: UGameplayTagsManager::DoneAddingNativeTags. DelegateIsBound: 0
[2018.11.30-17.06.04:745][  0]LogStats: UGameplayTagsManager::ConstructGameplayTagTree: ImportINI prefixes -  0.000 s
[2018.11.30-17.06.04:745][  0]LogStats: UGameplayTagsManager::ConstructGameplayTagTree: Construct from data asset -  0.000 s
[2018.11.30-17.06.04:746][  0]LogStats: UGameplayTagsManager::ConstructGameplayTagTree: ImportINI -  0.000 s
[2018.11.30-17.06.04:746][  0]LogStats: UGameplayTagsManager::ConstructGameplayTagTree: GameplayTagTreeChangedEvent.Broadcast -  0.000 s
[2018.11.30-17.06.04:951][  0]LogFileCache: Scanning file cache for directory 'C:/Users/c016193g/Documents/GitHub/FightingGame/FightingGame/Content/' took 0.02s
[2018.11.30-17.06.04:951][  0]SourceControl: Source control is disabled
[2018.11.30-17.06.04:951][  0]Cmd: MAP LOAD FILE="../../../../../../Users/c016193g/Documents/GitHub/FightingGame/FightingGame/Content/StarterContent/Maps/Minimal_Default.umap" TEMPLATE=0 SHOWPROGRESS=1 FEATURELEVEL=3
[2018.11.30-17.06.04:952][  0]LightingResults: New page: Lighting Build
[2018.11.30-17.06.04:960][  0]MapCheck: New page: Map Check
[2018.11.30-17.06.04:960][  0]LightingResults: New page: Lighting Build
[2018.11.30-17.06.05:106][  0]LogLinker: Warning: CreateExport: Failed to load Parent for BlueprintGeneratedClass /Game/PlayerManager_BP.PlayerManager_BP_C
[2018.11.30-17.06.05:106][  0]LogLinker: Warning: CreateExport: Failed to load Parent for BlueprintGeneratedClass /Game/PlayerManager_BP.PlayerManager_BP_C
[2018.11.30-17.06.05:106][  0]LogLinker: Warning: CreateExport: Failed to load Parent for BlueprintGeneratedClass /Game/PlayerManager_BP.PlayerManager_BP_C
[2018.11.30-17.06.05:106][  0]LogLinker: Warning: Unable to load Default__PlayerManager_BP_C with outer Package /Game/PlayerManager_BP because its class does not exist
[2018.11.30-17.06.05:107][  0]LogLinker: Warning: CreateExport: Failed to load Parent for BlueprintGeneratedClass /Game/PlayerManager_BP.PlayerManager_BP_C
[2018.11.30-17.06.05:107][  0]LogLinker: Warning: CreateExport: Failed to load Parent for BlueprintGeneratedClass /Game/PlayerManager_BP.PlayerManager_BP_C
[2018.11.30-17.06.05:107][  0]LogLinker: Warning: CreateExport: Failed to load Parent for BlueprintGeneratedClass /Game/PlayerManager_BP.PlayerManager_BP_C
[2018.11.30-17.06.05:107][  0]LogLinker: Warning: CreateExport: Failed to load Parent for BlueprintGeneratedClass /Game/PlayerManager_BP.PlayerManager_BP_C
[2018.11.30-17.06.05:107][  0]LogLinker: Warning: CreateExport: Failed to load Parent for BlueprintGeneratedClass /Game/PlayerManager_BP.PlayerManager_BP_C
[2018.11.30-17.06.05:107][  0]LogLinker: Warning: CreateExport: Failed to load Parent for BlueprintGeneratedClass /Game/PlayerManager_BP.PlayerManager_BP_C
[2018.11.30-17.06.05:108][  0]LogLinker: Warning: CreateExport: Failed to load Parent for BlueprintGeneratedClass /Game/PlayerManager_BP.PlayerManager_BP_C
[2018.11.30-17.06.05:620][  0]LogLinker: Warning: CreateExport: Failed to load Parent for BlueprintGeneratedClass /Game/PlayerManager_BP.PlayerManager_BP_C
[2018.11.30-17.06.05:636][  0]LogLinker: Warning: CreateExport: Failed to load Parent for BlueprintGeneratedClass /Game/PlayerManager_BP.PlayerManager_BP_C
[2018.11.30-17.06.05:656][  0]LogLinker: Warning: CreateExport: Failed to load Parent for BlueprintGeneratedClass /Game/PlayerManager_BP.PlayerManager_BP_C
[2018.11.30-17.06.05:657][  0]LogBlueprint: Warning: FMemberReference::ResolveMember (SetPlayers) bSelfContext == true, but no scope supplied!
[2018.11.30-17.06.05:657][  0]LogLinker: Warning: CreateExport: Failed to load Parent for BlueprintGeneratedClass /Game/PlayerManager_BP.PlayerManager_BP_C
[2018.11.30-17.06.07:058][  0]LogAIModule: Creating AISystem for world Minimal_Default
[2018.11.30-17.06.07:196][  0]LogEditorServer: Finished looking for orphan Actors (0.000 secs)
[2018.11.30-17.06.07:259][  0]Cmd: MAP CHECKDEP NOCLEARLOG
[2018.11.30-17.06.07:498][  0]MapCheck: Map check complete: 0 Error(s), 0 Warning(s), took 238.769ms to complete.
[2018.11.30-17.06.07:498][  0]LogFileHelpers: Loading map 'Minimal_Default' took 2.547
[2018.11.30-17.06.08:222][  0]LogSlate: Updating window title bar state: overlay mode, drag disabled, window buttons hidden, title bar hidden
[2018.11.30-17.06.08:244][  0]LogSlate: Updating window title bar state: overlay mode, drag disabled, window buttons hidden, title bar hidden
[2018.11.30-17.06.08:256][  0]LogSlate: Updating window title bar state: overlay mode, drag disabled, window buttons hidden, title bar hidden
[2018.11.30-17.06.08:273][  0]LogSlate: Updating window title bar state: overlay mode, drag disabled, window buttons hidden, title bar hidden
[2018.11.30-17.06.08:393][  0]LogCollectionManager: Loaded 0 collections in 0.013504 seconds
[2018.11.30-17.06.08:539][  0]LogFileCache: Scanning file cache for directory 'C:/Users/c016193g/Documents/GitHub/FightingGame/FightingGame/Saved/Collections/' took 0.01s
[2018.11.30-17.06.08:539][  0]LogFileCache: Scanning file cache for directory 'C:/Users/c016193g/Documents/GitHub/FightingGame/FightingGame/Content/Developers/c016193g/Collections/' took 0.01s
[2018.11.30-17.06.08:539][  0]LogFileCache: Scanning file cache for directory 'C:/Users/c016193g/Documents/GitHub/FightingGame/FightingGame/Content/Collections/' took 0.01s
[2018.11.30-17.06.08:539][  0]LogCollectionManager: Rebuilt the GUID cache for 0 collections in 0.000001 seconds
[2018.11.30-17.06.08:585][  0]LogContentBrowser: Native class hierarchy populated in 0.0443 seconds. Added 2575 classes and 605 folders.
[2018.11.30-17.06.08:683][  0]LogContentBrowser: Native class hierarchy updated for 'WidgetCarousel' in 0.0016 seconds. Added 0 classes and 0 folders.
[2018.11.30-17.06.12:112][  0]LogContentBrowser: Native class hierarchy updated for 'AddContentDialog' in 0.0015 seconds. Added 0 classes and 0 folders.
[2018.11.30-17.06.12:206][  0]LogContentBrowser: Native class hierarchy updated for 'SceneOutliner' in 0.0015 seconds. Added 1 classes and 2 folders.
[2018.11.30-17.06.12:511][  0]LogSlate: Took 0.000786 seconds to synchronously load lazily loaded font '../../../Engine/Content/Slate/Fonts/Roboto-Regular.ttf' (155K)
[2018.11.30-17.06.12:519][  0]LogSlate: Took 0.000660 seconds to synchronously load lazily loaded font '../../../Engine/Content/Slate/Fonts/Roboto-Bold.ttf' (160K)
[2018.11.30-17.06.12:676][  0]LogSlate: Took 0.029176 seconds to synchronously load lazily loaded font '../../../Engine/Content/Editor/Slate/Fonts/FontAwesome.ttf' (139K)
[2018.11.30-17.06.13:228][  0]LogRenderer: Reallocating scene render targets to support 1208x576 Format 10 NumSamples 1 (Frame:1).
[2018.11.30-17.06.13:710][  0]LogSlate: Took 0.022717 seconds to synchronously load lazily loaded font '../../../Engine/Content/Slate/Fonts/Roboto-Light.ttf' (167K)
[2018.11.30-17.06.13:936][  0]LogContentBrowser: Native class hierarchy updated for 'HierarchicalLODOutliner' in 0.0014 seconds. Added 0 classes and 0 folders.
[2018.11.30-17.06.13:936][  0]LogLoad: (Engine Initialization) Total time: 22.91 seconds
[2018.11.30-17.06.13:936][  0]LogLoad: (Engine Initialization) Total Blueprint compile time: 0.00 seconds
[2018.11.30-17.06.13:948][  0]LogWindowsTextInputMethodSystem: Display: IME system now deactivated.
[2018.11.30-17.06.13:949][  0]LoadErrors: Warning: CreateExport: Failed to load Outer for resource 'UberGraphFrame': BlueprintGeneratedClass /Game/PlayerManager_BP.PlayerManager_BP_C
[2018.11.30-17.06.13:949][  0]LoadErrors: Warning: CreateExport: Failed to load Outer for resource 'DefaultSceneRoot': BlueprintGeneratedClass /Game/PlayerManager_BP.PlayerManager_BP_C
[2018.11.30-17.06.13:949][  0]LoadErrors: Warning: CreateExport: Failed to load Outer for resource 'ExecuteUbergraph_PlayerManager_BP': BlueprintGeneratedClass /Game/PlayerManager_BP.PlayerManager_BP_C
[2018.11.30-17.06.13:949][  0]LoadErrors: Warning: CreateExport: Failed to load Outer for resource 'EntryPoint': Function /Game/PlayerManager_BP.PlayerManager_BP_C:ExecuteUbergraph_PlayerManager_BP
[2018.11.30-17.06.13:949][  0]LoadErrors: Warning: CreateExport: Failed to load Outer for resource 'CallFunc_GetAllActorsOfClass_OutActors': Function /Game/PlayerManager_BP.PlayerManager_BP_C:ExecuteUbergraph_PlayerManager_BP
[2018.11.30-17.06.13:950][  0]LoadErrors: Warning: CreateExport: Failed to load Outer for resource 'CallFunc_GetAllActorsOfClass_OutActors': ArrayProperty /Game/PlayerManager_BP.PlayerManager_BP_C:ExecuteUbergraph_PlayerManager_BP.CallFunc_GetAllActorsOfClass_OutActors
[2018.11.30-17.06.13:950][  0]LoadErrors: Warning: CreateExport: Failed to load Outer for resource 'GetAllPlayers': BlueprintGeneratedClass /Game/PlayerManager_BP.PlayerManager_BP_C
[2018.11.30-17.06.13:950][  0]LoadErrors: Warning: CreateExport: Failed to load Outer for resource 'UserConstructionScript': BlueprintGeneratedClass /Game/PlayerManager_BP.PlayerManager_BP_C
[2018.11.30-17.06.13:950][  0]LoadErrors: Warning: CreateExport: Failed to load Outer for resource 'DefaultSceneRoot_GEN_VARIABLE': BlueprintGeneratedClass /Game/PlayerManager_BP.PlayerManager_BP_C
[2018.11.30-17.06.13:950][  0]LoadErrors: Warning: CreateExport: Failed to load Outer for resource 'SimpleConstructionScript_0': BlueprintGeneratedClass /Game/PlayerManager_BP.PlayerManager_BP_C
[2018.11.30-17.06.13:950][  0]LoadErrors: Warning: CreateExport: Failed to load Outer for resource 'SCS_Node_0': SimpleConstructionScript /Game/PlayerManager_BP.PlayerManager_BP_C:SimpleConstructionScript_0
[2018.11.30-17.06.13:950][  0]LoadErrors: Warning: CreateExport: Failed to load Outer for resource 'DefaultSceneRoot': PlayerManager_BP_C /Game/StarterContent/Maps/Minimal_Default.Minimal_Default:PersistentLevel.PlayerManager_BP_2
[2018.11.30-17.06.13:999][  0]LogContentStreaming: Texture pool size now 1000 MB
[2018.11.30-17.06.14:024][  0]LogSlate: FSceneViewport::OnFocusLost() reason 2
[2018.11.30-17.06.14:546][  2]LogAssetRegistry: Asset discovery search completed in 14.8314 seconds
[2018.11.30-17.06.14:548][  2]LogCollectionManager: Rebuilt the object cache for 0 collections in 0.000001 seconds (found 0 objects)
[2018.11.30-17.06.14:548][  2]LogCollectionManager: Fixed up redirectors for 0 collections in 0.000070 seconds (updated 0 objects)
[2018.11.30-17.06.15:882][138]LogSlate: Window 'Message Log' being destroyed
[2018.11.30-17.06.15:885][138]LogSlate: Window 'Message Log' being destroyed
[2018.11.30-17.06.17:401][314]LogSlate: FSceneViewport::OnFocusLost() reason 2
[2018.11.30-17.06.17:940][379]LogTemp: Repeating last play command: Selected Viewport
[2018.11.30-17.06.17:959][379]LogBlueprintUserMessages: Early PlayInEditor Detection: Level '/Game/StarterContent/Maps/Minimal_Default.Minimal_Default:PersistentLevel' has LevelScriptBlueprint '/Game/StarterContent/Maps/Minimal_Default.Minimal_Default:PersistentLevel.Minimal_Default' with GeneratedClass '/Game/StarterContent/Maps/Minimal_Default.Minimal_Default_C' with ClassGeneratedBy '/Game/StarterContent/Maps/Minimal_Default.Minimal_Default:PersistentLevel.Minimal_Default'
[2018.11.30-17.06.17:959][379]LogPlayLevel: PlayLevel: No blueprints needed recompiling
[2018.11.30-17.06.18:025][379]PIE: New page: PIE session: Minimal_Default (30 Nov 2018 17:06:18)
[2018.11.30-17.06.18:025][379]LogPlayLevel: Creating play world package: /Game/StarterContent/Maps/UEDPIE_1_Minimal_Default
[2018.11.30-17.06.18:056][379]LogPlayLevel: PIE: StaticDuplicateObject took: (0.030914s)
[2018.11.30-17.06.18:058][379]LogAIModule: Creating AISystem for world Minimal_Default
[2018.11.30-17.06.18:058][379]LogPlayLevel: PIE: World Init took: (0.001802s)
[2018.11.30-17.06.18:058][379]LogPlayLevel: PIE: Created PIE world by copying editor world from /Game/StarterContent/Maps/Minimal_Default.Minimal_Default to /Game/StarterContent/Maps/UEDPIE_1_Minimal_Default.Minimal_Default (0.033066s)
[2018.11.30-17.06.18:127][379]LogInit: XAudio2 using 'Speakers (Realtek High Definition Audio)' : 2 channels at 48 kHz using 32 bits per sample (channel mask 0x3)
[2018.11.30-17.06.18:150][379]LogInit: FAudioDevice initialized.
[2018.11.30-17.06.18:239][379]LogBlueprint: Warning: [Compiler TestPlayer] Could not find a variable named "playerID" in 'TestPlayer_C'.
Make sure 'TestPlayer_C' has been compiled for  Get playerID
[2018.11.30-17.06.18:240][379]LogBlueprint: Error: [Compiler TestPlayer] The property associated with  Player ID  could not be found in '/Game/TestPlayer.TestPlayer_C'
[2018.11.30-17.06.18:253][379]LogBlueprint: Warning: [Compiler TestPlayer] [0027.23] Compile of TestPlayer failed. 1 Fatal Issue(s) 1 Warning(s) [in 15 ms] (/Game/TestPlayer.TestPlayer)
[2018.11.30-17.06.18:278][379]LogLoad: Game class is 'FightingGameMode_C'
[2018.11.30-17.06.18:281][379]LogWorld: Bringing World /Game/StarterContent/Maps/UEDPIE_1_Minimal_Default.Minimal_Default up for play (max tick rate 0) at 2018.11.30-17.06.18
[2018.11.30-17.06.18:289][379]LogWorld: Bringing up level for play took: 0.008908
[2018.11.30-17.06.18:366][379]LogContentBrowser: Native class hierarchy updated for 'MovieSceneCapture' in 0.0015 seconds. Added 10 classes and 0 folders.
[2018.11.30-17.06.18:428][379]LogTemp: Display: ParseSettings for GameNetDriver
[2018.11.30-17.06.18:428][379]LogTemp: Display: ParseSettings for IpNetDriver_0
[2018.11.30-17.06.18:428][379]LogTemp: Display: ParseSettings for GameNetDriver
[2018.11.30-17.06.18:430][379]LogNet: ReplicationDriverClass is null! Not using ReplicationDriver.
[2018.11.30-17.06.18:430][379]LogInit: WinSock: Socket queue 131072 / 131072
[2018.11.30-17.06.18:435][379]LogInit: WinSock: I am d120-08 (10.6.113.53:0)
[2018.11.30-17.06.18:435][379]PacketHandlerLog: Loaded PacketHandler component: Engine.EngineHandlerComponentFactory (StatelessConnectHandlerComponent)
[2018.11.30-17.06.18:436][379]LogNet: GameNetDriver IpNetDriver_0 IpNetDriver listening on port 17777
[2018.11.30-17.06.18:463][379]PIE: Play in editor start time for /Game/StarterContent/Maps/UEDPIE_1_Minimal_Default 1.364
[2018.11.30-17.06.18:476][379]PIE: New page: PIE session: Minimal_Default (30 Nov 2018 17:06:18)
[2018.11.30-17.06.18:498][379]LogSlate: FSceneViewport::OnFocusLost() reason 2
[2018.11.30-17.06.18:506][379]LogSlate: Updating window title bar state: overlay mode, drag disabled, window buttons hidden, title bar hidden
[2018.11.30-17.06.18:564][379]LogNet: Browse: 127.0.0.1:17777//Game/StarterContent/Maps/Minimal_Default
[2018.11.30-17.06.18:567][379]LogTemp: Display: ParseSettings for GameNetDriver
[2018.11.30-17.06.18:567][379]LogTemp: Display: ParseSettings for IpNetDriver_1
[2018.11.30-17.06.18:567][379]LogTemp: Display: ParseSettings for PendingNetDriver
[2018.11.30-17.06.18:567][379]LogInit: WinSock: Socket queue 32768 / 32768
[2018.11.30-17.06.18:568][379]PacketHandlerLog: Loaded PacketHandler component: Engine.EngineHandlerComponentFactory (StatelessConnectHandlerComponent)
[2018.11.30-17.06.18:577][379]LogNet: Game client on port 17777, rate 10000
[2018.11.30-17.06.18:580][379]PIE: Play in editor start time for /Game/StarterContent/Maps/Minimal_Default 1.481
[2018.11.30-17.06.18:593][379]LogBlueprintUserMessages: Late PlayInEditor Detection: Level '/Game/StarterContent/Maps/Minimal_Default.Minimal_Default:PersistentLevel' has LevelScriptBlueprint '/Game/StarterContent/Maps/Minimal_Default.Minimal_Default:PersistentLevel.Minimal_Default' with GeneratedClass '/Game/StarterContent/Maps/Minimal_Default.Minimal_Default_C' with ClassGeneratedBy '/Game/StarterContent/Maps/Minimal_Default.Minimal_Default:PersistentLevel.Minimal_Default'
[2018.11.30-17.06.18:593][379]LogNet: NotifyAcceptingConnection accepted from: 127.0.0.1:52875
[2018.11.30-17.06.18:594][379]LogHandshake: SendConnectChallenge. Timestamp: 0.008334, Cookie: 148061237175065162240051212208196177102108048122242021145008
[2018.11.30-17.06.18:596][379]LogWindows: Windows GetLastError: The operation completed successfully. (0)
[2018.11.30-17.06.28:752][379]LogWindows: Error: === Critical error: ===
[2018.11.30-17.06.28:752][379]LogWindows: Error: 
[2018.11.30-17.06.28:752][379]LogWindows: Error: Assertion failed: (Index >= 0) & (Index < ArrayNum) [File:C:\Epic\UE4\UE_4.20\Engine\Source\Runtime\Core\Public\Containers/Array.h] [Line: 611] 
[2018.11.30-17.06.28:752][379]LogWindows: Error: Array index out of bounds: 1 from an array of size 1
[2018.11.30-17.06.28:752][379]LogWindows: Error: 
[2018.11.30-17.06.28:752][379]LogWindows: Error: 
[2018.11.30-17.06.28:752][379]LogWindows: Error: [Callstack] 0x00007ffd92cda388 KERNELBASE.dll!UnknownFunction []
[2018.11.30-17.06.28:752][379]LogWindows: Error: [Callstack] 0x00007ffd607d6850 UE4Editor-ApplicationCore.dll!UnknownFunction []
[2018.11.30-17.06.28:752][379]LogWindows: Error: [Callstack] 0x00007ffd4df662fc UE4Editor-Core.dll!UnknownFunction []
[2018.11.30-17.06.28:752][379]LogWindows: Error: [Callstack] 0x00007ffd4def51db UE4Editor-Core.dll!UnknownFunction []
[2018.11.30-17.06.28:752][379]LogWindows: Error: [Callstack] 0x00007ffd2b5e2aac UE4Editor-FightingGame-3720.dll!UnknownFunction []
[2018.11.30-17.06.28:752][379]LogWindows: Error: [Callstack] 0x00007ffd3a74730c UE4Editor-Engine.dll!UnknownFunction []
[2018.11.30-17.06.28:752][379]LogWindows: Error: [Callstack] 0x00007ffd3a705630 UE4Editor-Engine.dll!UnknownFunction []
[2018.11.30-17.06.28:752][379]LogWindows: Error: [Callstack] 0x00007ffd3b9016bd UE4Editor-Engine.dll!UnknownFunction []
[2018.11.30-17.06.28:752][379]LogWindows: Error: [Callstack] 0x00007ffd4dd81f92 UE4Editor-Core.dll!UnknownFunction []
[2018.11.30-17.06.28:752][379]LogWindows: Error: [Callstack] 0x00007ffd4dd82456 UE4Editor-Core.dll!UnknownFunction []
[2018.11.30-17.06.28:752][379]LogWindows: Error: [Callstack] 0x00007ffd4dd96d25 UE4Editor-Core.dll!UnknownFunction []
[2018.11.30-17.06.28:752][379]LogWindows: Error: [Callstack] 0x00007ffd3b955b04 UE4Editor-Engine.dll!UnknownFunction []
[2018.11.30-17.06.28:752][379]LogWindows: Error: [Callstack] 0x00007ffd3b964d92 UE4Editor-Engine.dll!UnknownFunction []
[2018.11.30-17.06.28:752][379]LogWindows: Error: [Callstack] 0x00007ffd3b0687e4 UE4Editor-Engine.dll!UnknownFunction []
[2018.11.30-17.06.28:753][379]LogWindows: Error: [Callstack] 0x00007ffd3b074003 UE4Editor-Engine.dll!UnknownFunction []
[2018.11.30-17.06.28:753][379]LogWindows: Error: [Callstack] 0x00007ffd39247335 UE4Editor-UnrealEd.dll!UnknownFunction []
[2018.11.30-17.06.28:753][379]LogWindows: Error: [Callstack] 0x00007ffd39b3f666 UE4Editor-UnrealEd.dll!UnknownFunction []
[2018.11.30-17.06.28:753][379]LogWindows: Error: [Callstack] 0x00007ff651f55cbd UE4Editor.exe!UnknownFunction []
[2018.11.30-17.06.28:753][379]LogWindows: Error: [Callstack] 0x00007ff651f65b3c UE4Editor.exe!UnknownFunction []
[2018.11.30-17.06.28:753][379]LogWindows: Error: [Callstack] 0x00007ff651f65bba UE4Editor.exe!UnknownFunction []
[2018.11.30-17.06.28:753][379]LogWindows: Error: [Callstack] 0x00007ff651f73dac UE4Editor.exe!UnknownFunction []
[2018.11.30-17.06.28:753][379]LogWindows: Error: [Callstack] 0x00007ff651f75aaa UE4Editor.exe!UnknownFunction []
[2018.11.30-17.06.28:753][379]LogWindows: Error: [Callstack] 0x00007ffd95c93034 KERNEL32.DLL!UnknownFunction []
[2018.11.30-17.06.28:753][379]LogWindows: Error: [Callstack] 0x00007ffd96941471 ntdll.dll!UnknownFunction []
[2018.11.30-17.06.28:753][379]LogWindows: Error: 
[2018.11.30-17.06.28:773][379]LogExit: Executing StaticShutdownAfterError
[2018.11.30-17.06.28:777][379]LogWindows: FPlatformMisc::RequestExit(1)
[2018.11.30-17.06.28:778][379]Log file closed, 11/30/18 17:06:28
