Log file open, 11/19/18 11:26:40
LogWindows: Failed to load 'aqProf.dll' (GetLastError=126)
LogWindows: File 'aqProf.dll' does not exist
LogWindows: Failed to load 'VSPerf140.dll' (GetLastError=126)
LogWindows: File 'VSPerf140.dll' does not exist
LogWindows: Failed to load 'VtuneApi.dll' (GetLastError=126)
LogWindows: File 'VtuneApi.dll' does not exist
LogWindows: Failed to load 'VtuneApi32e.dll' (GetLastError=126)
LogWindows: File 'VtuneApi32e.dll' does not exist
LogInit: Display: Running engine for game: FightingGame
LogPlatformFile: Not using cached read wrapper
LogTaskGraph: Started task graph with 5 named threads and 23 total threads with 3 sets of task threads.
LogStats: Stats thread started at 0.390591
LogD3D11RHI: Loaded GFSDK_Aftermath_Lib.x64.dll
LogICUInternationalization: Display: ICU TimeZone Detection - Raw Offset: +0:00, Platform Override: ''
LogPluginManager: Mounting plugin Paper2D
LogPluginManager: Mounting plugin AISupport
LogPluginManager: Mounting plugin LightPropagationVolume
LogPluginManager: Mounting plugin CLionSourceCodeAccess
LogPluginManager: Mounting plugin CodeLiteSourceCodeAccess
LogPluginManager: Mounting plugin GitSourceControl
LogPluginManager: Mounting plugin KDevelopSourceCodeAccess
LogPluginManager: Mounting plugin NullSourceCodeAccess
LogPluginManager: Mounting plugin PerforceSourceControl
LogPluginManager: Mounting plugin SubversionSourceControl
LogPluginManager: Mounting plugin UObjectPlugin
LogPluginManager: Mounting plugin VisualStudioCodeSourceCodeAccess
LogPluginManager: Mounting plugin VisualStudioSourceCodeAccess
LogPluginManager: Mounting plugin XCodeSourceCodeAccess
LogPluginManager: Mounting plugin AssetManagerEditor
LogPluginManager: Mounting plugin CryptoKeys
LogPluginManager: Mounting plugin DataValidation
LogPluginManager: Mounting plugin FacialAnimation
LogPluginManager: Mounting plugin GameplayTagsEditor
LogPluginManager: Mounting plugin MacGraphicsSwitching
LogPluginManager: Mounting plugin MeshEditor
LogPluginManager: Mounting plugin MobileLauncherProfileWizard
LogPluginManager: Mounting plugin PluginBrowser
LogPluginManager: Mounting plugin SpeedTreeImporter
LogPluginManager: Mounting plugin DatasmithContent
LogPluginManager: Mounting plugin AlembicImporter
LogPluginManager: Mounting plugin AppleImageUtils
LogPluginManager: Mounting plugin AppleVision
LogPluginManager: Mounting plugin BackChannel
LogPluginManager: Mounting plugin CharacterAI
LogPluginManager: Mounting plugin GeometryCache
LogPluginManager: Mounting plugin HTML5Networking
LogPluginManager: Mounting plugin ProxyLODPlugin
LogPluginManager: Mounting plugin MagicLeap
LogPluginManager: Mounting plugin MagicLeapEmulator
LogPluginManager: Mounting plugin MagicLeapMedia
LogPluginManager: Mounting plugin AndroidMedia
LogPluginManager: Mounting plugin AvfMedia
LogPluginManager: Mounting plugin ImgMedia
LogPluginManager: Mounting plugin LinearTimecode
LogPluginManager: Mounting plugin MediaCompositing
LogPluginManager: Mounting plugin MediaPlayerEditor
LogPluginManager: Mounting plugin WmfMedia
LogPluginManager: Mounting plugin TcpMessaging
LogPluginManager: Mounting plugin UdpMessaging
LogPluginManager: Mounting plugin ActorSequence
LogPluginManager: Mounting plugin LevelSequenceEditor
LogPluginManager: Mounting plugin MatineeToLevelSequence
LogPluginManager: Mounting plugin NetcodeUnitTest
LogPluginManager: Mounting plugin NUTUnrealEngine4
LogPluginManager: Mounting plugin OnlineSubsystemGooglePlay
LogPluginManager: Mounting plugin OnlineSubsystemIOS
LogPluginManager: Mounting plugin OnlineSubsystem
LogPluginManager: Mounting plugin OnlineSubsystemNull
LogPluginManager: Mounting plugin OnlineSubsystemUtils
LogPluginManager: Mounting plugin LauncherChunkInstaller
LogPluginManager: Mounting plugin AndroidDeviceProfileSelector
LogPluginManager: Mounting plugin AndroidMoviePlayer
LogPluginManager: Mounting plugin AndroidPermission
LogPluginManager: Mounting plugin AppleMoviePlayer
LogPluginManager: Mounting plugin ArchVisCharacter
LogPluginManager: Mounting plugin AudioCapture
LogPluginManager: Mounting plugin CableComponent
LogPluginManager: Mounting plugin CustomMeshComponent
LogPluginManager: Mounting plugin EditableMesh
LogPluginManager: Mounting plugin ExampleDeviceProfileSelector
LogPluginManager: Mounting plugin GoogleCloudMessaging
LogPluginManager: Mounting plugin ImmediatePhysics
LogPluginManager: Mounting plugin IOSDeviceProfileSelector
LogPluginManager: Mounting plugin LinuxDeviceProfileSelector
LogPluginManager: Mounting plugin LocationServicesBPLibrary
LogPluginManager: Mounting plugin MobilePatchingUtils
LogPluginManager: Mounting plugin OculusVR
LogPluginManager: Plugin shader directory ../../../Engine/Plugins/Runtime/Oculus/OculusVR/Shaders found
LogPluginManager: Mapping shader source directory ../../../Engine/Plugins/Runtime/Oculus/OculusVR/Shaders to virtual directory /Plugin/OculusVR
LogPluginManager: Mounting plugin PhysXVehicles
LogPluginManager: Mounting plugin ProceduralMeshComponent
LogPluginManager: Mounting plugin RuntimePhysXCooking
LogPluginManager: Mounting plugin SteamVR
LogPluginManager: Mounting plugin WindowsMoviePlayer
LogStreaming: Display: Took  0.201s to configure plugins.
LogInit: Using libcurl 7.55.1-DEV
LogInit:  - built for x86_64-pc-win32
LogInit:  - supports SSL with OpenSSL/1.0.2h
LogInit:  - supports HTTP deflate (compression) using libz 1.2.8
LogInit:  - other features:
LogInit:      CURL_VERSION_SSL
LogInit:      CURL_VERSION_LIBZ
LogInit:      CURL_VERSION_IPV6
LogInit:      CURL_VERSION_ASYNCHDNS
LogInit:      CURL_VERSION_LARGEFILE
LogInit:      CURL_VERSION_IDN
LogInit:  CurlRequestOptions (configurable via config and command line):
LogInit:  - bVerifyPeer = false  - Libcurl will NOT verify peer certificate
LogInit:  - bUseHttpProxy = false  - Libcurl will NOT use HTTP proxy
LogInit:  - bDontReuseConnections = false  - Libcurl will reuse connections
LogInit:  - CertBundlePath = nullptr  - Libcurl will use whatever was configured at build time.
LogInit:  - MaxHostConnections = 16  - Libcurl will limit the number of connections to a host
LogInit:  - LocalHostAddr = Default
LogInit:  - BufferSize = 65536
LogInit: WinSock: version 1.1 (2.2), MaxSocks=32767, MaxUdp=65467
LogInit: Build: ++UE4+Release-4.20-CL-4369336
LogInit: Engine Version: 4.20.3-4369336+++UE4+Release-4.20
LogInit: Compatible Engine Version: 4.20.0-4212847+++UE4+Release-4.20
LogInit: Net CL: 4212847
LogInit: OS: Windows 10 (), CPU: Intel(R) Core(TM) i7-6700K CPU @ 4.00GHz, GPU: NVIDIA GeForce GTX 1060 6GB
LogInit: Compiled (64-bit): Sep 17 2018 12:26:19
LogInit: Compiled with Visual C++: 19.13.26129.00
LogInit: Build Configuration: Development
LogInit: Branch Name: ++UE4+Release-4.20
LogInit: Command Line:  -skipcompile
LogInit: Base Directory: D:/Program Files/Epic Games/UE_4.20/Engine/Binaries/Win64/
LogInit: Installed Engine Build: 1
LogDevObjectVersion: Number of dev versions registered: 20
LogDevObjectVersion:   Dev-Blueprints (B0D832E4-1F89-4F0D-ACCF-7EB736FD4AA2): 10
LogDevObjectVersion:   Dev-Build (E1C64328-A22C-4D53-A36C-8E866417BD8C): 0
LogDevObjectVersion:   Dev-Core (375EC13C-06E4-48FB-B500-84F0262A717E): 2
LogDevObjectVersion:   Dev-Editor (E4B068ED-F494-42E9-A231-DA0B2E46BB41): 24
LogDevObjectVersion:   Dev-Framework (CFFC743F-43B0-4480-9391-14DF171D2073): 34
LogDevObjectVersion:   Dev-Mobile (B02B49B5-BB20-44E9-A304-32B752E40360): 2
LogDevObjectVersion:   Dev-Networking (A4E4105C-59A1-49B5-A7C5-40C4547EDFEE): 0
LogDevObjectVersion:   Dev-Online (39C831C9-5AE6-47DC-9A44-9C173E1C8E7C): 0
LogDevObjectVersion:   Dev-Physics (78F01B33-EBEA-4F98-B9B4-84EACCB95AA2): 0
LogDevObjectVersion:   Dev-Platform (6631380F-2D4D-43E0-8009-CF276956A95A): 0
LogDevObjectVersion:   Dev-Rendering (12F88B9F-8875-4AFC-A67C-D90C383ABD29): 26
LogDevObjectVersion:   Dev-Sequencer (7B5AE74C-D270-4C10-A958-57980B212A5A): 9
LogDevObjectVersion:   Dev-VR (D7296918-1DD6-4BDD-9DE2-64A83CC13884): 2
LogDevObjectVersion:   Dev-LoadTimes (C2A15278-BFE7-4AFE-6C17-90FF531DF755): 1
LogDevObjectVersion:   Private-Geometry (6EACA3D4-40EC-4CC1-B786-8BED09428FC5): 3
LogDevObjectVersion:   Dev-AnimPhys (29E575DD-E0A3-4627-9D10-D276232CDCEA): 17
LogDevObjectVersion:   Dev-ReflectionCapture (6B266CEC-1EC7-4B8F-A30B-E4D90942FC07): 1
LogDevObjectVersion:   Dev-Automation (0DF73D61-A23F-47EA-B727-89E90C41499A): 1
LogDevObjectVersion:   FortniteMain (601D1886-AC64-4F84-AA16-D3DE0DEAC7D6): 12
LogDevObjectVersion:   Dev-Enterprise (9DFFBCD6-494F-0158-E221-12823C92A888): 1
LogStreaming: Display: Took  0.001s to delete old logs.
LogInit: Presizing for max 8388607 objects, including 0 objects not considered by GC, pre-allocating 0 bytes for permanent pool.
LogInit: Object subsystem initialized
[2018.11.19-11.26.41:097][  0]LogInit: Selected Device Profile: [Windows]
[2018.11.19-11.26.41:097][  0]LogInit: Applying CVar settings loaded from the selected device profile: [Windows]
[2018.11.19-11.26.41:106][  0]LogHAL: Display: Platform has ~ 16 GB [17126547456 / 17179869184 / 16], which maps to Larger [LargestMinGB=32, LargerMinGB=12, DefaultMinGB=8, SmallerMinGB=6, SmallestMinGB=0)
[2018.11.19-11.26.41:106][  0]LogInit: Setting Device Profile CVar: [[r.Vulkan.UseRealUBs:1]]
[2018.11.19-11.26.41:106][  0]LogInit: Going up to parent DeviceProfile []
[2018.11.19-11.26.41:107][  0]LogInit: Computer: EDWARD
[2018.11.19-11.26.41:107][  0]LogInit: User: John
[2018.11.19-11.26.41:107][  0]LogInit: CPU Page size=4096, Cores=4
[2018.11.19-11.26.41:107][  0]LogInit: High frequency timer resolution =3.914066 MHz
[2018.11.19-11.26.41:107][  0]LogMemory: Memory total: Physical=16.0GB (16GB approx)
[2018.11.19-11.26.41:107][  0]LogMemory: Platform Memory Stats for Windows
[2018.11.19-11.26.41:108][  0]LogMemory: Process Physical Memory: 100.55 MB used, 100.55 MB peak
[2018.11.19-11.26.41:108][  0]LogMemory: Process Virtual Memory: 91.40 MB used, 91.40 MB peak
[2018.11.19-11.26.41:108][  0]LogMemory: Physical Memory: 6779.45 MB used,  9553.70 MB free, 16333.15 MB total
[2018.11.19-11.26.41:108][  0]LogMemory: Virtual Memory: 4640.08 MB used,  9553.70 MB free, 134217728.00 MB total
[2018.11.19-11.26.41:225][  0]LogInit: Using OS detected language (en-US).
[2018.11.19-11.26.41:225][  0]LogInit: Using OS detected locale (en-US).
[2018.11.19-11.26.41:226][  0]LogTextLocalizationManager: No specific localization for 'en-US' exists, so the 'en' localization will be used.
[2018.11.19-11.26.41:542][  0]LogStreaming: Display: Took  0.316s to InitEngineTextLocalization.
[2018.11.19-11.26.41:542][  0]LogInit: Setting process to per monitor DPI aware
[2018.11.19-11.26.41:597][  0]LogSlate: New Slate User Created.  User Index 0, Is Virtual User: 0
[2018.11.19-11.26.41:597][  0]LogSlate: Slate User Registered.  User Index 0, Is Virtual User: 0
[2018.11.19-11.26.41:835][  0]LogHMD: Failed to initialize OpenVR with code 102
[2018.11.19-11.26.41:835][  0]LogD3D11RHI: D3D11 adapters:
[2018.11.19-11.26.41:912][  0]LogD3D11RHI:    0. 'NVIDIA GeForce GTX 1060 6GB' (Feature Level 11_0)
[2018.11.19-11.26.41:912][  0]LogD3D11RHI:       6061/0/8166 MB DedicatedVideo/DedicatedSystem/SharedSystem, Outputs:1, VendorId:0x10de
[2018.11.19-11.26.41:918][  0]LogD3D11RHI:    1. 'Microsoft Basic Render Driver' (Feature Level 11_0)
[2018.11.19-11.26.41:918][  0]LogD3D11RHI:       0/0/8166 MB DedicatedVideo/DedicatedSystem/SharedSystem, Outputs:0, VendorId:0x1414
[2018.11.19-11.26.41:918][  0]LogD3D11RHI: Chosen D3D11 Adapter: 0
[2018.11.19-11.26.41:924][  0]LogD3D11RHI: Creating new Direct3DDevice
[2018.11.19-11.26.41:925][  0]LogD3D11RHI:     GPU DeviceId: 0x1c03 (for the marketing name, search the web for "GPU Device Id")
[2018.11.19-11.26.41:925][  0]LogWindows: EnumDisplayDevices:
[2018.11.19-11.26.41:925][  0]LogWindows:    0. 'NVIDIA GeForce GTX 1060 6GB' (P:1 D:1)
[2018.11.19-11.26.41:925][  0]LogWindows:    1. 'NVIDIA GeForce GTX 1060 6GB' (P:0 D:0)
[2018.11.19-11.26.41:926][  0]LogWindows:    2. 'NVIDIA GeForce GTX 1060 6GB' (P:0 D:0)
[2018.11.19-11.26.41:926][  0]LogWindows:    3. 'NVIDIA GeForce GTX 1060 6GB' (P:0 D:0)
[2018.11.19-11.26.41:926][  0]LogWindows: DebugString: FoundDriverCount:4 
[2018.11.19-11.26.41:926][  0]LogD3D11RHI:     Adapter Name: NVIDIA GeForce GTX 1060 6GB
[2018.11.19-11.26.41:926][  0]LogD3D11RHI:   Driver Version: 388.13 (internal:23.21.13.8813, unified:388.13)
[2018.11.19-11.26.41:926][  0]LogD3D11RHI:      Driver Date: 10-27-2017
[2018.11.19-11.26.41:927][  0]LogRHI: Texture pool is 4242 MB (70% of 6061 MB)
[2018.11.19-11.26.41:957][  0]LogD3D11RHI: Async texture creation enabled
[2018.11.19-11.26.41:973][  0]LogD3D11RHI: GPU Timing Frequency: 1000.000000 (Debug: 2 1)
[2018.11.19-11.26.42:021][  0]LogShaderCompilers: Guid format shader working directory is -3 characters bigger than the processId version (../../../../../../Git/FightingGame/FightingGame/Intermediate/Shaders/WorkingDirectory/16772/).
[2018.11.19-11.26.42:022][  0]LogShaderCompilers: Cleaned the shader compiler working directory 'C:/Users/John/AppData/Local/Temp/UnrealShaderWorkingDir/3950CBA94B29A0698999539352DBBC6E/'.
[2018.11.19-11.26.42:289][  0]LogTemp: Display: Loaded TP AllDesktopTargetPlatform
[2018.11.19-11.26.42:307][  0]LogTemp: Display: Loaded TP MacClientTargetPlatform
[2018.11.19-11.26.42:325][  0]LogTemp: Display: Loaded TP MacNoEditorTargetPlatform
[2018.11.19-11.26.42:343][  0]LogTemp: Display: Loaded TP MacServerTargetPlatform
[2018.11.19-11.26.42:363][  0]LogTemp: Display: Loaded TP MacTargetPlatform
[2018.11.19-11.26.42:382][  0]LogTemp: Display: Loaded TP WindowsClientTargetPlatform
[2018.11.19-11.26.42:400][  0]LogTemp: Display: Loaded TP WindowsNoEditorTargetPlatform
[2018.11.19-11.26.42:419][  0]LogTemp: Display: Loaded TP WindowsServerTargetPlatform
[2018.11.19-11.26.42:433][  0]LogTemp: Display: Loaded TP WindowsTargetPlatform
[2018.11.19-11.26.42:511][  0]LogTemp: Display: Loaded TP AndroidTargetPlatform
[2018.11.19-11.26.42:511][  0]LogTemp: Display: Loaded TP AndroidTargetPlatform
[2018.11.19-11.26.42:511][  0]LogTemp: Display: Loaded TP AndroidTargetPlatform
[2018.11.19-11.26.42:511][  0]LogTemp: Display: Loaded TP AndroidTargetPlatform
[2018.11.19-11.26.42:511][  0]LogTemp: Display: Loaded TP AndroidTargetPlatform
[2018.11.19-11.26.42:511][  0]LogTemp: Display: Loaded TP AndroidTargetPlatform
[2018.11.19-11.26.42:512][  0]LogTemp: Display: Loaded TP AndroidTargetPlatform
[2018.11.19-11.26.42:512][  0]LogTemp: Display: Loaded TP AndroidTargetPlatform
[2018.11.19-11.26.42:512][  0]LogTemp: Display: Loaded TP AndroidTargetPlatform
[2018.11.19-11.26.42:512][  0]LogTemp: Display: Loaded TP AndroidTargetPlatform
[2018.11.19-11.26.42:512][  0]LogTemp: Display: Loaded TP AndroidTargetPlatform
[2018.11.19-11.26.42:512][  0]LogTemp: Display: Loaded TP AndroidTargetPlatform
[2018.11.19-11.26.42:512][  0]LogTemp: Display: Loaded TP AndroidTargetPlatform
[2018.11.19-11.26.42:512][  0]LogTemp: Display: Loaded TP AndroidTargetPlatform
[2018.11.19-11.26.42:512][  0]LogTemp: Display: Loaded TP AndroidTargetPlatform
[2018.11.19-11.26.42:512][  0]LogTemp: Display: Loaded TP AndroidTargetPlatform
[2018.11.19-11.26.42:512][  0]LogTemp: Display: Loaded TP AndroidTargetPlatform
[2018.11.19-11.26.42:512][  0]LogTemp: Display: Loaded TP AndroidTargetPlatform
[2018.11.19-11.26.42:519][  0]LogTemp: Display: Loaded TP HTML5TargetPlatform
[2018.11.19-11.26.42:603][  0]LogTemp: Display: Loaded TP IOSTargetPlatform
[2018.11.19-11.26.42:603][  0]LogTemp: Display: Loaded TP IOSTargetPlatform
[2018.11.19-11.26.42:628][  0]LogTemp: Display: Loaded TP TVOSTargetPlatform
[2018.11.19-11.26.42:628][  0]LogTemp: Display: Loaded TP TVOSTargetPlatform
[2018.11.19-11.26.42:644][  0]LogTemp: Display: Loaded TP LinuxClientTargetPlatform
[2018.11.19-11.26.42:659][  0]LogTemp: Display: Loaded TP LinuxNoEditorTargetPlatform
[2018.11.19-11.26.42:674][  0]LogTemp: Display: Loaded TP LinuxServerTargetPlatform
[2018.11.19-11.26.42:689][  0]LogTemp: Display: Loaded TP LinuxTargetPlatform
[2018.11.19-11.26.42:702][  0]LogTemp: Display: Loaded TP LuminTargetPlatform
[2018.11.19-11.26.42:702][  0]LogTargetPlatformManager: Display: Building Assets For Windows
[2018.11.19-11.26.42:905][  0]LogXGEController: Cleaning working directory: C:/Users/John/AppData/Local/Temp/UnrealXGEWorkingDir/
[2018.11.19-11.26.42:906][  0]LogXGEController: Cannot use XGE Controller as Incredibuild is not installed on this machine.
[2018.11.19-11.26.42:906][  0]LogShaderCompilers: Cannot use XGE Shader Compiler as Incredibuild is not installed on this machine.
[2018.11.19-11.26.42:906][  0]LogShaderCompilers: Display: Using Local Shader Compiler.
[2018.11.19-11.26.43:611][  0]LogDerivedDataCache: Display: Max Cache Size: 512 MB
[2018.11.19-11.26.43:658][  0]LogDerivedDataCache: Loaded boot cache 0.05s 71MB C:/Users/John/AppData/Local/UnrealEngine/4.20/DerivedDataCache/Boot.ddc.
[2018.11.19-11.26.43:658][  0]LogDerivedDataCache: Display: Loaded Boot cache: C:/Users/John/AppData/Local/UnrealEngine/4.20/DerivedDataCache/Boot.ddc
[2018.11.19-11.26.43:659][  0]LogDerivedDataCache: FDerivedDataBackendGraph:  Pak pak cache file ../../../../../../Git/FightingGame/FightingGame/DerivedDataCache/DDC.ddp not found, will not use a pak cache.
[2018.11.19-11.26.43:659][  0]LogDerivedDataCache: Unable to find inner node Pak for hierarchical cache Hierarchy.
[2018.11.19-11.26.43:659][  0]LogDerivedDataCache: FDerivedDataBackendGraph:  CompressedPak pak cache file ../../../../../../Git/FightingGame/FightingGame/DerivedDataCache/Compressed.ddp not found, will not use a pak cache.
[2018.11.19-11.26.43:659][  0]LogDerivedDataCache: Unable to find inner node CompressedPak for hierarchical cache Hierarchy.
[2018.11.19-11.26.43:670][  0]LogDerivedDataCache: Display: Pak cache opened for reading ../../../Engine/DerivedDataCache/Compressed.ddp.
[2018.11.19-11.26.43:684][  0]LogDerivedDataCache: Using Local data cache path C:/Users/John/AppData/Local/UnrealEngine/Common/DerivedDataCache: Writable
[2018.11.19-11.26.43:684][  0]LogDerivedDataCache: Shared data cache path not found in *engine.ini, will not use an Shared cache.
[2018.11.19-11.26.43:685][  0]LogDerivedDataCache: Unable to find inner node Shared for hierarchical cache Hierarchy.
[2018.11.19-11.26.43:700][  0]LogMaterial: Verifying Global Shaders for PCD3D_SM5
[2018.11.19-11.26.43:701][  0]LogSlate: Using FreeType 2.6.0
[2018.11.19-11.26.43:702][  0]LogSlate: SlateFontServices - WITH_FREETYPE: 1, WITH_HARFBUZZ: 1
[2018.11.19-11.26.43:776][  0]LogAssetRegistry: FAssetRegistry took 0.0282 seconds to start up
[2018.11.19-11.26.44:082][  0]LogInit: Selected Device Profile: [Windows]
[2018.11.19-11.26.44:246][  0]LogSimplygon: Simplygon DLL not present - disabling.
[2018.11.19-11.26.44:266][  0]LogMeshReduction: Using SimplygonSwarm for distributed automatic mesh merging
[2018.11.19-11.26.44:266][  0]LogMeshReduction: Using ProxyLODMeshReduction for automatic mesh merging
[2018.11.19-11.26.44:266][  0]LogMeshReduction: Using QuadricMeshReduction for automatic static mesh reduction
[2018.11.19-11.26.44:266][  0]LogMeshReduction: No automatic skeletal mesh reduction module available
[2018.11.19-11.26.44:283][  0]LogNetVersion: FightingGame 1.0.0, NetCL: 4212847, EngineNetVer: 5, GameNetVer: 0 (Checksum: 156865789)
[2018.11.19-11.26.44:772][  0]LogPackageLocalizationCache: Processed 11 localized package path(s) for 2 prioritized culture(s) in 0.116284 seconds
[2018.11.19-11.26.44:779][  0]LogUObjectArray: 38425 objects as part of root set at end of initial load.
[2018.11.19-11.26.44:779][  0]LogUObjectAllocator: 6690864 out of 0 bytes used by permanent object pool.
[2018.11.19-11.26.44:779][  0]LogUObjectArray: CloseDisregardForGC: 0/0 objects in disregard for GC pool
[2018.11.19-11.26.45:886][  0]LogTcpMessaging: Initializing TcpMessaging bridge
[2018.11.19-11.26.45:906][  0]LogUdpMessaging: Initializing bridge on interface 0.0.0.0:0 to multicast group 230.0.0.1:6666.
[2018.11.19-11.26.46:166][  0]SourceControl: Source control is disabled
[2018.11.19-11.26.46:166][  0]SourceControl: Source control is disabled
[2018.11.19-11.26.46:180][  0]SourceControl: Source control is disabled
[2018.11.19-11.26.46:187][  0]SourceControl: Source control is disabled
[2018.11.19-11.26.46:594][  0]LogAndroidPermission: UAndroidPermissionCallbackProxy::GetInstance
[2018.11.19-11.26.46:762][  0]LogOcInput: OculusInput pre-init called
[2018.11.19-11.26.46:850][  0]LogEngine: Initializing Engine...
[2018.11.19-11.26.46:852][  0]LogHMD: Failed to initialize OpenVR with code 102
[2018.11.19-11.26.46:853][  0]LogStats: UGameplayTagsManager::ConstructGameplayTagTree: ImportINI prefixes -  0.000 s
[2018.11.19-11.26.46:853][  0]LogStats: UGameplayTagsManager::ConstructGameplayTagTree: Construct from data asset -  0.000 s
[2018.11.19-11.26.46:854][  0]LogStats: UGameplayTagsManager::ConstructGameplayTagTree: ImportINI -  0.000 s
[2018.11.19-11.26.46:854][  0]LogStats: UGameplayTagsManager::ConstructGameplayTagTree: GameplayTagTreeChangedEvent.Broadcast -  0.000 s
[2018.11.19-11.26.47:037][  0]LogInit: Initializing FReadOnlyCVARCache
[2018.11.19-11.26.47:058][  0]LogAIModule: Creating AISystem for world Untitled
[2018.11.19-11.26.47:091][  0]LogInit: XAudio2 using 'Headset Earphone (Razer ManO'War)' : 2 channels at 48 kHz using 16 bits per sample (channel mask 0x3)
[2018.11.19-11.26.47:171][  0]LogInit: FAudioDevice initialized.
[2018.11.19-11.26.47:172][  0]LogNetVersion: Set ProjectVersion to 1.0.0.0. Version Checksum will be recalculated on next use.
[2018.11.19-11.26.47:278][  0]LogDerivedDataCache: Saved boot cache 0.11s 71MB C:/Users/John/AppData/Local/UnrealEngine/4.20/DerivedDataCache/Boot.ddc.
[2018.11.19-11.26.47:279][  0]LogInit: Texture streaming: Enabled
[2018.11.19-11.26.47:325][  0]LogEngineSessionManager: EngineSessionManager initialized
[2018.11.19-11.26.47:342][  0]LogInit: Transaction tracking system initialized
[2018.11.19-11.26.47:405][  0]BlueprintLog: New page: Editor Load
[2018.11.19-11.26.47:636][  0]LocalizationService: Localization service is disabled
[2018.11.19-11.26.48:023][  0]LogCook: Display: Max memory allowance for cook 16384mb min free memory 0mb
[2018.11.19-11.26.48:023][  0]LogCook: Display: Mobile HDR setting 1
[2018.11.19-11.26.48:023][  0]LogGameplayTags: Display: UGameplayTagsManager::DoneAddingNativeTags. DelegateIsBound: 0
[2018.11.19-11.26.48:024][  0]LogStats: UGameplayTagsManager::ConstructGameplayTagTree: ImportINI prefixes -  0.000 s
[2018.11.19-11.26.48:024][  0]LogStats: UGameplayTagsManager::ConstructGameplayTagTree: Construct from data asset -  0.000 s
[2018.11.19-11.26.48:024][  0]LogStats: UGameplayTagsManager::ConstructGameplayTagTree: ImportINI -  0.000 s
[2018.11.19-11.26.48:024][  0]LogStats: UGameplayTagsManager::ConstructGameplayTagTree: GameplayTagTreeChangedEvent.Broadcast -  0.000 s
[2018.11.19-11.26.48:181][  0]LogFileCache: Scanning file cache for directory 'D:/Git/FightingGame/FightingGame/Content/' took 0.02s
[2018.11.19-11.26.48:181][  0]LogLinker: Warning: Can't find file '/Engine/BasicShapes/Cylinder'
[2018.11.19-11.26.48:182][  0]LogLinker: Warning: Can't find file '/Engine/BasicShapes/Cylinder'
[2018.11.19-11.26.48:182][  0]LogUObjectGlobals: Warning: Failed to find object 'StaticMesh /Engine/BasicShapes/Cylinder.Cylinder'
[2018.11.19-11.26.48:327][  0]SourceControl: Source control is disabled
[2018.11.19-11.26.48:327][  0]Cmd: MAP LOAD FILE="../../../../../../Git/FightingGame/FightingGame/Content/StarterContent/Maps/Minimal_Default.umap" TEMPLATE=0 SHOWPROGRESS=1 FEATURELEVEL=3
[2018.11.19-11.26.48:328][  0]LightingResults: New page: Lighting Build
[2018.11.19-11.26.48:332][  0]MapCheck: New page: Map Check
[2018.11.19-11.26.48:332][  0]LightingResults: New page: Lighting Build
[2018.11.19-11.26.48:613][  0]LogAIModule: Creating AISystem for world Minimal_Default
[2018.11.19-11.26.48:621][  0]LogEditorServer: Finished looking for orphan Actors (0.000 secs)
[2018.11.19-11.26.48:642][  0]Cmd: MAP CHECKDEP NOCLEARLOG
[2018.11.19-11.26.48:770][  0]MapCheck: Map check complete: 0 Error(s), 0 Warning(s), took 127.714ms to complete.
[2018.11.19-11.26.48:770][  0]LogFileHelpers: Loading map 'Minimal_Default' took 0.443
[2018.11.19-11.26.48:889][  0]LogSlate: Updating window title bar state: overlay mode, drag disabled, window buttons hidden, title bar hidden
[2018.11.19-11.26.48:896][  0]LogSlate: Updating window title bar state: overlay mode, drag disabled, window buttons hidden, title bar hidden
[2018.11.19-11.26.48:902][  0]LogSlate: Updating window title bar state: overlay mode, drag disabled, window buttons hidden, title bar hidden
[2018.11.19-11.26.48:908][  0]LogSlate: Updating window title bar state: overlay mode, drag disabled, window buttons hidden, title bar hidden
[2018.11.19-11.26.48:921][  0]LogCollectionManager: Loaded 0 collections in 0.002289 seconds
[2018.11.19-11.26.48:972][  0]LogFileCache: Scanning file cache for directory 'D:/Git/FightingGame/FightingGame/Saved/Collections/' took 0.01s
[2018.11.19-11.26.48:972][  0]LogFileCache: Scanning file cache for directory 'D:/Git/FightingGame/FightingGame/Content/Developers/John/Collections/' took 0.01s
[2018.11.19-11.26.48:972][  0]LogFileCache: Scanning file cache for directory 'D:/Git/FightingGame/FightingGame/Content/Collections/' took 0.01s
[2018.11.19-11.26.48:972][  0]LogCollectionManager: Rebuilt the GUID cache for 0 collections in 0.000000 seconds
[2018.11.19-11.26.48:981][  0]LogContentBrowser: Native class hierarchy populated in 0.0082 seconds. Added 2575 classes and 605 folders.
[2018.11.19-11.26.48:988][  0]LogContentBrowser: Native class hierarchy updated for 'WidgetCarousel' in 0.0003 seconds. Added 0 classes and 0 folders.
[2018.11.19-11.26.49:041][  0]LogContentBrowser: Native class hierarchy updated for 'AddContentDialog' in 0.0004 seconds. Added 0 classes and 0 folders.
[2018.11.19-11.26.49:053][  0]LogContentBrowser: Native class hierarchy updated for 'SceneOutliner' in 0.0004 seconds. Added 1 classes and 2 folders.
[2018.11.19-11.26.49:067][  0]LogSlate: Took 0.000210 seconds to synchronously load lazily loaded font '../../../Engine/Content/Slate/Fonts/Roboto-Regular.ttf' (155K)
[2018.11.19-11.26.49:070][  0]LogSlate: Took 0.000347 seconds to synchronously load lazily loaded font '../../../Engine/Content/Slate/Fonts/Roboto-Bold.ttf' (160K)
[2018.11.19-11.26.49:076][  0]LogSlate: Took 0.000309 seconds to synchronously load lazily loaded font '../../../Engine/Content/Editor/Slate/Fonts/FontAwesome.ttf' (139K)
[2018.11.19-11.26.49:144][  0]LogRenderer: Reallocating scene render targets to support 1168x720 Format 10 NumSamples 1 (Frame:1).
[2018.11.19-11.26.49:286][  0]LogContentBrowser: Native class hierarchy updated for 'HierarchicalLODOutliner' in 0.0004 seconds. Added 0 classes and 0 folders.
[2018.11.19-11.26.49:286][  0]LogLoad: (Engine Initialization) Total time: 10.47 seconds
[2018.11.19-11.26.49:286][  0]LogLoad: (Engine Initialization) Total Blueprint compile time: 0.00 seconds
[2018.11.19-11.26.49:297][  0]LogWindowsTextInputMethodSystem: Display: IME system now deactivated.
[2018.11.19-11.26.49:317][  0]LogAssetRegistry: Asset discovery search completed in 5.5654 seconds
[2018.11.19-11.26.49:319][  0]LogCollectionManager: Rebuilt the object cache for 0 collections in 0.000000 seconds (found 0 objects)
[2018.11.19-11.26.49:319][  0]LogCollectionManager: Fixed up redirectors for 0 collections in 0.000219 seconds (updated 0 objects)
[2018.11.19-11.26.49:321][  0]LogContentStreaming: Texture pool size now 1000 MB
[2018.11.19-11.26.49:394][  0]LogSlate: Took 0.000149 seconds to synchronously load lazily loaded font '../../../Engine/Content/Slate/Fonts/Roboto-Light.ttf' (167K)
[2018.11.19-11.26.52:274][342]LogSlate: FSceneViewport::OnFocusLost() reason 0
[2018.11.19-11.26.52:340][350]LogTemp: Repeating last play command: Selected Viewport
[2018.11.19-11.26.52:350][350]LogBlueprintUserMessages: Early PlayInEditor Detection: Level '/Game/StarterContent/Maps/Minimal_Default.Minimal_Default:PersistentLevel' has LevelScriptBlueprint '/Game/StarterContent/Maps/Minimal_Default.Minimal_Default:PersistentLevel.Minimal_Default' with GeneratedClass '/Game/StarterContent/Maps/Minimal_Default.Minimal_Default_C' with ClassGeneratedBy '/Game/StarterContent/Maps/Minimal_Default.Minimal_Default:PersistentLevel.Minimal_Default'
[2018.11.19-11.26.52:350][350]LogPlayLevel: PlayLevel: No blueprints needed recompiling
[2018.11.19-11.26.52:364][350]PIE: New page: PIE session: Minimal_Default (Nov 19, 2018, 11:26:52 AM)
[2018.11.19-11.26.52:365][350]LogPlayLevel: Creating play world package: /Game/StarterContent/Maps/UEDPIE_0_Minimal_Default
[2018.11.19-11.26.52:368][350]LogPlayLevel: PIE: StaticDuplicateObject took: (0.002919s)
[2018.11.19-11.26.52:368][350]LogAIModule: Creating AISystem for world Minimal_Default
[2018.11.19-11.26.52:369][350]LogPlayLevel: PIE: World Init took: (0.000762s)
[2018.11.19-11.26.52:369][350]LogPlayLevel: PIE: Created PIE world by copying editor world from /Game/StarterContent/Maps/Minimal_Default.Minimal_Default to /Game/StarterContent/Maps/UEDPIE_0_Minimal_Default.Minimal_Default (0.004025s)
[2018.11.19-11.26.52:412][350]LogInit: XAudio2 using 'Headset Earphone (Razer ManO'War)' : 2 channels at 48 kHz using 16 bits per sample (channel mask 0x3)
[2018.11.19-11.26.52:467][350]LogInit: FAudioDevice initialized.
[2018.11.19-11.26.52:533][350]LogLoad: Game class is 'FightingGameMode_C'
[2018.11.19-11.26.52:535][350]LogWorld: Bringing World /Game/StarterContent/Maps/UEDPIE_0_Minimal_Default.Minimal_Default up for play (max tick rate 0) at 2018.11.19-11.26.52
[2018.11.19-11.26.52:536][350]LogWorld: Bringing up level for play took: 0.001233
[2018.11.19-11.26.52:558][350]LogContentBrowser: Native class hierarchy updated for 'MovieSceneCapture' in 0.0004 seconds. Added 10 classes and 0 folders.
[2018.11.19-11.26.52:560][350]PIE: Play in editor start time for /Game/StarterContent/Maps/UEDPIE_0_Minimal_Default 0.585
[2018.11.19-11.26.52:560][350]LogBlueprintUserMessages: Late PlayInEditor Detection: Level '/Game/StarterContent/Maps/Minimal_Default.Minimal_Default:PersistentLevel' has LevelScriptBlueprint '/Game/StarterContent/Maps/Minimal_Default.Minimal_Default:PersistentLevel.Minimal_Default' with GeneratedClass '/Game/StarterContent/Maps/Minimal_Default.Minimal_Default_C' with ClassGeneratedBy '/Game/StarterContent/Maps/Minimal_Default.Minimal_Default:PersistentLevel.Minimal_Default'
[2018.11.19-11.26.54:880][624]LogBlueprintUserMessages: Early EndPlayMap Detection: Level '/Game/StarterContent/Maps/Minimal_Default.Minimal_Default:PersistentLevel' has LevelScriptBlueprint '/Game/StarterContent/Maps/Minimal_Default.Minimal_Default:PersistentLevel.Minimal_Default' with GeneratedClass '/Game/StarterContent/Maps/Minimal_Default.Minimal_Default_C' with ClassGeneratedBy '/Game/StarterContent/Maps/Minimal_Default.Minimal_Default:PersistentLevel.Minimal_Default'
[2018.11.19-11.26.54:880][624]LogSlate: Updating window title bar state: overlay mode, drag disabled, window buttons hidden, title bar hidden
[2018.11.19-11.26.54:919][624]LogPlayLevel: Display: Shutting down PIE online subsystems
[2018.11.19-11.26.54:920][624]LogBlueprintUserMessages: Late EndPlayMap Detection: Level '/Game/StarterContent/Maps/Minimal_Default.Minimal_Default:PersistentLevel' has LevelScriptBlueprint '/Game/StarterContent/Maps/Minimal_Default.Minimal_Default:PersistentLevel.Minimal_Default' with GeneratedClass '/Game/StarterContent/Maps/Minimal_Default.Minimal_Default_C' with ClassGeneratedBy '/Game/StarterContent/Maps/Minimal_Default.Minimal_Default:PersistentLevel.Minimal_Default'
[2018.11.19-11.26.54:938][624]LogSlate: Updating window title bar state: overlay mode, drag disabled, window buttons hidden, title bar hidden
[2018.11.19-11.26.54:979][628]LogPlayLevel: Display: Destroying online subsystem :Context_1
[2018.11.19-11.26.56:556][816]LogSlate: FSceneViewport::OnFocusLost() reason 0
[2018.11.19-11.26.58:492][ 45]LogSlate: Took 0.000202 seconds to synchronously load lazily loaded font '../../../Engine/Content/Slate/Fonts/Roboto-Light.ttf' (167K)
[2018.11.19-11.26.58:499][ 45]LogAssetEditorManager: Opening Asset editor for Blueprint /Game/TestPlayer.TestPlayer
[2018.11.19-11.26.58:861][ 45]LogContentBrowser: Native class hierarchy updated for 'BlueprintGraph' in 0.0007 seconds. Added 116 classes and 0 folders.
[2018.11.19-11.27.00:465][156]LogSlate: Window 'TestPlayer' being destroyed
[2018.11.19-11.27.00:527][156]LogAssetEditorManager: Opening Asset editor for Blueprint /Game/TestPlayer.TestPlayer
[2018.11.19-11.27.00:777][156]LogSlate: Took 0.000233 seconds to synchronously load lazily loaded font '../../../Engine/Content/Slate/Fonts/Roboto-BoldCondensed.ttf' (158K)
[2018.11.19-11.27.03:955][509]LogSlate: Took 0.000231 seconds to synchronously load lazily loaded font '../../../Engine/Content/Slate/Fonts/Roboto-Italic.ttf' (157K)
[2018.11.19-11.27.05:988][728]BlueprintLog: New page: Compile TestPlayer
[2018.11.19-11.27.07:602][894]Cmd: OBJ SAVEPACKAGE PACKAGE="/Game/TestPlayer" FILE="../../../../../../Git/FightingGame/FightingGame/Content/TestPlayer.uasset" SILENT=true
[2018.11.19-11.27.07:666][894]LogSavePackage: Moving '../../../../../../Git/FightingGame/FightingGame/Saved/TestPlayer1C6CF20449801B2EFD2976AD974BC84A.tmp' to '../../../../../../Git/FightingGame/FightingGame/Content/TestPlayer.uasset'
[2018.11.19-11.27.08:236][958]LogSlate: Window 'TestPlayer' being destroyed
[2018.11.19-11.27.09:132][ 41]LogSavePackage: Moving '../../../../../../Git/FightingGame/FightingGame/Saved/Minimal_Default97D1692B4DC7854AC2ADE8A99C75AA6E.tmp' to '../../../../../../Git/FightingGame/FightingGame/Content/StarterContent/Maps/Minimal_Default.umap'
[2018.11.19-11.27.09:212][ 41]LogSavePackage: Moving '../../../../../../Git/FightingGame/FightingGame/Saved/Minimal_Default_BuiltData27E9735749940CFB9E970DB3D13D57E5.tmp' to '../../../../../../Git/FightingGame/FightingGame/Content/StarterContent/Maps/Minimal_Default_BuiltData.uasset'
[2018.11.19-11.27.09:702][ 99]LogTemp: Repeating last play command: Selected Viewport
[2018.11.19-11.27.09:714][ 99]LogBlueprintUserMessages: Early PlayInEditor Detection: Level '/Game/StarterContent/Maps/Minimal_Default.Minimal_Default:PersistentLevel' has LevelScriptBlueprint '/Game/StarterContent/Maps/Minimal_Default.Minimal_Default:PersistentLevel.Minimal_Default' with GeneratedClass '/Game/StarterContent/Maps/Minimal_Default.Minimal_Default_C' with ClassGeneratedBy '/Game/StarterContent/Maps/Minimal_Default.Minimal_Default:PersistentLevel.Minimal_Default'
[2018.11.19-11.27.09:714][ 99]LogPlayLevel: PlayLevel: No blueprints needed recompiling
[2018.11.19-11.27.09:714][ 99]PIE: New page: PIE session: Minimal_Default (Nov 19, 2018, 11:27:09 AM)
[2018.11.19-11.27.09:715][ 99]LogPlayLevel: Creating play world package: /Game/StarterContent/Maps/UEDPIE_0_Minimal_Default
[2018.11.19-11.27.09:717][ 99]LogPlayLevel: PIE: StaticDuplicateObject took: (0.002389s)
[2018.11.19-11.27.09:718][ 99]LogAIModule: Creating AISystem for world Minimal_Default
[2018.11.19-11.27.09:718][ 99]LogPlayLevel: PIE: World Init took: (0.000769s)
[2018.11.19-11.27.09:718][ 99]LogPlayLevel: PIE: Created PIE world by copying editor world from /Game/StarterContent/Maps/Minimal_Default.Minimal_Default to /Game/StarterContent/Maps/UEDPIE_0_Minimal_Default.Minimal_Default (0.003503s)
[2018.11.19-11.27.09:767][ 99]LogInit: XAudio2 using 'Headset Earphone (Razer ManO'War)' : 2 channels at 48 kHz using 16 bits per sample (channel mask 0x3)
[2018.11.19-11.27.09:826][ 99]LogInit: FAudioDevice initialized.
[2018.11.19-11.27.09:872][ 99]LogLoad: Game class is 'FightingGameMode_C'
[2018.11.19-11.27.09:873][ 99]LogWorld: Bringing World /Game/StarterContent/Maps/UEDPIE_0_Minimal_Default.Minimal_Default up for play (max tick rate 0) at 2018.11.19-11.27.09
[2018.11.19-11.27.09:873][ 99]LogWorld: Bringing up level for play took: 0.000842
[2018.11.19-11.27.09:887][ 99]PIE: Play in editor start time for /Game/StarterContent/Maps/UEDPIE_0_Minimal_Default -0.087
[2018.11.19-11.27.09:887][ 99]LogBlueprintUserMessages: Late PlayInEditor Detection: Level '/Game/StarterContent/Maps/Minimal_Default.Minimal_Default:PersistentLevel' has LevelScriptBlueprint '/Game/StarterContent/Maps/Minimal_Default.Minimal_Default:PersistentLevel.Minimal_Default' with GeneratedClass '/Game/StarterContent/Maps/Minimal_Default.Minimal_Default_C' with ClassGeneratedBy '/Game/StarterContent/Maps/Minimal_Default.Minimal_Default:PersistentLevel.Minimal_Default'
[2018.11.19-11.27.18:472][127]LogBlueprintUserMessages: Early EndPlayMap Detection: Level '/Game/StarterContent/Maps/Minimal_Default.Minimal_Default:PersistentLevel' has LevelScriptBlueprint '/Game/StarterContent/Maps/Minimal_Default.Minimal_Default:PersistentLevel.Minimal_Default' with GeneratedClass '/Game/StarterContent/Maps/Minimal_Default.Minimal_Default_C' with ClassGeneratedBy '/Game/StarterContent/Maps/Minimal_Default.Minimal_Default:PersistentLevel.Minimal_Default'
[2018.11.19-11.27.18:472][127]LogSlate: Updating window title bar state: overlay mode, drag disabled, window buttons hidden, title bar hidden
[2018.11.19-11.27.18:513][127]LogPlayLevel: Display: Shutting down PIE online subsystems
[2018.11.19-11.27.18:513][127]LogBlueprintUserMessages: Late EndPlayMap Detection: Level '/Game/StarterContent/Maps/Minimal_Default.Minimal_Default:PersistentLevel' has LevelScriptBlueprint '/Game/StarterContent/Maps/Minimal_Default.Minimal_Default:PersistentLevel.Minimal_Default' with GeneratedClass '/Game/StarterContent/Maps/Minimal_Default.Minimal_Default_C' with ClassGeneratedBy '/Game/StarterContent/Maps/Minimal_Default.Minimal_Default:PersistentLevel.Minimal_Default'
[2018.11.19-11.27.18:535][127]LogSlate: Updating window title bar state: overlay mode, drag disabled, window buttons hidden, title bar hidden
[2018.11.19-11.27.18:579][130]LogPlayLevel: Display: Destroying online subsystem :Context_7
[2018.11.19-11.27.19:397][226]LogSlate: FSceneViewport::OnFocusLost() reason 2
[2018.11.19-11.27.20:236][325]LogSlate: FSceneViewport::OnFocusLost() reason 2
[2018.11.19-11.27.20:957][325]LogSlate: Only BGRA pngs, bmps or icos are supported in by External Image Picker
[2018.11.19-11.27.21:024][326]LogTemp: Executing iPhonePackager certificates Engine -bundlename com.YourCompany.FightingGame
[2018.11.19-11.27.21:026][326]LogTemp: CWD: D:\Program Files\Epic Games\UE_4.20\Engine\Binaries\DotNET\IOS
[2018.11.19-11.27.21:026][326]LogTemp: Initial Dir: D:\Program Files\Epic Games\UE_4.20
[2018.11.19-11.27.21:026][326]LogTemp: Env CWD: D:\Program Files\Epic Games\UE_4.20\Engine\Binaries\DotNET\IOS
[2018.11.19-11.27.21:026][326]LogTemp: BranchPath = EDWARD/D/Program Files/Epic Games/UE_4.20/Engine/Binaries --- GameBranchPath = EDWARD/D/Program Files/Epic Games/UE_4.20/Engine/Binaries
[2018.11.19-11.27.21:026][326]LogTemp: IPP ERROR: Could not find provision directory 'C:\Users\John\AppData\Local/Apple Computer/MobileDevice/Provisioning Profiles/'.
[2018.11.19-11.27.38:040][339]LogSlate: Window 'Project Settings' being destroyed
[2018.11.19-11.27.39:002][452]LogSlate: FSceneViewport::OnFocusLost() reason 0
[2018.11.19-11.27.39:069][460]LogTemp: Repeating last play command: Selected Viewport
[2018.11.19-11.27.39:079][460]LogBlueprintUserMessages: Early PlayInEditor Detection: Level '/Game/StarterContent/Maps/Minimal_Default.Minimal_Default:PersistentLevel' has LevelScriptBlueprint '/Game/StarterContent/Maps/Minimal_Default.Minimal_Default:PersistentLevel.Minimal_Default' with GeneratedClass '/Game/StarterContent/Maps/Minimal_Default.Minimal_Default_C' with ClassGeneratedBy '/Game/StarterContent/Maps/Minimal_Default.Minimal_Default:PersistentLevel.Minimal_Default'
[2018.11.19-11.27.39:080][460]LogPlayLevel: PlayLevel: No blueprints needed recompiling
[2018.11.19-11.27.39:080][460]PIE: New page: PIE session: Minimal_Default (Nov 19, 2018, 11:27:39 AM)
[2018.11.19-11.27.39:080][460]LogPlayLevel: Creating play world package: /Game/StarterContent/Maps/UEDPIE_0_Minimal_Default
[2018.11.19-11.27.39:082][460]LogPlayLevel: PIE: StaticDuplicateObject took: (0.002414s)
[2018.11.19-11.27.39:083][460]LogAIModule: Creating AISystem for world Minimal_Default
[2018.11.19-11.27.39:083][460]LogPlayLevel: PIE: World Init took: (0.000872s)
[2018.11.19-11.27.39:084][460]LogPlayLevel: PIE: Created PIE world by copying editor world from /Game/StarterContent/Maps/Minimal_Default.Minimal_Default to /Game/StarterContent/Maps/UEDPIE_0_Minimal_Default.Minimal_Default (0.003600s)
[2018.11.19-11.27.39:139][460]LogInit: XAudio2 using 'Headset Earphone (Razer ManO'War)' : 2 channels at 48 kHz using 16 bits per sample (channel mask 0x3)
[2018.11.19-11.27.39:198][460]LogInit: FAudioDevice initialized.
[2018.11.19-11.27.39:230][460]LogLoad: Game class is 'FightingGameMode_C'
[2018.11.19-11.27.39:231][460]LogWorld: Bringing World /Game/StarterContent/Maps/UEDPIE_0_Minimal_Default.Minimal_Default up for play (max tick rate 0) at 2018.11.19-11.27.39
[2018.11.19-11.27.39:232][460]LogWorld: Bringing up level for play took: 0.000757
[2018.11.19-11.27.39:245][460]PIE: Play in editor start time for /Game/StarterContent/Maps/UEDPIE_0_Minimal_Default -0.729
[2018.11.19-11.27.39:246][460]LogBlueprintUserMessages: Late PlayInEditor Detection: Level '/Game/StarterContent/Maps/Minimal_Default.Minimal_Default:PersistentLevel' has LevelScriptBlueprint '/Game/StarterContent/Maps/Minimal_Default.Minimal_Default:PersistentLevel.Minimal_Default' with GeneratedClass '/Game/StarterContent/Maps/Minimal_Default.Minimal_Default_C' with ClassGeneratedBy '/Game/StarterContent/Maps/Minimal_Default.Minimal_Default:PersistentLevel.Minimal_Default'
[2018.11.19-11.27.43:473][962]LogBlueprintUserMessages: Early EndPlayMap Detection: Level '/Game/StarterContent/Maps/Minimal_Default.Minimal_Default:PersistentLevel' has LevelScriptBlueprint '/Game/StarterContent/Maps/Minimal_Default.Minimal_Default:PersistentLevel.Minimal_Default' with GeneratedClass '/Game/StarterContent/Maps/Minimal_Default.Minimal_Default_C' with ClassGeneratedBy '/Game/StarterContent/Maps/Minimal_Default.Minimal_Default:PersistentLevel.Minimal_Default'
[2018.11.19-11.27.43:473][962]LogSlate: Updating window title bar state: overlay mode, drag disabled, window buttons hidden, title bar hidden
[2018.11.19-11.27.43:511][962]LogPlayLevel: Display: Shutting down PIE online subsystems
[2018.11.19-11.27.43:511][962]LogBlueprintUserMessages: Late EndPlayMap Detection: Level '/Game/StarterContent/Maps/Minimal_Default.Minimal_Default:PersistentLevel' has LevelScriptBlueprint '/Game/StarterContent/Maps/Minimal_Default.Minimal_Default:PersistentLevel.Minimal_Default' with GeneratedClass '/Game/StarterContent/Maps/Minimal_Default.Minimal_Default_C' with ClassGeneratedBy '/Game/StarterContent/Maps/Minimal_Default.Minimal_Default:PersistentLevel.Minimal_Default'
[2018.11.19-11.27.43:532][962]LogSlate: Updating window title bar state: overlay mode, drag disabled, window buttons hidden, title bar hidden
[2018.11.19-11.27.43:574][965]LogPlayLevel: Display: Destroying online subsystem :Context_8
[2018.11.19-11.27.44:579][ 84]LogSlate: FSceneViewport::OnFocusLost() reason 2
[2018.11.19-11.27.44:786][106]LogSlate: FSceneViewport::OnFocusLost() reason 2
[2018.11.19-11.27.45:700][210]LogSlate: FSceneViewport::OnFocusLost() reason 2
[2018.11.19-11.27.46:574][314]LogSlate: FSceneViewport::OnFocusLost() reason 2
[2018.11.19-11.27.47:276][314]LogSlate: Only BGRA pngs, bmps or icos are supported in by External Image Picker
[2018.11.19-11.27.47:329][315]LogTemp: Executing iPhonePackager certificates Engine -bundlename com.YourCompany.FightingGame
[2018.11.19-11.27.47:329][315]LogTemp: CWD: D:\Program Files\Epic Games\UE_4.20\Engine\Binaries\DotNET\IOS
[2018.11.19-11.27.47:329][315]LogTemp: Initial Dir: D:\Program Files\Epic Games\UE_4.20
[2018.11.19-11.27.47:329][315]LogTemp: Env CWD: D:\Program Files\Epic Games\UE_4.20\Engine\Binaries\DotNET\IOS
[2018.11.19-11.27.47:329][315]LogTemp: BranchPath = EDWARD/D/Program Files/Epic Games/UE_4.20/Engine/Binaries --- GameBranchPath = EDWARD/D/Program Files/Epic Games/UE_4.20/Engine/Binaries
[2018.11.19-11.27.47:350][316]LogTemp: IPP ERROR: Could not find provision directory 'C:\Users\John\AppData\Local/Apple Computer/MobileDevice/Provisioning Profiles/'.
[2018.11.19-11.27.54:759][194]LogSlate: Window 'Project Settings' being destroyed
[2018.11.19-11.27.54:762][194]LogSlate: Window 'Project Settings' being destroyed
[2018.11.19-11.27.55:523][282]LogSlate: FSceneViewport::OnFocusLost() reason 0
[2018.11.19-11.27.55:598][291]LogTemp: Repeating last play command: Selected Viewport
[2018.11.19-11.27.55:608][291]LogBlueprintUserMessages: Early PlayInEditor Detection: Level '/Game/StarterContent/Maps/Minimal_Default.Minimal_Default:PersistentLevel' has LevelScriptBlueprint '/Game/StarterContent/Maps/Minimal_Default.Minimal_Default:PersistentLevel.Minimal_Default' with GeneratedClass '/Game/StarterContent/Maps/Minimal_Default.Minimal_Default_C' with ClassGeneratedBy '/Game/StarterContent/Maps/Minimal_Default.Minimal_Default:PersistentLevel.Minimal_Default'
[2018.11.19-11.27.55:609][291]LogPlayLevel: PlayLevel: No blueprints needed recompiling
[2018.11.19-11.27.55:609][291]PIE: New page: PIE session: Minimal_Default (Nov 19, 2018, 11:27:55 AM)
[2018.11.19-11.27.55:609][291]LogPlayLevel: Creating play world package: /Game/StarterContent/Maps/UEDPIE_0_Minimal_Default
[2018.11.19-11.27.55:612][291]LogPlayLevel: PIE: StaticDuplicateObject took: (0.002508s)
[2018.11.19-11.27.55:613][291]LogAIModule: Creating AISystem for world Minimal_Default
[2018.11.19-11.27.55:613][291]LogPlayLevel: PIE: World Init took: (0.000855s)
[2018.11.19-11.27.55:613][291]LogPlayLevel: PIE: Created PIE world by copying editor world from /Game/StarterContent/Maps/Minimal_Default.Minimal_Default to /Game/StarterContent/Maps/UEDPIE_0_Minimal_Default.Minimal_Default (0.003670s)
[2018.11.19-11.27.55:664][291]LogInit: XAudio2 using 'Headset Earphone (Razer ManO'War)' : 2 channels at 48 kHz using 16 bits per sample (channel mask 0x3)
[2018.11.19-11.27.55:724][291]LogInit: FAudioDevice initialized.
[2018.11.19-11.27.55:761][291]LogLoad: Game class is 'FightingGameMode_C'
[2018.11.19-11.27.55:763][291]LogWorld: Bringing World /Game/StarterContent/Maps/UEDPIE_0_Minimal_Default.Minimal_Default up for play (max tick rate 0) at 2018.11.19-11.27.55
[2018.11.19-11.27.55:763][291]LogWorld: Bringing up level for play took: 0.000784
[2018.11.19-11.27.55:777][291]PIE: Play in editor start time for /Game/StarterContent/Maps/UEDPIE_0_Minimal_Default -0.197
[2018.11.19-11.27.55:778][291]LogBlueprintUserMessages: Late PlayInEditor Detection: Level '/Game/StarterContent/Maps/Minimal_Default.Minimal_Default:PersistentLevel' has LevelScriptBlueprint '/Game/StarterContent/Maps/Minimal_Default.Minimal_Default:PersistentLevel.Minimal_Default' with GeneratedClass '/Game/StarterContent/Maps/Minimal_Default.Minimal_Default_C' with ClassGeneratedBy '/Game/StarterContent/Maps/Minimal_Default.Minimal_Default:PersistentLevel.Minimal_Default'
[2018.11.19-11.28.09:771][968]LogBlueprintUserMessages: Early EndPlayMap Detection: Level '/Game/StarterContent/Maps/Minimal_Default.Minimal_Default:PersistentLevel' has LevelScriptBlueprint '/Game/StarterContent/Maps/Minimal_Default.Minimal_Default:PersistentLevel.Minimal_Default' with GeneratedClass '/Game/StarterContent/Maps/Minimal_Default.Minimal_Default_C' with ClassGeneratedBy '/Game/StarterContent/Maps/Minimal_Default.Minimal_Default:PersistentLevel.Minimal_Default'
[2018.11.19-11.28.09:772][968]LogSlate: Updating window title bar state: overlay mode, drag disabled, window buttons hidden, title bar hidden
[2018.11.19-11.28.09:810][968]LogPlayLevel: Display: Shutting down PIE online subsystems
[2018.11.19-11.28.09:810][968]LogBlueprintUserMessages: Late EndPlayMap Detection: Level '/Game/StarterContent/Maps/Minimal_Default.Minimal_Default:PersistentLevel' has LevelScriptBlueprint '/Game/StarterContent/Maps/Minimal_Default.Minimal_Default:PersistentLevel.Minimal_Default' with GeneratedClass '/Game/StarterContent/Maps/Minimal_Default.Minimal_Default_C' with ClassGeneratedBy '/Game/StarterContent/Maps/Minimal_Default.Minimal_Default:PersistentLevel.Minimal_Default'
[2018.11.19-11.28.09:832][968]LogSlate: Updating window title bar state: overlay mode, drag disabled, window buttons hidden, title bar hidden
[2018.11.19-11.28.09:876][973]LogPlayLevel: Display: Destroying online subsystem :Context_9
[2018.11.19-11.28.10:473][ 43]LogSlate: FSceneViewport::OnFocusLost() reason 2
[2018.11.19-11.28.10:574][ 54]LogSlate: FSceneViewport::OnFocusLost() reason 2
[2018.11.19-11.28.11:504][164]LogSlate: FSceneViewport::OnFocusLost() reason 2
[2018.11.19-11.28.12:197][164]LogSlate: Only BGRA pngs, bmps or icos are supported in by External Image Picker
[2018.11.19-11.28.12:257][164]LogTemp: Executing iPhonePackager certificates Engine -bundlename com.YourCompany.FightingGame
[2018.11.19-11.28.12:257][164]LogTemp: CWD: D:\Program Files\Epic Games\UE_4.20\Engine\Binaries\DotNET\IOS
[2018.11.19-11.28.12:257][164]LogTemp: Initial Dir: D:\Program Files\Epic Games\UE_4.20
[2018.11.19-11.28.12:257][164]LogTemp: Env CWD: D:\Program Files\Epic Games\UE_4.20\Engine\Binaries\DotNET\IOS
[2018.11.19-11.28.12:261][164]LogTemp: BranchPath = EDWARD/D/Program Files/Epic Games/UE_4.20/Engine/Binaries --- GameBranchPath = EDWARD/D/Program Files/Epic Games/UE_4.20/Engine/Binaries
[2018.11.19-11.28.12:277][164]LogTemp: IPP ERROR: Could not find provision directory 'C:\Users\John\AppData\Local/Apple Computer/MobileDevice/Provisioning Profiles/'.
[2018.11.19-11.28.22:070][320]LogSlate: Window 'Project Settings' being destroyed
[2018.11.19-11.28.22:074][320]LogSlate: Window 'Project Settings' being destroyed
[2018.11.19-11.28.22:591][379]LogSlate: FSceneViewport::OnFocusLost() reason 0
[2018.11.19-11.28.22:665][388]LogTemp: Repeating last play command: Selected Viewport
[2018.11.19-11.28.22:675][388]LogBlueprintUserMessages: Early PlayInEditor Detection: Level '/Game/StarterContent/Maps/Minimal_Default.Minimal_Default:PersistentLevel' has LevelScriptBlueprint '/Game/StarterContent/Maps/Minimal_Default.Minimal_Default:PersistentLevel.Minimal_Default' with GeneratedClass '/Game/StarterContent/Maps/Minimal_Default.Minimal_Default_C' with ClassGeneratedBy '/Game/StarterContent/Maps/Minimal_Default.Minimal_Default:PersistentLevel.Minimal_Default'
[2018.11.19-11.28.22:675][388]LogPlayLevel: PlayLevel: No blueprints needed recompiling
[2018.11.19-11.28.22:675][388]PIE: New page: PIE session: Minimal_Default (Nov 19, 2018, 11:28:22 AM)
[2018.11.19-11.28.22:675][388]LogPlayLevel: Creating play world package: /Game/StarterContent/Maps/UEDPIE_0_Minimal_Default
[2018.11.19-11.28.22:678][388]LogPlayLevel: PIE: StaticDuplicateObject took: (0.002438s)
[2018.11.19-11.28.22:678][388]LogAIModule: Creating AISystem for world Minimal_Default
[2018.11.19-11.28.22:679][388]LogPlayLevel: PIE: World Init took: (0.000806s)
[2018.11.19-11.28.22:679][388]LogPlayLevel: PIE: Created PIE world by copying editor world from /Game/StarterContent/Maps/Minimal_Default.Minimal_Default to /Game/StarterContent/Maps/UEDPIE_0_Minimal_Default.Minimal_Default (0.003709s)
[2018.11.19-11.28.22:725][388]LogInit: XAudio2 using 'Headset Earphone (Razer ManO'War)' : 2 channels at 48 kHz using 16 bits per sample (channel mask 0x3)
[2018.11.19-11.28.22:784][388]LogInit: FAudioDevice initialized.
[2018.11.19-11.28.22:818][388]LogLoad: Game class is 'FightingGameMode_C'
[2018.11.19-11.28.22:819][388]LogWorld: Bringing World /Game/StarterContent/Maps/UEDPIE_0_Minimal_Default.Minimal_Default up for play (max tick rate 0) at 2018.11.19-11.28.22
[2018.11.19-11.28.22:819][388]LogWorld: Bringing up level for play took: 0.000715
[2018.11.19-11.28.22:833][388]PIE: Play in editor start time for /Game/StarterContent/Maps/UEDPIE_0_Minimal_Default 0.859
[2018.11.19-11.28.22:834][388]LogBlueprintUserMessages: Late PlayInEditor Detection: Level '/Game/StarterContent/Maps/Minimal_Default.Minimal_Default:PersistentLevel' has LevelScriptBlueprint '/Game/StarterContent/Maps/Minimal_Default.Minimal_Default:PersistentLevel.Minimal_Default' with GeneratedClass '/Game/StarterContent/Maps/Minimal_Default.Minimal_Default_C' with ClassGeneratedBy '/Game/StarterContent/Maps/Minimal_Default.Minimal_Default:PersistentLevel.Minimal_Default'
[2018.11.19-11.28.34:477][783]LogBlueprintUserMessages: Early EndPlayMap Detection: Level '/Game/StarterContent/Maps/Minimal_Default.Minimal_Default:PersistentLevel' has LevelScriptBlueprint '/Game/StarterContent/Maps/Minimal_Default.Minimal_Default:PersistentLevel.Minimal_Default' with GeneratedClass '/Game/StarterContent/Maps/Minimal_Default.Minimal_Default_C' with ClassGeneratedBy '/Game/StarterContent/Maps/Minimal_Default.Minimal_Default:PersistentLevel.Minimal_Default'
[2018.11.19-11.28.34:478][783]LogSlate: Updating window title bar state: overlay mode, drag disabled, window buttons hidden, title bar hidden
[2018.11.19-11.28.34:512][783]LogPlayLevel: Display: Shutting down PIE online subsystems
[2018.11.19-11.28.34:513][783]LogBlueprintUserMessages: Late EndPlayMap Detection: Level '/Game/StarterContent/Maps/Minimal_Default.Minimal_Default:PersistentLevel' has LevelScriptBlueprint '/Game/StarterContent/Maps/Minimal_Default.Minimal_Default:PersistentLevel.Minimal_Default' with GeneratedClass '/Game/StarterContent/Maps/Minimal_Default.Minimal_Default_C' with ClassGeneratedBy '/Game/StarterContent/Maps/Minimal_Default.Minimal_Default:PersistentLevel.Minimal_Default'
[2018.11.19-11.28.34:536][783]LogSlate: Updating window title bar state: overlay mode, drag disabled, window buttons hidden, title bar hidden
[2018.11.19-11.28.34:578][787]LogPlayLevel: Display: Destroying online subsystem :Context_10
[2018.11.19-11.28.35:493][896]LogSlate: FSceneViewport::OnFocusLost() reason 0
[2018.11.19-11.28.37:914][102]LogSlate: Only BGRA pngs, bmps or icos are supported in by External Image Picker
[2018.11.19-11.28.37:975][103]LogTemp: Executing iPhonePackager certificates Engine -bundlename com.YourCompany.FightingGame
[2018.11.19-11.28.37:975][103]LogTemp: CWD: D:\Program Files\Epic Games\UE_4.20\Engine\Binaries\DotNET\IOS
[2018.11.19-11.28.37:975][103]LogTemp: Initial Dir: D:\Program Files\Epic Games\UE_4.20
[2018.11.19-11.28.37:975][103]LogTemp: Env CWD: D:\Program Files\Epic Games\UE_4.20\Engine\Binaries\DotNET\IOS
[2018.11.19-11.28.37:975][103]LogTemp: BranchPath = EDWARD/D/Program Files/Epic Games/UE_4.20/Engine/Binaries --- GameBranchPath = EDWARD/D/Program Files/Epic Games/UE_4.20/Engine/Binaries
[2018.11.19-11.28.37:998][104]LogTemp: IPP ERROR: Could not find provision directory 'C:\Users\John\AppData\Local/Apple Computer/MobileDevice/Provisioning Profiles/'.
[2018.11.19-11.28.46:280][ 83]LogSlate: Window 'Project Settings' being destroyed
[2018.11.19-11.28.46:285][ 83]LogSlate: Window 'Project Settings' being destroyed
