Log file open, 12/30/18 19:59:13
LogWindows: Failed to load 'aqProf.dll' (GetLastError=126)
LogWindows: File 'aqProf.dll' does not exist
LogWindows: Failed to load 'VSPerf140.dll' (GetLastError=126)
LogWindows: File 'VSPerf140.dll' does not exist
LogWindows: Failed to load 'VtuneApi.dll' (GetLastError=126)
LogWindows: File 'VtuneApi.dll' does not exist
LogWindows: Failed to load 'VtuneApi32e.dll' (GetLastError=126)
LogWindows: File 'VtuneApi32e.dll' does not exist
LogInit: Display: Running engine for game: FightingGame
LogPlatformFile: Not using cached read wrapper
LogTaskGraph: Started task graph with 5 named threads and 23 total threads with 3 sets of task threads.
LogStats: Stats thread started at 0.645553
LogD3D11RHI: Loaded GFSDK_Aftermath_Lib.x64.dll
LogICUInternationalization: Display: ICU TimeZone Detection - Raw Offset: +0:00, Platform Override: ''
LogPluginManager: Mounting plugin Paper2D
LogPluginManager: Mounting plugin AISupport
LogPluginManager: Mounting plugin LightPropagationVolume
LogPluginManager: Mounting plugin CLionSourceCodeAccess
LogPluginManager: Mounting plugin CodeLiteSourceCodeAccess
LogPluginManager: Mounting plugin GitSourceControl
LogPluginManager: Mounting plugin KDevelopSourceCodeAccess
LogPluginManager: Mounting plugin NullSourceCodeAccess
LogPluginManager: Mounting plugin PerforceSourceControl
LogPluginManager: Mounting plugin SubversionSourceControl
LogPluginManager: Mounting plugin UObjectPlugin
LogPluginManager: Mounting plugin VisualStudioCodeSourceCodeAccess
LogPluginManager: Mounting plugin VisualStudioSourceCodeAccess
LogPluginManager: Mounting plugin XCodeSourceCodeAccess
LogPluginManager: Mounting plugin AssetManagerEditor
LogPluginManager: Mounting plugin CryptoKeys
LogPluginManager: Mounting plugin DataValidation
LogPluginManager: Mounting plugin FacialAnimation
LogPluginManager: Mounting plugin GameplayTagsEditor
LogPluginManager: Mounting plugin MacGraphicsSwitching
LogPluginManager: Mounting plugin MeshEditor
LogPluginManager: Mounting plugin MobileLauncherProfileWizard
LogPluginManager: Mounting plugin PluginBrowser
LogPluginManager: Mounting plugin SpeedTreeImporter
LogPluginManager: Mounting plugin DatasmithContent
LogPluginManager: Mounting plugin AlembicImporter
LogPluginManager: Mounting plugin AppleImageUtils
LogPluginManager: Mounting plugin AppleVision
LogPluginManager: Mounting plugin BackChannel
LogPluginManager: Mounting plugin CharacterAI
LogPluginManager: Mounting plugin GeometryCache
LogPluginManager: Mounting plugin HTML5Networking
LogPluginManager: Mounting plugin ProxyLODPlugin
LogPluginManager: Mounting plugin MagicLeap
LogPluginManager: Mounting plugin MagicLeapEmulator
LogPluginManager: Mounting plugin MagicLeapMedia
LogPluginManager: Mounting plugin AndroidMedia
LogPluginManager: Mounting plugin AvfMedia
LogPluginManager: Mounting plugin ImgMedia
LogPluginManager: Mounting plugin LinearTimecode
LogPluginManager: Mounting plugin MediaCompositing
LogPluginManager: Mounting plugin MediaPlayerEditor
LogPluginManager: Mounting plugin WmfMedia
LogPluginManager: Mounting plugin TcpMessaging
LogPluginManager: Mounting plugin UdpMessaging
LogPluginManager: Mounting plugin ActorSequence
LogPluginManager: Mounting plugin LevelSequenceEditor
LogPluginManager: Mounting plugin MatineeToLevelSequence
LogPluginManager: Mounting plugin NetcodeUnitTest
LogPluginManager: Mounting plugin NUTUnrealEngine4
LogPluginManager: Mounting plugin OnlineSubsystemGooglePlay
LogPluginManager: Mounting plugin OnlineSubsystemIOS
LogPluginManager: Mounting plugin OnlineSubsystem
LogPluginManager: Mounting plugin OnlineSubsystemNull
LogPluginManager: Mounting plugin OnlineSubsystemUtils
LogPluginManager: Mounting plugin LauncherChunkInstaller
LogPluginManager: Mounting plugin AndroidDeviceProfileSelector
LogPluginManager: Mounting plugin AndroidMoviePlayer
LogPluginManager: Mounting plugin AndroidPermission
LogPluginManager: Mounting plugin AppleMoviePlayer
LogPluginManager: Mounting plugin ArchVisCharacter
LogPluginManager: Mounting plugin AudioCapture
LogPluginManager: Mounting plugin CableComponent
LogPluginManager: Mounting plugin CustomMeshComponent
LogPluginManager: Mounting plugin EditableMesh
LogPluginManager: Mounting plugin ExampleDeviceProfileSelector
LogPluginManager: Mounting plugin GoogleCloudMessaging
LogPluginManager: Mounting plugin ImmediatePhysics
LogPluginManager: Mounting plugin IOSDeviceProfileSelector
LogPluginManager: Mounting plugin LinuxDeviceProfileSelector
LogPluginManager: Mounting plugin LocationServicesBPLibrary
LogPluginManager: Mounting plugin MobilePatchingUtils
LogPluginManager: Mounting plugin OculusVR
LogPluginManager: Plugin shader directory ../../../Engine/Plugins/Runtime/Oculus/OculusVR/Shaders found
LogPluginManager: Mapping shader source directory ../../../Engine/Plugins/Runtime/Oculus/OculusVR/Shaders to virtual directory /Plugin/OculusVR
LogPluginManager: Mounting plugin PhysXVehicles
LogPluginManager: Mounting plugin ProceduralMeshComponent
LogPluginManager: Mounting plugin RuntimePhysXCooking
LogPluginManager: Mounting plugin SteamVR
LogPluginManager: Mounting plugin WindowsMoviePlayer
LogStreaming: Display: Took  0.236s to configure plugins.
LogInit: Using libcurl 7.55.1-DEV
LogInit:  - built for x86_64-pc-win32
LogInit:  - supports SSL with OpenSSL/1.0.2h
LogInit:  - supports HTTP deflate (compression) using libz 1.2.8
LogInit:  - other features:
LogInit:      CURL_VERSION_SSL
LogInit:      CURL_VERSION_LIBZ
LogInit:      CURL_VERSION_IPV6
LogInit:      CURL_VERSION_ASYNCHDNS
LogInit:      CURL_VERSION_LARGEFILE
LogInit:      CURL_VERSION_IDN
LogInit:  CurlRequestOptions (configurable via config and command line):
LogInit:  - bVerifyPeer = false  - Libcurl will NOT verify peer certificate
LogInit:  - bUseHttpProxy = false  - Libcurl will NOT use HTTP proxy
LogInit:  - bDontReuseConnections = false  - Libcurl will reuse connections
LogInit:  - CertBundlePath = nullptr  - Libcurl will use whatever was configured at build time.
LogInit:  - MaxHostConnections = 16  - Libcurl will limit the number of connections to a host
LogInit:  - LocalHostAddr = Default
LogInit:  - BufferSize = 65536
LogInit: WinSock: version 1.1 (2.2), MaxSocks=32767, MaxUdp=65467
LogInit: Build: ++UE4+Release-4.20-CL-4369336
LogInit: Engine Version: 4.20.3-4369336+++UE4+Release-4.20
LogInit: Compatible Engine Version: 4.20.0-4212847+++UE4+Release-4.20
LogInit: Net CL: 4212847
LogInit: OS: Windows 10 (), CPU: AMD FX(tm)-8320 Eight-Core Processor           , GPU: AMD Radeon HD 7800 Series
LogInit: Compiled (64-bit): Sep 17 2018 12:26:19
LogInit: Compiled with Visual C++: 19.13.26129.00
LogInit: Build Configuration: Development
LogInit: Branch Name: ++UE4+Release-4.20
LogInit: Command Line:  -skipcompile
LogInit: Base Directory: C:/Program Files/Epic Games/UE_4.20/Engine/Binaries/Win64/
LogInit: Installed Engine Build: 1
LogDevObjectVersion: Number of dev versions registered: 20
LogDevObjectVersion:   Dev-Blueprints (B0D832E4-1F89-4F0D-ACCF-7EB736FD4AA2): 10
LogDevObjectVersion:   Dev-Build (E1C64328-A22C-4D53-A36C-8E866417BD8C): 0
LogDevObjectVersion:   Dev-Core (375EC13C-06E4-48FB-B500-84F0262A717E): 2
LogDevObjectVersion:   Dev-Editor (E4B068ED-F494-42E9-A231-DA0B2E46BB41): 24
LogDevObjectVersion:   Dev-Framework (CFFC743F-43B0-4480-9391-14DF171D2073): 34
LogDevObjectVersion:   Dev-Mobile (B02B49B5-BB20-44E9-A304-32B752E40360): 2
LogDevObjectVersion:   Dev-Networking (A4E4105C-59A1-49B5-A7C5-40C4547EDFEE): 0
LogDevObjectVersion:   Dev-Online (39C831C9-5AE6-47DC-9A44-9C173E1C8E7C): 0
LogDevObjectVersion:   Dev-Physics (78F01B33-EBEA-4F98-B9B4-84EACCB95AA2): 0
LogDevObjectVersion:   Dev-Platform (6631380F-2D4D-43E0-8009-CF276956A95A): 0
LogDevObjectVersion:   Dev-Rendering (12F88B9F-8875-4AFC-A67C-D90C383ABD29): 26
LogDevObjectVersion:   Dev-Sequencer (7B5AE74C-D270-4C10-A958-57980B212A5A): 9
LogDevObjectVersion:   Dev-VR (D7296918-1DD6-4BDD-9DE2-64A83CC13884): 2
LogDevObjectVersion:   Dev-LoadTimes (C2A15278-BFE7-4AFE-6C17-90FF531DF755): 1
LogDevObjectVersion:   Private-Geometry (6EACA3D4-40EC-4CC1-B786-8BED09428FC5): 3
LogDevObjectVersion:   Dev-AnimPhys (29E575DD-E0A3-4627-9D10-D276232CDCEA): 17
LogDevObjectVersion:   Dev-ReflectionCapture (6B266CEC-1EC7-4B8F-A30B-E4D90942FC07): 1
LogDevObjectVersion:   Dev-Automation (0DF73D61-A23F-47EA-B727-89E90C41499A): 1
LogDevObjectVersion:   FortniteMain (601D1886-AC64-4F84-AA16-D3DE0DEAC7D6): 12
LogDevObjectVersion:   Dev-Enterprise (9DFFBCD6-494F-0158-E221-12823C92A888): 1
LogStreaming: Display: Took  0.004s to delete old logs.
LogInit: Presizing for max 8388607 objects, including 0 objects not considered by GC, pre-allocating 0 bytes for permanent pool.
LogInit: Object subsystem initialized
[2018.12.30-19.59.14:021][  0]LogInit: Selected Device Profile: [Windows]
[2018.12.30-19.59.14:021][  0]LogInit: Applying CVar settings loaded from the selected device profile: [Windows]
[2018.12.30-19.59.14:038][  0]LogHAL: Display: Platform has ~ 16 GB [17160523776 / 17179869184 / 16], which maps to Larger [LargestMinGB=32, LargerMinGB=12, DefaultMinGB=8, SmallerMinGB=6, SmallestMinGB=0)
[2018.12.30-19.59.14:038][  0]LogInit: Setting Device Profile CVar: [[r.Vulkan.UseRealUBs:1]]
[2018.12.30-19.59.14:038][  0]LogInit: Going up to parent DeviceProfile []
[2018.12.30-19.59.14:039][  0]LogInit: Computer: DESKTOP-OK86UV6
[2018.12.30-19.59.14:039][  0]LogInit: User: cynic
[2018.12.30-19.59.14:039][  0]LogInit: CPU Page size=4096, Cores=4
[2018.12.30-19.59.14:039][  0]LogInit: High frequency timer resolution =3.433155 MHz
[2018.12.30-19.59.14:040][  0]LogMemory: Memory total: Physical=16.0GB (16GB approx)
[2018.12.30-19.59.14:040][  0]LogMemory: Platform Memory Stats for Windows
[2018.12.30-19.59.14:040][  0]LogMemory: Process Physical Memory: 101.96 MB used, 101.96 MB peak
[2018.12.30-19.59.14:040][  0]LogMemory: Process Virtual Memory: 89.29 MB used, 89.29 MB peak
[2018.12.30-19.59.14:040][  0]LogMemory: Physical Memory: 6345.12 MB used,  10020.43 MB free, 16365.55 MB total
[2018.12.30-19.59.14:040][  0]LogMemory: Virtual Memory: 4624.50 MB used,  10020.43 MB free, 134217728.00 MB total
[2018.12.30-19.59.14:200][  0]LogInit: Using OS detected language (en-GB).
[2018.12.30-19.59.14:200][  0]LogInit: Using OS detected locale (en-GB).
[2018.12.30-19.59.14:202][  0]LogTextLocalizationManager: No specific localization for 'en-GB' exists, so the 'en' localization will be used.
[2018.12.30-19.59.14:714][  0]LogStreaming: Display: Took  0.514s to InitEngineTextLocalization.
[2018.12.30-19.59.14:714][  0]LogInit: Setting process to per monitor DPI aware
[2018.12.30-19.59.14:832][  0]LogSlate: New Slate User Created.  User Index 0, Is Virtual User: 0
[2018.12.30-19.59.14:832][  0]LogSlate: Slate User Registered.  User Index 0, Is Virtual User: 0
[2018.12.30-19.59.15:270][  0]LogHMD: Failed to initialize OpenVR with code 105
[2018.12.30-19.59.15:270][  0]LogD3D11RHI: D3D11 adapters:
[2018.12.30-19.59.15:323][  0]LogD3D11RHI:    0. 'AMD Radeon HD 7800 Series' (Feature Level 11_0)
[2018.12.30-19.59.15:323][  0]LogD3D11RHI:       2028/0/8182 MB DedicatedVideo/DedicatedSystem/SharedSystem, Outputs:2, VendorId:0x1002
[2018.12.30-19.59.15:330][  0]LogD3D11RHI:    1. 'Microsoft Basic Render Driver' (Feature Level 11_0)
[2018.12.30-19.59.15:330][  0]LogD3D11RHI:       0/0/8182 MB DedicatedVideo/DedicatedSystem/SharedSystem, Outputs:0, VendorId:0x1414
[2018.12.30-19.59.15:331][  0]LogD3D11RHI: Chosen D3D11 Adapter: 0
[2018.12.30-19.59.15:341][  0]LogD3D11RHI: Creating new Direct3DDevice
[2018.12.30-19.59.15:341][  0]LogD3D11RHI:     GPU DeviceId: 0x6818 (for the marketing name, search the web for "GPU Device Id")
[2018.12.30-19.59.15:341][  0]LogWindows: EnumDisplayDevices:
[2018.12.30-19.59.15:341][  0]LogWindows:    0. 'AMD Radeon HD 7800 Series' (P:0 D:1)
[2018.12.30-19.59.15:342][  0]LogWindows:    1. 'AMD Radeon HD 7800 Series' (P:1 D:1)
[2018.12.30-19.59.15:343][  0]LogWindows:    2. 'AMD Radeon HD 7800 Series' (P:0 D:0)
[2018.12.30-19.59.15:344][  0]LogWindows:    3. 'AMD Radeon HD 7800 Series' (P:0 D:0)
[2018.12.30-19.59.15:344][  0]LogWindows:    4. 'AMD Radeon HD 7800 Series' (P:0 D:0)
[2018.12.30-19.59.15:345][  0]LogWindows:    5. 'AMD Radeon HD 7800 Series' (P:0 D:0)
[2018.12.30-19.59.15:346][  0]LogWindows:    6. 'AMD Radeon HD 7800 Series' (P:0 D:0)
[2018.12.30-19.59.15:347][  0]LogWindows:    7. 'AMD Radeon HD 7800 Series' (P:0 D:0)
[2018.12.30-19.59.15:348][  0]LogWindows:    8. 'AMD Radeon HD 7800 Series' (P:0 D:0)
[2018.12.30-19.59.15:349][  0]LogWindows:    9. 'AMD Radeon HD 7800 Series' (P:0 D:0)
[2018.12.30-19.59.15:350][  0]LogWindows:    10. 'AMD Radeon HD 7800 Series' (P:0 D:0)
[2018.12.30-19.59.15:350][  0]LogWindows:    11. 'AMD Radeon HD 7800 Series' (P:0 D:0)
[2018.12.30-19.59.15:351][  0]LogWindows:    12. 'AMD Radeon HD 7800 Series' (P:0 D:0)
[2018.12.30-19.59.15:352][  0]LogWindows:    13. 'AMD Radeon HD 7800 Series' (P:0 D:0)
[2018.12.30-19.59.15:353][  0]LogWindows:    14. 'AMD Radeon HD 7800 Series' (P:0 D:0)
[2018.12.30-19.59.15:354][  0]LogWindows:    15. 'AMD Radeon HD 7800 Series' (P:0 D:0)
[2018.12.30-19.59.15:354][  0]LogWindows: DebugString: FoundDriverCount:16 
[2018.12.30-19.59.15:354][  0]LogD3D11RHI:     Adapter Name: AMD Radeon HD 7800 Series
[2018.12.30-19.59.15:354][  0]LogD3D11RHI:   Driver Version: Adrenalin 18.5.1 (internal:24.20.11016.4, unified:24.20.11016.4)
[2018.12.30-19.59.15:355][  0]LogD3D11RHI:      Driver Date: 5-16-2018
[2018.12.30-19.59.15:355][  0]LogRHI: Texture pool is 1419 MB (70% of 2028 MB)
[2018.12.30-19.59.15:463][  0]LogD3D11RHI: Async texture creation enabled
[2018.12.30-19.59.15:477][  0]LogD3D11RHI: GPU Timing Frequency: 27.000000 (Debug: 2 1)
[2018.12.30-19.59.15:479][  0]LogShaderCompilers: Guid format shader working directory is 6 characters bigger than the processId version (E:/Github Work/FightingGame/FightingGame/Intermediate/Shaders/WorkingDirectory/7760/).
[2018.12.30-19.59.15:479][  0]LogShaderCompilers: Cleaned the shader compiler working directory 'C:/Users/cynic/AppData/Local/Temp/UnrealShaderWorkingDir/E47A5D06419659CD7E730D8B2F171C41/'.
[2018.12.30-19.59.15:901][  0]LogTemp: Display: Loaded TP AllDesktopTargetPlatform
[2018.12.30-19.59.15:929][  0]LogTemp: Display: Loaded TP MacClientTargetPlatform
[2018.12.30-19.59.15:957][  0]LogTemp: Display: Loaded TP MacNoEditorTargetPlatform
[2018.12.30-19.59.15:987][  0]LogTemp: Display: Loaded TP MacServerTargetPlatform
[2018.12.30-19.59.16:022][  0]LogTemp: Display: Loaded TP MacTargetPlatform
[2018.12.30-19.59.16:048][  0]LogTemp: Display: Loaded TP WindowsClientTargetPlatform
[2018.12.30-19.59.16:079][  0]LogTemp: Display: Loaded TP WindowsNoEditorTargetPlatform
[2018.12.30-19.59.16:107][  0]LogTemp: Display: Loaded TP WindowsServerTargetPlatform
[2018.12.30-19.59.16:122][  0]LogTemp: Display: Loaded TP WindowsTargetPlatform
[2018.12.30-19.59.16:275][  0]LogTemp: Display: Loaded TP AndroidTargetPlatform
[2018.12.30-19.59.16:275][  0]LogTemp: Display: Loaded TP AndroidTargetPlatform
[2018.12.30-19.59.16:275][  0]LogTemp: Display: Loaded TP AndroidTargetPlatform
[2018.12.30-19.59.16:276][  0]LogTemp: Display: Loaded TP AndroidTargetPlatform
[2018.12.30-19.59.16:276][  0]LogTemp: Display: Loaded TP AndroidTargetPlatform
[2018.12.30-19.59.16:276][  0]LogTemp: Display: Loaded TP AndroidTargetPlatform
[2018.12.30-19.59.16:276][  0]LogTemp: Display: Loaded TP AndroidTargetPlatform
[2018.12.30-19.59.16:276][  0]LogTemp: Display: Loaded TP AndroidTargetPlatform
[2018.12.30-19.59.16:276][  0]LogTemp: Display: Loaded TP AndroidTargetPlatform
[2018.12.30-19.59.16:276][  0]LogTemp: Display: Loaded TP AndroidTargetPlatform
[2018.12.30-19.59.16:276][  0]LogTemp: Display: Loaded TP AndroidTargetPlatform
[2018.12.30-19.59.16:276][  0]LogTemp: Display: Loaded TP AndroidTargetPlatform
[2018.12.30-19.59.16:276][  0]LogTemp: Display: Loaded TP AndroidTargetPlatform
[2018.12.30-19.59.16:276][  0]LogTemp: Display: Loaded TP AndroidTargetPlatform
[2018.12.30-19.59.16:276][  0]LogTemp: Display: Loaded TP AndroidTargetPlatform
[2018.12.30-19.59.16:276][  0]LogTemp: Display: Loaded TP AndroidTargetPlatform
[2018.12.30-19.59.16:276][  0]LogTemp: Display: Loaded TP AndroidTargetPlatform
[2018.12.30-19.59.16:277][  0]LogTemp: Display: Loaded TP AndroidTargetPlatform
[2018.12.30-19.59.16:281][  0]LogTemp: Display: Loaded TP HTML5TargetPlatform
[2018.12.30-19.59.16:376][  0]LogTemp: Display: Loaded TP IOSTargetPlatform
[2018.12.30-19.59.16:376][  0]LogTemp: Display: Loaded TP IOSTargetPlatform
[2018.12.30-19.59.16:448][  0]LogTemp: Display: Loaded TP TVOSTargetPlatform
[2018.12.30-19.59.16:448][  0]LogTemp: Display: Loaded TP TVOSTargetPlatform
[2018.12.30-19.59.16:474][  0]LogTemp: Display: Loaded TP LinuxClientTargetPlatform
[2018.12.30-19.59.16:500][  0]LogTemp: Display: Loaded TP LinuxNoEditorTargetPlatform
[2018.12.30-19.59.16:529][  0]LogTemp: Display: Loaded TP LinuxServerTargetPlatform
[2018.12.30-19.59.16:557][  0]LogTemp: Display: Loaded TP LinuxTargetPlatform
[2018.12.30-19.59.16:579][  0]LogTemp: Display: Loaded TP LuminTargetPlatform
[2018.12.30-19.59.16:579][  0]LogTargetPlatformManager: Display: Building Assets For Windows
[2018.12.30-19.59.16:749][  0]LogXGEController: Cleaning working directory: C:/Users/cynic/AppData/Local/Temp/UnrealXGEWorkingDir/
[2018.12.30-19.59.16:750][  0]LogXGEController: Cannot use XGE Controller as Incredibuild is not installed on this machine.
[2018.12.30-19.59.16:750][  0]LogShaderCompilers: Cannot use XGE Shader Compiler as Incredibuild is not installed on this machine.
[2018.12.30-19.59.16:750][  0]LogShaderCompilers: Display: Using Local Shader Compiler.
[2018.12.30-19.59.18:223][  0]LogDerivedDataCache: Display: Max Cache Size: 512 MB
[2018.12.30-19.59.18:318][  0]LogDerivedDataCache: Loaded boot cache 0.09s 71MB C:/Users/cynic/AppData/Local/UnrealEngine/4.20/DerivedDataCache/Boot.ddc.
[2018.12.30-19.59.18:318][  0]LogDerivedDataCache: Display: Loaded Boot cache: C:/Users/cynic/AppData/Local/UnrealEngine/4.20/DerivedDataCache/Boot.ddc
[2018.12.30-19.59.18:319][  0]LogDerivedDataCache: FDerivedDataBackendGraph:  Pak pak cache file E:/Github Work/FightingGame/FightingGame/DerivedDataCache/DDC.ddp not found, will not use a pak cache.
[2018.12.30-19.59.18:319][  0]LogDerivedDataCache: Unable to find inner node Pak for hierarchical cache Hierarchy.
[2018.12.30-19.59.18:319][  0]LogDerivedDataCache: FDerivedDataBackendGraph:  CompressedPak pak cache file E:/Github Work/FightingGame/FightingGame/DerivedDataCache/Compressed.ddp not found, will not use a pak cache.
[2018.12.30-19.59.18:319][  0]LogDerivedDataCache: Unable to find inner node CompressedPak for hierarchical cache Hierarchy.
[2018.12.30-19.59.18:340][  0]LogDerivedDataCache: Display: Pak cache opened for reading ../../../Engine/DerivedDataCache/Compressed.ddp.
[2018.12.30-19.59.18:354][  0]LogDerivedDataCache: Using Local data cache path C:/Users/cynic/AppData/Local/UnrealEngine/Common/DerivedDataCache: Writable
[2018.12.30-19.59.18:354][  0]LogDerivedDataCache: Shared data cache path not found in *engine.ini, will not use an Shared cache.
[2018.12.30-19.59.18:354][  0]LogDerivedDataCache: Unable to find inner node Shared for hierarchical cache Hierarchy.
[2018.12.30-19.59.18:387][  0]LogMaterial: Verifying Global Shaders for PCD3D_SM5
[2018.12.30-19.59.18:389][  0]LogSlate: Using FreeType 2.6.0
[2018.12.30-19.59.18:390][  0]LogSlate: SlateFontServices - WITH_FREETYPE: 1, WITH_HARFBUZZ: 1
[2018.12.30-19.59.18:506][  0]LogAssetRegistry: FAssetRegistry took 0.0361 seconds to start up
[2018.12.30-19.59.19:158][  0]LogInit: Selected Device Profile: [Windows]
[2018.12.30-19.59.19:425][  0]LogSimplygon: Simplygon DLL not present - disabling.
[2018.12.30-19.59.19:437][  0]LogMeshReduction: Using SimplygonSwarm for distributed automatic mesh merging
[2018.12.30-19.59.19:437][  0]LogMeshReduction: Using ProxyLODMeshReduction for automatic mesh merging
[2018.12.30-19.59.19:437][  0]LogMeshReduction: Using QuadricMeshReduction for automatic static mesh reduction
[2018.12.30-19.59.19:438][  0]LogMeshReduction: No automatic skeletal mesh reduction module available
[2018.12.30-19.59.19:500][  0]LogNetVersion: FightingGame 1.0.0, NetCL: 4212847, EngineNetVer: 5, GameNetVer: 0 (Checksum: 156865789)
[2018.12.30-19.59.20:260][  0]LogPackageLocalizationCache: Processed 11 localized package path(s) for 2 prioritized culture(s) in 0.158986 seconds
[2018.12.30-19.59.20:269][  0]LogUObjectArray: 38425 objects as part of root set at end of initial load.
[2018.12.30-19.59.20:270][  0]LogUObjectAllocator: 6690872 out of 0 bytes used by permanent object pool.
[2018.12.30-19.59.20:270][  0]LogUObjectArray: CloseDisregardForGC: 0/0 objects in disregard for GC pool
[2018.12.30-19.59.21:864][  0]LogTcpMessaging: Initializing TcpMessaging bridge
[2018.12.30-19.59.21:883][  0]LogUdpMessaging: Initializing bridge on interface 0.0.0.0:0 to multicast group 230.0.0.1:6666.
[2018.12.30-19.59.22:170][  0]SourceControl: Source control is disabled
[2018.12.30-19.59.22:170][  0]SourceControl: Source control is disabled
[2018.12.30-19.59.22:175][  0]SourceControl: Source control is disabled
[2018.12.30-19.59.22:179][  0]SourceControl: Source control is disabled
[2018.12.30-19.59.22:469][  0]LogAndroidPermission: UAndroidPermissionCallbackProxy::GetInstance
[2018.12.30-19.59.22:682][  0]LogOcInput: OculusInput pre-init called
[2018.12.30-19.59.22:792][  0]LogEngine: Initializing Engine...
[2018.12.30-19.59.22:806][  0]LogHMD: Failed to initialize OpenVR with code 105
[2018.12.30-19.59.22:809][  0]LogStats: UGameplayTagsManager::ConstructGameplayTagTree: ImportINI prefixes -  0.000 s
[2018.12.30-19.59.22:809][  0]LogStats: UGameplayTagsManager::ConstructGameplayTagTree: Construct from data asset -  0.000 s
[2018.12.30-19.59.22:810][  0]LogStats: UGameplayTagsManager::ConstructGameplayTagTree: ImportINI -  0.000 s
[2018.12.30-19.59.22:810][  0]LogStats: UGameplayTagsManager::ConstructGameplayTagTree: GameplayTagTreeChangedEvent.Broadcast -  0.000 s
[2018.12.30-19.59.23:128][  0]LogInit: Initializing FReadOnlyCVARCache
[2018.12.30-19.59.23:157][  0]LogAIModule: Creating AISystem for world Untitled
[2018.12.30-19.59.23:231][  0]LogInit: XAudio2 using 'Headset Earphone (Razer ManO'War 7.1)' : 2 channels at 48 kHz using 16 bits per sample (channel mask 0x3)
[2018.12.30-19.59.23:308][  0]LogInit: FAudioDevice initialized.
[2018.12.30-19.59.23:309][  0]LogNetVersion: Set ProjectVersion to 1.0.0.0. Version Checksum will be recalculated on next use.
[2018.12.30-19.59.23:479][  0]LogDerivedDataCache: Saved boot cache 0.17s 71MB C:/Users/cynic/AppData/Local/UnrealEngine/4.20/DerivedDataCache/Boot.ddc.
[2018.12.30-19.59.23:495][  0]LogInit: Texture streaming: Enabled
[2018.12.30-19.59.23:541][  0]LogEngineSessionManager: EngineSessionManager initialized
[2018.12.30-19.59.23:541][  0]LogEngineSessionManager: EngineSessionManager sent abnormal shutdown report. Type=Crashed, SessionId={D2C80251-43CD-B612-8689-6D96B70410AD}
[2018.12.30-19.59.23:562][  0]LogInit: Transaction tracking system initialized
[2018.12.30-19.59.23:619][  0]BlueprintLog: New page: Editor Load
[2018.12.30-19.59.23:806][  0]LocalizationService: Localization service is disabled
[2018.12.30-19.59.23:914][  0]LogLinker: Warning: Can't find file '/Game/TopDownBP/TopDownOverview'
[2018.12.30-19.59.23:914][  0]LogLinker: Warning: Can't find file '/Game/TopDownBP/TopDownOverview'
[2018.12.30-19.59.23:914][  0]LogUObjectGlobals: Warning: Failed to find object 'Class /Game/TopDownBP/TopDownOverview.TopDownOverview_C'
[2018.12.30-19.59.24:232][  0]LogCook: Display: Max memory allowance for cook 16384mb min free memory 0mb
[2018.12.30-19.59.24:232][  0]LogCook: Display: Mobile HDR setting 1
[2018.12.30-19.59.24:232][  0]LogGameplayTags: Display: UGameplayTagsManager::DoneAddingNativeTags. DelegateIsBound: 0
[2018.12.30-19.59.24:233][  0]LogStats: UGameplayTagsManager::ConstructGameplayTagTree: ImportINI prefixes -  0.000 s
[2018.12.30-19.59.24:233][  0]LogStats: UGameplayTagsManager::ConstructGameplayTagTree: Construct from data asset -  0.000 s
[2018.12.30-19.59.24:233][  0]LogStats: UGameplayTagsManager::ConstructGameplayTagTree: ImportINI -  0.000 s
[2018.12.30-19.59.24:234][  0]LogStats: UGameplayTagsManager::ConstructGameplayTagTree: GameplayTagTreeChangedEvent.Broadcast -  0.000 s
[2018.12.30-19.59.24:507][  0]LogFileCache: Scanning file cache for directory 'E:/Github Work/FightingGame/FightingGame/Content/' took 0.03s
[2018.12.30-19.59.24:507][  0]SourceControl: Source control is disabled
[2018.12.30-19.59.24:507][  0]Cmd: MAP LOAD FILE="E:/Github Work/FightingGame/FightingGame/Content/StarterContent/Maps/Minimal_Default.umap" TEMPLATE=0 SHOWPROGRESS=1 FEATURELEVEL=3
[2018.12.30-19.59.24:508][  0]LightingResults: New page: Lighting Build
[2018.12.30-19.59.24:514][  0]MapCheck: New page: Map Check
[2018.12.30-19.59.24:514][  0]LightingResults: New page: Lighting Build
[2018.12.30-19.59.24:881][  0]LogBlueprint: Warning: [Compiler PlayerManager_BP] 'Player Base' does not inherit from 'Player Controller' ( Cast To Player_Base  would always fail).
[2018.12.30-19.59.24:881][  0]LogBlueprint: Warning: [Compiler PlayerManager_BP] 'Player Base' does not inherit from 'Player Controller' ( Cast To Player_Base  would always fail).
[2018.12.30-19.59.24:884][  0]LogBlueprint: Warning: [Compiler PlayerManager_BP] [0014.97] Compile of PlayerManager_BP successful, but with 2 Warning(s) [in 7 ms] (/Game/PlayerManager_BP.PlayerManager_BP)
[2018.12.30-19.59.25:225][  0]LogAIModule: Creating AISystem for world Minimal_Default
[2018.12.30-19.59.25:245][  0]LogEditorServer: Finished looking for orphan Actors (0.000 secs)
[2018.12.30-19.59.25:368][  0]Cmd: MAP CHECKDEP NOCLEARLOG
[2018.12.30-19.59.25:525][  0]MapCheck: Map check complete: 0 Error(s), 0 Warning(s), took 156.425ms to complete.
[2018.12.30-19.59.25:525][  0]LogFileHelpers: Loading map 'Minimal_Default' took 1.018
[2018.12.30-19.59.25:801][  0]LogSlate: Updating window title bar state: overlay mode, drag disabled, window buttons hidden, title bar hidden
[2018.12.30-19.59.25:814][  0]LogSlate: Updating window title bar state: overlay mode, drag disabled, window buttons hidden, title bar hidden
[2018.12.30-19.59.25:826][  0]LogSlate: Updating window title bar state: overlay mode, drag disabled, window buttons hidden, title bar hidden
[2018.12.30-19.59.25:837][  0]LogSlate: Updating window title bar state: overlay mode, drag disabled, window buttons hidden, title bar hidden
[2018.12.30-19.59.25:852][  0]LogCollectionManager: Loaded 0 collections in 0.004118 seconds
[2018.12.30-19.59.25:947][  0]LogFileCache: Scanning file cache for directory 'E:/Github Work/FightingGame/FightingGame/Saved/Collections/' took 0.01s
[2018.12.30-19.59.25:948][  0]LogFileCache: Scanning file cache for directory 'E:/Github Work/FightingGame/FightingGame/Content/Developers/cynic/Collections/' took 0.01s
[2018.12.30-19.59.25:948][  0]LogFileCache: Scanning file cache for directory 'E:/Github Work/FightingGame/FightingGame/Content/Collections/' took 0.01s
[2018.12.30-19.59.25:948][  0]LogCollectionManager: Rebuilt the GUID cache for 0 collections in 0.000000 seconds
[2018.12.30-19.59.25:970][  0]LogContentBrowser: Native class hierarchy populated in 0.0213 seconds. Added 2577 classes and 605 folders.
[2018.12.30-19.59.25:983][  0]LogContentBrowser: Native class hierarchy updated for 'WidgetCarousel' in 0.0008 seconds. Added 0 classes and 0 folders.
[2018.12.30-19.59.26:103][  0]LogContentBrowser: Native class hierarchy updated for 'AddContentDialog' in 0.0008 seconds. Added 0 classes and 0 folders.
[2018.12.30-19.59.26:114][  0]LogContentBrowser: Native class hierarchy updated for 'SceneOutliner' in 0.0009 seconds. Added 1 classes and 2 folders.
[2018.12.30-19.59.26:138][  0]LogSlate: Took 0.000367 seconds to synchronously load lazily loaded font '../../../Engine/Content/Slate/Fonts/Roboto-Regular.ttf' (155K)
[2018.12.30-19.59.26:141][  0]LogSlate: Took 0.000359 seconds to synchronously load lazily loaded font '../../../Engine/Content/Slate/Fonts/Roboto-Bold.ttf' (160K)
[2018.12.30-19.59.26:150][  0]LogSlate: Took 0.000389 seconds to synchronously load lazily loaded font '../../../Engine/Content/Editor/Slate/Fonts/FontAwesome.ttf' (139K)
[2018.12.30-19.59.26:273][  0]LogRenderer: Reallocating scene render targets to support 1208x576 Format 10 NumSamples 1 (Frame:1).
[2018.12.30-19.59.26:386][  0]LogSlate: Took 0.000317 seconds to synchronously load lazily loaded font '../../../Engine/Content/Slate/Fonts/Roboto-Light.ttf' (167K)
[2018.12.30-19.59.26:510][  0]LogContentBrowser: Native class hierarchy updated for 'HierarchicalLODOutliner' in 0.0011 seconds. Added 0 classes and 0 folders.
[2018.12.30-19.59.26:510][  0]LogLoad: (Engine Initialization) Total time: 16.60 seconds
[2018.12.30-19.59.26:510][  0]LogLoad: (Engine Initialization) Total Blueprint compile time: 0.00 seconds
[2018.12.30-19.59.26:521][  0]LogWindowsTextInputMethodSystem: Display: IME system now deactivated.
[2018.12.30-19.59.26:547][  0]LogContentStreaming: Texture pool size now 1000 MB
[2018.12.30-19.59.26:643][  2]LogAssetRegistry: Asset discovery search completed in 8.1635 seconds
[2018.12.30-19.59.26:646][  2]LogCollectionManager: Rebuilt the object cache for 0 collections in 0.000001 seconds (found 0 objects)
[2018.12.30-19.59.26:647][  2]LogCollectionManager: Fixed up redirectors for 0 collections in 0.000274 seconds (updated 0 objects)
[2018.12.30-19.59.33:284][775]LogEditorViewport: Clicking on Actor (LMB): BP_Sky_Sphere_C (BP_Sky_Sphere)
[2018.12.30-19.59.34:695][897]LogSlate: FSceneViewport::OnFocusLost() reason 0
[2018.12.30-19.59.34:784][907]LogTemp: Repeating last play command: Selected Viewport
[2018.12.30-19.59.34:812][907]LogBlueprintUserMessages: Early PlayInEditor Detection: Level '/Game/StarterContent/Maps/Minimal_Default.Minimal_Default:PersistentLevel' has LevelScriptBlueprint '/Game/StarterContent/Maps/Minimal_Default.Minimal_Default:PersistentLevel.Minimal_Default' with GeneratedClass '/Game/StarterContent/Maps/Minimal_Default.Minimal_Default_C' with ClassGeneratedBy '/Game/StarterContent/Maps/Minimal_Default.Minimal_Default:PersistentLevel.Minimal_Default'
[2018.12.30-19.59.34:813][907]LogPlayLevel: PlayLevel: No blueprints needed recompiling
[2018.12.30-19.59.34:828][907]PIE: New page: PIE session: Minimal_Default (30 Dec 2018 19:59:34)
[2018.12.30-19.59.34:828][907]LogPlayLevel: Creating play world package: /Game/StarterContent/Maps/UEDPIE_0_Minimal_Default
[2018.12.30-19.59.34:838][907]LogPlayLevel: PIE: StaticDuplicateObject took: (0.009129s)
[2018.12.30-19.59.34:839][907]LogAIModule: Creating AISystem for world Minimal_Default
[2018.12.30-19.59.34:840][907]LogPlayLevel: PIE: World Init took: (0.001414s)
[2018.12.30-19.59.34:840][907]LogPlayLevel: PIE: Created PIE world by copying editor world from /Game/StarterContent/Maps/Minimal_Default.Minimal_Default to /Game/StarterContent/Maps/UEDPIE_0_Minimal_Default.Minimal_Default (0.011306s)
[2018.12.30-19.59.35:012][907]LogInit: XAudio2 using 'Headset Earphone (Razer ManO'War 7.1)' : 2 channels at 48 kHz using 16 bits per sample (channel mask 0x3)
[2018.12.30-19.59.35:071][907]LogInit: FAudioDevice initialized.
[2018.12.30-19.59.35:472][907]LogLoad: Game class is 'FightingGameMode_C'
[2018.12.30-19.59.35:475][907]LogWorld: Bringing World /Game/StarterContent/Maps/UEDPIE_0_Minimal_Default.Minimal_Default up for play (max tick rate 0) at 2018.12.30-19.59.35
[2018.12.30-19.59.35:476][907]LogWorld: Bringing up level for play took: 0.001711
[2018.12.30-19.59.35:502][907]LogContentBrowser: Native class hierarchy updated for 'MovieSceneCapture' in 0.0009 seconds. Added 10 classes and 0 folders.
[2018.12.30-19.59.35:505][907]LogSlate: New Slate User Created.  User Index 1, Is Virtual User: 0
[2018.12.30-19.59.35:506][907]LogSlate: Slate User Registered.  User Index 1, Is Virtual User: 0
[2018.12.30-19.59.35:514][907]PIE: Play in editor start time for /Game/StarterContent/Maps/UEDPIE_0_Minimal_Default 1.431
[2018.12.30-19.59.35:514][907]LogBlueprintUserMessages: Late PlayInEditor Detection: Level '/Game/StarterContent/Maps/Minimal_Default.Minimal_Default:PersistentLevel' has LevelScriptBlueprint '/Game/StarterContent/Maps/Minimal_Default.Minimal_Default:PersistentLevel.Minimal_Default' with GeneratedClass '/Game/StarterContent/Maps/Minimal_Default.Minimal_Default_C' with ClassGeneratedBy '/Game/StarterContent/Maps/Minimal_Default.Minimal_Default:PersistentLevel.Minimal_Default'
[2018.12.30-19.59.47:644][250]LogCharacterMovement: Warning: GetSimulationTimeStep() - Max iterations 8 hit while remaining time 0.095427 > MaxSimulationTimeStep (0.050) for 'TestPlayer_C_0', movement 'Walking'
[2018.12.30-20.00.06:977][926]LogCharacterMovement: Warning: GetSimulationTimeStep() - Max iterations 8 hit while remaining time 0.096853 > MaxSimulationTimeStep (0.050) for 'TestPlayer_C_0', movement 'Walking'
[2018.12.30-20.00.20:438][297]LogCharacterMovement: Warning: GetSimulationTimeStep() - Max iterations 8 hit while remaining time 0.097658 > MaxSimulationTimeStep (0.050) for 'TestPlayer_C_0', movement 'Walking'
[2018.12.30-20.00.56:126][845]LogCharacterMovement: Warning: GetSimulationTimeStep() - Max iterations 8 hit while remaining time 0.095302 > MaxSimulationTimeStep (0.050) for 'TestPlayer_C_0', movement 'Walking'
[2018.12.30-20.02.13:088][249]LogCharacterMovement: Warning: GetSimulationTimeStep() - Max iterations 8 hit while remaining time 0.055274 > MaxSimulationTimeStep (0.050) for 'TestPlayer_C_0', movement 'Walking'
[2018.12.30-20.02.26:569][240]LogCharacterMovement: Warning: GetSimulationTimeStep() - Max iterations 8 hit while remaining time 0.094656 > MaxSimulationTimeStep (0.050) for 'TestPlayer_C_0', movement 'Walking'
[2018.12.30-20.02.34:522][ 75]LogBlueprintUserMessages: Early EndPlayMap Detection: Level '/Game/StarterContent/Maps/Minimal_Default.Minimal_Default:PersistentLevel' has LevelScriptBlueprint '/Game/StarterContent/Maps/Minimal_Default.Minimal_Default:PersistentLevel.Minimal_Default' with GeneratedClass '/Game/StarterContent/Maps/Minimal_Default.Minimal_Default_C' with ClassGeneratedBy '/Game/StarterContent/Maps/Minimal_Default.Minimal_Default:PersistentLevel.Minimal_Default'
[2018.12.30-20.02.34:523][ 75]LogSlate: Updating window title bar state: overlay mode, drag disabled, window buttons hidden, title bar hidden
[2018.12.30-20.02.34:568][ 75]LogPlayLevel: Display: Shutting down PIE online subsystems
[2018.12.30-20.02.34:568][ 75]LogBlueprintUserMessages: Late EndPlayMap Detection: Level '/Game/StarterContent/Maps/Minimal_Default.Minimal_Default:PersistentLevel' has LevelScriptBlueprint '/Game/StarterContent/Maps/Minimal_Default.Minimal_Default:PersistentLevel.Minimal_Default' with GeneratedClass '/Game/StarterContent/Maps/Minimal_Default.Minimal_Default_C' with ClassGeneratedBy '/Game/StarterContent/Maps/Minimal_Default.Minimal_Default:PersistentLevel.Minimal_Default'
[2018.12.30-20.02.34:688][ 75]LogSlate: Updating window title bar state: overlay mode, drag disabled, window buttons hidden, title bar hidden
[2018.12.30-20.02.34:705][ 76]LogPlayLevel: Display: Destroying online subsystem :Context_1
[2018.12.30-20.02.36:710][314]LogEditorViewport: Clicking on Actor (LMB): OutOfBounds_C (OutOfBounds2)
[2018.12.30-20.02.39:254][601]LogEditorViewport: Clicking on Actor (LMB): OutOfBounds_C (OutOfBounds3)
[2018.12.30-20.02.40:329][720]LogEditorViewport: Clicking on Actor (LMB): OutOfBounds_C (OutOfBounds)
[2018.12.30-20.02.41:674][870]LogEditorViewport: Clicking on Actor (LMB): OutOfBounds_C (OutOfBounds4)
[2018.12.30-20.02.58:789][299]LogSlate: FSceneViewport::OnFocusLost() reason 0
[2018.12.30-20.02.59:153][337]LogTemp: Repeating last play command: Selected Viewport
[2018.12.30-20.02.59:177][337]LogBlueprintUserMessages: Early PlayInEditor Detection: Level '/Game/StarterContent/Maps/Minimal_Default.Minimal_Default:PersistentLevel' has LevelScriptBlueprint '/Game/StarterContent/Maps/Minimal_Default.Minimal_Default:PersistentLevel.Minimal_Default' with GeneratedClass '/Game/StarterContent/Maps/Minimal_Default.Minimal_Default_C' with ClassGeneratedBy '/Game/StarterContent/Maps/Minimal_Default.Minimal_Default:PersistentLevel.Minimal_Default'
[2018.12.30-20.02.59:178][337]LogPlayLevel: PlayLevel: No blueprints needed recompiling
[2018.12.30-20.02.59:178][337]PIE: New page: PIE session: Minimal_Default (30 Dec 2018 20:02:59)
[2018.12.30-20.02.59:178][337]LogPlayLevel: Creating play world package: /Game/StarterContent/Maps/UEDPIE_0_Minimal_Default
[2018.12.30-20.02.59:184][337]LogPlayLevel: PIE: StaticDuplicateObject took: (0.005849s)
[2018.12.30-20.02.59:186][337]LogAIModule: Creating AISystem for world Minimal_Default
[2018.12.30-20.02.59:186][337]LogPlayLevel: PIE: World Init took: (0.001833s)
[2018.12.30-20.02.59:186][337]LogPlayLevel: PIE: Created PIE world by copying editor world from /Game/StarterContent/Maps/Minimal_Default.Minimal_Default to /Game/StarterContent/Maps/UEDPIE_0_Minimal_Default.Minimal_Default (0.008279s)
[2018.12.30-20.02.59:352][337]LogInit: XAudio2 using 'Headset Earphone (Razer ManO'War 7.1)' : 2 channels at 48 kHz using 16 bits per sample (channel mask 0x3)
[2018.12.30-20.02.59:410][337]LogInit: FAudioDevice initialized.
[2018.12.30-20.02.59:451][337]LogLoad: Game class is 'FightingGameMode_C'
[2018.12.30-20.02.59:453][337]LogWorld: Bringing World /Game/StarterContent/Maps/UEDPIE_0_Minimal_Default.Minimal_Default up for play (max tick rate 0) at 2018.12.30-20.02.59
[2018.12.30-20.02.59:454][337]LogWorld: Bringing up level for play took: 0.001734
[2018.12.30-20.02.59:474][337]PIE: Play in editor start time for /Game/StarterContent/Maps/UEDPIE_0_Minimal_Default -0.609
[2018.12.30-20.02.59:475][337]LogBlueprintUserMessages: Late PlayInEditor Detection: Level '/Game/StarterContent/Maps/Minimal_Default.Minimal_Default:PersistentLevel' has LevelScriptBlueprint '/Game/StarterContent/Maps/Minimal_Default.Minimal_Default:PersistentLevel.Minimal_Default' with GeneratedClass '/Game/StarterContent/Maps/Minimal_Default.Minimal_Default_C' with ClassGeneratedBy '/Game/StarterContent/Maps/Minimal_Default.Minimal_Default:PersistentLevel.Minimal_Default'
[2018.12.30-20.03.09:927][763]LogCharacterMovement: Warning: GetSimulationTimeStep() - Max iterations 8 hit while remaining time 0.096651 > MaxSimulationTimeStep (0.050) for 'TestPlayer_C_0', movement 'Walking'
[2018.12.30-20.04.04:452][134]LogBlueprintUserMessages: Early EndPlayMap Detection: Level '/Game/StarterContent/Maps/Minimal_Default.Minimal_Default:PersistentLevel' has LevelScriptBlueprint '/Game/StarterContent/Maps/Minimal_Default.Minimal_Default:PersistentLevel.Minimal_Default' with GeneratedClass '/Game/StarterContent/Maps/Minimal_Default.Minimal_Default_C' with ClassGeneratedBy '/Game/StarterContent/Maps/Minimal_Default.Minimal_Default:PersistentLevel.Minimal_Default'
[2018.12.30-20.04.04:453][134]LogSlate: Updating window title bar state: overlay mode, drag disabled, window buttons hidden, title bar hidden
[2018.12.30-20.04.04:497][134]LogPlayLevel: Display: Shutting down PIE online subsystems
[2018.12.30-20.04.04:497][134]LogBlueprintUserMessages: Late EndPlayMap Detection: Level '/Game/StarterContent/Maps/Minimal_Default.Minimal_Default:PersistentLevel' has LevelScriptBlueprint '/Game/StarterContent/Maps/Minimal_Default.Minimal_Default:PersistentLevel.Minimal_Default' with GeneratedClass '/Game/StarterContent/Maps/Minimal_Default.Minimal_Default_C' with ClassGeneratedBy '/Game/StarterContent/Maps/Minimal_Default.Minimal_Default:PersistentLevel.Minimal_Default'
[2018.12.30-20.04.04:601][134]LogSlate: Updating window title bar state: overlay mode, drag disabled, window buttons hidden, title bar hidden
[2018.12.30-20.04.04:630][135]LogPlayLevel: Display: Destroying online subsystem :Context_3
